[2024-04-02 19:43:49,868] {taskinstance.py:1159} INFO - Dependencies all met for <TaskInstance: TwitterDAG.twitter_datascience scheduled__2024-04-01T00:00:00+00:00 [queued]>
[2024-04-02 19:43:49,871] {taskinstance.py:1159} INFO - Dependencies all met for <TaskInstance: TwitterDAG.twitter_datascience scheduled__2024-04-01T00:00:00+00:00 [queued]>
[2024-04-02 19:43:49,871] {taskinstance.py:1356} INFO - 
--------------------------------------------------------------------------------
[2024-04-02 19:43:49,871] {taskinstance.py:1357} INFO - Starting attempt 1 of 1
[2024-04-02 19:43:49,871] {taskinstance.py:1358} INFO - 
--------------------------------------------------------------------------------
[2024-04-02 19:43:49,876] {taskinstance.py:1377} INFO - Executing <Task(TwitterOperator): twitter_datascience> on 2024-04-01 00:00:00+00:00
[2024-04-02 19:43:49,881] {standard_task_runner.py:52} INFO - Started process 11811 to run task
[2024-04-02 19:43:49,884] {standard_task_runner.py:79} INFO - Running: ['airflow', 'tasks', 'run', 'TwitterDAG', 'twitter_datascience', 'scheduled__2024-04-01T00:00:00+00:00', '--job-id', '4', '--raw', '--subdir', 'DAGS_FOLDER/twitter_dag.py', '--cfg-path', '/var/folders/y3/32d8rgld21v4fxcmcbhbj4xm0000gn/T/tmpgsn9bm70', '--error-file', '/var/folders/y3/32d8rgld21v4fxcmcbhbj4xm0000gn/T/tmp3x64f6yx']
[2024-04-02 19:43:49,885] {standard_task_runner.py:80} INFO - Job 4: Subtask twitter_datascience
[2024-04-02 19:43:49,905] {task_command.py:370} INFO - Running <TaskInstance: TwitterDAG.twitter_datascience scheduled__2024-04-01T00:00:00+00:00 [running]> on host 1.0.0.0.0.0.0.0.0.0.0.0.0.0.0.0.0.0.0.0.0.0.0.0.0.0.0.0.0.0.0.0.ip6.arpa
[2024-04-02 19:43:49,928] {taskinstance.py:1569} INFO - Exporting the following env vars:
AIRFLOW_CTX_DAG_OWNER=airflow
AIRFLOW_CTX_DAG_ID=TwitterDAG
AIRFLOW_CTX_TASK_ID=twitter_datascience
AIRFLOW_CTX_EXECUTION_DATE=2024-04-01T00:00:00+00:00
AIRFLOW_CTX_TRY_NUMBER=1
AIRFLOW_CTX_DAG_RUN_ID=scheduled__2024-04-01T00:00:00+00:00
[2024-04-02 19:43:49,931] {base.py:68} INFO - Using connection ID 'twitter_default' for task execution.
[2024-04-02 19:43:49,931] {twitter_hook.py:34} INFO - URL: https://labdados.com//2/tweets/search/recent?query=datascience&tweet.fields=author_id,conversation_id,created_at,id,in_reply_to_user_id,public_metrics,lang,text&expansions=author_id&user.fields=id,name,username,created_at&start_time=2024-04-01T00:00:00.00Z&end_time=2024-04-02T00:00:00.00Z
[2024-04-02 19:43:50,427] {twitter_hook.py:34} INFO - URL: https://labdados.com//2/tweets/search/recent?query=datascience&tweet.fields=author_id,conversation_id,created_at,id,in_reply_to_user_id,public_metrics,lang,text&expansions=author_id&user.fields=id,name,username,created_at&start_time=2024-04-01T00:00:00.00Z&end_time=2024-04-02T00:00:00.00Z&next_token=1234567890abcdef
[2024-04-02 19:43:50,584] {twitter_hook.py:34} INFO - URL: https://labdados.com//2/tweets/search/recent?query=datascience&tweet.fields=author_id,conversation_id,created_at,id,in_reply_to_user_id,public_metrics,lang,text&expansions=author_id&user.fields=id,name,username,created_at&start_time=2024-04-01T00:00:00.00Z&end_time=2024-04-02T00:00:00.00Z&next_token=1234567890abcdef
[2024-04-02 19:43:50,738] {twitter_hook.py:34} INFO - URL: https://labdados.com//2/tweets/search/recent?query=datascience&tweet.fields=author_id,conversation_id,created_at,id,in_reply_to_user_id,public_metrics,lang,text&expansions=author_id&user.fields=id,name,username,created_at&start_time=2024-04-01T00:00:00.00Z&end_time=2024-04-02T00:00:00.00Z&next_token=1234567890abcdef
[2024-04-02 19:43:50,891] {twitter_hook.py:34} INFO - URL: https://labdados.com//2/tweets/search/recent?query=datascience&tweet.fields=author_id,conversation_id,created_at,id,in_reply_to_user_id,public_metrics,lang,text&expansions=author_id&user.fields=id,name,username,created_at&start_time=2024-04-01T00:00:00.00Z&end_time=2024-04-02T00:00:00.00Z&next_token=1234567890abcdef
[2024-04-02 19:43:51,068] {taskinstance.py:1395} INFO - Marking task as SUCCESS. dag_id=TwitterDAG, task_id=twitter_datascience, execution_date=20240401T000000, start_date=20240402T224349, end_date=20240402T224351
[2024-04-02 19:43:51,128] {local_task_job.py:156} INFO - Task exited with return code 0
[2024-04-02 19:43:51,157] {local_task_job.py:273} INFO - 0 downstream tasks scheduled from follow-on schedule check
