[2024-04-02 19:36:15,858] {processor.py:153} INFO - Started process (PID=11277) to work on /Users/miltonvolpato/Git/Alura_Airflow_Oficial/venv/lib/python3.9/site-packages/airflow/example_dags/plugins/workday.py
[2024-04-02 19:36:15,858] {processor.py:641} INFO - Processing file /Users/miltonvolpato/Git/Alura_Airflow_Oficial/venv/lib/python3.9/site-packages/airflow/example_dags/plugins/workday.py for tasks to queue
[2024-04-02 19:36:15,858] {logging_mixin.py:115} INFO - [2024-04-02 19:36:15,858] {dagbag.py:507} INFO - Filling up the DagBag from /Users/miltonvolpato/Git/Alura_Airflow_Oficial/venv/lib/python3.9/site-packages/airflow/example_dags/plugins/workday.py
[2024-04-02 19:36:15,859] {processor.py:653} WARNING - No viable dags retrieved from /Users/miltonvolpato/Git/Alura_Airflow_Oficial/venv/lib/python3.9/site-packages/airflow/example_dags/plugins/workday.py
[2024-04-02 19:36:15,881] {processor.py:161} INFO - Processing /Users/miltonvolpato/Git/Alura_Airflow_Oficial/venv/lib/python3.9/site-packages/airflow/example_dags/plugins/workday.py took 0.024 seconds
[2024-04-02 19:37:10,713] {processor.py:153} INFO - Started process (PID=11368) to work on /Users/miltonvolpato/Git/Alura_Airflow_Oficial/venv/lib/python3.9/site-packages/airflow/example_dags/plugins/workday.py
[2024-04-02 19:37:10,714] {processor.py:641} INFO - Processing file /Users/miltonvolpato/Git/Alura_Airflow_Oficial/venv/lib/python3.9/site-packages/airflow/example_dags/plugins/workday.py for tasks to queue
[2024-04-02 19:37:10,714] {logging_mixin.py:115} INFO - [2024-04-02 19:37:10,714] {dagbag.py:507} INFO - Filling up the DagBag from /Users/miltonvolpato/Git/Alura_Airflow_Oficial/venv/lib/python3.9/site-packages/airflow/example_dags/plugins/workday.py
[2024-04-02 19:37:10,715] {processor.py:653} WARNING - No viable dags retrieved from /Users/miltonvolpato/Git/Alura_Airflow_Oficial/venv/lib/python3.9/site-packages/airflow/example_dags/plugins/workday.py
[2024-04-02 19:37:10,735] {processor.py:161} INFO - Processing /Users/miltonvolpato/Git/Alura_Airflow_Oficial/venv/lib/python3.9/site-packages/airflow/example_dags/plugins/workday.py took 0.022 seconds
[2024-04-02 19:37:52,569] {processor.py:153} INFO - Started process (PID=11447) to work on /Users/miltonvolpato/Git/Alura_Airflow_Oficial/venv/lib/python3.9/site-packages/airflow/example_dags/plugins/workday.py
[2024-04-02 19:37:52,570] {processor.py:641} INFO - Processing file /Users/miltonvolpato/Git/Alura_Airflow_Oficial/venv/lib/python3.9/site-packages/airflow/example_dags/plugins/workday.py for tasks to queue
[2024-04-02 19:37:52,571] {logging_mixin.py:115} INFO - [2024-04-02 19:37:52,571] {dagbag.py:507} INFO - Filling up the DagBag from /Users/miltonvolpato/Git/Alura_Airflow_Oficial/venv/lib/python3.9/site-packages/airflow/example_dags/plugins/workday.py
[2024-04-02 19:37:52,572] {processor.py:653} WARNING - No viable dags retrieved from /Users/miltonvolpato/Git/Alura_Airflow_Oficial/venv/lib/python3.9/site-packages/airflow/example_dags/plugins/workday.py
[2024-04-02 19:37:52,592] {processor.py:161} INFO - Processing /Users/miltonvolpato/Git/Alura_Airflow_Oficial/venv/lib/python3.9/site-packages/airflow/example_dags/plugins/workday.py took 0.023 seconds
[2024-04-02 19:38:28,432] {processor.py:153} INFO - Started process (PID=11498) to work on /Users/miltonvolpato/Git/Alura_Airflow_Oficial/venv/lib/python3.9/site-packages/airflow/example_dags/plugins/workday.py
[2024-04-02 19:38:28,433] {processor.py:641} INFO - Processing file /Users/miltonvolpato/Git/Alura_Airflow_Oficial/venv/lib/python3.9/site-packages/airflow/example_dags/plugins/workday.py for tasks to queue
[2024-04-02 19:38:28,433] {logging_mixin.py:115} INFO - [2024-04-02 19:38:28,433] {dagbag.py:507} INFO - Filling up the DagBag from /Users/miltonvolpato/Git/Alura_Airflow_Oficial/venv/lib/python3.9/site-packages/airflow/example_dags/plugins/workday.py
[2024-04-02 19:38:28,433] {processor.py:653} WARNING - No viable dags retrieved from /Users/miltonvolpato/Git/Alura_Airflow_Oficial/venv/lib/python3.9/site-packages/airflow/example_dags/plugins/workday.py
[2024-04-02 19:38:28,453] {processor.py:161} INFO - Processing /Users/miltonvolpato/Git/Alura_Airflow_Oficial/venv/lib/python3.9/site-packages/airflow/example_dags/plugins/workday.py took 0.021 seconds
[2024-04-02 19:39:01,427] {processor.py:153} INFO - Started process (PID=11536) to work on /Users/miltonvolpato/Git/Alura_Airflow_Oficial/venv/lib/python3.9/site-packages/airflow/example_dags/plugins/workday.py
[2024-04-02 19:39:01,428] {processor.py:641} INFO - Processing file /Users/miltonvolpato/Git/Alura_Airflow_Oficial/venv/lib/python3.9/site-packages/airflow/example_dags/plugins/workday.py for tasks to queue
[2024-04-02 19:39:01,428] {logging_mixin.py:115} INFO - [2024-04-02 19:39:01,428] {dagbag.py:507} INFO - Filling up the DagBag from /Users/miltonvolpato/Git/Alura_Airflow_Oficial/venv/lib/python3.9/site-packages/airflow/example_dags/plugins/workday.py
[2024-04-02 19:39:01,428] {processor.py:653} WARNING - No viable dags retrieved from /Users/miltonvolpato/Git/Alura_Airflow_Oficial/venv/lib/python3.9/site-packages/airflow/example_dags/plugins/workday.py
[2024-04-02 19:39:01,448] {processor.py:161} INFO - Processing /Users/miltonvolpato/Git/Alura_Airflow_Oficial/venv/lib/python3.9/site-packages/airflow/example_dags/plugins/workday.py took 0.021 seconds
[2024-04-02 19:39:33,557] {processor.py:153} INFO - Started process (PID=11565) to work on /Users/miltonvolpato/Git/Alura_Airflow_Oficial/venv/lib/python3.9/site-packages/airflow/example_dags/plugins/workday.py
[2024-04-02 19:39:33,557] {processor.py:641} INFO - Processing file /Users/miltonvolpato/Git/Alura_Airflow_Oficial/venv/lib/python3.9/site-packages/airflow/example_dags/plugins/workday.py for tasks to queue
[2024-04-02 19:39:33,558] {logging_mixin.py:115} INFO - [2024-04-02 19:39:33,558] {dagbag.py:507} INFO - Filling up the DagBag from /Users/miltonvolpato/Git/Alura_Airflow_Oficial/venv/lib/python3.9/site-packages/airflow/example_dags/plugins/workday.py
[2024-04-02 19:39:33,558] {processor.py:653} WARNING - No viable dags retrieved from /Users/miltonvolpato/Git/Alura_Airflow_Oficial/venv/lib/python3.9/site-packages/airflow/example_dags/plugins/workday.py
[2024-04-02 19:39:33,578] {processor.py:161} INFO - Processing /Users/miltonvolpato/Git/Alura_Airflow_Oficial/venv/lib/python3.9/site-packages/airflow/example_dags/plugins/workday.py took 0.021 seconds
[2024-04-02 19:40:20,179] {processor.py:153} INFO - Started process (PID=11611) to work on /Users/miltonvolpato/Git/Alura_Airflow_Oficial/venv/lib/python3.9/site-packages/airflow/example_dags/plugins/workday.py
[2024-04-02 19:40:20,179] {processor.py:641} INFO - Processing file /Users/miltonvolpato/Git/Alura_Airflow_Oficial/venv/lib/python3.9/site-packages/airflow/example_dags/plugins/workday.py for tasks to queue
[2024-04-02 19:40:20,179] {logging_mixin.py:115} INFO - [2024-04-02 19:40:20,179] {dagbag.py:507} INFO - Filling up the DagBag from /Users/miltonvolpato/Git/Alura_Airflow_Oficial/venv/lib/python3.9/site-packages/airflow/example_dags/plugins/workday.py
[2024-04-02 19:40:20,180] {processor.py:653} WARNING - No viable dags retrieved from /Users/miltonvolpato/Git/Alura_Airflow_Oficial/venv/lib/python3.9/site-packages/airflow/example_dags/plugins/workday.py
[2024-04-02 19:40:20,200] {processor.py:161} INFO - Processing /Users/miltonvolpato/Git/Alura_Airflow_Oficial/venv/lib/python3.9/site-packages/airflow/example_dags/plugins/workday.py took 0.021 seconds
[2024-04-02 19:40:57,017] {processor.py:153} INFO - Started process (PID=11641) to work on /Users/miltonvolpato/Git/Alura_Airflow_Oficial/venv/lib/python3.9/site-packages/airflow/example_dags/plugins/workday.py
[2024-04-02 19:40:57,017] {processor.py:641} INFO - Processing file /Users/miltonvolpato/Git/Alura_Airflow_Oficial/venv/lib/python3.9/site-packages/airflow/example_dags/plugins/workday.py for tasks to queue
[2024-04-02 19:40:57,017] {logging_mixin.py:115} INFO - [2024-04-02 19:40:57,017] {dagbag.py:507} INFO - Filling up the DagBag from /Users/miltonvolpato/Git/Alura_Airflow_Oficial/venv/lib/python3.9/site-packages/airflow/example_dags/plugins/workday.py
[2024-04-02 19:40:57,018] {processor.py:653} WARNING - No viable dags retrieved from /Users/miltonvolpato/Git/Alura_Airflow_Oficial/venv/lib/python3.9/site-packages/airflow/example_dags/plugins/workday.py
[2024-04-02 19:40:57,037] {processor.py:161} INFO - Processing /Users/miltonvolpato/Git/Alura_Airflow_Oficial/venv/lib/python3.9/site-packages/airflow/example_dags/plugins/workday.py took 0.020 seconds
[2024-04-02 19:41:32,998] {processor.py:153} INFO - Started process (PID=11676) to work on /Users/miltonvolpato/Git/Alura_Airflow_Oficial/venv/lib/python3.9/site-packages/airflow/example_dags/plugins/workday.py
[2024-04-02 19:41:32,999] {processor.py:641} INFO - Processing file /Users/miltonvolpato/Git/Alura_Airflow_Oficial/venv/lib/python3.9/site-packages/airflow/example_dags/plugins/workday.py for tasks to queue
[2024-04-02 19:41:32,999] {logging_mixin.py:115} INFO - [2024-04-02 19:41:32,999] {dagbag.py:507} INFO - Filling up the DagBag from /Users/miltonvolpato/Git/Alura_Airflow_Oficial/venv/lib/python3.9/site-packages/airflow/example_dags/plugins/workday.py
[2024-04-02 19:41:32,999] {processor.py:653} WARNING - No viable dags retrieved from /Users/miltonvolpato/Git/Alura_Airflow_Oficial/venv/lib/python3.9/site-packages/airflow/example_dags/plugins/workday.py
[2024-04-02 19:41:33,018] {processor.py:161} INFO - Processing /Users/miltonvolpato/Git/Alura_Airflow_Oficial/venv/lib/python3.9/site-packages/airflow/example_dags/plugins/workday.py took 0.020 seconds
[2024-04-02 19:42:08,555] {processor.py:153} INFO - Started process (PID=11707) to work on /Users/miltonvolpato/Git/Alura_Airflow_Oficial/venv/lib/python3.9/site-packages/airflow/example_dags/plugins/workday.py
[2024-04-02 19:42:08,555] {processor.py:641} INFO - Processing file /Users/miltonvolpato/Git/Alura_Airflow_Oficial/venv/lib/python3.9/site-packages/airflow/example_dags/plugins/workday.py for tasks to queue
[2024-04-02 19:42:08,555] {logging_mixin.py:115} INFO - [2024-04-02 19:42:08,555] {dagbag.py:507} INFO - Filling up the DagBag from /Users/miltonvolpato/Git/Alura_Airflow_Oficial/venv/lib/python3.9/site-packages/airflow/example_dags/plugins/workday.py
[2024-04-02 19:42:08,556] {processor.py:653} WARNING - No viable dags retrieved from /Users/miltonvolpato/Git/Alura_Airflow_Oficial/venv/lib/python3.9/site-packages/airflow/example_dags/plugins/workday.py
[2024-04-02 19:42:08,576] {processor.py:161} INFO - Processing /Users/miltonvolpato/Git/Alura_Airflow_Oficial/venv/lib/python3.9/site-packages/airflow/example_dags/plugins/workday.py took 0.021 seconds
[2024-04-02 19:42:42,982] {processor.py:153} INFO - Started process (PID=11741) to work on /Users/miltonvolpato/Git/Alura_Airflow_Oficial/venv/lib/python3.9/site-packages/airflow/example_dags/plugins/workday.py
[2024-04-02 19:42:42,982] {processor.py:641} INFO - Processing file /Users/miltonvolpato/Git/Alura_Airflow_Oficial/venv/lib/python3.9/site-packages/airflow/example_dags/plugins/workday.py for tasks to queue
[2024-04-02 19:42:42,982] {logging_mixin.py:115} INFO - [2024-04-02 19:42:42,982] {dagbag.py:507} INFO - Filling up the DagBag from /Users/miltonvolpato/Git/Alura_Airflow_Oficial/venv/lib/python3.9/site-packages/airflow/example_dags/plugins/workday.py
[2024-04-02 19:42:42,983] {processor.py:653} WARNING - No viable dags retrieved from /Users/miltonvolpato/Git/Alura_Airflow_Oficial/venv/lib/python3.9/site-packages/airflow/example_dags/plugins/workday.py
[2024-04-02 19:42:43,003] {processor.py:161} INFO - Processing /Users/miltonvolpato/Git/Alura_Airflow_Oficial/venv/lib/python3.9/site-packages/airflow/example_dags/plugins/workday.py took 0.021 seconds
[2024-04-02 19:43:15,803] {processor.py:153} INFO - Started process (PID=11773) to work on /Users/miltonvolpato/Git/Alura_Airflow_Oficial/venv/lib/python3.9/site-packages/airflow/example_dags/plugins/workday.py
[2024-04-02 19:43:15,804] {processor.py:641} INFO - Processing file /Users/miltonvolpato/Git/Alura_Airflow_Oficial/venv/lib/python3.9/site-packages/airflow/example_dags/plugins/workday.py for tasks to queue
[2024-04-02 19:43:15,804] {logging_mixin.py:115} INFO - [2024-04-02 19:43:15,804] {dagbag.py:507} INFO - Filling up the DagBag from /Users/miltonvolpato/Git/Alura_Airflow_Oficial/venv/lib/python3.9/site-packages/airflow/example_dags/plugins/workday.py
[2024-04-02 19:43:15,805] {processor.py:653} WARNING - No viable dags retrieved from /Users/miltonvolpato/Git/Alura_Airflow_Oficial/venv/lib/python3.9/site-packages/airflow/example_dags/plugins/workday.py
[2024-04-02 19:43:15,825] {processor.py:161} INFO - Processing /Users/miltonvolpato/Git/Alura_Airflow_Oficial/venv/lib/python3.9/site-packages/airflow/example_dags/plugins/workday.py took 0.023 seconds
[2024-04-02 19:43:53,073] {processor.py:153} INFO - Started process (PID=11815) to work on /Users/miltonvolpato/Git/Alura_Airflow_Oficial/venv/lib/python3.9/site-packages/airflow/example_dags/plugins/workday.py
[2024-04-02 19:43:53,074] {processor.py:641} INFO - Processing file /Users/miltonvolpato/Git/Alura_Airflow_Oficial/venv/lib/python3.9/site-packages/airflow/example_dags/plugins/workday.py for tasks to queue
[2024-04-02 19:43:53,074] {logging_mixin.py:115} INFO - [2024-04-02 19:43:53,074] {dagbag.py:507} INFO - Filling up the DagBag from /Users/miltonvolpato/Git/Alura_Airflow_Oficial/venv/lib/python3.9/site-packages/airflow/example_dags/plugins/workday.py
[2024-04-02 19:43:53,075] {processor.py:653} WARNING - No viable dags retrieved from /Users/miltonvolpato/Git/Alura_Airflow_Oficial/venv/lib/python3.9/site-packages/airflow/example_dags/plugins/workday.py
[2024-04-02 19:43:53,094] {processor.py:161} INFO - Processing /Users/miltonvolpato/Git/Alura_Airflow_Oficial/venv/lib/python3.9/site-packages/airflow/example_dags/plugins/workday.py took 0.021 seconds
[2024-04-02 19:44:32,590] {processor.py:153} INFO - Started process (PID=11870) to work on /Users/miltonvolpato/Git/Alura_Airflow_Oficial/venv/lib/python3.9/site-packages/airflow/example_dags/plugins/workday.py
[2024-04-02 19:44:32,591] {processor.py:641} INFO - Processing file /Users/miltonvolpato/Git/Alura_Airflow_Oficial/venv/lib/python3.9/site-packages/airflow/example_dags/plugins/workday.py for tasks to queue
[2024-04-02 19:44:32,591] {logging_mixin.py:115} INFO - [2024-04-02 19:44:32,591] {dagbag.py:507} INFO - Filling up the DagBag from /Users/miltonvolpato/Git/Alura_Airflow_Oficial/venv/lib/python3.9/site-packages/airflow/example_dags/plugins/workday.py
[2024-04-02 19:44:32,593] {processor.py:653} WARNING - No viable dags retrieved from /Users/miltonvolpato/Git/Alura_Airflow_Oficial/venv/lib/python3.9/site-packages/airflow/example_dags/plugins/workday.py
[2024-04-02 19:44:32,612] {processor.py:161} INFO - Processing /Users/miltonvolpato/Git/Alura_Airflow_Oficial/venv/lib/python3.9/site-packages/airflow/example_dags/plugins/workday.py took 0.022 seconds
[2024-04-02 19:45:06,941] {processor.py:153} INFO - Started process (PID=11903) to work on /Users/miltonvolpato/Git/Alura_Airflow_Oficial/venv/lib/python3.9/site-packages/airflow/example_dags/plugins/workday.py
[2024-04-02 19:45:06,941] {processor.py:641} INFO - Processing file /Users/miltonvolpato/Git/Alura_Airflow_Oficial/venv/lib/python3.9/site-packages/airflow/example_dags/plugins/workday.py for tasks to queue
[2024-04-02 19:45:06,941] {logging_mixin.py:115} INFO - [2024-04-02 19:45:06,941] {dagbag.py:507} INFO - Filling up the DagBag from /Users/miltonvolpato/Git/Alura_Airflow_Oficial/venv/lib/python3.9/site-packages/airflow/example_dags/plugins/workday.py
[2024-04-02 19:45:06,942] {processor.py:653} WARNING - No viable dags retrieved from /Users/miltonvolpato/Git/Alura_Airflow_Oficial/venv/lib/python3.9/site-packages/airflow/example_dags/plugins/workday.py
[2024-04-02 19:45:06,961] {processor.py:161} INFO - Processing /Users/miltonvolpato/Git/Alura_Airflow_Oficial/venv/lib/python3.9/site-packages/airflow/example_dags/plugins/workday.py took 0.021 seconds
[2024-04-02 19:45:40,387] {processor.py:153} INFO - Started process (PID=11930) to work on /Users/miltonvolpato/Git/Alura_Airflow_Oficial/venv/lib/python3.9/site-packages/airflow/example_dags/plugins/workday.py
[2024-04-02 19:45:40,387] {processor.py:641} INFO - Processing file /Users/miltonvolpato/Git/Alura_Airflow_Oficial/venv/lib/python3.9/site-packages/airflow/example_dags/plugins/workday.py for tasks to queue
[2024-04-02 19:45:40,387] {logging_mixin.py:115} INFO - [2024-04-02 19:45:40,387] {dagbag.py:507} INFO - Filling up the DagBag from /Users/miltonvolpato/Git/Alura_Airflow_Oficial/venv/lib/python3.9/site-packages/airflow/example_dags/plugins/workday.py
[2024-04-02 19:45:40,388] {processor.py:653} WARNING - No viable dags retrieved from /Users/miltonvolpato/Git/Alura_Airflow_Oficial/venv/lib/python3.9/site-packages/airflow/example_dags/plugins/workday.py
[2024-04-02 19:45:40,407] {processor.py:161} INFO - Processing /Users/miltonvolpato/Git/Alura_Airflow_Oficial/venv/lib/python3.9/site-packages/airflow/example_dags/plugins/workday.py took 0.020 seconds
[2024-04-02 19:46:13,636] {processor.py:153} INFO - Started process (PID=11976) to work on /Users/miltonvolpato/Git/Alura_Airflow_Oficial/venv/lib/python3.9/site-packages/airflow/example_dags/plugins/workday.py
[2024-04-02 19:46:13,636] {processor.py:641} INFO - Processing file /Users/miltonvolpato/Git/Alura_Airflow_Oficial/venv/lib/python3.9/site-packages/airflow/example_dags/plugins/workday.py for tasks to queue
[2024-04-02 19:46:13,637] {logging_mixin.py:115} INFO - [2024-04-02 19:46:13,637] {dagbag.py:507} INFO - Filling up the DagBag from /Users/miltonvolpato/Git/Alura_Airflow_Oficial/venv/lib/python3.9/site-packages/airflow/example_dags/plugins/workday.py
[2024-04-02 19:46:13,637] {processor.py:653} WARNING - No viable dags retrieved from /Users/miltonvolpato/Git/Alura_Airflow_Oficial/venv/lib/python3.9/site-packages/airflow/example_dags/plugins/workday.py
[2024-04-02 19:46:13,657] {processor.py:161} INFO - Processing /Users/miltonvolpato/Git/Alura_Airflow_Oficial/venv/lib/python3.9/site-packages/airflow/example_dags/plugins/workday.py took 0.021 seconds
[2024-04-02 19:46:48,404] {processor.py:153} INFO - Started process (PID=12028) to work on /Users/miltonvolpato/Git/Alura_Airflow_Oficial/venv/lib/python3.9/site-packages/airflow/example_dags/plugins/workday.py
[2024-04-02 19:46:48,404] {processor.py:641} INFO - Processing file /Users/miltonvolpato/Git/Alura_Airflow_Oficial/venv/lib/python3.9/site-packages/airflow/example_dags/plugins/workday.py for tasks to queue
[2024-04-02 19:46:48,404] {logging_mixin.py:115} INFO - [2024-04-02 19:46:48,404] {dagbag.py:507} INFO - Filling up the DagBag from /Users/miltonvolpato/Git/Alura_Airflow_Oficial/venv/lib/python3.9/site-packages/airflow/example_dags/plugins/workday.py
[2024-04-02 19:46:48,405] {processor.py:653} WARNING - No viable dags retrieved from /Users/miltonvolpato/Git/Alura_Airflow_Oficial/venv/lib/python3.9/site-packages/airflow/example_dags/plugins/workday.py
[2024-04-02 19:46:48,424] {processor.py:161} INFO - Processing /Users/miltonvolpato/Git/Alura_Airflow_Oficial/venv/lib/python3.9/site-packages/airflow/example_dags/plugins/workday.py took 0.021 seconds
[2024-04-02 19:47:25,966] {processor.py:153} INFO - Started process (PID=12074) to work on /Users/miltonvolpato/Git/Alura_Airflow_Oficial/venv/lib/python3.9/site-packages/airflow/example_dags/plugins/workday.py
[2024-04-02 19:47:25,966] {processor.py:641} INFO - Processing file /Users/miltonvolpato/Git/Alura_Airflow_Oficial/venv/lib/python3.9/site-packages/airflow/example_dags/plugins/workday.py for tasks to queue
[2024-04-02 19:47:25,967] {logging_mixin.py:115} INFO - [2024-04-02 19:47:25,967] {dagbag.py:507} INFO - Filling up the DagBag from /Users/miltonvolpato/Git/Alura_Airflow_Oficial/venv/lib/python3.9/site-packages/airflow/example_dags/plugins/workday.py
[2024-04-02 19:47:25,968] {processor.py:653} WARNING - No viable dags retrieved from /Users/miltonvolpato/Git/Alura_Airflow_Oficial/venv/lib/python3.9/site-packages/airflow/example_dags/plugins/workday.py
[2024-04-02 19:47:25,987] {processor.py:161} INFO - Processing /Users/miltonvolpato/Git/Alura_Airflow_Oficial/venv/lib/python3.9/site-packages/airflow/example_dags/plugins/workday.py took 0.022 seconds
[2024-04-02 19:47:59,284] {processor.py:153} INFO - Started process (PID=12122) to work on /Users/miltonvolpato/Git/Alura_Airflow_Oficial/venv/lib/python3.9/site-packages/airflow/example_dags/plugins/workday.py
[2024-04-02 19:47:59,287] {processor.py:641} INFO - Processing file /Users/miltonvolpato/Git/Alura_Airflow_Oficial/venv/lib/python3.9/site-packages/airflow/example_dags/plugins/workday.py for tasks to queue
[2024-04-02 19:47:59,287] {logging_mixin.py:115} INFO - [2024-04-02 19:47:59,287] {dagbag.py:507} INFO - Filling up the DagBag from /Users/miltonvolpato/Git/Alura_Airflow_Oficial/venv/lib/python3.9/site-packages/airflow/example_dags/plugins/workday.py
[2024-04-02 19:47:59,288] {processor.py:653} WARNING - No viable dags retrieved from /Users/miltonvolpato/Git/Alura_Airflow_Oficial/venv/lib/python3.9/site-packages/airflow/example_dags/plugins/workday.py
[2024-04-02 19:47:59,307] {processor.py:161} INFO - Processing /Users/miltonvolpato/Git/Alura_Airflow_Oficial/venv/lib/python3.9/site-packages/airflow/example_dags/plugins/workday.py took 0.023 seconds
[2024-04-02 19:48:44,974] {processor.py:153} INFO - Started process (PID=12171) to work on /Users/miltonvolpato/Git/Alura_Airflow_Oficial/venv/lib/python3.9/site-packages/airflow/example_dags/plugins/workday.py
[2024-04-02 19:48:44,974] {processor.py:641} INFO - Processing file /Users/miltonvolpato/Git/Alura_Airflow_Oficial/venv/lib/python3.9/site-packages/airflow/example_dags/plugins/workday.py for tasks to queue
[2024-04-02 19:48:44,974] {logging_mixin.py:115} INFO - [2024-04-02 19:48:44,974] {dagbag.py:507} INFO - Filling up the DagBag from /Users/miltonvolpato/Git/Alura_Airflow_Oficial/venv/lib/python3.9/site-packages/airflow/example_dags/plugins/workday.py
[2024-04-02 19:48:44,975] {processor.py:653} WARNING - No viable dags retrieved from /Users/miltonvolpato/Git/Alura_Airflow_Oficial/venv/lib/python3.9/site-packages/airflow/example_dags/plugins/workday.py
[2024-04-02 19:48:44,995] {processor.py:161} INFO - Processing /Users/miltonvolpato/Git/Alura_Airflow_Oficial/venv/lib/python3.9/site-packages/airflow/example_dags/plugins/workday.py took 0.021 seconds
[2024-04-02 19:49:16,928] {processor.py:153} INFO - Started process (PID=12203) to work on /Users/miltonvolpato/Git/Alura_Airflow_Oficial/venv/lib/python3.9/site-packages/airflow/example_dags/plugins/workday.py
[2024-04-02 19:49:16,928] {processor.py:641} INFO - Processing file /Users/miltonvolpato/Git/Alura_Airflow_Oficial/venv/lib/python3.9/site-packages/airflow/example_dags/plugins/workday.py for tasks to queue
[2024-04-02 19:49:16,928] {logging_mixin.py:115} INFO - [2024-04-02 19:49:16,928] {dagbag.py:507} INFO - Filling up the DagBag from /Users/miltonvolpato/Git/Alura_Airflow_Oficial/venv/lib/python3.9/site-packages/airflow/example_dags/plugins/workday.py
[2024-04-02 19:49:16,929] {processor.py:653} WARNING - No viable dags retrieved from /Users/miltonvolpato/Git/Alura_Airflow_Oficial/venv/lib/python3.9/site-packages/airflow/example_dags/plugins/workday.py
[2024-04-02 19:49:16,951] {processor.py:161} INFO - Processing /Users/miltonvolpato/Git/Alura_Airflow_Oficial/venv/lib/python3.9/site-packages/airflow/example_dags/plugins/workday.py took 0.023 seconds
[2024-04-02 19:49:52,955] {processor.py:153} INFO - Started process (PID=12246) to work on /Users/miltonvolpato/Git/Alura_Airflow_Oficial/venv/lib/python3.9/site-packages/airflow/example_dags/plugins/workday.py
[2024-04-02 19:49:52,956] {processor.py:641} INFO - Processing file /Users/miltonvolpato/Git/Alura_Airflow_Oficial/venv/lib/python3.9/site-packages/airflow/example_dags/plugins/workday.py for tasks to queue
[2024-04-02 19:49:52,956] {logging_mixin.py:115} INFO - [2024-04-02 19:49:52,956] {dagbag.py:507} INFO - Filling up the DagBag from /Users/miltonvolpato/Git/Alura_Airflow_Oficial/venv/lib/python3.9/site-packages/airflow/example_dags/plugins/workday.py
[2024-04-02 19:49:52,957] {processor.py:653} WARNING - No viable dags retrieved from /Users/miltonvolpato/Git/Alura_Airflow_Oficial/venv/lib/python3.9/site-packages/airflow/example_dags/plugins/workday.py
[2024-04-02 19:49:52,977] {processor.py:161} INFO - Processing /Users/miltonvolpato/Git/Alura_Airflow_Oficial/venv/lib/python3.9/site-packages/airflow/example_dags/plugins/workday.py took 0.022 seconds
[2024-04-02 19:50:29,485] {processor.py:153} INFO - Started process (PID=12277) to work on /Users/miltonvolpato/Git/Alura_Airflow_Oficial/venv/lib/python3.9/site-packages/airflow/example_dags/plugins/workday.py
[2024-04-02 19:50:29,486] {processor.py:641} INFO - Processing file /Users/miltonvolpato/Git/Alura_Airflow_Oficial/venv/lib/python3.9/site-packages/airflow/example_dags/plugins/workday.py for tasks to queue
[2024-04-02 19:50:29,486] {logging_mixin.py:115} INFO - [2024-04-02 19:50:29,486] {dagbag.py:507} INFO - Filling up the DagBag from /Users/miltonvolpato/Git/Alura_Airflow_Oficial/venv/lib/python3.9/site-packages/airflow/example_dags/plugins/workday.py
[2024-04-02 19:50:29,487] {processor.py:653} WARNING - No viable dags retrieved from /Users/miltonvolpato/Git/Alura_Airflow_Oficial/venv/lib/python3.9/site-packages/airflow/example_dags/plugins/workday.py
[2024-04-02 19:50:29,507] {processor.py:161} INFO - Processing /Users/miltonvolpato/Git/Alura_Airflow_Oficial/venv/lib/python3.9/site-packages/airflow/example_dags/plugins/workday.py took 0.022 seconds
[2024-04-02 19:51:03,510] {processor.py:153} INFO - Started process (PID=12308) to work on /Users/miltonvolpato/Git/Alura_Airflow_Oficial/venv/lib/python3.9/site-packages/airflow/example_dags/plugins/workday.py
[2024-04-02 19:51:03,511] {processor.py:641} INFO - Processing file /Users/miltonvolpato/Git/Alura_Airflow_Oficial/venv/lib/python3.9/site-packages/airflow/example_dags/plugins/workday.py for tasks to queue
[2024-04-02 19:51:03,511] {logging_mixin.py:115} INFO - [2024-04-02 19:51:03,511] {dagbag.py:507} INFO - Filling up the DagBag from /Users/miltonvolpato/Git/Alura_Airflow_Oficial/venv/lib/python3.9/site-packages/airflow/example_dags/plugins/workday.py
[2024-04-02 19:51:03,512] {processor.py:653} WARNING - No viable dags retrieved from /Users/miltonvolpato/Git/Alura_Airflow_Oficial/venv/lib/python3.9/site-packages/airflow/example_dags/plugins/workday.py
[2024-04-02 19:51:03,532] {processor.py:161} INFO - Processing /Users/miltonvolpato/Git/Alura_Airflow_Oficial/venv/lib/python3.9/site-packages/airflow/example_dags/plugins/workday.py took 0.022 seconds
[2024-04-02 19:51:40,334] {processor.py:153} INFO - Started process (PID=12338) to work on /Users/miltonvolpato/Git/Alura_Airflow_Oficial/venv/lib/python3.9/site-packages/airflow/example_dags/plugins/workday.py
[2024-04-02 19:51:40,334] {processor.py:641} INFO - Processing file /Users/miltonvolpato/Git/Alura_Airflow_Oficial/venv/lib/python3.9/site-packages/airflow/example_dags/plugins/workday.py for tasks to queue
[2024-04-02 19:51:40,334] {logging_mixin.py:115} INFO - [2024-04-02 19:51:40,334] {dagbag.py:507} INFO - Filling up the DagBag from /Users/miltonvolpato/Git/Alura_Airflow_Oficial/venv/lib/python3.9/site-packages/airflow/example_dags/plugins/workday.py
[2024-04-02 19:51:40,335] {processor.py:653} WARNING - No viable dags retrieved from /Users/miltonvolpato/Git/Alura_Airflow_Oficial/venv/lib/python3.9/site-packages/airflow/example_dags/plugins/workday.py
[2024-04-02 19:51:40,357] {processor.py:161} INFO - Processing /Users/miltonvolpato/Git/Alura_Airflow_Oficial/venv/lib/python3.9/site-packages/airflow/example_dags/plugins/workday.py took 0.023 seconds
[2024-04-02 19:52:15,664] {processor.py:153} INFO - Started process (PID=12384) to work on /Users/miltonvolpato/Git/Alura_Airflow_Oficial/venv/lib/python3.9/site-packages/airflow/example_dags/plugins/workday.py
[2024-04-02 19:52:15,665] {processor.py:641} INFO - Processing file /Users/miltonvolpato/Git/Alura_Airflow_Oficial/venv/lib/python3.9/site-packages/airflow/example_dags/plugins/workday.py for tasks to queue
[2024-04-02 19:52:15,665] {logging_mixin.py:115} INFO - [2024-04-02 19:52:15,665] {dagbag.py:507} INFO - Filling up the DagBag from /Users/miltonvolpato/Git/Alura_Airflow_Oficial/venv/lib/python3.9/site-packages/airflow/example_dags/plugins/workday.py
[2024-04-02 19:52:15,666] {processor.py:653} WARNING - No viable dags retrieved from /Users/miltonvolpato/Git/Alura_Airflow_Oficial/venv/lib/python3.9/site-packages/airflow/example_dags/plugins/workday.py
[2024-04-02 19:52:15,686] {processor.py:161} INFO - Processing /Users/miltonvolpato/Git/Alura_Airflow_Oficial/venv/lib/python3.9/site-packages/airflow/example_dags/plugins/workday.py took 0.022 seconds
[2024-04-02 19:52:53,078] {processor.py:153} INFO - Started process (PID=12414) to work on /Users/miltonvolpato/Git/Alura_Airflow_Oficial/venv/lib/python3.9/site-packages/airflow/example_dags/plugins/workday.py
[2024-04-02 19:52:53,078] {processor.py:641} INFO - Processing file /Users/miltonvolpato/Git/Alura_Airflow_Oficial/venv/lib/python3.9/site-packages/airflow/example_dags/plugins/workday.py for tasks to queue
[2024-04-02 19:52:53,079] {logging_mixin.py:115} INFO - [2024-04-02 19:52:53,079] {dagbag.py:507} INFO - Filling up the DagBag from /Users/miltonvolpato/Git/Alura_Airflow_Oficial/venv/lib/python3.9/site-packages/airflow/example_dags/plugins/workday.py
[2024-04-02 19:52:53,080] {processor.py:653} WARNING - No viable dags retrieved from /Users/miltonvolpato/Git/Alura_Airflow_Oficial/venv/lib/python3.9/site-packages/airflow/example_dags/plugins/workday.py
[2024-04-02 19:52:53,101] {processor.py:161} INFO - Processing /Users/miltonvolpato/Git/Alura_Airflow_Oficial/venv/lib/python3.9/site-packages/airflow/example_dags/plugins/workday.py took 0.023 seconds
[2024-04-02 19:53:31,978] {processor.py:153} INFO - Started process (PID=12471) to work on /Users/miltonvolpato/Git/Alura_Airflow_Oficial/venv/lib/python3.9/site-packages/airflow/example_dags/plugins/workday.py
[2024-04-02 19:53:31,979] {processor.py:641} INFO - Processing file /Users/miltonvolpato/Git/Alura_Airflow_Oficial/venv/lib/python3.9/site-packages/airflow/example_dags/plugins/workday.py for tasks to queue
[2024-04-02 19:53:31,979] {logging_mixin.py:115} INFO - [2024-04-02 19:53:31,979] {dagbag.py:507} INFO - Filling up the DagBag from /Users/miltonvolpato/Git/Alura_Airflow_Oficial/venv/lib/python3.9/site-packages/airflow/example_dags/plugins/workday.py
[2024-04-02 19:53:31,980] {processor.py:653} WARNING - No viable dags retrieved from /Users/miltonvolpato/Git/Alura_Airflow_Oficial/venv/lib/python3.9/site-packages/airflow/example_dags/plugins/workday.py
[2024-04-02 19:53:32,000] {processor.py:161} INFO - Processing /Users/miltonvolpato/Git/Alura_Airflow_Oficial/venv/lib/python3.9/site-packages/airflow/example_dags/plugins/workday.py took 0.022 seconds
[2024-04-02 19:54:08,999] {processor.py:153} INFO - Started process (PID=12539) to work on /Users/miltonvolpato/Git/Alura_Airflow_Oficial/venv/lib/python3.9/site-packages/airflow/example_dags/plugins/workday.py
[2024-04-02 19:54:08,999] {processor.py:641} INFO - Processing file /Users/miltonvolpato/Git/Alura_Airflow_Oficial/venv/lib/python3.9/site-packages/airflow/example_dags/plugins/workday.py for tasks to queue
[2024-04-02 19:54:08,999] {logging_mixin.py:115} INFO - [2024-04-02 19:54:08,999] {dagbag.py:507} INFO - Filling up the DagBag from /Users/miltonvolpato/Git/Alura_Airflow_Oficial/venv/lib/python3.9/site-packages/airflow/example_dags/plugins/workday.py
[2024-04-02 19:54:09,000] {processor.py:653} WARNING - No viable dags retrieved from /Users/miltonvolpato/Git/Alura_Airflow_Oficial/venv/lib/python3.9/site-packages/airflow/example_dags/plugins/workday.py
[2024-04-02 19:54:09,020] {processor.py:161} INFO - Processing /Users/miltonvolpato/Git/Alura_Airflow_Oficial/venv/lib/python3.9/site-packages/airflow/example_dags/plugins/workday.py took 0.022 seconds
[2024-04-02 19:54:45,889] {processor.py:153} INFO - Started process (PID=12612) to work on /Users/miltonvolpato/Git/Alura_Airflow_Oficial/venv/lib/python3.9/site-packages/airflow/example_dags/plugins/workday.py
[2024-04-02 19:54:45,890] {processor.py:641} INFO - Processing file /Users/miltonvolpato/Git/Alura_Airflow_Oficial/venv/lib/python3.9/site-packages/airflow/example_dags/plugins/workday.py for tasks to queue
[2024-04-02 19:54:45,890] {logging_mixin.py:115} INFO - [2024-04-02 19:54:45,890] {dagbag.py:507} INFO - Filling up the DagBag from /Users/miltonvolpato/Git/Alura_Airflow_Oficial/venv/lib/python3.9/site-packages/airflow/example_dags/plugins/workday.py
[2024-04-02 19:54:45,891] {processor.py:653} WARNING - No viable dags retrieved from /Users/miltonvolpato/Git/Alura_Airflow_Oficial/venv/lib/python3.9/site-packages/airflow/example_dags/plugins/workday.py
[2024-04-02 19:54:45,911] {processor.py:161} INFO - Processing /Users/miltonvolpato/Git/Alura_Airflow_Oficial/venv/lib/python3.9/site-packages/airflow/example_dags/plugins/workday.py took 0.022 seconds
[2024-04-02 19:55:24,852] {processor.py:153} INFO - Started process (PID=12651) to work on /Users/miltonvolpato/Git/Alura_Airflow_Oficial/venv/lib/python3.9/site-packages/airflow/example_dags/plugins/workday.py
[2024-04-02 19:55:24,852] {processor.py:641} INFO - Processing file /Users/miltonvolpato/Git/Alura_Airflow_Oficial/venv/lib/python3.9/site-packages/airflow/example_dags/plugins/workday.py for tasks to queue
[2024-04-02 19:55:24,852] {logging_mixin.py:115} INFO - [2024-04-02 19:55:24,852] {dagbag.py:507} INFO - Filling up the DagBag from /Users/miltonvolpato/Git/Alura_Airflow_Oficial/venv/lib/python3.9/site-packages/airflow/example_dags/plugins/workday.py
[2024-04-02 19:55:24,853] {processor.py:653} WARNING - No viable dags retrieved from /Users/miltonvolpato/Git/Alura_Airflow_Oficial/venv/lib/python3.9/site-packages/airflow/example_dags/plugins/workday.py
[2024-04-02 19:55:24,873] {processor.py:161} INFO - Processing /Users/miltonvolpato/Git/Alura_Airflow_Oficial/venv/lib/python3.9/site-packages/airflow/example_dags/plugins/workday.py took 0.021 seconds
[2024-04-02 19:55:59,007] {processor.py:153} INFO - Started process (PID=12726) to work on /Users/miltonvolpato/Git/Alura_Airflow_Oficial/venv/lib/python3.9/site-packages/airflow/example_dags/plugins/workday.py
[2024-04-02 19:55:59,007] {processor.py:641} INFO - Processing file /Users/miltonvolpato/Git/Alura_Airflow_Oficial/venv/lib/python3.9/site-packages/airflow/example_dags/plugins/workday.py for tasks to queue
[2024-04-02 19:55:59,007] {logging_mixin.py:115} INFO - [2024-04-02 19:55:59,007] {dagbag.py:507} INFO - Filling up the DagBag from /Users/miltonvolpato/Git/Alura_Airflow_Oficial/venv/lib/python3.9/site-packages/airflow/example_dags/plugins/workday.py
[2024-04-02 19:55:59,008] {processor.py:653} WARNING - No viable dags retrieved from /Users/miltonvolpato/Git/Alura_Airflow_Oficial/venv/lib/python3.9/site-packages/airflow/example_dags/plugins/workday.py
[2024-04-02 19:55:59,028] {processor.py:161} INFO - Processing /Users/miltonvolpato/Git/Alura_Airflow_Oficial/venv/lib/python3.9/site-packages/airflow/example_dags/plugins/workday.py took 0.021 seconds
[2024-04-02 19:56:35,194] {processor.py:153} INFO - Started process (PID=12781) to work on /Users/miltonvolpato/Git/Alura_Airflow_Oficial/venv/lib/python3.9/site-packages/airflow/example_dags/plugins/workday.py
[2024-04-02 19:56:35,194] {processor.py:641} INFO - Processing file /Users/miltonvolpato/Git/Alura_Airflow_Oficial/venv/lib/python3.9/site-packages/airflow/example_dags/plugins/workday.py for tasks to queue
[2024-04-02 19:56:35,194] {logging_mixin.py:115} INFO - [2024-04-02 19:56:35,194] {dagbag.py:507} INFO - Filling up the DagBag from /Users/miltonvolpato/Git/Alura_Airflow_Oficial/venv/lib/python3.9/site-packages/airflow/example_dags/plugins/workday.py
[2024-04-02 19:56:35,195] {processor.py:653} WARNING - No viable dags retrieved from /Users/miltonvolpato/Git/Alura_Airflow_Oficial/venv/lib/python3.9/site-packages/airflow/example_dags/plugins/workday.py
[2024-04-02 19:56:35,216] {processor.py:161} INFO - Processing /Users/miltonvolpato/Git/Alura_Airflow_Oficial/venv/lib/python3.9/site-packages/airflow/example_dags/plugins/workday.py took 0.022 seconds
[2024-04-02 19:57:14,143] {processor.py:153} INFO - Started process (PID=12817) to work on /Users/miltonvolpato/Git/Alura_Airflow_Oficial/venv/lib/python3.9/site-packages/airflow/example_dags/plugins/workday.py
[2024-04-02 19:57:14,143] {processor.py:641} INFO - Processing file /Users/miltonvolpato/Git/Alura_Airflow_Oficial/venv/lib/python3.9/site-packages/airflow/example_dags/plugins/workday.py for tasks to queue
[2024-04-02 19:57:14,143] {logging_mixin.py:115} INFO - [2024-04-02 19:57:14,143] {dagbag.py:507} INFO - Filling up the DagBag from /Users/miltonvolpato/Git/Alura_Airflow_Oficial/venv/lib/python3.9/site-packages/airflow/example_dags/plugins/workday.py
[2024-04-02 19:57:14,144] {processor.py:653} WARNING - No viable dags retrieved from /Users/miltonvolpato/Git/Alura_Airflow_Oficial/venv/lib/python3.9/site-packages/airflow/example_dags/plugins/workday.py
[2024-04-02 19:57:14,163] {processor.py:161} INFO - Processing /Users/miltonvolpato/Git/Alura_Airflow_Oficial/venv/lib/python3.9/site-packages/airflow/example_dags/plugins/workday.py took 0.021 seconds
[2024-04-02 19:57:46,037] {processor.py:153} INFO - Started process (PID=12848) to work on /Users/miltonvolpato/Git/Alura_Airflow_Oficial/venv/lib/python3.9/site-packages/airflow/example_dags/plugins/workday.py
[2024-04-02 19:57:46,037] {processor.py:641} INFO - Processing file /Users/miltonvolpato/Git/Alura_Airflow_Oficial/venv/lib/python3.9/site-packages/airflow/example_dags/plugins/workday.py for tasks to queue
[2024-04-02 19:57:46,037] {logging_mixin.py:115} INFO - [2024-04-02 19:57:46,037] {dagbag.py:507} INFO - Filling up the DagBag from /Users/miltonvolpato/Git/Alura_Airflow_Oficial/venv/lib/python3.9/site-packages/airflow/example_dags/plugins/workday.py
[2024-04-02 19:57:46,037] {processor.py:653} WARNING - No viable dags retrieved from /Users/miltonvolpato/Git/Alura_Airflow_Oficial/venv/lib/python3.9/site-packages/airflow/example_dags/plugins/workday.py
[2024-04-02 19:57:46,058] {processor.py:161} INFO - Processing /Users/miltonvolpato/Git/Alura_Airflow_Oficial/venv/lib/python3.9/site-packages/airflow/example_dags/plugins/workday.py took 0.022 seconds
[2024-04-02 19:58:18,891] {processor.py:153} INFO - Started process (PID=12878) to work on /Users/miltonvolpato/Git/Alura_Airflow_Oficial/venv/lib/python3.9/site-packages/airflow/example_dags/plugins/workday.py
[2024-04-02 19:58:18,891] {processor.py:641} INFO - Processing file /Users/miltonvolpato/Git/Alura_Airflow_Oficial/venv/lib/python3.9/site-packages/airflow/example_dags/plugins/workday.py for tasks to queue
[2024-04-02 19:58:18,891] {logging_mixin.py:115} INFO - [2024-04-02 19:58:18,891] {dagbag.py:507} INFO - Filling up the DagBag from /Users/miltonvolpato/Git/Alura_Airflow_Oficial/venv/lib/python3.9/site-packages/airflow/example_dags/plugins/workday.py
[2024-04-02 19:58:18,892] {processor.py:653} WARNING - No viable dags retrieved from /Users/miltonvolpato/Git/Alura_Airflow_Oficial/venv/lib/python3.9/site-packages/airflow/example_dags/plugins/workday.py
[2024-04-02 19:58:18,911] {processor.py:161} INFO - Processing /Users/miltonvolpato/Git/Alura_Airflow_Oficial/venv/lib/python3.9/site-packages/airflow/example_dags/plugins/workday.py took 0.021 seconds
[2024-04-02 19:58:57,152] {processor.py:153} INFO - Started process (PID=12911) to work on /Users/miltonvolpato/Git/Alura_Airflow_Oficial/venv/lib/python3.9/site-packages/airflow/example_dags/plugins/workday.py
[2024-04-02 19:58:57,152] {processor.py:641} INFO - Processing file /Users/miltonvolpato/Git/Alura_Airflow_Oficial/venv/lib/python3.9/site-packages/airflow/example_dags/plugins/workday.py for tasks to queue
[2024-04-02 19:58:57,153] {logging_mixin.py:115} INFO - [2024-04-02 19:58:57,152] {dagbag.py:507} INFO - Filling up the DagBag from /Users/miltonvolpato/Git/Alura_Airflow_Oficial/venv/lib/python3.9/site-packages/airflow/example_dags/plugins/workday.py
[2024-04-02 19:58:57,153] {processor.py:653} WARNING - No viable dags retrieved from /Users/miltonvolpato/Git/Alura_Airflow_Oficial/venv/lib/python3.9/site-packages/airflow/example_dags/plugins/workday.py
[2024-04-02 19:58:57,173] {processor.py:161} INFO - Processing /Users/miltonvolpato/Git/Alura_Airflow_Oficial/venv/lib/python3.9/site-packages/airflow/example_dags/plugins/workday.py took 0.021 seconds
[2024-04-02 19:59:35,833] {processor.py:153} INFO - Started process (PID=12941) to work on /Users/miltonvolpato/Git/Alura_Airflow_Oficial/venv/lib/python3.9/site-packages/airflow/example_dags/plugins/workday.py
[2024-04-02 19:59:35,833] {processor.py:641} INFO - Processing file /Users/miltonvolpato/Git/Alura_Airflow_Oficial/venv/lib/python3.9/site-packages/airflow/example_dags/plugins/workday.py for tasks to queue
[2024-04-02 19:59:35,833] {logging_mixin.py:115} INFO - [2024-04-02 19:59:35,833] {dagbag.py:507} INFO - Filling up the DagBag from /Users/miltonvolpato/Git/Alura_Airflow_Oficial/venv/lib/python3.9/site-packages/airflow/example_dags/plugins/workday.py
[2024-04-02 19:59:35,833] {processor.py:653} WARNING - No viable dags retrieved from /Users/miltonvolpato/Git/Alura_Airflow_Oficial/venv/lib/python3.9/site-packages/airflow/example_dags/plugins/workday.py
[2024-04-02 19:59:35,853] {processor.py:161} INFO - Processing /Users/miltonvolpato/Git/Alura_Airflow_Oficial/venv/lib/python3.9/site-packages/airflow/example_dags/plugins/workday.py took 0.021 seconds
[2024-04-02 20:00:13,073] {processor.py:153} INFO - Started process (PID=12979) to work on /Users/miltonvolpato/Git/Alura_Airflow_Oficial/venv/lib/python3.9/site-packages/airflow/example_dags/plugins/workday.py
[2024-04-02 20:00:13,073] {processor.py:641} INFO - Processing file /Users/miltonvolpato/Git/Alura_Airflow_Oficial/venv/lib/python3.9/site-packages/airflow/example_dags/plugins/workday.py for tasks to queue
[2024-04-02 20:00:13,073] {logging_mixin.py:115} INFO - [2024-04-02 20:00:13,073] {dagbag.py:507} INFO - Filling up the DagBag from /Users/miltonvolpato/Git/Alura_Airflow_Oficial/venv/lib/python3.9/site-packages/airflow/example_dags/plugins/workday.py
[2024-04-02 20:00:13,074] {processor.py:653} WARNING - No viable dags retrieved from /Users/miltonvolpato/Git/Alura_Airflow_Oficial/venv/lib/python3.9/site-packages/airflow/example_dags/plugins/workday.py
[2024-04-02 20:00:13,093] {processor.py:161} INFO - Processing /Users/miltonvolpato/Git/Alura_Airflow_Oficial/venv/lib/python3.9/site-packages/airflow/example_dags/plugins/workday.py took 0.021 seconds
[2024-04-02 20:00:47,356] {processor.py:153} INFO - Started process (PID=13010) to work on /Users/miltonvolpato/Git/Alura_Airflow_Oficial/venv/lib/python3.9/site-packages/airflow/example_dags/plugins/workday.py
[2024-04-02 20:00:47,356] {processor.py:641} INFO - Processing file /Users/miltonvolpato/Git/Alura_Airflow_Oficial/venv/lib/python3.9/site-packages/airflow/example_dags/plugins/workday.py for tasks to queue
[2024-04-02 20:00:47,356] {logging_mixin.py:115} INFO - [2024-04-02 20:00:47,356] {dagbag.py:507} INFO - Filling up the DagBag from /Users/miltonvolpato/Git/Alura_Airflow_Oficial/venv/lib/python3.9/site-packages/airflow/example_dags/plugins/workday.py
[2024-04-02 20:00:47,357] {processor.py:653} WARNING - No viable dags retrieved from /Users/miltonvolpato/Git/Alura_Airflow_Oficial/venv/lib/python3.9/site-packages/airflow/example_dags/plugins/workday.py
[2024-04-02 20:00:47,376] {processor.py:161} INFO - Processing /Users/miltonvolpato/Git/Alura_Airflow_Oficial/venv/lib/python3.9/site-packages/airflow/example_dags/plugins/workday.py took 0.021 seconds
[2024-04-02 20:01:25,246] {processor.py:153} INFO - Started process (PID=13048) to work on /Users/miltonvolpato/Git/Alura_Airflow_Oficial/venv/lib/python3.9/site-packages/airflow/example_dags/plugins/workday.py
[2024-04-02 20:01:25,246] {processor.py:641} INFO - Processing file /Users/miltonvolpato/Git/Alura_Airflow_Oficial/venv/lib/python3.9/site-packages/airflow/example_dags/plugins/workday.py for tasks to queue
[2024-04-02 20:01:25,246] {logging_mixin.py:115} INFO - [2024-04-02 20:01:25,246] {dagbag.py:507} INFO - Filling up the DagBag from /Users/miltonvolpato/Git/Alura_Airflow_Oficial/venv/lib/python3.9/site-packages/airflow/example_dags/plugins/workday.py
[2024-04-02 20:01:25,247] {processor.py:653} WARNING - No viable dags retrieved from /Users/miltonvolpato/Git/Alura_Airflow_Oficial/venv/lib/python3.9/site-packages/airflow/example_dags/plugins/workday.py
[2024-04-02 20:01:25,266] {processor.py:161} INFO - Processing /Users/miltonvolpato/Git/Alura_Airflow_Oficial/venv/lib/python3.9/site-packages/airflow/example_dags/plugins/workday.py took 0.021 seconds
