[2024-04-02 19:36:14,340] {processor.py:153} INFO - Started process (PID=11274) to work on /Users/miltonvolpato/Git/Alura_Airflow_Oficial/venv/lib/python3.9/site-packages/airflow/example_dags/subdags/subdag.py
[2024-04-02 19:36:14,340] {processor.py:641} INFO - Processing file /Users/miltonvolpato/Git/Alura_Airflow_Oficial/venv/lib/python3.9/site-packages/airflow/example_dags/subdags/subdag.py for tasks to queue
[2024-04-02 19:36:14,340] {logging_mixin.py:115} INFO - [2024-04-02 19:36:14,340] {dagbag.py:507} INFO - Filling up the DagBag from /Users/miltonvolpato/Git/Alura_Airflow_Oficial/venv/lib/python3.9/site-packages/airflow/example_dags/subdags/subdag.py
[2024-04-02 19:36:14,341] {processor.py:653} WARNING - No viable dags retrieved from /Users/miltonvolpato/Git/Alura_Airflow_Oficial/venv/lib/python3.9/site-packages/airflow/example_dags/subdags/subdag.py
[2024-04-02 19:36:14,364] {processor.py:161} INFO - Processing /Users/miltonvolpato/Git/Alura_Airflow_Oficial/venv/lib/python3.9/site-packages/airflow/example_dags/subdags/subdag.py took 0.025 seconds
[2024-04-02 19:37:09,256] {processor.py:153} INFO - Started process (PID=11365) to work on /Users/miltonvolpato/Git/Alura_Airflow_Oficial/venv/lib/python3.9/site-packages/airflow/example_dags/subdags/subdag.py
[2024-04-02 19:37:09,257] {processor.py:641} INFO - Processing file /Users/miltonvolpato/Git/Alura_Airflow_Oficial/venv/lib/python3.9/site-packages/airflow/example_dags/subdags/subdag.py for tasks to queue
[2024-04-02 19:37:09,257] {logging_mixin.py:115} INFO - [2024-04-02 19:37:09,257] {dagbag.py:507} INFO - Filling up the DagBag from /Users/miltonvolpato/Git/Alura_Airflow_Oficial/venv/lib/python3.9/site-packages/airflow/example_dags/subdags/subdag.py
[2024-04-02 19:37:09,259] {processor.py:653} WARNING - No viable dags retrieved from /Users/miltonvolpato/Git/Alura_Airflow_Oficial/venv/lib/python3.9/site-packages/airflow/example_dags/subdags/subdag.py
[2024-04-02 19:37:09,280] {processor.py:161} INFO - Processing /Users/miltonvolpato/Git/Alura_Airflow_Oficial/venv/lib/python3.9/site-packages/airflow/example_dags/subdags/subdag.py took 0.024 seconds
[2024-04-02 19:37:51,536] {processor.py:153} INFO - Started process (PID=11446) to work on /Users/miltonvolpato/Git/Alura_Airflow_Oficial/venv/lib/python3.9/site-packages/airflow/example_dags/subdags/subdag.py
[2024-04-02 19:37:51,536] {processor.py:641} INFO - Processing file /Users/miltonvolpato/Git/Alura_Airflow_Oficial/venv/lib/python3.9/site-packages/airflow/example_dags/subdags/subdag.py for tasks to queue
[2024-04-02 19:37:51,537] {logging_mixin.py:115} INFO - [2024-04-02 19:37:51,537] {dagbag.py:507} INFO - Filling up the DagBag from /Users/miltonvolpato/Git/Alura_Airflow_Oficial/venv/lib/python3.9/site-packages/airflow/example_dags/subdags/subdag.py
[2024-04-02 19:37:51,538] {processor.py:653} WARNING - No viable dags retrieved from /Users/miltonvolpato/Git/Alura_Airflow_Oficial/venv/lib/python3.9/site-packages/airflow/example_dags/subdags/subdag.py
[2024-04-02 19:37:51,557] {processor.py:161} INFO - Processing /Users/miltonvolpato/Git/Alura_Airflow_Oficial/venv/lib/python3.9/site-packages/airflow/example_dags/subdags/subdag.py took 0.022 seconds
[2024-04-02 19:38:26,964] {processor.py:153} INFO - Started process (PID=11497) to work on /Users/miltonvolpato/Git/Alura_Airflow_Oficial/venv/lib/python3.9/site-packages/airflow/example_dags/subdags/subdag.py
[2024-04-02 19:38:26,964] {processor.py:641} INFO - Processing file /Users/miltonvolpato/Git/Alura_Airflow_Oficial/venv/lib/python3.9/site-packages/airflow/example_dags/subdags/subdag.py for tasks to queue
[2024-04-02 19:38:26,965] {logging_mixin.py:115} INFO - [2024-04-02 19:38:26,964] {dagbag.py:507} INFO - Filling up the DagBag from /Users/miltonvolpato/Git/Alura_Airflow_Oficial/venv/lib/python3.9/site-packages/airflow/example_dags/subdags/subdag.py
[2024-04-02 19:38:26,965] {processor.py:653} WARNING - No viable dags retrieved from /Users/miltonvolpato/Git/Alura_Airflow_Oficial/venv/lib/python3.9/site-packages/airflow/example_dags/subdags/subdag.py
[2024-04-02 19:38:26,985] {processor.py:161} INFO - Processing /Users/miltonvolpato/Git/Alura_Airflow_Oficial/venv/lib/python3.9/site-packages/airflow/example_dags/subdags/subdag.py took 0.021 seconds
[2024-04-02 19:38:59,958] {processor.py:153} INFO - Started process (PID=11535) to work on /Users/miltonvolpato/Git/Alura_Airflow_Oficial/venv/lib/python3.9/site-packages/airflow/example_dags/subdags/subdag.py
[2024-04-02 19:38:59,958] {processor.py:641} INFO - Processing file /Users/miltonvolpato/Git/Alura_Airflow_Oficial/venv/lib/python3.9/site-packages/airflow/example_dags/subdags/subdag.py for tasks to queue
[2024-04-02 19:38:59,958] {logging_mixin.py:115} INFO - [2024-04-02 19:38:59,958] {dagbag.py:507} INFO - Filling up the DagBag from /Users/miltonvolpato/Git/Alura_Airflow_Oficial/venv/lib/python3.9/site-packages/airflow/example_dags/subdags/subdag.py
[2024-04-02 19:38:59,959] {processor.py:653} WARNING - No viable dags retrieved from /Users/miltonvolpato/Git/Alura_Airflow_Oficial/venv/lib/python3.9/site-packages/airflow/example_dags/subdags/subdag.py
[2024-04-02 19:38:59,978] {processor.py:161} INFO - Processing /Users/miltonvolpato/Git/Alura_Airflow_Oficial/venv/lib/python3.9/site-packages/airflow/example_dags/subdags/subdag.py took 0.021 seconds
[2024-04-02 19:39:32,268] {processor.py:153} INFO - Started process (PID=11564) to work on /Users/miltonvolpato/Git/Alura_Airflow_Oficial/venv/lib/python3.9/site-packages/airflow/example_dags/subdags/subdag.py
[2024-04-02 19:39:32,268] {processor.py:641} INFO - Processing file /Users/miltonvolpato/Git/Alura_Airflow_Oficial/venv/lib/python3.9/site-packages/airflow/example_dags/subdags/subdag.py for tasks to queue
[2024-04-02 19:39:32,268] {logging_mixin.py:115} INFO - [2024-04-02 19:39:32,268] {dagbag.py:507} INFO - Filling up the DagBag from /Users/miltonvolpato/Git/Alura_Airflow_Oficial/venv/lib/python3.9/site-packages/airflow/example_dags/subdags/subdag.py
[2024-04-02 19:39:32,269] {processor.py:653} WARNING - No viable dags retrieved from /Users/miltonvolpato/Git/Alura_Airflow_Oficial/venv/lib/python3.9/site-packages/airflow/example_dags/subdags/subdag.py
[2024-04-02 19:39:32,288] {processor.py:161} INFO - Processing /Users/miltonvolpato/Git/Alura_Airflow_Oficial/venv/lib/python3.9/site-packages/airflow/example_dags/subdags/subdag.py took 0.021 seconds
[2024-04-02 19:40:03,977] {processor.py:153} INFO - Started process (PID=11590) to work on /Users/miltonvolpato/Git/Alura_Airflow_Oficial/venv/lib/python3.9/site-packages/airflow/example_dags/subdags/subdag.py
[2024-04-02 19:40:03,977] {processor.py:641} INFO - Processing file /Users/miltonvolpato/Git/Alura_Airflow_Oficial/venv/lib/python3.9/site-packages/airflow/example_dags/subdags/subdag.py for tasks to queue
[2024-04-02 19:40:03,977] {logging_mixin.py:115} INFO - [2024-04-02 19:40:03,977] {dagbag.py:507} INFO - Filling up the DagBag from /Users/miltonvolpato/Git/Alura_Airflow_Oficial/venv/lib/python3.9/site-packages/airflow/example_dags/subdags/subdag.py
[2024-04-02 19:40:03,978] {processor.py:653} WARNING - No viable dags retrieved from /Users/miltonvolpato/Git/Alura_Airflow_Oficial/venv/lib/python3.9/site-packages/airflow/example_dags/subdags/subdag.py
[2024-04-02 19:40:03,999] {processor.py:161} INFO - Processing /Users/miltonvolpato/Git/Alura_Airflow_Oficial/venv/lib/python3.9/site-packages/airflow/example_dags/subdags/subdag.py took 0.022 seconds
[2024-04-02 19:40:38,595] {processor.py:153} INFO - Started process (PID=11626) to work on /Users/miltonvolpato/Git/Alura_Airflow_Oficial/venv/lib/python3.9/site-packages/airflow/example_dags/subdags/subdag.py
[2024-04-02 19:40:38,595] {processor.py:641} INFO - Processing file /Users/miltonvolpato/Git/Alura_Airflow_Oficial/venv/lib/python3.9/site-packages/airflow/example_dags/subdags/subdag.py for tasks to queue
[2024-04-02 19:40:38,596] {logging_mixin.py:115} INFO - [2024-04-02 19:40:38,596] {dagbag.py:507} INFO - Filling up the DagBag from /Users/miltonvolpato/Git/Alura_Airflow_Oficial/venv/lib/python3.9/site-packages/airflow/example_dags/subdags/subdag.py
[2024-04-02 19:40:38,596] {processor.py:653} WARNING - No viable dags retrieved from /Users/miltonvolpato/Git/Alura_Airflow_Oficial/venv/lib/python3.9/site-packages/airflow/example_dags/subdags/subdag.py
[2024-04-02 19:40:38,616] {processor.py:161} INFO - Processing /Users/miltonvolpato/Git/Alura_Airflow_Oficial/venv/lib/python3.9/site-packages/airflow/example_dags/subdags/subdag.py took 0.021 seconds
[2024-04-02 19:41:15,332] {processor.py:153} INFO - Started process (PID=11656) to work on /Users/miltonvolpato/Git/Alura_Airflow_Oficial/venv/lib/python3.9/site-packages/airflow/example_dags/subdags/subdag.py
[2024-04-02 19:41:15,332] {processor.py:641} INFO - Processing file /Users/miltonvolpato/Git/Alura_Airflow_Oficial/venv/lib/python3.9/site-packages/airflow/example_dags/subdags/subdag.py for tasks to queue
[2024-04-02 19:41:15,332] {logging_mixin.py:115} INFO - [2024-04-02 19:41:15,332] {dagbag.py:507} INFO - Filling up the DagBag from /Users/miltonvolpato/Git/Alura_Airflow_Oficial/venv/lib/python3.9/site-packages/airflow/example_dags/subdags/subdag.py
[2024-04-02 19:41:15,333] {processor.py:653} WARNING - No viable dags retrieved from /Users/miltonvolpato/Git/Alura_Airflow_Oficial/venv/lib/python3.9/site-packages/airflow/example_dags/subdags/subdag.py
[2024-04-02 19:41:15,353] {processor.py:161} INFO - Processing /Users/miltonvolpato/Git/Alura_Airflow_Oficial/venv/lib/python3.9/site-packages/airflow/example_dags/subdags/subdag.py took 0.021 seconds
[2024-04-02 19:41:50,897] {processor.py:153} INFO - Started process (PID=11692) to work on /Users/miltonvolpato/Git/Alura_Airflow_Oficial/venv/lib/python3.9/site-packages/airflow/example_dags/subdags/subdag.py
[2024-04-02 19:41:50,897] {processor.py:641} INFO - Processing file /Users/miltonvolpato/Git/Alura_Airflow_Oficial/venv/lib/python3.9/site-packages/airflow/example_dags/subdags/subdag.py for tasks to queue
[2024-04-02 19:41:50,897] {logging_mixin.py:115} INFO - [2024-04-02 19:41:50,897] {dagbag.py:507} INFO - Filling up the DagBag from /Users/miltonvolpato/Git/Alura_Airflow_Oficial/venv/lib/python3.9/site-packages/airflow/example_dags/subdags/subdag.py
[2024-04-02 19:41:50,898] {processor.py:653} WARNING - No viable dags retrieved from /Users/miltonvolpato/Git/Alura_Airflow_Oficial/venv/lib/python3.9/site-packages/airflow/example_dags/subdags/subdag.py
[2024-04-02 19:41:50,917] {processor.py:161} INFO - Processing /Users/miltonvolpato/Git/Alura_Airflow_Oficial/venv/lib/python3.9/site-packages/airflow/example_dags/subdags/subdag.py took 0.021 seconds
[2024-04-02 19:42:26,523] {processor.py:153} INFO - Started process (PID=11724) to work on /Users/miltonvolpato/Git/Alura_Airflow_Oficial/venv/lib/python3.9/site-packages/airflow/example_dags/subdags/subdag.py
[2024-04-02 19:42:26,523] {processor.py:641} INFO - Processing file /Users/miltonvolpato/Git/Alura_Airflow_Oficial/venv/lib/python3.9/site-packages/airflow/example_dags/subdags/subdag.py for tasks to queue
[2024-04-02 19:42:26,523] {logging_mixin.py:115} INFO - [2024-04-02 19:42:26,523] {dagbag.py:507} INFO - Filling up the DagBag from /Users/miltonvolpato/Git/Alura_Airflow_Oficial/venv/lib/python3.9/site-packages/airflow/example_dags/subdags/subdag.py
[2024-04-02 19:42:26,524] {processor.py:653} WARNING - No viable dags retrieved from /Users/miltonvolpato/Git/Alura_Airflow_Oficial/venv/lib/python3.9/site-packages/airflow/example_dags/subdags/subdag.py
[2024-04-02 19:42:26,544] {processor.py:161} INFO - Processing /Users/miltonvolpato/Git/Alura_Airflow_Oficial/venv/lib/python3.9/site-packages/airflow/example_dags/subdags/subdag.py took 0.021 seconds
[2024-04-02 19:42:59,783] {processor.py:153} INFO - Started process (PID=11757) to work on /Users/miltonvolpato/Git/Alura_Airflow_Oficial/venv/lib/python3.9/site-packages/airflow/example_dags/subdags/subdag.py
[2024-04-02 19:42:59,784] {processor.py:641} INFO - Processing file /Users/miltonvolpato/Git/Alura_Airflow_Oficial/venv/lib/python3.9/site-packages/airflow/example_dags/subdags/subdag.py for tasks to queue
[2024-04-02 19:42:59,784] {logging_mixin.py:115} INFO - [2024-04-02 19:42:59,784] {dagbag.py:507} INFO - Filling up the DagBag from /Users/miltonvolpato/Git/Alura_Airflow_Oficial/venv/lib/python3.9/site-packages/airflow/example_dags/subdags/subdag.py
[2024-04-02 19:42:59,786] {processor.py:653} WARNING - No viable dags retrieved from /Users/miltonvolpato/Git/Alura_Airflow_Oficial/venv/lib/python3.9/site-packages/airflow/example_dags/subdags/subdag.py
[2024-04-02 19:42:59,805] {processor.py:161} INFO - Processing /Users/miltonvolpato/Git/Alura_Airflow_Oficial/venv/lib/python3.9/site-packages/airflow/example_dags/subdags/subdag.py took 0.022 seconds
[2024-04-02 19:43:33,015] {processor.py:153} INFO - Started process (PID=11786) to work on /Users/miltonvolpato/Git/Alura_Airflow_Oficial/venv/lib/python3.9/site-packages/airflow/example_dags/subdags/subdag.py
[2024-04-02 19:43:33,015] {processor.py:641} INFO - Processing file /Users/miltonvolpato/Git/Alura_Airflow_Oficial/venv/lib/python3.9/site-packages/airflow/example_dags/subdags/subdag.py for tasks to queue
[2024-04-02 19:43:33,015] {logging_mixin.py:115} INFO - [2024-04-02 19:43:33,015] {dagbag.py:507} INFO - Filling up the DagBag from /Users/miltonvolpato/Git/Alura_Airflow_Oficial/venv/lib/python3.9/site-packages/airflow/example_dags/subdags/subdag.py
[2024-04-02 19:43:33,016] {processor.py:653} WARNING - No viable dags retrieved from /Users/miltonvolpato/Git/Alura_Airflow_Oficial/venv/lib/python3.9/site-packages/airflow/example_dags/subdags/subdag.py
[2024-04-02 19:43:33,036] {processor.py:161} INFO - Processing /Users/miltonvolpato/Git/Alura_Airflow_Oficial/venv/lib/python3.9/site-packages/airflow/example_dags/subdags/subdag.py took 0.022 seconds
[2024-04-02 19:44:14,104] {processor.py:153} INFO - Started process (PID=11837) to work on /Users/miltonvolpato/Git/Alura_Airflow_Oficial/venv/lib/python3.9/site-packages/airflow/example_dags/subdags/subdag.py
[2024-04-02 19:44:14,105] {processor.py:641} INFO - Processing file /Users/miltonvolpato/Git/Alura_Airflow_Oficial/venv/lib/python3.9/site-packages/airflow/example_dags/subdags/subdag.py for tasks to queue
[2024-04-02 19:44:14,105] {logging_mixin.py:115} INFO - [2024-04-02 19:44:14,105] {dagbag.py:507} INFO - Filling up the DagBag from /Users/miltonvolpato/Git/Alura_Airflow_Oficial/venv/lib/python3.9/site-packages/airflow/example_dags/subdags/subdag.py
[2024-04-02 19:44:14,106] {processor.py:653} WARNING - No viable dags retrieved from /Users/miltonvolpato/Git/Alura_Airflow_Oficial/venv/lib/python3.9/site-packages/airflow/example_dags/subdags/subdag.py
[2024-04-02 19:44:14,126] {processor.py:161} INFO - Processing /Users/miltonvolpato/Git/Alura_Airflow_Oficial/venv/lib/python3.9/site-packages/airflow/example_dags/subdags/subdag.py took 0.022 seconds
[2024-04-02 19:44:48,849] {processor.py:153} INFO - Started process (PID=11888) to work on /Users/miltonvolpato/Git/Alura_Airflow_Oficial/venv/lib/python3.9/site-packages/airflow/example_dags/subdags/subdag.py
[2024-04-02 19:44:48,849] {processor.py:641} INFO - Processing file /Users/miltonvolpato/Git/Alura_Airflow_Oficial/venv/lib/python3.9/site-packages/airflow/example_dags/subdags/subdag.py for tasks to queue
[2024-04-02 19:44:48,850] {logging_mixin.py:115} INFO - [2024-04-02 19:44:48,850] {dagbag.py:507} INFO - Filling up the DagBag from /Users/miltonvolpato/Git/Alura_Airflow_Oficial/venv/lib/python3.9/site-packages/airflow/example_dags/subdags/subdag.py
[2024-04-02 19:44:48,851] {processor.py:653} WARNING - No viable dags retrieved from /Users/miltonvolpato/Git/Alura_Airflow_Oficial/venv/lib/python3.9/site-packages/airflow/example_dags/subdags/subdag.py
[2024-04-02 19:44:48,870] {processor.py:161} INFO - Processing /Users/miltonvolpato/Git/Alura_Airflow_Oficial/venv/lib/python3.9/site-packages/airflow/example_dags/subdags/subdag.py took 0.021 seconds
[2024-04-02 19:45:24,868] {processor.py:153} INFO - Started process (PID=11917) to work on /Users/miltonvolpato/Git/Alura_Airflow_Oficial/venv/lib/python3.9/site-packages/airflow/example_dags/subdags/subdag.py
[2024-04-02 19:45:24,868] {processor.py:641} INFO - Processing file /Users/miltonvolpato/Git/Alura_Airflow_Oficial/venv/lib/python3.9/site-packages/airflow/example_dags/subdags/subdag.py for tasks to queue
[2024-04-02 19:45:24,868] {logging_mixin.py:115} INFO - [2024-04-02 19:45:24,868] {dagbag.py:507} INFO - Filling up the DagBag from /Users/miltonvolpato/Git/Alura_Airflow_Oficial/venv/lib/python3.9/site-packages/airflow/example_dags/subdags/subdag.py
[2024-04-02 19:45:24,869] {processor.py:653} WARNING - No viable dags retrieved from /Users/miltonvolpato/Git/Alura_Airflow_Oficial/venv/lib/python3.9/site-packages/airflow/example_dags/subdags/subdag.py
[2024-04-02 19:45:24,889] {processor.py:161} INFO - Processing /Users/miltonvolpato/Git/Alura_Airflow_Oficial/venv/lib/python3.9/site-packages/airflow/example_dags/subdags/subdag.py took 0.021 seconds
[2024-04-02 19:45:57,161] {processor.py:153} INFO - Started process (PID=11943) to work on /Users/miltonvolpato/Git/Alura_Airflow_Oficial/venv/lib/python3.9/site-packages/airflow/example_dags/subdags/subdag.py
[2024-04-02 19:45:57,161] {processor.py:641} INFO - Processing file /Users/miltonvolpato/Git/Alura_Airflow_Oficial/venv/lib/python3.9/site-packages/airflow/example_dags/subdags/subdag.py for tasks to queue
[2024-04-02 19:45:57,162] {logging_mixin.py:115} INFO - [2024-04-02 19:45:57,162] {dagbag.py:507} INFO - Filling up the DagBag from /Users/miltonvolpato/Git/Alura_Airflow_Oficial/venv/lib/python3.9/site-packages/airflow/example_dags/subdags/subdag.py
[2024-04-02 19:45:57,162] {processor.py:653} WARNING - No viable dags retrieved from /Users/miltonvolpato/Git/Alura_Airflow_Oficial/venv/lib/python3.9/site-packages/airflow/example_dags/subdags/subdag.py
[2024-04-02 19:45:57,182] {processor.py:161} INFO - Processing /Users/miltonvolpato/Git/Alura_Airflow_Oficial/venv/lib/python3.9/site-packages/airflow/example_dags/subdags/subdag.py took 0.021 seconds
[2024-04-02 19:46:30,375] {processor.py:153} INFO - Started process (PID=11992) to work on /Users/miltonvolpato/Git/Alura_Airflow_Oficial/venv/lib/python3.9/site-packages/airflow/example_dags/subdags/subdag.py
[2024-04-02 19:46:30,375] {processor.py:641} INFO - Processing file /Users/miltonvolpato/Git/Alura_Airflow_Oficial/venv/lib/python3.9/site-packages/airflow/example_dags/subdags/subdag.py for tasks to queue
[2024-04-02 19:46:30,376] {logging_mixin.py:115} INFO - [2024-04-02 19:46:30,376] {dagbag.py:507} INFO - Filling up the DagBag from /Users/miltonvolpato/Git/Alura_Airflow_Oficial/venv/lib/python3.9/site-packages/airflow/example_dags/subdags/subdag.py
[2024-04-02 19:46:30,377] {processor.py:653} WARNING - No viable dags retrieved from /Users/miltonvolpato/Git/Alura_Airflow_Oficial/venv/lib/python3.9/site-packages/airflow/example_dags/subdags/subdag.py
[2024-04-02 19:46:30,402] {processor.py:161} INFO - Processing /Users/miltonvolpato/Git/Alura_Airflow_Oficial/venv/lib/python3.9/site-packages/airflow/example_dags/subdags/subdag.py took 0.028 seconds
[2024-04-02 19:47:07,732] {processor.py:153} INFO - Started process (PID=12051) to work on /Users/miltonvolpato/Git/Alura_Airflow_Oficial/venv/lib/python3.9/site-packages/airflow/example_dags/subdags/subdag.py
[2024-04-02 19:47:07,733] {processor.py:641} INFO - Processing file /Users/miltonvolpato/Git/Alura_Airflow_Oficial/venv/lib/python3.9/site-packages/airflow/example_dags/subdags/subdag.py for tasks to queue
[2024-04-02 19:47:07,733] {logging_mixin.py:115} INFO - [2024-04-02 19:47:07,733] {dagbag.py:507} INFO - Filling up the DagBag from /Users/miltonvolpato/Git/Alura_Airflow_Oficial/venv/lib/python3.9/site-packages/airflow/example_dags/subdags/subdag.py
[2024-04-02 19:47:07,735] {processor.py:653} WARNING - No viable dags retrieved from /Users/miltonvolpato/Git/Alura_Airflow_Oficial/venv/lib/python3.9/site-packages/airflow/example_dags/subdags/subdag.py
[2024-04-02 19:47:07,754] {processor.py:161} INFO - Processing /Users/miltonvolpato/Git/Alura_Airflow_Oficial/venv/lib/python3.9/site-packages/airflow/example_dags/subdags/subdag.py took 0.022 seconds
[2024-04-02 19:47:42,922] {processor.py:153} INFO - Started process (PID=12107) to work on /Users/miltonvolpato/Git/Alura_Airflow_Oficial/venv/lib/python3.9/site-packages/airflow/example_dags/subdags/subdag.py
[2024-04-02 19:47:42,922] {processor.py:641} INFO - Processing file /Users/miltonvolpato/Git/Alura_Airflow_Oficial/venv/lib/python3.9/site-packages/airflow/example_dags/subdags/subdag.py for tasks to queue
[2024-04-02 19:47:42,922] {logging_mixin.py:115} INFO - [2024-04-02 19:47:42,922] {dagbag.py:507} INFO - Filling up the DagBag from /Users/miltonvolpato/Git/Alura_Airflow_Oficial/venv/lib/python3.9/site-packages/airflow/example_dags/subdags/subdag.py
[2024-04-02 19:47:42,923] {processor.py:653} WARNING - No viable dags retrieved from /Users/miltonvolpato/Git/Alura_Airflow_Oficial/venv/lib/python3.9/site-packages/airflow/example_dags/subdags/subdag.py
[2024-04-02 19:47:42,943] {processor.py:161} INFO - Processing /Users/miltonvolpato/Git/Alura_Airflow_Oficial/venv/lib/python3.9/site-packages/airflow/example_dags/subdags/subdag.py took 0.021 seconds
[2024-04-02 19:48:28,604] {processor.py:153} INFO - Started process (PID=12148) to work on /Users/miltonvolpato/Git/Alura_Airflow_Oficial/venv/lib/python3.9/site-packages/airflow/example_dags/subdags/subdag.py
[2024-04-02 19:48:28,604] {processor.py:641} INFO - Processing file /Users/miltonvolpato/Git/Alura_Airflow_Oficial/venv/lib/python3.9/site-packages/airflow/example_dags/subdags/subdag.py for tasks to queue
[2024-04-02 19:48:28,604] {logging_mixin.py:115} INFO - [2024-04-02 19:48:28,604] {dagbag.py:507} INFO - Filling up the DagBag from /Users/miltonvolpato/Git/Alura_Airflow_Oficial/venv/lib/python3.9/site-packages/airflow/example_dags/subdags/subdag.py
[2024-04-02 19:48:28,605] {processor.py:653} WARNING - No viable dags retrieved from /Users/miltonvolpato/Git/Alura_Airflow_Oficial/venv/lib/python3.9/site-packages/airflow/example_dags/subdags/subdag.py
[2024-04-02 19:48:28,625] {processor.py:161} INFO - Processing /Users/miltonvolpato/Git/Alura_Airflow_Oficial/venv/lib/python3.9/site-packages/airflow/example_dags/subdags/subdag.py took 0.021 seconds
[2024-04-02 19:49:01,244] {processor.py:153} INFO - Started process (PID=12187) to work on /Users/miltonvolpato/Git/Alura_Airflow_Oficial/venv/lib/python3.9/site-packages/airflow/example_dags/subdags/subdag.py
[2024-04-02 19:49:01,244] {processor.py:641} INFO - Processing file /Users/miltonvolpato/Git/Alura_Airflow_Oficial/venv/lib/python3.9/site-packages/airflow/example_dags/subdags/subdag.py for tasks to queue
[2024-04-02 19:49:01,244] {logging_mixin.py:115} INFO - [2024-04-02 19:49:01,244] {dagbag.py:507} INFO - Filling up the DagBag from /Users/miltonvolpato/Git/Alura_Airflow_Oficial/venv/lib/python3.9/site-packages/airflow/example_dags/subdags/subdag.py
[2024-04-02 19:49:01,245] {processor.py:653} WARNING - No viable dags retrieved from /Users/miltonvolpato/Git/Alura_Airflow_Oficial/venv/lib/python3.9/site-packages/airflow/example_dags/subdags/subdag.py
[2024-04-02 19:49:01,266] {processor.py:161} INFO - Processing /Users/miltonvolpato/Git/Alura_Airflow_Oficial/venv/lib/python3.9/site-packages/airflow/example_dags/subdags/subdag.py took 0.022 seconds
[2024-04-02 19:49:35,610] {processor.py:153} INFO - Started process (PID=12233) to work on /Users/miltonvolpato/Git/Alura_Airflow_Oficial/venv/lib/python3.9/site-packages/airflow/example_dags/subdags/subdag.py
[2024-04-02 19:49:35,611] {processor.py:641} INFO - Processing file /Users/miltonvolpato/Git/Alura_Airflow_Oficial/venv/lib/python3.9/site-packages/airflow/example_dags/subdags/subdag.py for tasks to queue
[2024-04-02 19:49:35,611] {logging_mixin.py:115} INFO - [2024-04-02 19:49:35,611] {dagbag.py:507} INFO - Filling up the DagBag from /Users/miltonvolpato/Git/Alura_Airflow_Oficial/venv/lib/python3.9/site-packages/airflow/example_dags/subdags/subdag.py
[2024-04-02 19:49:35,612] {processor.py:653} WARNING - No viable dags retrieved from /Users/miltonvolpato/Git/Alura_Airflow_Oficial/venv/lib/python3.9/site-packages/airflow/example_dags/subdags/subdag.py
[2024-04-02 19:49:35,632] {processor.py:161} INFO - Processing /Users/miltonvolpato/Git/Alura_Airflow_Oficial/venv/lib/python3.9/site-packages/airflow/example_dags/subdags/subdag.py took 0.022 seconds
[2024-04-02 19:50:10,520] {processor.py:153} INFO - Started process (PID=12263) to work on /Users/miltonvolpato/Git/Alura_Airflow_Oficial/venv/lib/python3.9/site-packages/airflow/example_dags/subdags/subdag.py
[2024-04-02 19:50:10,520] {processor.py:641} INFO - Processing file /Users/miltonvolpato/Git/Alura_Airflow_Oficial/venv/lib/python3.9/site-packages/airflow/example_dags/subdags/subdag.py for tasks to queue
[2024-04-02 19:50:10,520] {logging_mixin.py:115} INFO - [2024-04-02 19:50:10,520] {dagbag.py:507} INFO - Filling up the DagBag from /Users/miltonvolpato/Git/Alura_Airflow_Oficial/venv/lib/python3.9/site-packages/airflow/example_dags/subdags/subdag.py
[2024-04-02 19:50:10,521] {processor.py:653} WARNING - No viable dags retrieved from /Users/miltonvolpato/Git/Alura_Airflow_Oficial/venv/lib/python3.9/site-packages/airflow/example_dags/subdags/subdag.py
[2024-04-02 19:50:10,541] {processor.py:161} INFO - Processing /Users/miltonvolpato/Git/Alura_Airflow_Oficial/venv/lib/python3.9/site-packages/airflow/example_dags/subdags/subdag.py took 0.021 seconds
[2024-04-02 19:50:46,987] {processor.py:153} INFO - Started process (PID=12292) to work on /Users/miltonvolpato/Git/Alura_Airflow_Oficial/venv/lib/python3.9/site-packages/airflow/example_dags/subdags/subdag.py
[2024-04-02 19:50:46,988] {processor.py:641} INFO - Processing file /Users/miltonvolpato/Git/Alura_Airflow_Oficial/venv/lib/python3.9/site-packages/airflow/example_dags/subdags/subdag.py for tasks to queue
[2024-04-02 19:50:46,988] {logging_mixin.py:115} INFO - [2024-04-02 19:50:46,988] {dagbag.py:507} INFO - Filling up the DagBag from /Users/miltonvolpato/Git/Alura_Airflow_Oficial/venv/lib/python3.9/site-packages/airflow/example_dags/subdags/subdag.py
[2024-04-02 19:50:46,989] {processor.py:653} WARNING - No viable dags retrieved from /Users/miltonvolpato/Git/Alura_Airflow_Oficial/venv/lib/python3.9/site-packages/airflow/example_dags/subdags/subdag.py
[2024-04-02 19:50:47,009] {processor.py:161} INFO - Processing /Users/miltonvolpato/Git/Alura_Airflow_Oficial/venv/lib/python3.9/site-packages/airflow/example_dags/subdags/subdag.py took 0.023 seconds
[2024-04-02 19:51:21,118] {processor.py:153} INFO - Started process (PID=12324) to work on /Users/miltonvolpato/Git/Alura_Airflow_Oficial/venv/lib/python3.9/site-packages/airflow/example_dags/subdags/subdag.py
[2024-04-02 19:51:21,118] {processor.py:641} INFO - Processing file /Users/miltonvolpato/Git/Alura_Airflow_Oficial/venv/lib/python3.9/site-packages/airflow/example_dags/subdags/subdag.py for tasks to queue
[2024-04-02 19:51:21,118] {logging_mixin.py:115} INFO - [2024-04-02 19:51:21,118] {dagbag.py:507} INFO - Filling up the DagBag from /Users/miltonvolpato/Git/Alura_Airflow_Oficial/venv/lib/python3.9/site-packages/airflow/example_dags/subdags/subdag.py
[2024-04-02 19:51:21,119] {processor.py:653} WARNING - No viable dags retrieved from /Users/miltonvolpato/Git/Alura_Airflow_Oficial/venv/lib/python3.9/site-packages/airflow/example_dags/subdags/subdag.py
[2024-04-02 19:51:21,141] {processor.py:161} INFO - Processing /Users/miltonvolpato/Git/Alura_Airflow_Oficial/venv/lib/python3.9/site-packages/airflow/example_dags/subdags/subdag.py took 0.024 seconds
[2024-04-02 19:51:59,722] {processor.py:153} INFO - Started process (PID=12369) to work on /Users/miltonvolpato/Git/Alura_Airflow_Oficial/venv/lib/python3.9/site-packages/airflow/example_dags/subdags/subdag.py
[2024-04-02 19:51:59,723] {processor.py:641} INFO - Processing file /Users/miltonvolpato/Git/Alura_Airflow_Oficial/venv/lib/python3.9/site-packages/airflow/example_dags/subdags/subdag.py for tasks to queue
[2024-04-02 19:51:59,723] {logging_mixin.py:115} INFO - [2024-04-02 19:51:59,723] {dagbag.py:507} INFO - Filling up the DagBag from /Users/miltonvolpato/Git/Alura_Airflow_Oficial/venv/lib/python3.9/site-packages/airflow/example_dags/subdags/subdag.py
[2024-04-02 19:51:59,724] {processor.py:653} WARNING - No viable dags retrieved from /Users/miltonvolpato/Git/Alura_Airflow_Oficial/venv/lib/python3.9/site-packages/airflow/example_dags/subdags/subdag.py
[2024-04-02 19:51:59,744] {processor.py:161} INFO - Processing /Users/miltonvolpato/Git/Alura_Airflow_Oficial/venv/lib/python3.9/site-packages/airflow/example_dags/subdags/subdag.py took 0.022 seconds
[2024-04-02 19:52:33,432] {processor.py:153} INFO - Started process (PID=12399) to work on /Users/miltonvolpato/Git/Alura_Airflow_Oficial/venv/lib/python3.9/site-packages/airflow/example_dags/subdags/subdag.py
[2024-04-02 19:52:33,433] {processor.py:641} INFO - Processing file /Users/miltonvolpato/Git/Alura_Airflow_Oficial/venv/lib/python3.9/site-packages/airflow/example_dags/subdags/subdag.py for tasks to queue
[2024-04-02 19:52:33,433] {logging_mixin.py:115} INFO - [2024-04-02 19:52:33,433] {dagbag.py:507} INFO - Filling up the DagBag from /Users/miltonvolpato/Git/Alura_Airflow_Oficial/venv/lib/python3.9/site-packages/airflow/example_dags/subdags/subdag.py
[2024-04-02 19:52:33,434] {processor.py:653} WARNING - No viable dags retrieved from /Users/miltonvolpato/Git/Alura_Airflow_Oficial/venv/lib/python3.9/site-packages/airflow/example_dags/subdags/subdag.py
[2024-04-02 19:52:33,456] {processor.py:161} INFO - Processing /Users/miltonvolpato/Git/Alura_Airflow_Oficial/venv/lib/python3.9/site-packages/airflow/example_dags/subdags/subdag.py took 0.024 seconds
[2024-04-02 19:53:12,587] {processor.py:153} INFO - Started process (PID=12430) to work on /Users/miltonvolpato/Git/Alura_Airflow_Oficial/venv/lib/python3.9/site-packages/airflow/example_dags/subdags/subdag.py
[2024-04-02 19:53:12,587] {processor.py:641} INFO - Processing file /Users/miltonvolpato/Git/Alura_Airflow_Oficial/venv/lib/python3.9/site-packages/airflow/example_dags/subdags/subdag.py for tasks to queue
[2024-04-02 19:53:12,587] {logging_mixin.py:115} INFO - [2024-04-02 19:53:12,587] {dagbag.py:507} INFO - Filling up the DagBag from /Users/miltonvolpato/Git/Alura_Airflow_Oficial/venv/lib/python3.9/site-packages/airflow/example_dags/subdags/subdag.py
[2024-04-02 19:53:12,588] {processor.py:653} WARNING - No viable dags retrieved from /Users/miltonvolpato/Git/Alura_Airflow_Oficial/venv/lib/python3.9/site-packages/airflow/example_dags/subdags/subdag.py
[2024-04-02 19:53:12,608] {processor.py:161} INFO - Processing /Users/miltonvolpato/Git/Alura_Airflow_Oficial/venv/lib/python3.9/site-packages/airflow/example_dags/subdags/subdag.py took 0.021 seconds
[2024-04-02 19:53:50,801] {processor.py:153} INFO - Started process (PID=12514) to work on /Users/miltonvolpato/Git/Alura_Airflow_Oficial/venv/lib/python3.9/site-packages/airflow/example_dags/subdags/subdag.py
[2024-04-02 19:53:50,802] {processor.py:641} INFO - Processing file /Users/miltonvolpato/Git/Alura_Airflow_Oficial/venv/lib/python3.9/site-packages/airflow/example_dags/subdags/subdag.py for tasks to queue
[2024-04-02 19:53:50,802] {logging_mixin.py:115} INFO - [2024-04-02 19:53:50,802] {dagbag.py:507} INFO - Filling up the DagBag from /Users/miltonvolpato/Git/Alura_Airflow_Oficial/venv/lib/python3.9/site-packages/airflow/example_dags/subdags/subdag.py
[2024-04-02 19:53:50,803] {processor.py:653} WARNING - No viable dags retrieved from /Users/miltonvolpato/Git/Alura_Airflow_Oficial/venv/lib/python3.9/site-packages/airflow/example_dags/subdags/subdag.py
[2024-04-02 19:53:50,829] {processor.py:161} INFO - Processing /Users/miltonvolpato/Git/Alura_Airflow_Oficial/venv/lib/python3.9/site-packages/airflow/example_dags/subdags/subdag.py took 0.028 seconds
[2024-04-02 19:54:27,648] {processor.py:153} INFO - Started process (PID=12557) to work on /Users/miltonvolpato/Git/Alura_Airflow_Oficial/venv/lib/python3.9/site-packages/airflow/example_dags/subdags/subdag.py
[2024-04-02 19:54:27,648] {processor.py:641} INFO - Processing file /Users/miltonvolpato/Git/Alura_Airflow_Oficial/venv/lib/python3.9/site-packages/airflow/example_dags/subdags/subdag.py for tasks to queue
[2024-04-02 19:54:27,648] {logging_mixin.py:115} INFO - [2024-04-02 19:54:27,648] {dagbag.py:507} INFO - Filling up the DagBag from /Users/miltonvolpato/Git/Alura_Airflow_Oficial/venv/lib/python3.9/site-packages/airflow/example_dags/subdags/subdag.py
[2024-04-02 19:54:27,650] {processor.py:653} WARNING - No viable dags retrieved from /Users/miltonvolpato/Git/Alura_Airflow_Oficial/venv/lib/python3.9/site-packages/airflow/example_dags/subdags/subdag.py
[2024-04-02 19:54:27,671] {processor.py:161} INFO - Processing /Users/miltonvolpato/Git/Alura_Airflow_Oficial/venv/lib/python3.9/site-packages/airflow/example_dags/subdags/subdag.py took 0.023 seconds
[2024-04-02 19:55:05,424] {processor.py:153} INFO - Started process (PID=12629) to work on /Users/miltonvolpato/Git/Alura_Airflow_Oficial/venv/lib/python3.9/site-packages/airflow/example_dags/subdags/subdag.py
[2024-04-02 19:55:05,425] {processor.py:641} INFO - Processing file /Users/miltonvolpato/Git/Alura_Airflow_Oficial/venv/lib/python3.9/site-packages/airflow/example_dags/subdags/subdag.py for tasks to queue
[2024-04-02 19:55:05,425] {logging_mixin.py:115} INFO - [2024-04-02 19:55:05,425] {dagbag.py:507} INFO - Filling up the DagBag from /Users/miltonvolpato/Git/Alura_Airflow_Oficial/venv/lib/python3.9/site-packages/airflow/example_dags/subdags/subdag.py
[2024-04-02 19:55:05,426] {processor.py:653} WARNING - No viable dags retrieved from /Users/miltonvolpato/Git/Alura_Airflow_Oficial/venv/lib/python3.9/site-packages/airflow/example_dags/subdags/subdag.py
[2024-04-02 19:55:05,446] {processor.py:161} INFO - Processing /Users/miltonvolpato/Git/Alura_Airflow_Oficial/venv/lib/python3.9/site-packages/airflow/example_dags/subdags/subdag.py took 0.023 seconds
[2024-04-02 19:55:42,110] {processor.py:153} INFO - Started process (PID=12694) to work on /Users/miltonvolpato/Git/Alura_Airflow_Oficial/venv/lib/python3.9/site-packages/airflow/example_dags/subdags/subdag.py
[2024-04-02 19:55:42,110] {processor.py:641} INFO - Processing file /Users/miltonvolpato/Git/Alura_Airflow_Oficial/venv/lib/python3.9/site-packages/airflow/example_dags/subdags/subdag.py for tasks to queue
[2024-04-02 19:55:42,110] {logging_mixin.py:115} INFO - [2024-04-02 19:55:42,110] {dagbag.py:507} INFO - Filling up the DagBag from /Users/miltonvolpato/Git/Alura_Airflow_Oficial/venv/lib/python3.9/site-packages/airflow/example_dags/subdags/subdag.py
[2024-04-02 19:55:42,112] {processor.py:653} WARNING - No viable dags retrieved from /Users/miltonvolpato/Git/Alura_Airflow_Oficial/venv/lib/python3.9/site-packages/airflow/example_dags/subdags/subdag.py
[2024-04-02 19:55:42,133] {processor.py:161} INFO - Processing /Users/miltonvolpato/Git/Alura_Airflow_Oficial/venv/lib/python3.9/site-packages/airflow/example_dags/subdags/subdag.py took 0.023 seconds
[2024-04-02 19:56:16,980] {processor.py:153} INFO - Started process (PID=12760) to work on /Users/miltonvolpato/Git/Alura_Airflow_Oficial/venv/lib/python3.9/site-packages/airflow/example_dags/subdags/subdag.py
[2024-04-02 19:56:16,980] {processor.py:641} INFO - Processing file /Users/miltonvolpato/Git/Alura_Airflow_Oficial/venv/lib/python3.9/site-packages/airflow/example_dags/subdags/subdag.py for tasks to queue
[2024-04-02 19:56:16,980] {logging_mixin.py:115} INFO - [2024-04-02 19:56:16,980] {dagbag.py:507} INFO - Filling up the DagBag from /Users/miltonvolpato/Git/Alura_Airflow_Oficial/venv/lib/python3.9/site-packages/airflow/example_dags/subdags/subdag.py
[2024-04-02 19:56:16,981] {processor.py:653} WARNING - No viable dags retrieved from /Users/miltonvolpato/Git/Alura_Airflow_Oficial/venv/lib/python3.9/site-packages/airflow/example_dags/subdags/subdag.py
[2024-04-02 19:56:17,001] {processor.py:161} INFO - Processing /Users/miltonvolpato/Git/Alura_Airflow_Oficial/venv/lib/python3.9/site-packages/airflow/example_dags/subdags/subdag.py took 0.021 seconds
[2024-04-02 19:56:54,849] {processor.py:153} INFO - Started process (PID=12798) to work on /Users/miltonvolpato/Git/Alura_Airflow_Oficial/venv/lib/python3.9/site-packages/airflow/example_dags/subdags/subdag.py
[2024-04-02 19:56:54,849] {processor.py:641} INFO - Processing file /Users/miltonvolpato/Git/Alura_Airflow_Oficial/venv/lib/python3.9/site-packages/airflow/example_dags/subdags/subdag.py for tasks to queue
[2024-04-02 19:56:54,849] {logging_mixin.py:115} INFO - [2024-04-02 19:56:54,849] {dagbag.py:507} INFO - Filling up the DagBag from /Users/miltonvolpato/Git/Alura_Airflow_Oficial/venv/lib/python3.9/site-packages/airflow/example_dags/subdags/subdag.py
[2024-04-02 19:56:54,851] {processor.py:653} WARNING - No viable dags retrieved from /Users/miltonvolpato/Git/Alura_Airflow_Oficial/venv/lib/python3.9/site-packages/airflow/example_dags/subdags/subdag.py
[2024-04-02 19:56:54,870] {processor.py:161} INFO - Processing /Users/miltonvolpato/Git/Alura_Airflow_Oficial/venv/lib/python3.9/site-packages/airflow/example_dags/subdags/subdag.py took 0.022 seconds
[2024-04-02 19:57:29,566] {processor.py:153} INFO - Started process (PID=12833) to work on /Users/miltonvolpato/Git/Alura_Airflow_Oficial/venv/lib/python3.9/site-packages/airflow/example_dags/subdags/subdag.py
[2024-04-02 19:57:29,566] {processor.py:641} INFO - Processing file /Users/miltonvolpato/Git/Alura_Airflow_Oficial/venv/lib/python3.9/site-packages/airflow/example_dags/subdags/subdag.py for tasks to queue
[2024-04-02 19:57:29,566] {logging_mixin.py:115} INFO - [2024-04-02 19:57:29,566] {dagbag.py:507} INFO - Filling up the DagBag from /Users/miltonvolpato/Git/Alura_Airflow_Oficial/venv/lib/python3.9/site-packages/airflow/example_dags/subdags/subdag.py
[2024-04-02 19:57:29,567] {processor.py:653} WARNING - No viable dags retrieved from /Users/miltonvolpato/Git/Alura_Airflow_Oficial/venv/lib/python3.9/site-packages/airflow/example_dags/subdags/subdag.py
[2024-04-02 19:57:29,586] {processor.py:161} INFO - Processing /Users/miltonvolpato/Git/Alura_Airflow_Oficial/venv/lib/python3.9/site-packages/airflow/example_dags/subdags/subdag.py took 0.021 seconds
[2024-04-02 19:58:00,817] {processor.py:153} INFO - Started process (PID=12862) to work on /Users/miltonvolpato/Git/Alura_Airflow_Oficial/venv/lib/python3.9/site-packages/airflow/example_dags/subdags/subdag.py
[2024-04-02 19:58:00,817] {processor.py:641} INFO - Processing file /Users/miltonvolpato/Git/Alura_Airflow_Oficial/venv/lib/python3.9/site-packages/airflow/example_dags/subdags/subdag.py for tasks to queue
[2024-04-02 19:58:00,817] {logging_mixin.py:115} INFO - [2024-04-02 19:58:00,817] {dagbag.py:507} INFO - Filling up the DagBag from /Users/miltonvolpato/Git/Alura_Airflow_Oficial/venv/lib/python3.9/site-packages/airflow/example_dags/subdags/subdag.py
[2024-04-02 19:58:00,818] {processor.py:653} WARNING - No viable dags retrieved from /Users/miltonvolpato/Git/Alura_Airflow_Oficial/venv/lib/python3.9/site-packages/airflow/example_dags/subdags/subdag.py
[2024-04-02 19:58:00,838] {processor.py:161} INFO - Processing /Users/miltonvolpato/Git/Alura_Airflow_Oficial/venv/lib/python3.9/site-packages/airflow/example_dags/subdags/subdag.py took 0.021 seconds
[2024-04-02 19:58:37,392] {processor.py:153} INFO - Started process (PID=12892) to work on /Users/miltonvolpato/Git/Alura_Airflow_Oficial/venv/lib/python3.9/site-packages/airflow/example_dags/subdags/subdag.py
[2024-04-02 19:58:37,393] {processor.py:641} INFO - Processing file /Users/miltonvolpato/Git/Alura_Airflow_Oficial/venv/lib/python3.9/site-packages/airflow/example_dags/subdags/subdag.py for tasks to queue
[2024-04-02 19:58:37,393] {logging_mixin.py:115} INFO - [2024-04-02 19:58:37,393] {dagbag.py:507} INFO - Filling up the DagBag from /Users/miltonvolpato/Git/Alura_Airflow_Oficial/venv/lib/python3.9/site-packages/airflow/example_dags/subdags/subdag.py
[2024-04-02 19:58:37,394] {processor.py:653} WARNING - No viable dags retrieved from /Users/miltonvolpato/Git/Alura_Airflow_Oficial/venv/lib/python3.9/site-packages/airflow/example_dags/subdags/subdag.py
[2024-04-02 19:58:37,413] {processor.py:161} INFO - Processing /Users/miltonvolpato/Git/Alura_Airflow_Oficial/venv/lib/python3.9/site-packages/airflow/example_dags/subdags/subdag.py took 0.021 seconds
[2024-04-02 19:59:16,509] {processor.py:153} INFO - Started process (PID=12926) to work on /Users/miltonvolpato/Git/Alura_Airflow_Oficial/venv/lib/python3.9/site-packages/airflow/example_dags/subdags/subdag.py
[2024-04-02 19:59:16,509] {processor.py:641} INFO - Processing file /Users/miltonvolpato/Git/Alura_Airflow_Oficial/venv/lib/python3.9/site-packages/airflow/example_dags/subdags/subdag.py for tasks to queue
[2024-04-02 19:59:16,509] {logging_mixin.py:115} INFO - [2024-04-02 19:59:16,509] {dagbag.py:507} INFO - Filling up the DagBag from /Users/miltonvolpato/Git/Alura_Airflow_Oficial/venv/lib/python3.9/site-packages/airflow/example_dags/subdags/subdag.py
[2024-04-02 19:59:16,510] {processor.py:653} WARNING - No viable dags retrieved from /Users/miltonvolpato/Git/Alura_Airflow_Oficial/venv/lib/python3.9/site-packages/airflow/example_dags/subdags/subdag.py
[2024-04-02 19:59:16,530] {processor.py:161} INFO - Processing /Users/miltonvolpato/Git/Alura_Airflow_Oficial/venv/lib/python3.9/site-packages/airflow/example_dags/subdags/subdag.py took 0.021 seconds
[2024-04-02 19:59:54,526] {processor.py:153} INFO - Started process (PID=12955) to work on /Users/miltonvolpato/Git/Alura_Airflow_Oficial/venv/lib/python3.9/site-packages/airflow/example_dags/subdags/subdag.py
[2024-04-02 19:59:54,526] {processor.py:641} INFO - Processing file /Users/miltonvolpato/Git/Alura_Airflow_Oficial/venv/lib/python3.9/site-packages/airflow/example_dags/subdags/subdag.py for tasks to queue
[2024-04-02 19:59:54,526] {logging_mixin.py:115} INFO - [2024-04-02 19:59:54,526] {dagbag.py:507} INFO - Filling up the DagBag from /Users/miltonvolpato/Git/Alura_Airflow_Oficial/venv/lib/python3.9/site-packages/airflow/example_dags/subdags/subdag.py
[2024-04-02 19:59:54,527] {processor.py:653} WARNING - No viable dags retrieved from /Users/miltonvolpato/Git/Alura_Airflow_Oficial/venv/lib/python3.9/site-packages/airflow/example_dags/subdags/subdag.py
[2024-04-02 19:59:54,547] {processor.py:161} INFO - Processing /Users/miltonvolpato/Git/Alura_Airflow_Oficial/venv/lib/python3.9/site-packages/airflow/example_dags/subdags/subdag.py took 0.021 seconds
[2024-04-02 20:00:29,943] {processor.py:153} INFO - Started process (PID=12997) to work on /Users/miltonvolpato/Git/Alura_Airflow_Oficial/venv/lib/python3.9/site-packages/airflow/example_dags/subdags/subdag.py
[2024-04-02 20:00:29,943] {processor.py:641} INFO - Processing file /Users/miltonvolpato/Git/Alura_Airflow_Oficial/venv/lib/python3.9/site-packages/airflow/example_dags/subdags/subdag.py for tasks to queue
[2024-04-02 20:00:29,943] {logging_mixin.py:115} INFO - [2024-04-02 20:00:29,943] {dagbag.py:507} INFO - Filling up the DagBag from /Users/miltonvolpato/Git/Alura_Airflow_Oficial/venv/lib/python3.9/site-packages/airflow/example_dags/subdags/subdag.py
[2024-04-02 20:00:29,944] {processor.py:653} WARNING - No viable dags retrieved from /Users/miltonvolpato/Git/Alura_Airflow_Oficial/venv/lib/python3.9/site-packages/airflow/example_dags/subdags/subdag.py
[2024-04-02 20:00:29,963] {processor.py:161} INFO - Processing /Users/miltonvolpato/Git/Alura_Airflow_Oficial/venv/lib/python3.9/site-packages/airflow/example_dags/subdags/subdag.py took 0.021 seconds
[2024-04-02 20:01:05,716] {processor.py:153} INFO - Started process (PID=13029) to work on /Users/miltonvolpato/Git/Alura_Airflow_Oficial/venv/lib/python3.9/site-packages/airflow/example_dags/subdags/subdag.py
[2024-04-02 20:01:05,716] {processor.py:641} INFO - Processing file /Users/miltonvolpato/Git/Alura_Airflow_Oficial/venv/lib/python3.9/site-packages/airflow/example_dags/subdags/subdag.py for tasks to queue
[2024-04-02 20:01:05,716] {logging_mixin.py:115} INFO - [2024-04-02 20:01:05,716] {dagbag.py:507} INFO - Filling up the DagBag from /Users/miltonvolpato/Git/Alura_Airflow_Oficial/venv/lib/python3.9/site-packages/airflow/example_dags/subdags/subdag.py
[2024-04-02 20:01:05,717] {processor.py:653} WARNING - No viable dags retrieved from /Users/miltonvolpato/Git/Alura_Airflow_Oficial/venv/lib/python3.9/site-packages/airflow/example_dags/subdags/subdag.py
[2024-04-02 20:01:05,736] {processor.py:161} INFO - Processing /Users/miltonvolpato/Git/Alura_Airflow_Oficial/venv/lib/python3.9/site-packages/airflow/example_dags/subdags/subdag.py took 0.021 seconds
[2024-04-02 20:01:43,229] {processor.py:153} INFO - Started process (PID=13061) to work on /Users/miltonvolpato/Git/Alura_Airflow_Oficial/venv/lib/python3.9/site-packages/airflow/example_dags/subdags/subdag.py
[2024-04-02 20:01:43,229] {processor.py:641} INFO - Processing file /Users/miltonvolpato/Git/Alura_Airflow_Oficial/venv/lib/python3.9/site-packages/airflow/example_dags/subdags/subdag.py for tasks to queue
[2024-04-02 20:01:43,229] {logging_mixin.py:115} INFO - [2024-04-02 20:01:43,229] {dagbag.py:507} INFO - Filling up the DagBag from /Users/miltonvolpato/Git/Alura_Airflow_Oficial/venv/lib/python3.9/site-packages/airflow/example_dags/subdags/subdag.py
[2024-04-02 20:01:43,230] {processor.py:653} WARNING - No viable dags retrieved from /Users/miltonvolpato/Git/Alura_Airflow_Oficial/venv/lib/python3.9/site-packages/airflow/example_dags/subdags/subdag.py
[2024-04-02 20:01:43,250] {processor.py:161} INFO - Processing /Users/miltonvolpato/Git/Alura_Airflow_Oficial/venv/lib/python3.9/site-packages/airflow/example_dags/subdags/subdag.py took 0.021 seconds
