[2024-04-02 19:36:38,369] {processor.py:153} INFO - Started process (PID=11319) to work on /Users/miltonvolpato/Git/Alura_Airflow_Oficial/venv/lib/python3.9/site-packages/airflow/example_dags/example_skip_dag.py
[2024-04-02 19:36:38,369] {processor.py:641} INFO - Processing file /Users/miltonvolpato/Git/Alura_Airflow_Oficial/venv/lib/python3.9/site-packages/airflow/example_dags/example_skip_dag.py for tasks to queue
[2024-04-02 19:36:38,369] {logging_mixin.py:115} INFO - [2024-04-02 19:36:38,369] {dagbag.py:507} INFO - Filling up the DagBag from /Users/miltonvolpato/Git/Alura_Airflow_Oficial/venv/lib/python3.9/site-packages/airflow/example_dags/example_skip_dag.py
[2024-04-02 19:36:38,376] {processor.py:651} INFO - DAG(s) dict_keys(['example_skip_dag']) retrieved from /Users/miltonvolpato/Git/Alura_Airflow_Oficial/venv/lib/python3.9/site-packages/airflow/example_dags/example_skip_dag.py
[2024-04-02 19:36:38,704] {logging_mixin.py:115} INFO - [2024-04-02 19:36:38,704] {manager.py:508} INFO - Created Permission View: can delete on DAG:example_skip_dag
[2024-04-02 19:36:38,707] {logging_mixin.py:115} INFO - [2024-04-02 19:36:38,707] {manager.py:508} INFO - Created Permission View: can edit on DAG:example_skip_dag
[2024-04-02 19:36:38,708] {logging_mixin.py:115} INFO - [2024-04-02 19:36:38,708] {manager.py:508} INFO - Created Permission View: can read on DAG:example_skip_dag
[2024-04-02 19:36:38,709] {logging_mixin.py:115} INFO - [2024-04-02 19:36:38,709] {dag.py:2379} INFO - Sync 1 DAGs
[2024-04-02 19:36:38,712] {logging_mixin.py:115} INFO - [2024-04-02 19:36:38,712] {dag.py:2398} INFO - Creating ORM DAG for example_skip_dag
[2024-04-02 19:36:38,716] {logging_mixin.py:115} INFO - [2024-04-02 19:36:38,716] {dag.py:2927} INFO - Setting next_dagrun for example_skip_dag to 2024-04-01T22:36:38.716367+00:00, run_after=2024-04-02T22:36:38.716367+00:00
[2024-04-02 19:36:38,721] {processor.py:161} INFO - Processing /Users/miltonvolpato/Git/Alura_Airflow_Oficial/venv/lib/python3.9/site-packages/airflow/example_dags/example_skip_dag.py took 0.352 seconds
[2024-04-02 19:37:30,612] {processor.py:153} INFO - Started process (PID=11404) to work on /Users/miltonvolpato/Git/Alura_Airflow_Oficial/venv/lib/python3.9/site-packages/airflow/example_dags/example_skip_dag.py
[2024-04-02 19:37:30,613] {processor.py:641} INFO - Processing file /Users/miltonvolpato/Git/Alura_Airflow_Oficial/venv/lib/python3.9/site-packages/airflow/example_dags/example_skip_dag.py for tasks to queue
[2024-04-02 19:37:30,613] {logging_mixin.py:115} INFO - [2024-04-02 19:37:30,613] {dagbag.py:507} INFO - Filling up the DagBag from /Users/miltonvolpato/Git/Alura_Airflow_Oficial/venv/lib/python3.9/site-packages/airflow/example_dags/example_skip_dag.py
[2024-04-02 19:37:30,620] {processor.py:651} INFO - DAG(s) dict_keys(['example_skip_dag']) retrieved from /Users/miltonvolpato/Git/Alura_Airflow_Oficial/venv/lib/python3.9/site-packages/airflow/example_dags/example_skip_dag.py
[2024-04-02 19:37:30,649] {logging_mixin.py:115} INFO - [2024-04-02 19:37:30,649] {dag.py:2379} INFO - Sync 1 DAGs
[2024-04-02 19:37:30,656] {logging_mixin.py:115} INFO - [2024-04-02 19:37:30,656] {dag.py:2927} INFO - Setting next_dagrun for example_skip_dag to 2024-04-01T22:37:30.656616+00:00, run_after=2024-04-02T22:37:30.656616+00:00
[2024-04-02 19:37:30,661] {processor.py:161} INFO - Processing /Users/miltonvolpato/Git/Alura_Airflow_Oficial/venv/lib/python3.9/site-packages/airflow/example_dags/example_skip_dag.py took 0.049 seconds
[2024-04-02 19:38:18,024] {processor.py:153} INFO - Started process (PID=11490) to work on /Users/miltonvolpato/Git/Alura_Airflow_Oficial/venv/lib/python3.9/site-packages/airflow/example_dags/example_skip_dag.py
[2024-04-02 19:38:18,024] {processor.py:641} INFO - Processing file /Users/miltonvolpato/Git/Alura_Airflow_Oficial/venv/lib/python3.9/site-packages/airflow/example_dags/example_skip_dag.py for tasks to queue
[2024-04-02 19:38:18,024] {logging_mixin.py:115} INFO - [2024-04-02 19:38:18,024] {dagbag.py:507} INFO - Filling up the DagBag from /Users/miltonvolpato/Git/Alura_Airflow_Oficial/venv/lib/python3.9/site-packages/airflow/example_dags/example_skip_dag.py
[2024-04-02 19:38:18,030] {processor.py:651} INFO - DAG(s) dict_keys(['example_skip_dag']) retrieved from /Users/miltonvolpato/Git/Alura_Airflow_Oficial/venv/lib/python3.9/site-packages/airflow/example_dags/example_skip_dag.py
[2024-04-02 19:38:18,058] {logging_mixin.py:115} INFO - [2024-04-02 19:38:18,058] {dag.py:2379} INFO - Sync 1 DAGs
[2024-04-02 19:38:18,065] {logging_mixin.py:115} INFO - [2024-04-02 19:38:18,065] {dag.py:2927} INFO - Setting next_dagrun for example_skip_dag to 2024-04-01T22:38:18.065185+00:00, run_after=2024-04-02T22:38:18.065185+00:00
[2024-04-02 19:38:18,070] {processor.py:161} INFO - Processing /Users/miltonvolpato/Git/Alura_Airflow_Oficial/venv/lib/python3.9/site-packages/airflow/example_dags/example_skip_dag.py took 0.046 seconds
[2024-04-02 19:39:07,453] {processor.py:153} INFO - Started process (PID=11543) to work on /Users/miltonvolpato/Git/Alura_Airflow_Oficial/venv/lib/python3.9/site-packages/airflow/example_dags/example_skip_dag.py
[2024-04-02 19:39:07,453] {processor.py:641} INFO - Processing file /Users/miltonvolpato/Git/Alura_Airflow_Oficial/venv/lib/python3.9/site-packages/airflow/example_dags/example_skip_dag.py for tasks to queue
[2024-04-02 19:39:07,453] {logging_mixin.py:115} INFO - [2024-04-02 19:39:07,453] {dagbag.py:507} INFO - Filling up the DagBag from /Users/miltonvolpato/Git/Alura_Airflow_Oficial/venv/lib/python3.9/site-packages/airflow/example_dags/example_skip_dag.py
[2024-04-02 19:39:07,459] {processor.py:651} INFO - DAG(s) dict_keys(['example_skip_dag']) retrieved from /Users/miltonvolpato/Git/Alura_Airflow_Oficial/venv/lib/python3.9/site-packages/airflow/example_dags/example_skip_dag.py
[2024-04-02 19:39:07,487] {logging_mixin.py:115} INFO - [2024-04-02 19:39:07,487] {dag.py:2379} INFO - Sync 1 DAGs
[2024-04-02 19:39:07,494] {logging_mixin.py:115} INFO - [2024-04-02 19:39:07,494] {dag.py:2927} INFO - Setting next_dagrun for example_skip_dag to 2024-04-01T22:39:07.493900+00:00, run_after=2024-04-02T22:39:07.493900+00:00
[2024-04-02 19:39:07,499] {processor.py:161} INFO - Processing /Users/miltonvolpato/Git/Alura_Airflow_Oficial/venv/lib/python3.9/site-packages/airflow/example_dags/example_skip_dag.py took 0.046 seconds
[2024-04-02 19:39:54,458] {processor.py:153} INFO - Started process (PID=11582) to work on /Users/miltonvolpato/Git/Alura_Airflow_Oficial/venv/lib/python3.9/site-packages/airflow/example_dags/example_skip_dag.py
[2024-04-02 19:39:54,458] {processor.py:641} INFO - Processing file /Users/miltonvolpato/Git/Alura_Airflow_Oficial/venv/lib/python3.9/site-packages/airflow/example_dags/example_skip_dag.py for tasks to queue
[2024-04-02 19:39:54,458] {logging_mixin.py:115} INFO - [2024-04-02 19:39:54,458] {dagbag.py:507} INFO - Filling up the DagBag from /Users/miltonvolpato/Git/Alura_Airflow_Oficial/venv/lib/python3.9/site-packages/airflow/example_dags/example_skip_dag.py
[2024-04-02 19:39:54,464] {processor.py:651} INFO - DAG(s) dict_keys(['example_skip_dag']) retrieved from /Users/miltonvolpato/Git/Alura_Airflow_Oficial/venv/lib/python3.9/site-packages/airflow/example_dags/example_skip_dag.py
[2024-04-02 19:39:54,492] {logging_mixin.py:115} INFO - [2024-04-02 19:39:54,492] {dag.py:2379} INFO - Sync 1 DAGs
[2024-04-02 19:39:54,498] {logging_mixin.py:115} INFO - [2024-04-02 19:39:54,498] {dag.py:2927} INFO - Setting next_dagrun for example_skip_dag to 2024-04-01T22:39:54.498709+00:00, run_after=2024-04-02T22:39:54.498709+00:00
[2024-04-02 19:39:54,503] {processor.py:161} INFO - Processing /Users/miltonvolpato/Git/Alura_Airflow_Oficial/venv/lib/python3.9/site-packages/airflow/example_dags/example_skip_dag.py took 0.046 seconds
[2024-04-02 19:40:47,331] {processor.py:153} INFO - Started process (PID=11633) to work on /Users/miltonvolpato/Git/Alura_Airflow_Oficial/venv/lib/python3.9/site-packages/airflow/example_dags/example_skip_dag.py
[2024-04-02 19:40:47,331] {processor.py:641} INFO - Processing file /Users/miltonvolpato/Git/Alura_Airflow_Oficial/venv/lib/python3.9/site-packages/airflow/example_dags/example_skip_dag.py for tasks to queue
[2024-04-02 19:40:47,331] {logging_mixin.py:115} INFO - [2024-04-02 19:40:47,331] {dagbag.py:507} INFO - Filling up the DagBag from /Users/miltonvolpato/Git/Alura_Airflow_Oficial/venv/lib/python3.9/site-packages/airflow/example_dags/example_skip_dag.py
[2024-04-02 19:40:47,337] {processor.py:651} INFO - DAG(s) dict_keys(['example_skip_dag']) retrieved from /Users/miltonvolpato/Git/Alura_Airflow_Oficial/venv/lib/python3.9/site-packages/airflow/example_dags/example_skip_dag.py
[2024-04-02 19:40:47,365] {logging_mixin.py:115} INFO - [2024-04-02 19:40:47,364] {dag.py:2379} INFO - Sync 1 DAGs
[2024-04-02 19:40:47,371] {logging_mixin.py:115} INFO - [2024-04-02 19:40:47,371] {dag.py:2927} INFO - Setting next_dagrun for example_skip_dag to 2024-04-01T22:40:47.371588+00:00, run_after=2024-04-02T22:40:47.371588+00:00
[2024-04-02 19:40:47,376] {processor.py:161} INFO - Processing /Users/miltonvolpato/Git/Alura_Airflow_Oficial/venv/lib/python3.9/site-packages/airflow/example_dags/example_skip_dag.py took 0.046 seconds
[2024-04-02 19:41:41,021] {processor.py:153} INFO - Started process (PID=11682) to work on /Users/miltonvolpato/Git/Alura_Airflow_Oficial/venv/lib/python3.9/site-packages/airflow/example_dags/example_skip_dag.py
[2024-04-02 19:41:41,021] {processor.py:641} INFO - Processing file /Users/miltonvolpato/Git/Alura_Airflow_Oficial/venv/lib/python3.9/site-packages/airflow/example_dags/example_skip_dag.py for tasks to queue
[2024-04-02 19:41:41,022] {logging_mixin.py:115} INFO - [2024-04-02 19:41:41,022] {dagbag.py:507} INFO - Filling up the DagBag from /Users/miltonvolpato/Git/Alura_Airflow_Oficial/venv/lib/python3.9/site-packages/airflow/example_dags/example_skip_dag.py
[2024-04-02 19:41:41,027] {processor.py:651} INFO - DAG(s) dict_keys(['example_skip_dag']) retrieved from /Users/miltonvolpato/Git/Alura_Airflow_Oficial/venv/lib/python3.9/site-packages/airflow/example_dags/example_skip_dag.py
[2024-04-02 19:41:41,056] {logging_mixin.py:115} INFO - [2024-04-02 19:41:41,056] {dag.py:2379} INFO - Sync 1 DAGs
[2024-04-02 19:41:41,062] {logging_mixin.py:115} INFO - [2024-04-02 19:41:41,062] {dag.py:2927} INFO - Setting next_dagrun for example_skip_dag to 2024-04-01T22:41:41.062706+00:00, run_after=2024-04-02T22:41:41.062706+00:00
[2024-04-02 19:41:41,068] {processor.py:161} INFO - Processing /Users/miltonvolpato/Git/Alura_Airflow_Oficial/venv/lib/python3.9/site-packages/airflow/example_dags/example_skip_dag.py took 0.047 seconds
[2024-04-02 19:42:35,076] {processor.py:153} INFO - Started process (PID=11734) to work on /Users/miltonvolpato/Git/Alura_Airflow_Oficial/venv/lib/python3.9/site-packages/airflow/example_dags/example_skip_dag.py
[2024-04-02 19:42:35,076] {processor.py:641} INFO - Processing file /Users/miltonvolpato/Git/Alura_Airflow_Oficial/venv/lib/python3.9/site-packages/airflow/example_dags/example_skip_dag.py for tasks to queue
[2024-04-02 19:42:35,077] {logging_mixin.py:115} INFO - [2024-04-02 19:42:35,076] {dagbag.py:507} INFO - Filling up the DagBag from /Users/miltonvolpato/Git/Alura_Airflow_Oficial/venv/lib/python3.9/site-packages/airflow/example_dags/example_skip_dag.py
[2024-04-02 19:42:35,082] {processor.py:651} INFO - DAG(s) dict_keys(['example_skip_dag']) retrieved from /Users/miltonvolpato/Git/Alura_Airflow_Oficial/venv/lib/python3.9/site-packages/airflow/example_dags/example_skip_dag.py
[2024-04-02 19:42:35,111] {logging_mixin.py:115} INFO - [2024-04-02 19:42:35,111] {dag.py:2379} INFO - Sync 1 DAGs
[2024-04-02 19:42:35,118] {logging_mixin.py:115} INFO - [2024-04-02 19:42:35,118] {dag.py:2927} INFO - Setting next_dagrun for example_skip_dag to 2024-04-01T22:42:35.117929+00:00, run_after=2024-04-02T22:42:35.117929+00:00
[2024-04-02 19:42:35,123] {processor.py:161} INFO - Processing /Users/miltonvolpato/Git/Alura_Airflow_Oficial/venv/lib/python3.9/site-packages/airflow/example_dags/example_skip_dag.py took 0.047 seconds
[2024-04-02 19:43:24,007] {processor.py:153} INFO - Started process (PID=11779) to work on /Users/miltonvolpato/Git/Alura_Airflow_Oficial/venv/lib/python3.9/site-packages/airflow/example_dags/example_skip_dag.py
[2024-04-02 19:43:24,008] {processor.py:641} INFO - Processing file /Users/miltonvolpato/Git/Alura_Airflow_Oficial/venv/lib/python3.9/site-packages/airflow/example_dags/example_skip_dag.py for tasks to queue
[2024-04-02 19:43:24,008] {logging_mixin.py:115} INFO - [2024-04-02 19:43:24,008] {dagbag.py:507} INFO - Filling up the DagBag from /Users/miltonvolpato/Git/Alura_Airflow_Oficial/venv/lib/python3.9/site-packages/airflow/example_dags/example_skip_dag.py
[2024-04-02 19:43:24,015] {processor.py:651} INFO - DAG(s) dict_keys(['example_skip_dag']) retrieved from /Users/miltonvolpato/Git/Alura_Airflow_Oficial/venv/lib/python3.9/site-packages/airflow/example_dags/example_skip_dag.py
[2024-04-02 19:43:24,044] {logging_mixin.py:115} INFO - [2024-04-02 19:43:24,044] {dag.py:2379} INFO - Sync 1 DAGs
[2024-04-02 19:43:24,051] {logging_mixin.py:115} INFO - [2024-04-02 19:43:24,051] {dag.py:2927} INFO - Setting next_dagrun for example_skip_dag to 2024-04-01T22:43:24.051181+00:00, run_after=2024-04-02T22:43:24.051181+00:00
[2024-04-02 19:43:24,056] {processor.py:161} INFO - Processing /Users/miltonvolpato/Git/Alura_Airflow_Oficial/venv/lib/python3.9/site-packages/airflow/example_dags/example_skip_dag.py took 0.049 seconds
[2024-04-02 19:44:19,403] {processor.py:153} INFO - Started process (PID=11841) to work on /Users/miltonvolpato/Git/Alura_Airflow_Oficial/venv/lib/python3.9/site-packages/airflow/example_dags/example_skip_dag.py
[2024-04-02 19:44:19,404] {processor.py:641} INFO - Processing file /Users/miltonvolpato/Git/Alura_Airflow_Oficial/venv/lib/python3.9/site-packages/airflow/example_dags/example_skip_dag.py for tasks to queue
[2024-04-02 19:44:19,404] {logging_mixin.py:115} INFO - [2024-04-02 19:44:19,404] {dagbag.py:507} INFO - Filling up the DagBag from /Users/miltonvolpato/Git/Alura_Airflow_Oficial/venv/lib/python3.9/site-packages/airflow/example_dags/example_skip_dag.py
[2024-04-02 19:44:19,410] {processor.py:651} INFO - DAG(s) dict_keys(['example_skip_dag']) retrieved from /Users/miltonvolpato/Git/Alura_Airflow_Oficial/venv/lib/python3.9/site-packages/airflow/example_dags/example_skip_dag.py
[2024-04-02 19:44:19,439] {logging_mixin.py:115} INFO - [2024-04-02 19:44:19,439] {dag.py:2379} INFO - Sync 1 DAGs
[2024-04-02 19:44:19,446] {logging_mixin.py:115} INFO - [2024-04-02 19:44:19,446] {dag.py:2927} INFO - Setting next_dagrun for example_skip_dag to 2024-04-01T22:44:19.446323+00:00, run_after=2024-04-02T22:44:19.446323+00:00
[2024-04-02 19:44:19,451] {processor.py:161} INFO - Processing /Users/miltonvolpato/Git/Alura_Airflow_Oficial/venv/lib/python3.9/site-packages/airflow/example_dags/example_skip_dag.py took 0.048 seconds
[2024-04-02 19:45:10,903] {processor.py:153} INFO - Started process (PID=11907) to work on /Users/miltonvolpato/Git/Alura_Airflow_Oficial/venv/lib/python3.9/site-packages/airflow/example_dags/example_skip_dag.py
[2024-04-02 19:45:10,903] {processor.py:641} INFO - Processing file /Users/miltonvolpato/Git/Alura_Airflow_Oficial/venv/lib/python3.9/site-packages/airflow/example_dags/example_skip_dag.py for tasks to queue
[2024-04-02 19:45:10,903] {logging_mixin.py:115} INFO - [2024-04-02 19:45:10,903] {dagbag.py:507} INFO - Filling up the DagBag from /Users/miltonvolpato/Git/Alura_Airflow_Oficial/venv/lib/python3.9/site-packages/airflow/example_dags/example_skip_dag.py
[2024-04-02 19:45:10,910] {processor.py:651} INFO - DAG(s) dict_keys(['example_skip_dag']) retrieved from /Users/miltonvolpato/Git/Alura_Airflow_Oficial/venv/lib/python3.9/site-packages/airflow/example_dags/example_skip_dag.py
[2024-04-02 19:45:10,939] {logging_mixin.py:115} INFO - [2024-04-02 19:45:10,939] {dag.py:2379} INFO - Sync 1 DAGs
[2024-04-02 19:45:10,946] {logging_mixin.py:115} INFO - [2024-04-02 19:45:10,946] {dag.py:2927} INFO - Setting next_dagrun for example_skip_dag to 2024-04-01T22:45:10.946179+00:00, run_after=2024-04-02T22:45:10.946179+00:00
[2024-04-02 19:45:10,951] {processor.py:161} INFO - Processing /Users/miltonvolpato/Git/Alura_Airflow_Oficial/venv/lib/python3.9/site-packages/airflow/example_dags/example_skip_dag.py took 0.048 seconds
[2024-04-02 19:46:00,111] {processor.py:153} INFO - Started process (PID=11946) to work on /Users/miltonvolpato/Git/Alura_Airflow_Oficial/venv/lib/python3.9/site-packages/airflow/example_dags/example_skip_dag.py
[2024-04-02 19:46:00,111] {processor.py:641} INFO - Processing file /Users/miltonvolpato/Git/Alura_Airflow_Oficial/venv/lib/python3.9/site-packages/airflow/example_dags/example_skip_dag.py for tasks to queue
[2024-04-02 19:46:00,111] {logging_mixin.py:115} INFO - [2024-04-02 19:46:00,111] {dagbag.py:507} INFO - Filling up the DagBag from /Users/miltonvolpato/Git/Alura_Airflow_Oficial/venv/lib/python3.9/site-packages/airflow/example_dags/example_skip_dag.py
[2024-04-02 19:46:00,117] {processor.py:651} INFO - DAG(s) dict_keys(['example_skip_dag']) retrieved from /Users/miltonvolpato/Git/Alura_Airflow_Oficial/venv/lib/python3.9/site-packages/airflow/example_dags/example_skip_dag.py
[2024-04-02 19:46:00,145] {logging_mixin.py:115} INFO - [2024-04-02 19:46:00,145] {dag.py:2379} INFO - Sync 1 DAGs
[2024-04-02 19:46:00,152] {logging_mixin.py:115} INFO - [2024-04-02 19:46:00,152] {dag.py:2927} INFO - Setting next_dagrun for example_skip_dag to 2024-04-01T22:46:00.152541+00:00, run_after=2024-04-02T22:46:00.152541+00:00
[2024-04-02 19:46:00,157] {processor.py:161} INFO - Processing /Users/miltonvolpato/Git/Alura_Airflow_Oficial/venv/lib/python3.9/site-packages/airflow/example_dags/example_skip_dag.py took 0.047 seconds
[2024-04-02 19:46:54,432] {processor.py:153} INFO - Started process (PID=12036) to work on /Users/miltonvolpato/Git/Alura_Airflow_Oficial/venv/lib/python3.9/site-packages/airflow/example_dags/example_skip_dag.py
[2024-04-02 19:46:54,433] {processor.py:641} INFO - Processing file /Users/miltonvolpato/Git/Alura_Airflow_Oficial/venv/lib/python3.9/site-packages/airflow/example_dags/example_skip_dag.py for tasks to queue
[2024-04-02 19:46:54,433] {logging_mixin.py:115} INFO - [2024-04-02 19:46:54,433] {dagbag.py:507} INFO - Filling up the DagBag from /Users/miltonvolpato/Git/Alura_Airflow_Oficial/venv/lib/python3.9/site-packages/airflow/example_dags/example_skip_dag.py
[2024-04-02 19:46:54,439] {processor.py:651} INFO - DAG(s) dict_keys(['example_skip_dag']) retrieved from /Users/miltonvolpato/Git/Alura_Airflow_Oficial/venv/lib/python3.9/site-packages/airflow/example_dags/example_skip_dag.py
[2024-04-02 19:46:54,468] {logging_mixin.py:115} INFO - [2024-04-02 19:46:54,468] {dag.py:2379} INFO - Sync 1 DAGs
[2024-04-02 19:46:54,475] {logging_mixin.py:115} INFO - [2024-04-02 19:46:54,475] {dag.py:2927} INFO - Setting next_dagrun for example_skip_dag to 2024-04-01T22:46:54.475256+00:00, run_after=2024-04-02T22:46:54.475256+00:00
[2024-04-02 19:46:54,480] {processor.py:161} INFO - Processing /Users/miltonvolpato/Git/Alura_Airflow_Oficial/venv/lib/python3.9/site-packages/airflow/example_dags/example_skip_dag.py took 0.048 seconds
[2024-04-02 19:47:34,949] {processor.py:153} INFO - Started process (PID=12101) to work on /Users/miltonvolpato/Git/Alura_Airflow_Oficial/venv/lib/python3.9/site-packages/airflow/example_dags/example_skip_dag.py
[2024-04-02 19:47:34,949] {processor.py:641} INFO - Processing file /Users/miltonvolpato/Git/Alura_Airflow_Oficial/venv/lib/python3.9/site-packages/airflow/example_dags/example_skip_dag.py for tasks to queue
[2024-04-02 19:47:34,950] {logging_mixin.py:115} INFO - [2024-04-02 19:47:34,950] {dagbag.py:507} INFO - Filling up the DagBag from /Users/miltonvolpato/Git/Alura_Airflow_Oficial/venv/lib/python3.9/site-packages/airflow/example_dags/example_skip_dag.py
[2024-04-02 19:47:34,957] {processor.py:651} INFO - DAG(s) dict_keys(['example_skip_dag']) retrieved from /Users/miltonvolpato/Git/Alura_Airflow_Oficial/venv/lib/python3.9/site-packages/airflow/example_dags/example_skip_dag.py
[2024-04-02 19:47:34,987] {logging_mixin.py:115} INFO - [2024-04-02 19:47:34,986] {dag.py:2379} INFO - Sync 1 DAGs
[2024-04-02 19:47:34,994] {logging_mixin.py:115} INFO - [2024-04-02 19:47:34,994] {dag.py:2927} INFO - Setting next_dagrun for example_skip_dag to 2024-04-01T22:47:34.993922+00:00, run_after=2024-04-02T22:47:34.993922+00:00
[2024-04-02 19:47:34,999] {processor.py:161} INFO - Processing /Users/miltonvolpato/Git/Alura_Airflow_Oficial/venv/lib/python3.9/site-packages/airflow/example_dags/example_skip_dag.py took 0.050 seconds
[2024-04-02 19:48:20,056] {processor.py:153} INFO - Started process (PID=12142) to work on /Users/miltonvolpato/Git/Alura_Airflow_Oficial/venv/lib/python3.9/site-packages/airflow/example_dags/example_skip_dag.py
[2024-04-02 19:48:20,056] {processor.py:641} INFO - Processing file /Users/miltonvolpato/Git/Alura_Airflow_Oficial/venv/lib/python3.9/site-packages/airflow/example_dags/example_skip_dag.py for tasks to queue
[2024-04-02 19:48:20,056] {logging_mixin.py:115} INFO - [2024-04-02 19:48:20,056] {dagbag.py:507} INFO - Filling up the DagBag from /Users/miltonvolpato/Git/Alura_Airflow_Oficial/venv/lib/python3.9/site-packages/airflow/example_dags/example_skip_dag.py
[2024-04-02 19:48:20,063] {processor.py:651} INFO - DAG(s) dict_keys(['example_skip_dag']) retrieved from /Users/miltonvolpato/Git/Alura_Airflow_Oficial/venv/lib/python3.9/site-packages/airflow/example_dags/example_skip_dag.py
[2024-04-02 19:48:20,093] {logging_mixin.py:115} INFO - [2024-04-02 19:48:20,093] {dag.py:2379} INFO - Sync 1 DAGs
[2024-04-02 19:48:20,100] {logging_mixin.py:115} INFO - [2024-04-02 19:48:20,100] {dag.py:2927} INFO - Setting next_dagrun for example_skip_dag to 2024-04-01T22:48:20.100288+00:00, run_after=2024-04-02T22:48:20.100288+00:00
[2024-04-02 19:48:20,105] {processor.py:161} INFO - Processing /Users/miltonvolpato/Git/Alura_Airflow_Oficial/venv/lib/python3.9/site-packages/airflow/example_dags/example_skip_dag.py took 0.050 seconds
[2024-04-02 19:49:09,462] {processor.py:153} INFO - Started process (PID=12197) to work on /Users/miltonvolpato/Git/Alura_Airflow_Oficial/venv/lib/python3.9/site-packages/airflow/example_dags/example_skip_dag.py
[2024-04-02 19:49:09,462] {processor.py:641} INFO - Processing file /Users/miltonvolpato/Git/Alura_Airflow_Oficial/venv/lib/python3.9/site-packages/airflow/example_dags/example_skip_dag.py for tasks to queue
[2024-04-02 19:49:09,462] {logging_mixin.py:115} INFO - [2024-04-02 19:49:09,462] {dagbag.py:507} INFO - Filling up the DagBag from /Users/miltonvolpato/Git/Alura_Airflow_Oficial/venv/lib/python3.9/site-packages/airflow/example_dags/example_skip_dag.py
[2024-04-02 19:49:09,468] {processor.py:651} INFO - DAG(s) dict_keys(['example_skip_dag']) retrieved from /Users/miltonvolpato/Git/Alura_Airflow_Oficial/venv/lib/python3.9/site-packages/airflow/example_dags/example_skip_dag.py
[2024-04-02 19:49:09,496] {logging_mixin.py:115} INFO - [2024-04-02 19:49:09,496] {dag.py:2379} INFO - Sync 1 DAGs
[2024-04-02 19:49:09,503] {logging_mixin.py:115} INFO - [2024-04-02 19:49:09,503] {dag.py:2927} INFO - Setting next_dagrun for example_skip_dag to 2024-04-01T22:49:09.503308+00:00, run_after=2024-04-02T22:49:09.503308+00:00
[2024-04-02 19:49:09,508] {processor.py:161} INFO - Processing /Users/miltonvolpato/Git/Alura_Airflow_Oficial/venv/lib/python3.9/site-packages/airflow/example_dags/example_skip_dag.py took 0.047 seconds
[2024-04-02 19:50:02,932] {processor.py:153} INFO - Started process (PID=12253) to work on /Users/miltonvolpato/Git/Alura_Airflow_Oficial/venv/lib/python3.9/site-packages/airflow/example_dags/example_skip_dag.py
[2024-04-02 19:50:02,933] {processor.py:641} INFO - Processing file /Users/miltonvolpato/Git/Alura_Airflow_Oficial/venv/lib/python3.9/site-packages/airflow/example_dags/example_skip_dag.py for tasks to queue
[2024-04-02 19:50:02,933] {logging_mixin.py:115} INFO - [2024-04-02 19:50:02,933] {dagbag.py:507} INFO - Filling up the DagBag from /Users/miltonvolpato/Git/Alura_Airflow_Oficial/venv/lib/python3.9/site-packages/airflow/example_dags/example_skip_dag.py
[2024-04-02 19:50:02,939] {processor.py:651} INFO - DAG(s) dict_keys(['example_skip_dag']) retrieved from /Users/miltonvolpato/Git/Alura_Airflow_Oficial/venv/lib/python3.9/site-packages/airflow/example_dags/example_skip_dag.py
[2024-04-02 19:50:02,968] {logging_mixin.py:115} INFO - [2024-04-02 19:50:02,968] {dag.py:2379} INFO - Sync 1 DAGs
[2024-04-02 19:50:02,975] {logging_mixin.py:115} INFO - [2024-04-02 19:50:02,975] {dag.py:2927} INFO - Setting next_dagrun for example_skip_dag to 2024-04-01T22:50:02.975561+00:00, run_after=2024-04-02T22:50:02.975561+00:00
[2024-04-02 19:50:02,984] {processor.py:161} INFO - Processing /Users/miltonvolpato/Git/Alura_Airflow_Oficial/venv/lib/python3.9/site-packages/airflow/example_dags/example_skip_dag.py took 0.052 seconds
[2024-04-02 19:50:55,514] {processor.py:153} INFO - Started process (PID=12301) to work on /Users/miltonvolpato/Git/Alura_Airflow_Oficial/venv/lib/python3.9/site-packages/airflow/example_dags/example_skip_dag.py
[2024-04-02 19:50:55,515] {processor.py:641} INFO - Processing file /Users/miltonvolpato/Git/Alura_Airflow_Oficial/venv/lib/python3.9/site-packages/airflow/example_dags/example_skip_dag.py for tasks to queue
[2024-04-02 19:50:55,515] {logging_mixin.py:115} INFO - [2024-04-02 19:50:55,515] {dagbag.py:507} INFO - Filling up the DagBag from /Users/miltonvolpato/Git/Alura_Airflow_Oficial/venv/lib/python3.9/site-packages/airflow/example_dags/example_skip_dag.py
[2024-04-02 19:50:55,521] {processor.py:651} INFO - DAG(s) dict_keys(['example_skip_dag']) retrieved from /Users/miltonvolpato/Git/Alura_Airflow_Oficial/venv/lib/python3.9/site-packages/airflow/example_dags/example_skip_dag.py
[2024-04-02 19:50:55,550] {logging_mixin.py:115} INFO - [2024-04-02 19:50:55,550] {dag.py:2379} INFO - Sync 1 DAGs
[2024-04-02 19:50:55,557] {logging_mixin.py:115} INFO - [2024-04-02 19:50:55,557] {dag.py:2927} INFO - Setting next_dagrun for example_skip_dag to 2024-04-01T22:50:55.557700+00:00, run_after=2024-04-02T22:50:55.557700+00:00
[2024-04-02 19:50:55,562] {processor.py:161} INFO - Processing /Users/miltonvolpato/Git/Alura_Airflow_Oficial/venv/lib/python3.9/site-packages/airflow/example_dags/example_skip_dag.py took 0.049 seconds
[2024-04-02 19:51:50,235] {processor.py:153} INFO - Started process (PID=12351) to work on /Users/miltonvolpato/Git/Alura_Airflow_Oficial/venv/lib/python3.9/site-packages/airflow/example_dags/example_skip_dag.py
[2024-04-02 19:51:50,236] {processor.py:641} INFO - Processing file /Users/miltonvolpato/Git/Alura_Airflow_Oficial/venv/lib/python3.9/site-packages/airflow/example_dags/example_skip_dag.py for tasks to queue
[2024-04-02 19:51:50,236] {logging_mixin.py:115} INFO - [2024-04-02 19:51:50,236] {dagbag.py:507} INFO - Filling up the DagBag from /Users/miltonvolpato/Git/Alura_Airflow_Oficial/venv/lib/python3.9/site-packages/airflow/example_dags/example_skip_dag.py
[2024-04-02 19:51:50,242] {processor.py:651} INFO - DAG(s) dict_keys(['example_skip_dag']) retrieved from /Users/miltonvolpato/Git/Alura_Airflow_Oficial/venv/lib/python3.9/site-packages/airflow/example_dags/example_skip_dag.py
[2024-04-02 19:51:50,272] {logging_mixin.py:115} INFO - [2024-04-02 19:51:50,272] {dag.py:2379} INFO - Sync 1 DAGs
[2024-04-02 19:51:50,279] {logging_mixin.py:115} INFO - [2024-04-02 19:51:50,279] {dag.py:2927} INFO - Setting next_dagrun for example_skip_dag to 2024-04-01T22:51:50.279701+00:00, run_after=2024-04-02T22:51:50.279701+00:00
[2024-04-02 19:51:50,284] {processor.py:161} INFO - Processing /Users/miltonvolpato/Git/Alura_Airflow_Oficial/venv/lib/python3.9/site-packages/airflow/example_dags/example_skip_dag.py took 0.050 seconds
[2024-04-02 19:52:41,910] {processor.py:153} INFO - Started process (PID=12404) to work on /Users/miltonvolpato/Git/Alura_Airflow_Oficial/venv/lib/python3.9/site-packages/airflow/example_dags/example_skip_dag.py
[2024-04-02 19:52:41,911] {processor.py:641} INFO - Processing file /Users/miltonvolpato/Git/Alura_Airflow_Oficial/venv/lib/python3.9/site-packages/airflow/example_dags/example_skip_dag.py for tasks to queue
[2024-04-02 19:52:41,911] {logging_mixin.py:115} INFO - [2024-04-02 19:52:41,911] {dagbag.py:507} INFO - Filling up the DagBag from /Users/miltonvolpato/Git/Alura_Airflow_Oficial/venv/lib/python3.9/site-packages/airflow/example_dags/example_skip_dag.py
[2024-04-02 19:52:41,917] {processor.py:651} INFO - DAG(s) dict_keys(['example_skip_dag']) retrieved from /Users/miltonvolpato/Git/Alura_Airflow_Oficial/venv/lib/python3.9/site-packages/airflow/example_dags/example_skip_dag.py
[2024-04-02 19:52:41,948] {logging_mixin.py:115} INFO - [2024-04-02 19:52:41,948] {dag.py:2379} INFO - Sync 1 DAGs
[2024-04-02 19:52:41,956] {logging_mixin.py:115} INFO - [2024-04-02 19:52:41,956] {dag.py:2927} INFO - Setting next_dagrun for example_skip_dag to 2024-04-01T22:52:41.956376+00:00, run_after=2024-04-02T22:52:41.956376+00:00
[2024-04-02 19:52:41,961] {processor.py:161} INFO - Processing /Users/miltonvolpato/Git/Alura_Airflow_Oficial/venv/lib/python3.9/site-packages/airflow/example_dags/example_skip_dag.py took 0.052 seconds
[2024-04-02 19:53:23,763] {processor.py:153} INFO - Started process (PID=12445) to work on /Users/miltonvolpato/Git/Alura_Airflow_Oficial/venv/lib/python3.9/site-packages/airflow/example_dags/example_skip_dag.py
[2024-04-02 19:53:23,764] {processor.py:641} INFO - Processing file /Users/miltonvolpato/Git/Alura_Airflow_Oficial/venv/lib/python3.9/site-packages/airflow/example_dags/example_skip_dag.py for tasks to queue
[2024-04-02 19:53:23,764] {logging_mixin.py:115} INFO - [2024-04-02 19:53:23,764] {dagbag.py:507} INFO - Filling up the DagBag from /Users/miltonvolpato/Git/Alura_Airflow_Oficial/venv/lib/python3.9/site-packages/airflow/example_dags/example_skip_dag.py
[2024-04-02 19:53:23,770] {processor.py:651} INFO - DAG(s) dict_keys(['example_skip_dag']) retrieved from /Users/miltonvolpato/Git/Alura_Airflow_Oficial/venv/lib/python3.9/site-packages/airflow/example_dags/example_skip_dag.py
[2024-04-02 19:53:23,801] {logging_mixin.py:115} INFO - [2024-04-02 19:53:23,801] {dag.py:2379} INFO - Sync 1 DAGs
[2024-04-02 19:53:23,808] {logging_mixin.py:115} INFO - [2024-04-02 19:53:23,808] {dag.py:2927} INFO - Setting next_dagrun for example_skip_dag to 2024-04-01T22:53:23.808739+00:00, run_after=2024-04-02T22:53:23.808739+00:00
[2024-04-02 19:53:23,814] {processor.py:161} INFO - Processing /Users/miltonvolpato/Git/Alura_Airflow_Oficial/venv/lib/python3.9/site-packages/airflow/example_dags/example_skip_dag.py took 0.051 seconds
[2024-04-02 19:54:19,412] {processor.py:153} INFO - Started process (PID=12551) to work on /Users/miltonvolpato/Git/Alura_Airflow_Oficial/venv/lib/python3.9/site-packages/airflow/example_dags/example_skip_dag.py
[2024-04-02 19:54:19,413] {processor.py:641} INFO - Processing file /Users/miltonvolpato/Git/Alura_Airflow_Oficial/venv/lib/python3.9/site-packages/airflow/example_dags/example_skip_dag.py for tasks to queue
[2024-04-02 19:54:19,413] {logging_mixin.py:115} INFO - [2024-04-02 19:54:19,413] {dagbag.py:507} INFO - Filling up the DagBag from /Users/miltonvolpato/Git/Alura_Airflow_Oficial/venv/lib/python3.9/site-packages/airflow/example_dags/example_skip_dag.py
[2024-04-02 19:54:19,420] {processor.py:651} INFO - DAG(s) dict_keys(['example_skip_dag']) retrieved from /Users/miltonvolpato/Git/Alura_Airflow_Oficial/venv/lib/python3.9/site-packages/airflow/example_dags/example_skip_dag.py
[2024-04-02 19:54:19,450] {logging_mixin.py:115} INFO - [2024-04-02 19:54:19,449] {dag.py:2379} INFO - Sync 1 DAGs
[2024-04-02 19:54:19,457] {logging_mixin.py:115} INFO - [2024-04-02 19:54:19,457] {dag.py:2927} INFO - Setting next_dagrun for example_skip_dag to 2024-04-01T22:54:19.457001+00:00, run_after=2024-04-02T22:54:19.457001+00:00
[2024-04-02 19:54:19,462] {processor.py:161} INFO - Processing /Users/miltonvolpato/Git/Alura_Airflow_Oficial/venv/lib/python3.9/site-packages/airflow/example_dags/example_skip_dag.py took 0.050 seconds
[2024-04-02 19:55:16,829] {processor.py:153} INFO - Started process (PID=12645) to work on /Users/miltonvolpato/Git/Alura_Airflow_Oficial/venv/lib/python3.9/site-packages/airflow/example_dags/example_skip_dag.py
[2024-04-02 19:55:16,830] {processor.py:641} INFO - Processing file /Users/miltonvolpato/Git/Alura_Airflow_Oficial/venv/lib/python3.9/site-packages/airflow/example_dags/example_skip_dag.py for tasks to queue
[2024-04-02 19:55:16,830] {logging_mixin.py:115} INFO - [2024-04-02 19:55:16,830] {dagbag.py:507} INFO - Filling up the DagBag from /Users/miltonvolpato/Git/Alura_Airflow_Oficial/venv/lib/python3.9/site-packages/airflow/example_dags/example_skip_dag.py
[2024-04-02 19:55:16,836] {processor.py:651} INFO - DAG(s) dict_keys(['example_skip_dag']) retrieved from /Users/miltonvolpato/Git/Alura_Airflow_Oficial/venv/lib/python3.9/site-packages/airflow/example_dags/example_skip_dag.py
[2024-04-02 19:55:16,864] {logging_mixin.py:115} INFO - [2024-04-02 19:55:16,864] {dag.py:2379} INFO - Sync 1 DAGs
[2024-04-02 19:55:16,871] {logging_mixin.py:115} INFO - [2024-04-02 19:55:16,871] {dag.py:2927} INFO - Setting next_dagrun for example_skip_dag to 2024-04-01T22:55:16.871500+00:00, run_after=2024-04-02T22:55:16.871500+00:00
[2024-04-02 19:55:16,876] {processor.py:161} INFO - Processing /Users/miltonvolpato/Git/Alura_Airflow_Oficial/venv/lib/python3.9/site-packages/airflow/example_dags/example_skip_dag.py took 0.048 seconds
