[2024-04-02 19:36:47,000] {processor.py:153} INFO - Started process (PID=11327) to work on /Users/miltonvolpato/Git/Alura_Airflow_Oficial/venv/lib/python3.9/site-packages/airflow/example_dags/example_latest_only_with_trigger.py
[2024-04-02 19:36:47,000] {processor.py:641} INFO - Processing file /Users/miltonvolpato/Git/Alura_Airflow_Oficial/venv/lib/python3.9/site-packages/airflow/example_dags/example_latest_only_with_trigger.py for tasks to queue
[2024-04-02 19:36:47,000] {logging_mixin.py:115} INFO - [2024-04-02 19:36:47,000] {dagbag.py:507} INFO - Filling up the DagBag from /Users/miltonvolpato/Git/Alura_Airflow_Oficial/venv/lib/python3.9/site-packages/airflow/example_dags/example_latest_only_with_trigger.py
[2024-04-02 19:36:47,007] {processor.py:651} INFO - DAG(s) dict_keys(['latest_only_with_trigger']) retrieved from /Users/miltonvolpato/Git/Alura_Airflow_Oficial/venv/lib/python3.9/site-packages/airflow/example_dags/example_latest_only_with_trigger.py
[2024-04-02 19:36:47,332] {logging_mixin.py:115} INFO - [2024-04-02 19:36:47,332] {manager.py:508} INFO - Created Permission View: can edit on DAG:latest_only_with_trigger
[2024-04-02 19:36:47,335] {logging_mixin.py:115} INFO - [2024-04-02 19:36:47,335] {manager.py:508} INFO - Created Permission View: can read on DAG:latest_only_with_trigger
[2024-04-02 19:36:47,337] {logging_mixin.py:115} INFO - [2024-04-02 19:36:47,337] {manager.py:508} INFO - Created Permission View: can delete on DAG:latest_only_with_trigger
[2024-04-02 19:36:47,337] {logging_mixin.py:115} INFO - [2024-04-02 19:36:47,337] {dag.py:2379} INFO - Sync 1 DAGs
[2024-04-02 19:36:47,340] {logging_mixin.py:115} INFO - [2024-04-02 19:36:47,340] {dag.py:2398} INFO - Creating ORM DAG for latest_only_with_trigger
[2024-04-02 19:36:47,345] {logging_mixin.py:115} INFO - [2024-04-02 19:36:47,345] {dag.py:2927} INFO - Setting next_dagrun for latest_only_with_trigger to 2024-04-02T18:36:47.345141+00:00, run_after=2024-04-02T22:36:47.345141+00:00
[2024-04-02 19:36:47,350] {processor.py:161} INFO - Processing /Users/miltonvolpato/Git/Alura_Airflow_Oficial/venv/lib/python3.9/site-packages/airflow/example_dags/example_latest_only_with_trigger.py took 0.351 seconds
[2024-04-02 19:37:38,572] {processor.py:153} INFO - Started process (PID=11434) to work on /Users/miltonvolpato/Git/Alura_Airflow_Oficial/venv/lib/python3.9/site-packages/airflow/example_dags/example_latest_only_with_trigger.py
[2024-04-02 19:37:38,573] {processor.py:641} INFO - Processing file /Users/miltonvolpato/Git/Alura_Airflow_Oficial/venv/lib/python3.9/site-packages/airflow/example_dags/example_latest_only_with_trigger.py for tasks to queue
[2024-04-02 19:37:38,573] {logging_mixin.py:115} INFO - [2024-04-02 19:37:38,573] {dagbag.py:507} INFO - Filling up the DagBag from /Users/miltonvolpato/Git/Alura_Airflow_Oficial/venv/lib/python3.9/site-packages/airflow/example_dags/example_latest_only_with_trigger.py
[2024-04-02 19:37:38,580] {processor.py:651} INFO - DAG(s) dict_keys(['latest_only_with_trigger']) retrieved from /Users/miltonvolpato/Git/Alura_Airflow_Oficial/venv/lib/python3.9/site-packages/airflow/example_dags/example_latest_only_with_trigger.py
[2024-04-02 19:37:38,608] {logging_mixin.py:115} INFO - [2024-04-02 19:37:38,608] {dag.py:2379} INFO - Sync 1 DAGs
[2024-04-02 19:37:38,615] {logging_mixin.py:115} INFO - [2024-04-02 19:37:38,615] {dag.py:2927} INFO - Setting next_dagrun for latest_only_with_trigger to 2024-04-02T18:37:38.615052+00:00, run_after=2024-04-02T22:37:38.615052+00:00
[2024-04-02 19:37:38,619] {processor.py:161} INFO - Processing /Users/miltonvolpato/Git/Alura_Airflow_Oficial/venv/lib/python3.9/site-packages/airflow/example_dags/example_latest_only_with_trigger.py took 0.047 seconds
[2024-04-02 19:38:25,491] {processor.py:153} INFO - Started process (PID=11496) to work on /Users/miltonvolpato/Git/Alura_Airflow_Oficial/venv/lib/python3.9/site-packages/airflow/example_dags/example_latest_only_with_trigger.py
[2024-04-02 19:38:25,491] {processor.py:641} INFO - Processing file /Users/miltonvolpato/Git/Alura_Airflow_Oficial/venv/lib/python3.9/site-packages/airflow/example_dags/example_latest_only_with_trigger.py for tasks to queue
[2024-04-02 19:38:25,491] {logging_mixin.py:115} INFO - [2024-04-02 19:38:25,491] {dagbag.py:507} INFO - Filling up the DagBag from /Users/miltonvolpato/Git/Alura_Airflow_Oficial/venv/lib/python3.9/site-packages/airflow/example_dags/example_latest_only_with_trigger.py
[2024-04-02 19:38:25,497] {processor.py:651} INFO - DAG(s) dict_keys(['latest_only_with_trigger']) retrieved from /Users/miltonvolpato/Git/Alura_Airflow_Oficial/venv/lib/python3.9/site-packages/airflow/example_dags/example_latest_only_with_trigger.py
[2024-04-02 19:38:25,526] {logging_mixin.py:115} INFO - [2024-04-02 19:38:25,526] {dag.py:2379} INFO - Sync 1 DAGs
[2024-04-02 19:38:25,533] {logging_mixin.py:115} INFO - [2024-04-02 19:38:25,533] {dag.py:2927} INFO - Setting next_dagrun for latest_only_with_trigger to 2024-04-02T18:38:25.533596+00:00, run_after=2024-04-02T22:38:25.533596+00:00
[2024-04-02 19:38:25,538] {processor.py:161} INFO - Processing /Users/miltonvolpato/Git/Alura_Airflow_Oficial/venv/lib/python3.9/site-packages/airflow/example_dags/example_latest_only_with_trigger.py took 0.048 seconds
[2024-04-02 19:39:15,572] {processor.py:153} INFO - Started process (PID=11551) to work on /Users/miltonvolpato/Git/Alura_Airflow_Oficial/venv/lib/python3.9/site-packages/airflow/example_dags/example_latest_only_with_trigger.py
[2024-04-02 19:39:15,572] {processor.py:641} INFO - Processing file /Users/miltonvolpato/Git/Alura_Airflow_Oficial/venv/lib/python3.9/site-packages/airflow/example_dags/example_latest_only_with_trigger.py for tasks to queue
[2024-04-02 19:39:15,572] {logging_mixin.py:115} INFO - [2024-04-02 19:39:15,572] {dagbag.py:507} INFO - Filling up the DagBag from /Users/miltonvolpato/Git/Alura_Airflow_Oficial/venv/lib/python3.9/site-packages/airflow/example_dags/example_latest_only_with_trigger.py
[2024-04-02 19:39:15,578] {processor.py:651} INFO - DAG(s) dict_keys(['latest_only_with_trigger']) retrieved from /Users/miltonvolpato/Git/Alura_Airflow_Oficial/venv/lib/python3.9/site-packages/airflow/example_dags/example_latest_only_with_trigger.py
[2024-04-02 19:39:15,606] {logging_mixin.py:115} INFO - [2024-04-02 19:39:15,606] {dag.py:2379} INFO - Sync 1 DAGs
[2024-04-02 19:39:15,613] {logging_mixin.py:115} INFO - [2024-04-02 19:39:15,613] {dag.py:2927} INFO - Setting next_dagrun for latest_only_with_trigger to 2024-04-02T18:39:15.613410+00:00, run_after=2024-04-02T22:39:15.613410+00:00
[2024-04-02 19:39:15,618] {processor.py:161} INFO - Processing /Users/miltonvolpato/Git/Alura_Airflow_Oficial/venv/lib/python3.9/site-packages/airflow/example_dags/example_latest_only_with_trigger.py took 0.046 seconds
[2024-04-02 19:40:02,915] {processor.py:153} INFO - Started process (PID=11589) to work on /Users/miltonvolpato/Git/Alura_Airflow_Oficial/venv/lib/python3.9/site-packages/airflow/example_dags/example_latest_only_with_trigger.py
[2024-04-02 19:40:02,915] {processor.py:641} INFO - Processing file /Users/miltonvolpato/Git/Alura_Airflow_Oficial/venv/lib/python3.9/site-packages/airflow/example_dags/example_latest_only_with_trigger.py for tasks to queue
[2024-04-02 19:40:02,916] {logging_mixin.py:115} INFO - [2024-04-02 19:40:02,916] {dagbag.py:507} INFO - Filling up the DagBag from /Users/miltonvolpato/Git/Alura_Airflow_Oficial/venv/lib/python3.9/site-packages/airflow/example_dags/example_latest_only_with_trigger.py
[2024-04-02 19:40:02,921] {processor.py:651} INFO - DAG(s) dict_keys(['latest_only_with_trigger']) retrieved from /Users/miltonvolpato/Git/Alura_Airflow_Oficial/venv/lib/python3.9/site-packages/airflow/example_dags/example_latest_only_with_trigger.py
[2024-04-02 19:40:02,949] {logging_mixin.py:115} INFO - [2024-04-02 19:40:02,949] {dag.py:2379} INFO - Sync 1 DAGs
[2024-04-02 19:40:02,956] {logging_mixin.py:115} INFO - [2024-04-02 19:40:02,956] {dag.py:2927} INFO - Setting next_dagrun for latest_only_with_trigger to 2024-04-02T18:40:02.956602+00:00, run_after=2024-04-02T22:40:02.956602+00:00
[2024-04-02 19:40:02,961] {processor.py:161} INFO - Processing /Users/miltonvolpato/Git/Alura_Airflow_Oficial/venv/lib/python3.9/site-packages/airflow/example_dags/example_latest_only_with_trigger.py took 0.046 seconds
[2024-04-02 19:40:55,540] {processor.py:153} INFO - Started process (PID=11640) to work on /Users/miltonvolpato/Git/Alura_Airflow_Oficial/venv/lib/python3.9/site-packages/airflow/example_dags/example_latest_only_with_trigger.py
[2024-04-02 19:40:55,540] {processor.py:641} INFO - Processing file /Users/miltonvolpato/Git/Alura_Airflow_Oficial/venv/lib/python3.9/site-packages/airflow/example_dags/example_latest_only_with_trigger.py for tasks to queue
[2024-04-02 19:40:55,541] {logging_mixin.py:115} INFO - [2024-04-02 19:40:55,540] {dagbag.py:507} INFO - Filling up the DagBag from /Users/miltonvolpato/Git/Alura_Airflow_Oficial/venv/lib/python3.9/site-packages/airflow/example_dags/example_latest_only_with_trigger.py
[2024-04-02 19:40:55,546] {processor.py:651} INFO - DAG(s) dict_keys(['latest_only_with_trigger']) retrieved from /Users/miltonvolpato/Git/Alura_Airflow_Oficial/venv/lib/python3.9/site-packages/airflow/example_dags/example_latest_only_with_trigger.py
[2024-04-02 19:40:55,574] {logging_mixin.py:115} INFO - [2024-04-02 19:40:55,574] {dag.py:2379} INFO - Sync 1 DAGs
[2024-04-02 19:40:55,581] {logging_mixin.py:115} INFO - [2024-04-02 19:40:55,581] {dag.py:2927} INFO - Setting next_dagrun for latest_only_with_trigger to 2024-04-02T18:40:55.581663+00:00, run_after=2024-04-02T22:40:55.581663+00:00
[2024-04-02 19:40:55,586] {processor.py:161} INFO - Processing /Users/miltonvolpato/Git/Alura_Airflow_Oficial/venv/lib/python3.9/site-packages/airflow/example_dags/example_latest_only_with_trigger.py took 0.046 seconds
[2024-04-02 19:41:49,415] {processor.py:153} INFO - Started process (PID=11690) to work on /Users/miltonvolpato/Git/Alura_Airflow_Oficial/venv/lib/python3.9/site-packages/airflow/example_dags/example_latest_only_with_trigger.py
[2024-04-02 19:41:49,415] {processor.py:641} INFO - Processing file /Users/miltonvolpato/Git/Alura_Airflow_Oficial/venv/lib/python3.9/site-packages/airflow/example_dags/example_latest_only_with_trigger.py for tasks to queue
[2024-04-02 19:41:49,415] {logging_mixin.py:115} INFO - [2024-04-02 19:41:49,415] {dagbag.py:507} INFO - Filling up the DagBag from /Users/miltonvolpato/Git/Alura_Airflow_Oficial/venv/lib/python3.9/site-packages/airflow/example_dags/example_latest_only_with_trigger.py
[2024-04-02 19:41:49,421] {processor.py:651} INFO - DAG(s) dict_keys(['latest_only_with_trigger']) retrieved from /Users/miltonvolpato/Git/Alura_Airflow_Oficial/venv/lib/python3.9/site-packages/airflow/example_dags/example_latest_only_with_trigger.py
[2024-04-02 19:41:49,450] {logging_mixin.py:115} INFO - [2024-04-02 19:41:49,450] {dag.py:2379} INFO - Sync 1 DAGs
[2024-04-02 19:41:49,457] {logging_mixin.py:115} INFO - [2024-04-02 19:41:49,457] {dag.py:2927} INFO - Setting next_dagrun for latest_only_with_trigger to 2024-04-02T18:41:49.456949+00:00, run_after=2024-04-02T22:41:49.456949+00:00
[2024-04-02 19:41:49,462] {processor.py:161} INFO - Processing /Users/miltonvolpato/Git/Alura_Airflow_Oficial/venv/lib/python3.9/site-packages/airflow/example_dags/example_latest_only_with_trigger.py took 0.047 seconds
[2024-04-02 19:42:41,493] {processor.py:153} INFO - Started process (PID=11740) to work on /Users/miltonvolpato/Git/Alura_Airflow_Oficial/venv/lib/python3.9/site-packages/airflow/example_dags/example_latest_only_with_trigger.py
[2024-04-02 19:42:41,493] {processor.py:641} INFO - Processing file /Users/miltonvolpato/Git/Alura_Airflow_Oficial/venv/lib/python3.9/site-packages/airflow/example_dags/example_latest_only_with_trigger.py for tasks to queue
[2024-04-02 19:42:41,493] {logging_mixin.py:115} INFO - [2024-04-02 19:42:41,493] {dagbag.py:507} INFO - Filling up the DagBag from /Users/miltonvolpato/Git/Alura_Airflow_Oficial/venv/lib/python3.9/site-packages/airflow/example_dags/example_latest_only_with_trigger.py
[2024-04-02 19:42:41,498] {processor.py:651} INFO - DAG(s) dict_keys(['latest_only_with_trigger']) retrieved from /Users/miltonvolpato/Git/Alura_Airflow_Oficial/venv/lib/python3.9/site-packages/airflow/example_dags/example_latest_only_with_trigger.py
[2024-04-02 19:42:41,527] {logging_mixin.py:115} INFO - [2024-04-02 19:42:41,527] {dag.py:2379} INFO - Sync 1 DAGs
[2024-04-02 19:42:41,534] {logging_mixin.py:115} INFO - [2024-04-02 19:42:41,534] {dag.py:2927} INFO - Setting next_dagrun for latest_only_with_trigger to 2024-04-02T18:42:41.533924+00:00, run_after=2024-04-02T22:42:41.533924+00:00
[2024-04-02 19:42:41,538] {processor.py:161} INFO - Processing /Users/miltonvolpato/Git/Alura_Airflow_Oficial/venv/lib/python3.9/site-packages/airflow/example_dags/example_latest_only_with_trigger.py took 0.046 seconds
[2024-04-02 19:43:32,224] {processor.py:153} INFO - Started process (PID=11785) to work on /Users/miltonvolpato/Git/Alura_Airflow_Oficial/venv/lib/python3.9/site-packages/airflow/example_dags/example_latest_only_with_trigger.py
[2024-04-02 19:43:32,225] {processor.py:641} INFO - Processing file /Users/miltonvolpato/Git/Alura_Airflow_Oficial/venv/lib/python3.9/site-packages/airflow/example_dags/example_latest_only_with_trigger.py for tasks to queue
[2024-04-02 19:43:32,225] {logging_mixin.py:115} INFO - [2024-04-02 19:43:32,225] {dagbag.py:507} INFO - Filling up the DagBag from /Users/miltonvolpato/Git/Alura_Airflow_Oficial/venv/lib/python3.9/site-packages/airflow/example_dags/example_latest_only_with_trigger.py
[2024-04-02 19:43:32,232] {processor.py:651} INFO - DAG(s) dict_keys(['latest_only_with_trigger']) retrieved from /Users/miltonvolpato/Git/Alura_Airflow_Oficial/venv/lib/python3.9/site-packages/airflow/example_dags/example_latest_only_with_trigger.py
[2024-04-02 19:43:32,261] {logging_mixin.py:115} INFO - [2024-04-02 19:43:32,261] {dag.py:2379} INFO - Sync 1 DAGs
[2024-04-02 19:43:32,268] {logging_mixin.py:115} INFO - [2024-04-02 19:43:32,268] {dag.py:2927} INFO - Setting next_dagrun for latest_only_with_trigger to 2024-04-02T18:43:32.268079+00:00, run_after=2024-04-02T22:43:32.268079+00:00
[2024-04-02 19:43:32,273] {processor.py:161} INFO - Processing /Users/miltonvolpato/Git/Alura_Airflow_Oficial/venv/lib/python3.9/site-packages/airflow/example_dags/example_latest_only_with_trigger.py took 0.049 seconds
[2024-04-02 19:44:27,106] {processor.py:153} INFO - Started process (PID=11856) to work on /Users/miltonvolpato/Git/Alura_Airflow_Oficial/venv/lib/python3.9/site-packages/airflow/example_dags/example_latest_only_with_trigger.py
[2024-04-02 19:44:27,107] {processor.py:641} INFO - Processing file /Users/miltonvolpato/Git/Alura_Airflow_Oficial/venv/lib/python3.9/site-packages/airflow/example_dags/example_latest_only_with_trigger.py for tasks to queue
[2024-04-02 19:44:27,107] {logging_mixin.py:115} INFO - [2024-04-02 19:44:27,107] {dagbag.py:507} INFO - Filling up the DagBag from /Users/miltonvolpato/Git/Alura_Airflow_Oficial/venv/lib/python3.9/site-packages/airflow/example_dags/example_latest_only_with_trigger.py
[2024-04-02 19:44:27,113] {processor.py:651} INFO - DAG(s) dict_keys(['latest_only_with_trigger']) retrieved from /Users/miltonvolpato/Git/Alura_Airflow_Oficial/venv/lib/python3.9/site-packages/airflow/example_dags/example_latest_only_with_trigger.py
[2024-04-02 19:44:27,142] {logging_mixin.py:115} INFO - [2024-04-02 19:44:27,142] {dag.py:2379} INFO - Sync 1 DAGs
[2024-04-02 19:44:27,149] {logging_mixin.py:115} INFO - [2024-04-02 19:44:27,149] {dag.py:2927} INFO - Setting next_dagrun for latest_only_with_trigger to 2024-04-02T18:44:27.149127+00:00, run_after=2024-04-02T22:44:27.149127+00:00
[2024-04-02 19:44:27,154] {processor.py:161} INFO - Processing /Users/miltonvolpato/Git/Alura_Airflow_Oficial/venv/lib/python3.9/site-packages/airflow/example_dags/example_latest_only_with_trigger.py took 0.048 seconds
[2024-04-02 19:45:19,343] {processor.py:153} INFO - Started process (PID=11913) to work on /Users/miltonvolpato/Git/Alura_Airflow_Oficial/venv/lib/python3.9/site-packages/airflow/example_dags/example_latest_only_with_trigger.py
[2024-04-02 19:45:19,343] {processor.py:641} INFO - Processing file /Users/miltonvolpato/Git/Alura_Airflow_Oficial/venv/lib/python3.9/site-packages/airflow/example_dags/example_latest_only_with_trigger.py for tasks to queue
[2024-04-02 19:45:19,343] {logging_mixin.py:115} INFO - [2024-04-02 19:45:19,343] {dagbag.py:507} INFO - Filling up the DagBag from /Users/miltonvolpato/Git/Alura_Airflow_Oficial/venv/lib/python3.9/site-packages/airflow/example_dags/example_latest_only_with_trigger.py
[2024-04-02 19:45:19,350] {processor.py:651} INFO - DAG(s) dict_keys(['latest_only_with_trigger']) retrieved from /Users/miltonvolpato/Git/Alura_Airflow_Oficial/venv/lib/python3.9/site-packages/airflow/example_dags/example_latest_only_with_trigger.py
[2024-04-02 19:45:19,380] {logging_mixin.py:115} INFO - [2024-04-02 19:45:19,379] {dag.py:2379} INFO - Sync 1 DAGs
[2024-04-02 19:45:19,387] {logging_mixin.py:115} INFO - [2024-04-02 19:45:19,386] {dag.py:2927} INFO - Setting next_dagrun for latest_only_with_trigger to 2024-04-02T18:45:19.386862+00:00, run_after=2024-04-02T22:45:19.386862+00:00
[2024-04-02 19:45:19,391] {processor.py:161} INFO - Processing /Users/miltonvolpato/Git/Alura_Airflow_Oficial/venv/lib/python3.9/site-packages/airflow/example_dags/example_latest_only_with_trigger.py took 0.049 seconds
[2024-04-02 19:46:08,123] {processor.py:153} INFO - Started process (PID=11969) to work on /Users/miltonvolpato/Git/Alura_Airflow_Oficial/venv/lib/python3.9/site-packages/airflow/example_dags/example_latest_only_with_trigger.py
[2024-04-02 19:46:08,123] {processor.py:641} INFO - Processing file /Users/miltonvolpato/Git/Alura_Airflow_Oficial/venv/lib/python3.9/site-packages/airflow/example_dags/example_latest_only_with_trigger.py for tasks to queue
[2024-04-02 19:46:08,123] {logging_mixin.py:115} INFO - [2024-04-02 19:46:08,123] {dagbag.py:507} INFO - Filling up the DagBag from /Users/miltonvolpato/Git/Alura_Airflow_Oficial/venv/lib/python3.9/site-packages/airflow/example_dags/example_latest_only_with_trigger.py
[2024-04-02 19:46:08,129] {processor.py:651} INFO - DAG(s) dict_keys(['latest_only_with_trigger']) retrieved from /Users/miltonvolpato/Git/Alura_Airflow_Oficial/venv/lib/python3.9/site-packages/airflow/example_dags/example_latest_only_with_trigger.py
[2024-04-02 19:46:08,157] {logging_mixin.py:115} INFO - [2024-04-02 19:46:08,157] {dag.py:2379} INFO - Sync 1 DAGs
[2024-04-02 19:46:08,164] {logging_mixin.py:115} INFO - [2024-04-02 19:46:08,164] {dag.py:2927} INFO - Setting next_dagrun for latest_only_with_trigger to 2024-04-02T18:46:08.164653+00:00, run_after=2024-04-02T22:46:08.164653+00:00
[2024-04-02 19:46:08,169] {processor.py:161} INFO - Processing /Users/miltonvolpato/Git/Alura_Airflow_Oficial/venv/lib/python3.9/site-packages/airflow/example_dags/example_latest_only_with_trigger.py took 0.047 seconds
[2024-04-02 19:47:02,251] {processor.py:153} INFO - Started process (PID=12047) to work on /Users/miltonvolpato/Git/Alura_Airflow_Oficial/venv/lib/python3.9/site-packages/airflow/example_dags/example_latest_only_with_trigger.py
[2024-04-02 19:47:02,251] {processor.py:641} INFO - Processing file /Users/miltonvolpato/Git/Alura_Airflow_Oficial/venv/lib/python3.9/site-packages/airflow/example_dags/example_latest_only_with_trigger.py for tasks to queue
[2024-04-02 19:47:02,251] {logging_mixin.py:115} INFO - [2024-04-02 19:47:02,251] {dagbag.py:507} INFO - Filling up the DagBag from /Users/miltonvolpato/Git/Alura_Airflow_Oficial/venv/lib/python3.9/site-packages/airflow/example_dags/example_latest_only_with_trigger.py
[2024-04-02 19:47:02,257] {processor.py:651} INFO - DAG(s) dict_keys(['latest_only_with_trigger']) retrieved from /Users/miltonvolpato/Git/Alura_Airflow_Oficial/venv/lib/python3.9/site-packages/airflow/example_dags/example_latest_only_with_trigger.py
[2024-04-02 19:47:02,286] {logging_mixin.py:115} INFO - [2024-04-02 19:47:02,286] {dag.py:2379} INFO - Sync 1 DAGs
[2024-04-02 19:47:02,293] {logging_mixin.py:115} INFO - [2024-04-02 19:47:02,293] {dag.py:2927} INFO - Setting next_dagrun for latest_only_with_trigger to 2024-04-02T18:47:02.293083+00:00, run_after=2024-04-02T22:47:02.293083+00:00
[2024-04-02 19:47:02,297] {processor.py:161} INFO - Processing /Users/miltonvolpato/Git/Alura_Airflow_Oficial/venv/lib/python3.9/site-packages/airflow/example_dags/example_latest_only_with_trigger.py took 0.047 seconds
[2024-04-02 19:47:53,377] {processor.py:153} INFO - Started process (PID=12118) to work on /Users/miltonvolpato/Git/Alura_Airflow_Oficial/venv/lib/python3.9/site-packages/airflow/example_dags/example_latest_only_with_trigger.py
[2024-04-02 19:47:53,377] {processor.py:641} INFO - Processing file /Users/miltonvolpato/Git/Alura_Airflow_Oficial/venv/lib/python3.9/site-packages/airflow/example_dags/example_latest_only_with_trigger.py for tasks to queue
[2024-04-02 19:47:53,377] {logging_mixin.py:115} INFO - [2024-04-02 19:47:53,377] {dagbag.py:507} INFO - Filling up the DagBag from /Users/miltonvolpato/Git/Alura_Airflow_Oficial/venv/lib/python3.9/site-packages/airflow/example_dags/example_latest_only_with_trigger.py
[2024-04-02 19:47:53,383] {processor.py:651} INFO - DAG(s) dict_keys(['latest_only_with_trigger']) retrieved from /Users/miltonvolpato/Git/Alura_Airflow_Oficial/venv/lib/python3.9/site-packages/airflow/example_dags/example_latest_only_with_trigger.py
[2024-04-02 19:47:53,411] {logging_mixin.py:115} INFO - [2024-04-02 19:47:53,411] {dag.py:2379} INFO - Sync 1 DAGs
[2024-04-02 19:47:53,418] {logging_mixin.py:115} INFO - [2024-04-02 19:47:53,418] {dag.py:2927} INFO - Setting next_dagrun for latest_only_with_trigger to 2024-04-02T18:47:53.418414+00:00, run_after=2024-04-02T22:47:53.418414+00:00
[2024-04-02 19:47:53,423] {processor.py:161} INFO - Processing /Users/miltonvolpato/Git/Alura_Airflow_Oficial/venv/lib/python3.9/site-packages/airflow/example_dags/example_latest_only_with_trigger.py took 0.047 seconds
[2024-04-02 19:48:39,518] {processor.py:153} INFO - Started process (PID=12167) to work on /Users/miltonvolpato/Git/Alura_Airflow_Oficial/venv/lib/python3.9/site-packages/airflow/example_dags/example_latest_only_with_trigger.py
[2024-04-02 19:48:39,518] {processor.py:641} INFO - Processing file /Users/miltonvolpato/Git/Alura_Airflow_Oficial/venv/lib/python3.9/site-packages/airflow/example_dags/example_latest_only_with_trigger.py for tasks to queue
[2024-04-02 19:48:39,518] {logging_mixin.py:115} INFO - [2024-04-02 19:48:39,518] {dagbag.py:507} INFO - Filling up the DagBag from /Users/miltonvolpato/Git/Alura_Airflow_Oficial/venv/lib/python3.9/site-packages/airflow/example_dags/example_latest_only_with_trigger.py
[2024-04-02 19:48:39,524] {processor.py:651} INFO - DAG(s) dict_keys(['latest_only_with_trigger']) retrieved from /Users/miltonvolpato/Git/Alura_Airflow_Oficial/venv/lib/python3.9/site-packages/airflow/example_dags/example_latest_only_with_trigger.py
[2024-04-02 19:48:39,554] {logging_mixin.py:115} INFO - [2024-04-02 19:48:39,554] {dag.py:2379} INFO - Sync 1 DAGs
[2024-04-02 19:48:39,561] {logging_mixin.py:115} INFO - [2024-04-02 19:48:39,561] {dag.py:2927} INFO - Setting next_dagrun for latest_only_with_trigger to 2024-04-02T18:48:39.561394+00:00, run_after=2024-04-02T22:48:39.561394+00:00
[2024-04-02 19:48:39,566] {processor.py:161} INFO - Processing /Users/miltonvolpato/Git/Alura_Airflow_Oficial/venv/lib/python3.9/site-packages/airflow/example_dags/example_latest_only_with_trigger.py took 0.048 seconds
[2024-04-02 19:49:30,126] {processor.py:153} INFO - Started process (PID=12229) to work on /Users/miltonvolpato/Git/Alura_Airflow_Oficial/venv/lib/python3.9/site-packages/airflow/example_dags/example_latest_only_with_trigger.py
[2024-04-02 19:49:30,126] {processor.py:641} INFO - Processing file /Users/miltonvolpato/Git/Alura_Airflow_Oficial/venv/lib/python3.9/site-packages/airflow/example_dags/example_latest_only_with_trigger.py for tasks to queue
[2024-04-02 19:49:30,127] {logging_mixin.py:115} INFO - [2024-04-02 19:49:30,127] {dagbag.py:507} INFO - Filling up the DagBag from /Users/miltonvolpato/Git/Alura_Airflow_Oficial/venv/lib/python3.9/site-packages/airflow/example_dags/example_latest_only_with_trigger.py
[2024-04-02 19:49:30,133] {processor.py:651} INFO - DAG(s) dict_keys(['latest_only_with_trigger']) retrieved from /Users/miltonvolpato/Git/Alura_Airflow_Oficial/venv/lib/python3.9/site-packages/airflow/example_dags/example_latest_only_with_trigger.py
[2024-04-02 19:49:30,163] {logging_mixin.py:115} INFO - [2024-04-02 19:49:30,163] {dag.py:2379} INFO - Sync 1 DAGs
[2024-04-02 19:49:30,170] {logging_mixin.py:115} INFO - [2024-04-02 19:49:30,170] {dag.py:2927} INFO - Setting next_dagrun for latest_only_with_trigger to 2024-04-02T18:49:30.170633+00:00, run_after=2024-04-02T22:49:30.170633+00:00
[2024-04-02 19:49:30,175] {processor.py:161} INFO - Processing /Users/miltonvolpato/Git/Alura_Airflow_Oficial/venv/lib/python3.9/site-packages/airflow/example_dags/example_latest_only_with_trigger.py took 0.049 seconds
[2024-04-02 19:50:23,457] {processor.py:153} INFO - Started process (PID=12272) to work on /Users/miltonvolpato/Git/Alura_Airflow_Oficial/venv/lib/python3.9/site-packages/airflow/example_dags/example_latest_only_with_trigger.py
[2024-04-02 19:50:23,458] {processor.py:641} INFO - Processing file /Users/miltonvolpato/Git/Alura_Airflow_Oficial/venv/lib/python3.9/site-packages/airflow/example_dags/example_latest_only_with_trigger.py for tasks to queue
[2024-04-02 19:50:23,458] {logging_mixin.py:115} INFO - [2024-04-02 19:50:23,458] {dagbag.py:507} INFO - Filling up the DagBag from /Users/miltonvolpato/Git/Alura_Airflow_Oficial/venv/lib/python3.9/site-packages/airflow/example_dags/example_latest_only_with_trigger.py
[2024-04-02 19:50:23,464] {processor.py:651} INFO - DAG(s) dict_keys(['latest_only_with_trigger']) retrieved from /Users/miltonvolpato/Git/Alura_Airflow_Oficial/venv/lib/python3.9/site-packages/airflow/example_dags/example_latest_only_with_trigger.py
[2024-04-02 19:50:23,492] {logging_mixin.py:115} INFO - [2024-04-02 19:50:23,492] {dag.py:2379} INFO - Sync 1 DAGs
[2024-04-02 19:50:23,499] {logging_mixin.py:115} INFO - [2024-04-02 19:50:23,499] {dag.py:2927} INFO - Setting next_dagrun for latest_only_with_trigger to 2024-04-02T18:50:23.499827+00:00, run_after=2024-04-02T22:50:23.499827+00:00
[2024-04-02 19:50:23,504] {processor.py:161} INFO - Processing /Users/miltonvolpato/Git/Alura_Airflow_Oficial/venv/lib/python3.9/site-packages/airflow/example_dags/example_latest_only_with_trigger.py took 0.047 seconds
[2024-04-02 19:51:14,783] {processor.py:153} INFO - Started process (PID=12318) to work on /Users/miltonvolpato/Git/Alura_Airflow_Oficial/venv/lib/python3.9/site-packages/airflow/example_dags/example_latest_only_with_trigger.py
[2024-04-02 19:51:14,784] {processor.py:641} INFO - Processing file /Users/miltonvolpato/Git/Alura_Airflow_Oficial/venv/lib/python3.9/site-packages/airflow/example_dags/example_latest_only_with_trigger.py for tasks to queue
[2024-04-02 19:51:14,784] {logging_mixin.py:115} INFO - [2024-04-02 19:51:14,784] {dagbag.py:507} INFO - Filling up the DagBag from /Users/miltonvolpato/Git/Alura_Airflow_Oficial/venv/lib/python3.9/site-packages/airflow/example_dags/example_latest_only_with_trigger.py
[2024-04-02 19:51:14,791] {processor.py:651} INFO - DAG(s) dict_keys(['latest_only_with_trigger']) retrieved from /Users/miltonvolpato/Git/Alura_Airflow_Oficial/venv/lib/python3.9/site-packages/airflow/example_dags/example_latest_only_with_trigger.py
[2024-04-02 19:51:14,822] {logging_mixin.py:115} INFO - [2024-04-02 19:51:14,822] {dag.py:2379} INFO - Sync 1 DAGs
[2024-04-02 19:51:14,829] {logging_mixin.py:115} INFO - [2024-04-02 19:51:14,829] {dag.py:2927} INFO - Setting next_dagrun for latest_only_with_trigger to 2024-04-02T18:51:14.829506+00:00, run_after=2024-04-02T22:51:14.829506+00:00
[2024-04-02 19:51:14,835] {processor.py:161} INFO - Processing /Users/miltonvolpato/Git/Alura_Airflow_Oficial/venv/lib/python3.9/site-packages/airflow/example_dags/example_latest_only_with_trigger.py took 0.052 seconds
[2024-04-02 19:52:10,188] {processor.py:153} INFO - Started process (PID=12378) to work on /Users/miltonvolpato/Git/Alura_Airflow_Oficial/venv/lib/python3.9/site-packages/airflow/example_dags/example_latest_only_with_trigger.py
[2024-04-02 19:52:10,189] {processor.py:641} INFO - Processing file /Users/miltonvolpato/Git/Alura_Airflow_Oficial/venv/lib/python3.9/site-packages/airflow/example_dags/example_latest_only_with_trigger.py for tasks to queue
[2024-04-02 19:52:10,189] {logging_mixin.py:115} INFO - [2024-04-02 19:52:10,189] {dagbag.py:507} INFO - Filling up the DagBag from /Users/miltonvolpato/Git/Alura_Airflow_Oficial/venv/lib/python3.9/site-packages/airflow/example_dags/example_latest_only_with_trigger.py
[2024-04-02 19:52:10,196] {processor.py:651} INFO - DAG(s) dict_keys(['latest_only_with_trigger']) retrieved from /Users/miltonvolpato/Git/Alura_Airflow_Oficial/venv/lib/python3.9/site-packages/airflow/example_dags/example_latest_only_with_trigger.py
[2024-04-02 19:52:10,224] {logging_mixin.py:115} INFO - [2024-04-02 19:52:10,223] {dag.py:2379} INFO - Sync 1 DAGs
[2024-04-02 19:52:10,231] {logging_mixin.py:115} INFO - [2024-04-02 19:52:10,230] {dag.py:2927} INFO - Setting next_dagrun for latest_only_with_trigger to 2024-04-02T18:52:10.230855+00:00, run_after=2024-04-02T22:52:10.230855+00:00
[2024-04-02 19:52:10,235] {processor.py:161} INFO - Processing /Users/miltonvolpato/Git/Alura_Airflow_Oficial/venv/lib/python3.9/site-packages/airflow/example_dags/example_latest_only_with_trigger.py took 0.048 seconds
[2024-04-02 19:53:08,165] {processor.py:153} INFO - Started process (PID=12425) to work on /Users/miltonvolpato/Git/Alura_Airflow_Oficial/venv/lib/python3.9/site-packages/airflow/example_dags/example_latest_only_with_trigger.py
[2024-04-02 19:53:08,165] {processor.py:641} INFO - Processing file /Users/miltonvolpato/Git/Alura_Airflow_Oficial/venv/lib/python3.9/site-packages/airflow/example_dags/example_latest_only_with_trigger.py for tasks to queue
[2024-04-02 19:53:08,165] {logging_mixin.py:115} INFO - [2024-04-02 19:53:08,165] {dagbag.py:507} INFO - Filling up the DagBag from /Users/miltonvolpato/Git/Alura_Airflow_Oficial/venv/lib/python3.9/site-packages/airflow/example_dags/example_latest_only_with_trigger.py
[2024-04-02 19:53:08,172] {processor.py:651} INFO - DAG(s) dict_keys(['latest_only_with_trigger']) retrieved from /Users/miltonvolpato/Git/Alura_Airflow_Oficial/venv/lib/python3.9/site-packages/airflow/example_dags/example_latest_only_with_trigger.py
[2024-04-02 19:53:08,200] {logging_mixin.py:115} INFO - [2024-04-02 19:53:08,200] {dag.py:2379} INFO - Sync 1 DAGs
[2024-04-02 19:53:08,207] {logging_mixin.py:115} INFO - [2024-04-02 19:53:08,207] {dag.py:2927} INFO - Setting next_dagrun for latest_only_with_trigger to 2024-04-02T18:53:08.207495+00:00, run_after=2024-04-02T22:53:08.207495+00:00
[2024-04-02 19:53:08,212] {processor.py:161} INFO - Processing /Users/miltonvolpato/Git/Alura_Airflow_Oficial/venv/lib/python3.9/site-packages/airflow/example_dags/example_latest_only_with_trigger.py took 0.047 seconds
[2024-04-02 19:54:03,439] {processor.py:153} INFO - Started process (PID=12532) to work on /Users/miltonvolpato/Git/Alura_Airflow_Oficial/venv/lib/python3.9/site-packages/airflow/example_dags/example_latest_only_with_trigger.py
[2024-04-02 19:54:03,440] {processor.py:641} INFO - Processing file /Users/miltonvolpato/Git/Alura_Airflow_Oficial/venv/lib/python3.9/site-packages/airflow/example_dags/example_latest_only_with_trigger.py for tasks to queue
[2024-04-02 19:54:03,440] {logging_mixin.py:115} INFO - [2024-04-02 19:54:03,440] {dagbag.py:507} INFO - Filling up the DagBag from /Users/miltonvolpato/Git/Alura_Airflow_Oficial/venv/lib/python3.9/site-packages/airflow/example_dags/example_latest_only_with_trigger.py
[2024-04-02 19:54:03,447] {processor.py:651} INFO - DAG(s) dict_keys(['latest_only_with_trigger']) retrieved from /Users/miltonvolpato/Git/Alura_Airflow_Oficial/venv/lib/python3.9/site-packages/airflow/example_dags/example_latest_only_with_trigger.py
[2024-04-02 19:54:03,479] {logging_mixin.py:115} INFO - [2024-04-02 19:54:03,479] {dag.py:2379} INFO - Sync 1 DAGs
[2024-04-02 19:54:03,486] {logging_mixin.py:115} INFO - [2024-04-02 19:54:03,486] {dag.py:2927} INFO - Setting next_dagrun for latest_only_with_trigger to 2024-04-02T18:54:03.486283+00:00, run_after=2024-04-02T22:54:03.486283+00:00
[2024-04-02 19:54:03,493] {processor.py:161} INFO - Processing /Users/miltonvolpato/Git/Alura_Airflow_Oficial/venv/lib/python3.9/site-packages/airflow/example_dags/example_latest_only_with_trigger.py took 0.054 seconds
[2024-04-02 19:55:00,390] {processor.py:153} INFO - Started process (PID=12624) to work on /Users/miltonvolpato/Git/Alura_Airflow_Oficial/venv/lib/python3.9/site-packages/airflow/example_dags/example_latest_only_with_trigger.py
[2024-04-02 19:55:00,391] {processor.py:641} INFO - Processing file /Users/miltonvolpato/Git/Alura_Airflow_Oficial/venv/lib/python3.9/site-packages/airflow/example_dags/example_latest_only_with_trigger.py for tasks to queue
[2024-04-02 19:55:00,391] {logging_mixin.py:115} INFO - [2024-04-02 19:55:00,391] {dagbag.py:507} INFO - Filling up the DagBag from /Users/miltonvolpato/Git/Alura_Airflow_Oficial/venv/lib/python3.9/site-packages/airflow/example_dags/example_latest_only_with_trigger.py
[2024-04-02 19:55:00,398] {processor.py:651} INFO - DAG(s) dict_keys(['latest_only_with_trigger']) retrieved from /Users/miltonvolpato/Git/Alura_Airflow_Oficial/venv/lib/python3.9/site-packages/airflow/example_dags/example_latest_only_with_trigger.py
[2024-04-02 19:55:00,427] {logging_mixin.py:115} INFO - [2024-04-02 19:55:00,427] {dag.py:2379} INFO - Sync 1 DAGs
[2024-04-02 19:55:00,434] {logging_mixin.py:115} INFO - [2024-04-02 19:55:00,434] {dag.py:2927} INFO - Setting next_dagrun for latest_only_with_trigger to 2024-04-02T18:55:00.434493+00:00, run_after=2024-04-02T22:55:00.434493+00:00
[2024-04-02 19:55:00,439] {processor.py:161} INFO - Processing /Users/miltonvolpato/Git/Alura_Airflow_Oficial/venv/lib/python3.9/site-packages/airflow/example_dags/example_latest_only_with_trigger.py took 0.050 seconds
