[2024-04-02 19:36:27,545] {processor.py:153} INFO - Started process (PID=11305) to work on /Users/miltonvolpato/Git/Alura_Airflow_Oficial/venv/lib/python3.9/site-packages/airflow/example_dags/example_trigger_target_dag.py
[2024-04-02 19:36:27,545] {processor.py:641} INFO - Processing file /Users/miltonvolpato/Git/Alura_Airflow_Oficial/venv/lib/python3.9/site-packages/airflow/example_dags/example_trigger_target_dag.py for tasks to queue
[2024-04-02 19:36:27,545] {logging_mixin.py:115} INFO - [2024-04-02 19:36:27,545] {dagbag.py:507} INFO - Filling up the DagBag from /Users/miltonvolpato/Git/Alura_Airflow_Oficial/venv/lib/python3.9/site-packages/airflow/example_dags/example_trigger_target_dag.py
[2024-04-02 19:36:27,560] {processor.py:651} INFO - DAG(s) dict_keys(['example_trigger_target_dag']) retrieved from /Users/miltonvolpato/Git/Alura_Airflow_Oficial/venv/lib/python3.9/site-packages/airflow/example_dags/example_trigger_target_dag.py
[2024-04-02 19:36:27,885] {logging_mixin.py:115} INFO - [2024-04-02 19:36:27,885] {manager.py:508} INFO - Created Permission View: can read on DAG:example_trigger_target_dag
[2024-04-02 19:36:27,888] {logging_mixin.py:115} INFO - [2024-04-02 19:36:27,888] {manager.py:508} INFO - Created Permission View: can edit on DAG:example_trigger_target_dag
[2024-04-02 19:36:27,890] {logging_mixin.py:115} INFO - [2024-04-02 19:36:27,890] {manager.py:508} INFO - Created Permission View: can delete on DAG:example_trigger_target_dag
[2024-04-02 19:36:27,890] {logging_mixin.py:115} INFO - [2024-04-02 19:36:27,890] {dag.py:2379} INFO - Sync 1 DAGs
[2024-04-02 19:36:27,893] {logging_mixin.py:115} INFO - [2024-04-02 19:36:27,893] {dag.py:2398} INFO - Creating ORM DAG for example_trigger_target_dag
[2024-04-02 19:36:27,897] {logging_mixin.py:115} INFO - [2024-04-02 19:36:27,897] {dag.py:2927} INFO - Setting next_dagrun for example_trigger_target_dag to None, run_after=None
[2024-04-02 19:36:27,902] {processor.py:161} INFO - Processing /Users/miltonvolpato/Git/Alura_Airflow_Oficial/venv/lib/python3.9/site-packages/airflow/example_dags/example_trigger_target_dag.py took 0.358 seconds
[2024-04-02 19:37:20,851] {processor.py:153} INFO - Started process (PID=11390) to work on /Users/miltonvolpato/Git/Alura_Airflow_Oficial/venv/lib/python3.9/site-packages/airflow/example_dags/example_trigger_target_dag.py
[2024-04-02 19:37:20,851] {processor.py:641} INFO - Processing file /Users/miltonvolpato/Git/Alura_Airflow_Oficial/venv/lib/python3.9/site-packages/airflow/example_dags/example_trigger_target_dag.py for tasks to queue
[2024-04-02 19:37:20,851] {logging_mixin.py:115} INFO - [2024-04-02 19:37:20,851] {dagbag.py:507} INFO - Filling up the DagBag from /Users/miltonvolpato/Git/Alura_Airflow_Oficial/venv/lib/python3.9/site-packages/airflow/example_dags/example_trigger_target_dag.py
[2024-04-02 19:37:20,866] {processor.py:651} INFO - DAG(s) dict_keys(['example_trigger_target_dag']) retrieved from /Users/miltonvolpato/Git/Alura_Airflow_Oficial/venv/lib/python3.9/site-packages/airflow/example_dags/example_trigger_target_dag.py
[2024-04-02 19:37:20,895] {logging_mixin.py:115} INFO - [2024-04-02 19:37:20,895] {dag.py:2379} INFO - Sync 1 DAGs
[2024-04-02 19:37:20,901] {logging_mixin.py:115} INFO - [2024-04-02 19:37:20,901] {dag.py:2927} INFO - Setting next_dagrun for example_trigger_target_dag to None, run_after=None
[2024-04-02 19:37:20,906] {processor.py:161} INFO - Processing /Users/miltonvolpato/Git/Alura_Airflow_Oficial/venv/lib/python3.9/site-packages/airflow/example_dags/example_trigger_target_dag.py took 0.055 seconds
[2024-04-02 19:38:02,574] {processor.py:153} INFO - Started process (PID=11470) to work on /Users/miltonvolpato/Git/Alura_Airflow_Oficial/venv/lib/python3.9/site-packages/airflow/example_dags/example_trigger_target_dag.py
[2024-04-02 19:38:02,574] {processor.py:641} INFO - Processing file /Users/miltonvolpato/Git/Alura_Airflow_Oficial/venv/lib/python3.9/site-packages/airflow/example_dags/example_trigger_target_dag.py for tasks to queue
[2024-04-02 19:38:02,574] {logging_mixin.py:115} INFO - [2024-04-02 19:38:02,574] {dagbag.py:507} INFO - Filling up the DagBag from /Users/miltonvolpato/Git/Alura_Airflow_Oficial/venv/lib/python3.9/site-packages/airflow/example_dags/example_trigger_target_dag.py
[2024-04-02 19:38:02,590] {processor.py:651} INFO - DAG(s) dict_keys(['example_trigger_target_dag']) retrieved from /Users/miltonvolpato/Git/Alura_Airflow_Oficial/venv/lib/python3.9/site-packages/airflow/example_dags/example_trigger_target_dag.py
[2024-04-02 19:38:02,619] {logging_mixin.py:115} INFO - [2024-04-02 19:38:02,619] {dag.py:2379} INFO - Sync 1 DAGs
[2024-04-02 19:38:02,625] {logging_mixin.py:115} INFO - [2024-04-02 19:38:02,625] {dag.py:2927} INFO - Setting next_dagrun for example_trigger_target_dag to None, run_after=None
[2024-04-02 19:38:02,630] {processor.py:161} INFO - Processing /Users/miltonvolpato/Git/Alura_Airflow_Oficial/venv/lib/python3.9/site-packages/airflow/example_dags/example_trigger_target_dag.py took 0.056 seconds
[2024-04-02 19:38:48,981] {processor.py:153} INFO - Started process (PID=11527) to work on /Users/miltonvolpato/Git/Alura_Airflow_Oficial/venv/lib/python3.9/site-packages/airflow/example_dags/example_trigger_target_dag.py
[2024-04-02 19:38:48,981] {processor.py:641} INFO - Processing file /Users/miltonvolpato/Git/Alura_Airflow_Oficial/venv/lib/python3.9/site-packages/airflow/example_dags/example_trigger_target_dag.py for tasks to queue
[2024-04-02 19:38:48,981] {logging_mixin.py:115} INFO - [2024-04-02 19:38:48,981] {dagbag.py:507} INFO - Filling up the DagBag from /Users/miltonvolpato/Git/Alura_Airflow_Oficial/venv/lib/python3.9/site-packages/airflow/example_dags/example_trigger_target_dag.py
[2024-04-02 19:38:48,996] {processor.py:651} INFO - DAG(s) dict_keys(['example_trigger_target_dag']) retrieved from /Users/miltonvolpato/Git/Alura_Airflow_Oficial/venv/lib/python3.9/site-packages/airflow/example_dags/example_trigger_target_dag.py
[2024-04-02 19:38:49,023] {logging_mixin.py:115} INFO - [2024-04-02 19:38:49,023] {dag.py:2379} INFO - Sync 1 DAGs
[2024-04-02 19:38:49,030] {logging_mixin.py:115} INFO - [2024-04-02 19:38:49,029] {dag.py:2927} INFO - Setting next_dagrun for example_trigger_target_dag to None, run_after=None
[2024-04-02 19:38:49,034] {processor.py:161} INFO - Processing /Users/miltonvolpato/Git/Alura_Airflow_Oficial/venv/lib/python3.9/site-packages/airflow/example_dags/example_trigger_target_dag.py took 0.054 seconds
[2024-04-02 19:39:38,039] {processor.py:153} INFO - Started process (PID=11568) to work on /Users/miltonvolpato/Git/Alura_Airflow_Oficial/venv/lib/python3.9/site-packages/airflow/example_dags/example_trigger_target_dag.py
[2024-04-02 19:39:38,039] {processor.py:641} INFO - Processing file /Users/miltonvolpato/Git/Alura_Airflow_Oficial/venv/lib/python3.9/site-packages/airflow/example_dags/example_trigger_target_dag.py for tasks to queue
[2024-04-02 19:39:38,039] {logging_mixin.py:115} INFO - [2024-04-02 19:39:38,039] {dagbag.py:507} INFO - Filling up the DagBag from /Users/miltonvolpato/Git/Alura_Airflow_Oficial/venv/lib/python3.9/site-packages/airflow/example_dags/example_trigger_target_dag.py
[2024-04-02 19:39:38,054] {processor.py:651} INFO - DAG(s) dict_keys(['example_trigger_target_dag']) retrieved from /Users/miltonvolpato/Git/Alura_Airflow_Oficial/venv/lib/python3.9/site-packages/airflow/example_dags/example_trigger_target_dag.py
[2024-04-02 19:39:38,082] {logging_mixin.py:115} INFO - [2024-04-02 19:39:38,082] {dag.py:2379} INFO - Sync 1 DAGs
[2024-04-02 19:39:38,088] {logging_mixin.py:115} INFO - [2024-04-02 19:39:38,088] {dag.py:2927} INFO - Setting next_dagrun for example_trigger_target_dag to None, run_after=None
[2024-04-02 19:39:38,093] {processor.py:161} INFO - Processing /Users/miltonvolpato/Git/Alura_Airflow_Oficial/venv/lib/python3.9/site-packages/airflow/example_dags/example_trigger_target_dag.py took 0.054 seconds
[2024-04-02 19:40:26,258] {processor.py:153} INFO - Started process (PID=11617) to work on /Users/miltonvolpato/Git/Alura_Airflow_Oficial/venv/lib/python3.9/site-packages/airflow/example_dags/example_trigger_target_dag.py
[2024-04-02 19:40:26,258] {processor.py:641} INFO - Processing file /Users/miltonvolpato/Git/Alura_Airflow_Oficial/venv/lib/python3.9/site-packages/airflow/example_dags/example_trigger_target_dag.py for tasks to queue
[2024-04-02 19:40:26,258] {logging_mixin.py:115} INFO - [2024-04-02 19:40:26,258] {dagbag.py:507} INFO - Filling up the DagBag from /Users/miltonvolpato/Git/Alura_Airflow_Oficial/venv/lib/python3.9/site-packages/airflow/example_dags/example_trigger_target_dag.py
[2024-04-02 19:40:26,273] {processor.py:651} INFO - DAG(s) dict_keys(['example_trigger_target_dag']) retrieved from /Users/miltonvolpato/Git/Alura_Airflow_Oficial/venv/lib/python3.9/site-packages/airflow/example_dags/example_trigger_target_dag.py
[2024-04-02 19:40:26,301] {logging_mixin.py:115} INFO - [2024-04-02 19:40:26,301] {dag.py:2379} INFO - Sync 1 DAGs
[2024-04-02 19:40:26,307] {logging_mixin.py:115} INFO - [2024-04-02 19:40:26,307] {dag.py:2927} INFO - Setting next_dagrun for example_trigger_target_dag to None, run_after=None
[2024-04-02 19:40:26,312] {processor.py:161} INFO - Processing /Users/miltonvolpato/Git/Alura_Airflow_Oficial/venv/lib/python3.9/site-packages/airflow/example_dags/example_trigger_target_dag.py took 0.055 seconds
[2024-04-02 19:41:03,068] {processor.py:153} INFO - Started process (PID=11645) to work on /Users/miltonvolpato/Git/Alura_Airflow_Oficial/venv/lib/python3.9/site-packages/airflow/example_dags/example_trigger_target_dag.py
[2024-04-02 19:41:03,069] {processor.py:641} INFO - Processing file /Users/miltonvolpato/Git/Alura_Airflow_Oficial/venv/lib/python3.9/site-packages/airflow/example_dags/example_trigger_target_dag.py for tasks to queue
[2024-04-02 19:41:03,069] {logging_mixin.py:115} INFO - [2024-04-02 19:41:03,069] {dagbag.py:507} INFO - Filling up the DagBag from /Users/miltonvolpato/Git/Alura_Airflow_Oficial/venv/lib/python3.9/site-packages/airflow/example_dags/example_trigger_target_dag.py
[2024-04-02 19:41:03,083] {processor.py:651} INFO - DAG(s) dict_keys(['example_trigger_target_dag']) retrieved from /Users/miltonvolpato/Git/Alura_Airflow_Oficial/venv/lib/python3.9/site-packages/airflow/example_dags/example_trigger_target_dag.py
[2024-04-02 19:41:03,111] {logging_mixin.py:115} INFO - [2024-04-02 19:41:03,111] {dag.py:2379} INFO - Sync 1 DAGs
[2024-04-02 19:41:03,117] {logging_mixin.py:115} INFO - [2024-04-02 19:41:03,117] {dag.py:2927} INFO - Setting next_dagrun for example_trigger_target_dag to None, run_after=None
[2024-04-02 19:41:03,122] {processor.py:161} INFO - Processing /Users/miltonvolpato/Git/Alura_Airflow_Oficial/venv/lib/python3.9/site-packages/airflow/example_dags/example_trigger_target_dag.py took 0.054 seconds
[2024-04-02 19:41:56,487] {processor.py:153} INFO - Started process (PID=11696) to work on /Users/miltonvolpato/Git/Alura_Airflow_Oficial/venv/lib/python3.9/site-packages/airflow/example_dags/example_trigger_target_dag.py
[2024-04-02 19:41:56,487] {processor.py:641} INFO - Processing file /Users/miltonvolpato/Git/Alura_Airflow_Oficial/venv/lib/python3.9/site-packages/airflow/example_dags/example_trigger_target_dag.py for tasks to queue
[2024-04-02 19:41:56,487] {logging_mixin.py:115} INFO - [2024-04-02 19:41:56,487] {dagbag.py:507} INFO - Filling up the DagBag from /Users/miltonvolpato/Git/Alura_Airflow_Oficial/venv/lib/python3.9/site-packages/airflow/example_dags/example_trigger_target_dag.py
[2024-04-02 19:41:56,501] {processor.py:651} INFO - DAG(s) dict_keys(['example_trigger_target_dag']) retrieved from /Users/miltonvolpato/Git/Alura_Airflow_Oficial/venv/lib/python3.9/site-packages/airflow/example_dags/example_trigger_target_dag.py
[2024-04-02 19:41:56,529] {logging_mixin.py:115} INFO - [2024-04-02 19:41:56,529] {dag.py:2379} INFO - Sync 1 DAGs
[2024-04-02 19:41:56,535] {logging_mixin.py:115} INFO - [2024-04-02 19:41:56,535] {dag.py:2927} INFO - Setting next_dagrun for example_trigger_target_dag to None, run_after=None
[2024-04-02 19:41:56,540] {processor.py:161} INFO - Processing /Users/miltonvolpato/Git/Alura_Airflow_Oficial/venv/lib/python3.9/site-packages/airflow/example_dags/example_trigger_target_dag.py took 0.054 seconds
[2024-04-02 19:42:46,985] {processor.py:153} INFO - Started process (PID=11744) to work on /Users/miltonvolpato/Git/Alura_Airflow_Oficial/venv/lib/python3.9/site-packages/airflow/example_dags/example_trigger_target_dag.py
[2024-04-02 19:42:46,985] {processor.py:641} INFO - Processing file /Users/miltonvolpato/Git/Alura_Airflow_Oficial/venv/lib/python3.9/site-packages/airflow/example_dags/example_trigger_target_dag.py for tasks to queue
[2024-04-02 19:42:46,985] {logging_mixin.py:115} INFO - [2024-04-02 19:42:46,985] {dagbag.py:507} INFO - Filling up the DagBag from /Users/miltonvolpato/Git/Alura_Airflow_Oficial/venv/lib/python3.9/site-packages/airflow/example_dags/example_trigger_target_dag.py
[2024-04-02 19:42:46,999] {processor.py:651} INFO - DAG(s) dict_keys(['example_trigger_target_dag']) retrieved from /Users/miltonvolpato/Git/Alura_Airflow_Oficial/venv/lib/python3.9/site-packages/airflow/example_dags/example_trigger_target_dag.py
[2024-04-02 19:42:47,028] {logging_mixin.py:115} INFO - [2024-04-02 19:42:47,028] {dag.py:2379} INFO - Sync 1 DAGs
[2024-04-02 19:42:47,034] {logging_mixin.py:115} INFO - [2024-04-02 19:42:47,034] {dag.py:2927} INFO - Setting next_dagrun for example_trigger_target_dag to None, run_after=None
[2024-04-02 19:42:47,039] {processor.py:161} INFO - Processing /Users/miltonvolpato/Git/Alura_Airflow_Oficial/venv/lib/python3.9/site-packages/airflow/example_dags/example_trigger_target_dag.py took 0.054 seconds
[2024-04-02 19:43:38,007] {processor.py:153} INFO - Started process (PID=11795) to work on /Users/miltonvolpato/Git/Alura_Airflow_Oficial/venv/lib/python3.9/site-packages/airflow/example_dags/example_trigger_target_dag.py
[2024-04-02 19:43:38,007] {processor.py:641} INFO - Processing file /Users/miltonvolpato/Git/Alura_Airflow_Oficial/venv/lib/python3.9/site-packages/airflow/example_dags/example_trigger_target_dag.py for tasks to queue
[2024-04-02 19:43:38,008] {logging_mixin.py:115} INFO - [2024-04-02 19:43:38,008] {dagbag.py:507} INFO - Filling up the DagBag from /Users/miltonvolpato/Git/Alura_Airflow_Oficial/venv/lib/python3.9/site-packages/airflow/example_dags/example_trigger_target_dag.py
[2024-04-02 19:43:38,022] {processor.py:651} INFO - DAG(s) dict_keys(['example_trigger_target_dag']) retrieved from /Users/miltonvolpato/Git/Alura_Airflow_Oficial/venv/lib/python3.9/site-packages/airflow/example_dags/example_trigger_target_dag.py
[2024-04-02 19:43:38,051] {logging_mixin.py:115} INFO - [2024-04-02 19:43:38,051] {dag.py:2379} INFO - Sync 1 DAGs
[2024-04-02 19:43:38,057] {logging_mixin.py:115} INFO - [2024-04-02 19:43:38,057] {dag.py:2927} INFO - Setting next_dagrun for example_trigger_target_dag to None, run_after=None
[2024-04-02 19:43:38,062] {processor.py:161} INFO - Processing /Users/miltonvolpato/Git/Alura_Airflow_Oficial/venv/lib/python3.9/site-packages/airflow/example_dags/example_trigger_target_dag.py took 0.055 seconds
[2024-04-02 19:44:17,904] {processor.py:153} INFO - Started process (PID=11840) to work on /Users/miltonvolpato/Git/Alura_Airflow_Oficial/venv/lib/python3.9/site-packages/airflow/example_dags/example_trigger_target_dag.py
[2024-04-02 19:44:17,904] {processor.py:641} INFO - Processing file /Users/miltonvolpato/Git/Alura_Airflow_Oficial/venv/lib/python3.9/site-packages/airflow/example_dags/example_trigger_target_dag.py for tasks to queue
[2024-04-02 19:44:17,904] {logging_mixin.py:115} INFO - [2024-04-02 19:44:17,904] {dagbag.py:507} INFO - Filling up the DagBag from /Users/miltonvolpato/Git/Alura_Airflow_Oficial/venv/lib/python3.9/site-packages/airflow/example_dags/example_trigger_target_dag.py
[2024-04-02 19:44:17,919] {processor.py:651} INFO - DAG(s) dict_keys(['example_trigger_target_dag']) retrieved from /Users/miltonvolpato/Git/Alura_Airflow_Oficial/venv/lib/python3.9/site-packages/airflow/example_dags/example_trigger_target_dag.py
[2024-04-02 19:44:17,947] {logging_mixin.py:115} INFO - [2024-04-02 19:44:17,947] {dag.py:2379} INFO - Sync 1 DAGs
[2024-04-02 19:44:17,953] {logging_mixin.py:115} INFO - [2024-04-02 19:44:17,953] {dag.py:2927} INFO - Setting next_dagrun for example_trigger_target_dag to None, run_after=None
[2024-04-02 19:44:17,958] {processor.py:161} INFO - Processing /Users/miltonvolpato/Git/Alura_Airflow_Oficial/venv/lib/python3.9/site-packages/airflow/example_dags/example_trigger_target_dag.py took 0.055 seconds
[2024-04-02 19:44:53,809] {processor.py:153} INFO - Started process (PID=11891) to work on /Users/miltonvolpato/Git/Alura_Airflow_Oficial/venv/lib/python3.9/site-packages/airflow/example_dags/example_trigger_target_dag.py
[2024-04-02 19:44:53,809] {processor.py:641} INFO - Processing file /Users/miltonvolpato/Git/Alura_Airflow_Oficial/venv/lib/python3.9/site-packages/airflow/example_dags/example_trigger_target_dag.py for tasks to queue
[2024-04-02 19:44:53,810] {logging_mixin.py:115} INFO - [2024-04-02 19:44:53,810] {dagbag.py:507} INFO - Filling up the DagBag from /Users/miltonvolpato/Git/Alura_Airflow_Oficial/venv/lib/python3.9/site-packages/airflow/example_dags/example_trigger_target_dag.py
[2024-04-02 19:44:53,824] {processor.py:651} INFO - DAG(s) dict_keys(['example_trigger_target_dag']) retrieved from /Users/miltonvolpato/Git/Alura_Airflow_Oficial/venv/lib/python3.9/site-packages/airflow/example_dags/example_trigger_target_dag.py
[2024-04-02 19:44:53,852] {logging_mixin.py:115} INFO - [2024-04-02 19:44:53,852] {dag.py:2379} INFO - Sync 1 DAGs
[2024-04-02 19:44:53,859] {logging_mixin.py:115} INFO - [2024-04-02 19:44:53,859] {dag.py:2927} INFO - Setting next_dagrun for example_trigger_target_dag to None, run_after=None
[2024-04-02 19:44:53,864] {processor.py:161} INFO - Processing /Users/miltonvolpato/Git/Alura_Airflow_Oficial/venv/lib/python3.9/site-packages/airflow/example_dags/example_trigger_target_dag.py took 0.055 seconds
[2024-04-02 19:45:29,363] {processor.py:153} INFO - Started process (PID=11922) to work on /Users/miltonvolpato/Git/Alura_Airflow_Oficial/venv/lib/python3.9/site-packages/airflow/example_dags/example_trigger_target_dag.py
[2024-04-02 19:45:29,363] {processor.py:641} INFO - Processing file /Users/miltonvolpato/Git/Alura_Airflow_Oficial/venv/lib/python3.9/site-packages/airflow/example_dags/example_trigger_target_dag.py for tasks to queue
[2024-04-02 19:45:29,363] {logging_mixin.py:115} INFO - [2024-04-02 19:45:29,363] {dagbag.py:507} INFO - Filling up the DagBag from /Users/miltonvolpato/Git/Alura_Airflow_Oficial/venv/lib/python3.9/site-packages/airflow/example_dags/example_trigger_target_dag.py
[2024-04-02 19:45:29,377] {processor.py:651} INFO - DAG(s) dict_keys(['example_trigger_target_dag']) retrieved from /Users/miltonvolpato/Git/Alura_Airflow_Oficial/venv/lib/python3.9/site-packages/airflow/example_dags/example_trigger_target_dag.py
[2024-04-02 19:45:29,407] {logging_mixin.py:115} INFO - [2024-04-02 19:45:29,407] {dag.py:2379} INFO - Sync 1 DAGs
[2024-04-02 19:45:29,413] {logging_mixin.py:115} INFO - [2024-04-02 19:45:29,413] {dag.py:2927} INFO - Setting next_dagrun for example_trigger_target_dag to None, run_after=None
[2024-04-02 19:45:29,418] {processor.py:161} INFO - Processing /Users/miltonvolpato/Git/Alura_Airflow_Oficial/venv/lib/python3.9/site-packages/airflow/example_dags/example_trigger_target_dag.py took 0.056 seconds
[2024-04-02 19:46:19,135] {processor.py:153} INFO - Started process (PID=11982) to work on /Users/miltonvolpato/Git/Alura_Airflow_Oficial/venv/lib/python3.9/site-packages/airflow/example_dags/example_trigger_target_dag.py
[2024-04-02 19:46:19,135] {processor.py:641} INFO - Processing file /Users/miltonvolpato/Git/Alura_Airflow_Oficial/venv/lib/python3.9/site-packages/airflow/example_dags/example_trigger_target_dag.py for tasks to queue
[2024-04-02 19:46:19,135] {logging_mixin.py:115} INFO - [2024-04-02 19:46:19,135] {dagbag.py:507} INFO - Filling up the DagBag from /Users/miltonvolpato/Git/Alura_Airflow_Oficial/venv/lib/python3.9/site-packages/airflow/example_dags/example_trigger_target_dag.py
[2024-04-02 19:46:19,149] {processor.py:651} INFO - DAG(s) dict_keys(['example_trigger_target_dag']) retrieved from /Users/miltonvolpato/Git/Alura_Airflow_Oficial/venv/lib/python3.9/site-packages/airflow/example_dags/example_trigger_target_dag.py
[2024-04-02 19:46:19,179] {logging_mixin.py:115} INFO - [2024-04-02 19:46:19,179] {dag.py:2379} INFO - Sync 1 DAGs
[2024-04-02 19:46:19,185] {logging_mixin.py:115} INFO - [2024-04-02 19:46:19,185] {dag.py:2927} INFO - Setting next_dagrun for example_trigger_target_dag to None, run_after=None
[2024-04-02 19:46:19,190] {processor.py:161} INFO - Processing /Users/miltonvolpato/Git/Alura_Airflow_Oficial/venv/lib/python3.9/site-packages/airflow/example_dags/example_trigger_target_dag.py took 0.055 seconds
[2024-04-02 19:47:13,197] {processor.py:153} INFO - Started process (PID=12056) to work on /Users/miltonvolpato/Git/Alura_Airflow_Oficial/venv/lib/python3.9/site-packages/airflow/example_dags/example_trigger_target_dag.py
[2024-04-02 19:47:13,198] {processor.py:641} INFO - Processing file /Users/miltonvolpato/Git/Alura_Airflow_Oficial/venv/lib/python3.9/site-packages/airflow/example_dags/example_trigger_target_dag.py for tasks to queue
[2024-04-02 19:47:13,198] {logging_mixin.py:115} INFO - [2024-04-02 19:47:13,198] {dagbag.py:507} INFO - Filling up the DagBag from /Users/miltonvolpato/Git/Alura_Airflow_Oficial/venv/lib/python3.9/site-packages/airflow/example_dags/example_trigger_target_dag.py
[2024-04-02 19:47:13,213] {processor.py:651} INFO - DAG(s) dict_keys(['example_trigger_target_dag']) retrieved from /Users/miltonvolpato/Git/Alura_Airflow_Oficial/venv/lib/python3.9/site-packages/airflow/example_dags/example_trigger_target_dag.py
[2024-04-02 19:47:13,242] {logging_mixin.py:115} INFO - [2024-04-02 19:47:13,242] {dag.py:2379} INFO - Sync 1 DAGs
[2024-04-02 19:47:13,249] {logging_mixin.py:115} INFO - [2024-04-02 19:47:13,249] {dag.py:2927} INFO - Setting next_dagrun for example_trigger_target_dag to None, run_after=None
[2024-04-02 19:47:13,254] {processor.py:161} INFO - Processing /Users/miltonvolpato/Git/Alura_Airflow_Oficial/venv/lib/python3.9/site-packages/airflow/example_dags/example_trigger_target_dag.py took 0.057 seconds
[2024-04-02 19:48:02,205] {processor.py:153} INFO - Started process (PID=12125) to work on /Users/miltonvolpato/Git/Alura_Airflow_Oficial/venv/lib/python3.9/site-packages/airflow/example_dags/example_trigger_target_dag.py
[2024-04-02 19:48:02,205] {processor.py:641} INFO - Processing file /Users/miltonvolpato/Git/Alura_Airflow_Oficial/venv/lib/python3.9/site-packages/airflow/example_dags/example_trigger_target_dag.py for tasks to queue
[2024-04-02 19:48:02,205] {logging_mixin.py:115} INFO - [2024-04-02 19:48:02,205] {dagbag.py:507} INFO - Filling up the DagBag from /Users/miltonvolpato/Git/Alura_Airflow_Oficial/venv/lib/python3.9/site-packages/airflow/example_dags/example_trigger_target_dag.py
[2024-04-02 19:48:02,219] {processor.py:651} INFO - DAG(s) dict_keys(['example_trigger_target_dag']) retrieved from /Users/miltonvolpato/Git/Alura_Airflow_Oficial/venv/lib/python3.9/site-packages/airflow/example_dags/example_trigger_target_dag.py
[2024-04-02 19:48:02,248] {logging_mixin.py:115} INFO - [2024-04-02 19:48:02,248] {dag.py:2379} INFO - Sync 1 DAGs
[2024-04-02 19:48:02,254] {logging_mixin.py:115} INFO - [2024-04-02 19:48:02,254] {dag.py:2927} INFO - Setting next_dagrun for example_trigger_target_dag to None, run_after=None
[2024-04-02 19:48:02,259] {processor.py:161} INFO - Processing /Users/miltonvolpato/Git/Alura_Airflow_Oficial/venv/lib/python3.9/site-packages/airflow/example_dags/example_trigger_target_dag.py took 0.054 seconds
[2024-04-02 19:48:48,775] {processor.py:153} INFO - Started process (PID=12175) to work on /Users/miltonvolpato/Git/Alura_Airflow_Oficial/venv/lib/python3.9/site-packages/airflow/example_dags/example_trigger_target_dag.py
[2024-04-02 19:48:48,775] {processor.py:641} INFO - Processing file /Users/miltonvolpato/Git/Alura_Airflow_Oficial/venv/lib/python3.9/site-packages/airflow/example_dags/example_trigger_target_dag.py for tasks to queue
[2024-04-02 19:48:48,775] {logging_mixin.py:115} INFO - [2024-04-02 19:48:48,775] {dagbag.py:507} INFO - Filling up the DagBag from /Users/miltonvolpato/Git/Alura_Airflow_Oficial/venv/lib/python3.9/site-packages/airflow/example_dags/example_trigger_target_dag.py
[2024-04-02 19:48:48,790] {processor.py:651} INFO - DAG(s) dict_keys(['example_trigger_target_dag']) retrieved from /Users/miltonvolpato/Git/Alura_Airflow_Oficial/venv/lib/python3.9/site-packages/airflow/example_dags/example_trigger_target_dag.py
[2024-04-02 19:48:48,819] {logging_mixin.py:115} INFO - [2024-04-02 19:48:48,819] {dag.py:2379} INFO - Sync 1 DAGs
[2024-04-02 19:48:48,825] {logging_mixin.py:115} INFO - [2024-04-02 19:48:48,825] {dag.py:2927} INFO - Setting next_dagrun for example_trigger_target_dag to None, run_after=None
[2024-04-02 19:48:48,830] {processor.py:161} INFO - Processing /Users/miltonvolpato/Git/Alura_Airflow_Oficial/venv/lib/python3.9/site-packages/airflow/example_dags/example_trigger_target_dag.py took 0.055 seconds
[2024-04-02 19:49:41,129] {processor.py:153} INFO - Started process (PID=12237) to work on /Users/miltonvolpato/Git/Alura_Airflow_Oficial/venv/lib/python3.9/site-packages/airflow/example_dags/example_trigger_target_dag.py
[2024-04-02 19:49:41,130] {processor.py:641} INFO - Processing file /Users/miltonvolpato/Git/Alura_Airflow_Oficial/venv/lib/python3.9/site-packages/airflow/example_dags/example_trigger_target_dag.py for tasks to queue
[2024-04-02 19:49:41,130] {logging_mixin.py:115} INFO - [2024-04-02 19:49:41,130] {dagbag.py:507} INFO - Filling up the DagBag from /Users/miltonvolpato/Git/Alura_Airflow_Oficial/venv/lib/python3.9/site-packages/airflow/example_dags/example_trigger_target_dag.py
[2024-04-02 19:49:41,144] {processor.py:651} INFO - DAG(s) dict_keys(['example_trigger_target_dag']) retrieved from /Users/miltonvolpato/Git/Alura_Airflow_Oficial/venv/lib/python3.9/site-packages/airflow/example_dags/example_trigger_target_dag.py
[2024-04-02 19:49:41,173] {logging_mixin.py:115} INFO - [2024-04-02 19:49:41,173] {dag.py:2379} INFO - Sync 1 DAGs
[2024-04-02 19:49:41,180] {logging_mixin.py:115} INFO - [2024-04-02 19:49:41,180] {dag.py:2927} INFO - Setting next_dagrun for example_trigger_target_dag to None, run_after=None
[2024-04-02 19:49:41,184] {processor.py:161} INFO - Processing /Users/miltonvolpato/Git/Alura_Airflow_Oficial/venv/lib/python3.9/site-packages/airflow/example_dags/example_trigger_target_dag.py took 0.056 seconds
[2024-04-02 19:50:33,456] {processor.py:153} INFO - Started process (PID=12282) to work on /Users/miltonvolpato/Git/Alura_Airflow_Oficial/venv/lib/python3.9/site-packages/airflow/example_dags/example_trigger_target_dag.py
[2024-04-02 19:50:33,457] {processor.py:641} INFO - Processing file /Users/miltonvolpato/Git/Alura_Airflow_Oficial/venv/lib/python3.9/site-packages/airflow/example_dags/example_trigger_target_dag.py for tasks to queue
[2024-04-02 19:50:33,457] {logging_mixin.py:115} INFO - [2024-04-02 19:50:33,457] {dagbag.py:507} INFO - Filling up the DagBag from /Users/miltonvolpato/Git/Alura_Airflow_Oficial/venv/lib/python3.9/site-packages/airflow/example_dags/example_trigger_target_dag.py
[2024-04-02 19:50:33,472] {processor.py:651} INFO - DAG(s) dict_keys(['example_trigger_target_dag']) retrieved from /Users/miltonvolpato/Git/Alura_Airflow_Oficial/venv/lib/python3.9/site-packages/airflow/example_dags/example_trigger_target_dag.py
[2024-04-02 19:50:33,501] {logging_mixin.py:115} INFO - [2024-04-02 19:50:33,501] {dag.py:2379} INFO - Sync 1 DAGs
[2024-04-02 19:50:33,507] {logging_mixin.py:115} INFO - [2024-04-02 19:50:33,507] {dag.py:2927} INFO - Setting next_dagrun for example_trigger_target_dag to None, run_after=None
[2024-04-02 19:50:33,512] {processor.py:161} INFO - Processing /Users/miltonvolpato/Git/Alura_Airflow_Oficial/venv/lib/python3.9/site-packages/airflow/example_dags/example_trigger_target_dag.py took 0.056 seconds
[2024-04-02 19:51:26,402] {processor.py:153} INFO - Started process (PID=12327) to work on /Users/miltonvolpato/Git/Alura_Airflow_Oficial/venv/lib/python3.9/site-packages/airflow/example_dags/example_trigger_target_dag.py
[2024-04-02 19:51:26,403] {processor.py:641} INFO - Processing file /Users/miltonvolpato/Git/Alura_Airflow_Oficial/venv/lib/python3.9/site-packages/airflow/example_dags/example_trigger_target_dag.py for tasks to queue
[2024-04-02 19:51:26,403] {logging_mixin.py:115} INFO - [2024-04-02 19:51:26,403] {dagbag.py:507} INFO - Filling up the DagBag from /Users/miltonvolpato/Git/Alura_Airflow_Oficial/venv/lib/python3.9/site-packages/airflow/example_dags/example_trigger_target_dag.py
[2024-04-02 19:51:26,419] {processor.py:651} INFO - DAG(s) dict_keys(['example_trigger_target_dag']) retrieved from /Users/miltonvolpato/Git/Alura_Airflow_Oficial/venv/lib/python3.9/site-packages/airflow/example_dags/example_trigger_target_dag.py
[2024-04-02 19:51:26,449] {logging_mixin.py:115} INFO - [2024-04-02 19:51:26,449] {dag.py:2379} INFO - Sync 1 DAGs
[2024-04-02 19:51:26,456] {logging_mixin.py:115} INFO - [2024-04-02 19:51:26,456] {dag.py:2927} INFO - Setting next_dagrun for example_trigger_target_dag to None, run_after=None
[2024-04-02 19:51:26,461] {processor.py:161} INFO - Processing /Users/miltonvolpato/Git/Alura_Airflow_Oficial/venv/lib/python3.9/site-packages/airflow/example_dags/example_trigger_target_dag.py took 0.059 seconds
[2024-04-02 19:52:04,741] {processor.py:153} INFO - Started process (PID=12372) to work on /Users/miltonvolpato/Git/Alura_Airflow_Oficial/venv/lib/python3.9/site-packages/airflow/example_dags/example_trigger_target_dag.py
[2024-04-02 19:52:04,742] {processor.py:641} INFO - Processing file /Users/miltonvolpato/Git/Alura_Airflow_Oficial/venv/lib/python3.9/site-packages/airflow/example_dags/example_trigger_target_dag.py for tasks to queue
[2024-04-02 19:52:04,742] {logging_mixin.py:115} INFO - [2024-04-02 19:52:04,742] {dagbag.py:507} INFO - Filling up the DagBag from /Users/miltonvolpato/Git/Alura_Airflow_Oficial/venv/lib/python3.9/site-packages/airflow/example_dags/example_trigger_target_dag.py
[2024-04-02 19:52:04,757] {processor.py:651} INFO - DAG(s) dict_keys(['example_trigger_target_dag']) retrieved from /Users/miltonvolpato/Git/Alura_Airflow_Oficial/venv/lib/python3.9/site-packages/airflow/example_dags/example_trigger_target_dag.py
[2024-04-02 19:52:04,786] {logging_mixin.py:115} INFO - [2024-04-02 19:52:04,786] {dag.py:2379} INFO - Sync 1 DAGs
[2024-04-02 19:52:04,792] {logging_mixin.py:115} INFO - [2024-04-02 19:52:04,792] {dag.py:2927} INFO - Setting next_dagrun for example_trigger_target_dag to None, run_after=None
[2024-04-02 19:52:04,797] {processor.py:161} INFO - Processing /Users/miltonvolpato/Git/Alura_Airflow_Oficial/venv/lib/python3.9/site-packages/airflow/example_dags/example_trigger_target_dag.py took 0.057 seconds
[2024-04-02 19:52:59,883] {processor.py:153} INFO - Started process (PID=12419) to work on /Users/miltonvolpato/Git/Alura_Airflow_Oficial/venv/lib/python3.9/site-packages/airflow/example_dags/example_trigger_target_dag.py
[2024-04-02 19:52:59,884] {processor.py:641} INFO - Processing file /Users/miltonvolpato/Git/Alura_Airflow_Oficial/venv/lib/python3.9/site-packages/airflow/example_dags/example_trigger_target_dag.py for tasks to queue
[2024-04-02 19:52:59,884] {logging_mixin.py:115} INFO - [2024-04-02 19:52:59,884] {dagbag.py:507} INFO - Filling up the DagBag from /Users/miltonvolpato/Git/Alura_Airflow_Oficial/venv/lib/python3.9/site-packages/airflow/example_dags/example_trigger_target_dag.py
[2024-04-02 19:52:59,900] {processor.py:651} INFO - DAG(s) dict_keys(['example_trigger_target_dag']) retrieved from /Users/miltonvolpato/Git/Alura_Airflow_Oficial/venv/lib/python3.9/site-packages/airflow/example_dags/example_trigger_target_dag.py
[2024-04-02 19:52:59,931] {logging_mixin.py:115} INFO - [2024-04-02 19:52:59,930] {dag.py:2379} INFO - Sync 1 DAGs
[2024-04-02 19:52:59,938] {logging_mixin.py:115} INFO - [2024-04-02 19:52:59,938] {dag.py:2927} INFO - Setting next_dagrun for example_trigger_target_dag to None, run_after=None
[2024-04-02 19:52:59,943] {processor.py:161} INFO - Processing /Users/miltonvolpato/Git/Alura_Airflow_Oficial/venv/lib/python3.9/site-packages/airflow/example_dags/example_trigger_target_dag.py took 0.060 seconds
[2024-04-02 19:53:39,230] {processor.py:153} INFO - Started process (PID=12481) to work on /Users/miltonvolpato/Git/Alura_Airflow_Oficial/venv/lib/python3.9/site-packages/airflow/example_dags/example_trigger_target_dag.py
[2024-04-02 19:53:39,231] {processor.py:641} INFO - Processing file /Users/miltonvolpato/Git/Alura_Airflow_Oficial/venv/lib/python3.9/site-packages/airflow/example_dags/example_trigger_target_dag.py for tasks to queue
[2024-04-02 19:53:39,231] {logging_mixin.py:115} INFO - [2024-04-02 19:53:39,231] {dagbag.py:507} INFO - Filling up the DagBag from /Users/miltonvolpato/Git/Alura_Airflow_Oficial/venv/lib/python3.9/site-packages/airflow/example_dags/example_trigger_target_dag.py
[2024-04-02 19:53:39,246] {processor.py:651} INFO - DAG(s) dict_keys(['example_trigger_target_dag']) retrieved from /Users/miltonvolpato/Git/Alura_Airflow_Oficial/venv/lib/python3.9/site-packages/airflow/example_dags/example_trigger_target_dag.py
[2024-04-02 19:53:39,275] {logging_mixin.py:115} INFO - [2024-04-02 19:53:39,275] {dag.py:2379} INFO - Sync 1 DAGs
[2024-04-02 19:53:39,282] {logging_mixin.py:115} INFO - [2024-04-02 19:53:39,282] {dag.py:2927} INFO - Setting next_dagrun for example_trigger_target_dag to None, run_after=None
[2024-04-02 19:53:39,286] {processor.py:161} INFO - Processing /Users/miltonvolpato/Git/Alura_Airflow_Oficial/venv/lib/python3.9/site-packages/airflow/example_dags/example_trigger_target_dag.py took 0.057 seconds
[2024-04-02 19:54:31,638] {processor.py:153} INFO - Started process (PID=12587) to work on /Users/miltonvolpato/Git/Alura_Airflow_Oficial/venv/lib/python3.9/site-packages/airflow/example_dags/example_trigger_target_dag.py
[2024-04-02 19:54:31,638] {processor.py:641} INFO - Processing file /Users/miltonvolpato/Git/Alura_Airflow_Oficial/venv/lib/python3.9/site-packages/airflow/example_dags/example_trigger_target_dag.py for tasks to queue
[2024-04-02 19:54:31,639] {logging_mixin.py:115} INFO - [2024-04-02 19:54:31,639] {dagbag.py:507} INFO - Filling up the DagBag from /Users/miltonvolpato/Git/Alura_Airflow_Oficial/venv/lib/python3.9/site-packages/airflow/example_dags/example_trigger_target_dag.py
[2024-04-02 19:54:31,656] {processor.py:651} INFO - DAG(s) dict_keys(['example_trigger_target_dag']) retrieved from /Users/miltonvolpato/Git/Alura_Airflow_Oficial/venv/lib/python3.9/site-packages/airflow/example_dags/example_trigger_target_dag.py
[2024-04-02 19:54:31,687] {logging_mixin.py:115} INFO - [2024-04-02 19:54:31,687] {dag.py:2379} INFO - Sync 1 DAGs
[2024-04-02 19:54:31,695] {logging_mixin.py:115} INFO - [2024-04-02 19:54:31,695] {dag.py:2927} INFO - Setting next_dagrun for example_trigger_target_dag to None, run_after=None
[2024-04-02 19:54:31,700] {processor.py:161} INFO - Processing /Users/miltonvolpato/Git/Alura_Airflow_Oficial/venv/lib/python3.9/site-packages/airflow/example_dags/example_trigger_target_dag.py took 0.062 seconds
[2024-04-02 19:55:10,459] {processor.py:153} INFO - Started process (PID=12632) to work on /Users/miltonvolpato/Git/Alura_Airflow_Oficial/venv/lib/python3.9/site-packages/airflow/example_dags/example_trigger_target_dag.py
[2024-04-02 19:55:10,460] {processor.py:641} INFO - Processing file /Users/miltonvolpato/Git/Alura_Airflow_Oficial/venv/lib/python3.9/site-packages/airflow/example_dags/example_trigger_target_dag.py for tasks to queue
[2024-04-02 19:55:10,460] {logging_mixin.py:115} INFO - [2024-04-02 19:55:10,460] {dagbag.py:507} INFO - Filling up the DagBag from /Users/miltonvolpato/Git/Alura_Airflow_Oficial/venv/lib/python3.9/site-packages/airflow/example_dags/example_trigger_target_dag.py
[2024-04-02 19:55:10,475] {processor.py:651} INFO - DAG(s) dict_keys(['example_trigger_target_dag']) retrieved from /Users/miltonvolpato/Git/Alura_Airflow_Oficial/venv/lib/python3.9/site-packages/airflow/example_dags/example_trigger_target_dag.py
[2024-04-02 19:55:10,504] {logging_mixin.py:115} INFO - [2024-04-02 19:55:10,504] {dag.py:2379} INFO - Sync 1 DAGs
[2024-04-02 19:55:10,510] {logging_mixin.py:115} INFO - [2024-04-02 19:55:10,510] {dag.py:2927} INFO - Setting next_dagrun for example_trigger_target_dag to None, run_after=None
[2024-04-02 19:55:10,515] {processor.py:161} INFO - Processing /Users/miltonvolpato/Git/Alura_Airflow_Oficial/venv/lib/python3.9/site-packages/airflow/example_dags/example_trigger_target_dag.py took 0.057 seconds
[2024-04-02 19:55:47,104] {processor.py:153} INFO - Started process (PID=12703) to work on /Users/miltonvolpato/Git/Alura_Airflow_Oficial/venv/lib/python3.9/site-packages/airflow/example_dags/example_trigger_target_dag.py
[2024-04-02 19:55:47,104] {processor.py:641} INFO - Processing file /Users/miltonvolpato/Git/Alura_Airflow_Oficial/venv/lib/python3.9/site-packages/airflow/example_dags/example_trigger_target_dag.py for tasks to queue
[2024-04-02 19:55:47,104] {logging_mixin.py:115} INFO - [2024-04-02 19:55:47,104] {dagbag.py:507} INFO - Filling up the DagBag from /Users/miltonvolpato/Git/Alura_Airflow_Oficial/venv/lib/python3.9/site-packages/airflow/example_dags/example_trigger_target_dag.py
[2024-04-02 19:55:47,120] {processor.py:651} INFO - DAG(s) dict_keys(['example_trigger_target_dag']) retrieved from /Users/miltonvolpato/Git/Alura_Airflow_Oficial/venv/lib/python3.9/site-packages/airflow/example_dags/example_trigger_target_dag.py
[2024-04-02 19:55:47,151] {logging_mixin.py:115} INFO - [2024-04-02 19:55:47,151] {dag.py:2379} INFO - Sync 1 DAGs
[2024-04-02 19:55:47,158] {logging_mixin.py:115} INFO - [2024-04-02 19:55:47,158] {dag.py:2927} INFO - Setting next_dagrun for example_trigger_target_dag to None, run_after=None
[2024-04-02 19:55:47,163] {processor.py:161} INFO - Processing /Users/miltonvolpato/Git/Alura_Airflow_Oficial/venv/lib/python3.9/site-packages/airflow/example_dags/example_trigger_target_dag.py took 0.059 seconds
[2024-04-02 19:56:40,708] {processor.py:153} INFO - Started process (PID=12786) to work on /Users/miltonvolpato/Git/Alura_Airflow_Oficial/venv/lib/python3.9/site-packages/airflow/example_dags/example_trigger_target_dag.py
[2024-04-02 19:56:40,709] {processor.py:641} INFO - Processing file /Users/miltonvolpato/Git/Alura_Airflow_Oficial/venv/lib/python3.9/site-packages/airflow/example_dags/example_trigger_target_dag.py for tasks to queue
[2024-04-02 19:56:40,709] {logging_mixin.py:115} INFO - [2024-04-02 19:56:40,709] {dagbag.py:507} INFO - Filling up the DagBag from /Users/miltonvolpato/Git/Alura_Airflow_Oficial/venv/lib/python3.9/site-packages/airflow/example_dags/example_trigger_target_dag.py
[2024-04-02 19:56:40,724] {processor.py:651} INFO - DAG(s) dict_keys(['example_trigger_target_dag']) retrieved from /Users/miltonvolpato/Git/Alura_Airflow_Oficial/venv/lib/python3.9/site-packages/airflow/example_dags/example_trigger_target_dag.py
[2024-04-02 19:56:40,753] {logging_mixin.py:115} INFO - [2024-04-02 19:56:40,753] {dag.py:2379} INFO - Sync 1 DAGs
[2024-04-02 19:56:40,760] {logging_mixin.py:115} INFO - [2024-04-02 19:56:40,760] {dag.py:2927} INFO - Setting next_dagrun for example_trigger_target_dag to None, run_after=None
[2024-04-02 19:56:40,764] {processor.py:161} INFO - Processing /Users/miltonvolpato/Git/Alura_Airflow_Oficial/venv/lib/python3.9/site-packages/airflow/example_dags/example_trigger_target_dag.py took 0.057 seconds
[2024-04-02 19:57:19,102] {processor.py:153} INFO - Started process (PID=12823) to work on /Users/miltonvolpato/Git/Alura_Airflow_Oficial/venv/lib/python3.9/site-packages/airflow/example_dags/example_trigger_target_dag.py
[2024-04-02 19:57:19,102] {processor.py:641} INFO - Processing file /Users/miltonvolpato/Git/Alura_Airflow_Oficial/venv/lib/python3.9/site-packages/airflow/example_dags/example_trigger_target_dag.py for tasks to queue
[2024-04-02 19:57:19,102] {logging_mixin.py:115} INFO - [2024-04-02 19:57:19,102] {dagbag.py:507} INFO - Filling up the DagBag from /Users/miltonvolpato/Git/Alura_Airflow_Oficial/venv/lib/python3.9/site-packages/airflow/example_dags/example_trigger_target_dag.py
[2024-04-02 19:57:19,116] {processor.py:651} INFO - DAG(s) dict_keys(['example_trigger_target_dag']) retrieved from /Users/miltonvolpato/Git/Alura_Airflow_Oficial/venv/lib/python3.9/site-packages/airflow/example_dags/example_trigger_target_dag.py
[2024-04-02 19:57:19,146] {logging_mixin.py:115} INFO - [2024-04-02 19:57:19,146] {dag.py:2379} INFO - Sync 1 DAGs
[2024-04-02 19:57:19,152] {logging_mixin.py:115} INFO - [2024-04-02 19:57:19,152] {dag.py:2927} INFO - Setting next_dagrun for example_trigger_target_dag to None, run_after=None
[2024-04-02 19:57:19,157] {processor.py:161} INFO - Processing /Users/miltonvolpato/Git/Alura_Airflow_Oficial/venv/lib/python3.9/site-packages/airflow/example_dags/example_trigger_target_dag.py took 0.056 seconds
[2024-04-02 19:58:06,490] {processor.py:153} INFO - Started process (PID=12866) to work on /Users/miltonvolpato/Git/Alura_Airflow_Oficial/venv/lib/python3.9/site-packages/airflow/example_dags/example_trigger_target_dag.py
[2024-04-02 19:58:06,490] {processor.py:641} INFO - Processing file /Users/miltonvolpato/Git/Alura_Airflow_Oficial/venv/lib/python3.9/site-packages/airflow/example_dags/example_trigger_target_dag.py for tasks to queue
[2024-04-02 19:58:06,491] {logging_mixin.py:115} INFO - [2024-04-02 19:58:06,491] {dagbag.py:507} INFO - Filling up the DagBag from /Users/miltonvolpato/Git/Alura_Airflow_Oficial/venv/lib/python3.9/site-packages/airflow/example_dags/example_trigger_target_dag.py
[2024-04-02 19:58:06,505] {processor.py:651} INFO - DAG(s) dict_keys(['example_trigger_target_dag']) retrieved from /Users/miltonvolpato/Git/Alura_Airflow_Oficial/venv/lib/python3.9/site-packages/airflow/example_dags/example_trigger_target_dag.py
[2024-04-02 19:58:06,535] {logging_mixin.py:115} INFO - [2024-04-02 19:58:06,535] {dag.py:2379} INFO - Sync 1 DAGs
[2024-04-02 19:58:06,541] {logging_mixin.py:115} INFO - [2024-04-02 19:58:06,541] {dag.py:2927} INFO - Setting next_dagrun for example_trigger_target_dag to None, run_after=None
[2024-04-02 19:58:06,546] {processor.py:161} INFO - Processing /Users/miltonvolpato/Git/Alura_Airflow_Oficial/venv/lib/python3.9/site-packages/airflow/example_dags/example_trigger_target_dag.py took 0.056 seconds
[2024-04-02 19:58:42,607] {processor.py:153} INFO - Started process (PID=12896) to work on /Users/miltonvolpato/Git/Alura_Airflow_Oficial/venv/lib/python3.9/site-packages/airflow/example_dags/example_trigger_target_dag.py
[2024-04-02 19:58:42,607] {processor.py:641} INFO - Processing file /Users/miltonvolpato/Git/Alura_Airflow_Oficial/venv/lib/python3.9/site-packages/airflow/example_dags/example_trigger_target_dag.py for tasks to queue
[2024-04-02 19:58:42,607] {logging_mixin.py:115} INFO - [2024-04-02 19:58:42,607] {dagbag.py:507} INFO - Filling up the DagBag from /Users/miltonvolpato/Git/Alura_Airflow_Oficial/venv/lib/python3.9/site-packages/airflow/example_dags/example_trigger_target_dag.py
[2024-04-02 19:58:42,622] {processor.py:651} INFO - DAG(s) dict_keys(['example_trigger_target_dag']) retrieved from /Users/miltonvolpato/Git/Alura_Airflow_Oficial/venv/lib/python3.9/site-packages/airflow/example_dags/example_trigger_target_dag.py
[2024-04-02 19:58:42,650] {logging_mixin.py:115} INFO - [2024-04-02 19:58:42,650] {dag.py:2379} INFO - Sync 1 DAGs
[2024-04-02 19:58:42,657] {logging_mixin.py:115} INFO - [2024-04-02 19:58:42,657] {dag.py:2927} INFO - Setting next_dagrun for example_trigger_target_dag to None, run_after=None
[2024-04-02 19:58:42,661] {processor.py:161} INFO - Processing /Users/miltonvolpato/Git/Alura_Airflow_Oficial/venv/lib/python3.9/site-packages/airflow/example_dags/example_trigger_target_dag.py took 0.055 seconds
[2024-04-02 19:59:22,006] {processor.py:153} INFO - Started process (PID=12930) to work on /Users/miltonvolpato/Git/Alura_Airflow_Oficial/venv/lib/python3.9/site-packages/airflow/example_dags/example_trigger_target_dag.py
[2024-04-02 19:59:22,006] {processor.py:641} INFO - Processing file /Users/miltonvolpato/Git/Alura_Airflow_Oficial/venv/lib/python3.9/site-packages/airflow/example_dags/example_trigger_target_dag.py for tasks to queue
[2024-04-02 19:59:22,006] {logging_mixin.py:115} INFO - [2024-04-02 19:59:22,006] {dagbag.py:507} INFO - Filling up the DagBag from /Users/miltonvolpato/Git/Alura_Airflow_Oficial/venv/lib/python3.9/site-packages/airflow/example_dags/example_trigger_target_dag.py
[2024-04-02 19:59:22,022] {processor.py:651} INFO - DAG(s) dict_keys(['example_trigger_target_dag']) retrieved from /Users/miltonvolpato/Git/Alura_Airflow_Oficial/venv/lib/python3.9/site-packages/airflow/example_dags/example_trigger_target_dag.py
[2024-04-02 19:59:22,051] {logging_mixin.py:115} INFO - [2024-04-02 19:59:22,051] {dag.py:2379} INFO - Sync 1 DAGs
[2024-04-02 19:59:22,057] {logging_mixin.py:115} INFO - [2024-04-02 19:59:22,057] {dag.py:2927} INFO - Setting next_dagrun for example_trigger_target_dag to None, run_after=None
[2024-04-02 19:59:22,062] {processor.py:161} INFO - Processing /Users/miltonvolpato/Git/Alura_Airflow_Oficial/venv/lib/python3.9/site-packages/airflow/example_dags/example_trigger_target_dag.py took 0.056 seconds
[2024-04-02 19:59:59,059] {processor.py:153} INFO - Started process (PID=12959) to work on /Users/miltonvolpato/Git/Alura_Airflow_Oficial/venv/lib/python3.9/site-packages/airflow/example_dags/example_trigger_target_dag.py
[2024-04-02 19:59:59,059] {processor.py:641} INFO - Processing file /Users/miltonvolpato/Git/Alura_Airflow_Oficial/venv/lib/python3.9/site-packages/airflow/example_dags/example_trigger_target_dag.py for tasks to queue
[2024-04-02 19:59:59,059] {logging_mixin.py:115} INFO - [2024-04-02 19:59:59,059] {dagbag.py:507} INFO - Filling up the DagBag from /Users/miltonvolpato/Git/Alura_Airflow_Oficial/venv/lib/python3.9/site-packages/airflow/example_dags/example_trigger_target_dag.py
[2024-04-02 19:59:59,073] {processor.py:651} INFO - DAG(s) dict_keys(['example_trigger_target_dag']) retrieved from /Users/miltonvolpato/Git/Alura_Airflow_Oficial/venv/lib/python3.9/site-packages/airflow/example_dags/example_trigger_target_dag.py
[2024-04-02 19:59:59,103] {logging_mixin.py:115} INFO - [2024-04-02 19:59:59,103] {dag.py:2379} INFO - Sync 1 DAGs
[2024-04-02 19:59:59,109] {logging_mixin.py:115} INFO - [2024-04-02 19:59:59,109] {dag.py:2927} INFO - Setting next_dagrun for example_trigger_target_dag to None, run_after=None
[2024-04-02 19:59:59,115] {processor.py:161} INFO - Processing /Users/miltonvolpato/Git/Alura_Airflow_Oficial/venv/lib/python3.9/site-packages/airflow/example_dags/example_trigger_target_dag.py took 0.056 seconds
[2024-04-02 20:00:34,867] {processor.py:153} INFO - Started process (PID=13001) to work on /Users/miltonvolpato/Git/Alura_Airflow_Oficial/venv/lib/python3.9/site-packages/airflow/example_dags/example_trigger_target_dag.py
[2024-04-02 20:00:34,867] {processor.py:641} INFO - Processing file /Users/miltonvolpato/Git/Alura_Airflow_Oficial/venv/lib/python3.9/site-packages/airflow/example_dags/example_trigger_target_dag.py for tasks to queue
[2024-04-02 20:00:34,867] {logging_mixin.py:115} INFO - [2024-04-02 20:00:34,867] {dagbag.py:507} INFO - Filling up the DagBag from /Users/miltonvolpato/Git/Alura_Airflow_Oficial/venv/lib/python3.9/site-packages/airflow/example_dags/example_trigger_target_dag.py
[2024-04-02 20:00:34,882] {processor.py:651} INFO - DAG(s) dict_keys(['example_trigger_target_dag']) retrieved from /Users/miltonvolpato/Git/Alura_Airflow_Oficial/venv/lib/python3.9/site-packages/airflow/example_dags/example_trigger_target_dag.py
[2024-04-02 20:00:34,911] {logging_mixin.py:115} INFO - [2024-04-02 20:00:34,911] {dag.py:2379} INFO - Sync 1 DAGs
[2024-04-02 20:00:34,918] {logging_mixin.py:115} INFO - [2024-04-02 20:00:34,917] {dag.py:2927} INFO - Setting next_dagrun for example_trigger_target_dag to None, run_after=None
[2024-04-02 20:00:34,922] {processor.py:161} INFO - Processing /Users/miltonvolpato/Git/Alura_Airflow_Oficial/venv/lib/python3.9/site-packages/airflow/example_dags/example_trigger_target_dag.py took 0.056 seconds
[2024-04-02 20:01:11,291] {processor.py:153} INFO - Started process (PID=13036) to work on /Users/miltonvolpato/Git/Alura_Airflow_Oficial/venv/lib/python3.9/site-packages/airflow/example_dags/example_trigger_target_dag.py
[2024-04-02 20:01:11,291] {processor.py:641} INFO - Processing file /Users/miltonvolpato/Git/Alura_Airflow_Oficial/venv/lib/python3.9/site-packages/airflow/example_dags/example_trigger_target_dag.py for tasks to queue
[2024-04-02 20:01:11,291] {logging_mixin.py:115} INFO - [2024-04-02 20:01:11,291] {dagbag.py:507} INFO - Filling up the DagBag from /Users/miltonvolpato/Git/Alura_Airflow_Oficial/venv/lib/python3.9/site-packages/airflow/example_dags/example_trigger_target_dag.py
[2024-04-02 20:01:11,306] {processor.py:651} INFO - DAG(s) dict_keys(['example_trigger_target_dag']) retrieved from /Users/miltonvolpato/Git/Alura_Airflow_Oficial/venv/lib/python3.9/site-packages/airflow/example_dags/example_trigger_target_dag.py
[2024-04-02 20:01:11,337] {logging_mixin.py:115} INFO - [2024-04-02 20:01:11,337] {dag.py:2379} INFO - Sync 1 DAGs
[2024-04-02 20:01:11,344] {logging_mixin.py:115} INFO - [2024-04-02 20:01:11,344] {dag.py:2927} INFO - Setting next_dagrun for example_trigger_target_dag to None, run_after=None
[2024-04-02 20:01:11,349] {processor.py:161} INFO - Processing /Users/miltonvolpato/Git/Alura_Airflow_Oficial/venv/lib/python3.9/site-packages/airflow/example_dags/example_trigger_target_dag.py took 0.059 seconds
[2024-04-02 20:01:48,674] {processor.py:153} INFO - Started process (PID=13080) to work on /Users/miltonvolpato/Git/Alura_Airflow_Oficial/venv/lib/python3.9/site-packages/airflow/example_dags/example_trigger_target_dag.py
[2024-04-02 20:01:48,675] {processor.py:641} INFO - Processing file /Users/miltonvolpato/Git/Alura_Airflow_Oficial/venv/lib/python3.9/site-packages/airflow/example_dags/example_trigger_target_dag.py for tasks to queue
[2024-04-02 20:01:48,675] {logging_mixin.py:115} INFO - [2024-04-02 20:01:48,675] {dagbag.py:507} INFO - Filling up the DagBag from /Users/miltonvolpato/Git/Alura_Airflow_Oficial/venv/lib/python3.9/site-packages/airflow/example_dags/example_trigger_target_dag.py
[2024-04-02 20:01:48,690] {processor.py:651} INFO - DAG(s) dict_keys(['example_trigger_target_dag']) retrieved from /Users/miltonvolpato/Git/Alura_Airflow_Oficial/venv/lib/python3.9/site-packages/airflow/example_dags/example_trigger_target_dag.py
[2024-04-02 20:01:48,719] {logging_mixin.py:115} INFO - [2024-04-02 20:01:48,719] {dag.py:2379} INFO - Sync 1 DAGs
[2024-04-02 20:01:48,725] {logging_mixin.py:115} INFO - [2024-04-02 20:01:48,725] {dag.py:2927} INFO - Setting next_dagrun for example_trigger_target_dag to None, run_after=None
[2024-04-02 20:01:48,730] {processor.py:161} INFO - Processing /Users/miltonvolpato/Git/Alura_Airflow_Oficial/venv/lib/python3.9/site-packages/airflow/example_dags/example_trigger_target_dag.py took 0.056 seconds
