[2024-04-02 19:36:40,178] {processor.py:153} INFO - Started process (PID=11322) to work on /Users/miltonvolpato/Git/Alura_Airflow_Oficial/venv/lib/python3.9/site-packages/airflow/example_dags/example_short_circuit_operator.py
[2024-04-02 19:36:40,178] {processor.py:641} INFO - Processing file /Users/miltonvolpato/Git/Alura_Airflow_Oficial/venv/lib/python3.9/site-packages/airflow/example_dags/example_short_circuit_operator.py for tasks to queue
[2024-04-02 19:36:40,178] {logging_mixin.py:115} INFO - [2024-04-02 19:36:40,178] {dagbag.py:507} INFO - Filling up the DagBag from /Users/miltonvolpato/Git/Alura_Airflow_Oficial/venv/lib/python3.9/site-packages/airflow/example_dags/example_short_circuit_operator.py
[2024-04-02 19:36:40,191] {processor.py:651} INFO - DAG(s) dict_keys(['example_short_circuit_operator']) retrieved from /Users/miltonvolpato/Git/Alura_Airflow_Oficial/venv/lib/python3.9/site-packages/airflow/example_dags/example_short_circuit_operator.py
[2024-04-02 19:36:40,505] {logging_mixin.py:115} INFO - [2024-04-02 19:36:40,505] {manager.py:508} INFO - Created Permission View: can delete on DAG:example_short_circuit_operator
[2024-04-02 19:36:40,508] {logging_mixin.py:115} INFO - [2024-04-02 19:36:40,508] {manager.py:508} INFO - Created Permission View: can edit on DAG:example_short_circuit_operator
[2024-04-02 19:36:40,510] {logging_mixin.py:115} INFO - [2024-04-02 19:36:40,510] {manager.py:508} INFO - Created Permission View: can read on DAG:example_short_circuit_operator
[2024-04-02 19:36:40,510] {logging_mixin.py:115} INFO - [2024-04-02 19:36:40,510] {dag.py:2379} INFO - Sync 1 DAGs
[2024-04-02 19:36:40,513] {logging_mixin.py:115} INFO - [2024-04-02 19:36:40,513] {dag.py:2398} INFO - Creating ORM DAG for example_short_circuit_operator
[2024-04-02 19:36:40,517] {logging_mixin.py:115} INFO - [2024-04-02 19:36:40,517] {dag.py:2927} INFO - Setting next_dagrun for example_short_circuit_operator to 2024-04-01T22:36:40.517641+00:00, run_after=2024-04-02T22:36:40.517641+00:00
[2024-04-02 19:36:40,522] {processor.py:161} INFO - Processing /Users/miltonvolpato/Git/Alura_Airflow_Oficial/venv/lib/python3.9/site-packages/airflow/example_dags/example_short_circuit_operator.py took 0.345 seconds
[2024-04-02 19:37:31,987] {processor.py:153} INFO - Started process (PID=11405) to work on /Users/miltonvolpato/Git/Alura_Airflow_Oficial/venv/lib/python3.9/site-packages/airflow/example_dags/example_short_circuit_operator.py
[2024-04-02 19:37:31,988] {processor.py:641} INFO - Processing file /Users/miltonvolpato/Git/Alura_Airflow_Oficial/venv/lib/python3.9/site-packages/airflow/example_dags/example_short_circuit_operator.py for tasks to queue
[2024-04-02 19:37:31,988] {logging_mixin.py:115} INFO - [2024-04-02 19:37:31,988] {dagbag.py:507} INFO - Filling up the DagBag from /Users/miltonvolpato/Git/Alura_Airflow_Oficial/venv/lib/python3.9/site-packages/airflow/example_dags/example_short_circuit_operator.py
[2024-04-02 19:37:32,002] {processor.py:651} INFO - DAG(s) dict_keys(['example_short_circuit_operator']) retrieved from /Users/miltonvolpato/Git/Alura_Airflow_Oficial/venv/lib/python3.9/site-packages/airflow/example_dags/example_short_circuit_operator.py
[2024-04-02 19:37:32,034] {logging_mixin.py:115} INFO - [2024-04-02 19:37:32,034] {dag.py:2379} INFO - Sync 1 DAGs
[2024-04-02 19:37:32,041] {logging_mixin.py:115} INFO - [2024-04-02 19:37:32,041] {dag.py:2927} INFO - Setting next_dagrun for example_short_circuit_operator to 2024-04-01T22:37:32.041145+00:00, run_after=2024-04-02T22:37:32.041145+00:00
[2024-04-02 19:37:32,047] {processor.py:161} INFO - Processing /Users/miltonvolpato/Git/Alura_Airflow_Oficial/venv/lib/python3.9/site-packages/airflow/example_dags/example_short_circuit_operator.py took 0.060 seconds
[2024-04-02 19:38:19,503] {processor.py:153} INFO - Started process (PID=11491) to work on /Users/miltonvolpato/Git/Alura_Airflow_Oficial/venv/lib/python3.9/site-packages/airflow/example_dags/example_short_circuit_operator.py
[2024-04-02 19:38:19,503] {processor.py:641} INFO - Processing file /Users/miltonvolpato/Git/Alura_Airflow_Oficial/venv/lib/python3.9/site-packages/airflow/example_dags/example_short_circuit_operator.py for tasks to queue
[2024-04-02 19:38:19,503] {logging_mixin.py:115} INFO - [2024-04-02 19:38:19,503] {dagbag.py:507} INFO - Filling up the DagBag from /Users/miltonvolpato/Git/Alura_Airflow_Oficial/venv/lib/python3.9/site-packages/airflow/example_dags/example_short_circuit_operator.py
[2024-04-02 19:38:19,516] {processor.py:651} INFO - DAG(s) dict_keys(['example_short_circuit_operator']) retrieved from /Users/miltonvolpato/Git/Alura_Airflow_Oficial/venv/lib/python3.9/site-packages/airflow/example_dags/example_short_circuit_operator.py
[2024-04-02 19:38:19,546] {logging_mixin.py:115} INFO - [2024-04-02 19:38:19,546] {dag.py:2379} INFO - Sync 1 DAGs
[2024-04-02 19:38:19,552] {logging_mixin.py:115} INFO - [2024-04-02 19:38:19,552] {dag.py:2927} INFO - Setting next_dagrun for example_short_circuit_operator to 2024-04-01T22:38:19.552582+00:00, run_after=2024-04-02T22:38:19.552582+00:00
[2024-04-02 19:38:19,557] {processor.py:161} INFO - Processing /Users/miltonvolpato/Git/Alura_Airflow_Oficial/venv/lib/python3.9/site-packages/airflow/example_dags/example_short_circuit_operator.py took 0.054 seconds
[2024-04-02 19:39:08,929] {processor.py:153} INFO - Started process (PID=11544) to work on /Users/miltonvolpato/Git/Alura_Airflow_Oficial/venv/lib/python3.9/site-packages/airflow/example_dags/example_short_circuit_operator.py
[2024-04-02 19:39:08,929] {processor.py:641} INFO - Processing file /Users/miltonvolpato/Git/Alura_Airflow_Oficial/venv/lib/python3.9/site-packages/airflow/example_dags/example_short_circuit_operator.py for tasks to queue
[2024-04-02 19:39:08,930] {logging_mixin.py:115} INFO - [2024-04-02 19:39:08,929] {dagbag.py:507} INFO - Filling up the DagBag from /Users/miltonvolpato/Git/Alura_Airflow_Oficial/venv/lib/python3.9/site-packages/airflow/example_dags/example_short_circuit_operator.py
[2024-04-02 19:39:08,941] {processor.py:651} INFO - DAG(s) dict_keys(['example_short_circuit_operator']) retrieved from /Users/miltonvolpato/Git/Alura_Airflow_Oficial/venv/lib/python3.9/site-packages/airflow/example_dags/example_short_circuit_operator.py
[2024-04-02 19:39:08,971] {logging_mixin.py:115} INFO - [2024-04-02 19:39:08,971] {dag.py:2379} INFO - Sync 1 DAGs
[2024-04-02 19:39:08,978] {logging_mixin.py:115} INFO - [2024-04-02 19:39:08,978] {dag.py:2927} INFO - Setting next_dagrun for example_short_circuit_operator to 2024-04-01T22:39:08.978004+00:00, run_after=2024-04-02T22:39:08.978004+00:00
[2024-04-02 19:39:08,983] {processor.py:161} INFO - Processing /Users/miltonvolpato/Git/Alura_Airflow_Oficial/venv/lib/python3.9/site-packages/airflow/example_dags/example_short_circuit_operator.py took 0.054 seconds
[2024-04-02 19:39:55,937] {processor.py:153} INFO - Started process (PID=11583) to work on /Users/miltonvolpato/Git/Alura_Airflow_Oficial/venv/lib/python3.9/site-packages/airflow/example_dags/example_short_circuit_operator.py
[2024-04-02 19:39:55,937] {processor.py:641} INFO - Processing file /Users/miltonvolpato/Git/Alura_Airflow_Oficial/venv/lib/python3.9/site-packages/airflow/example_dags/example_short_circuit_operator.py for tasks to queue
[2024-04-02 19:39:55,937] {logging_mixin.py:115} INFO - [2024-04-02 19:39:55,937] {dagbag.py:507} INFO - Filling up the DagBag from /Users/miltonvolpato/Git/Alura_Airflow_Oficial/venv/lib/python3.9/site-packages/airflow/example_dags/example_short_circuit_operator.py
[2024-04-02 19:39:55,949] {processor.py:651} INFO - DAG(s) dict_keys(['example_short_circuit_operator']) retrieved from /Users/miltonvolpato/Git/Alura_Airflow_Oficial/venv/lib/python3.9/site-packages/airflow/example_dags/example_short_circuit_operator.py
[2024-04-02 19:39:55,978] {logging_mixin.py:115} INFO - [2024-04-02 19:39:55,978] {dag.py:2379} INFO - Sync 1 DAGs
[2024-04-02 19:39:55,984] {logging_mixin.py:115} INFO - [2024-04-02 19:39:55,984] {dag.py:2927} INFO - Setting next_dagrun for example_short_circuit_operator to 2024-04-01T22:39:55.984616+00:00, run_after=2024-04-02T22:39:55.984616+00:00
[2024-04-02 19:39:55,989] {processor.py:161} INFO - Processing /Users/miltonvolpato/Git/Alura_Airflow_Oficial/venv/lib/python3.9/site-packages/airflow/example_dags/example_short_circuit_operator.py took 0.053 seconds
[2024-04-02 19:40:48,830] {processor.py:153} INFO - Started process (PID=11635) to work on /Users/miltonvolpato/Git/Alura_Airflow_Oficial/venv/lib/python3.9/site-packages/airflow/example_dags/example_short_circuit_operator.py
[2024-04-02 19:40:48,830] {processor.py:641} INFO - Processing file /Users/miltonvolpato/Git/Alura_Airflow_Oficial/venv/lib/python3.9/site-packages/airflow/example_dags/example_short_circuit_operator.py for tasks to queue
[2024-04-02 19:40:48,831] {logging_mixin.py:115} INFO - [2024-04-02 19:40:48,831] {dagbag.py:507} INFO - Filling up the DagBag from /Users/miltonvolpato/Git/Alura_Airflow_Oficial/venv/lib/python3.9/site-packages/airflow/example_dags/example_short_circuit_operator.py
[2024-04-02 19:40:48,843] {processor.py:651} INFO - DAG(s) dict_keys(['example_short_circuit_operator']) retrieved from /Users/miltonvolpato/Git/Alura_Airflow_Oficial/venv/lib/python3.9/site-packages/airflow/example_dags/example_short_circuit_operator.py
[2024-04-02 19:40:48,872] {logging_mixin.py:115} INFO - [2024-04-02 19:40:48,872] {dag.py:2379} INFO - Sync 1 DAGs
[2024-04-02 19:40:48,878] {logging_mixin.py:115} INFO - [2024-04-02 19:40:48,878] {dag.py:2927} INFO - Setting next_dagrun for example_short_circuit_operator to 2024-04-01T22:40:48.878235+00:00, run_after=2024-04-02T22:40:48.878235+00:00
[2024-04-02 19:40:48,883] {processor.py:161} INFO - Processing /Users/miltonvolpato/Git/Alura_Airflow_Oficial/venv/lib/python3.9/site-packages/airflow/example_dags/example_short_circuit_operator.py took 0.053 seconds
[2024-04-02 19:41:42,505] {processor.py:153} INFO - Started process (PID=11685) to work on /Users/miltonvolpato/Git/Alura_Airflow_Oficial/venv/lib/python3.9/site-packages/airflow/example_dags/example_short_circuit_operator.py
[2024-04-02 19:41:42,505] {processor.py:641} INFO - Processing file /Users/miltonvolpato/Git/Alura_Airflow_Oficial/venv/lib/python3.9/site-packages/airflow/example_dags/example_short_circuit_operator.py for tasks to queue
[2024-04-02 19:41:42,505] {logging_mixin.py:115} INFO - [2024-04-02 19:41:42,505] {dagbag.py:507} INFO - Filling up the DagBag from /Users/miltonvolpato/Git/Alura_Airflow_Oficial/venv/lib/python3.9/site-packages/airflow/example_dags/example_short_circuit_operator.py
[2024-04-02 19:41:42,517] {processor.py:651} INFO - DAG(s) dict_keys(['example_short_circuit_operator']) retrieved from /Users/miltonvolpato/Git/Alura_Airflow_Oficial/venv/lib/python3.9/site-packages/airflow/example_dags/example_short_circuit_operator.py
[2024-04-02 19:41:42,546] {logging_mixin.py:115} INFO - [2024-04-02 19:41:42,546] {dag.py:2379} INFO - Sync 1 DAGs
[2024-04-02 19:41:42,552] {logging_mixin.py:115} INFO - [2024-04-02 19:41:42,552] {dag.py:2927} INFO - Setting next_dagrun for example_short_circuit_operator to 2024-04-01T22:41:42.552720+00:00, run_after=2024-04-02T22:41:42.552720+00:00
[2024-04-02 19:41:42,557] {processor.py:161} INFO - Processing /Users/miltonvolpato/Git/Alura_Airflow_Oficial/venv/lib/python3.9/site-packages/airflow/example_dags/example_short_circuit_operator.py took 0.053 seconds
[2024-04-02 19:42:36,027] {processor.py:153} INFO - Started process (PID=11735) to work on /Users/miltonvolpato/Git/Alura_Airflow_Oficial/venv/lib/python3.9/site-packages/airflow/example_dags/example_short_circuit_operator.py
[2024-04-02 19:42:36,027] {processor.py:641} INFO - Processing file /Users/miltonvolpato/Git/Alura_Airflow_Oficial/venv/lib/python3.9/site-packages/airflow/example_dags/example_short_circuit_operator.py for tasks to queue
[2024-04-02 19:42:36,027] {logging_mixin.py:115} INFO - [2024-04-02 19:42:36,027] {dagbag.py:507} INFO - Filling up the DagBag from /Users/miltonvolpato/Git/Alura_Airflow_Oficial/venv/lib/python3.9/site-packages/airflow/example_dags/example_short_circuit_operator.py
[2024-04-02 19:42:36,039] {processor.py:651} INFO - DAG(s) dict_keys(['example_short_circuit_operator']) retrieved from /Users/miltonvolpato/Git/Alura_Airflow_Oficial/venv/lib/python3.9/site-packages/airflow/example_dags/example_short_circuit_operator.py
[2024-04-02 19:42:36,073] {logging_mixin.py:115} INFO - [2024-04-02 19:42:36,073] {dag.py:2379} INFO - Sync 1 DAGs
[2024-04-02 19:42:36,081] {logging_mixin.py:115} INFO - [2024-04-02 19:42:36,081] {dag.py:2927} INFO - Setting next_dagrun for example_short_circuit_operator to 2024-04-01T22:42:36.081198+00:00, run_after=2024-04-02T22:42:36.081198+00:00
[2024-04-02 19:42:36,086] {processor.py:161} INFO - Processing /Users/miltonvolpato/Git/Alura_Airflow_Oficial/venv/lib/python3.9/site-packages/airflow/example_dags/example_short_circuit_operator.py took 0.060 seconds
[2024-04-02 19:43:25,294] {processor.py:153} INFO - Started process (PID=11780) to work on /Users/miltonvolpato/Git/Alura_Airflow_Oficial/venv/lib/python3.9/site-packages/airflow/example_dags/example_short_circuit_operator.py
[2024-04-02 19:43:25,295] {processor.py:641} INFO - Processing file /Users/miltonvolpato/Git/Alura_Airflow_Oficial/venv/lib/python3.9/site-packages/airflow/example_dags/example_short_circuit_operator.py for tasks to queue
[2024-04-02 19:43:25,295] {logging_mixin.py:115} INFO - [2024-04-02 19:43:25,295] {dagbag.py:507} INFO - Filling up the DagBag from /Users/miltonvolpato/Git/Alura_Airflow_Oficial/venv/lib/python3.9/site-packages/airflow/example_dags/example_short_circuit_operator.py
[2024-04-02 19:43:25,307] {processor.py:651} INFO - DAG(s) dict_keys(['example_short_circuit_operator']) retrieved from /Users/miltonvolpato/Git/Alura_Airflow_Oficial/venv/lib/python3.9/site-packages/airflow/example_dags/example_short_circuit_operator.py
[2024-04-02 19:43:25,338] {logging_mixin.py:115} INFO - [2024-04-02 19:43:25,338] {dag.py:2379} INFO - Sync 1 DAGs
[2024-04-02 19:43:25,344] {logging_mixin.py:115} INFO - [2024-04-02 19:43:25,344] {dag.py:2927} INFO - Setting next_dagrun for example_short_circuit_operator to 2024-04-01T22:43:25.344440+00:00, run_after=2024-04-02T22:43:25.344440+00:00
[2024-04-02 19:43:25,349] {processor.py:161} INFO - Processing /Users/miltonvolpato/Git/Alura_Airflow_Oficial/venv/lib/python3.9/site-packages/airflow/example_dags/example_short_circuit_operator.py took 0.056 seconds
[2024-04-02 19:44:20,901] {processor.py:153} INFO - Started process (PID=11842) to work on /Users/miltonvolpato/Git/Alura_Airflow_Oficial/venv/lib/python3.9/site-packages/airflow/example_dags/example_short_circuit_operator.py
[2024-04-02 19:44:20,902] {processor.py:641} INFO - Processing file /Users/miltonvolpato/Git/Alura_Airflow_Oficial/venv/lib/python3.9/site-packages/airflow/example_dags/example_short_circuit_operator.py for tasks to queue
[2024-04-02 19:44:20,902] {logging_mixin.py:115} INFO - [2024-04-02 19:44:20,902] {dagbag.py:507} INFO - Filling up the DagBag from /Users/miltonvolpato/Git/Alura_Airflow_Oficial/venv/lib/python3.9/site-packages/airflow/example_dags/example_short_circuit_operator.py
[2024-04-02 19:44:20,914] {processor.py:651} INFO - DAG(s) dict_keys(['example_short_circuit_operator']) retrieved from /Users/miltonvolpato/Git/Alura_Airflow_Oficial/venv/lib/python3.9/site-packages/airflow/example_dags/example_short_circuit_operator.py
[2024-04-02 19:44:20,943] {logging_mixin.py:115} INFO - [2024-04-02 19:44:20,943] {dag.py:2379} INFO - Sync 1 DAGs
[2024-04-02 19:44:20,949] {logging_mixin.py:115} INFO - [2024-04-02 19:44:20,949] {dag.py:2927} INFO - Setting next_dagrun for example_short_circuit_operator to 2024-04-01T22:44:20.949765+00:00, run_after=2024-04-02T22:44:20.949765+00:00
[2024-04-02 19:44:20,954] {processor.py:161} INFO - Processing /Users/miltonvolpato/Git/Alura_Airflow_Oficial/venv/lib/python3.9/site-packages/airflow/example_dags/example_short_circuit_operator.py took 0.054 seconds
[2024-04-02 19:45:12,384] {processor.py:153} INFO - Started process (PID=11908) to work on /Users/miltonvolpato/Git/Alura_Airflow_Oficial/venv/lib/python3.9/site-packages/airflow/example_dags/example_short_circuit_operator.py
[2024-04-02 19:45:12,384] {processor.py:641} INFO - Processing file /Users/miltonvolpato/Git/Alura_Airflow_Oficial/venv/lib/python3.9/site-packages/airflow/example_dags/example_short_circuit_operator.py for tasks to queue
[2024-04-02 19:45:12,384] {logging_mixin.py:115} INFO - [2024-04-02 19:45:12,384] {dagbag.py:507} INFO - Filling up the DagBag from /Users/miltonvolpato/Git/Alura_Airflow_Oficial/venv/lib/python3.9/site-packages/airflow/example_dags/example_short_circuit_operator.py
[2024-04-02 19:45:12,397] {processor.py:651} INFO - DAG(s) dict_keys(['example_short_circuit_operator']) retrieved from /Users/miltonvolpato/Git/Alura_Airflow_Oficial/venv/lib/python3.9/site-packages/airflow/example_dags/example_short_circuit_operator.py
[2024-04-02 19:45:12,426] {logging_mixin.py:115} INFO - [2024-04-02 19:45:12,426] {dag.py:2379} INFO - Sync 1 DAGs
[2024-04-02 19:45:12,432] {logging_mixin.py:115} INFO - [2024-04-02 19:45:12,432] {dag.py:2927} INFO - Setting next_dagrun for example_short_circuit_operator to 2024-04-01T22:45:12.432458+00:00, run_after=2024-04-02T22:45:12.432458+00:00
[2024-04-02 19:45:12,437] {processor.py:161} INFO - Processing /Users/miltonvolpato/Git/Alura_Airflow_Oficial/venv/lib/python3.9/site-packages/airflow/example_dags/example_short_circuit_operator.py took 0.053 seconds
[2024-04-02 19:46:01,166] {processor.py:153} INFO - Started process (PID=11947) to work on /Users/miltonvolpato/Git/Alura_Airflow_Oficial/venv/lib/python3.9/site-packages/airflow/example_dags/example_short_circuit_operator.py
[2024-04-02 19:46:01,166] {processor.py:641} INFO - Processing file /Users/miltonvolpato/Git/Alura_Airflow_Oficial/venv/lib/python3.9/site-packages/airflow/example_dags/example_short_circuit_operator.py for tasks to queue
[2024-04-02 19:46:01,166] {logging_mixin.py:115} INFO - [2024-04-02 19:46:01,166] {dagbag.py:507} INFO - Filling up the DagBag from /Users/miltonvolpato/Git/Alura_Airflow_Oficial/venv/lib/python3.9/site-packages/airflow/example_dags/example_short_circuit_operator.py
[2024-04-02 19:46:01,178] {processor.py:651} INFO - DAG(s) dict_keys(['example_short_circuit_operator']) retrieved from /Users/miltonvolpato/Git/Alura_Airflow_Oficial/venv/lib/python3.9/site-packages/airflow/example_dags/example_short_circuit_operator.py
[2024-04-02 19:46:01,208] {logging_mixin.py:115} INFO - [2024-04-02 19:46:01,207] {dag.py:2379} INFO - Sync 1 DAGs
[2024-04-02 19:46:01,214] {logging_mixin.py:115} INFO - [2024-04-02 19:46:01,214] {dag.py:2927} INFO - Setting next_dagrun for example_short_circuit_operator to 2024-04-01T22:46:01.214414+00:00, run_after=2024-04-02T22:46:01.214414+00:00
[2024-04-02 19:46:01,219] {processor.py:161} INFO - Processing /Users/miltonvolpato/Git/Alura_Airflow_Oficial/venv/lib/python3.9/site-packages/airflow/example_dags/example_short_circuit_operator.py took 0.053 seconds
[2024-04-02 19:46:55,964] {processor.py:153} INFO - Started process (PID=12038) to work on /Users/miltonvolpato/Git/Alura_Airflow_Oficial/venv/lib/python3.9/site-packages/airflow/example_dags/example_short_circuit_operator.py
[2024-04-02 19:46:55,964] {processor.py:641} INFO - Processing file /Users/miltonvolpato/Git/Alura_Airflow_Oficial/venv/lib/python3.9/site-packages/airflow/example_dags/example_short_circuit_operator.py for tasks to queue
[2024-04-02 19:46:55,965] {logging_mixin.py:115} INFO - [2024-04-02 19:46:55,964] {dagbag.py:507} INFO - Filling up the DagBag from /Users/miltonvolpato/Git/Alura_Airflow_Oficial/venv/lib/python3.9/site-packages/airflow/example_dags/example_short_circuit_operator.py
[2024-04-02 19:46:55,978] {processor.py:651} INFO - DAG(s) dict_keys(['example_short_circuit_operator']) retrieved from /Users/miltonvolpato/Git/Alura_Airflow_Oficial/venv/lib/python3.9/site-packages/airflow/example_dags/example_short_circuit_operator.py
[2024-04-02 19:46:56,012] {logging_mixin.py:115} INFO - [2024-04-02 19:46:56,012] {dag.py:2379} INFO - Sync 1 DAGs
[2024-04-02 19:46:56,021] {logging_mixin.py:115} INFO - [2024-04-02 19:46:56,021] {dag.py:2927} INFO - Setting next_dagrun for example_short_circuit_operator to 2024-04-01T22:46:56.021124+00:00, run_after=2024-04-02T22:46:56.021124+00:00
[2024-04-02 19:46:56,027] {processor.py:161} INFO - Processing /Users/miltonvolpato/Git/Alura_Airflow_Oficial/venv/lib/python3.9/site-packages/airflow/example_dags/example_short_circuit_operator.py took 0.063 seconds
[2024-04-02 19:47:48,399] {processor.py:153} INFO - Started process (PID=12112) to work on /Users/miltonvolpato/Git/Alura_Airflow_Oficial/venv/lib/python3.9/site-packages/airflow/example_dags/example_short_circuit_operator.py
[2024-04-02 19:47:48,399] {processor.py:641} INFO - Processing file /Users/miltonvolpato/Git/Alura_Airflow_Oficial/venv/lib/python3.9/site-packages/airflow/example_dags/example_short_circuit_operator.py for tasks to queue
[2024-04-02 19:47:48,399] {logging_mixin.py:115} INFO - [2024-04-02 19:47:48,399] {dagbag.py:507} INFO - Filling up the DagBag from /Users/miltonvolpato/Git/Alura_Airflow_Oficial/venv/lib/python3.9/site-packages/airflow/example_dags/example_short_circuit_operator.py
[2024-04-02 19:47:48,412] {processor.py:651} INFO - DAG(s) dict_keys(['example_short_circuit_operator']) retrieved from /Users/miltonvolpato/Git/Alura_Airflow_Oficial/venv/lib/python3.9/site-packages/airflow/example_dags/example_short_circuit_operator.py
[2024-04-02 19:47:48,442] {logging_mixin.py:115} INFO - [2024-04-02 19:47:48,442] {dag.py:2379} INFO - Sync 1 DAGs
[2024-04-02 19:47:48,448] {logging_mixin.py:115} INFO - [2024-04-02 19:47:48,448] {dag.py:2927} INFO - Setting next_dagrun for example_short_circuit_operator to 2024-04-01T22:47:48.448653+00:00, run_after=2024-04-02T22:47:48.448653+00:00
[2024-04-02 19:47:48,453] {processor.py:161} INFO - Processing /Users/miltonvolpato/Git/Alura_Airflow_Oficial/venv/lib/python3.9/site-packages/airflow/example_dags/example_short_circuit_operator.py took 0.055 seconds
[2024-04-02 19:48:34,041] {processor.py:153} INFO - Started process (PID=12155) to work on /Users/miltonvolpato/Git/Alura_Airflow_Oficial/venv/lib/python3.9/site-packages/airflow/example_dags/example_short_circuit_operator.py
[2024-04-02 19:48:34,041] {processor.py:641} INFO - Processing file /Users/miltonvolpato/Git/Alura_Airflow_Oficial/venv/lib/python3.9/site-packages/airflow/example_dags/example_short_circuit_operator.py for tasks to queue
[2024-04-02 19:48:34,041] {logging_mixin.py:115} INFO - [2024-04-02 19:48:34,041] {dagbag.py:507} INFO - Filling up the DagBag from /Users/miltonvolpato/Git/Alura_Airflow_Oficial/venv/lib/python3.9/site-packages/airflow/example_dags/example_short_circuit_operator.py
[2024-04-02 19:48:34,055] {processor.py:651} INFO - DAG(s) dict_keys(['example_short_circuit_operator']) retrieved from /Users/miltonvolpato/Git/Alura_Airflow_Oficial/venv/lib/python3.9/site-packages/airflow/example_dags/example_short_circuit_operator.py
[2024-04-02 19:48:34,085] {logging_mixin.py:115} INFO - [2024-04-02 19:48:34,085] {dag.py:2379} INFO - Sync 1 DAGs
[2024-04-02 19:48:34,091] {logging_mixin.py:115} INFO - [2024-04-02 19:48:34,091] {dag.py:2927} INFO - Setting next_dagrun for example_short_circuit_operator to 2024-04-01T22:48:34.091813+00:00, run_after=2024-04-02T22:48:34.091813+00:00
[2024-04-02 19:48:34,097] {processor.py:161} INFO - Processing /Users/miltonvolpato/Git/Alura_Airflow_Oficial/venv/lib/python3.9/site-packages/airflow/example_dags/example_short_circuit_operator.py took 0.056 seconds
[2024-04-02 19:49:23,078] {processor.py:153} INFO - Started process (PID=12220) to work on /Users/miltonvolpato/Git/Alura_Airflow_Oficial/venv/lib/python3.9/site-packages/airflow/example_dags/example_short_circuit_operator.py
[2024-04-02 19:49:23,078] {processor.py:641} INFO - Processing file /Users/miltonvolpato/Git/Alura_Airflow_Oficial/venv/lib/python3.9/site-packages/airflow/example_dags/example_short_circuit_operator.py for tasks to queue
[2024-04-02 19:49:23,079] {logging_mixin.py:115} INFO - [2024-04-02 19:49:23,079] {dagbag.py:507} INFO - Filling up the DagBag from /Users/miltonvolpato/Git/Alura_Airflow_Oficial/venv/lib/python3.9/site-packages/airflow/example_dags/example_short_circuit_operator.py
[2024-04-02 19:49:23,092] {processor.py:651} INFO - DAG(s) dict_keys(['example_short_circuit_operator']) retrieved from /Users/miltonvolpato/Git/Alura_Airflow_Oficial/venv/lib/python3.9/site-packages/airflow/example_dags/example_short_circuit_operator.py
[2024-04-02 19:49:23,122] {logging_mixin.py:115} INFO - [2024-04-02 19:49:23,122] {dag.py:2379} INFO - Sync 1 DAGs
[2024-04-02 19:49:23,129] {logging_mixin.py:115} INFO - [2024-04-02 19:49:23,129] {dag.py:2927} INFO - Setting next_dagrun for example_short_circuit_operator to 2024-04-01T22:49:23.129458+00:00, run_after=2024-04-02T22:49:23.129458+00:00
[2024-04-02 19:49:23,134] {processor.py:161} INFO - Processing /Users/miltonvolpato/Git/Alura_Airflow_Oficial/venv/lib/python3.9/site-packages/airflow/example_dags/example_short_circuit_operator.py took 0.057 seconds
[2024-04-02 19:50:17,319] {processor.py:153} INFO - Started process (PID=12267) to work on /Users/miltonvolpato/Git/Alura_Airflow_Oficial/venv/lib/python3.9/site-packages/airflow/example_dags/example_short_circuit_operator.py
[2024-04-02 19:50:17,320] {processor.py:641} INFO - Processing file /Users/miltonvolpato/Git/Alura_Airflow_Oficial/venv/lib/python3.9/site-packages/airflow/example_dags/example_short_circuit_operator.py for tasks to queue
[2024-04-02 19:50:17,320] {logging_mixin.py:115} INFO - [2024-04-02 19:50:17,320] {dagbag.py:507} INFO - Filling up the DagBag from /Users/miltonvolpato/Git/Alura_Airflow_Oficial/venv/lib/python3.9/site-packages/airflow/example_dags/example_short_circuit_operator.py
[2024-04-02 19:50:17,333] {processor.py:651} INFO - DAG(s) dict_keys(['example_short_circuit_operator']) retrieved from /Users/miltonvolpato/Git/Alura_Airflow_Oficial/venv/lib/python3.9/site-packages/airflow/example_dags/example_short_circuit_operator.py
[2024-04-02 19:50:17,362] {logging_mixin.py:115} INFO - [2024-04-02 19:50:17,362] {dag.py:2379} INFO - Sync 1 DAGs
[2024-04-02 19:50:17,369] {logging_mixin.py:115} INFO - [2024-04-02 19:50:17,369] {dag.py:2927} INFO - Setting next_dagrun for example_short_circuit_operator to 2024-04-01T22:50:17.369045+00:00, run_after=2024-04-02T22:50:17.369045+00:00
[2024-04-02 19:50:17,374] {processor.py:161} INFO - Processing /Users/miltonvolpato/Git/Alura_Airflow_Oficial/venv/lib/python3.9/site-packages/airflow/example_dags/example_short_circuit_operator.py took 0.055 seconds
[2024-04-02 19:51:08,971] {processor.py:153} INFO - Started process (PID=12312) to work on /Users/miltonvolpato/Git/Alura_Airflow_Oficial/venv/lib/python3.9/site-packages/airflow/example_dags/example_short_circuit_operator.py
[2024-04-02 19:51:08,972] {processor.py:641} INFO - Processing file /Users/miltonvolpato/Git/Alura_Airflow_Oficial/venv/lib/python3.9/site-packages/airflow/example_dags/example_short_circuit_operator.py for tasks to queue
[2024-04-02 19:51:08,972] {logging_mixin.py:115} INFO - [2024-04-02 19:51:08,972] {dagbag.py:507} INFO - Filling up the DagBag from /Users/miltonvolpato/Git/Alura_Airflow_Oficial/venv/lib/python3.9/site-packages/airflow/example_dags/example_short_circuit_operator.py
[2024-04-02 19:51:08,985] {processor.py:651} INFO - DAG(s) dict_keys(['example_short_circuit_operator']) retrieved from /Users/miltonvolpato/Git/Alura_Airflow_Oficial/venv/lib/python3.9/site-packages/airflow/example_dags/example_short_circuit_operator.py
[2024-04-02 19:51:09,014] {logging_mixin.py:115} INFO - [2024-04-02 19:51:09,014] {dag.py:2379} INFO - Sync 1 DAGs
[2024-04-02 19:51:09,021] {logging_mixin.py:115} INFO - [2024-04-02 19:51:09,021] {dag.py:2927} INFO - Setting next_dagrun for example_short_circuit_operator to 2024-04-01T22:51:09.021073+00:00, run_after=2024-04-02T22:51:09.021073+00:00
[2024-04-02 19:51:09,025] {processor.py:161} INFO - Processing /Users/miltonvolpato/Git/Alura_Airflow_Oficial/venv/lib/python3.9/site-packages/airflow/example_dags/example_short_circuit_operator.py took 0.055 seconds
[2024-04-02 19:51:51,721] {processor.py:153} INFO - Started process (PID=12355) to work on /Users/miltonvolpato/Git/Alura_Airflow_Oficial/venv/lib/python3.9/site-packages/airflow/example_dags/example_short_circuit_operator.py
[2024-04-02 19:51:51,722] {processor.py:641} INFO - Processing file /Users/miltonvolpato/Git/Alura_Airflow_Oficial/venv/lib/python3.9/site-packages/airflow/example_dags/example_short_circuit_operator.py for tasks to queue
[2024-04-02 19:51:51,722] {logging_mixin.py:115} INFO - [2024-04-02 19:51:51,722] {dagbag.py:507} INFO - Filling up the DagBag from /Users/miltonvolpato/Git/Alura_Airflow_Oficial/venv/lib/python3.9/site-packages/airflow/example_dags/example_short_circuit_operator.py
[2024-04-02 19:51:51,734] {processor.py:651} INFO - DAG(s) dict_keys(['example_short_circuit_operator']) retrieved from /Users/miltonvolpato/Git/Alura_Airflow_Oficial/venv/lib/python3.9/site-packages/airflow/example_dags/example_short_circuit_operator.py
[2024-04-02 19:51:51,764] {logging_mixin.py:115} INFO - [2024-04-02 19:51:51,764] {dag.py:2379} INFO - Sync 1 DAGs
[2024-04-02 19:51:51,770] {logging_mixin.py:115} INFO - [2024-04-02 19:51:51,770] {dag.py:2927} INFO - Setting next_dagrun for example_short_circuit_operator to 2024-04-01T22:51:51.770590+00:00, run_after=2024-04-02T22:51:51.770590+00:00
[2024-04-02 19:51:51,775] {processor.py:161} INFO - Processing /Users/miltonvolpato/Git/Alura_Airflow_Oficial/venv/lib/python3.9/site-packages/airflow/example_dags/example_short_circuit_operator.py took 0.054 seconds
[2024-04-02 19:52:43,489] {processor.py:153} INFO - Started process (PID=12405) to work on /Users/miltonvolpato/Git/Alura_Airflow_Oficial/venv/lib/python3.9/site-packages/airflow/example_dags/example_short_circuit_operator.py
[2024-04-02 19:52:43,490] {processor.py:641} INFO - Processing file /Users/miltonvolpato/Git/Alura_Airflow_Oficial/venv/lib/python3.9/site-packages/airflow/example_dags/example_short_circuit_operator.py for tasks to queue
[2024-04-02 19:52:43,490] {logging_mixin.py:115} INFO - [2024-04-02 19:52:43,490] {dagbag.py:507} INFO - Filling up the DagBag from /Users/miltonvolpato/Git/Alura_Airflow_Oficial/venv/lib/python3.9/site-packages/airflow/example_dags/example_short_circuit_operator.py
[2024-04-02 19:52:43,504] {processor.py:651} INFO - DAG(s) dict_keys(['example_short_circuit_operator']) retrieved from /Users/miltonvolpato/Git/Alura_Airflow_Oficial/venv/lib/python3.9/site-packages/airflow/example_dags/example_short_circuit_operator.py
[2024-04-02 19:52:43,536] {logging_mixin.py:115} INFO - [2024-04-02 19:52:43,536] {dag.py:2379} INFO - Sync 1 DAGs
[2024-04-02 19:52:43,543] {logging_mixin.py:115} INFO - [2024-04-02 19:52:43,543] {dag.py:2927} INFO - Setting next_dagrun for example_short_circuit_operator to 2024-04-01T22:52:43.543709+00:00, run_after=2024-04-02T22:52:43.543709+00:00
[2024-04-02 19:52:43,549] {processor.py:161} INFO - Processing /Users/miltonvolpato/Git/Alura_Airflow_Oficial/venv/lib/python3.9/site-packages/airflow/example_dags/example_short_circuit_operator.py took 0.060 seconds
[2024-04-02 19:53:41,475] {processor.py:153} INFO - Started process (PID=12487) to work on /Users/miltonvolpato/Git/Alura_Airflow_Oficial/venv/lib/python3.9/site-packages/airflow/example_dags/example_short_circuit_operator.py
[2024-04-02 19:53:41,476] {processor.py:641} INFO - Processing file /Users/miltonvolpato/Git/Alura_Airflow_Oficial/venv/lib/python3.9/site-packages/airflow/example_dags/example_short_circuit_operator.py for tasks to queue
[2024-04-02 19:53:41,476] {logging_mixin.py:115} INFO - [2024-04-02 19:53:41,476] {dagbag.py:507} INFO - Filling up the DagBag from /Users/miltonvolpato/Git/Alura_Airflow_Oficial/venv/lib/python3.9/site-packages/airflow/example_dags/example_short_circuit_operator.py
[2024-04-02 19:53:41,490] {processor.py:651} INFO - DAG(s) dict_keys(['example_short_circuit_operator']) retrieved from /Users/miltonvolpato/Git/Alura_Airflow_Oficial/venv/lib/python3.9/site-packages/airflow/example_dags/example_short_circuit_operator.py
[2024-04-02 19:53:41,523] {logging_mixin.py:115} INFO - [2024-04-02 19:53:41,523] {dag.py:2379} INFO - Sync 1 DAGs
[2024-04-02 19:53:41,530] {logging_mixin.py:115} INFO - [2024-04-02 19:53:41,530] {dag.py:2927} INFO - Setting next_dagrun for example_short_circuit_operator to 2024-04-01T22:53:41.530645+00:00, run_after=2024-04-02T22:53:41.530645+00:00
[2024-04-02 19:53:41,536] {processor.py:161} INFO - Processing /Users/miltonvolpato/Git/Alura_Airflow_Oficial/venv/lib/python3.9/site-packages/airflow/example_dags/example_short_circuit_operator.py took 0.061 seconds
[2024-04-02 19:54:35,830] {processor.py:153} INFO - Started process (PID=12602) to work on /Users/miltonvolpato/Git/Alura_Airflow_Oficial/venv/lib/python3.9/site-packages/airflow/example_dags/example_short_circuit_operator.py
[2024-04-02 19:54:35,830] {processor.py:641} INFO - Processing file /Users/miltonvolpato/Git/Alura_Airflow_Oficial/venv/lib/python3.9/site-packages/airflow/example_dags/example_short_circuit_operator.py for tasks to queue
[2024-04-02 19:54:35,831] {logging_mixin.py:115} INFO - [2024-04-02 19:54:35,831] {dagbag.py:507} INFO - Filling up the DagBag from /Users/miltonvolpato/Git/Alura_Airflow_Oficial/venv/lib/python3.9/site-packages/airflow/example_dags/example_short_circuit_operator.py
[2024-04-02 19:54:35,844] {processor.py:651} INFO - DAG(s) dict_keys(['example_short_circuit_operator']) retrieved from /Users/miltonvolpato/Git/Alura_Airflow_Oficial/venv/lib/python3.9/site-packages/airflow/example_dags/example_short_circuit_operator.py
[2024-04-02 19:54:35,875] {logging_mixin.py:115} INFO - [2024-04-02 19:54:35,875] {dag.py:2379} INFO - Sync 1 DAGs
[2024-04-02 19:54:35,882] {logging_mixin.py:115} INFO - [2024-04-02 19:54:35,882] {dag.py:2927} INFO - Setting next_dagrun for example_short_circuit_operator to 2024-04-01T22:54:35.882144+00:00, run_after=2024-04-02T22:54:35.882144+00:00
[2024-04-02 19:54:35,887] {processor.py:161} INFO - Processing /Users/miltonvolpato/Git/Alura_Airflow_Oficial/venv/lib/python3.9/site-packages/airflow/example_dags/example_short_circuit_operator.py took 0.058 seconds
[2024-04-02 19:55:32,307] {processor.py:153} INFO - Started process (PID=12658) to work on /Users/miltonvolpato/Git/Alura_Airflow_Oficial/venv/lib/python3.9/site-packages/airflow/example_dags/example_short_circuit_operator.py
[2024-04-02 19:55:32,307] {processor.py:641} INFO - Processing file /Users/miltonvolpato/Git/Alura_Airflow_Oficial/venv/lib/python3.9/site-packages/airflow/example_dags/example_short_circuit_operator.py for tasks to queue
[2024-04-02 19:55:32,307] {logging_mixin.py:115} INFO - [2024-04-02 19:55:32,307] {dagbag.py:507} INFO - Filling up the DagBag from /Users/miltonvolpato/Git/Alura_Airflow_Oficial/venv/lib/python3.9/site-packages/airflow/example_dags/example_short_circuit_operator.py
[2024-04-02 19:55:32,320] {processor.py:651} INFO - DAG(s) dict_keys(['example_short_circuit_operator']) retrieved from /Users/miltonvolpato/Git/Alura_Airflow_Oficial/venv/lib/python3.9/site-packages/airflow/example_dags/example_short_circuit_operator.py
[2024-04-02 19:55:32,353] {logging_mixin.py:115} INFO - [2024-04-02 19:55:32,353] {dag.py:2379} INFO - Sync 1 DAGs
[2024-04-02 19:55:32,360] {logging_mixin.py:115} INFO - [2024-04-02 19:55:32,360] {dag.py:2927} INFO - Setting next_dagrun for example_short_circuit_operator to 2024-04-01T22:55:32.360061+00:00, run_after=2024-04-02T22:55:32.360061+00:00
[2024-04-02 19:55:32,365] {processor.py:161} INFO - Processing /Users/miltonvolpato/Git/Alura_Airflow_Oficial/venv/lib/python3.9/site-packages/airflow/example_dags/example_short_circuit_operator.py took 0.059 seconds
[2024-04-02 19:56:25,630] {processor.py:153} INFO - Started process (PID=12769) to work on /Users/miltonvolpato/Git/Alura_Airflow_Oficial/venv/lib/python3.9/site-packages/airflow/example_dags/example_short_circuit_operator.py
[2024-04-02 19:56:25,630] {processor.py:641} INFO - Processing file /Users/miltonvolpato/Git/Alura_Airflow_Oficial/venv/lib/python3.9/site-packages/airflow/example_dags/example_short_circuit_operator.py for tasks to queue
[2024-04-02 19:56:25,631] {logging_mixin.py:115} INFO - [2024-04-02 19:56:25,631] {dagbag.py:507} INFO - Filling up the DagBag from /Users/miltonvolpato/Git/Alura_Airflow_Oficial/venv/lib/python3.9/site-packages/airflow/example_dags/example_short_circuit_operator.py
[2024-04-02 19:56:25,643] {processor.py:651} INFO - DAG(s) dict_keys(['example_short_circuit_operator']) retrieved from /Users/miltonvolpato/Git/Alura_Airflow_Oficial/venv/lib/python3.9/site-packages/airflow/example_dags/example_short_circuit_operator.py
[2024-04-02 19:56:25,677] {logging_mixin.py:115} INFO - [2024-04-02 19:56:25,677] {dag.py:2379} INFO - Sync 1 DAGs
[2024-04-02 19:56:25,685] {logging_mixin.py:115} INFO - [2024-04-02 19:56:25,684] {dag.py:2927} INFO - Setting next_dagrun for example_short_circuit_operator to 2024-04-01T22:56:25.684841+00:00, run_after=2024-04-02T22:56:25.684841+00:00
[2024-04-02 19:56:25,690] {processor.py:161} INFO - Processing /Users/miltonvolpato/Git/Alura_Airflow_Oficial/venv/lib/python3.9/site-packages/airflow/example_dags/example_short_circuit_operator.py took 0.059 seconds
[2024-04-02 19:57:20,101] {processor.py:153} INFO - Started process (PID=12825) to work on /Users/miltonvolpato/Git/Alura_Airflow_Oficial/venv/lib/python3.9/site-packages/airflow/example_dags/example_short_circuit_operator.py
[2024-04-02 19:57:20,101] {processor.py:641} INFO - Processing file /Users/miltonvolpato/Git/Alura_Airflow_Oficial/venv/lib/python3.9/site-packages/airflow/example_dags/example_short_circuit_operator.py for tasks to queue
[2024-04-02 19:57:20,101] {logging_mixin.py:115} INFO - [2024-04-02 19:57:20,101] {dagbag.py:507} INFO - Filling up the DagBag from /Users/miltonvolpato/Git/Alura_Airflow_Oficial/venv/lib/python3.9/site-packages/airflow/example_dags/example_short_circuit_operator.py
[2024-04-02 19:57:20,113] {processor.py:651} INFO - DAG(s) dict_keys(['example_short_circuit_operator']) retrieved from /Users/miltonvolpato/Git/Alura_Airflow_Oficial/venv/lib/python3.9/site-packages/airflow/example_dags/example_short_circuit_operator.py
[2024-04-02 19:57:20,143] {logging_mixin.py:115} INFO - [2024-04-02 19:57:20,143] {dag.py:2379} INFO - Sync 1 DAGs
[2024-04-02 19:57:20,149] {logging_mixin.py:115} INFO - [2024-04-02 19:57:20,149] {dag.py:2927} INFO - Setting next_dagrun for example_short_circuit_operator to 2024-04-01T22:57:20.149395+00:00, run_after=2024-04-02T22:57:20.149395+00:00
[2024-04-02 19:57:20,154] {processor.py:161} INFO - Processing /Users/miltonvolpato/Git/Alura_Airflow_Oficial/venv/lib/python3.9/site-packages/airflow/example_dags/example_short_circuit_operator.py took 0.054 seconds
[2024-04-02 19:58:09,016] {processor.py:153} INFO - Started process (PID=12868) to work on /Users/miltonvolpato/Git/Alura_Airflow_Oficial/venv/lib/python3.9/site-packages/airflow/example_dags/example_short_circuit_operator.py
[2024-04-02 19:58:09,016] {processor.py:641} INFO - Processing file /Users/miltonvolpato/Git/Alura_Airflow_Oficial/venv/lib/python3.9/site-packages/airflow/example_dags/example_short_circuit_operator.py for tasks to queue
[2024-04-02 19:58:09,016] {logging_mixin.py:115} INFO - [2024-04-02 19:58:09,016] {dagbag.py:507} INFO - Filling up the DagBag from /Users/miltonvolpato/Git/Alura_Airflow_Oficial/venv/lib/python3.9/site-packages/airflow/example_dags/example_short_circuit_operator.py
[2024-04-02 19:58:09,028] {processor.py:651} INFO - DAG(s) dict_keys(['example_short_circuit_operator']) retrieved from /Users/miltonvolpato/Git/Alura_Airflow_Oficial/venv/lib/python3.9/site-packages/airflow/example_dags/example_short_circuit_operator.py
[2024-04-02 19:58:09,058] {logging_mixin.py:115} INFO - [2024-04-02 19:58:09,058] {dag.py:2379} INFO - Sync 1 DAGs
[2024-04-02 19:58:09,065] {logging_mixin.py:115} INFO - [2024-04-02 19:58:09,065] {dag.py:2927} INFO - Setting next_dagrun for example_short_circuit_operator to 2024-04-01T22:58:09.065143+00:00, run_after=2024-04-02T22:58:09.065143+00:00
[2024-04-02 19:58:09,070] {processor.py:161} INFO - Processing /Users/miltonvolpato/Git/Alura_Airflow_Oficial/venv/lib/python3.9/site-packages/airflow/example_dags/example_short_circuit_operator.py took 0.055 seconds
[2024-04-02 19:59:06,923] {processor.py:153} INFO - Started process (PID=12918) to work on /Users/miltonvolpato/Git/Alura_Airflow_Oficial/venv/lib/python3.9/site-packages/airflow/example_dags/example_short_circuit_operator.py
[2024-04-02 19:59:06,923] {processor.py:641} INFO - Processing file /Users/miltonvolpato/Git/Alura_Airflow_Oficial/venv/lib/python3.9/site-packages/airflow/example_dags/example_short_circuit_operator.py for tasks to queue
[2024-04-02 19:59:06,923] {logging_mixin.py:115} INFO - [2024-04-02 19:59:06,923] {dagbag.py:507} INFO - Filling up the DagBag from /Users/miltonvolpato/Git/Alura_Airflow_Oficial/venv/lib/python3.9/site-packages/airflow/example_dags/example_short_circuit_operator.py
[2024-04-02 19:59:06,936] {processor.py:651} INFO - DAG(s) dict_keys(['example_short_circuit_operator']) retrieved from /Users/miltonvolpato/Git/Alura_Airflow_Oficial/venv/lib/python3.9/site-packages/airflow/example_dags/example_short_circuit_operator.py
[2024-04-02 19:59:06,965] {logging_mixin.py:115} INFO - [2024-04-02 19:59:06,965] {dag.py:2379} INFO - Sync 1 DAGs
[2024-04-02 19:59:06,971] {logging_mixin.py:115} INFO - [2024-04-02 19:59:06,971] {dag.py:2927} INFO - Setting next_dagrun for example_short_circuit_operator to 2024-04-01T22:59:06.971796+00:00, run_after=2024-04-02T22:59:06.971796+00:00
[2024-04-02 19:59:06,976] {processor.py:161} INFO - Processing /Users/miltonvolpato/Git/Alura_Airflow_Oficial/venv/lib/python3.9/site-packages/airflow/example_dags/example_short_circuit_operator.py took 0.054 seconds
[2024-04-02 20:00:03,839] {processor.py:153} INFO - Started process (PID=12963) to work on /Users/miltonvolpato/Git/Alura_Airflow_Oficial/venv/lib/python3.9/site-packages/airflow/example_dags/example_short_circuit_operator.py
[2024-04-02 20:00:03,839] {processor.py:641} INFO - Processing file /Users/miltonvolpato/Git/Alura_Airflow_Oficial/venv/lib/python3.9/site-packages/airflow/example_dags/example_short_circuit_operator.py for tasks to queue
[2024-04-02 20:00:03,839] {logging_mixin.py:115} INFO - [2024-04-02 20:00:03,839] {dagbag.py:507} INFO - Filling up the DagBag from /Users/miltonvolpato/Git/Alura_Airflow_Oficial/venv/lib/python3.9/site-packages/airflow/example_dags/example_short_circuit_operator.py
[2024-04-02 20:00:03,851] {processor.py:651} INFO - DAG(s) dict_keys(['example_short_circuit_operator']) retrieved from /Users/miltonvolpato/Git/Alura_Airflow_Oficial/venv/lib/python3.9/site-packages/airflow/example_dags/example_short_circuit_operator.py
[2024-04-02 20:00:03,881] {logging_mixin.py:115} INFO - [2024-04-02 20:00:03,881] {dag.py:2379} INFO - Sync 1 DAGs
[2024-04-02 20:00:03,887] {logging_mixin.py:115} INFO - [2024-04-02 20:00:03,887] {dag.py:2927} INFO - Setting next_dagrun for example_short_circuit_operator to 2024-04-01T23:00:03.887703+00:00, run_after=2024-04-02T23:00:03.887703+00:00
[2024-04-02 20:00:03,893] {processor.py:161} INFO - Processing /Users/miltonvolpato/Git/Alura_Airflow_Oficial/venv/lib/python3.9/site-packages/airflow/example_dags/example_short_circuit_operator.py took 0.054 seconds
[2024-04-02 20:00:56,155] {processor.py:153} INFO - Started process (PID=13017) to work on /Users/miltonvolpato/Git/Alura_Airflow_Oficial/venv/lib/python3.9/site-packages/airflow/example_dags/example_short_circuit_operator.py
[2024-04-02 20:00:56,155] {processor.py:641} INFO - Processing file /Users/miltonvolpato/Git/Alura_Airflow_Oficial/venv/lib/python3.9/site-packages/airflow/example_dags/example_short_circuit_operator.py for tasks to queue
[2024-04-02 20:00:56,156] {logging_mixin.py:115} INFO - [2024-04-02 20:00:56,156] {dagbag.py:507} INFO - Filling up the DagBag from /Users/miltonvolpato/Git/Alura_Airflow_Oficial/venv/lib/python3.9/site-packages/airflow/example_dags/example_short_circuit_operator.py
[2024-04-02 20:00:56,168] {processor.py:651} INFO - DAG(s) dict_keys(['example_short_circuit_operator']) retrieved from /Users/miltonvolpato/Git/Alura_Airflow_Oficial/venv/lib/python3.9/site-packages/airflow/example_dags/example_short_circuit_operator.py
[2024-04-02 20:00:56,198] {logging_mixin.py:115} INFO - [2024-04-02 20:00:56,198] {dag.py:2379} INFO - Sync 1 DAGs
[2024-04-02 20:00:56,205] {logging_mixin.py:115} INFO - [2024-04-02 20:00:56,205] {dag.py:2927} INFO - Setting next_dagrun for example_short_circuit_operator to 2024-04-01T23:00:56.205143+00:00, run_after=2024-04-02T23:00:56.205143+00:00
[2024-04-02 20:00:56,210] {processor.py:161} INFO - Processing /Users/miltonvolpato/Git/Alura_Airflow_Oficial/venv/lib/python3.9/site-packages/airflow/example_dags/example_short_circuit_operator.py took 0.055 seconds
[2024-04-02 20:01:51,010] {processor.py:153} INFO - Started process (PID=13086) to work on /Users/miltonvolpato/Git/Alura_Airflow_Oficial/venv/lib/python3.9/site-packages/airflow/example_dags/example_short_circuit_operator.py
[2024-04-02 20:01:51,011] {processor.py:641} INFO - Processing file /Users/miltonvolpato/Git/Alura_Airflow_Oficial/venv/lib/python3.9/site-packages/airflow/example_dags/example_short_circuit_operator.py for tasks to queue
[2024-04-02 20:01:51,011] {logging_mixin.py:115} INFO - [2024-04-02 20:01:51,011] {dagbag.py:507} INFO - Filling up the DagBag from /Users/miltonvolpato/Git/Alura_Airflow_Oficial/venv/lib/python3.9/site-packages/airflow/example_dags/example_short_circuit_operator.py
[2024-04-02 20:01:51,028] {processor.py:651} INFO - DAG(s) dict_keys(['example_short_circuit_operator']) retrieved from /Users/miltonvolpato/Git/Alura_Airflow_Oficial/venv/lib/python3.9/site-packages/airflow/example_dags/example_short_circuit_operator.py
[2024-04-02 20:01:51,072] {logging_mixin.py:115} INFO - [2024-04-02 20:01:51,071] {dag.py:2379} INFO - Sync 1 DAGs
[2024-04-02 20:01:51,081] {logging_mixin.py:115} INFO - [2024-04-02 20:01:51,081] {dag.py:2927} INFO - Setting next_dagrun for example_short_circuit_operator to 2024-04-01T23:01:51.081082+00:00, run_after=2024-04-02T23:01:51.081082+00:00
[2024-04-02 20:01:51,088] {processor.py:161} INFO - Processing /Users/miltonvolpato/Git/Alura_Airflow_Oficial/venv/lib/python3.9/site-packages/airflow/example_dags/example_short_circuit_operator.py took 0.079 seconds
