[2024-04-02 19:36:48,807] {processor.py:153} INFO - Started process (PID=11329) to work on /Users/miltonvolpato/Git/Alura_Airflow_Oficial/venv/lib/python3.9/site-packages/airflow/example_dags/example_latest_only.py
[2024-04-02 19:36:48,807] {processor.py:641} INFO - Processing file /Users/miltonvolpato/Git/Alura_Airflow_Oficial/venv/lib/python3.9/site-packages/airflow/example_dags/example_latest_only.py for tasks to queue
[2024-04-02 19:36:48,807] {logging_mixin.py:115} INFO - [2024-04-02 19:36:48,807] {dagbag.py:507} INFO - Filling up the DagBag from /Users/miltonvolpato/Git/Alura_Airflow_Oficial/venv/lib/python3.9/site-packages/airflow/example_dags/example_latest_only.py
[2024-04-02 19:36:48,813] {processor.py:651} INFO - DAG(s) dict_keys(['latest_only']) retrieved from /Users/miltonvolpato/Git/Alura_Airflow_Oficial/venv/lib/python3.9/site-packages/airflow/example_dags/example_latest_only.py
[2024-04-02 19:36:49,152] {logging_mixin.py:115} INFO - [2024-04-02 19:36:49,152] {manager.py:508} INFO - Created Permission View: can edit on DAG:latest_only
[2024-04-02 19:36:49,155] {logging_mixin.py:115} INFO - [2024-04-02 19:36:49,155] {manager.py:508} INFO - Created Permission View: can read on DAG:latest_only
[2024-04-02 19:36:49,157] {logging_mixin.py:115} INFO - [2024-04-02 19:36:49,157] {manager.py:508} INFO - Created Permission View: can delete on DAG:latest_only
[2024-04-02 19:36:49,157] {logging_mixin.py:115} INFO - [2024-04-02 19:36:49,157] {dag.py:2379} INFO - Sync 1 DAGs
[2024-04-02 19:36:49,161] {logging_mixin.py:115} INFO - [2024-04-02 19:36:49,161] {dag.py:2398} INFO - Creating ORM DAG for latest_only
[2024-04-02 19:36:49,165] {logging_mixin.py:115} INFO - [2024-04-02 19:36:49,165] {dag.py:2927} INFO - Setting next_dagrun for latest_only to 2024-04-02T18:36:49.165448+00:00, run_after=2024-04-02T22:36:49.165448+00:00
[2024-04-02 19:36:49,170] {processor.py:161} INFO - Processing /Users/miltonvolpato/Git/Alura_Airflow_Oficial/venv/lib/python3.9/site-packages/airflow/example_dags/example_latest_only.py took 0.363 seconds
[2024-04-02 19:37:40,039] {processor.py:153} INFO - Started process (PID=11435) to work on /Users/miltonvolpato/Git/Alura_Airflow_Oficial/venv/lib/python3.9/site-packages/airflow/example_dags/example_latest_only.py
[2024-04-02 19:37:40,040] {processor.py:641} INFO - Processing file /Users/miltonvolpato/Git/Alura_Airflow_Oficial/venv/lib/python3.9/site-packages/airflow/example_dags/example_latest_only.py for tasks to queue
[2024-04-02 19:37:40,040] {logging_mixin.py:115} INFO - [2024-04-02 19:37:40,040] {dagbag.py:507} INFO - Filling up the DagBag from /Users/miltonvolpato/Git/Alura_Airflow_Oficial/venv/lib/python3.9/site-packages/airflow/example_dags/example_latest_only.py
[2024-04-02 19:37:40,046] {processor.py:651} INFO - DAG(s) dict_keys(['latest_only']) retrieved from /Users/miltonvolpato/Git/Alura_Airflow_Oficial/venv/lib/python3.9/site-packages/airflow/example_dags/example_latest_only.py
[2024-04-02 19:37:40,074] {logging_mixin.py:115} INFO - [2024-04-02 19:37:40,074] {dag.py:2379} INFO - Sync 1 DAGs
[2024-04-02 19:37:40,081] {logging_mixin.py:115} INFO - [2024-04-02 19:37:40,081] {dag.py:2927} INFO - Setting next_dagrun for latest_only to 2024-04-02T18:37:40.081555+00:00, run_after=2024-04-02T22:37:40.081555+00:00
[2024-04-02 19:37:40,086] {processor.py:161} INFO - Processing /Users/miltonvolpato/Git/Alura_Airflow_Oficial/venv/lib/python3.9/site-packages/airflow/example_dags/example_latest_only.py took 0.047 seconds
[2024-04-02 19:38:32,231] {processor.py:153} INFO - Started process (PID=11506) to work on /Users/miltonvolpato/Git/Alura_Airflow_Oficial/venv/lib/python3.9/site-packages/airflow/example_dags/example_latest_only.py
[2024-04-02 19:38:32,231] {processor.py:641} INFO - Processing file /Users/miltonvolpato/Git/Alura_Airflow_Oficial/venv/lib/python3.9/site-packages/airflow/example_dags/example_latest_only.py for tasks to queue
[2024-04-02 19:38:32,231] {logging_mixin.py:115} INFO - [2024-04-02 19:38:32,231] {dagbag.py:507} INFO - Filling up the DagBag from /Users/miltonvolpato/Git/Alura_Airflow_Oficial/venv/lib/python3.9/site-packages/airflow/example_dags/example_latest_only.py
[2024-04-02 19:38:32,237] {processor.py:651} INFO - DAG(s) dict_keys(['latest_only']) retrieved from /Users/miltonvolpato/Git/Alura_Airflow_Oficial/venv/lib/python3.9/site-packages/airflow/example_dags/example_latest_only.py
[2024-04-02 19:38:32,264] {logging_mixin.py:115} INFO - [2024-04-02 19:38:32,264] {dag.py:2379} INFO - Sync 1 DAGs
[2024-04-02 19:38:32,271] {logging_mixin.py:115} INFO - [2024-04-02 19:38:32,271] {dag.py:2927} INFO - Setting next_dagrun for latest_only to 2024-04-02T18:38:32.271483+00:00, run_after=2024-04-02T22:38:32.271483+00:00
[2024-04-02 19:38:32,276] {processor.py:161} INFO - Processing /Users/miltonvolpato/Git/Alura_Airflow_Oficial/venv/lib/python3.9/site-packages/airflow/example_dags/example_latest_only.py took 0.045 seconds
[2024-04-02 19:39:22,547] {processor.py:153} INFO - Started process (PID=11556) to work on /Users/miltonvolpato/Git/Alura_Airflow_Oficial/venv/lib/python3.9/site-packages/airflow/example_dags/example_latest_only.py
[2024-04-02 19:39:22,547] {processor.py:641} INFO - Processing file /Users/miltonvolpato/Git/Alura_Airflow_Oficial/venv/lib/python3.9/site-packages/airflow/example_dags/example_latest_only.py for tasks to queue
[2024-04-02 19:39:22,547] {logging_mixin.py:115} INFO - [2024-04-02 19:39:22,547] {dagbag.py:507} INFO - Filling up the DagBag from /Users/miltonvolpato/Git/Alura_Airflow_Oficial/venv/lib/python3.9/site-packages/airflow/example_dags/example_latest_only.py
[2024-04-02 19:39:22,553] {processor.py:651} INFO - DAG(s) dict_keys(['latest_only']) retrieved from /Users/miltonvolpato/Git/Alura_Airflow_Oficial/venv/lib/python3.9/site-packages/airflow/example_dags/example_latest_only.py
[2024-04-02 19:39:22,581] {logging_mixin.py:115} INFO - [2024-04-02 19:39:22,581] {dag.py:2379} INFO - Sync 1 DAGs
[2024-04-02 19:39:22,588] {logging_mixin.py:115} INFO - [2024-04-02 19:39:22,588] {dag.py:2927} INFO - Setting next_dagrun for latest_only to 2024-04-02T18:39:22.588005+00:00, run_after=2024-04-02T22:39:22.588005+00:00
[2024-04-02 19:39:22,593] {processor.py:161} INFO - Processing /Users/miltonvolpato/Git/Alura_Airflow_Oficial/venv/lib/python3.9/site-packages/airflow/example_dags/example_latest_only.py took 0.046 seconds
[2024-04-02 19:40:09,202] {processor.py:153} INFO - Started process (PID=11594) to work on /Users/miltonvolpato/Git/Alura_Airflow_Oficial/venv/lib/python3.9/site-packages/airflow/example_dags/example_latest_only.py
[2024-04-02 19:40:09,202] {processor.py:641} INFO - Processing file /Users/miltonvolpato/Git/Alura_Airflow_Oficial/venv/lib/python3.9/site-packages/airflow/example_dags/example_latest_only.py for tasks to queue
[2024-04-02 19:40:09,202] {logging_mixin.py:115} INFO - [2024-04-02 19:40:09,202] {dagbag.py:507} INFO - Filling up the DagBag from /Users/miltonvolpato/Git/Alura_Airflow_Oficial/venv/lib/python3.9/site-packages/airflow/example_dags/example_latest_only.py
[2024-04-02 19:40:09,207] {processor.py:651} INFO - DAG(s) dict_keys(['latest_only']) retrieved from /Users/miltonvolpato/Git/Alura_Airflow_Oficial/venv/lib/python3.9/site-packages/airflow/example_dags/example_latest_only.py
[2024-04-02 19:40:09,235] {logging_mixin.py:115} INFO - [2024-04-02 19:40:09,235] {dag.py:2379} INFO - Sync 1 DAGs
[2024-04-02 19:40:09,242] {logging_mixin.py:115} INFO - [2024-04-02 19:40:09,242] {dag.py:2927} INFO - Setting next_dagrun for latest_only to 2024-04-02T18:40:09.242483+00:00, run_after=2024-04-02T22:40:09.242483+00:00
[2024-04-02 19:40:09,247] {processor.py:161} INFO - Processing /Users/miltonvolpato/Git/Alura_Airflow_Oficial/venv/lib/python3.9/site-packages/airflow/example_dags/example_latest_only.py took 0.046 seconds
[2024-04-02 19:41:04,559] {processor.py:153} INFO - Started process (PID=11646) to work on /Users/miltonvolpato/Git/Alura_Airflow_Oficial/venv/lib/python3.9/site-packages/airflow/example_dags/example_latest_only.py
[2024-04-02 19:41:04,559] {processor.py:641} INFO - Processing file /Users/miltonvolpato/Git/Alura_Airflow_Oficial/venv/lib/python3.9/site-packages/airflow/example_dags/example_latest_only.py for tasks to queue
[2024-04-02 19:41:04,560] {logging_mixin.py:115} INFO - [2024-04-02 19:41:04,560] {dagbag.py:507} INFO - Filling up the DagBag from /Users/miltonvolpato/Git/Alura_Airflow_Oficial/venv/lib/python3.9/site-packages/airflow/example_dags/example_latest_only.py
[2024-04-02 19:41:04,565] {processor.py:651} INFO - DAG(s) dict_keys(['latest_only']) retrieved from /Users/miltonvolpato/Git/Alura_Airflow_Oficial/venv/lib/python3.9/site-packages/airflow/example_dags/example_latest_only.py
[2024-04-02 19:41:04,593] {logging_mixin.py:115} INFO - [2024-04-02 19:41:04,593] {dag.py:2379} INFO - Sync 1 DAGs
[2024-04-02 19:41:04,600] {logging_mixin.py:115} INFO - [2024-04-02 19:41:04,600] {dag.py:2927} INFO - Setting next_dagrun for latest_only to 2024-04-02T18:41:04.600246+00:00, run_after=2024-04-02T22:41:04.600246+00:00
[2024-04-02 19:41:04,605] {processor.py:161} INFO - Processing /Users/miltonvolpato/Git/Alura_Airflow_Oficial/venv/lib/python3.9/site-packages/airflow/example_dags/example_latest_only.py took 0.046 seconds
[2024-04-02 19:41:57,790] {processor.py:153} INFO - Started process (PID=11697) to work on /Users/miltonvolpato/Git/Alura_Airflow_Oficial/venv/lib/python3.9/site-packages/airflow/example_dags/example_latest_only.py
[2024-04-02 19:41:57,790] {processor.py:641} INFO - Processing file /Users/miltonvolpato/Git/Alura_Airflow_Oficial/venv/lib/python3.9/site-packages/airflow/example_dags/example_latest_only.py for tasks to queue
[2024-04-02 19:41:57,790] {logging_mixin.py:115} INFO - [2024-04-02 19:41:57,790] {dagbag.py:507} INFO - Filling up the DagBag from /Users/miltonvolpato/Git/Alura_Airflow_Oficial/venv/lib/python3.9/site-packages/airflow/example_dags/example_latest_only.py
[2024-04-02 19:41:57,796] {processor.py:651} INFO - DAG(s) dict_keys(['latest_only']) retrieved from /Users/miltonvolpato/Git/Alura_Airflow_Oficial/venv/lib/python3.9/site-packages/airflow/example_dags/example_latest_only.py
[2024-04-02 19:41:57,824] {logging_mixin.py:115} INFO - [2024-04-02 19:41:57,823] {dag.py:2379} INFO - Sync 1 DAGs
[2024-04-02 19:41:57,830] {logging_mixin.py:115} INFO - [2024-04-02 19:41:57,830] {dag.py:2927} INFO - Setting next_dagrun for latest_only to 2024-04-02T18:41:57.830624+00:00, run_after=2024-04-02T22:41:57.830624+00:00
[2024-04-02 19:41:57,835] {processor.py:161} INFO - Processing /Users/miltonvolpato/Git/Alura_Airflow_Oficial/venv/lib/python3.9/site-packages/airflow/example_dags/example_latest_only.py took 0.046 seconds
[2024-04-02 19:42:48,488] {processor.py:153} INFO - Started process (PID=11745) to work on /Users/miltonvolpato/Git/Alura_Airflow_Oficial/venv/lib/python3.9/site-packages/airflow/example_dags/example_latest_only.py
[2024-04-02 19:42:48,488] {processor.py:641} INFO - Processing file /Users/miltonvolpato/Git/Alura_Airflow_Oficial/venv/lib/python3.9/site-packages/airflow/example_dags/example_latest_only.py for tasks to queue
[2024-04-02 19:42:48,489] {logging_mixin.py:115} INFO - [2024-04-02 19:42:48,489] {dagbag.py:507} INFO - Filling up the DagBag from /Users/miltonvolpato/Git/Alura_Airflow_Oficial/venv/lib/python3.9/site-packages/airflow/example_dags/example_latest_only.py
[2024-04-02 19:42:48,494] {processor.py:651} INFO - DAG(s) dict_keys(['latest_only']) retrieved from /Users/miltonvolpato/Git/Alura_Airflow_Oficial/venv/lib/python3.9/site-packages/airflow/example_dags/example_latest_only.py
[2024-04-02 19:42:48,522] {logging_mixin.py:115} INFO - [2024-04-02 19:42:48,521] {dag.py:2379} INFO - Sync 1 DAGs
[2024-04-02 19:42:48,528] {logging_mixin.py:115} INFO - [2024-04-02 19:42:48,528] {dag.py:2927} INFO - Setting next_dagrun for latest_only to 2024-04-02T18:42:48.528748+00:00, run_after=2024-04-02T22:42:48.528748+00:00
[2024-04-02 19:42:48,533] {processor.py:161} INFO - Processing /Users/miltonvolpato/Git/Alura_Airflow_Oficial/venv/lib/python3.9/site-packages/airflow/example_dags/example_latest_only.py took 0.045 seconds
[2024-04-02 19:43:39,499] {processor.py:153} INFO - Started process (PID=11798) to work on /Users/miltonvolpato/Git/Alura_Airflow_Oficial/venv/lib/python3.9/site-packages/airflow/example_dags/example_latest_only.py
[2024-04-02 19:43:39,500] {processor.py:641} INFO - Processing file /Users/miltonvolpato/Git/Alura_Airflow_Oficial/venv/lib/python3.9/site-packages/airflow/example_dags/example_latest_only.py for tasks to queue
[2024-04-02 19:43:39,500] {logging_mixin.py:115} INFO - [2024-04-02 19:43:39,500] {dagbag.py:507} INFO - Filling up the DagBag from /Users/miltonvolpato/Git/Alura_Airflow_Oficial/venv/lib/python3.9/site-packages/airflow/example_dags/example_latest_only.py
[2024-04-02 19:43:39,506] {processor.py:651} INFO - DAG(s) dict_keys(['latest_only']) retrieved from /Users/miltonvolpato/Git/Alura_Airflow_Oficial/venv/lib/python3.9/site-packages/airflow/example_dags/example_latest_only.py
[2024-04-02 19:43:39,534] {logging_mixin.py:115} INFO - [2024-04-02 19:43:39,534] {dag.py:2379} INFO - Sync 1 DAGs
[2024-04-02 19:43:39,541] {logging_mixin.py:115} INFO - [2024-04-02 19:43:39,541] {dag.py:2927} INFO - Setting next_dagrun for latest_only to 2024-04-02T18:43:39.541469+00:00, run_after=2024-04-02T22:43:39.541469+00:00
[2024-04-02 19:43:39,546] {processor.py:161} INFO - Processing /Users/miltonvolpato/Git/Alura_Airflow_Oficial/venv/lib/python3.9/site-packages/airflow/example_dags/example_latest_only.py took 0.047 seconds
[2024-04-02 19:44:28,100] {processor.py:153} INFO - Started process (PID=11858) to work on /Users/miltonvolpato/Git/Alura_Airflow_Oficial/venv/lib/python3.9/site-packages/airflow/example_dags/example_latest_only.py
[2024-04-02 19:44:28,100] {processor.py:641} INFO - Processing file /Users/miltonvolpato/Git/Alura_Airflow_Oficial/venv/lib/python3.9/site-packages/airflow/example_dags/example_latest_only.py for tasks to queue
[2024-04-02 19:44:28,101] {logging_mixin.py:115} INFO - [2024-04-02 19:44:28,101] {dagbag.py:507} INFO - Filling up the DagBag from /Users/miltonvolpato/Git/Alura_Airflow_Oficial/venv/lib/python3.9/site-packages/airflow/example_dags/example_latest_only.py
[2024-04-02 19:44:28,106] {processor.py:651} INFO - DAG(s) dict_keys(['latest_only']) retrieved from /Users/miltonvolpato/Git/Alura_Airflow_Oficial/venv/lib/python3.9/site-packages/airflow/example_dags/example_latest_only.py
[2024-04-02 19:44:28,134] {logging_mixin.py:115} INFO - [2024-04-02 19:44:28,134] {dag.py:2379} INFO - Sync 1 DAGs
[2024-04-02 19:44:28,141] {logging_mixin.py:115} INFO - [2024-04-02 19:44:28,141] {dag.py:2927} INFO - Setting next_dagrun for latest_only to 2024-04-02T18:44:28.141348+00:00, run_after=2024-04-02T22:44:28.141348+00:00
[2024-04-02 19:44:28,146] {processor.py:161} INFO - Processing /Users/miltonvolpato/Git/Alura_Airflow_Oficial/venv/lib/python3.9/site-packages/airflow/example_dags/example_latest_only.py took 0.046 seconds
[2024-04-02 19:45:20,873] {processor.py:153} INFO - Started process (PID=11914) to work on /Users/miltonvolpato/Git/Alura_Airflow_Oficial/venv/lib/python3.9/site-packages/airflow/example_dags/example_latest_only.py
[2024-04-02 19:45:20,874] {processor.py:641} INFO - Processing file /Users/miltonvolpato/Git/Alura_Airflow_Oficial/venv/lib/python3.9/site-packages/airflow/example_dags/example_latest_only.py for tasks to queue
[2024-04-02 19:45:20,874] {logging_mixin.py:115} INFO - [2024-04-02 19:45:20,874] {dagbag.py:507} INFO - Filling up the DagBag from /Users/miltonvolpato/Git/Alura_Airflow_Oficial/venv/lib/python3.9/site-packages/airflow/example_dags/example_latest_only.py
[2024-04-02 19:45:20,879] {processor.py:651} INFO - DAG(s) dict_keys(['latest_only']) retrieved from /Users/miltonvolpato/Git/Alura_Airflow_Oficial/venv/lib/python3.9/site-packages/airflow/example_dags/example_latest_only.py
[2024-04-02 19:45:20,910] {logging_mixin.py:115} INFO - [2024-04-02 19:45:20,910] {dag.py:2379} INFO - Sync 1 DAGs
[2024-04-02 19:45:20,918] {logging_mixin.py:115} INFO - [2024-04-02 19:45:20,918] {dag.py:2927} INFO - Setting next_dagrun for latest_only to 2024-04-02T18:45:20.918377+00:00, run_after=2024-04-02T22:45:20.918377+00:00
[2024-04-02 19:45:20,924] {processor.py:161} INFO - Processing /Users/miltonvolpato/Git/Alura_Airflow_Oficial/venv/lib/python3.9/site-packages/airflow/example_dags/example_latest_only.py took 0.050 seconds
[2024-04-02 19:46:09,646] {processor.py:153} INFO - Started process (PID=11970) to work on /Users/miltonvolpato/Git/Alura_Airflow_Oficial/venv/lib/python3.9/site-packages/airflow/example_dags/example_latest_only.py
[2024-04-02 19:46:09,646] {processor.py:641} INFO - Processing file /Users/miltonvolpato/Git/Alura_Airflow_Oficial/venv/lib/python3.9/site-packages/airflow/example_dags/example_latest_only.py for tasks to queue
[2024-04-02 19:46:09,646] {logging_mixin.py:115} INFO - [2024-04-02 19:46:09,646] {dagbag.py:507} INFO - Filling up the DagBag from /Users/miltonvolpato/Git/Alura_Airflow_Oficial/venv/lib/python3.9/site-packages/airflow/example_dags/example_latest_only.py
[2024-04-02 19:46:09,652] {processor.py:651} INFO - DAG(s) dict_keys(['latest_only']) retrieved from /Users/miltonvolpato/Git/Alura_Airflow_Oficial/venv/lib/python3.9/site-packages/airflow/example_dags/example_latest_only.py
[2024-04-02 19:46:09,681] {logging_mixin.py:115} INFO - [2024-04-02 19:46:09,681] {dag.py:2379} INFO - Sync 1 DAGs
[2024-04-02 19:46:09,688] {logging_mixin.py:115} INFO - [2024-04-02 19:46:09,688] {dag.py:2927} INFO - Setting next_dagrun for latest_only to 2024-04-02T18:46:09.688007+00:00, run_after=2024-04-02T22:46:09.688007+00:00
[2024-04-02 19:46:09,693] {processor.py:161} INFO - Processing /Users/miltonvolpato/Git/Alura_Airflow_Oficial/venv/lib/python3.9/site-packages/airflow/example_dags/example_latest_only.py took 0.047 seconds
[2024-04-02 19:47:03,741] {processor.py:153} INFO - Started process (PID=12048) to work on /Users/miltonvolpato/Git/Alura_Airflow_Oficial/venv/lib/python3.9/site-packages/airflow/example_dags/example_latest_only.py
[2024-04-02 19:47:03,742] {processor.py:641} INFO - Processing file /Users/miltonvolpato/Git/Alura_Airflow_Oficial/venv/lib/python3.9/site-packages/airflow/example_dags/example_latest_only.py for tasks to queue
[2024-04-02 19:47:03,742] {logging_mixin.py:115} INFO - [2024-04-02 19:47:03,742] {dagbag.py:507} INFO - Filling up the DagBag from /Users/miltonvolpato/Git/Alura_Airflow_Oficial/venv/lib/python3.9/site-packages/airflow/example_dags/example_latest_only.py
[2024-04-02 19:47:03,748] {processor.py:651} INFO - DAG(s) dict_keys(['latest_only']) retrieved from /Users/miltonvolpato/Git/Alura_Airflow_Oficial/venv/lib/python3.9/site-packages/airflow/example_dags/example_latest_only.py
[2024-04-02 19:47:03,776] {logging_mixin.py:115} INFO - [2024-04-02 19:47:03,776] {dag.py:2379} INFO - Sync 1 DAGs
[2024-04-02 19:47:03,783] {logging_mixin.py:115} INFO - [2024-04-02 19:47:03,782] {dag.py:2927} INFO - Setting next_dagrun for latest_only to 2024-04-02T18:47:03.782857+00:00, run_after=2024-04-02T22:47:03.782857+00:00
[2024-04-02 19:47:03,787] {processor.py:161} INFO - Processing /Users/miltonvolpato/Git/Alura_Airflow_Oficial/venv/lib/python3.9/site-packages/airflow/example_dags/example_latest_only.py took 0.047 seconds
[2024-04-02 19:47:54,863] {processor.py:153} INFO - Started process (PID=12119) to work on /Users/miltonvolpato/Git/Alura_Airflow_Oficial/venv/lib/python3.9/site-packages/airflow/example_dags/example_latest_only.py
[2024-04-02 19:47:54,863] {processor.py:641} INFO - Processing file /Users/miltonvolpato/Git/Alura_Airflow_Oficial/venv/lib/python3.9/site-packages/airflow/example_dags/example_latest_only.py for tasks to queue
[2024-04-02 19:47:54,864] {logging_mixin.py:115} INFO - [2024-04-02 19:47:54,864] {dagbag.py:507} INFO - Filling up the DagBag from /Users/miltonvolpato/Git/Alura_Airflow_Oficial/venv/lib/python3.9/site-packages/airflow/example_dags/example_latest_only.py
[2024-04-02 19:47:54,869] {processor.py:651} INFO - DAG(s) dict_keys(['latest_only']) retrieved from /Users/miltonvolpato/Git/Alura_Airflow_Oficial/venv/lib/python3.9/site-packages/airflow/example_dags/example_latest_only.py
[2024-04-02 19:47:54,898] {logging_mixin.py:115} INFO - [2024-04-02 19:47:54,898] {dag.py:2379} INFO - Sync 1 DAGs
[2024-04-02 19:47:54,904] {logging_mixin.py:115} INFO - [2024-04-02 19:47:54,904] {dag.py:2927} INFO - Setting next_dagrun for latest_only to 2024-04-02T18:47:54.904772+00:00, run_after=2024-04-02T22:47:54.904772+00:00
[2024-04-02 19:47:54,910] {processor.py:161} INFO - Processing /Users/miltonvolpato/Git/Alura_Airflow_Oficial/venv/lib/python3.9/site-packages/airflow/example_dags/example_latest_only.py took 0.047 seconds
[2024-04-02 19:48:40,997] {processor.py:153} INFO - Started process (PID=12168) to work on /Users/miltonvolpato/Git/Alura_Airflow_Oficial/venv/lib/python3.9/site-packages/airflow/example_dags/example_latest_only.py
[2024-04-02 19:48:40,997] {processor.py:641} INFO - Processing file /Users/miltonvolpato/Git/Alura_Airflow_Oficial/venv/lib/python3.9/site-packages/airflow/example_dags/example_latest_only.py for tasks to queue
[2024-04-02 19:48:40,997] {logging_mixin.py:115} INFO - [2024-04-02 19:48:40,997] {dagbag.py:507} INFO - Filling up the DagBag from /Users/miltonvolpato/Git/Alura_Airflow_Oficial/venv/lib/python3.9/site-packages/airflow/example_dags/example_latest_only.py
[2024-04-02 19:48:41,003] {processor.py:651} INFO - DAG(s) dict_keys(['latest_only']) retrieved from /Users/miltonvolpato/Git/Alura_Airflow_Oficial/venv/lib/python3.9/site-packages/airflow/example_dags/example_latest_only.py
[2024-04-02 19:48:41,031] {logging_mixin.py:115} INFO - [2024-04-02 19:48:41,031] {dag.py:2379} INFO - Sync 1 DAGs
[2024-04-02 19:48:41,038] {logging_mixin.py:115} INFO - [2024-04-02 19:48:41,038] {dag.py:2927} INFO - Setting next_dagrun for latest_only to 2024-04-02T18:48:41.038627+00:00, run_after=2024-04-02T22:48:41.038627+00:00
[2024-04-02 19:48:41,043] {processor.py:161} INFO - Processing /Users/miltonvolpato/Git/Alura_Airflow_Oficial/venv/lib/python3.9/site-packages/airflow/example_dags/example_latest_only.py took 0.047 seconds
[2024-04-02 19:49:31,148] {processor.py:153} INFO - Started process (PID=12230) to work on /Users/miltonvolpato/Git/Alura_Airflow_Oficial/venv/lib/python3.9/site-packages/airflow/example_dags/example_latest_only.py
[2024-04-02 19:49:31,149] {processor.py:641} INFO - Processing file /Users/miltonvolpato/Git/Alura_Airflow_Oficial/venv/lib/python3.9/site-packages/airflow/example_dags/example_latest_only.py for tasks to queue
[2024-04-02 19:49:31,149] {logging_mixin.py:115} INFO - [2024-04-02 19:49:31,149] {dagbag.py:507} INFO - Filling up the DagBag from /Users/miltonvolpato/Git/Alura_Airflow_Oficial/venv/lib/python3.9/site-packages/airflow/example_dags/example_latest_only.py
[2024-04-02 19:49:31,155] {processor.py:651} INFO - DAG(s) dict_keys(['latest_only']) retrieved from /Users/miltonvolpato/Git/Alura_Airflow_Oficial/venv/lib/python3.9/site-packages/airflow/example_dags/example_latest_only.py
[2024-04-02 19:49:31,184] {logging_mixin.py:115} INFO - [2024-04-02 19:49:31,184] {dag.py:2379} INFO - Sync 1 DAGs
[2024-04-02 19:49:31,191] {logging_mixin.py:115} INFO - [2024-04-02 19:49:31,191] {dag.py:2927} INFO - Setting next_dagrun for latest_only to 2024-04-02T18:49:31.191255+00:00, run_after=2024-04-02T22:49:31.191255+00:00
[2024-04-02 19:49:31,196] {processor.py:161} INFO - Processing /Users/miltonvolpato/Git/Alura_Airflow_Oficial/venv/lib/python3.9/site-packages/airflow/example_dags/example_latest_only.py took 0.048 seconds
[2024-04-02 19:50:24,985] {processor.py:153} INFO - Started process (PID=12273) to work on /Users/miltonvolpato/Git/Alura_Airflow_Oficial/venv/lib/python3.9/site-packages/airflow/example_dags/example_latest_only.py
[2024-04-02 19:50:24,986] {processor.py:641} INFO - Processing file /Users/miltonvolpato/Git/Alura_Airflow_Oficial/venv/lib/python3.9/site-packages/airflow/example_dags/example_latest_only.py for tasks to queue
[2024-04-02 19:50:24,986] {logging_mixin.py:115} INFO - [2024-04-02 19:50:24,986] {dagbag.py:507} INFO - Filling up the DagBag from /Users/miltonvolpato/Git/Alura_Airflow_Oficial/venv/lib/python3.9/site-packages/airflow/example_dags/example_latest_only.py
[2024-04-02 19:50:24,992] {processor.py:651} INFO - DAG(s) dict_keys(['latest_only']) retrieved from /Users/miltonvolpato/Git/Alura_Airflow_Oficial/venv/lib/python3.9/site-packages/airflow/example_dags/example_latest_only.py
[2024-04-02 19:50:25,021] {logging_mixin.py:115} INFO - [2024-04-02 19:50:25,021] {dag.py:2379} INFO - Sync 1 DAGs
[2024-04-02 19:50:25,028] {logging_mixin.py:115} INFO - [2024-04-02 19:50:25,028] {dag.py:2927} INFO - Setting next_dagrun for latest_only to 2024-04-02T18:50:25.028124+00:00, run_after=2024-04-02T22:50:25.028124+00:00
[2024-04-02 19:50:25,033] {processor.py:161} INFO - Processing /Users/miltonvolpato/Git/Alura_Airflow_Oficial/venv/lib/python3.9/site-packages/airflow/example_dags/example_latest_only.py took 0.048 seconds
[2024-04-02 19:51:16,379] {processor.py:153} INFO - Started process (PID=12321) to work on /Users/miltonvolpato/Git/Alura_Airflow_Oficial/venv/lib/python3.9/site-packages/airflow/example_dags/example_latest_only.py
[2024-04-02 19:51:16,380] {processor.py:641} INFO - Processing file /Users/miltonvolpato/Git/Alura_Airflow_Oficial/venv/lib/python3.9/site-packages/airflow/example_dags/example_latest_only.py for tasks to queue
[2024-04-02 19:51:16,380] {logging_mixin.py:115} INFO - [2024-04-02 19:51:16,380] {dagbag.py:507} INFO - Filling up the DagBag from /Users/miltonvolpato/Git/Alura_Airflow_Oficial/venv/lib/python3.9/site-packages/airflow/example_dags/example_latest_only.py
[2024-04-02 19:51:16,386] {processor.py:651} INFO - DAG(s) dict_keys(['latest_only']) retrieved from /Users/miltonvolpato/Git/Alura_Airflow_Oficial/venv/lib/python3.9/site-packages/airflow/example_dags/example_latest_only.py
[2024-04-02 19:51:16,417] {logging_mixin.py:115} INFO - [2024-04-02 19:51:16,417] {dag.py:2379} INFO - Sync 1 DAGs
[2024-04-02 19:51:16,425] {logging_mixin.py:115} INFO - [2024-04-02 19:51:16,425] {dag.py:2927} INFO - Setting next_dagrun for latest_only to 2024-04-02T18:51:16.425654+00:00, run_after=2024-04-02T22:51:16.425654+00:00
[2024-04-02 19:51:16,431] {processor.py:161} INFO - Processing /Users/miltonvolpato/Git/Alura_Airflow_Oficial/venv/lib/python3.9/site-packages/airflow/example_dags/example_latest_only.py took 0.052 seconds
[2024-04-02 19:52:11,286] {processor.py:153} INFO - Started process (PID=12379) to work on /Users/miltonvolpato/Git/Alura_Airflow_Oficial/venv/lib/python3.9/site-packages/airflow/example_dags/example_latest_only.py
[2024-04-02 19:52:11,287] {processor.py:641} INFO - Processing file /Users/miltonvolpato/Git/Alura_Airflow_Oficial/venv/lib/python3.9/site-packages/airflow/example_dags/example_latest_only.py for tasks to queue
[2024-04-02 19:52:11,287] {logging_mixin.py:115} INFO - [2024-04-02 19:52:11,287] {dagbag.py:507} INFO - Filling up the DagBag from /Users/miltonvolpato/Git/Alura_Airflow_Oficial/venv/lib/python3.9/site-packages/airflow/example_dags/example_latest_only.py
[2024-04-02 19:52:11,293] {processor.py:651} INFO - DAG(s) dict_keys(['latest_only']) retrieved from /Users/miltonvolpato/Git/Alura_Airflow_Oficial/venv/lib/python3.9/site-packages/airflow/example_dags/example_latest_only.py
[2024-04-02 19:52:11,321] {logging_mixin.py:115} INFO - [2024-04-02 19:52:11,321] {dag.py:2379} INFO - Sync 1 DAGs
[2024-04-02 19:52:11,328] {logging_mixin.py:115} INFO - [2024-04-02 19:52:11,328] {dag.py:2927} INFO - Setting next_dagrun for latest_only to 2024-04-02T18:52:11.328462+00:00, run_after=2024-04-02T22:52:11.328462+00:00
[2024-04-02 19:52:11,333] {processor.py:161} INFO - Processing /Users/miltonvolpato/Git/Alura_Airflow_Oficial/venv/lib/python3.9/site-packages/airflow/example_dags/example_latest_only.py took 0.047 seconds
[2024-04-02 19:53:08,816] {processor.py:153} INFO - Started process (PID=12426) to work on /Users/miltonvolpato/Git/Alura_Airflow_Oficial/venv/lib/python3.9/site-packages/airflow/example_dags/example_latest_only.py
[2024-04-02 19:53:08,817] {processor.py:641} INFO - Processing file /Users/miltonvolpato/Git/Alura_Airflow_Oficial/venv/lib/python3.9/site-packages/airflow/example_dags/example_latest_only.py for tasks to queue
[2024-04-02 19:53:08,817] {logging_mixin.py:115} INFO - [2024-04-02 19:53:08,817] {dagbag.py:507} INFO - Filling up the DagBag from /Users/miltonvolpato/Git/Alura_Airflow_Oficial/venv/lib/python3.9/site-packages/airflow/example_dags/example_latest_only.py
[2024-04-02 19:53:08,823] {processor.py:651} INFO - DAG(s) dict_keys(['latest_only']) retrieved from /Users/miltonvolpato/Git/Alura_Airflow_Oficial/venv/lib/python3.9/site-packages/airflow/example_dags/example_latest_only.py
[2024-04-02 19:53:08,852] {logging_mixin.py:115} INFO - [2024-04-02 19:53:08,851] {dag.py:2379} INFO - Sync 1 DAGs
[2024-04-02 19:53:08,859] {logging_mixin.py:115} INFO - [2024-04-02 19:53:08,859] {dag.py:2927} INFO - Setting next_dagrun for latest_only to 2024-04-02T18:53:08.858933+00:00, run_after=2024-04-02T22:53:08.858933+00:00
[2024-04-02 19:53:08,864] {processor.py:161} INFO - Processing /Users/miltonvolpato/Git/Alura_Airflow_Oficial/venv/lib/python3.9/site-packages/airflow/example_dags/example_latest_only.py took 0.047 seconds
[2024-04-02 19:54:05,010] {processor.py:153} INFO - Started process (PID=12536) to work on /Users/miltonvolpato/Git/Alura_Airflow_Oficial/venv/lib/python3.9/site-packages/airflow/example_dags/example_latest_only.py
[2024-04-02 19:54:05,011] {processor.py:641} INFO - Processing file /Users/miltonvolpato/Git/Alura_Airflow_Oficial/venv/lib/python3.9/site-packages/airflow/example_dags/example_latest_only.py for tasks to queue
[2024-04-02 19:54:05,011] {logging_mixin.py:115} INFO - [2024-04-02 19:54:05,011] {dagbag.py:507} INFO - Filling up the DagBag from /Users/miltonvolpato/Git/Alura_Airflow_Oficial/venv/lib/python3.9/site-packages/airflow/example_dags/example_latest_only.py
[2024-04-02 19:54:05,017] {processor.py:651} INFO - DAG(s) dict_keys(['latest_only']) retrieved from /Users/miltonvolpato/Git/Alura_Airflow_Oficial/venv/lib/python3.9/site-packages/airflow/example_dags/example_latest_only.py
[2024-04-02 19:54:05,046] {logging_mixin.py:115} INFO - [2024-04-02 19:54:05,046] {dag.py:2379} INFO - Sync 1 DAGs
[2024-04-02 19:54:05,053] {logging_mixin.py:115} INFO - [2024-04-02 19:54:05,053] {dag.py:2927} INFO - Setting next_dagrun for latest_only to 2024-04-02T18:54:05.053082+00:00, run_after=2024-04-02T22:54:05.053082+00:00
[2024-04-02 19:54:05,058] {processor.py:161} INFO - Processing /Users/miltonvolpato/Git/Alura_Airflow_Oficial/venv/lib/python3.9/site-packages/airflow/example_dags/example_latest_only.py took 0.048 seconds
[2024-04-02 19:55:01,345] {processor.py:153} INFO - Started process (PID=12625) to work on /Users/miltonvolpato/Git/Alura_Airflow_Oficial/venv/lib/python3.9/site-packages/airflow/example_dags/example_latest_only.py
[2024-04-02 19:55:01,346] {processor.py:641} INFO - Processing file /Users/miltonvolpato/Git/Alura_Airflow_Oficial/venv/lib/python3.9/site-packages/airflow/example_dags/example_latest_only.py for tasks to queue
[2024-04-02 19:55:01,347] {logging_mixin.py:115} INFO - [2024-04-02 19:55:01,347] {dagbag.py:507} INFO - Filling up the DagBag from /Users/miltonvolpato/Git/Alura_Airflow_Oficial/venv/lib/python3.9/site-packages/airflow/example_dags/example_latest_only.py
[2024-04-02 19:55:01,352] {processor.py:651} INFO - DAG(s) dict_keys(['latest_only']) retrieved from /Users/miltonvolpato/Git/Alura_Airflow_Oficial/venv/lib/python3.9/site-packages/airflow/example_dags/example_latest_only.py
[2024-04-02 19:55:01,381] {logging_mixin.py:115} INFO - [2024-04-02 19:55:01,381] {dag.py:2379} INFO - Sync 1 DAGs
[2024-04-02 19:55:01,388] {logging_mixin.py:115} INFO - [2024-04-02 19:55:01,388] {dag.py:2927} INFO - Setting next_dagrun for latest_only to 2024-04-02T18:55:01.387949+00:00, run_after=2024-04-02T22:55:01.387949+00:00
[2024-04-02 19:55:01,393] {processor.py:161} INFO - Processing /Users/miltonvolpato/Git/Alura_Airflow_Oficial/venv/lib/python3.9/site-packages/airflow/example_dags/example_latest_only.py took 0.047 seconds
