[2024-04-02 19:36:33,348] {processor.py:153} INFO - Started process (PID=11314) to work on /Users/miltonvolpato/Git/Alura_Airflow_Oficial/venv/lib/python3.9/site-packages/airflow/example_dags/example_task_group.py
[2024-04-02 19:36:33,348] {processor.py:641} INFO - Processing file /Users/miltonvolpato/Git/Alura_Airflow_Oficial/venv/lib/python3.9/site-packages/airflow/example_dags/example_task_group.py for tasks to queue
[2024-04-02 19:36:33,348] {logging_mixin.py:115} INFO - [2024-04-02 19:36:33,348] {dagbag.py:507} INFO - Filling up the DagBag from /Users/miltonvolpato/Git/Alura_Airflow_Oficial/venv/lib/python3.9/site-packages/airflow/example_dags/example_task_group.py
[2024-04-02 19:36:33,356] {processor.py:651} INFO - DAG(s) dict_keys(['example_task_group']) retrieved from /Users/miltonvolpato/Git/Alura_Airflow_Oficial/venv/lib/python3.9/site-packages/airflow/example_dags/example_task_group.py
[2024-04-02 19:36:33,681] {logging_mixin.py:115} INFO - [2024-04-02 19:36:33,681] {manager.py:508} INFO - Created Permission View: can edit on DAG:example_task_group
[2024-04-02 19:36:33,684] {logging_mixin.py:115} INFO - [2024-04-02 19:36:33,684] {manager.py:508} INFO - Created Permission View: can delete on DAG:example_task_group
[2024-04-02 19:36:33,686] {logging_mixin.py:115} INFO - [2024-04-02 19:36:33,686] {manager.py:508} INFO - Created Permission View: can read on DAG:example_task_group
[2024-04-02 19:36:33,686] {logging_mixin.py:115} INFO - [2024-04-02 19:36:33,686] {dag.py:2379} INFO - Sync 1 DAGs
[2024-04-02 19:36:33,689] {logging_mixin.py:115} INFO - [2024-04-02 19:36:33,689] {dag.py:2398} INFO - Creating ORM DAG for example_task_group
[2024-04-02 19:36:33,694] {logging_mixin.py:115} INFO - [2024-04-02 19:36:33,694] {dag.py:2927} INFO - Setting next_dagrun for example_task_group to 2024-04-01T22:36:33.694047+00:00, run_after=2024-04-02T22:36:33.694047+00:00
[2024-04-02 19:36:33,701] {processor.py:161} INFO - Processing /Users/miltonvolpato/Git/Alura_Airflow_Oficial/venv/lib/python3.9/site-packages/airflow/example_dags/example_task_group.py took 0.353 seconds
[2024-04-02 19:37:26,541] {processor.py:153} INFO - Started process (PID=11399) to work on /Users/miltonvolpato/Git/Alura_Airflow_Oficial/venv/lib/python3.9/site-packages/airflow/example_dags/example_task_group.py
[2024-04-02 19:37:26,542] {processor.py:641} INFO - Processing file /Users/miltonvolpato/Git/Alura_Airflow_Oficial/venv/lib/python3.9/site-packages/airflow/example_dags/example_task_group.py for tasks to queue
[2024-04-02 19:37:26,542] {logging_mixin.py:115} INFO - [2024-04-02 19:37:26,542] {dagbag.py:507} INFO - Filling up the DagBag from /Users/miltonvolpato/Git/Alura_Airflow_Oficial/venv/lib/python3.9/site-packages/airflow/example_dags/example_task_group.py
[2024-04-02 19:37:26,549] {processor.py:651} INFO - DAG(s) dict_keys(['example_task_group']) retrieved from /Users/miltonvolpato/Git/Alura_Airflow_Oficial/venv/lib/python3.9/site-packages/airflow/example_dags/example_task_group.py
[2024-04-02 19:37:26,578] {logging_mixin.py:115} INFO - [2024-04-02 19:37:26,578] {dag.py:2379} INFO - Sync 1 DAGs
[2024-04-02 19:37:26,585] {logging_mixin.py:115} INFO - [2024-04-02 19:37:26,585] {dag.py:2927} INFO - Setting next_dagrun for example_task_group to 2024-04-01T22:37:26.585038+00:00, run_after=2024-04-02T22:37:26.585038+00:00
[2024-04-02 19:37:26,589] {processor.py:161} INFO - Processing /Users/miltonvolpato/Git/Alura_Airflow_Oficial/venv/lib/python3.9/site-packages/airflow/example_dags/example_task_group.py took 0.049 seconds
[2024-04-02 19:38:14,565] {processor.py:153} INFO - Started process (PID=11479) to work on /Users/miltonvolpato/Git/Alura_Airflow_Oficial/venv/lib/python3.9/site-packages/airflow/example_dags/example_task_group.py
[2024-04-02 19:38:14,565] {processor.py:641} INFO - Processing file /Users/miltonvolpato/Git/Alura_Airflow_Oficial/venv/lib/python3.9/site-packages/airflow/example_dags/example_task_group.py for tasks to queue
[2024-04-02 19:38:14,565] {logging_mixin.py:115} INFO - [2024-04-02 19:38:14,565] {dagbag.py:507} INFO - Filling up the DagBag from /Users/miltonvolpato/Git/Alura_Airflow_Oficial/venv/lib/python3.9/site-packages/airflow/example_dags/example_task_group.py
[2024-04-02 19:38:14,572] {processor.py:651} INFO - DAG(s) dict_keys(['example_task_group']) retrieved from /Users/miltonvolpato/Git/Alura_Airflow_Oficial/venv/lib/python3.9/site-packages/airflow/example_dags/example_task_group.py
[2024-04-02 19:38:14,600] {logging_mixin.py:115} INFO - [2024-04-02 19:38:14,600] {dag.py:2379} INFO - Sync 1 DAGs
[2024-04-02 19:38:14,607] {logging_mixin.py:115} INFO - [2024-04-02 19:38:14,607] {dag.py:2927} INFO - Setting next_dagrun for example_task_group to 2024-04-01T22:38:14.607190+00:00, run_after=2024-04-02T22:38:14.607190+00:00
[2024-04-02 19:38:14,612] {processor.py:161} INFO - Processing /Users/miltonvolpato/Git/Alura_Airflow_Oficial/venv/lib/python3.9/site-packages/airflow/example_dags/example_task_group.py took 0.047 seconds
[2024-04-02 19:39:03,615] {processor.py:153} INFO - Started process (PID=11540) to work on /Users/miltonvolpato/Git/Alura_Airflow_Oficial/venv/lib/python3.9/site-packages/airflow/example_dags/example_task_group.py
[2024-04-02 19:39:03,615] {processor.py:641} INFO - Processing file /Users/miltonvolpato/Git/Alura_Airflow_Oficial/venv/lib/python3.9/site-packages/airflow/example_dags/example_task_group.py for tasks to queue
[2024-04-02 19:39:03,615] {logging_mixin.py:115} INFO - [2024-04-02 19:39:03,615] {dagbag.py:507} INFO - Filling up the DagBag from /Users/miltonvolpato/Git/Alura_Airflow_Oficial/venv/lib/python3.9/site-packages/airflow/example_dags/example_task_group.py
[2024-04-02 19:39:03,622] {processor.py:651} INFO - DAG(s) dict_keys(['example_task_group']) retrieved from /Users/miltonvolpato/Git/Alura_Airflow_Oficial/venv/lib/python3.9/site-packages/airflow/example_dags/example_task_group.py
[2024-04-02 19:39:03,650] {logging_mixin.py:115} INFO - [2024-04-02 19:39:03,650] {dag.py:2379} INFO - Sync 1 DAGs
[2024-04-02 19:39:03,656] {logging_mixin.py:115} INFO - [2024-04-02 19:39:03,656] {dag.py:2927} INFO - Setting next_dagrun for example_task_group to 2024-04-01T22:39:03.656689+00:00, run_after=2024-04-02T22:39:03.656689+00:00
[2024-04-02 19:39:03,661] {processor.py:161} INFO - Processing /Users/miltonvolpato/Git/Alura_Airflow_Oficial/venv/lib/python3.9/site-packages/airflow/example_dags/example_task_group.py took 0.047 seconds
[2024-04-02 19:39:50,749] {processor.py:153} INFO - Started process (PID=11579) to work on /Users/miltonvolpato/Git/Alura_Airflow_Oficial/venv/lib/python3.9/site-packages/airflow/example_dags/example_task_group.py
[2024-04-02 19:39:50,749] {processor.py:641} INFO - Processing file /Users/miltonvolpato/Git/Alura_Airflow_Oficial/venv/lib/python3.9/site-packages/airflow/example_dags/example_task_group.py for tasks to queue
[2024-04-02 19:39:50,749] {logging_mixin.py:115} INFO - [2024-04-02 19:39:50,749] {dagbag.py:507} INFO - Filling up the DagBag from /Users/miltonvolpato/Git/Alura_Airflow_Oficial/venv/lib/python3.9/site-packages/airflow/example_dags/example_task_group.py
[2024-04-02 19:39:50,756] {processor.py:651} INFO - DAG(s) dict_keys(['example_task_group']) retrieved from /Users/miltonvolpato/Git/Alura_Airflow_Oficial/venv/lib/python3.9/site-packages/airflow/example_dags/example_task_group.py
[2024-04-02 19:39:50,784] {logging_mixin.py:115} INFO - [2024-04-02 19:39:50,784] {dag.py:2379} INFO - Sync 1 DAGs
[2024-04-02 19:39:50,790] {logging_mixin.py:115} INFO - [2024-04-02 19:39:50,790] {dag.py:2927} INFO - Setting next_dagrun for example_task_group to 2024-04-01T22:39:50.790757+00:00, run_after=2024-04-02T22:39:50.790757+00:00
[2024-04-02 19:39:50,795] {processor.py:161} INFO - Processing /Users/miltonvolpato/Git/Alura_Airflow_Oficial/venv/lib/python3.9/site-packages/airflow/example_dags/example_task_group.py took 0.046 seconds
[2024-04-02 19:40:44,859] {processor.py:153} INFO - Started process (PID=11630) to work on /Users/miltonvolpato/Git/Alura_Airflow_Oficial/venv/lib/python3.9/site-packages/airflow/example_dags/example_task_group.py
[2024-04-02 19:40:44,859] {processor.py:641} INFO - Processing file /Users/miltonvolpato/Git/Alura_Airflow_Oficial/venv/lib/python3.9/site-packages/airflow/example_dags/example_task_group.py for tasks to queue
[2024-04-02 19:40:44,860] {logging_mixin.py:115} INFO - [2024-04-02 19:40:44,860] {dagbag.py:507} INFO - Filling up the DagBag from /Users/miltonvolpato/Git/Alura_Airflow_Oficial/venv/lib/python3.9/site-packages/airflow/example_dags/example_task_group.py
[2024-04-02 19:40:44,865] {processor.py:651} INFO - DAG(s) dict_keys(['example_task_group']) retrieved from /Users/miltonvolpato/Git/Alura_Airflow_Oficial/venv/lib/python3.9/site-packages/airflow/example_dags/example_task_group.py
[2024-04-02 19:40:44,893] {logging_mixin.py:115} INFO - [2024-04-02 19:40:44,893] {dag.py:2379} INFO - Sync 1 DAGs
[2024-04-02 19:40:44,900] {logging_mixin.py:115} INFO - [2024-04-02 19:40:44,900] {dag.py:2927} INFO - Setting next_dagrun for example_task_group to 2024-04-01T22:40:44.900697+00:00, run_after=2024-04-02T22:40:44.900697+00:00
[2024-04-02 19:40:44,905] {processor.py:161} INFO - Processing /Users/miltonvolpato/Git/Alura_Airflow_Oficial/venv/lib/python3.9/site-packages/airflow/example_dags/example_task_group.py took 0.046 seconds
[2024-04-02 19:41:24,806] {processor.py:153} INFO - Started process (PID=11667) to work on /Users/miltonvolpato/Git/Alura_Airflow_Oficial/venv/lib/python3.9/site-packages/airflow/example_dags/example_task_group.py
[2024-04-02 19:41:24,806] {processor.py:641} INFO - Processing file /Users/miltonvolpato/Git/Alura_Airflow_Oficial/venv/lib/python3.9/site-packages/airflow/example_dags/example_task_group.py for tasks to queue
[2024-04-02 19:41:24,806] {logging_mixin.py:115} INFO - [2024-04-02 19:41:24,806] {dagbag.py:507} INFO - Filling up the DagBag from /Users/miltonvolpato/Git/Alura_Airflow_Oficial/venv/lib/python3.9/site-packages/airflow/example_dags/example_task_group.py
[2024-04-02 19:41:24,812] {processor.py:651} INFO - DAG(s) dict_keys(['example_task_group']) retrieved from /Users/miltonvolpato/Git/Alura_Airflow_Oficial/venv/lib/python3.9/site-packages/airflow/example_dags/example_task_group.py
[2024-04-02 19:41:24,842] {logging_mixin.py:115} INFO - [2024-04-02 19:41:24,842] {dag.py:2379} INFO - Sync 1 DAGs
[2024-04-02 19:41:24,849] {logging_mixin.py:115} INFO - [2024-04-02 19:41:24,849] {dag.py:2927} INFO - Setting next_dagrun for example_task_group to 2024-04-01T22:41:24.849110+00:00, run_after=2024-04-02T22:41:24.849110+00:00
[2024-04-02 19:41:24,854] {processor.py:161} INFO - Processing /Users/miltonvolpato/Git/Alura_Airflow_Oficial/venv/lib/python3.9/site-packages/airflow/example_dags/example_task_group.py took 0.049 seconds
[2024-04-02 19:42:18,756] {processor.py:153} INFO - Started process (PID=11718) to work on /Users/miltonvolpato/Git/Alura_Airflow_Oficial/venv/lib/python3.9/site-packages/airflow/example_dags/example_task_group.py
[2024-04-02 19:42:18,757] {processor.py:641} INFO - Processing file /Users/miltonvolpato/Git/Alura_Airflow_Oficial/venv/lib/python3.9/site-packages/airflow/example_dags/example_task_group.py for tasks to queue
[2024-04-02 19:42:18,757] {logging_mixin.py:115} INFO - [2024-04-02 19:42:18,757] {dagbag.py:507} INFO - Filling up the DagBag from /Users/miltonvolpato/Git/Alura_Airflow_Oficial/venv/lib/python3.9/site-packages/airflow/example_dags/example_task_group.py
[2024-04-02 19:42:18,764] {processor.py:651} INFO - DAG(s) dict_keys(['example_task_group']) retrieved from /Users/miltonvolpato/Git/Alura_Airflow_Oficial/venv/lib/python3.9/site-packages/airflow/example_dags/example_task_group.py
[2024-04-02 19:42:18,793] {logging_mixin.py:115} INFO - [2024-04-02 19:42:18,793] {dag.py:2379} INFO - Sync 1 DAGs
[2024-04-02 19:42:18,801] {logging_mixin.py:115} INFO - [2024-04-02 19:42:18,800] {dag.py:2927} INFO - Setting next_dagrun for example_task_group to 2024-04-01T22:42:18.800794+00:00, run_after=2024-04-02T22:42:18.800794+00:00
[2024-04-02 19:42:18,806] {processor.py:161} INFO - Processing /Users/miltonvolpato/Git/Alura_Airflow_Oficial/venv/lib/python3.9/site-packages/airflow/example_dags/example_task_group.py took 0.050 seconds
[2024-04-02 19:43:08,811] {processor.py:153} INFO - Started process (PID=11767) to work on /Users/miltonvolpato/Git/Alura_Airflow_Oficial/venv/lib/python3.9/site-packages/airflow/example_dags/example_task_group.py
[2024-04-02 19:43:08,812] {processor.py:641} INFO - Processing file /Users/miltonvolpato/Git/Alura_Airflow_Oficial/venv/lib/python3.9/site-packages/airflow/example_dags/example_task_group.py for tasks to queue
[2024-04-02 19:43:08,813] {logging_mixin.py:115} INFO - [2024-04-02 19:43:08,813] {dagbag.py:507} INFO - Filling up the DagBag from /Users/miltonvolpato/Git/Alura_Airflow_Oficial/venv/lib/python3.9/site-packages/airflow/example_dags/example_task_group.py
[2024-04-02 19:43:08,819] {processor.py:651} INFO - DAG(s) dict_keys(['example_task_group']) retrieved from /Users/miltonvolpato/Git/Alura_Airflow_Oficial/venv/lib/python3.9/site-packages/airflow/example_dags/example_task_group.py
[2024-04-02 19:43:08,848] {logging_mixin.py:115} INFO - [2024-04-02 19:43:08,848] {dag.py:2379} INFO - Sync 1 DAGs
[2024-04-02 19:43:08,856] {logging_mixin.py:115} INFO - [2024-04-02 19:43:08,855] {dag.py:2927} INFO - Setting next_dagrun for example_task_group to 2024-04-01T22:43:08.855832+00:00, run_after=2024-04-02T22:43:08.855832+00:00
[2024-04-02 19:43:08,860] {processor.py:161} INFO - Processing /Users/miltonvolpato/Git/Alura_Airflow_Oficial/venv/lib/python3.9/site-packages/airflow/example_dags/example_task_group.py took 0.049 seconds
[2024-04-02 19:44:04,384] {processor.py:153} INFO - Started process (PID=11827) to work on /Users/miltonvolpato/Git/Alura_Airflow_Oficial/venv/lib/python3.9/site-packages/airflow/example_dags/example_task_group.py
[2024-04-02 19:44:04,385] {processor.py:641} INFO - Processing file /Users/miltonvolpato/Git/Alura_Airflow_Oficial/venv/lib/python3.9/site-packages/airflow/example_dags/example_task_group.py for tasks to queue
[2024-04-02 19:44:04,385] {logging_mixin.py:115} INFO - [2024-04-02 19:44:04,385] {dagbag.py:507} INFO - Filling up the DagBag from /Users/miltonvolpato/Git/Alura_Airflow_Oficial/venv/lib/python3.9/site-packages/airflow/example_dags/example_task_group.py
[2024-04-02 19:44:04,392] {processor.py:651} INFO - DAG(s) dict_keys(['example_task_group']) retrieved from /Users/miltonvolpato/Git/Alura_Airflow_Oficial/venv/lib/python3.9/site-packages/airflow/example_dags/example_task_group.py
[2024-04-02 19:44:04,420] {logging_mixin.py:115} INFO - [2024-04-02 19:44:04,420] {dag.py:2379} INFO - Sync 1 DAGs
[2024-04-02 19:44:04,427] {logging_mixin.py:115} INFO - [2024-04-02 19:44:04,427] {dag.py:2927} INFO - Setting next_dagrun for example_task_group to 2024-04-01T22:44:04.427650+00:00, run_after=2024-04-02T22:44:04.427650+00:00
[2024-04-02 19:44:04,432] {processor.py:161} INFO - Processing /Users/miltonvolpato/Git/Alura_Airflow_Oficial/venv/lib/python3.9/site-packages/airflow/example_dags/example_task_group.py took 0.048 seconds
[2024-04-02 19:44:56,006] {processor.py:153} INFO - Started process (PID=11893) to work on /Users/miltonvolpato/Git/Alura_Airflow_Oficial/venv/lib/python3.9/site-packages/airflow/example_dags/example_task_group.py
[2024-04-02 19:44:56,007] {processor.py:641} INFO - Processing file /Users/miltonvolpato/Git/Alura_Airflow_Oficial/venv/lib/python3.9/site-packages/airflow/example_dags/example_task_group.py for tasks to queue
[2024-04-02 19:44:56,007] {logging_mixin.py:115} INFO - [2024-04-02 19:44:56,007] {dagbag.py:507} INFO - Filling up the DagBag from /Users/miltonvolpato/Git/Alura_Airflow_Oficial/venv/lib/python3.9/site-packages/airflow/example_dags/example_task_group.py
[2024-04-02 19:44:56,014] {processor.py:651} INFO - DAG(s) dict_keys(['example_task_group']) retrieved from /Users/miltonvolpato/Git/Alura_Airflow_Oficial/venv/lib/python3.9/site-packages/airflow/example_dags/example_task_group.py
[2024-04-02 19:44:56,042] {logging_mixin.py:115} INFO - [2024-04-02 19:44:56,042] {dag.py:2379} INFO - Sync 1 DAGs
[2024-04-02 19:44:56,049] {logging_mixin.py:115} INFO - [2024-04-02 19:44:56,049] {dag.py:2927} INFO - Setting next_dagrun for example_task_group to 2024-04-01T22:44:56.049281+00:00, run_after=2024-04-02T22:44:56.049281+00:00
[2024-04-02 19:44:56,054] {processor.py:161} INFO - Processing /Users/miltonvolpato/Git/Alura_Airflow_Oficial/venv/lib/python3.9/site-packages/airflow/example_dags/example_task_group.py took 0.048 seconds
[2024-04-02 19:45:46,162] {processor.py:153} INFO - Started process (PID=11934) to work on /Users/miltonvolpato/Git/Alura_Airflow_Oficial/venv/lib/python3.9/site-packages/airflow/example_dags/example_task_group.py
[2024-04-02 19:45:46,162] {processor.py:641} INFO - Processing file /Users/miltonvolpato/Git/Alura_Airflow_Oficial/venv/lib/python3.9/site-packages/airflow/example_dags/example_task_group.py for tasks to queue
[2024-04-02 19:45:46,162] {logging_mixin.py:115} INFO - [2024-04-02 19:45:46,162] {dagbag.py:507} INFO - Filling up the DagBag from /Users/miltonvolpato/Git/Alura_Airflow_Oficial/venv/lib/python3.9/site-packages/airflow/example_dags/example_task_group.py
[2024-04-02 19:45:46,169] {processor.py:651} INFO - DAG(s) dict_keys(['example_task_group']) retrieved from /Users/miltonvolpato/Git/Alura_Airflow_Oficial/venv/lib/python3.9/site-packages/airflow/example_dags/example_task_group.py
[2024-04-02 19:45:46,197] {logging_mixin.py:115} INFO - [2024-04-02 19:45:46,197] {dag.py:2379} INFO - Sync 1 DAGs
[2024-04-02 19:45:46,204] {logging_mixin.py:115} INFO - [2024-04-02 19:45:46,204] {dag.py:2927} INFO - Setting next_dagrun for example_task_group to 2024-04-01T22:45:46.204277+00:00, run_after=2024-04-02T22:45:46.204277+00:00
[2024-04-02 19:45:46,209] {processor.py:161} INFO - Processing /Users/miltonvolpato/Git/Alura_Airflow_Oficial/venv/lib/python3.9/site-packages/airflow/example_dags/example_task_group.py took 0.047 seconds
[2024-04-02 19:46:37,608] {processor.py:153} INFO - Started process (PID=12008) to work on /Users/miltonvolpato/Git/Alura_Airflow_Oficial/venv/lib/python3.9/site-packages/airflow/example_dags/example_task_group.py
[2024-04-02 19:46:37,608] {processor.py:641} INFO - Processing file /Users/miltonvolpato/Git/Alura_Airflow_Oficial/venv/lib/python3.9/site-packages/airflow/example_dags/example_task_group.py for tasks to queue
[2024-04-02 19:46:37,609] {logging_mixin.py:115} INFO - [2024-04-02 19:46:37,609] {dagbag.py:507} INFO - Filling up the DagBag from /Users/miltonvolpato/Git/Alura_Airflow_Oficial/venv/lib/python3.9/site-packages/airflow/example_dags/example_task_group.py
[2024-04-02 19:46:37,615] {processor.py:651} INFO - DAG(s) dict_keys(['example_task_group']) retrieved from /Users/miltonvolpato/Git/Alura_Airflow_Oficial/venv/lib/python3.9/site-packages/airflow/example_dags/example_task_group.py
[2024-04-02 19:46:37,644] {logging_mixin.py:115} INFO - [2024-04-02 19:46:37,644] {dag.py:2379} INFO - Sync 1 DAGs
[2024-04-02 19:46:37,651] {logging_mixin.py:115} INFO - [2024-04-02 19:46:37,651] {dag.py:2927} INFO - Setting next_dagrun for example_task_group to 2024-04-01T22:46:37.651251+00:00, run_after=2024-04-02T22:46:37.651251+00:00
[2024-04-02 19:46:37,656] {processor.py:161} INFO - Processing /Users/miltonvolpato/Git/Alura_Airflow_Oficial/venv/lib/python3.9/site-packages/airflow/example_dags/example_task_group.py took 0.048 seconds
[2024-04-02 19:47:31,860] {processor.py:153} INFO - Started process (PID=12095) to work on /Users/miltonvolpato/Git/Alura_Airflow_Oficial/venv/lib/python3.9/site-packages/airflow/example_dags/example_task_group.py
[2024-04-02 19:47:31,861] {processor.py:641} INFO - Processing file /Users/miltonvolpato/Git/Alura_Airflow_Oficial/venv/lib/python3.9/site-packages/airflow/example_dags/example_task_group.py for tasks to queue
[2024-04-02 19:47:31,861] {logging_mixin.py:115} INFO - [2024-04-02 19:47:31,861] {dagbag.py:507} INFO - Filling up the DagBag from /Users/miltonvolpato/Git/Alura_Airflow_Oficial/venv/lib/python3.9/site-packages/airflow/example_dags/example_task_group.py
[2024-04-02 19:47:31,868] {processor.py:651} INFO - DAG(s) dict_keys(['example_task_group']) retrieved from /Users/miltonvolpato/Git/Alura_Airflow_Oficial/venv/lib/python3.9/site-packages/airflow/example_dags/example_task_group.py
[2024-04-02 19:47:31,897] {logging_mixin.py:115} INFO - [2024-04-02 19:47:31,897] {dag.py:2379} INFO - Sync 1 DAGs
[2024-04-02 19:47:31,904] {logging_mixin.py:115} INFO - [2024-04-02 19:47:31,904] {dag.py:2927} INFO - Setting next_dagrun for example_task_group to 2024-04-01T22:47:31.904509+00:00, run_after=2024-04-02T22:47:31.904509+00:00
[2024-04-02 19:47:31,909] {processor.py:161} INFO - Processing /Users/miltonvolpato/Git/Alura_Airflow_Oficial/venv/lib/python3.9/site-packages/airflow/example_dags/example_task_group.py took 0.050 seconds
[2024-04-02 19:48:16,046] {processor.py:153} INFO - Started process (PID=12138) to work on /Users/miltonvolpato/Git/Alura_Airflow_Oficial/venv/lib/python3.9/site-packages/airflow/example_dags/example_task_group.py
[2024-04-02 19:48:16,046] {processor.py:641} INFO - Processing file /Users/miltonvolpato/Git/Alura_Airflow_Oficial/venv/lib/python3.9/site-packages/airflow/example_dags/example_task_group.py for tasks to queue
[2024-04-02 19:48:16,046] {logging_mixin.py:115} INFO - [2024-04-02 19:48:16,046] {dagbag.py:507} INFO - Filling up the DagBag from /Users/miltonvolpato/Git/Alura_Airflow_Oficial/venv/lib/python3.9/site-packages/airflow/example_dags/example_task_group.py
[2024-04-02 19:48:16,053] {processor.py:651} INFO - DAG(s) dict_keys(['example_task_group']) retrieved from /Users/miltonvolpato/Git/Alura_Airflow_Oficial/venv/lib/python3.9/site-packages/airflow/example_dags/example_task_group.py
[2024-04-02 19:48:16,082] {logging_mixin.py:115} INFO - [2024-04-02 19:48:16,082] {dag.py:2379} INFO - Sync 1 DAGs
[2024-04-02 19:48:16,090] {logging_mixin.py:115} INFO - [2024-04-02 19:48:16,090] {dag.py:2927} INFO - Setting next_dagrun for example_task_group to 2024-04-01T22:48:16.090276+00:00, run_after=2024-04-02T22:48:16.090276+00:00
[2024-04-02 19:48:16,095] {processor.py:161} INFO - Processing /Users/miltonvolpato/Git/Alura_Airflow_Oficial/venv/lib/python3.9/site-packages/airflow/example_dags/example_task_group.py took 0.049 seconds
[2024-04-02 19:49:05,518] {processor.py:153} INFO - Started process (PID=12194) to work on /Users/miltonvolpato/Git/Alura_Airflow_Oficial/venv/lib/python3.9/site-packages/airflow/example_dags/example_task_group.py
[2024-04-02 19:49:05,518] {processor.py:641} INFO - Processing file /Users/miltonvolpato/Git/Alura_Airflow_Oficial/venv/lib/python3.9/site-packages/airflow/example_dags/example_task_group.py for tasks to queue
[2024-04-02 19:49:05,518] {logging_mixin.py:115} INFO - [2024-04-02 19:49:05,518] {dagbag.py:507} INFO - Filling up the DagBag from /Users/miltonvolpato/Git/Alura_Airflow_Oficial/venv/lib/python3.9/site-packages/airflow/example_dags/example_task_group.py
[2024-04-02 19:49:05,524] {processor.py:651} INFO - DAG(s) dict_keys(['example_task_group']) retrieved from /Users/miltonvolpato/Git/Alura_Airflow_Oficial/venv/lib/python3.9/site-packages/airflow/example_dags/example_task_group.py
[2024-04-02 19:49:05,553] {logging_mixin.py:115} INFO - [2024-04-02 19:49:05,553] {dag.py:2379} INFO - Sync 1 DAGs
[2024-04-02 19:49:05,560] {logging_mixin.py:115} INFO - [2024-04-02 19:49:05,560] {dag.py:2927} INFO - Setting next_dagrun for example_task_group to 2024-04-01T22:49:05.560034+00:00, run_after=2024-04-02T22:49:05.560034+00:00
[2024-04-02 19:49:05,565] {processor.py:161} INFO - Processing /Users/miltonvolpato/Git/Alura_Airflow_Oficial/venv/lib/python3.9/site-packages/airflow/example_dags/example_task_group.py took 0.047 seconds
[2024-04-02 19:49:58,455] {processor.py:153} INFO - Started process (PID=12250) to work on /Users/miltonvolpato/Git/Alura_Airflow_Oficial/venv/lib/python3.9/site-packages/airflow/example_dags/example_task_group.py
[2024-04-02 19:49:58,456] {processor.py:641} INFO - Processing file /Users/miltonvolpato/Git/Alura_Airflow_Oficial/venv/lib/python3.9/site-packages/airflow/example_dags/example_task_group.py for tasks to queue
[2024-04-02 19:49:58,456] {logging_mixin.py:115} INFO - [2024-04-02 19:49:58,456] {dagbag.py:507} INFO - Filling up the DagBag from /Users/miltonvolpato/Git/Alura_Airflow_Oficial/venv/lib/python3.9/site-packages/airflow/example_dags/example_task_group.py
[2024-04-02 19:49:58,463] {processor.py:651} INFO - DAG(s) dict_keys(['example_task_group']) retrieved from /Users/miltonvolpato/Git/Alura_Airflow_Oficial/venv/lib/python3.9/site-packages/airflow/example_dags/example_task_group.py
[2024-04-02 19:49:58,492] {logging_mixin.py:115} INFO - [2024-04-02 19:49:58,492] {dag.py:2379} INFO - Sync 1 DAGs
[2024-04-02 19:49:58,499] {logging_mixin.py:115} INFO - [2024-04-02 19:49:58,499] {dag.py:2927} INFO - Setting next_dagrun for example_task_group to 2024-04-01T22:49:58.499204+00:00, run_after=2024-04-02T22:49:58.499204+00:00
[2024-04-02 19:49:58,504] {processor.py:161} INFO - Processing /Users/miltonvolpato/Git/Alura_Airflow_Oficial/venv/lib/python3.9/site-packages/airflow/example_dags/example_task_group.py took 0.049 seconds
[2024-04-02 19:50:38,955] {processor.py:153} INFO - Started process (PID=12286) to work on /Users/miltonvolpato/Git/Alura_Airflow_Oficial/venv/lib/python3.9/site-packages/airflow/example_dags/example_task_group.py
[2024-04-02 19:50:38,955] {processor.py:641} INFO - Processing file /Users/miltonvolpato/Git/Alura_Airflow_Oficial/venv/lib/python3.9/site-packages/airflow/example_dags/example_task_group.py for tasks to queue
[2024-04-02 19:50:38,955] {logging_mixin.py:115} INFO - [2024-04-02 19:50:38,955] {dagbag.py:507} INFO - Filling up the DagBag from /Users/miltonvolpato/Git/Alura_Airflow_Oficial/venv/lib/python3.9/site-packages/airflow/example_dags/example_task_group.py
[2024-04-02 19:50:38,962] {processor.py:651} INFO - DAG(s) dict_keys(['example_task_group']) retrieved from /Users/miltonvolpato/Git/Alura_Airflow_Oficial/venv/lib/python3.9/site-packages/airflow/example_dags/example_task_group.py
[2024-04-02 19:50:38,991] {logging_mixin.py:115} INFO - [2024-04-02 19:50:38,991] {dag.py:2379} INFO - Sync 1 DAGs
[2024-04-02 19:50:38,999] {logging_mixin.py:115} INFO - [2024-04-02 19:50:38,999] {dag.py:2927} INFO - Setting next_dagrun for example_task_group to 2024-04-01T22:50:38.998907+00:00, run_after=2024-04-02T22:50:38.998907+00:00
[2024-04-02 19:50:39,003] {processor.py:161} INFO - Processing /Users/miltonvolpato/Git/Alura_Airflow_Oficial/venv/lib/python3.9/site-packages/airflow/example_dags/example_task_group.py took 0.049 seconds
[2024-04-02 19:51:32,099] {processor.py:153} INFO - Started process (PID=12332) to work on /Users/miltonvolpato/Git/Alura_Airflow_Oficial/venv/lib/python3.9/site-packages/airflow/example_dags/example_task_group.py
[2024-04-02 19:51:32,100] {processor.py:641} INFO - Processing file /Users/miltonvolpato/Git/Alura_Airflow_Oficial/venv/lib/python3.9/site-packages/airflow/example_dags/example_task_group.py for tasks to queue
[2024-04-02 19:51:32,100] {logging_mixin.py:115} INFO - [2024-04-02 19:51:32,100] {dagbag.py:507} INFO - Filling up the DagBag from /Users/miltonvolpato/Git/Alura_Airflow_Oficial/venv/lib/python3.9/site-packages/airflow/example_dags/example_task_group.py
[2024-04-02 19:51:32,107] {processor.py:651} INFO - DAG(s) dict_keys(['example_task_group']) retrieved from /Users/miltonvolpato/Git/Alura_Airflow_Oficial/venv/lib/python3.9/site-packages/airflow/example_dags/example_task_group.py
[2024-04-02 19:51:32,138] {logging_mixin.py:115} INFO - [2024-04-02 19:51:32,138] {dag.py:2379} INFO - Sync 1 DAGs
[2024-04-02 19:51:32,145] {logging_mixin.py:115} INFO - [2024-04-02 19:51:32,145] {dag.py:2927} INFO - Setting next_dagrun for example_task_group to 2024-04-01T22:51:32.145344+00:00, run_after=2024-04-02T22:51:32.145344+00:00
[2024-04-02 19:51:32,150] {processor.py:161} INFO - Processing /Users/miltonvolpato/Git/Alura_Airflow_Oficial/venv/lib/python3.9/site-packages/airflow/example_dags/example_task_group.py took 0.052 seconds
[2024-04-02 19:52:24,737] {processor.py:153} INFO - Started process (PID=12392) to work on /Users/miltonvolpato/Git/Alura_Airflow_Oficial/venv/lib/python3.9/site-packages/airflow/example_dags/example_task_group.py
[2024-04-02 19:52:24,739] {processor.py:641} INFO - Processing file /Users/miltonvolpato/Git/Alura_Airflow_Oficial/venv/lib/python3.9/site-packages/airflow/example_dags/example_task_group.py for tasks to queue
[2024-04-02 19:52:24,739] {logging_mixin.py:115} INFO - [2024-04-02 19:52:24,739] {dagbag.py:507} INFO - Filling up the DagBag from /Users/miltonvolpato/Git/Alura_Airflow_Oficial/venv/lib/python3.9/site-packages/airflow/example_dags/example_task_group.py
[2024-04-02 19:52:24,746] {processor.py:651} INFO - DAG(s) dict_keys(['example_task_group']) retrieved from /Users/miltonvolpato/Git/Alura_Airflow_Oficial/venv/lib/python3.9/site-packages/airflow/example_dags/example_task_group.py
[2024-04-02 19:52:24,779] {logging_mixin.py:115} INFO - [2024-04-02 19:52:24,779] {dag.py:2379} INFO - Sync 1 DAGs
[2024-04-02 19:52:24,787] {logging_mixin.py:115} INFO - [2024-04-02 19:52:24,787] {dag.py:2927} INFO - Setting next_dagrun for example_task_group to 2024-04-01T22:52:24.787076+00:00, run_after=2024-04-02T22:52:24.787076+00:00
[2024-04-02 19:52:24,793] {processor.py:161} INFO - Processing /Users/miltonvolpato/Git/Alura_Airflow_Oficial/venv/lib/python3.9/site-packages/airflow/example_dags/example_task_group.py took 0.056 seconds
[2024-04-02 19:53:19,135] {processor.py:153} INFO - Started process (PID=12441) to work on /Users/miltonvolpato/Git/Alura_Airflow_Oficial/venv/lib/python3.9/site-packages/airflow/example_dags/example_task_group.py
[2024-04-02 19:53:19,136] {processor.py:641} INFO - Processing file /Users/miltonvolpato/Git/Alura_Airflow_Oficial/venv/lib/python3.9/site-packages/airflow/example_dags/example_task_group.py for tasks to queue
[2024-04-02 19:53:19,137] {logging_mixin.py:115} INFO - [2024-04-02 19:53:19,137] {dagbag.py:507} INFO - Filling up the DagBag from /Users/miltonvolpato/Git/Alura_Airflow_Oficial/venv/lib/python3.9/site-packages/airflow/example_dags/example_task_group.py
[2024-04-02 19:53:19,144] {processor.py:651} INFO - DAG(s) dict_keys(['example_task_group']) retrieved from /Users/miltonvolpato/Git/Alura_Airflow_Oficial/venv/lib/python3.9/site-packages/airflow/example_dags/example_task_group.py
[2024-04-02 19:53:19,175] {logging_mixin.py:115} INFO - [2024-04-02 19:53:19,175] {dag.py:2379} INFO - Sync 1 DAGs
[2024-04-02 19:53:19,183] {logging_mixin.py:115} INFO - [2024-04-02 19:53:19,183] {dag.py:2927} INFO - Setting next_dagrun for example_task_group to 2024-04-01T22:53:19.183059+00:00, run_after=2024-04-02T22:53:19.183059+00:00
[2024-04-02 19:53:19,188] {processor.py:161} INFO - Processing /Users/miltonvolpato/Git/Alura_Airflow_Oficial/venv/lib/python3.9/site-packages/airflow/example_dags/example_task_group.py took 0.053 seconds
[2024-04-02 19:53:59,128] {processor.py:153} INFO - Started process (PID=12524) to work on /Users/miltonvolpato/Git/Alura_Airflow_Oficial/venv/lib/python3.9/site-packages/airflow/example_dags/example_task_group.py
[2024-04-02 19:53:59,129] {processor.py:641} INFO - Processing file /Users/miltonvolpato/Git/Alura_Airflow_Oficial/venv/lib/python3.9/site-packages/airflow/example_dags/example_task_group.py for tasks to queue
[2024-04-02 19:53:59,129] {logging_mixin.py:115} INFO - [2024-04-02 19:53:59,129] {dagbag.py:507} INFO - Filling up the DagBag from /Users/miltonvolpato/Git/Alura_Airflow_Oficial/venv/lib/python3.9/site-packages/airflow/example_dags/example_task_group.py
[2024-04-02 19:53:59,136] {processor.py:651} INFO - DAG(s) dict_keys(['example_task_group']) retrieved from /Users/miltonvolpato/Git/Alura_Airflow_Oficial/venv/lib/python3.9/site-packages/airflow/example_dags/example_task_group.py
[2024-04-02 19:53:59,165] {logging_mixin.py:115} INFO - [2024-04-02 19:53:59,165] {dag.py:2379} INFO - Sync 1 DAGs
[2024-04-02 19:53:59,172] {logging_mixin.py:115} INFO - [2024-04-02 19:53:59,172] {dag.py:2927} INFO - Setting next_dagrun for example_task_group to 2024-04-01T22:53:59.172135+00:00, run_after=2024-04-02T22:53:59.172135+00:00
[2024-04-02 19:53:59,177] {processor.py:161} INFO - Processing /Users/miltonvolpato/Git/Alura_Airflow_Oficial/venv/lib/python3.9/site-packages/airflow/example_dags/example_task_group.py took 0.049 seconds
[2024-04-02 19:54:54,919] {processor.py:153} INFO - Started process (PID=12618) to work on /Users/miltonvolpato/Git/Alura_Airflow_Oficial/venv/lib/python3.9/site-packages/airflow/example_dags/example_task_group.py
[2024-04-02 19:54:54,920] {processor.py:641} INFO - Processing file /Users/miltonvolpato/Git/Alura_Airflow_Oficial/venv/lib/python3.9/site-packages/airflow/example_dags/example_task_group.py for tasks to queue
[2024-04-02 19:54:54,920] {logging_mixin.py:115} INFO - [2024-04-02 19:54:54,920] {dagbag.py:507} INFO - Filling up the DagBag from /Users/miltonvolpato/Git/Alura_Airflow_Oficial/venv/lib/python3.9/site-packages/airflow/example_dags/example_task_group.py
[2024-04-02 19:54:54,926] {processor.py:651} INFO - DAG(s) dict_keys(['example_task_group']) retrieved from /Users/miltonvolpato/Git/Alura_Airflow_Oficial/venv/lib/python3.9/site-packages/airflow/example_dags/example_task_group.py
[2024-04-02 19:54:54,956] {logging_mixin.py:115} INFO - [2024-04-02 19:54:54,956] {dag.py:2379} INFO - Sync 1 DAGs
[2024-04-02 19:54:54,963] {logging_mixin.py:115} INFO - [2024-04-02 19:54:54,963] {dag.py:2927} INFO - Setting next_dagrun for example_task_group to 2024-04-01T22:54:54.963104+00:00, run_after=2024-04-02T22:54:54.963104+00:00
[2024-04-02 19:54:54,968] {processor.py:161} INFO - Processing /Users/miltonvolpato/Git/Alura_Airflow_Oficial/venv/lib/python3.9/site-packages/airflow/example_dags/example_task_group.py took 0.049 seconds
[2024-04-02 19:55:47,789] {processor.py:153} INFO - Started process (PID=12708) to work on /Users/miltonvolpato/Git/Alura_Airflow_Oficial/venv/lib/python3.9/site-packages/airflow/example_dags/example_task_group.py
[2024-04-02 19:55:47,790] {processor.py:641} INFO - Processing file /Users/miltonvolpato/Git/Alura_Airflow_Oficial/venv/lib/python3.9/site-packages/airflow/example_dags/example_task_group.py for tasks to queue
[2024-04-02 19:55:47,790] {logging_mixin.py:115} INFO - [2024-04-02 19:55:47,790] {dagbag.py:507} INFO - Filling up the DagBag from /Users/miltonvolpato/Git/Alura_Airflow_Oficial/venv/lib/python3.9/site-packages/airflow/example_dags/example_task_group.py
[2024-04-02 19:55:47,797] {processor.py:651} INFO - DAG(s) dict_keys(['example_task_group']) retrieved from /Users/miltonvolpato/Git/Alura_Airflow_Oficial/venv/lib/python3.9/site-packages/airflow/example_dags/example_task_group.py
[2024-04-02 19:55:47,826] {logging_mixin.py:115} INFO - [2024-04-02 19:55:47,826] {dag.py:2379} INFO - Sync 1 DAGs
[2024-04-02 19:55:47,833] {logging_mixin.py:115} INFO - [2024-04-02 19:55:47,833] {dag.py:2927} INFO - Setting next_dagrun for example_task_group to 2024-04-01T22:55:47.833750+00:00, run_after=2024-04-02T22:55:47.833750+00:00
[2024-04-02 19:55:47,838] {processor.py:161} INFO - Processing /Users/miltonvolpato/Git/Alura_Airflow_Oficial/venv/lib/python3.9/site-packages/airflow/example_dags/example_task_group.py took 0.049 seconds
[2024-04-02 19:56:43,764] {processor.py:153} INFO - Started process (PID=12788) to work on /Users/miltonvolpato/Git/Alura_Airflow_Oficial/venv/lib/python3.9/site-packages/airflow/example_dags/example_task_group.py
[2024-04-02 19:56:43,764] {processor.py:641} INFO - Processing file /Users/miltonvolpato/Git/Alura_Airflow_Oficial/venv/lib/python3.9/site-packages/airflow/example_dags/example_task_group.py for tasks to queue
[2024-04-02 19:56:43,764] {logging_mixin.py:115} INFO - [2024-04-02 19:56:43,764] {dagbag.py:507} INFO - Filling up the DagBag from /Users/miltonvolpato/Git/Alura_Airflow_Oficial/venv/lib/python3.9/site-packages/airflow/example_dags/example_task_group.py
[2024-04-02 19:56:43,773] {processor.py:651} INFO - DAG(s) dict_keys(['example_task_group']) retrieved from /Users/miltonvolpato/Git/Alura_Airflow_Oficial/venv/lib/python3.9/site-packages/airflow/example_dags/example_task_group.py
[2024-04-02 19:56:43,802] {logging_mixin.py:115} INFO - [2024-04-02 19:56:43,802] {dag.py:2379} INFO - Sync 1 DAGs
[2024-04-02 19:56:43,810] {logging_mixin.py:115} INFO - [2024-04-02 19:56:43,809] {dag.py:2927} INFO - Setting next_dagrun for example_task_group to 2024-04-01T22:56:43.809798+00:00, run_after=2024-04-02T22:56:43.809798+00:00
[2024-04-02 19:56:43,815] {processor.py:161} INFO - Processing /Users/miltonvolpato/Git/Alura_Airflow_Oficial/venv/lib/python3.9/site-packages/airflow/example_dags/example_task_group.py took 0.052 seconds
[2024-04-02 19:57:35,597] {processor.py:153} INFO - Started process (PID=12837) to work on /Users/miltonvolpato/Git/Alura_Airflow_Oficial/venv/lib/python3.9/site-packages/airflow/example_dags/example_task_group.py
[2024-04-02 19:57:35,597] {processor.py:641} INFO - Processing file /Users/miltonvolpato/Git/Alura_Airflow_Oficial/venv/lib/python3.9/site-packages/airflow/example_dags/example_task_group.py for tasks to queue
[2024-04-02 19:57:35,597] {logging_mixin.py:115} INFO - [2024-04-02 19:57:35,597] {dagbag.py:507} INFO - Filling up the DagBag from /Users/miltonvolpato/Git/Alura_Airflow_Oficial/venv/lib/python3.9/site-packages/airflow/example_dags/example_task_group.py
[2024-04-02 19:57:35,603] {processor.py:651} INFO - DAG(s) dict_keys(['example_task_group']) retrieved from /Users/miltonvolpato/Git/Alura_Airflow_Oficial/venv/lib/python3.9/site-packages/airflow/example_dags/example_task_group.py
[2024-04-02 19:57:35,633] {logging_mixin.py:115} INFO - [2024-04-02 19:57:35,633] {dag.py:2379} INFO - Sync 1 DAGs
[2024-04-02 19:57:35,640] {logging_mixin.py:115} INFO - [2024-04-02 19:57:35,639] {dag.py:2927} INFO - Setting next_dagrun for example_task_group to 2024-04-01T22:57:35.639892+00:00, run_after=2024-04-02T22:57:35.639892+00:00
[2024-04-02 19:57:35,645] {processor.py:161} INFO - Processing /Users/miltonvolpato/Git/Alura_Airflow_Oficial/venv/lib/python3.9/site-packages/airflow/example_dags/example_task_group.py took 0.049 seconds
[2024-04-02 19:58:26,658] {processor.py:153} INFO - Started process (PID=12883) to work on /Users/miltonvolpato/Git/Alura_Airflow_Oficial/venv/lib/python3.9/site-packages/airflow/example_dags/example_task_group.py
[2024-04-02 19:58:26,658] {processor.py:641} INFO - Processing file /Users/miltonvolpato/Git/Alura_Airflow_Oficial/venv/lib/python3.9/site-packages/airflow/example_dags/example_task_group.py for tasks to queue
[2024-04-02 19:58:26,659] {logging_mixin.py:115} INFO - [2024-04-02 19:58:26,658] {dagbag.py:507} INFO - Filling up the DagBag from /Users/miltonvolpato/Git/Alura_Airflow_Oficial/venv/lib/python3.9/site-packages/airflow/example_dags/example_task_group.py
[2024-04-02 19:58:26,665] {processor.py:651} INFO - DAG(s) dict_keys(['example_task_group']) retrieved from /Users/miltonvolpato/Git/Alura_Airflow_Oficial/venv/lib/python3.9/site-packages/airflow/example_dags/example_task_group.py
[2024-04-02 19:58:26,694] {logging_mixin.py:115} INFO - [2024-04-02 19:58:26,694] {dag.py:2379} INFO - Sync 1 DAGs
[2024-04-02 19:58:26,701] {logging_mixin.py:115} INFO - [2024-04-02 19:58:26,701] {dag.py:2927} INFO - Setting next_dagrun for example_task_group to 2024-04-01T22:58:26.701175+00:00, run_after=2024-04-02T22:58:26.701175+00:00
[2024-04-02 19:58:26,706] {processor.py:161} INFO - Processing /Users/miltonvolpato/Git/Alura_Airflow_Oficial/venv/lib/python3.9/site-packages/airflow/example_dags/example_task_group.py took 0.048 seconds
[2024-04-02 19:59:05,438] {processor.py:153} INFO - Started process (PID=12917) to work on /Users/miltonvolpato/Git/Alura_Airflow_Oficial/venv/lib/python3.9/site-packages/airflow/example_dags/example_task_group.py
[2024-04-02 19:59:05,438] {processor.py:641} INFO - Processing file /Users/miltonvolpato/Git/Alura_Airflow_Oficial/venv/lib/python3.9/site-packages/airflow/example_dags/example_task_group.py for tasks to queue
[2024-04-02 19:59:05,438] {logging_mixin.py:115} INFO - [2024-04-02 19:59:05,438] {dagbag.py:507} INFO - Filling up the DagBag from /Users/miltonvolpato/Git/Alura_Airflow_Oficial/venv/lib/python3.9/site-packages/airflow/example_dags/example_task_group.py
[2024-04-02 19:59:05,445] {processor.py:651} INFO - DAG(s) dict_keys(['example_task_group']) retrieved from /Users/miltonvolpato/Git/Alura_Airflow_Oficial/venv/lib/python3.9/site-packages/airflow/example_dags/example_task_group.py
[2024-04-02 19:59:05,473] {logging_mixin.py:115} INFO - [2024-04-02 19:59:05,473] {dag.py:2379} INFO - Sync 1 DAGs
[2024-04-02 19:59:05,480] {logging_mixin.py:115} INFO - [2024-04-02 19:59:05,480] {dag.py:2927} INFO - Setting next_dagrun for example_task_group to 2024-04-01T22:59:05.480217+00:00, run_after=2024-04-02T22:59:05.480217+00:00
[2024-04-02 19:59:05,485] {processor.py:161} INFO - Processing /Users/miltonvolpato/Git/Alura_Airflow_Oficial/venv/lib/python3.9/site-packages/airflow/example_dags/example_task_group.py took 0.048 seconds
[2024-04-02 20:00:02,352] {processor.py:153} INFO - Started process (PID=12962) to work on /Users/miltonvolpato/Git/Alura_Airflow_Oficial/venv/lib/python3.9/site-packages/airflow/example_dags/example_task_group.py
[2024-04-02 20:00:02,352] {processor.py:641} INFO - Processing file /Users/miltonvolpato/Git/Alura_Airflow_Oficial/venv/lib/python3.9/site-packages/airflow/example_dags/example_task_group.py for tasks to queue
[2024-04-02 20:00:02,352] {logging_mixin.py:115} INFO - [2024-04-02 20:00:02,352] {dagbag.py:507} INFO - Filling up the DagBag from /Users/miltonvolpato/Git/Alura_Airflow_Oficial/venv/lib/python3.9/site-packages/airflow/example_dags/example_task_group.py
[2024-04-02 20:00:02,359] {processor.py:651} INFO - DAG(s) dict_keys(['example_task_group']) retrieved from /Users/miltonvolpato/Git/Alura_Airflow_Oficial/venv/lib/python3.9/site-packages/airflow/example_dags/example_task_group.py
[2024-04-02 20:00:02,387] {logging_mixin.py:115} INFO - [2024-04-02 20:00:02,387] {dag.py:2379} INFO - Sync 1 DAGs
[2024-04-02 20:00:02,394] {logging_mixin.py:115} INFO - [2024-04-02 20:00:02,394] {dag.py:2927} INFO - Setting next_dagrun for example_task_group to 2024-04-01T23:00:02.393986+00:00, run_after=2024-04-02T23:00:02.393986+00:00
[2024-04-02 20:00:02,399] {processor.py:161} INFO - Processing /Users/miltonvolpato/Git/Alura_Airflow_Oficial/venv/lib/python3.9/site-packages/airflow/example_dags/example_task_group.py took 0.047 seconds
[2024-04-02 20:00:54,973] {processor.py:153} INFO - Started process (PID=13016) to work on /Users/miltonvolpato/Git/Alura_Airflow_Oficial/venv/lib/python3.9/site-packages/airflow/example_dags/example_task_group.py
[2024-04-02 20:00:54,973] {processor.py:641} INFO - Processing file /Users/miltonvolpato/Git/Alura_Airflow_Oficial/venv/lib/python3.9/site-packages/airflow/example_dags/example_task_group.py for tasks to queue
[2024-04-02 20:00:54,973] {logging_mixin.py:115} INFO - [2024-04-02 20:00:54,973] {dagbag.py:507} INFO - Filling up the DagBag from /Users/miltonvolpato/Git/Alura_Airflow_Oficial/venv/lib/python3.9/site-packages/airflow/example_dags/example_task_group.py
[2024-04-02 20:00:54,980] {processor.py:651} INFO - DAG(s) dict_keys(['example_task_group']) retrieved from /Users/miltonvolpato/Git/Alura_Airflow_Oficial/venv/lib/python3.9/site-packages/airflow/example_dags/example_task_group.py
[2024-04-02 20:00:55,009] {logging_mixin.py:115} INFO - [2024-04-02 20:00:55,009] {dag.py:2379} INFO - Sync 1 DAGs
[2024-04-02 20:00:55,016] {logging_mixin.py:115} INFO - [2024-04-02 20:00:55,016] {dag.py:2927} INFO - Setting next_dagrun for example_task_group to 2024-04-01T23:00:55.016364+00:00, run_after=2024-04-02T23:00:55.016364+00:00
[2024-04-02 20:00:55,021] {processor.py:161} INFO - Processing /Users/miltonvolpato/Git/Alura_Airflow_Oficial/venv/lib/python3.9/site-packages/airflow/example_dags/example_task_group.py took 0.048 seconds
[2024-04-02 20:01:50,138] {processor.py:153} INFO - Started process (PID=13085) to work on /Users/miltonvolpato/Git/Alura_Airflow_Oficial/venv/lib/python3.9/site-packages/airflow/example_dags/example_task_group.py
[2024-04-02 20:01:50,138] {processor.py:641} INFO - Processing file /Users/miltonvolpato/Git/Alura_Airflow_Oficial/venv/lib/python3.9/site-packages/airflow/example_dags/example_task_group.py for tasks to queue
[2024-04-02 20:01:50,139] {logging_mixin.py:115} INFO - [2024-04-02 20:01:50,139] {dagbag.py:507} INFO - Filling up the DagBag from /Users/miltonvolpato/Git/Alura_Airflow_Oficial/venv/lib/python3.9/site-packages/airflow/example_dags/example_task_group.py
[2024-04-02 20:01:50,145] {processor.py:651} INFO - DAG(s) dict_keys(['example_task_group']) retrieved from /Users/miltonvolpato/Git/Alura_Airflow_Oficial/venv/lib/python3.9/site-packages/airflow/example_dags/example_task_group.py
[2024-04-02 20:01:50,174] {logging_mixin.py:115} INFO - [2024-04-02 20:01:50,174] {dag.py:2379} INFO - Sync 1 DAGs
[2024-04-02 20:01:50,181] {logging_mixin.py:115} INFO - [2024-04-02 20:01:50,181] {dag.py:2927} INFO - Setting next_dagrun for example_task_group to 2024-04-01T23:01:50.181326+00:00, run_after=2024-04-02T23:01:50.181326+00:00
[2024-04-02 20:01:50,186] {processor.py:161} INFO - Processing /Users/miltonvolpato/Git/Alura_Airflow_Oficial/venv/lib/python3.9/site-packages/airflow/example_dags/example_task_group.py took 0.049 seconds
