[2024-04-02 19:36:41,984] {processor.py:153} INFO - Started process (PID=11323) to work on /Users/miltonvolpato/Git/Alura_Airflow_Oficial/venv/lib/python3.9/site-packages/airflow/example_dags/example_python_operator.py
[2024-04-02 19:36:41,984] {processor.py:641} INFO - Processing file /Users/miltonvolpato/Git/Alura_Airflow_Oficial/venv/lib/python3.9/site-packages/airflow/example_dags/example_python_operator.py for tasks to queue
[2024-04-02 19:36:41,984] {logging_mixin.py:115} INFO - [2024-04-02 19:36:41,984] {dagbag.py:507} INFO - Filling up the DagBag from /Users/miltonvolpato/Git/Alura_Airflow_Oficial/venv/lib/python3.9/site-packages/airflow/example_dags/example_python_operator.py
[2024-04-02 19:36:41,996] {logging_mixin.py:115} INFO - [2024-04-02 19:36:41,996] {example_python_operator.py:68} WARNING - The virtalenv_python example task requires virtualenv, please install it.
[2024-04-02 19:36:42,000] {processor.py:651} INFO - DAG(s) dict_keys(['example_python_operator']) retrieved from /Users/miltonvolpato/Git/Alura_Airflow_Oficial/venv/lib/python3.9/site-packages/airflow/example_dags/example_python_operator.py
[2024-04-02 19:36:42,322] {logging_mixin.py:115} INFO - [2024-04-02 19:36:42,322] {manager.py:508} INFO - Created Permission View: can read on DAG:example_python_operator
[2024-04-02 19:36:42,325] {logging_mixin.py:115} INFO - [2024-04-02 19:36:42,325] {manager.py:508} INFO - Created Permission View: can delete on DAG:example_python_operator
[2024-04-02 19:36:42,327] {logging_mixin.py:115} INFO - [2024-04-02 19:36:42,327] {manager.py:508} INFO - Created Permission View: can edit on DAG:example_python_operator
[2024-04-02 19:36:42,327] {logging_mixin.py:115} INFO - [2024-04-02 19:36:42,327] {dag.py:2379} INFO - Sync 1 DAGs
[2024-04-02 19:36:42,330] {logging_mixin.py:115} INFO - [2024-04-02 19:36:42,330] {dag.py:2398} INFO - Creating ORM DAG for example_python_operator
[2024-04-02 19:36:42,334] {logging_mixin.py:115} INFO - [2024-04-02 19:36:42,334] {dag.py:2927} INFO - Setting next_dagrun for example_python_operator to None, run_after=None
[2024-04-02 19:36:42,339] {processor.py:161} INFO - Processing /Users/miltonvolpato/Git/Alura_Airflow_Oficial/venv/lib/python3.9/site-packages/airflow/example_dags/example_python_operator.py took 0.356 seconds
[2024-04-02 19:37:33,566] {processor.py:153} INFO - Started process (PID=11411) to work on /Users/miltonvolpato/Git/Alura_Airflow_Oficial/venv/lib/python3.9/site-packages/airflow/example_dags/example_python_operator.py
[2024-04-02 19:37:33,567] {processor.py:641} INFO - Processing file /Users/miltonvolpato/Git/Alura_Airflow_Oficial/venv/lib/python3.9/site-packages/airflow/example_dags/example_python_operator.py for tasks to queue
[2024-04-02 19:37:33,568] {logging_mixin.py:115} INFO - [2024-04-02 19:37:33,568] {dagbag.py:507} INFO - Filling up the DagBag from /Users/miltonvolpato/Git/Alura_Airflow_Oficial/venv/lib/python3.9/site-packages/airflow/example_dags/example_python_operator.py
[2024-04-02 19:37:33,581] {logging_mixin.py:115} INFO - [2024-04-02 19:37:33,581] {example_python_operator.py:68} WARNING - The virtalenv_python example task requires virtualenv, please install it.
[2024-04-02 19:37:33,585] {processor.py:651} INFO - DAG(s) dict_keys(['example_python_operator']) retrieved from /Users/miltonvolpato/Git/Alura_Airflow_Oficial/venv/lib/python3.9/site-packages/airflow/example_dags/example_python_operator.py
[2024-04-02 19:37:33,618] {logging_mixin.py:115} INFO - [2024-04-02 19:37:33,618] {dag.py:2379} INFO - Sync 1 DAGs
[2024-04-02 19:37:33,625] {logging_mixin.py:115} INFO - [2024-04-02 19:37:33,625] {dag.py:2927} INFO - Setting next_dagrun for example_python_operator to None, run_after=None
[2024-04-02 19:37:33,631] {processor.py:161} INFO - Processing /Users/miltonvolpato/Git/Alura_Airflow_Oficial/venv/lib/python3.9/site-packages/airflow/example_dags/example_python_operator.py took 0.065 seconds
[2024-04-02 19:38:20,006] {processor.py:153} INFO - Started process (PID=11492) to work on /Users/miltonvolpato/Git/Alura_Airflow_Oficial/venv/lib/python3.9/site-packages/airflow/example_dags/example_python_operator.py
[2024-04-02 19:38:20,006] {processor.py:641} INFO - Processing file /Users/miltonvolpato/Git/Alura_Airflow_Oficial/venv/lib/python3.9/site-packages/airflow/example_dags/example_python_operator.py for tasks to queue
[2024-04-02 19:38:20,007] {logging_mixin.py:115} INFO - [2024-04-02 19:38:20,007] {dagbag.py:507} INFO - Filling up the DagBag from /Users/miltonvolpato/Git/Alura_Airflow_Oficial/venv/lib/python3.9/site-packages/airflow/example_dags/example_python_operator.py
[2024-04-02 19:38:20,019] {logging_mixin.py:115} INFO - [2024-04-02 19:38:20,019] {example_python_operator.py:68} WARNING - The virtalenv_python example task requires virtualenv, please install it.
[2024-04-02 19:38:20,022] {processor.py:651} INFO - DAG(s) dict_keys(['example_python_operator']) retrieved from /Users/miltonvolpato/Git/Alura_Airflow_Oficial/venv/lib/python3.9/site-packages/airflow/example_dags/example_python_operator.py
[2024-04-02 19:38:20,051] {logging_mixin.py:115} INFO - [2024-04-02 19:38:20,051] {dag.py:2379} INFO - Sync 1 DAGs
[2024-04-02 19:38:20,057] {logging_mixin.py:115} INFO - [2024-04-02 19:38:20,057] {dag.py:2927} INFO - Setting next_dagrun for example_python_operator to None, run_after=None
[2024-04-02 19:38:20,062] {processor.py:161} INFO - Processing /Users/miltonvolpato/Git/Alura_Airflow_Oficial/venv/lib/python3.9/site-packages/airflow/example_dags/example_python_operator.py took 0.056 seconds
[2024-04-02 19:39:10,417] {processor.py:153} INFO - Started process (PID=11545) to work on /Users/miltonvolpato/Git/Alura_Airflow_Oficial/venv/lib/python3.9/site-packages/airflow/example_dags/example_python_operator.py
[2024-04-02 19:39:10,417] {processor.py:641} INFO - Processing file /Users/miltonvolpato/Git/Alura_Airflow_Oficial/venv/lib/python3.9/site-packages/airflow/example_dags/example_python_operator.py for tasks to queue
[2024-04-02 19:39:10,418] {logging_mixin.py:115} INFO - [2024-04-02 19:39:10,418] {dagbag.py:507} INFO - Filling up the DagBag from /Users/miltonvolpato/Git/Alura_Airflow_Oficial/venv/lib/python3.9/site-packages/airflow/example_dags/example_python_operator.py
[2024-04-02 19:39:10,429] {logging_mixin.py:115} INFO - [2024-04-02 19:39:10,429] {example_python_operator.py:68} WARNING - The virtalenv_python example task requires virtualenv, please install it.
[2024-04-02 19:39:10,433] {processor.py:651} INFO - DAG(s) dict_keys(['example_python_operator']) retrieved from /Users/miltonvolpato/Git/Alura_Airflow_Oficial/venv/lib/python3.9/site-packages/airflow/example_dags/example_python_operator.py
[2024-04-02 19:39:10,461] {logging_mixin.py:115} INFO - [2024-04-02 19:39:10,461] {dag.py:2379} INFO - Sync 1 DAGs
[2024-04-02 19:39:10,467] {logging_mixin.py:115} INFO - [2024-04-02 19:39:10,467] {dag.py:2927} INFO - Setting next_dagrun for example_python_operator to None, run_after=None
[2024-04-02 19:39:10,472] {processor.py:161} INFO - Processing /Users/miltonvolpato/Git/Alura_Airflow_Oficial/venv/lib/python3.9/site-packages/airflow/example_dags/example_python_operator.py took 0.055 seconds
[2024-04-02 19:39:57,433] {processor.py:153} INFO - Started process (PID=11585) to work on /Users/miltonvolpato/Git/Alura_Airflow_Oficial/venv/lib/python3.9/site-packages/airflow/example_dags/example_python_operator.py
[2024-04-02 19:39:57,433] {processor.py:641} INFO - Processing file /Users/miltonvolpato/Git/Alura_Airflow_Oficial/venv/lib/python3.9/site-packages/airflow/example_dags/example_python_operator.py for tasks to queue
[2024-04-02 19:39:57,433] {logging_mixin.py:115} INFO - [2024-04-02 19:39:57,433] {dagbag.py:507} INFO - Filling up the DagBag from /Users/miltonvolpato/Git/Alura_Airflow_Oficial/venv/lib/python3.9/site-packages/airflow/example_dags/example_python_operator.py
[2024-04-02 19:39:57,445] {logging_mixin.py:115} INFO - [2024-04-02 19:39:57,445] {example_python_operator.py:68} WARNING - The virtalenv_python example task requires virtualenv, please install it.
[2024-04-02 19:39:57,448] {processor.py:651} INFO - DAG(s) dict_keys(['example_python_operator']) retrieved from /Users/miltonvolpato/Git/Alura_Airflow_Oficial/venv/lib/python3.9/site-packages/airflow/example_dags/example_python_operator.py
[2024-04-02 19:39:57,477] {logging_mixin.py:115} INFO - [2024-04-02 19:39:57,477] {dag.py:2379} INFO - Sync 1 DAGs
[2024-04-02 19:39:57,483] {logging_mixin.py:115} INFO - [2024-04-02 19:39:57,483] {dag.py:2927} INFO - Setting next_dagrun for example_python_operator to None, run_after=None
[2024-04-02 19:39:57,488] {processor.py:161} INFO - Processing /Users/miltonvolpato/Git/Alura_Airflow_Oficial/venv/lib/python3.9/site-packages/airflow/example_dags/example_python_operator.py took 0.056 seconds
[2024-04-02 19:40:50,310] {processor.py:153} INFO - Started process (PID=11636) to work on /Users/miltonvolpato/Git/Alura_Airflow_Oficial/venv/lib/python3.9/site-packages/airflow/example_dags/example_python_operator.py
[2024-04-02 19:40:50,310] {processor.py:641} INFO - Processing file /Users/miltonvolpato/Git/Alura_Airflow_Oficial/venv/lib/python3.9/site-packages/airflow/example_dags/example_python_operator.py for tasks to queue
[2024-04-02 19:40:50,310] {logging_mixin.py:115} INFO - [2024-04-02 19:40:50,310] {dagbag.py:507} INFO - Filling up the DagBag from /Users/miltonvolpato/Git/Alura_Airflow_Oficial/venv/lib/python3.9/site-packages/airflow/example_dags/example_python_operator.py
[2024-04-02 19:40:50,321] {logging_mixin.py:115} INFO - [2024-04-02 19:40:50,321] {example_python_operator.py:68} WARNING - The virtalenv_python example task requires virtualenv, please install it.
[2024-04-02 19:40:50,324] {processor.py:651} INFO - DAG(s) dict_keys(['example_python_operator']) retrieved from /Users/miltonvolpato/Git/Alura_Airflow_Oficial/venv/lib/python3.9/site-packages/airflow/example_dags/example_python_operator.py
[2024-04-02 19:40:50,353] {logging_mixin.py:115} INFO - [2024-04-02 19:40:50,353] {dag.py:2379} INFO - Sync 1 DAGs
[2024-04-02 19:40:50,359] {logging_mixin.py:115} INFO - [2024-04-02 19:40:50,359] {dag.py:2927} INFO - Setting next_dagrun for example_python_operator to None, run_after=None
[2024-04-02 19:40:50,364] {processor.py:161} INFO - Processing /Users/miltonvolpato/Git/Alura_Airflow_Oficial/venv/lib/python3.9/site-packages/airflow/example_dags/example_python_operator.py took 0.055 seconds
[2024-04-02 19:41:43,985] {processor.py:153} INFO - Started process (PID=11686) to work on /Users/miltonvolpato/Git/Alura_Airflow_Oficial/venv/lib/python3.9/site-packages/airflow/example_dags/example_python_operator.py
[2024-04-02 19:41:43,985] {processor.py:641} INFO - Processing file /Users/miltonvolpato/Git/Alura_Airflow_Oficial/venv/lib/python3.9/site-packages/airflow/example_dags/example_python_operator.py for tasks to queue
[2024-04-02 19:41:43,985] {logging_mixin.py:115} INFO - [2024-04-02 19:41:43,985] {dagbag.py:507} INFO - Filling up the DagBag from /Users/miltonvolpato/Git/Alura_Airflow_Oficial/venv/lib/python3.9/site-packages/airflow/example_dags/example_python_operator.py
[2024-04-02 19:41:43,997] {logging_mixin.py:115} INFO - [2024-04-02 19:41:43,997] {example_python_operator.py:68} WARNING - The virtalenv_python example task requires virtualenv, please install it.
[2024-04-02 19:41:44,000] {processor.py:651} INFO - DAG(s) dict_keys(['example_python_operator']) retrieved from /Users/miltonvolpato/Git/Alura_Airflow_Oficial/venv/lib/python3.9/site-packages/airflow/example_dags/example_python_operator.py
[2024-04-02 19:41:44,029] {logging_mixin.py:115} INFO - [2024-04-02 19:41:44,029] {dag.py:2379} INFO - Sync 1 DAGs
[2024-04-02 19:41:44,035] {logging_mixin.py:115} INFO - [2024-04-02 19:41:44,035] {dag.py:2927} INFO - Setting next_dagrun for example_python_operator to None, run_after=None
[2024-04-02 19:41:44,040] {processor.py:161} INFO - Processing /Users/miltonvolpato/Git/Alura_Airflow_Oficial/venv/lib/python3.9/site-packages/airflow/example_dags/example_python_operator.py took 0.055 seconds
[2024-04-02 19:42:37,535] {processor.py:153} INFO - Started process (PID=11736) to work on /Users/miltonvolpato/Git/Alura_Airflow_Oficial/venv/lib/python3.9/site-packages/airflow/example_dags/example_python_operator.py
[2024-04-02 19:42:37,536] {processor.py:641} INFO - Processing file /Users/miltonvolpato/Git/Alura_Airflow_Oficial/venv/lib/python3.9/site-packages/airflow/example_dags/example_python_operator.py for tasks to queue
[2024-04-02 19:42:37,536] {logging_mixin.py:115} INFO - [2024-04-02 19:42:37,536] {dagbag.py:507} INFO - Filling up the DagBag from /Users/miltonvolpato/Git/Alura_Airflow_Oficial/venv/lib/python3.9/site-packages/airflow/example_dags/example_python_operator.py
[2024-04-02 19:42:37,548] {logging_mixin.py:115} INFO - [2024-04-02 19:42:37,548] {example_python_operator.py:68} WARNING - The virtalenv_python example task requires virtualenv, please install it.
[2024-04-02 19:42:37,551] {processor.py:651} INFO - DAG(s) dict_keys(['example_python_operator']) retrieved from /Users/miltonvolpato/Git/Alura_Airflow_Oficial/venv/lib/python3.9/site-packages/airflow/example_dags/example_python_operator.py
[2024-04-02 19:42:37,581] {logging_mixin.py:115} INFO - [2024-04-02 19:42:37,581] {dag.py:2379} INFO - Sync 1 DAGs
[2024-04-02 19:42:37,587] {logging_mixin.py:115} INFO - [2024-04-02 19:42:37,587] {dag.py:2927} INFO - Setting next_dagrun for example_python_operator to None, run_after=None
[2024-04-02 19:42:37,592] {processor.py:161} INFO - Processing /Users/miltonvolpato/Git/Alura_Airflow_Oficial/venv/lib/python3.9/site-packages/airflow/example_dags/example_python_operator.py took 0.056 seconds
[2024-04-02 19:43:26,690] {processor.py:153} INFO - Started process (PID=11781) to work on /Users/miltonvolpato/Git/Alura_Airflow_Oficial/venv/lib/python3.9/site-packages/airflow/example_dags/example_python_operator.py
[2024-04-02 19:43:26,691] {processor.py:641} INFO - Processing file /Users/miltonvolpato/Git/Alura_Airflow_Oficial/venv/lib/python3.9/site-packages/airflow/example_dags/example_python_operator.py for tasks to queue
[2024-04-02 19:43:26,691] {logging_mixin.py:115} INFO - [2024-04-02 19:43:26,691] {dagbag.py:507} INFO - Filling up the DagBag from /Users/miltonvolpato/Git/Alura_Airflow_Oficial/venv/lib/python3.9/site-packages/airflow/example_dags/example_python_operator.py
[2024-04-02 19:43:26,703] {logging_mixin.py:115} INFO - [2024-04-02 19:43:26,703] {example_python_operator.py:68} WARNING - The virtalenv_python example task requires virtualenv, please install it.
[2024-04-02 19:43:26,707] {processor.py:651} INFO - DAG(s) dict_keys(['example_python_operator']) retrieved from /Users/miltonvolpato/Git/Alura_Airflow_Oficial/venv/lib/python3.9/site-packages/airflow/example_dags/example_python_operator.py
[2024-04-02 19:43:26,737] {logging_mixin.py:115} INFO - [2024-04-02 19:43:26,737] {dag.py:2379} INFO - Sync 1 DAGs
[2024-04-02 19:43:26,743] {logging_mixin.py:115} INFO - [2024-04-02 19:43:26,743] {dag.py:2927} INFO - Setting next_dagrun for example_python_operator to None, run_after=None
[2024-04-02 19:43:26,748] {processor.py:161} INFO - Processing /Users/miltonvolpato/Git/Alura_Airflow_Oficial/venv/lib/python3.9/site-packages/airflow/example_dags/example_python_operator.py took 0.058 seconds
[2024-04-02 19:44:21,905] {processor.py:153} INFO - Started process (PID=11843) to work on /Users/miltonvolpato/Git/Alura_Airflow_Oficial/venv/lib/python3.9/site-packages/airflow/example_dags/example_python_operator.py
[2024-04-02 19:44:21,906] {processor.py:641} INFO - Processing file /Users/miltonvolpato/Git/Alura_Airflow_Oficial/venv/lib/python3.9/site-packages/airflow/example_dags/example_python_operator.py for tasks to queue
[2024-04-02 19:44:21,906] {logging_mixin.py:115} INFO - [2024-04-02 19:44:21,906] {dagbag.py:507} INFO - Filling up the DagBag from /Users/miltonvolpato/Git/Alura_Airflow_Oficial/venv/lib/python3.9/site-packages/airflow/example_dags/example_python_operator.py
[2024-04-02 19:44:21,918] {logging_mixin.py:115} INFO - [2024-04-02 19:44:21,918] {example_python_operator.py:68} WARNING - The virtalenv_python example task requires virtualenv, please install it.
[2024-04-02 19:44:21,921] {processor.py:651} INFO - DAG(s) dict_keys(['example_python_operator']) retrieved from /Users/miltonvolpato/Git/Alura_Airflow_Oficial/venv/lib/python3.9/site-packages/airflow/example_dags/example_python_operator.py
[2024-04-02 19:44:21,951] {logging_mixin.py:115} INFO - [2024-04-02 19:44:21,951] {dag.py:2379} INFO - Sync 1 DAGs
[2024-04-02 19:44:21,957] {logging_mixin.py:115} INFO - [2024-04-02 19:44:21,957] {dag.py:2927} INFO - Setting next_dagrun for example_python_operator to None, run_after=None
[2024-04-02 19:44:21,962] {processor.py:161} INFO - Processing /Users/miltonvolpato/Git/Alura_Airflow_Oficial/venv/lib/python3.9/site-packages/airflow/example_dags/example_python_operator.py took 0.058 seconds
[2024-04-02 19:45:13,869] {processor.py:153} INFO - Started process (PID=11909) to work on /Users/miltonvolpato/Git/Alura_Airflow_Oficial/venv/lib/python3.9/site-packages/airflow/example_dags/example_python_operator.py
[2024-04-02 19:45:13,870] {processor.py:641} INFO - Processing file /Users/miltonvolpato/Git/Alura_Airflow_Oficial/venv/lib/python3.9/site-packages/airflow/example_dags/example_python_operator.py for tasks to queue
[2024-04-02 19:45:13,870] {logging_mixin.py:115} INFO - [2024-04-02 19:45:13,870] {dagbag.py:507} INFO - Filling up the DagBag from /Users/miltonvolpato/Git/Alura_Airflow_Oficial/venv/lib/python3.9/site-packages/airflow/example_dags/example_python_operator.py
[2024-04-02 19:45:13,882] {logging_mixin.py:115} INFO - [2024-04-02 19:45:13,882] {example_python_operator.py:68} WARNING - The virtalenv_python example task requires virtualenv, please install it.
[2024-04-02 19:45:13,885] {processor.py:651} INFO - DAG(s) dict_keys(['example_python_operator']) retrieved from /Users/miltonvolpato/Git/Alura_Airflow_Oficial/venv/lib/python3.9/site-packages/airflow/example_dags/example_python_operator.py
[2024-04-02 19:45:13,914] {logging_mixin.py:115} INFO - [2024-04-02 19:45:13,914] {dag.py:2379} INFO - Sync 1 DAGs
[2024-04-02 19:45:13,920] {logging_mixin.py:115} INFO - [2024-04-02 19:45:13,920] {dag.py:2927} INFO - Setting next_dagrun for example_python_operator to None, run_after=None
[2024-04-02 19:45:13,925] {processor.py:161} INFO - Processing /Users/miltonvolpato/Git/Alura_Airflow_Oficial/venv/lib/python3.9/site-packages/airflow/example_dags/example_python_operator.py took 0.056 seconds
[2024-04-02 19:46:02,667] {processor.py:153} INFO - Started process (PID=11965) to work on /Users/miltonvolpato/Git/Alura_Airflow_Oficial/venv/lib/python3.9/site-packages/airflow/example_dags/example_python_operator.py
[2024-04-02 19:46:02,667] {processor.py:641} INFO - Processing file /Users/miltonvolpato/Git/Alura_Airflow_Oficial/venv/lib/python3.9/site-packages/airflow/example_dags/example_python_operator.py for tasks to queue
[2024-04-02 19:46:02,667] {logging_mixin.py:115} INFO - [2024-04-02 19:46:02,667] {dagbag.py:507} INFO - Filling up the DagBag from /Users/miltonvolpato/Git/Alura_Airflow_Oficial/venv/lib/python3.9/site-packages/airflow/example_dags/example_python_operator.py
[2024-04-02 19:46:02,680] {logging_mixin.py:115} INFO - [2024-04-02 19:46:02,680] {example_python_operator.py:68} WARNING - The virtalenv_python example task requires virtualenv, please install it.
[2024-04-02 19:46:02,683] {processor.py:651} INFO - DAG(s) dict_keys(['example_python_operator']) retrieved from /Users/miltonvolpato/Git/Alura_Airflow_Oficial/venv/lib/python3.9/site-packages/airflow/example_dags/example_python_operator.py
[2024-04-02 19:46:02,712] {logging_mixin.py:115} INFO - [2024-04-02 19:46:02,712] {dag.py:2379} INFO - Sync 1 DAGs
[2024-04-02 19:46:02,718] {logging_mixin.py:115} INFO - [2024-04-02 19:46:02,718] {dag.py:2927} INFO - Setting next_dagrun for example_python_operator to None, run_after=None
[2024-04-02 19:46:02,723] {processor.py:161} INFO - Processing /Users/miltonvolpato/Git/Alura_Airflow_Oficial/venv/lib/python3.9/site-packages/airflow/example_dags/example_python_operator.py took 0.057 seconds
[2024-04-02 19:46:56,685] {processor.py:153} INFO - Started process (PID=12040) to work on /Users/miltonvolpato/Git/Alura_Airflow_Oficial/venv/lib/python3.9/site-packages/airflow/example_dags/example_python_operator.py
[2024-04-02 19:46:56,686] {processor.py:641} INFO - Processing file /Users/miltonvolpato/Git/Alura_Airflow_Oficial/venv/lib/python3.9/site-packages/airflow/example_dags/example_python_operator.py for tasks to queue
[2024-04-02 19:46:56,686] {logging_mixin.py:115} INFO - [2024-04-02 19:46:56,686] {dagbag.py:507} INFO - Filling up the DagBag from /Users/miltonvolpato/Git/Alura_Airflow_Oficial/venv/lib/python3.9/site-packages/airflow/example_dags/example_python_operator.py
[2024-04-02 19:46:56,699] {logging_mixin.py:115} INFO - [2024-04-02 19:46:56,699] {example_python_operator.py:68} WARNING - The virtalenv_python example task requires virtualenv, please install it.
[2024-04-02 19:46:56,703] {processor.py:651} INFO - DAG(s) dict_keys(['example_python_operator']) retrieved from /Users/miltonvolpato/Git/Alura_Airflow_Oficial/venv/lib/python3.9/site-packages/airflow/example_dags/example_python_operator.py
[2024-04-02 19:46:56,739] {logging_mixin.py:115} INFO - [2024-04-02 19:46:56,739] {dag.py:2379} INFO - Sync 1 DAGs
[2024-04-02 19:46:56,746] {logging_mixin.py:115} INFO - [2024-04-02 19:46:56,746] {dag.py:2927} INFO - Setting next_dagrun for example_python_operator to None, run_after=None
[2024-04-02 19:46:56,751] {processor.py:161} INFO - Processing /Users/miltonvolpato/Git/Alura_Airflow_Oficial/venv/lib/python3.9/site-packages/airflow/example_dags/example_python_operator.py took 0.066 seconds
[2024-04-02 19:47:48,902] {processor.py:153} INFO - Started process (PID=12113) to work on /Users/miltonvolpato/Git/Alura_Airflow_Oficial/venv/lib/python3.9/site-packages/airflow/example_dags/example_python_operator.py
[2024-04-02 19:47:48,902] {processor.py:641} INFO - Processing file /Users/miltonvolpato/Git/Alura_Airflow_Oficial/venv/lib/python3.9/site-packages/airflow/example_dags/example_python_operator.py for tasks to queue
[2024-04-02 19:47:48,903] {logging_mixin.py:115} INFO - [2024-04-02 19:47:48,903] {dagbag.py:507} INFO - Filling up the DagBag from /Users/miltonvolpato/Git/Alura_Airflow_Oficial/venv/lib/python3.9/site-packages/airflow/example_dags/example_python_operator.py
[2024-04-02 19:47:48,915] {logging_mixin.py:115} INFO - [2024-04-02 19:47:48,915] {example_python_operator.py:68} WARNING - The virtalenv_python example task requires virtualenv, please install it.
[2024-04-02 19:47:48,919] {processor.py:651} INFO - DAG(s) dict_keys(['example_python_operator']) retrieved from /Users/miltonvolpato/Git/Alura_Airflow_Oficial/venv/lib/python3.9/site-packages/airflow/example_dags/example_python_operator.py
[2024-04-02 19:47:48,948] {logging_mixin.py:115} INFO - [2024-04-02 19:47:48,948] {dag.py:2379} INFO - Sync 1 DAGs
[2024-04-02 19:47:48,954] {logging_mixin.py:115} INFO - [2024-04-02 19:47:48,954] {dag.py:2927} INFO - Setting next_dagrun for example_python_operator to None, run_after=None
[2024-04-02 19:47:48,959] {processor.py:161} INFO - Processing /Users/miltonvolpato/Git/Alura_Airflow_Oficial/venv/lib/python3.9/site-packages/airflow/example_dags/example_python_operator.py took 0.057 seconds
[2024-04-02 19:48:35,046] {processor.py:153} INFO - Started process (PID=12158) to work on /Users/miltonvolpato/Git/Alura_Airflow_Oficial/venv/lib/python3.9/site-packages/airflow/example_dags/example_python_operator.py
[2024-04-02 19:48:35,046] {processor.py:641} INFO - Processing file /Users/miltonvolpato/Git/Alura_Airflow_Oficial/venv/lib/python3.9/site-packages/airflow/example_dags/example_python_operator.py for tasks to queue
[2024-04-02 19:48:35,047] {logging_mixin.py:115} INFO - [2024-04-02 19:48:35,047] {dagbag.py:507} INFO - Filling up the DagBag from /Users/miltonvolpato/Git/Alura_Airflow_Oficial/venv/lib/python3.9/site-packages/airflow/example_dags/example_python_operator.py
[2024-04-02 19:48:35,059] {logging_mixin.py:115} INFO - [2024-04-02 19:48:35,059] {example_python_operator.py:68} WARNING - The virtalenv_python example task requires virtualenv, please install it.
[2024-04-02 19:48:35,062] {processor.py:651} INFO - DAG(s) dict_keys(['example_python_operator']) retrieved from /Users/miltonvolpato/Git/Alura_Airflow_Oficial/venv/lib/python3.9/site-packages/airflow/example_dags/example_python_operator.py
[2024-04-02 19:48:35,092] {logging_mixin.py:115} INFO - [2024-04-02 19:48:35,092] {dag.py:2379} INFO - Sync 1 DAGs
[2024-04-02 19:48:35,099] {logging_mixin.py:115} INFO - [2024-04-02 19:48:35,099] {dag.py:2927} INFO - Setting next_dagrun for example_python_operator to None, run_after=None
[2024-04-02 19:48:35,104] {processor.py:161} INFO - Processing /Users/miltonvolpato/Git/Alura_Airflow_Oficial/venv/lib/python3.9/site-packages/airflow/example_dags/example_python_operator.py took 0.058 seconds
[2024-04-02 19:49:24,639] {processor.py:153} INFO - Started process (PID=12222) to work on /Users/miltonvolpato/Git/Alura_Airflow_Oficial/venv/lib/python3.9/site-packages/airflow/example_dags/example_python_operator.py
[2024-04-02 19:49:24,640] {processor.py:641} INFO - Processing file /Users/miltonvolpato/Git/Alura_Airflow_Oficial/venv/lib/python3.9/site-packages/airflow/example_dags/example_python_operator.py for tasks to queue
[2024-04-02 19:49:24,640] {logging_mixin.py:115} INFO - [2024-04-02 19:49:24,640] {dagbag.py:507} INFO - Filling up the DagBag from /Users/miltonvolpato/Git/Alura_Airflow_Oficial/venv/lib/python3.9/site-packages/airflow/example_dags/example_python_operator.py
[2024-04-02 19:49:24,653] {logging_mixin.py:115} INFO - [2024-04-02 19:49:24,653] {example_python_operator.py:68} WARNING - The virtalenv_python example task requires virtualenv, please install it.
[2024-04-02 19:49:24,656] {processor.py:651} INFO - DAG(s) dict_keys(['example_python_operator']) retrieved from /Users/miltonvolpato/Git/Alura_Airflow_Oficial/venv/lib/python3.9/site-packages/airflow/example_dags/example_python_operator.py
[2024-04-02 19:49:24,686] {logging_mixin.py:115} INFO - [2024-04-02 19:49:24,686] {dag.py:2379} INFO - Sync 1 DAGs
[2024-04-02 19:49:24,692] {logging_mixin.py:115} INFO - [2024-04-02 19:49:24,692] {dag.py:2927} INFO - Setting next_dagrun for example_python_operator to None, run_after=None
[2024-04-02 19:49:24,697] {processor.py:161} INFO - Processing /Users/miltonvolpato/Git/Alura_Airflow_Oficial/venv/lib/python3.9/site-packages/airflow/example_dags/example_python_operator.py took 0.058 seconds
[2024-04-02 19:50:18,816] {processor.py:153} INFO - Started process (PID=12268) to work on /Users/miltonvolpato/Git/Alura_Airflow_Oficial/venv/lib/python3.9/site-packages/airflow/example_dags/example_python_operator.py
[2024-04-02 19:50:18,817] {processor.py:641} INFO - Processing file /Users/miltonvolpato/Git/Alura_Airflow_Oficial/venv/lib/python3.9/site-packages/airflow/example_dags/example_python_operator.py for tasks to queue
[2024-04-02 19:50:18,817] {logging_mixin.py:115} INFO - [2024-04-02 19:50:18,817] {dagbag.py:507} INFO - Filling up the DagBag from /Users/miltonvolpato/Git/Alura_Airflow_Oficial/venv/lib/python3.9/site-packages/airflow/example_dags/example_python_operator.py
[2024-04-02 19:50:18,829] {logging_mixin.py:115} INFO - [2024-04-02 19:50:18,829] {example_python_operator.py:68} WARNING - The virtalenv_python example task requires virtualenv, please install it.
[2024-04-02 19:50:18,832] {processor.py:651} INFO - DAG(s) dict_keys(['example_python_operator']) retrieved from /Users/miltonvolpato/Git/Alura_Airflow_Oficial/venv/lib/python3.9/site-packages/airflow/example_dags/example_python_operator.py
[2024-04-02 19:50:18,862] {logging_mixin.py:115} INFO - [2024-04-02 19:50:18,862] {dag.py:2379} INFO - Sync 1 DAGs
[2024-04-02 19:50:18,868] {logging_mixin.py:115} INFO - [2024-04-02 19:50:18,868] {dag.py:2927} INFO - Setting next_dagrun for example_python_operator to None, run_after=None
[2024-04-02 19:50:18,873] {processor.py:161} INFO - Processing /Users/miltonvolpato/Git/Alura_Airflow_Oficial/venv/lib/python3.9/site-packages/airflow/example_dags/example_python_operator.py took 0.057 seconds
[2024-04-02 19:51:09,460] {processor.py:153} INFO - Started process (PID=12313) to work on /Users/miltonvolpato/Git/Alura_Airflow_Oficial/venv/lib/python3.9/site-packages/airflow/example_dags/example_python_operator.py
[2024-04-02 19:51:09,461] {processor.py:641} INFO - Processing file /Users/miltonvolpato/Git/Alura_Airflow_Oficial/venv/lib/python3.9/site-packages/airflow/example_dags/example_python_operator.py for tasks to queue
[2024-04-02 19:51:09,461] {logging_mixin.py:115} INFO - [2024-04-02 19:51:09,461] {dagbag.py:507} INFO - Filling up the DagBag from /Users/miltonvolpato/Git/Alura_Airflow_Oficial/venv/lib/python3.9/site-packages/airflow/example_dags/example_python_operator.py
[2024-04-02 19:51:09,474] {logging_mixin.py:115} INFO - [2024-04-02 19:51:09,474] {example_python_operator.py:68} WARNING - The virtalenv_python example task requires virtualenv, please install it.
[2024-04-02 19:51:09,477] {processor.py:651} INFO - DAG(s) dict_keys(['example_python_operator']) retrieved from /Users/miltonvolpato/Git/Alura_Airflow_Oficial/venv/lib/python3.9/site-packages/airflow/example_dags/example_python_operator.py
[2024-04-02 19:51:09,506] {logging_mixin.py:115} INFO - [2024-04-02 19:51:09,506] {dag.py:2379} INFO - Sync 1 DAGs
[2024-04-02 19:51:09,512] {logging_mixin.py:115} INFO - [2024-04-02 19:51:09,512] {dag.py:2927} INFO - Setting next_dagrun for example_python_operator to None, run_after=None
[2024-04-02 19:51:09,517] {processor.py:161} INFO - Processing /Users/miltonvolpato/Git/Alura_Airflow_Oficial/venv/lib/python3.9/site-packages/airflow/example_dags/example_python_operator.py took 0.057 seconds
[2024-04-02 19:51:52,701] {processor.py:153} INFO - Started process (PID=12357) to work on /Users/miltonvolpato/Git/Alura_Airflow_Oficial/venv/lib/python3.9/site-packages/airflow/example_dags/example_python_operator.py
[2024-04-02 19:51:52,701] {processor.py:641} INFO - Processing file /Users/miltonvolpato/Git/Alura_Airflow_Oficial/venv/lib/python3.9/site-packages/airflow/example_dags/example_python_operator.py for tasks to queue
[2024-04-02 19:51:52,701] {logging_mixin.py:115} INFO - [2024-04-02 19:51:52,701] {dagbag.py:507} INFO - Filling up the DagBag from /Users/miltonvolpato/Git/Alura_Airflow_Oficial/venv/lib/python3.9/site-packages/airflow/example_dags/example_python_operator.py
[2024-04-02 19:51:52,714] {logging_mixin.py:115} INFO - [2024-04-02 19:51:52,713] {example_python_operator.py:68} WARNING - The virtalenv_python example task requires virtualenv, please install it.
[2024-04-02 19:51:52,717] {processor.py:651} INFO - DAG(s) dict_keys(['example_python_operator']) retrieved from /Users/miltonvolpato/Git/Alura_Airflow_Oficial/venv/lib/python3.9/site-packages/airflow/example_dags/example_python_operator.py
[2024-04-02 19:51:52,747] {logging_mixin.py:115} INFO - [2024-04-02 19:51:52,747] {dag.py:2379} INFO - Sync 1 DAGs
[2024-04-02 19:51:52,753] {logging_mixin.py:115} INFO - [2024-04-02 19:51:52,753] {dag.py:2927} INFO - Setting next_dagrun for example_python_operator to None, run_after=None
[2024-04-02 19:51:52,758] {processor.py:161} INFO - Processing /Users/miltonvolpato/Git/Alura_Airflow_Oficial/venv/lib/python3.9/site-packages/airflow/example_dags/example_python_operator.py took 0.058 seconds
[2024-04-02 19:52:45,061] {processor.py:153} INFO - Started process (PID=12406) to work on /Users/miltonvolpato/Git/Alura_Airflow_Oficial/venv/lib/python3.9/site-packages/airflow/example_dags/example_python_operator.py
[2024-04-02 19:52:45,062] {processor.py:641} INFO - Processing file /Users/miltonvolpato/Git/Alura_Airflow_Oficial/venv/lib/python3.9/site-packages/airflow/example_dags/example_python_operator.py for tasks to queue
[2024-04-02 19:52:45,062] {logging_mixin.py:115} INFO - [2024-04-02 19:52:45,062] {dagbag.py:507} INFO - Filling up the DagBag from /Users/miltonvolpato/Git/Alura_Airflow_Oficial/venv/lib/python3.9/site-packages/airflow/example_dags/example_python_operator.py
[2024-04-02 19:52:45,076] {logging_mixin.py:115} INFO - [2024-04-02 19:52:45,076] {example_python_operator.py:68} WARNING - The virtalenv_python example task requires virtualenv, please install it.
[2024-04-02 19:52:45,079] {processor.py:651} INFO - DAG(s) dict_keys(['example_python_operator']) retrieved from /Users/miltonvolpato/Git/Alura_Airflow_Oficial/venv/lib/python3.9/site-packages/airflow/example_dags/example_python_operator.py
[2024-04-02 19:52:45,111] {logging_mixin.py:115} INFO - [2024-04-02 19:52:45,111] {dag.py:2379} INFO - Sync 1 DAGs
[2024-04-02 19:52:45,118] {logging_mixin.py:115} INFO - [2024-04-02 19:52:45,118] {dag.py:2927} INFO - Setting next_dagrun for example_python_operator to None, run_after=None
[2024-04-02 19:52:45,123] {processor.py:161} INFO - Processing /Users/miltonvolpato/Git/Alura_Airflow_Oficial/venv/lib/python3.9/site-packages/airflow/example_dags/example_python_operator.py took 0.063 seconds
[2024-04-02 19:53:43,104] {processor.py:153} INFO - Started process (PID=12488) to work on /Users/miltonvolpato/Git/Alura_Airflow_Oficial/venv/lib/python3.9/site-packages/airflow/example_dags/example_python_operator.py
[2024-04-02 19:53:43,104] {processor.py:641} INFO - Processing file /Users/miltonvolpato/Git/Alura_Airflow_Oficial/venv/lib/python3.9/site-packages/airflow/example_dags/example_python_operator.py for tasks to queue
[2024-04-02 19:53:43,104] {logging_mixin.py:115} INFO - [2024-04-02 19:53:43,104] {dagbag.py:507} INFO - Filling up the DagBag from /Users/miltonvolpato/Git/Alura_Airflow_Oficial/venv/lib/python3.9/site-packages/airflow/example_dags/example_python_operator.py
[2024-04-02 19:53:43,118] {logging_mixin.py:115} INFO - [2024-04-02 19:53:43,118] {example_python_operator.py:68} WARNING - The virtalenv_python example task requires virtualenv, please install it.
[2024-04-02 19:53:43,122] {processor.py:651} INFO - DAG(s) dict_keys(['example_python_operator']) retrieved from /Users/miltonvolpato/Git/Alura_Airflow_Oficial/venv/lib/python3.9/site-packages/airflow/example_dags/example_python_operator.py
[2024-04-02 19:53:43,157] {logging_mixin.py:115} INFO - [2024-04-02 19:53:43,157] {dag.py:2379} INFO - Sync 1 DAGs
[2024-04-02 19:53:43,164] {logging_mixin.py:115} INFO - [2024-04-02 19:53:43,164] {dag.py:2927} INFO - Setting next_dagrun for example_python_operator to None, run_after=None
[2024-04-02 19:53:43,169] {processor.py:161} INFO - Processing /Users/miltonvolpato/Git/Alura_Airflow_Oficial/venv/lib/python3.9/site-packages/airflow/example_dags/example_python_operator.py took 0.065 seconds
[2024-04-02 19:54:37,196] {processor.py:153} INFO - Started process (PID=12603) to work on /Users/miltonvolpato/Git/Alura_Airflow_Oficial/venv/lib/python3.9/site-packages/airflow/example_dags/example_python_operator.py
[2024-04-02 19:54:37,196] {processor.py:641} INFO - Processing file /Users/miltonvolpato/Git/Alura_Airflow_Oficial/venv/lib/python3.9/site-packages/airflow/example_dags/example_python_operator.py for tasks to queue
[2024-04-02 19:54:37,196] {logging_mixin.py:115} INFO - [2024-04-02 19:54:37,196] {dagbag.py:507} INFO - Filling up the DagBag from /Users/miltonvolpato/Git/Alura_Airflow_Oficial/venv/lib/python3.9/site-packages/airflow/example_dags/example_python_operator.py
[2024-04-02 19:54:37,208] {logging_mixin.py:115} INFO - [2024-04-02 19:54:37,208] {example_python_operator.py:68} WARNING - The virtalenv_python example task requires virtualenv, please install it.
[2024-04-02 19:54:37,211] {processor.py:651} INFO - DAG(s) dict_keys(['example_python_operator']) retrieved from /Users/miltonvolpato/Git/Alura_Airflow_Oficial/venv/lib/python3.9/site-packages/airflow/example_dags/example_python_operator.py
[2024-04-02 19:54:37,241] {logging_mixin.py:115} INFO - [2024-04-02 19:54:37,241] {dag.py:2379} INFO - Sync 1 DAGs
[2024-04-02 19:54:37,248] {logging_mixin.py:115} INFO - [2024-04-02 19:54:37,247] {dag.py:2927} INFO - Setting next_dagrun for example_python_operator to None, run_after=None
[2024-04-02 19:54:37,252] {processor.py:161} INFO - Processing /Users/miltonvolpato/Git/Alura_Airflow_Oficial/venv/lib/python3.9/site-packages/airflow/example_dags/example_python_operator.py took 0.057 seconds
[2024-04-02 19:55:33,809] {processor.py:153} INFO - Started process (PID=12660) to work on /Users/miltonvolpato/Git/Alura_Airflow_Oficial/venv/lib/python3.9/site-packages/airflow/example_dags/example_python_operator.py
[2024-04-02 19:55:33,809] {processor.py:641} INFO - Processing file /Users/miltonvolpato/Git/Alura_Airflow_Oficial/venv/lib/python3.9/site-packages/airflow/example_dags/example_python_operator.py for tasks to queue
[2024-04-02 19:55:33,809] {logging_mixin.py:115} INFO - [2024-04-02 19:55:33,809] {dagbag.py:507} INFO - Filling up the DagBag from /Users/miltonvolpato/Git/Alura_Airflow_Oficial/venv/lib/python3.9/site-packages/airflow/example_dags/example_python_operator.py
[2024-04-02 19:55:33,823] {logging_mixin.py:115} INFO - [2024-04-02 19:55:33,822] {example_python_operator.py:68} WARNING - The virtalenv_python example task requires virtualenv, please install it.
[2024-04-02 19:55:33,826] {processor.py:651} INFO - DAG(s) dict_keys(['example_python_operator']) retrieved from /Users/miltonvolpato/Git/Alura_Airflow_Oficial/venv/lib/python3.9/site-packages/airflow/example_dags/example_python_operator.py
[2024-04-02 19:55:33,858] {logging_mixin.py:115} INFO - [2024-04-02 19:55:33,858] {dag.py:2379} INFO - Sync 1 DAGs
[2024-04-02 19:55:33,865] {logging_mixin.py:115} INFO - [2024-04-02 19:55:33,865] {dag.py:2927} INFO - Setting next_dagrun for example_python_operator to None, run_after=None
[2024-04-02 19:55:33,870] {processor.py:161} INFO - Processing /Users/miltonvolpato/Git/Alura_Airflow_Oficial/venv/lib/python3.9/site-packages/airflow/example_dags/example_python_operator.py took 0.062 seconds
[2024-04-02 19:56:27,222] {processor.py:153} INFO - Started process (PID=12770) to work on /Users/miltonvolpato/Git/Alura_Airflow_Oficial/venv/lib/python3.9/site-packages/airflow/example_dags/example_python_operator.py
[2024-04-02 19:56:27,222] {processor.py:641} INFO - Processing file /Users/miltonvolpato/Git/Alura_Airflow_Oficial/venv/lib/python3.9/site-packages/airflow/example_dags/example_python_operator.py for tasks to queue
[2024-04-02 19:56:27,222] {logging_mixin.py:115} INFO - [2024-04-02 19:56:27,222] {dagbag.py:507} INFO - Filling up the DagBag from /Users/miltonvolpato/Git/Alura_Airflow_Oficial/venv/lib/python3.9/site-packages/airflow/example_dags/example_python_operator.py
[2024-04-02 19:56:27,235] {logging_mixin.py:115} INFO - [2024-04-02 19:56:27,235] {example_python_operator.py:68} WARNING - The virtalenv_python example task requires virtualenv, please install it.
[2024-04-02 19:56:27,239] {processor.py:651} INFO - DAG(s) dict_keys(['example_python_operator']) retrieved from /Users/miltonvolpato/Git/Alura_Airflow_Oficial/venv/lib/python3.9/site-packages/airflow/example_dags/example_python_operator.py
[2024-04-02 19:56:27,270] {logging_mixin.py:115} INFO - [2024-04-02 19:56:27,270] {dag.py:2379} INFO - Sync 1 DAGs
[2024-04-02 19:56:27,277] {logging_mixin.py:115} INFO - [2024-04-02 19:56:27,277] {dag.py:2927} INFO - Setting next_dagrun for example_python_operator to None, run_after=None
[2024-04-02 19:56:27,283] {processor.py:161} INFO - Processing /Users/miltonvolpato/Git/Alura_Airflow_Oficial/venv/lib/python3.9/site-packages/airflow/example_dags/example_python_operator.py took 0.062 seconds
[2024-04-02 19:57:21,573] {processor.py:153} INFO - Started process (PID=12826) to work on /Users/miltonvolpato/Git/Alura_Airflow_Oficial/venv/lib/python3.9/site-packages/airflow/example_dags/example_python_operator.py
[2024-04-02 19:57:21,573] {processor.py:641} INFO - Processing file /Users/miltonvolpato/Git/Alura_Airflow_Oficial/venv/lib/python3.9/site-packages/airflow/example_dags/example_python_operator.py for tasks to queue
[2024-04-02 19:57:21,573] {logging_mixin.py:115} INFO - [2024-04-02 19:57:21,573] {dagbag.py:507} INFO - Filling up the DagBag from /Users/miltonvolpato/Git/Alura_Airflow_Oficial/venv/lib/python3.9/site-packages/airflow/example_dags/example_python_operator.py
[2024-04-02 19:57:21,585] {logging_mixin.py:115} INFO - [2024-04-02 19:57:21,585] {example_python_operator.py:68} WARNING - The virtalenv_python example task requires virtualenv, please install it.
[2024-04-02 19:57:21,588] {processor.py:651} INFO - DAG(s) dict_keys(['example_python_operator']) retrieved from /Users/miltonvolpato/Git/Alura_Airflow_Oficial/venv/lib/python3.9/site-packages/airflow/example_dags/example_python_operator.py
[2024-04-02 19:57:21,618] {logging_mixin.py:115} INFO - [2024-04-02 19:57:21,618] {dag.py:2379} INFO - Sync 1 DAGs
[2024-04-02 19:57:21,625] {logging_mixin.py:115} INFO - [2024-04-02 19:57:21,625] {dag.py:2927} INFO - Setting next_dagrun for example_python_operator to None, run_after=None
[2024-04-02 19:57:21,630] {processor.py:161} INFO - Processing /Users/miltonvolpato/Git/Alura_Airflow_Oficial/venv/lib/python3.9/site-packages/airflow/example_dags/example_python_operator.py took 0.057 seconds
[2024-04-02 19:58:10,578] {processor.py:153} INFO - Started process (PID=12869) to work on /Users/miltonvolpato/Git/Alura_Airflow_Oficial/venv/lib/python3.9/site-packages/airflow/example_dags/example_python_operator.py
[2024-04-02 19:58:10,578] {processor.py:641} INFO - Processing file /Users/miltonvolpato/Git/Alura_Airflow_Oficial/venv/lib/python3.9/site-packages/airflow/example_dags/example_python_operator.py for tasks to queue
[2024-04-02 19:58:10,578] {logging_mixin.py:115} INFO - [2024-04-02 19:58:10,578] {dagbag.py:507} INFO - Filling up the DagBag from /Users/miltonvolpato/Git/Alura_Airflow_Oficial/venv/lib/python3.9/site-packages/airflow/example_dags/example_python_operator.py
[2024-04-02 19:58:10,591] {logging_mixin.py:115} INFO - [2024-04-02 19:58:10,591] {example_python_operator.py:68} WARNING - The virtalenv_python example task requires virtualenv, please install it.
[2024-04-02 19:58:10,595] {processor.py:651} INFO - DAG(s) dict_keys(['example_python_operator']) retrieved from /Users/miltonvolpato/Git/Alura_Airflow_Oficial/venv/lib/python3.9/site-packages/airflow/example_dags/example_python_operator.py
[2024-04-02 19:58:10,625] {logging_mixin.py:115} INFO - [2024-04-02 19:58:10,625] {dag.py:2379} INFO - Sync 1 DAGs
[2024-04-02 19:58:10,632] {logging_mixin.py:115} INFO - [2024-04-02 19:58:10,632] {dag.py:2927} INFO - Setting next_dagrun for example_python_operator to None, run_after=None
[2024-04-02 19:58:10,637] {processor.py:161} INFO - Processing /Users/miltonvolpato/Git/Alura_Airflow_Oficial/venv/lib/python3.9/site-packages/airflow/example_dags/example_python_operator.py took 0.059 seconds
[2024-04-02 19:59:08,184] {processor.py:153} INFO - Started process (PID=12919) to work on /Users/miltonvolpato/Git/Alura_Airflow_Oficial/venv/lib/python3.9/site-packages/airflow/example_dags/example_python_operator.py
[2024-04-02 19:59:08,184] {processor.py:641} INFO - Processing file /Users/miltonvolpato/Git/Alura_Airflow_Oficial/venv/lib/python3.9/site-packages/airflow/example_dags/example_python_operator.py for tasks to queue
[2024-04-02 19:59:08,184] {logging_mixin.py:115} INFO - [2024-04-02 19:59:08,184] {dagbag.py:507} INFO - Filling up the DagBag from /Users/miltonvolpato/Git/Alura_Airflow_Oficial/venv/lib/python3.9/site-packages/airflow/example_dags/example_python_operator.py
[2024-04-02 19:59:08,196] {logging_mixin.py:115} INFO - [2024-04-02 19:59:08,196] {example_python_operator.py:68} WARNING - The virtalenv_python example task requires virtualenv, please install it.
[2024-04-02 19:59:08,199] {processor.py:651} INFO - DAG(s) dict_keys(['example_python_operator']) retrieved from /Users/miltonvolpato/Git/Alura_Airflow_Oficial/venv/lib/python3.9/site-packages/airflow/example_dags/example_python_operator.py
[2024-04-02 19:59:08,229] {logging_mixin.py:115} INFO - [2024-04-02 19:59:08,229] {dag.py:2379} INFO - Sync 1 DAGs
[2024-04-02 19:59:08,236] {logging_mixin.py:115} INFO - [2024-04-02 19:59:08,236] {dag.py:2927} INFO - Setting next_dagrun for example_python_operator to None, run_after=None
[2024-04-02 19:59:08,241] {processor.py:161} INFO - Processing /Users/miltonvolpato/Git/Alura_Airflow_Oficial/venv/lib/python3.9/site-packages/airflow/example_dags/example_python_operator.py took 0.058 seconds
[2024-04-02 20:00:04,556] {processor.py:153} INFO - Started process (PID=12967) to work on /Users/miltonvolpato/Git/Alura_Airflow_Oficial/venv/lib/python3.9/site-packages/airflow/example_dags/example_python_operator.py
[2024-04-02 20:00:04,556] {processor.py:641} INFO - Processing file /Users/miltonvolpato/Git/Alura_Airflow_Oficial/venv/lib/python3.9/site-packages/airflow/example_dags/example_python_operator.py for tasks to queue
[2024-04-02 20:00:04,556] {logging_mixin.py:115} INFO - [2024-04-02 20:00:04,556] {dagbag.py:507} INFO - Filling up the DagBag from /Users/miltonvolpato/Git/Alura_Airflow_Oficial/venv/lib/python3.9/site-packages/airflow/example_dags/example_python_operator.py
[2024-04-02 20:00:04,569] {logging_mixin.py:115} INFO - [2024-04-02 20:00:04,569] {example_python_operator.py:68} WARNING - The virtalenv_python example task requires virtualenv, please install it.
[2024-04-02 20:00:04,572] {processor.py:651} INFO - DAG(s) dict_keys(['example_python_operator']) retrieved from /Users/miltonvolpato/Git/Alura_Airflow_Oficial/venv/lib/python3.9/site-packages/airflow/example_dags/example_python_operator.py
[2024-04-02 20:00:04,601] {logging_mixin.py:115} INFO - [2024-04-02 20:00:04,601] {dag.py:2379} INFO - Sync 1 DAGs
[2024-04-02 20:00:04,608] {logging_mixin.py:115} INFO - [2024-04-02 20:00:04,608] {dag.py:2927} INFO - Setting next_dagrun for example_python_operator to None, run_after=None
[2024-04-02 20:00:04,613] {processor.py:161} INFO - Processing /Users/miltonvolpato/Git/Alura_Airflow_Oficial/venv/lib/python3.9/site-packages/airflow/example_dags/example_python_operator.py took 0.057 seconds
[2024-04-02 20:00:57,651] {processor.py:153} INFO - Started process (PID=13018) to work on /Users/miltonvolpato/Git/Alura_Airflow_Oficial/venv/lib/python3.9/site-packages/airflow/example_dags/example_python_operator.py
[2024-04-02 20:00:57,651] {processor.py:641} INFO - Processing file /Users/miltonvolpato/Git/Alura_Airflow_Oficial/venv/lib/python3.9/site-packages/airflow/example_dags/example_python_operator.py for tasks to queue
[2024-04-02 20:00:57,651] {logging_mixin.py:115} INFO - [2024-04-02 20:00:57,651] {dagbag.py:507} INFO - Filling up the DagBag from /Users/miltonvolpato/Git/Alura_Airflow_Oficial/venv/lib/python3.9/site-packages/airflow/example_dags/example_python_operator.py
[2024-04-02 20:00:57,663] {logging_mixin.py:115} INFO - [2024-04-02 20:00:57,663] {example_python_operator.py:68} WARNING - The virtalenv_python example task requires virtualenv, please install it.
[2024-04-02 20:00:57,666] {processor.py:651} INFO - DAG(s) dict_keys(['example_python_operator']) retrieved from /Users/miltonvolpato/Git/Alura_Airflow_Oficial/venv/lib/python3.9/site-packages/airflow/example_dags/example_python_operator.py
[2024-04-02 20:00:57,696] {logging_mixin.py:115} INFO - [2024-04-02 20:00:57,696] {dag.py:2379} INFO - Sync 1 DAGs
[2024-04-02 20:00:57,702] {logging_mixin.py:115} INFO - [2024-04-02 20:00:57,702] {dag.py:2927} INFO - Setting next_dagrun for example_python_operator to None, run_after=None
[2024-04-02 20:00:57,707] {processor.py:161} INFO - Processing /Users/miltonvolpato/Git/Alura_Airflow_Oficial/venv/lib/python3.9/site-packages/airflow/example_dags/example_python_operator.py took 0.056 seconds
