[2024-04-02 19:36:23,894] {processor.py:153} INFO - Started process (PID=11301) to work on /Users/miltonvolpato/Git/Alura_Airflow_Oficial/venv/lib/python3.9/site-packages/airflow/example_dags/example_xcomargs.py
[2024-04-02 19:36:23,894] {processor.py:641} INFO - Processing file /Users/miltonvolpato/Git/Alura_Airflow_Oficial/venv/lib/python3.9/site-packages/airflow/example_dags/example_xcomargs.py for tasks to queue
[2024-04-02 19:36:23,894] {logging_mixin.py:115} INFO - [2024-04-02 19:36:23,894] {dagbag.py:507} INFO - Filling up the DagBag from /Users/miltonvolpato/Git/Alura_Airflow_Oficial/venv/lib/python3.9/site-packages/airflow/example_dags/example_xcomargs.py
[2024-04-02 19:36:23,910] {processor.py:651} INFO - DAG(s) dict_keys(['example_xcom_args', 'example_xcom_args_with_operators']) retrieved from /Users/miltonvolpato/Git/Alura_Airflow_Oficial/venv/lib/python3.9/site-packages/airflow/example_dags/example_xcomargs.py
[2024-04-02 19:36:24,227] {logging_mixin.py:115} INFO - [2024-04-02 19:36:24,227] {manager.py:508} INFO - Created Permission View: can delete on DAG:example_xcom_args
[2024-04-02 19:36:24,230] {logging_mixin.py:115} INFO - [2024-04-02 19:36:24,230] {manager.py:508} INFO - Created Permission View: can edit on DAG:example_xcom_args
[2024-04-02 19:36:24,232] {logging_mixin.py:115} INFO - [2024-04-02 19:36:24,232] {manager.py:508} INFO - Created Permission View: can read on DAG:example_xcom_args
[2024-04-02 19:36:24,237] {logging_mixin.py:115} INFO - [2024-04-02 19:36:24,237] {manager.py:508} INFO - Created Permission View: can delete on DAG:example_xcom_args_with_operators
[2024-04-02 19:36:24,239] {logging_mixin.py:115} INFO - [2024-04-02 19:36:24,239] {manager.py:508} INFO - Created Permission View: can edit on DAG:example_xcom_args_with_operators
[2024-04-02 19:36:24,241] {logging_mixin.py:115} INFO - [2024-04-02 19:36:24,241] {manager.py:508} INFO - Created Permission View: can read on DAG:example_xcom_args_with_operators
[2024-04-02 19:36:24,241] {logging_mixin.py:115} INFO - [2024-04-02 19:36:24,241] {dag.py:2379} INFO - Sync 2 DAGs
[2024-04-02 19:36:24,245] {logging_mixin.py:115} INFO - [2024-04-02 19:36:24,245] {dag.py:2398} INFO - Creating ORM DAG for example_xcom_args
[2024-04-02 19:36:24,245] {logging_mixin.py:115} INFO - [2024-04-02 19:36:24,245] {dag.py:2398} INFO - Creating ORM DAG for example_xcom_args_with_operators
[2024-04-02 19:36:24,249] {logging_mixin.py:115} INFO - [2024-04-02 19:36:24,249] {dag.py:2927} INFO - Setting next_dagrun for example_xcom_args to None, run_after=None
[2024-04-02 19:36:24,249] {logging_mixin.py:115} INFO - [2024-04-02 19:36:24,249] {dag.py:2927} INFO - Setting next_dagrun for example_xcom_args_with_operators to None, run_after=None
[2024-04-02 19:36:24,254] {processor.py:161} INFO - Processing /Users/miltonvolpato/Git/Alura_Airflow_Oficial/venv/lib/python3.9/site-packages/airflow/example_dags/example_xcomargs.py took 0.360 seconds
[2024-04-02 19:37:17,412] {processor.py:153} INFO - Started process (PID=11386) to work on /Users/miltonvolpato/Git/Alura_Airflow_Oficial/venv/lib/python3.9/site-packages/airflow/example_dags/example_xcomargs.py
[2024-04-02 19:37:17,413] {processor.py:641} INFO - Processing file /Users/miltonvolpato/Git/Alura_Airflow_Oficial/venv/lib/python3.9/site-packages/airflow/example_dags/example_xcomargs.py for tasks to queue
[2024-04-02 19:37:17,414] {logging_mixin.py:115} INFO - [2024-04-02 19:37:17,414] {dagbag.py:507} INFO - Filling up the DagBag from /Users/miltonvolpato/Git/Alura_Airflow_Oficial/venv/lib/python3.9/site-packages/airflow/example_dags/example_xcomargs.py
[2024-04-02 19:37:17,430] {processor.py:651} INFO - DAG(s) dict_keys(['example_xcom_args', 'example_xcom_args_with_operators']) retrieved from /Users/miltonvolpato/Git/Alura_Airflow_Oficial/venv/lib/python3.9/site-packages/airflow/example_dags/example_xcomargs.py
[2024-04-02 19:37:17,690] {logging_mixin.py:115} INFO - [2024-04-02 19:37:17,690] {dag.py:2379} INFO - Sync 2 DAGs
[2024-04-02 19:37:17,697] {logging_mixin.py:115} INFO - [2024-04-02 19:37:17,697] {dag.py:2927} INFO - Setting next_dagrun for example_xcom_args to None, run_after=None
[2024-04-02 19:37:17,697] {logging_mixin.py:115} INFO - [2024-04-02 19:37:17,697] {dag.py:2927} INFO - Setting next_dagrun for example_xcom_args_with_operators to None, run_after=None
[2024-04-02 19:37:17,702] {processor.py:161} INFO - Processing /Users/miltonvolpato/Git/Alura_Airflow_Oficial/venv/lib/python3.9/site-packages/airflow/example_dags/example_xcomargs.py took 0.290 seconds
[2024-04-02 19:37:59,069] {processor.py:153} INFO - Started process (PID=11466) to work on /Users/miltonvolpato/Git/Alura_Airflow_Oficial/venv/lib/python3.9/site-packages/airflow/example_dags/example_xcomargs.py
[2024-04-02 19:37:59,069] {processor.py:641} INFO - Processing file /Users/miltonvolpato/Git/Alura_Airflow_Oficial/venv/lib/python3.9/site-packages/airflow/example_dags/example_xcomargs.py for tasks to queue
[2024-04-02 19:37:59,069] {logging_mixin.py:115} INFO - [2024-04-02 19:37:59,069] {dagbag.py:507} INFO - Filling up the DagBag from /Users/miltonvolpato/Git/Alura_Airflow_Oficial/venv/lib/python3.9/site-packages/airflow/example_dags/example_xcomargs.py
[2024-04-02 19:37:59,087] {processor.py:651} INFO - DAG(s) dict_keys(['example_xcom_args', 'example_xcom_args_with_operators']) retrieved from /Users/miltonvolpato/Git/Alura_Airflow_Oficial/venv/lib/python3.9/site-packages/airflow/example_dags/example_xcomargs.py
[2024-04-02 19:37:59,358] {logging_mixin.py:115} INFO - [2024-04-02 19:37:59,358] {dag.py:2379} INFO - Sync 2 DAGs
[2024-04-02 19:37:59,365] {logging_mixin.py:115} INFO - [2024-04-02 19:37:59,365] {dag.py:2927} INFO - Setting next_dagrun for example_xcom_args to None, run_after=None
[2024-04-02 19:37:59,365] {logging_mixin.py:115} INFO - [2024-04-02 19:37:59,365] {dag.py:2927} INFO - Setting next_dagrun for example_xcom_args_with_operators to None, run_after=None
[2024-04-02 19:37:59,370] {processor.py:161} INFO - Processing /Users/miltonvolpato/Git/Alura_Airflow_Oficial/venv/lib/python3.9/site-packages/airflow/example_dags/example_xcomargs.py took 0.302 seconds
[2024-04-02 19:38:46,436] {processor.py:153} INFO - Started process (PID=11523) to work on /Users/miltonvolpato/Git/Alura_Airflow_Oficial/venv/lib/python3.9/site-packages/airflow/example_dags/example_xcomargs.py
[2024-04-02 19:38:46,436] {processor.py:641} INFO - Processing file /Users/miltonvolpato/Git/Alura_Airflow_Oficial/venv/lib/python3.9/site-packages/airflow/example_dags/example_xcomargs.py for tasks to queue
[2024-04-02 19:38:46,436] {logging_mixin.py:115} INFO - [2024-04-02 19:38:46,436] {dagbag.py:507} INFO - Filling up the DagBag from /Users/miltonvolpato/Git/Alura_Airflow_Oficial/venv/lib/python3.9/site-packages/airflow/example_dags/example_xcomargs.py
[2024-04-02 19:38:46,451] {processor.py:651} INFO - DAG(s) dict_keys(['example_xcom_args', 'example_xcom_args_with_operators']) retrieved from /Users/miltonvolpato/Git/Alura_Airflow_Oficial/venv/lib/python3.9/site-packages/airflow/example_dags/example_xcomargs.py
[2024-04-02 19:38:46,709] {logging_mixin.py:115} INFO - [2024-04-02 19:38:46,709] {dag.py:2379} INFO - Sync 2 DAGs
[2024-04-02 19:38:46,716] {logging_mixin.py:115} INFO - [2024-04-02 19:38:46,716] {dag.py:2927} INFO - Setting next_dagrun for example_xcom_args to None, run_after=None
[2024-04-02 19:38:46,716] {logging_mixin.py:115} INFO - [2024-04-02 19:38:46,716] {dag.py:2927} INFO - Setting next_dagrun for example_xcom_args_with_operators to None, run_after=None
[2024-04-02 19:38:46,722] {processor.py:161} INFO - Processing /Users/miltonvolpato/Git/Alura_Airflow_Oficial/venv/lib/python3.9/site-packages/airflow/example_dags/example_xcomargs.py took 0.286 seconds
[2024-04-02 19:39:35,018] {processor.py:153} INFO - Started process (PID=11566) to work on /Users/miltonvolpato/Git/Alura_Airflow_Oficial/venv/lib/python3.9/site-packages/airflow/example_dags/example_xcomargs.py
[2024-04-02 19:39:35,018] {processor.py:641} INFO - Processing file /Users/miltonvolpato/Git/Alura_Airflow_Oficial/venv/lib/python3.9/site-packages/airflow/example_dags/example_xcomargs.py for tasks to queue
[2024-04-02 19:39:35,019] {logging_mixin.py:115} INFO - [2024-04-02 19:39:35,019] {dagbag.py:507} INFO - Filling up the DagBag from /Users/miltonvolpato/Git/Alura_Airflow_Oficial/venv/lib/python3.9/site-packages/airflow/example_dags/example_xcomargs.py
[2024-04-02 19:39:35,034] {processor.py:651} INFO - DAG(s) dict_keys(['example_xcom_args', 'example_xcom_args_with_operators']) retrieved from /Users/miltonvolpato/Git/Alura_Airflow_Oficial/venv/lib/python3.9/site-packages/airflow/example_dags/example_xcomargs.py
[2024-04-02 19:39:35,289] {logging_mixin.py:115} INFO - [2024-04-02 19:39:35,289] {dag.py:2379} INFO - Sync 2 DAGs
[2024-04-02 19:39:35,296] {logging_mixin.py:115} INFO - [2024-04-02 19:39:35,296] {dag.py:2927} INFO - Setting next_dagrun for example_xcom_args to None, run_after=None
[2024-04-02 19:39:35,296] {logging_mixin.py:115} INFO - [2024-04-02 19:39:35,296] {dag.py:2927} INFO - Setting next_dagrun for example_xcom_args_with_operators to None, run_after=None
[2024-04-02 19:39:35,302] {processor.py:161} INFO - Processing /Users/miltonvolpato/Git/Alura_Airflow_Oficial/venv/lib/python3.9/site-packages/airflow/example_dags/example_xcomargs.py took 0.284 seconds
[2024-04-02 19:40:23,120] {processor.py:153} INFO - Started process (PID=11614) to work on /Users/miltonvolpato/Git/Alura_Airflow_Oficial/venv/lib/python3.9/site-packages/airflow/example_dags/example_xcomargs.py
[2024-04-02 19:40:23,120] {processor.py:641} INFO - Processing file /Users/miltonvolpato/Git/Alura_Airflow_Oficial/venv/lib/python3.9/site-packages/airflow/example_dags/example_xcomargs.py for tasks to queue
[2024-04-02 19:40:23,120] {logging_mixin.py:115} INFO - [2024-04-02 19:40:23,120] {dagbag.py:507} INFO - Filling up the DagBag from /Users/miltonvolpato/Git/Alura_Airflow_Oficial/venv/lib/python3.9/site-packages/airflow/example_dags/example_xcomargs.py
[2024-04-02 19:40:23,135] {processor.py:651} INFO - DAG(s) dict_keys(['example_xcom_args', 'example_xcom_args_with_operators']) retrieved from /Users/miltonvolpato/Git/Alura_Airflow_Oficial/venv/lib/python3.9/site-packages/airflow/example_dags/example_xcomargs.py
[2024-04-02 19:40:23,396] {logging_mixin.py:115} INFO - [2024-04-02 19:40:23,396] {dag.py:2379} INFO - Sync 2 DAGs
[2024-04-02 19:40:23,403] {logging_mixin.py:115} INFO - [2024-04-02 19:40:23,403] {dag.py:2927} INFO - Setting next_dagrun for example_xcom_args to None, run_after=None
[2024-04-02 19:40:23,403] {logging_mixin.py:115} INFO - [2024-04-02 19:40:23,403] {dag.py:2927} INFO - Setting next_dagrun for example_xcom_args_with_operators to None, run_after=None
[2024-04-02 19:40:23,408] {processor.py:161} INFO - Processing /Users/miltonvolpato/Git/Alura_Airflow_Oficial/venv/lib/python3.9/site-packages/airflow/example_dags/example_xcomargs.py took 0.289 seconds
[2024-04-02 19:40:59,555] {processor.py:153} INFO - Started process (PID=11643) to work on /Users/miltonvolpato/Git/Alura_Airflow_Oficial/venv/lib/python3.9/site-packages/airflow/example_dags/example_xcomargs.py
[2024-04-02 19:40:59,556] {processor.py:641} INFO - Processing file /Users/miltonvolpato/Git/Alura_Airflow_Oficial/venv/lib/python3.9/site-packages/airflow/example_dags/example_xcomargs.py for tasks to queue
[2024-04-02 19:40:59,556] {logging_mixin.py:115} INFO - [2024-04-02 19:40:59,556] {dagbag.py:507} INFO - Filling up the DagBag from /Users/miltonvolpato/Git/Alura_Airflow_Oficial/venv/lib/python3.9/site-packages/airflow/example_dags/example_xcomargs.py
[2024-04-02 19:40:59,571] {processor.py:651} INFO - DAG(s) dict_keys(['example_xcom_args', 'example_xcom_args_with_operators']) retrieved from /Users/miltonvolpato/Git/Alura_Airflow_Oficial/venv/lib/python3.9/site-packages/airflow/example_dags/example_xcomargs.py
[2024-04-02 19:40:59,825] {logging_mixin.py:115} INFO - [2024-04-02 19:40:59,825] {dag.py:2379} INFO - Sync 2 DAGs
[2024-04-02 19:40:59,832] {logging_mixin.py:115} INFO - [2024-04-02 19:40:59,832] {dag.py:2927} INFO - Setting next_dagrun for example_xcom_args to None, run_after=None
[2024-04-02 19:40:59,832] {logging_mixin.py:115} INFO - [2024-04-02 19:40:59,832] {dag.py:2927} INFO - Setting next_dagrun for example_xcom_args_with_operators to None, run_after=None
[2024-04-02 19:40:59,838] {processor.py:161} INFO - Processing /Users/miltonvolpato/Git/Alura_Airflow_Oficial/venv/lib/python3.9/site-packages/airflow/example_dags/example_xcomargs.py took 0.282 seconds
[2024-04-02 19:41:35,437] {processor.py:153} INFO - Started process (PID=11678) to work on /Users/miltonvolpato/Git/Alura_Airflow_Oficial/venv/lib/python3.9/site-packages/airflow/example_dags/example_xcomargs.py
[2024-04-02 19:41:35,437] {processor.py:641} INFO - Processing file /Users/miltonvolpato/Git/Alura_Airflow_Oficial/venv/lib/python3.9/site-packages/airflow/example_dags/example_xcomargs.py for tasks to queue
[2024-04-02 19:41:35,437] {logging_mixin.py:115} INFO - [2024-04-02 19:41:35,437] {dagbag.py:507} INFO - Filling up the DagBag from /Users/miltonvolpato/Git/Alura_Airflow_Oficial/venv/lib/python3.9/site-packages/airflow/example_dags/example_xcomargs.py
[2024-04-02 19:41:35,453] {processor.py:651} INFO - DAG(s) dict_keys(['example_xcom_args', 'example_xcom_args_with_operators']) retrieved from /Users/miltonvolpato/Git/Alura_Airflow_Oficial/venv/lib/python3.9/site-packages/airflow/example_dags/example_xcomargs.py
[2024-04-02 19:41:35,712] {logging_mixin.py:115} INFO - [2024-04-02 19:41:35,712] {dag.py:2379} INFO - Sync 2 DAGs
[2024-04-02 19:41:35,719] {logging_mixin.py:115} INFO - [2024-04-02 19:41:35,719] {dag.py:2927} INFO - Setting next_dagrun for example_xcom_args to None, run_after=None
[2024-04-02 19:41:35,719] {logging_mixin.py:115} INFO - [2024-04-02 19:41:35,719] {dag.py:2927} INFO - Setting next_dagrun for example_xcom_args_with_operators to None, run_after=None
[2024-04-02 19:41:35,725] {processor.py:161} INFO - Processing /Users/miltonvolpato/Git/Alura_Airflow_Oficial/venv/lib/python3.9/site-packages/airflow/example_dags/example_xcomargs.py took 0.288 seconds
[2024-04-02 19:42:11,504] {processor.py:153} INFO - Started process (PID=11709) to work on /Users/miltonvolpato/Git/Alura_Airflow_Oficial/venv/lib/python3.9/site-packages/airflow/example_dags/example_xcomargs.py
[2024-04-02 19:42:11,504] {processor.py:641} INFO - Processing file /Users/miltonvolpato/Git/Alura_Airflow_Oficial/venv/lib/python3.9/site-packages/airflow/example_dags/example_xcomargs.py for tasks to queue
[2024-04-02 19:42:11,504] {logging_mixin.py:115} INFO - [2024-04-02 19:42:11,504] {dagbag.py:507} INFO - Filling up the DagBag from /Users/miltonvolpato/Git/Alura_Airflow_Oficial/venv/lib/python3.9/site-packages/airflow/example_dags/example_xcomargs.py
[2024-04-02 19:42:11,520] {processor.py:651} INFO - DAG(s) dict_keys(['example_xcom_args', 'example_xcom_args_with_operators']) retrieved from /Users/miltonvolpato/Git/Alura_Airflow_Oficial/venv/lib/python3.9/site-packages/airflow/example_dags/example_xcomargs.py
[2024-04-02 19:42:11,775] {logging_mixin.py:115} INFO - [2024-04-02 19:42:11,775] {dag.py:2379} INFO - Sync 2 DAGs
[2024-04-02 19:42:11,781] {logging_mixin.py:115} INFO - [2024-04-02 19:42:11,781] {dag.py:2927} INFO - Setting next_dagrun for example_xcom_args to None, run_after=None
[2024-04-02 19:42:11,781] {logging_mixin.py:115} INFO - [2024-04-02 19:42:11,781] {dag.py:2927} INFO - Setting next_dagrun for example_xcom_args_with_operators to None, run_after=None
[2024-04-02 19:42:11,787] {processor.py:161} INFO - Processing /Users/miltonvolpato/Git/Alura_Airflow_Oficial/venv/lib/python3.9/site-packages/airflow/example_dags/example_xcomargs.py took 0.283 seconds
[2024-04-02 19:42:45,916] {processor.py:153} INFO - Started process (PID=11743) to work on /Users/miltonvolpato/Git/Alura_Airflow_Oficial/venv/lib/python3.9/site-packages/airflow/example_dags/example_xcomargs.py
[2024-04-02 19:42:45,916] {processor.py:641} INFO - Processing file /Users/miltonvolpato/Git/Alura_Airflow_Oficial/venv/lib/python3.9/site-packages/airflow/example_dags/example_xcomargs.py for tasks to queue
[2024-04-02 19:42:45,916] {logging_mixin.py:115} INFO - [2024-04-02 19:42:45,916] {dagbag.py:507} INFO - Filling up the DagBag from /Users/miltonvolpato/Git/Alura_Airflow_Oficial/venv/lib/python3.9/site-packages/airflow/example_dags/example_xcomargs.py
[2024-04-02 19:42:45,932] {processor.py:651} INFO - DAG(s) dict_keys(['example_xcom_args', 'example_xcom_args_with_operators']) retrieved from /Users/miltonvolpato/Git/Alura_Airflow_Oficial/venv/lib/python3.9/site-packages/airflow/example_dags/example_xcomargs.py
[2024-04-02 19:42:46,188] {logging_mixin.py:115} INFO - [2024-04-02 19:42:46,188] {dag.py:2379} INFO - Sync 2 DAGs
[2024-04-02 19:42:46,196] {logging_mixin.py:115} INFO - [2024-04-02 19:42:46,196] {dag.py:2927} INFO - Setting next_dagrun for example_xcom_args to None, run_after=None
[2024-04-02 19:42:46,196] {logging_mixin.py:115} INFO - [2024-04-02 19:42:46,196] {dag.py:2927} INFO - Setting next_dagrun for example_xcom_args_with_operators to None, run_after=None
[2024-04-02 19:42:46,201] {processor.py:161} INFO - Processing /Users/miltonvolpato/Git/Alura_Airflow_Oficial/venv/lib/python3.9/site-packages/airflow/example_dags/example_xcomargs.py took 0.285 seconds
[2024-04-02 19:43:36,256] {processor.py:153} INFO - Started process (PID=11790) to work on /Users/miltonvolpato/Git/Alura_Airflow_Oficial/venv/lib/python3.9/site-packages/airflow/example_dags/example_xcomargs.py
[2024-04-02 19:43:36,257] {processor.py:641} INFO - Processing file /Users/miltonvolpato/Git/Alura_Airflow_Oficial/venv/lib/python3.9/site-packages/airflow/example_dags/example_xcomargs.py for tasks to queue
[2024-04-02 19:43:36,257] {logging_mixin.py:115} INFO - [2024-04-02 19:43:36,257] {dagbag.py:507} INFO - Filling up the DagBag from /Users/miltonvolpato/Git/Alura_Airflow_Oficial/venv/lib/python3.9/site-packages/airflow/example_dags/example_xcomargs.py
[2024-04-02 19:43:36,273] {processor.py:651} INFO - DAG(s) dict_keys(['example_xcom_args', 'example_xcom_args_with_operators']) retrieved from /Users/miltonvolpato/Git/Alura_Airflow_Oficial/venv/lib/python3.9/site-packages/airflow/example_dags/example_xcomargs.py
[2024-04-02 19:43:36,527] {logging_mixin.py:115} INFO - [2024-04-02 19:43:36,527] {dag.py:2379} INFO - Sync 2 DAGs
[2024-04-02 19:43:36,534] {logging_mixin.py:115} INFO - [2024-04-02 19:43:36,534] {dag.py:2927} INFO - Setting next_dagrun for example_xcom_args to None, run_after=None
[2024-04-02 19:43:36,534] {logging_mixin.py:115} INFO - [2024-04-02 19:43:36,534] {dag.py:2927} INFO - Setting next_dagrun for example_xcom_args_with_operators to None, run_after=None
[2024-04-02 19:43:36,540] {processor.py:161} INFO - Processing /Users/miltonvolpato/Git/Alura_Airflow_Oficial/venv/lib/python3.9/site-packages/airflow/example_dags/example_xcomargs.py took 0.284 seconds
[2024-04-02 19:44:16,146] {processor.py:153} INFO - Started process (PID=11839) to work on /Users/miltonvolpato/Git/Alura_Airflow_Oficial/venv/lib/python3.9/site-packages/airflow/example_dags/example_xcomargs.py
[2024-04-02 19:44:16,147] {processor.py:641} INFO - Processing file /Users/miltonvolpato/Git/Alura_Airflow_Oficial/venv/lib/python3.9/site-packages/airflow/example_dags/example_xcomargs.py for tasks to queue
[2024-04-02 19:44:16,147] {logging_mixin.py:115} INFO - [2024-04-02 19:44:16,147] {dagbag.py:507} INFO - Filling up the DagBag from /Users/miltonvolpato/Git/Alura_Airflow_Oficial/venv/lib/python3.9/site-packages/airflow/example_dags/example_xcomargs.py
[2024-04-02 19:44:16,162] {processor.py:651} INFO - DAG(s) dict_keys(['example_xcom_args', 'example_xcom_args_with_operators']) retrieved from /Users/miltonvolpato/Git/Alura_Airflow_Oficial/venv/lib/python3.9/site-packages/airflow/example_dags/example_xcomargs.py
[2024-04-02 19:44:16,416] {logging_mixin.py:115} INFO - [2024-04-02 19:44:16,416] {dag.py:2379} INFO - Sync 2 DAGs
[2024-04-02 19:44:16,423] {logging_mixin.py:115} INFO - [2024-04-02 19:44:16,422] {dag.py:2927} INFO - Setting next_dagrun for example_xcom_args to None, run_after=None
[2024-04-02 19:44:16,423] {logging_mixin.py:115} INFO - [2024-04-02 19:44:16,423] {dag.py:2927} INFO - Setting next_dagrun for example_xcom_args_with_operators to None, run_after=None
[2024-04-02 19:44:16,428] {processor.py:161} INFO - Processing /Users/miltonvolpato/Git/Alura_Airflow_Oficial/venv/lib/python3.9/site-packages/airflow/example_dags/example_xcomargs.py took 0.282 seconds
[2024-04-02 19:44:52,088] {processor.py:153} INFO - Started process (PID=11890) to work on /Users/miltonvolpato/Git/Alura_Airflow_Oficial/venv/lib/python3.9/site-packages/airflow/example_dags/example_xcomargs.py
[2024-04-02 19:44:52,089] {processor.py:641} INFO - Processing file /Users/miltonvolpato/Git/Alura_Airflow_Oficial/venv/lib/python3.9/site-packages/airflow/example_dags/example_xcomargs.py for tasks to queue
[2024-04-02 19:44:52,089] {logging_mixin.py:115} INFO - [2024-04-02 19:44:52,089] {dagbag.py:507} INFO - Filling up the DagBag from /Users/miltonvolpato/Git/Alura_Airflow_Oficial/venv/lib/python3.9/site-packages/airflow/example_dags/example_xcomargs.py
[2024-04-02 19:44:52,105] {processor.py:651} INFO - DAG(s) dict_keys(['example_xcom_args', 'example_xcom_args_with_operators']) retrieved from /Users/miltonvolpato/Git/Alura_Airflow_Oficial/venv/lib/python3.9/site-packages/airflow/example_dags/example_xcomargs.py
[2024-04-02 19:44:52,355] {logging_mixin.py:115} INFO - [2024-04-02 19:44:52,355] {dag.py:2379} INFO - Sync 2 DAGs
[2024-04-02 19:44:52,361] {logging_mixin.py:115} INFO - [2024-04-02 19:44:52,361] {dag.py:2927} INFO - Setting next_dagrun for example_xcom_args to None, run_after=None
[2024-04-02 19:44:52,361] {logging_mixin.py:115} INFO - [2024-04-02 19:44:52,361] {dag.py:2927} INFO - Setting next_dagrun for example_xcom_args_with_operators to None, run_after=None
[2024-04-02 19:44:52,367] {processor.py:161} INFO - Processing /Users/miltonvolpato/Git/Alura_Airflow_Oficial/venv/lib/python3.9/site-packages/airflow/example_dags/example_xcomargs.py took 0.279 seconds
[2024-04-02 19:45:27,368] {processor.py:153} INFO - Started process (PID=11920) to work on /Users/miltonvolpato/Git/Alura_Airflow_Oficial/venv/lib/python3.9/site-packages/airflow/example_dags/example_xcomargs.py
[2024-04-02 19:45:27,368] {processor.py:641} INFO - Processing file /Users/miltonvolpato/Git/Alura_Airflow_Oficial/venv/lib/python3.9/site-packages/airflow/example_dags/example_xcomargs.py for tasks to queue
[2024-04-02 19:45:27,369] {logging_mixin.py:115} INFO - [2024-04-02 19:45:27,368] {dagbag.py:507} INFO - Filling up the DagBag from /Users/miltonvolpato/Git/Alura_Airflow_Oficial/venv/lib/python3.9/site-packages/airflow/example_dags/example_xcomargs.py
[2024-04-02 19:45:27,383] {processor.py:651} INFO - DAG(s) dict_keys(['example_xcom_args', 'example_xcom_args_with_operators']) retrieved from /Users/miltonvolpato/Git/Alura_Airflow_Oficial/venv/lib/python3.9/site-packages/airflow/example_dags/example_xcomargs.py
[2024-04-02 19:45:27,637] {logging_mixin.py:115} INFO - [2024-04-02 19:45:27,637] {dag.py:2379} INFO - Sync 2 DAGs
[2024-04-02 19:45:27,644] {logging_mixin.py:115} INFO - [2024-04-02 19:45:27,644] {dag.py:2927} INFO - Setting next_dagrun for example_xcom_args to None, run_after=None
[2024-04-02 19:45:27,644] {logging_mixin.py:115} INFO - [2024-04-02 19:45:27,644] {dag.py:2927} INFO - Setting next_dagrun for example_xcom_args_with_operators to None, run_after=None
[2024-04-02 19:45:27,650] {processor.py:161} INFO - Processing /Users/miltonvolpato/Git/Alura_Airflow_Oficial/venv/lib/python3.9/site-packages/airflow/example_dags/example_xcomargs.py took 0.282 seconds
[2024-04-02 19:46:15,620] {processor.py:153} INFO - Started process (PID=11980) to work on /Users/miltonvolpato/Git/Alura_Airflow_Oficial/venv/lib/python3.9/site-packages/airflow/example_dags/example_xcomargs.py
[2024-04-02 19:46:15,620] {processor.py:641} INFO - Processing file /Users/miltonvolpato/Git/Alura_Airflow_Oficial/venv/lib/python3.9/site-packages/airflow/example_dags/example_xcomargs.py for tasks to queue
[2024-04-02 19:46:15,620] {logging_mixin.py:115} INFO - [2024-04-02 19:46:15,620] {dagbag.py:507} INFO - Filling up the DagBag from /Users/miltonvolpato/Git/Alura_Airflow_Oficial/venv/lib/python3.9/site-packages/airflow/example_dags/example_xcomargs.py
[2024-04-02 19:46:15,636] {processor.py:651} INFO - DAG(s) dict_keys(['example_xcom_args', 'example_xcom_args_with_operators']) retrieved from /Users/miltonvolpato/Git/Alura_Airflow_Oficial/venv/lib/python3.9/site-packages/airflow/example_dags/example_xcomargs.py
[2024-04-02 19:46:15,894] {logging_mixin.py:115} INFO - [2024-04-02 19:46:15,894] {dag.py:2379} INFO - Sync 2 DAGs
[2024-04-02 19:46:15,901] {logging_mixin.py:115} INFO - [2024-04-02 19:46:15,901] {dag.py:2927} INFO - Setting next_dagrun for example_xcom_args to None, run_after=None
[2024-04-02 19:46:15,901] {logging_mixin.py:115} INFO - [2024-04-02 19:46:15,901] {dag.py:2927} INFO - Setting next_dagrun for example_xcom_args_with_operators to None, run_after=None
[2024-04-02 19:46:15,907] {processor.py:161} INFO - Processing /Users/miltonvolpato/Git/Alura_Airflow_Oficial/venv/lib/python3.9/site-packages/airflow/example_dags/example_xcomargs.py took 0.287 seconds
[2024-04-02 19:46:50,852] {processor.py:153} INFO - Started process (PID=12034) to work on /Users/miltonvolpato/Git/Alura_Airflow_Oficial/venv/lib/python3.9/site-packages/airflow/example_dags/example_xcomargs.py
[2024-04-02 19:46:50,852] {processor.py:641} INFO - Processing file /Users/miltonvolpato/Git/Alura_Airflow_Oficial/venv/lib/python3.9/site-packages/airflow/example_dags/example_xcomargs.py for tasks to queue
[2024-04-02 19:46:50,852] {logging_mixin.py:115} INFO - [2024-04-02 19:46:50,852] {dagbag.py:507} INFO - Filling up the DagBag from /Users/miltonvolpato/Git/Alura_Airflow_Oficial/venv/lib/python3.9/site-packages/airflow/example_dags/example_xcomargs.py
[2024-04-02 19:46:50,868] {processor.py:651} INFO - DAG(s) dict_keys(['example_xcom_args', 'example_xcom_args_with_operators']) retrieved from /Users/miltonvolpato/Git/Alura_Airflow_Oficial/venv/lib/python3.9/site-packages/airflow/example_dags/example_xcomargs.py
[2024-04-02 19:46:51,186] {logging_mixin.py:115} INFO - [2024-04-02 19:46:51,186] {dag.py:2379} INFO - Sync 2 DAGs
[2024-04-02 19:46:51,193] {logging_mixin.py:115} INFO - [2024-04-02 19:46:51,193] {dag.py:2927} INFO - Setting next_dagrun for example_xcom_args to None, run_after=None
[2024-04-02 19:46:51,193] {logging_mixin.py:115} INFO - [2024-04-02 19:46:51,193] {dag.py:2927} INFO - Setting next_dagrun for example_xcom_args_with_operators to None, run_after=None
[2024-04-02 19:46:51,199] {processor.py:161} INFO - Processing /Users/miltonvolpato/Git/Alura_Airflow_Oficial/venv/lib/python3.9/site-packages/airflow/example_dags/example_xcomargs.py took 0.347 seconds
[2024-04-02 19:47:28,904] {processor.py:153} INFO - Started process (PID=12076) to work on /Users/miltonvolpato/Git/Alura_Airflow_Oficial/venv/lib/python3.9/site-packages/airflow/example_dags/example_xcomargs.py
[2024-04-02 19:47:28,905] {processor.py:641} INFO - Processing file /Users/miltonvolpato/Git/Alura_Airflow_Oficial/venv/lib/python3.9/site-packages/airflow/example_dags/example_xcomargs.py for tasks to queue
[2024-04-02 19:47:28,905] {logging_mixin.py:115} INFO - [2024-04-02 19:47:28,905] {dagbag.py:507} INFO - Filling up the DagBag from /Users/miltonvolpato/Git/Alura_Airflow_Oficial/venv/lib/python3.9/site-packages/airflow/example_dags/example_xcomargs.py
[2024-04-02 19:47:28,922] {processor.py:651} INFO - DAG(s) dict_keys(['example_xcom_args', 'example_xcom_args_with_operators']) retrieved from /Users/miltonvolpato/Git/Alura_Airflow_Oficial/venv/lib/python3.9/site-packages/airflow/example_dags/example_xcomargs.py
[2024-04-02 19:47:29,182] {logging_mixin.py:115} INFO - [2024-04-02 19:47:29,182] {dag.py:2379} INFO - Sync 2 DAGs
[2024-04-02 19:47:29,189] {logging_mixin.py:115} INFO - [2024-04-02 19:47:29,189] {dag.py:2927} INFO - Setting next_dagrun for example_xcom_args to None, run_after=None
[2024-04-02 19:47:29,189] {logging_mixin.py:115} INFO - [2024-04-02 19:47:29,189] {dag.py:2927} INFO - Setting next_dagrun for example_xcom_args_with_operators to None, run_after=None
[2024-04-02 19:47:29,194] {processor.py:161} INFO - Processing /Users/miltonvolpato/Git/Alura_Airflow_Oficial/venv/lib/python3.9/site-packages/airflow/example_dags/example_xcomargs.py took 0.290 seconds
[2024-04-02 19:48:13,232] {processor.py:153} INFO - Started process (PID=12135) to work on /Users/miltonvolpato/Git/Alura_Airflow_Oficial/venv/lib/python3.9/site-packages/airflow/example_dags/example_xcomargs.py
[2024-04-02 19:48:13,232] {processor.py:641} INFO - Processing file /Users/miltonvolpato/Git/Alura_Airflow_Oficial/venv/lib/python3.9/site-packages/airflow/example_dags/example_xcomargs.py for tasks to queue
[2024-04-02 19:48:13,232] {logging_mixin.py:115} INFO - [2024-04-02 19:48:13,232] {dagbag.py:507} INFO - Filling up the DagBag from /Users/miltonvolpato/Git/Alura_Airflow_Oficial/venv/lib/python3.9/site-packages/airflow/example_dags/example_xcomargs.py
[2024-04-02 19:48:13,248] {processor.py:651} INFO - DAG(s) dict_keys(['example_xcom_args', 'example_xcom_args_with_operators']) retrieved from /Users/miltonvolpato/Git/Alura_Airflow_Oficial/venv/lib/python3.9/site-packages/airflow/example_dags/example_xcomargs.py
[2024-04-02 19:48:13,503] {logging_mixin.py:115} INFO - [2024-04-02 19:48:13,503] {dag.py:2379} INFO - Sync 2 DAGs
[2024-04-02 19:48:13,510] {logging_mixin.py:115} INFO - [2024-04-02 19:48:13,510] {dag.py:2927} INFO - Setting next_dagrun for example_xcom_args to None, run_after=None
[2024-04-02 19:48:13,510] {logging_mixin.py:115} INFO - [2024-04-02 19:48:13,510] {dag.py:2927} INFO - Setting next_dagrun for example_xcom_args_with_operators to None, run_after=None
[2024-04-02 19:48:13,516] {processor.py:161} INFO - Processing /Users/miltonvolpato/Git/Alura_Airflow_Oficial/venv/lib/python3.9/site-packages/airflow/example_dags/example_xcomargs.py took 0.284 seconds
[2024-04-02 19:48:46,989] {processor.py:153} INFO - Started process (PID=12173) to work on /Users/miltonvolpato/Git/Alura_Airflow_Oficial/venv/lib/python3.9/site-packages/airflow/example_dags/example_xcomargs.py
[2024-04-02 19:48:46,989] {processor.py:641} INFO - Processing file /Users/miltonvolpato/Git/Alura_Airflow_Oficial/venv/lib/python3.9/site-packages/airflow/example_dags/example_xcomargs.py for tasks to queue
[2024-04-02 19:48:46,989] {logging_mixin.py:115} INFO - [2024-04-02 19:48:46,989] {dagbag.py:507} INFO - Filling up the DagBag from /Users/miltonvolpato/Git/Alura_Airflow_Oficial/venv/lib/python3.9/site-packages/airflow/example_dags/example_xcomargs.py
[2024-04-02 19:48:47,005] {processor.py:651} INFO - DAG(s) dict_keys(['example_xcom_args', 'example_xcom_args_with_operators']) retrieved from /Users/miltonvolpato/Git/Alura_Airflow_Oficial/venv/lib/python3.9/site-packages/airflow/example_dags/example_xcomargs.py
[2024-04-02 19:48:47,262] {logging_mixin.py:115} INFO - [2024-04-02 19:48:47,262] {dag.py:2379} INFO - Sync 2 DAGs
[2024-04-02 19:48:47,269] {logging_mixin.py:115} INFO - [2024-04-02 19:48:47,269] {dag.py:2927} INFO - Setting next_dagrun for example_xcom_args to None, run_after=None
[2024-04-02 19:48:47,269] {logging_mixin.py:115} INFO - [2024-04-02 19:48:47,269] {dag.py:2927} INFO - Setting next_dagrun for example_xcom_args_with_operators to None, run_after=None
[2024-04-02 19:48:47,275] {processor.py:161} INFO - Processing /Users/miltonvolpato/Git/Alura_Airflow_Oficial/venv/lib/python3.9/site-packages/airflow/example_dags/example_xcomargs.py took 0.286 seconds
[2024-04-02 19:49:37,595] {processor.py:153} INFO - Started process (PID=12235) to work on /Users/miltonvolpato/Git/Alura_Airflow_Oficial/venv/lib/python3.9/site-packages/airflow/example_dags/example_xcomargs.py
[2024-04-02 19:49:37,596] {processor.py:641} INFO - Processing file /Users/miltonvolpato/Git/Alura_Airflow_Oficial/venv/lib/python3.9/site-packages/airflow/example_dags/example_xcomargs.py for tasks to queue
[2024-04-02 19:49:37,597] {logging_mixin.py:115} INFO - [2024-04-02 19:49:37,596] {dagbag.py:507} INFO - Filling up the DagBag from /Users/miltonvolpato/Git/Alura_Airflow_Oficial/venv/lib/python3.9/site-packages/airflow/example_dags/example_xcomargs.py
[2024-04-02 19:49:37,612] {processor.py:651} INFO - DAG(s) dict_keys(['example_xcom_args', 'example_xcom_args_with_operators']) retrieved from /Users/miltonvolpato/Git/Alura_Airflow_Oficial/venv/lib/python3.9/site-packages/airflow/example_dags/example_xcomargs.py
[2024-04-02 19:49:37,864] {logging_mixin.py:115} INFO - [2024-04-02 19:49:37,864] {dag.py:2379} INFO - Sync 2 DAGs
[2024-04-02 19:49:37,871] {logging_mixin.py:115} INFO - [2024-04-02 19:49:37,871] {dag.py:2927} INFO - Setting next_dagrun for example_xcom_args to None, run_after=None
[2024-04-02 19:49:37,871] {logging_mixin.py:115} INFO - [2024-04-02 19:49:37,871] {dag.py:2927} INFO - Setting next_dagrun for example_xcom_args_with_operators to None, run_after=None
[2024-04-02 19:49:37,877] {processor.py:161} INFO - Processing /Users/miltonvolpato/Git/Alura_Airflow_Oficial/venv/lib/python3.9/site-packages/airflow/example_dags/example_xcomargs.py took 0.281 seconds
[2024-04-02 19:50:13,805] {processor.py:153} INFO - Started process (PID=12265) to work on /Users/miltonvolpato/Git/Alura_Airflow_Oficial/venv/lib/python3.9/site-packages/airflow/example_dags/example_xcomargs.py
[2024-04-02 19:50:13,806] {processor.py:641} INFO - Processing file /Users/miltonvolpato/Git/Alura_Airflow_Oficial/venv/lib/python3.9/site-packages/airflow/example_dags/example_xcomargs.py for tasks to queue
[2024-04-02 19:50:13,807] {logging_mixin.py:115} INFO - [2024-04-02 19:50:13,807] {dagbag.py:507} INFO - Filling up the DagBag from /Users/miltonvolpato/Git/Alura_Airflow_Oficial/venv/lib/python3.9/site-packages/airflow/example_dags/example_xcomargs.py
[2024-04-02 19:50:13,824] {processor.py:651} INFO - DAG(s) dict_keys(['example_xcom_args', 'example_xcom_args_with_operators']) retrieved from /Users/miltonvolpato/Git/Alura_Airflow_Oficial/venv/lib/python3.9/site-packages/airflow/example_dags/example_xcomargs.py
[2024-04-02 19:50:14,088] {logging_mixin.py:115} INFO - [2024-04-02 19:50:14,088] {dag.py:2379} INFO - Sync 2 DAGs
[2024-04-02 19:50:14,095] {logging_mixin.py:115} INFO - [2024-04-02 19:50:14,095] {dag.py:2927} INFO - Setting next_dagrun for example_xcom_args to None, run_after=None
[2024-04-02 19:50:14,095] {logging_mixin.py:115} INFO - [2024-04-02 19:50:14,095] {dag.py:2927} INFO - Setting next_dagrun for example_xcom_args_with_operators to None, run_after=None
[2024-04-02 19:50:14,101] {processor.py:161} INFO - Processing /Users/miltonvolpato/Git/Alura_Airflow_Oficial/venv/lib/python3.9/site-packages/airflow/example_dags/example_xcomargs.py took 0.296 seconds
[2024-04-02 19:50:50,215] {processor.py:153} INFO - Started process (PID=12296) to work on /Users/miltonvolpato/Git/Alura_Airflow_Oficial/venv/lib/python3.9/site-packages/airflow/example_dags/example_xcomargs.py
[2024-04-02 19:50:50,216] {processor.py:641} INFO - Processing file /Users/miltonvolpato/Git/Alura_Airflow_Oficial/venv/lib/python3.9/site-packages/airflow/example_dags/example_xcomargs.py for tasks to queue
[2024-04-02 19:50:50,216] {logging_mixin.py:115} INFO - [2024-04-02 19:50:50,216] {dagbag.py:507} INFO - Filling up the DagBag from /Users/miltonvolpato/Git/Alura_Airflow_Oficial/venv/lib/python3.9/site-packages/airflow/example_dags/example_xcomargs.py
[2024-04-02 19:50:50,232] {processor.py:651} INFO - DAG(s) dict_keys(['example_xcom_args', 'example_xcom_args_with_operators']) retrieved from /Users/miltonvolpato/Git/Alura_Airflow_Oficial/venv/lib/python3.9/site-packages/airflow/example_dags/example_xcomargs.py
[2024-04-02 19:50:50,485] {logging_mixin.py:115} INFO - [2024-04-02 19:50:50,485] {dag.py:2379} INFO - Sync 2 DAGs
[2024-04-02 19:50:50,492] {logging_mixin.py:115} INFO - [2024-04-02 19:50:50,492] {dag.py:2927} INFO - Setting next_dagrun for example_xcom_args to None, run_after=None
[2024-04-02 19:50:50,493] {logging_mixin.py:115} INFO - [2024-04-02 19:50:50,492] {dag.py:2927} INFO - Setting next_dagrun for example_xcom_args_with_operators to None, run_after=None
[2024-04-02 19:50:50,498] {processor.py:161} INFO - Processing /Users/miltonvolpato/Git/Alura_Airflow_Oficial/venv/lib/python3.9/site-packages/airflow/example_dags/example_xcomargs.py took 0.284 seconds
[2024-04-02 19:51:24,505] {processor.py:153} INFO - Started process (PID=12326) to work on /Users/miltonvolpato/Git/Alura_Airflow_Oficial/venv/lib/python3.9/site-packages/airflow/example_dags/example_xcomargs.py
[2024-04-02 19:51:24,506] {processor.py:641} INFO - Processing file /Users/miltonvolpato/Git/Alura_Airflow_Oficial/venv/lib/python3.9/site-packages/airflow/example_dags/example_xcomargs.py for tasks to queue
[2024-04-02 19:51:24,506] {logging_mixin.py:115} INFO - [2024-04-02 19:51:24,506] {dagbag.py:507} INFO - Filling up the DagBag from /Users/miltonvolpato/Git/Alura_Airflow_Oficial/venv/lib/python3.9/site-packages/airflow/example_dags/example_xcomargs.py
[2024-04-02 19:51:24,523] {processor.py:651} INFO - DAG(s) dict_keys(['example_xcom_args', 'example_xcom_args_with_operators']) retrieved from /Users/miltonvolpato/Git/Alura_Airflow_Oficial/venv/lib/python3.9/site-packages/airflow/example_dags/example_xcomargs.py
[2024-04-02 19:51:24,807] {logging_mixin.py:115} INFO - [2024-04-02 19:51:24,807] {dag.py:2379} INFO - Sync 2 DAGs
[2024-04-02 19:51:24,814] {logging_mixin.py:115} INFO - [2024-04-02 19:51:24,814] {dag.py:2927} INFO - Setting next_dagrun for example_xcom_args to None, run_after=None
[2024-04-02 19:51:24,815] {logging_mixin.py:115} INFO - [2024-04-02 19:51:24,815] {dag.py:2927} INFO - Setting next_dagrun for example_xcom_args_with_operators to None, run_after=None
[2024-04-02 19:51:24,821] {processor.py:161} INFO - Processing /Users/miltonvolpato/Git/Alura_Airflow_Oficial/venv/lib/python3.9/site-packages/airflow/example_dags/example_xcomargs.py took 0.316 seconds
[2024-04-02 19:52:02,963] {processor.py:153} INFO - Started process (PID=12371) to work on /Users/miltonvolpato/Git/Alura_Airflow_Oficial/venv/lib/python3.9/site-packages/airflow/example_dags/example_xcomargs.py
[2024-04-02 19:52:02,964] {processor.py:641} INFO - Processing file /Users/miltonvolpato/Git/Alura_Airflow_Oficial/venv/lib/python3.9/site-packages/airflow/example_dags/example_xcomargs.py for tasks to queue
[2024-04-02 19:52:02,964] {logging_mixin.py:115} INFO - [2024-04-02 19:52:02,964] {dagbag.py:507} INFO - Filling up the DagBag from /Users/miltonvolpato/Git/Alura_Airflow_Oficial/venv/lib/python3.9/site-packages/airflow/example_dags/example_xcomargs.py
[2024-04-02 19:52:02,980] {processor.py:651} INFO - DAG(s) dict_keys(['example_xcom_args', 'example_xcom_args_with_operators']) retrieved from /Users/miltonvolpato/Git/Alura_Airflow_Oficial/venv/lib/python3.9/site-packages/airflow/example_dags/example_xcomargs.py
[2024-04-02 19:52:03,235] {logging_mixin.py:115} INFO - [2024-04-02 19:52:03,235] {dag.py:2379} INFO - Sync 2 DAGs
[2024-04-02 19:52:03,243] {logging_mixin.py:115} INFO - [2024-04-02 19:52:03,243] {dag.py:2927} INFO - Setting next_dagrun for example_xcom_args to None, run_after=None
[2024-04-02 19:52:03,243] {logging_mixin.py:115} INFO - [2024-04-02 19:52:03,243] {dag.py:2927} INFO - Setting next_dagrun for example_xcom_args_with_operators to None, run_after=None
[2024-04-02 19:52:03,248] {processor.py:161} INFO - Processing /Users/miltonvolpato/Git/Alura_Airflow_Oficial/venv/lib/python3.9/site-packages/airflow/example_dags/example_xcomargs.py took 0.286 seconds
[2024-04-02 19:52:58,036] {processor.py:153} INFO - Started process (PID=12418) to work on /Users/miltonvolpato/Git/Alura_Airflow_Oficial/venv/lib/python3.9/site-packages/airflow/example_dags/example_xcomargs.py
[2024-04-02 19:52:58,037] {processor.py:641} INFO - Processing file /Users/miltonvolpato/Git/Alura_Airflow_Oficial/venv/lib/python3.9/site-packages/airflow/example_dags/example_xcomargs.py for tasks to queue
[2024-04-02 19:52:58,037] {logging_mixin.py:115} INFO - [2024-04-02 19:52:58,037] {dagbag.py:507} INFO - Filling up the DagBag from /Users/miltonvolpato/Git/Alura_Airflow_Oficial/venv/lib/python3.9/site-packages/airflow/example_dags/example_xcomargs.py
[2024-04-02 19:52:58,053] {processor.py:651} INFO - DAG(s) dict_keys(['example_xcom_args', 'example_xcom_args_with_operators']) retrieved from /Users/miltonvolpato/Git/Alura_Airflow_Oficial/venv/lib/python3.9/site-packages/airflow/example_dags/example_xcomargs.py
[2024-04-02 19:52:58,325] {logging_mixin.py:115} INFO - [2024-04-02 19:52:58,325] {dag.py:2379} INFO - Sync 2 DAGs
[2024-04-02 19:52:58,333] {logging_mixin.py:115} INFO - [2024-04-02 19:52:58,333] {dag.py:2927} INFO - Setting next_dagrun for example_xcom_args to None, run_after=None
[2024-04-02 19:52:58,334] {logging_mixin.py:115} INFO - [2024-04-02 19:52:58,334] {dag.py:2927} INFO - Setting next_dagrun for example_xcom_args_with_operators to None, run_after=None
[2024-04-02 19:52:58,340] {processor.py:161} INFO - Processing /Users/miltonvolpato/Git/Alura_Airflow_Oficial/venv/lib/python3.9/site-packages/airflow/example_dags/example_xcomargs.py took 0.304 seconds
[2024-04-02 19:53:37,453] {processor.py:153} INFO - Started process (PID=12480) to work on /Users/miltonvolpato/Git/Alura_Airflow_Oficial/venv/lib/python3.9/site-packages/airflow/example_dags/example_xcomargs.py
[2024-04-02 19:53:37,454] {processor.py:641} INFO - Processing file /Users/miltonvolpato/Git/Alura_Airflow_Oficial/venv/lib/python3.9/site-packages/airflow/example_dags/example_xcomargs.py for tasks to queue
[2024-04-02 19:53:37,454] {logging_mixin.py:115} INFO - [2024-04-02 19:53:37,454] {dagbag.py:507} INFO - Filling up the DagBag from /Users/miltonvolpato/Git/Alura_Airflow_Oficial/venv/lib/python3.9/site-packages/airflow/example_dags/example_xcomargs.py
[2024-04-02 19:53:37,470] {processor.py:651} INFO - DAG(s) dict_keys(['example_xcom_args', 'example_xcom_args_with_operators']) retrieved from /Users/miltonvolpato/Git/Alura_Airflow_Oficial/venv/lib/python3.9/site-packages/airflow/example_dags/example_xcomargs.py
[2024-04-02 19:53:37,728] {logging_mixin.py:115} INFO - [2024-04-02 19:53:37,728] {dag.py:2379} INFO - Sync 2 DAGs
[2024-04-02 19:53:37,735] {logging_mixin.py:115} INFO - [2024-04-02 19:53:37,735] {dag.py:2927} INFO - Setting next_dagrun for example_xcom_args to None, run_after=None
[2024-04-02 19:53:37,735] {logging_mixin.py:115} INFO - [2024-04-02 19:53:37,735] {dag.py:2927} INFO - Setting next_dagrun for example_xcom_args_with_operators to None, run_after=None
[2024-04-02 19:53:37,741] {processor.py:161} INFO - Processing /Users/miltonvolpato/Git/Alura_Airflow_Oficial/venv/lib/python3.9/site-packages/airflow/example_dags/example_xcomargs.py took 0.288 seconds
[2024-04-02 19:54:14,470] {processor.py:153} INFO - Started process (PID=12547) to work on /Users/miltonvolpato/Git/Alura_Airflow_Oficial/venv/lib/python3.9/site-packages/airflow/example_dags/example_xcomargs.py
[2024-04-02 19:54:14,471] {processor.py:641} INFO - Processing file /Users/miltonvolpato/Git/Alura_Airflow_Oficial/venv/lib/python3.9/site-packages/airflow/example_dags/example_xcomargs.py for tasks to queue
[2024-04-02 19:54:14,471] {logging_mixin.py:115} INFO - [2024-04-02 19:54:14,471] {dagbag.py:507} INFO - Filling up the DagBag from /Users/miltonvolpato/Git/Alura_Airflow_Oficial/venv/lib/python3.9/site-packages/airflow/example_dags/example_xcomargs.py
[2024-04-02 19:54:14,487] {processor.py:651} INFO - DAG(s) dict_keys(['example_xcom_args', 'example_xcom_args_with_operators']) retrieved from /Users/miltonvolpato/Git/Alura_Airflow_Oficial/venv/lib/python3.9/site-packages/airflow/example_dags/example_xcomargs.py
[2024-04-02 19:54:14,747] {logging_mixin.py:115} INFO - [2024-04-02 19:54:14,747] {dag.py:2379} INFO - Sync 2 DAGs
[2024-04-02 19:54:14,755] {logging_mixin.py:115} INFO - [2024-04-02 19:54:14,755] {dag.py:2927} INFO - Setting next_dagrun for example_xcom_args to None, run_after=None
[2024-04-02 19:54:14,755] {logging_mixin.py:115} INFO - [2024-04-02 19:54:14,755] {dag.py:2927} INFO - Setting next_dagrun for example_xcom_args_with_operators to None, run_after=None
[2024-04-02 19:54:14,761] {processor.py:161} INFO - Processing /Users/miltonvolpato/Git/Alura_Airflow_Oficial/venv/lib/python3.9/site-packages/airflow/example_dags/example_xcomargs.py took 0.291 seconds
[2024-04-02 19:54:51,311] {processor.py:153} INFO - Started process (PID=12616) to work on /Users/miltonvolpato/Git/Alura_Airflow_Oficial/venv/lib/python3.9/site-packages/airflow/example_dags/example_xcomargs.py
[2024-04-02 19:54:51,312] {processor.py:641} INFO - Processing file /Users/miltonvolpato/Git/Alura_Airflow_Oficial/venv/lib/python3.9/site-packages/airflow/example_dags/example_xcomargs.py for tasks to queue
[2024-04-02 19:54:51,312] {logging_mixin.py:115} INFO - [2024-04-02 19:54:51,312] {dagbag.py:507} INFO - Filling up the DagBag from /Users/miltonvolpato/Git/Alura_Airflow_Oficial/venv/lib/python3.9/site-packages/airflow/example_dags/example_xcomargs.py
[2024-04-02 19:54:51,328] {processor.py:651} INFO - DAG(s) dict_keys(['example_xcom_args', 'example_xcom_args_with_operators']) retrieved from /Users/miltonvolpato/Git/Alura_Airflow_Oficial/venv/lib/python3.9/site-packages/airflow/example_dags/example_xcomargs.py
[2024-04-02 19:54:51,655] {logging_mixin.py:115} INFO - [2024-04-02 19:54:51,655] {dag.py:2379} INFO - Sync 2 DAGs
[2024-04-02 19:54:51,662] {logging_mixin.py:115} INFO - [2024-04-02 19:54:51,662] {dag.py:2927} INFO - Setting next_dagrun for example_xcom_args to None, run_after=None
[2024-04-02 19:54:51,662] {logging_mixin.py:115} INFO - [2024-04-02 19:54:51,662] {dag.py:2927} INFO - Setting next_dagrun for example_xcom_args_with_operators to None, run_after=None
[2024-04-02 19:54:51,668] {processor.py:161} INFO - Processing /Users/miltonvolpato/Git/Alura_Airflow_Oficial/venv/lib/python3.9/site-packages/airflow/example_dags/example_xcomargs.py took 0.357 seconds
