[2024-04-02 19:36:50,638] {processor.py:153} INFO - Started process (PID=11330) to work on /Users/miltonvolpato/Git/Alura_Airflow_Oficial/venv/lib/python3.9/site-packages/airflow/example_dags/example_kubernetes_executor.py
[2024-04-02 19:36:50,639] {processor.py:641} INFO - Processing file /Users/miltonvolpato/Git/Alura_Airflow_Oficial/venv/lib/python3.9/site-packages/airflow/example_dags/example_kubernetes_executor.py for tasks to queue
[2024-04-02 19:36:50,639] {logging_mixin.py:115} INFO - [2024-04-02 19:36:50,639] {dagbag.py:507} INFO - Filling up the DagBag from /Users/miltonvolpato/Git/Alura_Airflow_Oficial/venv/lib/python3.9/site-packages/airflow/example_dags/example_kubernetes_executor.py
[2024-04-02 19:36:50,651] {logging_mixin.py:115} INFO - [2024-04-02 19:36:50,651] {example_kubernetes_executor.py:39} WARNING - The example_kubernetes_executor example DAG requires the kubernetes provider. Please install it with: pip install apache-airflow[cncf.kubernetes]
[2024-04-02 19:36:50,651] {processor.py:653} WARNING - No viable dags retrieved from /Users/miltonvolpato/Git/Alura_Airflow_Oficial/venv/lib/python3.9/site-packages/airflow/example_dags/example_kubernetes_executor.py
[2024-04-02 19:36:50,669] {processor.py:161} INFO - Processing /Users/miltonvolpato/Git/Alura_Airflow_Oficial/venv/lib/python3.9/site-packages/airflow/example_dags/example_kubernetes_executor.py took 0.031 seconds
[2024-04-02 19:37:41,531] {processor.py:153} INFO - Started process (PID=11436) to work on /Users/miltonvolpato/Git/Alura_Airflow_Oficial/venv/lib/python3.9/site-packages/airflow/example_dags/example_kubernetes_executor.py
[2024-04-02 19:37:41,532] {processor.py:641} INFO - Processing file /Users/miltonvolpato/Git/Alura_Airflow_Oficial/venv/lib/python3.9/site-packages/airflow/example_dags/example_kubernetes_executor.py for tasks to queue
[2024-04-02 19:37:41,532] {logging_mixin.py:115} INFO - [2024-04-02 19:37:41,532] {dagbag.py:507} INFO - Filling up the DagBag from /Users/miltonvolpato/Git/Alura_Airflow_Oficial/venv/lib/python3.9/site-packages/airflow/example_dags/example_kubernetes_executor.py
[2024-04-02 19:37:41,544] {logging_mixin.py:115} INFO - [2024-04-02 19:37:41,544] {example_kubernetes_executor.py:39} WARNING - The example_kubernetes_executor example DAG requires the kubernetes provider. Please install it with: pip install apache-airflow[cncf.kubernetes]
[2024-04-02 19:37:41,544] {processor.py:653} WARNING - No viable dags retrieved from /Users/miltonvolpato/Git/Alura_Airflow_Oficial/venv/lib/python3.9/site-packages/airflow/example_dags/example_kubernetes_executor.py
[2024-04-02 19:37:41,563] {processor.py:161} INFO - Processing /Users/miltonvolpato/Git/Alura_Airflow_Oficial/venv/lib/python3.9/site-packages/airflow/example_dags/example_kubernetes_executor.py took 0.032 seconds
[2024-04-02 19:38:33,502] {processor.py:153} INFO - Started process (PID=11510) to work on /Users/miltonvolpato/Git/Alura_Airflow_Oficial/venv/lib/python3.9/site-packages/airflow/example_dags/example_kubernetes_executor.py
[2024-04-02 19:38:33,502] {processor.py:641} INFO - Processing file /Users/miltonvolpato/Git/Alura_Airflow_Oficial/venv/lib/python3.9/site-packages/airflow/example_dags/example_kubernetes_executor.py for tasks to queue
[2024-04-02 19:38:33,502] {logging_mixin.py:115} INFO - [2024-04-02 19:38:33,502] {dagbag.py:507} INFO - Filling up the DagBag from /Users/miltonvolpato/Git/Alura_Airflow_Oficial/venv/lib/python3.9/site-packages/airflow/example_dags/example_kubernetes_executor.py
[2024-04-02 19:38:33,513] {logging_mixin.py:115} INFO - [2024-04-02 19:38:33,513] {example_kubernetes_executor.py:39} WARNING - The example_kubernetes_executor example DAG requires the kubernetes provider. Please install it with: pip install apache-airflow[cncf.kubernetes]
[2024-04-02 19:38:33,513] {processor.py:653} WARNING - No viable dags retrieved from /Users/miltonvolpato/Git/Alura_Airflow_Oficial/venv/lib/python3.9/site-packages/airflow/example_dags/example_kubernetes_executor.py
[2024-04-02 19:38:33,532] {processor.py:161} INFO - Processing /Users/miltonvolpato/Git/Alura_Airflow_Oficial/venv/lib/python3.9/site-packages/airflow/example_dags/example_kubernetes_executor.py took 0.030 seconds
[2024-04-02 19:39:23,063] {processor.py:153} INFO - Started process (PID=11557) to work on /Users/miltonvolpato/Git/Alura_Airflow_Oficial/venv/lib/python3.9/site-packages/airflow/example_dags/example_kubernetes_executor.py
[2024-04-02 19:39:23,063] {processor.py:641} INFO - Processing file /Users/miltonvolpato/Git/Alura_Airflow_Oficial/venv/lib/python3.9/site-packages/airflow/example_dags/example_kubernetes_executor.py for tasks to queue
[2024-04-02 19:39:23,063] {logging_mixin.py:115} INFO - [2024-04-02 19:39:23,063] {dagbag.py:507} INFO - Filling up the DagBag from /Users/miltonvolpato/Git/Alura_Airflow_Oficial/venv/lib/python3.9/site-packages/airflow/example_dags/example_kubernetes_executor.py
[2024-04-02 19:39:23,074] {logging_mixin.py:115} INFO - [2024-04-02 19:39:23,074] {example_kubernetes_executor.py:39} WARNING - The example_kubernetes_executor example DAG requires the kubernetes provider. Please install it with: pip install apache-airflow[cncf.kubernetes]
[2024-04-02 19:39:23,074] {processor.py:653} WARNING - No viable dags retrieved from /Users/miltonvolpato/Git/Alura_Airflow_Oficial/venv/lib/python3.9/site-packages/airflow/example_dags/example_kubernetes_executor.py
[2024-04-02 19:39:23,094] {processor.py:161} INFO - Processing /Users/miltonvolpato/Git/Alura_Airflow_Oficial/venv/lib/python3.9/site-packages/airflow/example_dags/example_kubernetes_executor.py took 0.032 seconds
[2024-04-02 19:40:10,694] {processor.py:153} INFO - Started process (PID=11595) to work on /Users/miltonvolpato/Git/Alura_Airflow_Oficial/venv/lib/python3.9/site-packages/airflow/example_dags/example_kubernetes_executor.py
[2024-04-02 19:40:10,694] {processor.py:641} INFO - Processing file /Users/miltonvolpato/Git/Alura_Airflow_Oficial/venv/lib/python3.9/site-packages/airflow/example_dags/example_kubernetes_executor.py for tasks to queue
[2024-04-02 19:40:10,694] {logging_mixin.py:115} INFO - [2024-04-02 19:40:10,694] {dagbag.py:507} INFO - Filling up the DagBag from /Users/miltonvolpato/Git/Alura_Airflow_Oficial/venv/lib/python3.9/site-packages/airflow/example_dags/example_kubernetes_executor.py
[2024-04-02 19:40:10,705] {logging_mixin.py:115} INFO - [2024-04-02 19:40:10,705] {example_kubernetes_executor.py:39} WARNING - The example_kubernetes_executor example DAG requires the kubernetes provider. Please install it with: pip install apache-airflow[cncf.kubernetes]
[2024-04-02 19:40:10,705] {processor.py:653} WARNING - No viable dags retrieved from /Users/miltonvolpato/Git/Alura_Airflow_Oficial/venv/lib/python3.9/site-packages/airflow/example_dags/example_kubernetes_executor.py
[2024-04-02 19:40:10,725] {processor.py:161} INFO - Processing /Users/miltonvolpato/Git/Alura_Airflow_Oficial/venv/lib/python3.9/site-packages/airflow/example_dags/example_kubernetes_executor.py took 0.031 seconds
[2024-04-02 19:41:06,033] {processor.py:153} INFO - Started process (PID=11647) to work on /Users/miltonvolpato/Git/Alura_Airflow_Oficial/venv/lib/python3.9/site-packages/airflow/example_dags/example_kubernetes_executor.py
[2024-04-02 19:41:06,033] {processor.py:641} INFO - Processing file /Users/miltonvolpato/Git/Alura_Airflow_Oficial/venv/lib/python3.9/site-packages/airflow/example_dags/example_kubernetes_executor.py for tasks to queue
[2024-04-02 19:41:06,033] {logging_mixin.py:115} INFO - [2024-04-02 19:41:06,033] {dagbag.py:507} INFO - Filling up the DagBag from /Users/miltonvolpato/Git/Alura_Airflow_Oficial/venv/lib/python3.9/site-packages/airflow/example_dags/example_kubernetes_executor.py
[2024-04-02 19:41:06,044] {logging_mixin.py:115} INFO - [2024-04-02 19:41:06,044] {example_kubernetes_executor.py:39} WARNING - The example_kubernetes_executor example DAG requires the kubernetes provider. Please install it with: pip install apache-airflow[cncf.kubernetes]
[2024-04-02 19:41:06,044] {processor.py:653} WARNING - No viable dags retrieved from /Users/miltonvolpato/Git/Alura_Airflow_Oficial/venv/lib/python3.9/site-packages/airflow/example_dags/example_kubernetes_executor.py
[2024-04-02 19:41:06,063] {processor.py:161} INFO - Processing /Users/miltonvolpato/Git/Alura_Airflow_Oficial/venv/lib/python3.9/site-packages/airflow/example_dags/example_kubernetes_executor.py took 0.031 seconds
[2024-04-02 19:41:59,254] {processor.py:153} INFO - Started process (PID=11698) to work on /Users/miltonvolpato/Git/Alura_Airflow_Oficial/venv/lib/python3.9/site-packages/airflow/example_dags/example_kubernetes_executor.py
[2024-04-02 19:41:59,255] {processor.py:641} INFO - Processing file /Users/miltonvolpato/Git/Alura_Airflow_Oficial/venv/lib/python3.9/site-packages/airflow/example_dags/example_kubernetes_executor.py for tasks to queue
[2024-04-02 19:41:59,255] {logging_mixin.py:115} INFO - [2024-04-02 19:41:59,255] {dagbag.py:507} INFO - Filling up the DagBag from /Users/miltonvolpato/Git/Alura_Airflow_Oficial/venv/lib/python3.9/site-packages/airflow/example_dags/example_kubernetes_executor.py
[2024-04-02 19:41:59,266] {logging_mixin.py:115} INFO - [2024-04-02 19:41:59,266] {example_kubernetes_executor.py:39} WARNING - The example_kubernetes_executor example DAG requires the kubernetes provider. Please install it with: pip install apache-airflow[cncf.kubernetes]
[2024-04-02 19:41:59,266] {processor.py:653} WARNING - No viable dags retrieved from /Users/miltonvolpato/Git/Alura_Airflow_Oficial/venv/lib/python3.9/site-packages/airflow/example_dags/example_kubernetes_executor.py
[2024-04-02 19:41:59,285] {processor.py:161} INFO - Processing /Users/miltonvolpato/Git/Alura_Airflow_Oficial/venv/lib/python3.9/site-packages/airflow/example_dags/example_kubernetes_executor.py took 0.031 seconds
[2024-04-02 19:42:49,962] {processor.py:153} INFO - Started process (PID=11746) to work on /Users/miltonvolpato/Git/Alura_Airflow_Oficial/venv/lib/python3.9/site-packages/airflow/example_dags/example_kubernetes_executor.py
[2024-04-02 19:42:49,962] {processor.py:641} INFO - Processing file /Users/miltonvolpato/Git/Alura_Airflow_Oficial/venv/lib/python3.9/site-packages/airflow/example_dags/example_kubernetes_executor.py for tasks to queue
[2024-04-02 19:42:49,962] {logging_mixin.py:115} INFO - [2024-04-02 19:42:49,962] {dagbag.py:507} INFO - Filling up the DagBag from /Users/miltonvolpato/Git/Alura_Airflow_Oficial/venv/lib/python3.9/site-packages/airflow/example_dags/example_kubernetes_executor.py
[2024-04-02 19:42:49,973] {logging_mixin.py:115} INFO - [2024-04-02 19:42:49,973] {example_kubernetes_executor.py:39} WARNING - The example_kubernetes_executor example DAG requires the kubernetes provider. Please install it with: pip install apache-airflow[cncf.kubernetes]
[2024-04-02 19:42:49,973] {processor.py:653} WARNING - No viable dags retrieved from /Users/miltonvolpato/Git/Alura_Airflow_Oficial/venv/lib/python3.9/site-packages/airflow/example_dags/example_kubernetes_executor.py
[2024-04-02 19:42:49,993] {processor.py:161} INFO - Processing /Users/miltonvolpato/Git/Alura_Airflow_Oficial/venv/lib/python3.9/site-packages/airflow/example_dags/example_kubernetes_executor.py took 0.031 seconds
[2024-04-02 19:43:40,981] {processor.py:153} INFO - Started process (PID=11799) to work on /Users/miltonvolpato/Git/Alura_Airflow_Oficial/venv/lib/python3.9/site-packages/airflow/example_dags/example_kubernetes_executor.py
[2024-04-02 19:43:40,982] {processor.py:641} INFO - Processing file /Users/miltonvolpato/Git/Alura_Airflow_Oficial/venv/lib/python3.9/site-packages/airflow/example_dags/example_kubernetes_executor.py for tasks to queue
[2024-04-02 19:43:40,982] {logging_mixin.py:115} INFO - [2024-04-02 19:43:40,982] {dagbag.py:507} INFO - Filling up the DagBag from /Users/miltonvolpato/Git/Alura_Airflow_Oficial/venv/lib/python3.9/site-packages/airflow/example_dags/example_kubernetes_executor.py
[2024-04-02 19:43:40,993] {logging_mixin.py:115} INFO - [2024-04-02 19:43:40,993] {example_kubernetes_executor.py:39} WARNING - The example_kubernetes_executor example DAG requires the kubernetes provider. Please install it with: pip install apache-airflow[cncf.kubernetes]
[2024-04-02 19:43:40,993] {processor.py:653} WARNING - No viable dags retrieved from /Users/miltonvolpato/Git/Alura_Airflow_Oficial/venv/lib/python3.9/site-packages/airflow/example_dags/example_kubernetes_executor.py
[2024-04-02 19:43:41,013] {processor.py:161} INFO - Processing /Users/miltonvolpato/Git/Alura_Airflow_Oficial/venv/lib/python3.9/site-packages/airflow/example_dags/example_kubernetes_executor.py took 0.032 seconds
[2024-04-02 19:44:29,597] {processor.py:153} INFO - Started process (PID=11860) to work on /Users/miltonvolpato/Git/Alura_Airflow_Oficial/venv/lib/python3.9/site-packages/airflow/example_dags/example_kubernetes_executor.py
[2024-04-02 19:44:29,598] {processor.py:641} INFO - Processing file /Users/miltonvolpato/Git/Alura_Airflow_Oficial/venv/lib/python3.9/site-packages/airflow/example_dags/example_kubernetes_executor.py for tasks to queue
[2024-04-02 19:44:29,598] {logging_mixin.py:115} INFO - [2024-04-02 19:44:29,598] {dagbag.py:507} INFO - Filling up the DagBag from /Users/miltonvolpato/Git/Alura_Airflow_Oficial/venv/lib/python3.9/site-packages/airflow/example_dags/example_kubernetes_executor.py
[2024-04-02 19:44:29,612] {logging_mixin.py:115} INFO - [2024-04-02 19:44:29,612] {example_kubernetes_executor.py:39} WARNING - The example_kubernetes_executor example DAG requires the kubernetes provider. Please install it with: pip install apache-airflow[cncf.kubernetes]
[2024-04-02 19:44:29,613] {processor.py:653} WARNING - No viable dags retrieved from /Users/miltonvolpato/Git/Alura_Airflow_Oficial/venv/lib/python3.9/site-packages/airflow/example_dags/example_kubernetes_executor.py
[2024-04-02 19:44:29,652] {processor.py:161} INFO - Processing /Users/miltonvolpato/Git/Alura_Airflow_Oficial/venv/lib/python3.9/site-packages/airflow/example_dags/example_kubernetes_executor.py took 0.055 seconds
[2024-04-02 19:45:21,899] {processor.py:153} INFO - Started process (PID=11915) to work on /Users/miltonvolpato/Git/Alura_Airflow_Oficial/venv/lib/python3.9/site-packages/airflow/example_dags/example_kubernetes_executor.py
[2024-04-02 19:45:21,899] {processor.py:641} INFO - Processing file /Users/miltonvolpato/Git/Alura_Airflow_Oficial/venv/lib/python3.9/site-packages/airflow/example_dags/example_kubernetes_executor.py for tasks to queue
[2024-04-02 19:45:21,899] {logging_mixin.py:115} INFO - [2024-04-02 19:45:21,899] {dagbag.py:507} INFO - Filling up the DagBag from /Users/miltonvolpato/Git/Alura_Airflow_Oficial/venv/lib/python3.9/site-packages/airflow/example_dags/example_kubernetes_executor.py
[2024-04-02 19:45:21,910] {logging_mixin.py:115} INFO - [2024-04-02 19:45:21,910] {example_kubernetes_executor.py:39} WARNING - The example_kubernetes_executor example DAG requires the kubernetes provider. Please install it with: pip install apache-airflow[cncf.kubernetes]
[2024-04-02 19:45:21,910] {processor.py:653} WARNING - No viable dags retrieved from /Users/miltonvolpato/Git/Alura_Airflow_Oficial/venv/lib/python3.9/site-packages/airflow/example_dags/example_kubernetes_executor.py
[2024-04-02 19:45:21,930] {processor.py:161} INFO - Processing /Users/miltonvolpato/Git/Alura_Airflow_Oficial/venv/lib/python3.9/site-packages/airflow/example_dags/example_kubernetes_executor.py took 0.032 seconds
[2024-04-02 19:46:11,175] {processor.py:153} INFO - Started process (PID=11973) to work on /Users/miltonvolpato/Git/Alura_Airflow_Oficial/venv/lib/python3.9/site-packages/airflow/example_dags/example_kubernetes_executor.py
[2024-04-02 19:46:11,175] {processor.py:641} INFO - Processing file /Users/miltonvolpato/Git/Alura_Airflow_Oficial/venv/lib/python3.9/site-packages/airflow/example_dags/example_kubernetes_executor.py for tasks to queue
[2024-04-02 19:46:11,176] {logging_mixin.py:115} INFO - [2024-04-02 19:46:11,176] {dagbag.py:507} INFO - Filling up the DagBag from /Users/miltonvolpato/Git/Alura_Airflow_Oficial/venv/lib/python3.9/site-packages/airflow/example_dags/example_kubernetes_executor.py
[2024-04-02 19:46:11,187] {logging_mixin.py:115} INFO - [2024-04-02 19:46:11,187] {example_kubernetes_executor.py:39} WARNING - The example_kubernetes_executor example DAG requires the kubernetes provider. Please install it with: pip install apache-airflow[cncf.kubernetes]
[2024-04-02 19:46:11,187] {processor.py:653} WARNING - No viable dags retrieved from /Users/miltonvolpato/Git/Alura_Airflow_Oficial/venv/lib/python3.9/site-packages/airflow/example_dags/example_kubernetes_executor.py
[2024-04-02 19:46:11,208] {processor.py:161} INFO - Processing /Users/miltonvolpato/Git/Alura_Airflow_Oficial/venv/lib/python3.9/site-packages/airflow/example_dags/example_kubernetes_executor.py took 0.033 seconds
[2024-04-02 19:47:05,216] {processor.py:153} INFO - Started process (PID=12049) to work on /Users/miltonvolpato/Git/Alura_Airflow_Oficial/venv/lib/python3.9/site-packages/airflow/example_dags/example_kubernetes_executor.py
[2024-04-02 19:47:05,217] {processor.py:641} INFO - Processing file /Users/miltonvolpato/Git/Alura_Airflow_Oficial/venv/lib/python3.9/site-packages/airflow/example_dags/example_kubernetes_executor.py for tasks to queue
[2024-04-02 19:47:05,217] {logging_mixin.py:115} INFO - [2024-04-02 19:47:05,217] {dagbag.py:507} INFO - Filling up the DagBag from /Users/miltonvolpato/Git/Alura_Airflow_Oficial/venv/lib/python3.9/site-packages/airflow/example_dags/example_kubernetes_executor.py
[2024-04-02 19:47:05,228] {logging_mixin.py:115} INFO - [2024-04-02 19:47:05,228] {example_kubernetes_executor.py:39} WARNING - The example_kubernetes_executor example DAG requires the kubernetes provider. Please install it with: pip install apache-airflow[cncf.kubernetes]
[2024-04-02 19:47:05,228] {processor.py:653} WARNING - No viable dags retrieved from /Users/miltonvolpato/Git/Alura_Airflow_Oficial/venv/lib/python3.9/site-packages/airflow/example_dags/example_kubernetes_executor.py
[2024-04-02 19:47:05,247] {processor.py:161} INFO - Processing /Users/miltonvolpato/Git/Alura_Airflow_Oficial/venv/lib/python3.9/site-packages/airflow/example_dags/example_kubernetes_executor.py took 0.032 seconds
[2024-04-02 19:47:56,344] {processor.py:153} INFO - Started process (PID=12120) to work on /Users/miltonvolpato/Git/Alura_Airflow_Oficial/venv/lib/python3.9/site-packages/airflow/example_dags/example_kubernetes_executor.py
[2024-04-02 19:47:56,344] {processor.py:641} INFO - Processing file /Users/miltonvolpato/Git/Alura_Airflow_Oficial/venv/lib/python3.9/site-packages/airflow/example_dags/example_kubernetes_executor.py for tasks to queue
[2024-04-02 19:47:56,344] {logging_mixin.py:115} INFO - [2024-04-02 19:47:56,344] {dagbag.py:507} INFO - Filling up the DagBag from /Users/miltonvolpato/Git/Alura_Airflow_Oficial/venv/lib/python3.9/site-packages/airflow/example_dags/example_kubernetes_executor.py
[2024-04-02 19:47:56,355] {logging_mixin.py:115} INFO - [2024-04-02 19:47:56,355] {example_kubernetes_executor.py:39} WARNING - The example_kubernetes_executor example DAG requires the kubernetes provider. Please install it with: pip install apache-airflow[cncf.kubernetes]
[2024-04-02 19:47:56,355] {processor.py:653} WARNING - No viable dags retrieved from /Users/miltonvolpato/Git/Alura_Airflow_Oficial/venv/lib/python3.9/site-packages/airflow/example_dags/example_kubernetes_executor.py
[2024-04-02 19:47:56,375] {processor.py:161} INFO - Processing /Users/miltonvolpato/Git/Alura_Airflow_Oficial/venv/lib/python3.9/site-packages/airflow/example_dags/example_kubernetes_executor.py took 0.031 seconds
[2024-04-02 19:48:42,020] {processor.py:153} INFO - Started process (PID=12169) to work on /Users/miltonvolpato/Git/Alura_Airflow_Oficial/venv/lib/python3.9/site-packages/airflow/example_dags/example_kubernetes_executor.py
[2024-04-02 19:48:42,020] {processor.py:641} INFO - Processing file /Users/miltonvolpato/Git/Alura_Airflow_Oficial/venv/lib/python3.9/site-packages/airflow/example_dags/example_kubernetes_executor.py for tasks to queue
[2024-04-02 19:48:42,021] {logging_mixin.py:115} INFO - [2024-04-02 19:48:42,020] {dagbag.py:507} INFO - Filling up the DagBag from /Users/miltonvolpato/Git/Alura_Airflow_Oficial/venv/lib/python3.9/site-packages/airflow/example_dags/example_kubernetes_executor.py
[2024-04-02 19:48:42,032] {logging_mixin.py:115} INFO - [2024-04-02 19:48:42,032] {example_kubernetes_executor.py:39} WARNING - The example_kubernetes_executor example DAG requires the kubernetes provider. Please install it with: pip install apache-airflow[cncf.kubernetes]
[2024-04-02 19:48:42,032] {processor.py:653} WARNING - No viable dags retrieved from /Users/miltonvolpato/Git/Alura_Airflow_Oficial/venv/lib/python3.9/site-packages/airflow/example_dags/example_kubernetes_executor.py
[2024-04-02 19:48:42,052] {processor.py:161} INFO - Processing /Users/miltonvolpato/Git/Alura_Airflow_Oficial/venv/lib/python3.9/site-packages/airflow/example_dags/example_kubernetes_executor.py took 0.032 seconds
[2024-04-02 19:49:32,638] {processor.py:153} INFO - Started process (PID=12231) to work on /Users/miltonvolpato/Git/Alura_Airflow_Oficial/venv/lib/python3.9/site-packages/airflow/example_dags/example_kubernetes_executor.py
[2024-04-02 19:49:32,639] {processor.py:641} INFO - Processing file /Users/miltonvolpato/Git/Alura_Airflow_Oficial/venv/lib/python3.9/site-packages/airflow/example_dags/example_kubernetes_executor.py for tasks to queue
[2024-04-02 19:49:32,639] {logging_mixin.py:115} INFO - [2024-04-02 19:49:32,639] {dagbag.py:507} INFO - Filling up the DagBag from /Users/miltonvolpato/Git/Alura_Airflow_Oficial/venv/lib/python3.9/site-packages/airflow/example_dags/example_kubernetes_executor.py
[2024-04-02 19:49:32,651] {logging_mixin.py:115} INFO - [2024-04-02 19:49:32,651] {example_kubernetes_executor.py:39} WARNING - The example_kubernetes_executor example DAG requires the kubernetes provider. Please install it with: pip install apache-airflow[cncf.kubernetes]
[2024-04-02 19:49:32,651] {processor.py:653} WARNING - No viable dags retrieved from /Users/miltonvolpato/Git/Alura_Airflow_Oficial/venv/lib/python3.9/site-packages/airflow/example_dags/example_kubernetes_executor.py
[2024-04-02 19:49:32,671] {processor.py:161} INFO - Processing /Users/miltonvolpato/Git/Alura_Airflow_Oficial/venv/lib/python3.9/site-packages/airflow/example_dags/example_kubernetes_executor.py took 0.033 seconds
[2024-04-02 19:50:26,516] {processor.py:153} INFO - Started process (PID=12275) to work on /Users/miltonvolpato/Git/Alura_Airflow_Oficial/venv/lib/python3.9/site-packages/airflow/example_dags/example_kubernetes_executor.py
[2024-04-02 19:50:26,517] {processor.py:641} INFO - Processing file /Users/miltonvolpato/Git/Alura_Airflow_Oficial/venv/lib/python3.9/site-packages/airflow/example_dags/example_kubernetes_executor.py for tasks to queue
[2024-04-02 19:50:26,517] {logging_mixin.py:115} INFO - [2024-04-02 19:50:26,517] {dagbag.py:507} INFO - Filling up the DagBag from /Users/miltonvolpato/Git/Alura_Airflow_Oficial/venv/lib/python3.9/site-packages/airflow/example_dags/example_kubernetes_executor.py
[2024-04-02 19:50:26,529] {logging_mixin.py:115} INFO - [2024-04-02 19:50:26,528] {example_kubernetes_executor.py:39} WARNING - The example_kubernetes_executor example DAG requires the kubernetes provider. Please install it with: pip install apache-airflow[cncf.kubernetes]
[2024-04-02 19:50:26,529] {processor.py:653} WARNING - No viable dags retrieved from /Users/miltonvolpato/Git/Alura_Airflow_Oficial/venv/lib/python3.9/site-packages/airflow/example_dags/example_kubernetes_executor.py
[2024-04-02 19:50:26,548] {processor.py:161} INFO - Processing /Users/miltonvolpato/Git/Alura_Airflow_Oficial/venv/lib/python3.9/site-packages/airflow/example_dags/example_kubernetes_executor.py took 0.033 seconds
[2024-04-02 19:51:17,974] {processor.py:153} INFO - Started process (PID=12322) to work on /Users/miltonvolpato/Git/Alura_Airflow_Oficial/venv/lib/python3.9/site-packages/airflow/example_dags/example_kubernetes_executor.py
[2024-04-02 19:51:17,975] {processor.py:641} INFO - Processing file /Users/miltonvolpato/Git/Alura_Airflow_Oficial/venv/lib/python3.9/site-packages/airflow/example_dags/example_kubernetes_executor.py for tasks to queue
[2024-04-02 19:51:17,975] {logging_mixin.py:115} INFO - [2024-04-02 19:51:17,975] {dagbag.py:507} INFO - Filling up the DagBag from /Users/miltonvolpato/Git/Alura_Airflow_Oficial/venv/lib/python3.9/site-packages/airflow/example_dags/example_kubernetes_executor.py
[2024-04-02 19:51:17,988] {logging_mixin.py:115} INFO - [2024-04-02 19:51:17,988] {example_kubernetes_executor.py:39} WARNING - The example_kubernetes_executor example DAG requires the kubernetes provider. Please install it with: pip install apache-airflow[cncf.kubernetes]
[2024-04-02 19:51:17,988] {processor.py:653} WARNING - No viable dags retrieved from /Users/miltonvolpato/Git/Alura_Airflow_Oficial/venv/lib/python3.9/site-packages/airflow/example_dags/example_kubernetes_executor.py
[2024-04-02 19:51:18,009] {processor.py:161} INFO - Processing /Users/miltonvolpato/Git/Alura_Airflow_Oficial/venv/lib/python3.9/site-packages/airflow/example_dags/example_kubernetes_executor.py took 0.035 seconds
[2024-04-02 19:52:12,766] {processor.py:153} INFO - Started process (PID=12382) to work on /Users/miltonvolpato/Git/Alura_Airflow_Oficial/venv/lib/python3.9/site-packages/airflow/example_dags/example_kubernetes_executor.py
[2024-04-02 19:52:12,767] {processor.py:641} INFO - Processing file /Users/miltonvolpato/Git/Alura_Airflow_Oficial/venv/lib/python3.9/site-packages/airflow/example_dags/example_kubernetes_executor.py for tasks to queue
[2024-04-02 19:52:12,767] {logging_mixin.py:115} INFO - [2024-04-02 19:52:12,767] {dagbag.py:507} INFO - Filling up the DagBag from /Users/miltonvolpato/Git/Alura_Airflow_Oficial/venv/lib/python3.9/site-packages/airflow/example_dags/example_kubernetes_executor.py
[2024-04-02 19:52:12,778] {logging_mixin.py:115} INFO - [2024-04-02 19:52:12,778] {example_kubernetes_executor.py:39} WARNING - The example_kubernetes_executor example DAG requires the kubernetes provider. Please install it with: pip install apache-airflow[cncf.kubernetes]
[2024-04-02 19:52:12,778] {processor.py:653} WARNING - No viable dags retrieved from /Users/miltonvolpato/Git/Alura_Airflow_Oficial/venv/lib/python3.9/site-packages/airflow/example_dags/example_kubernetes_executor.py
[2024-04-02 19:52:12,798] {processor.py:161} INFO - Processing /Users/miltonvolpato/Git/Alura_Airflow_Oficial/venv/lib/python3.9/site-packages/airflow/example_dags/example_kubernetes_executor.py took 0.033 seconds
[2024-04-02 19:53:10,296] {processor.py:153} INFO - Started process (PID=12427) to work on /Users/miltonvolpato/Git/Alura_Airflow_Oficial/venv/lib/python3.9/site-packages/airflow/example_dags/example_kubernetes_executor.py
[2024-04-02 19:53:10,296] {processor.py:641} INFO - Processing file /Users/miltonvolpato/Git/Alura_Airflow_Oficial/venv/lib/python3.9/site-packages/airflow/example_dags/example_kubernetes_executor.py for tasks to queue
[2024-04-02 19:53:10,296] {logging_mixin.py:115} INFO - [2024-04-02 19:53:10,296] {dagbag.py:507} INFO - Filling up the DagBag from /Users/miltonvolpato/Git/Alura_Airflow_Oficial/venv/lib/python3.9/site-packages/airflow/example_dags/example_kubernetes_executor.py
[2024-04-02 19:53:10,308] {logging_mixin.py:115} INFO - [2024-04-02 19:53:10,308] {example_kubernetes_executor.py:39} WARNING - The example_kubernetes_executor example DAG requires the kubernetes provider. Please install it with: pip install apache-airflow[cncf.kubernetes]
[2024-04-02 19:53:10,308] {processor.py:653} WARNING - No viable dags retrieved from /Users/miltonvolpato/Git/Alura_Airflow_Oficial/venv/lib/python3.9/site-packages/airflow/example_dags/example_kubernetes_executor.py
[2024-04-02 19:53:10,328] {processor.py:161} INFO - Processing /Users/miltonvolpato/Git/Alura_Airflow_Oficial/venv/lib/python3.9/site-packages/airflow/example_dags/example_kubernetes_executor.py took 0.032 seconds
[2024-04-02 19:54:06,502] {processor.py:153} INFO - Started process (PID=12537) to work on /Users/miltonvolpato/Git/Alura_Airflow_Oficial/venv/lib/python3.9/site-packages/airflow/example_dags/example_kubernetes_executor.py
[2024-04-02 19:54:06,503] {processor.py:641} INFO - Processing file /Users/miltonvolpato/Git/Alura_Airflow_Oficial/venv/lib/python3.9/site-packages/airflow/example_dags/example_kubernetes_executor.py for tasks to queue
[2024-04-02 19:54:06,503] {logging_mixin.py:115} INFO - [2024-04-02 19:54:06,503] {dagbag.py:507} INFO - Filling up the DagBag from /Users/miltonvolpato/Git/Alura_Airflow_Oficial/venv/lib/python3.9/site-packages/airflow/example_dags/example_kubernetes_executor.py
[2024-04-02 19:54:06,515] {logging_mixin.py:115} INFO - [2024-04-02 19:54:06,515] {example_kubernetes_executor.py:39} WARNING - The example_kubernetes_executor example DAG requires the kubernetes provider. Please install it with: pip install apache-airflow[cncf.kubernetes]
[2024-04-02 19:54:06,515] {processor.py:653} WARNING - No viable dags retrieved from /Users/miltonvolpato/Git/Alura_Airflow_Oficial/venv/lib/python3.9/site-packages/airflow/example_dags/example_kubernetes_executor.py
[2024-04-02 19:54:06,535] {processor.py:161} INFO - Processing /Users/miltonvolpato/Git/Alura_Airflow_Oficial/venv/lib/python3.9/site-packages/airflow/example_dags/example_kubernetes_executor.py took 0.033 seconds
[2024-04-02 19:55:02,831] {processor.py:153} INFO - Started process (PID=12626) to work on /Users/miltonvolpato/Git/Alura_Airflow_Oficial/venv/lib/python3.9/site-packages/airflow/example_dags/example_kubernetes_executor.py
[2024-04-02 19:55:02,832] {processor.py:641} INFO - Processing file /Users/miltonvolpato/Git/Alura_Airflow_Oficial/venv/lib/python3.9/site-packages/airflow/example_dags/example_kubernetes_executor.py for tasks to queue
[2024-04-02 19:55:02,832] {logging_mixin.py:115} INFO - [2024-04-02 19:55:02,832] {dagbag.py:507} INFO - Filling up the DagBag from /Users/miltonvolpato/Git/Alura_Airflow_Oficial/venv/lib/python3.9/site-packages/airflow/example_dags/example_kubernetes_executor.py
[2024-04-02 19:55:02,844] {logging_mixin.py:115} INFO - [2024-04-02 19:55:02,844] {example_kubernetes_executor.py:39} WARNING - The example_kubernetes_executor example DAG requires the kubernetes provider. Please install it with: pip install apache-airflow[cncf.kubernetes]
[2024-04-02 19:55:02,844] {processor.py:653} WARNING - No viable dags retrieved from /Users/miltonvolpato/Git/Alura_Airflow_Oficial/venv/lib/python3.9/site-packages/airflow/example_dags/example_kubernetes_executor.py
[2024-04-02 19:55:02,864] {processor.py:161} INFO - Processing /Users/miltonvolpato/Git/Alura_Airflow_Oficial/venv/lib/python3.9/site-packages/airflow/example_dags/example_kubernetes_executor.py took 0.033 seconds
[2024-04-02 19:55:56,078] {processor.py:153} INFO - Started process (PID=12720) to work on /Users/miltonvolpato/Git/Alura_Airflow_Oficial/venv/lib/python3.9/site-packages/airflow/example_dags/example_kubernetes_executor.py
[2024-04-02 19:55:56,078] {processor.py:641} INFO - Processing file /Users/miltonvolpato/Git/Alura_Airflow_Oficial/venv/lib/python3.9/site-packages/airflow/example_dags/example_kubernetes_executor.py for tasks to queue
[2024-04-02 19:55:56,078] {logging_mixin.py:115} INFO - [2024-04-02 19:55:56,078] {dagbag.py:507} INFO - Filling up the DagBag from /Users/miltonvolpato/Git/Alura_Airflow_Oficial/venv/lib/python3.9/site-packages/airflow/example_dags/example_kubernetes_executor.py
[2024-04-02 19:55:56,091] {logging_mixin.py:115} INFO - [2024-04-02 19:55:56,091] {example_kubernetes_executor.py:39} WARNING - The example_kubernetes_executor example DAG requires the kubernetes provider. Please install it with: pip install apache-airflow[cncf.kubernetes]
[2024-04-02 19:55:56,091] {processor.py:653} WARNING - No viable dags retrieved from /Users/miltonvolpato/Git/Alura_Airflow_Oficial/venv/lib/python3.9/site-packages/airflow/example_dags/example_kubernetes_executor.py
[2024-04-02 19:55:56,111] {processor.py:161} INFO - Processing /Users/miltonvolpato/Git/Alura_Airflow_Oficial/venv/lib/python3.9/site-packages/airflow/example_dags/example_kubernetes_executor.py took 0.033 seconds
[2024-04-02 19:56:51,827] {processor.py:153} INFO - Started process (PID=12796) to work on /Users/miltonvolpato/Git/Alura_Airflow_Oficial/venv/lib/python3.9/site-packages/airflow/example_dags/example_kubernetes_executor.py
[2024-04-02 19:56:51,827] {processor.py:641} INFO - Processing file /Users/miltonvolpato/Git/Alura_Airflow_Oficial/venv/lib/python3.9/site-packages/airflow/example_dags/example_kubernetes_executor.py for tasks to queue
[2024-04-02 19:56:51,827] {logging_mixin.py:115} INFO - [2024-04-02 19:56:51,827] {dagbag.py:507} INFO - Filling up the DagBag from /Users/miltonvolpato/Git/Alura_Airflow_Oficial/venv/lib/python3.9/site-packages/airflow/example_dags/example_kubernetes_executor.py
[2024-04-02 19:56:51,839] {logging_mixin.py:115} INFO - [2024-04-02 19:56:51,839] {example_kubernetes_executor.py:39} WARNING - The example_kubernetes_executor example DAG requires the kubernetes provider. Please install it with: pip install apache-airflow[cncf.kubernetes]
[2024-04-02 19:56:51,839] {processor.py:653} WARNING - No viable dags retrieved from /Users/miltonvolpato/Git/Alura_Airflow_Oficial/venv/lib/python3.9/site-packages/airflow/example_dags/example_kubernetes_executor.py
[2024-04-02 19:56:51,859] {processor.py:161} INFO - Processing /Users/miltonvolpato/Git/Alura_Airflow_Oficial/venv/lib/python3.9/site-packages/airflow/example_dags/example_kubernetes_executor.py took 0.032 seconds
[2024-04-02 19:57:43,055] {processor.py:153} INFO - Started process (PID=12845) to work on /Users/miltonvolpato/Git/Alura_Airflow_Oficial/venv/lib/python3.9/site-packages/airflow/example_dags/example_kubernetes_executor.py
[2024-04-02 19:57:43,056] {processor.py:641} INFO - Processing file /Users/miltonvolpato/Git/Alura_Airflow_Oficial/venv/lib/python3.9/site-packages/airflow/example_dags/example_kubernetes_executor.py for tasks to queue
[2024-04-02 19:57:43,056] {logging_mixin.py:115} INFO - [2024-04-02 19:57:43,056] {dagbag.py:507} INFO - Filling up the DagBag from /Users/miltonvolpato/Git/Alura_Airflow_Oficial/venv/lib/python3.9/site-packages/airflow/example_dags/example_kubernetes_executor.py
[2024-04-02 19:57:43,069] {logging_mixin.py:115} INFO - [2024-04-02 19:57:43,068] {example_kubernetes_executor.py:39} WARNING - The example_kubernetes_executor example DAG requires the kubernetes provider. Please install it with: pip install apache-airflow[cncf.kubernetes]
[2024-04-02 19:57:43,069] {processor.py:653} WARNING - No viable dags retrieved from /Users/miltonvolpato/Git/Alura_Airflow_Oficial/venv/lib/python3.9/site-packages/airflow/example_dags/example_kubernetes_executor.py
[2024-04-02 19:57:43,090] {processor.py:161} INFO - Processing /Users/miltonvolpato/Git/Alura_Airflow_Oficial/venv/lib/python3.9/site-packages/airflow/example_dags/example_kubernetes_executor.py took 0.035 seconds
[2024-04-02 19:58:35,079] {processor.py:153} INFO - Started process (PID=12890) to work on /Users/miltonvolpato/Git/Alura_Airflow_Oficial/venv/lib/python3.9/site-packages/airflow/example_dags/example_kubernetes_executor.py
[2024-04-02 19:58:35,079] {processor.py:641} INFO - Processing file /Users/miltonvolpato/Git/Alura_Airflow_Oficial/venv/lib/python3.9/site-packages/airflow/example_dags/example_kubernetes_executor.py for tasks to queue
[2024-04-02 19:58:35,079] {logging_mixin.py:115} INFO - [2024-04-02 19:58:35,079] {dagbag.py:507} INFO - Filling up the DagBag from /Users/miltonvolpato/Git/Alura_Airflow_Oficial/venv/lib/python3.9/site-packages/airflow/example_dags/example_kubernetes_executor.py
[2024-04-02 19:58:35,090] {logging_mixin.py:115} INFO - [2024-04-02 19:58:35,090] {example_kubernetes_executor.py:39} WARNING - The example_kubernetes_executor example DAG requires the kubernetes provider. Please install it with: pip install apache-airflow[cncf.kubernetes]
[2024-04-02 19:58:35,090] {processor.py:653} WARNING - No viable dags retrieved from /Users/miltonvolpato/Git/Alura_Airflow_Oficial/venv/lib/python3.9/site-packages/airflow/example_dags/example_kubernetes_executor.py
[2024-04-02 19:58:35,110] {processor.py:161} INFO - Processing /Users/miltonvolpato/Git/Alura_Airflow_Oficial/venv/lib/python3.9/site-packages/airflow/example_dags/example_kubernetes_executor.py took 0.031 seconds
[2024-04-02 19:59:32,976] {processor.py:153} INFO - Started process (PID=12939) to work on /Users/miltonvolpato/Git/Alura_Airflow_Oficial/venv/lib/python3.9/site-packages/airflow/example_dags/example_kubernetes_executor.py
[2024-04-02 19:59:32,976] {processor.py:641} INFO - Processing file /Users/miltonvolpato/Git/Alura_Airflow_Oficial/venv/lib/python3.9/site-packages/airflow/example_dags/example_kubernetes_executor.py for tasks to queue
[2024-04-02 19:59:32,976] {logging_mixin.py:115} INFO - [2024-04-02 19:59:32,976] {dagbag.py:507} INFO - Filling up the DagBag from /Users/miltonvolpato/Git/Alura_Airflow_Oficial/venv/lib/python3.9/site-packages/airflow/example_dags/example_kubernetes_executor.py
[2024-04-02 19:59:32,987] {logging_mixin.py:115} INFO - [2024-04-02 19:59:32,987] {example_kubernetes_executor.py:39} WARNING - The example_kubernetes_executor example DAG requires the kubernetes provider. Please install it with: pip install apache-airflow[cncf.kubernetes]
[2024-04-02 19:59:32,987] {processor.py:653} WARNING - No viable dags retrieved from /Users/miltonvolpato/Git/Alura_Airflow_Oficial/venv/lib/python3.9/site-packages/airflow/example_dags/example_kubernetes_executor.py
[2024-04-02 19:59:33,007] {processor.py:161} INFO - Processing /Users/miltonvolpato/Git/Alura_Airflow_Oficial/venv/lib/python3.9/site-packages/airflow/example_dags/example_kubernetes_executor.py took 0.031 seconds
[2024-04-02 20:00:26,961] {processor.py:153} INFO - Started process (PID=12995) to work on /Users/miltonvolpato/Git/Alura_Airflow_Oficial/venv/lib/python3.9/site-packages/airflow/example_dags/example_kubernetes_executor.py
[2024-04-02 20:00:26,962] {processor.py:641} INFO - Processing file /Users/miltonvolpato/Git/Alura_Airflow_Oficial/venv/lib/python3.9/site-packages/airflow/example_dags/example_kubernetes_executor.py for tasks to queue
[2024-04-02 20:00:26,962] {logging_mixin.py:115} INFO - [2024-04-02 20:00:26,962] {dagbag.py:507} INFO - Filling up the DagBag from /Users/miltonvolpato/Git/Alura_Airflow_Oficial/venv/lib/python3.9/site-packages/airflow/example_dags/example_kubernetes_executor.py
[2024-04-02 20:00:26,973] {logging_mixin.py:115} INFO - [2024-04-02 20:00:26,973] {example_kubernetes_executor.py:39} WARNING - The example_kubernetes_executor example DAG requires the kubernetes provider. Please install it with: pip install apache-airflow[cncf.kubernetes]
[2024-04-02 20:00:26,973] {processor.py:653} WARNING - No viable dags retrieved from /Users/miltonvolpato/Git/Alura_Airflow_Oficial/venv/lib/python3.9/site-packages/airflow/example_dags/example_kubernetes_executor.py
[2024-04-02 20:00:26,992] {processor.py:161} INFO - Processing /Users/miltonvolpato/Git/Alura_Airflow_Oficial/venv/lib/python3.9/site-packages/airflow/example_dags/example_kubernetes_executor.py took 0.031 seconds
[2024-04-02 20:01:22,213] {processor.py:153} INFO - Started process (PID=13046) to work on /Users/miltonvolpato/Git/Alura_Airflow_Oficial/venv/lib/python3.9/site-packages/airflow/example_dags/example_kubernetes_executor.py
[2024-04-02 20:01:22,213] {processor.py:641} INFO - Processing file /Users/miltonvolpato/Git/Alura_Airflow_Oficial/venv/lib/python3.9/site-packages/airflow/example_dags/example_kubernetes_executor.py for tasks to queue
[2024-04-02 20:01:22,213] {logging_mixin.py:115} INFO - [2024-04-02 20:01:22,213] {dagbag.py:507} INFO - Filling up the DagBag from /Users/miltonvolpato/Git/Alura_Airflow_Oficial/venv/lib/python3.9/site-packages/airflow/example_dags/example_kubernetes_executor.py
[2024-04-02 20:01:22,224] {logging_mixin.py:115} INFO - [2024-04-02 20:01:22,224] {example_kubernetes_executor.py:39} WARNING - The example_kubernetes_executor example DAG requires the kubernetes provider. Please install it with: pip install apache-airflow[cncf.kubernetes]
[2024-04-02 20:01:22,224] {processor.py:653} WARNING - No viable dags retrieved from /Users/miltonvolpato/Git/Alura_Airflow_Oficial/venv/lib/python3.9/site-packages/airflow/example_dags/example_kubernetes_executor.py
[2024-04-02 20:01:22,244] {processor.py:161} INFO - Processing /Users/miltonvolpato/Git/Alura_Airflow_Oficial/venv/lib/python3.9/site-packages/airflow/example_dags/example_kubernetes_executor.py took 0.031 seconds
