[2024-04-02 19:36:55,732] {processor.py:153} INFO - Started process (PID=11334) to work on /Users/miltonvolpato/Git/Alura_Airflow_Oficial/venv/lib/python3.9/site-packages/airflow/example_dags/example_complex.py
[2024-04-02 19:36:55,732] {processor.py:641} INFO - Processing file /Users/miltonvolpato/Git/Alura_Airflow_Oficial/venv/lib/python3.9/site-packages/airflow/example_dags/example_complex.py for tasks to queue
[2024-04-02 19:36:55,732] {logging_mixin.py:115} INFO - [2024-04-02 19:36:55,732] {dagbag.py:507} INFO - Filling up the DagBag from /Users/miltonvolpato/Git/Alura_Airflow_Oficial/venv/lib/python3.9/site-packages/airflow/example_dags/example_complex.py
[2024-04-02 19:36:55,742] {processor.py:651} INFO - DAG(s) dict_keys(['example_complex']) retrieved from /Users/miltonvolpato/Git/Alura_Airflow_Oficial/venv/lib/python3.9/site-packages/airflow/example_dags/example_complex.py
[2024-04-02 19:36:56,073] {logging_mixin.py:115} INFO - [2024-04-02 19:36:56,073] {manager.py:508} INFO - Created Permission View: can delete on DAG:example_complex
[2024-04-02 19:36:56,076] {logging_mixin.py:115} INFO - [2024-04-02 19:36:56,076] {manager.py:508} INFO - Created Permission View: can read on DAG:example_complex
[2024-04-02 19:36:56,078] {logging_mixin.py:115} INFO - [2024-04-02 19:36:56,078] {manager.py:508} INFO - Created Permission View: can edit on DAG:example_complex
[2024-04-02 19:36:56,078] {logging_mixin.py:115} INFO - [2024-04-02 19:36:56,078] {dag.py:2379} INFO - Sync 1 DAGs
[2024-04-02 19:36:56,082] {logging_mixin.py:115} INFO - [2024-04-02 19:36:56,082] {dag.py:2398} INFO - Creating ORM DAG for example_complex
[2024-04-02 19:36:56,086] {logging_mixin.py:115} INFO - [2024-04-02 19:36:56,086] {dag.py:2927} INFO - Setting next_dagrun for example_complex to None, run_after=None
[2024-04-02 19:36:56,091] {processor.py:161} INFO - Processing /Users/miltonvolpato/Git/Alura_Airflow_Oficial/venv/lib/python3.9/site-packages/airflow/example_dags/example_complex.py took 0.359 seconds
[2024-04-02 19:37:46,255] {processor.py:153} INFO - Started process (PID=11442) to work on /Users/miltonvolpato/Git/Alura_Airflow_Oficial/venv/lib/python3.9/site-packages/airflow/example_dags/example_complex.py
[2024-04-02 19:37:46,258] {processor.py:641} INFO - Processing file /Users/miltonvolpato/Git/Alura_Airflow_Oficial/venv/lib/python3.9/site-packages/airflow/example_dags/example_complex.py for tasks to queue
[2024-04-02 19:37:46,258] {logging_mixin.py:115} INFO - [2024-04-02 19:37:46,258] {dagbag.py:507} INFO - Filling up the DagBag from /Users/miltonvolpato/Git/Alura_Airflow_Oficial/venv/lib/python3.9/site-packages/airflow/example_dags/example_complex.py
[2024-04-02 19:37:46,267] {processor.py:651} INFO - DAG(s) dict_keys(['example_complex']) retrieved from /Users/miltonvolpato/Git/Alura_Airflow_Oficial/venv/lib/python3.9/site-packages/airflow/example_dags/example_complex.py
[2024-04-02 19:37:46,297] {logging_mixin.py:115} INFO - [2024-04-02 19:37:46,297] {dag.py:2379} INFO - Sync 1 DAGs
[2024-04-02 19:37:46,304] {logging_mixin.py:115} INFO - [2024-04-02 19:37:46,304] {dag.py:2927} INFO - Setting next_dagrun for example_complex to None, run_after=None
[2024-04-02 19:37:46,308] {processor.py:161} INFO - Processing /Users/miltonvolpato/Git/Alura_Airflow_Oficial/venv/lib/python3.9/site-packages/airflow/example_dags/example_complex.py took 0.054 seconds
[2024-04-02 19:38:37,983] {processor.py:153} INFO - Started process (PID=11516) to work on /Users/miltonvolpato/Git/Alura_Airflow_Oficial/venv/lib/python3.9/site-packages/airflow/example_dags/example_complex.py
[2024-04-02 19:38:37,983] {processor.py:641} INFO - Processing file /Users/miltonvolpato/Git/Alura_Airflow_Oficial/venv/lib/python3.9/site-packages/airflow/example_dags/example_complex.py for tasks to queue
[2024-04-02 19:38:37,983] {logging_mixin.py:115} INFO - [2024-04-02 19:38:37,983] {dagbag.py:507} INFO - Filling up the DagBag from /Users/miltonvolpato/Git/Alura_Airflow_Oficial/venv/lib/python3.9/site-packages/airflow/example_dags/example_complex.py
[2024-04-02 19:38:37,992] {processor.py:651} INFO - DAG(s) dict_keys(['example_complex']) retrieved from /Users/miltonvolpato/Git/Alura_Airflow_Oficial/venv/lib/python3.9/site-packages/airflow/example_dags/example_complex.py
[2024-04-02 19:38:38,022] {logging_mixin.py:115} INFO - [2024-04-02 19:38:38,022] {dag.py:2379} INFO - Sync 1 DAGs
[2024-04-02 19:38:38,029] {logging_mixin.py:115} INFO - [2024-04-02 19:38:38,029] {dag.py:2927} INFO - Setting next_dagrun for example_complex to None, run_after=None
[2024-04-02 19:38:38,034] {processor.py:161} INFO - Processing /Users/miltonvolpato/Git/Alura_Airflow_Oficial/venv/lib/python3.9/site-packages/airflow/example_dags/example_complex.py took 0.052 seconds
[2024-04-02 19:39:26,769] {processor.py:153} INFO - Started process (PID=11560) to work on /Users/miltonvolpato/Git/Alura_Airflow_Oficial/venv/lib/python3.9/site-packages/airflow/example_dags/example_complex.py
[2024-04-02 19:39:26,769] {processor.py:641} INFO - Processing file /Users/miltonvolpato/Git/Alura_Airflow_Oficial/venv/lib/python3.9/site-packages/airflow/example_dags/example_complex.py for tasks to queue
[2024-04-02 19:39:26,769] {logging_mixin.py:115} INFO - [2024-04-02 19:39:26,769] {dagbag.py:507} INFO - Filling up the DagBag from /Users/miltonvolpato/Git/Alura_Airflow_Oficial/venv/lib/python3.9/site-packages/airflow/example_dags/example_complex.py
[2024-04-02 19:39:26,778] {processor.py:651} INFO - DAG(s) dict_keys(['example_complex']) retrieved from /Users/miltonvolpato/Git/Alura_Airflow_Oficial/venv/lib/python3.9/site-packages/airflow/example_dags/example_complex.py
[2024-04-02 19:39:26,809] {logging_mixin.py:115} INFO - [2024-04-02 19:39:26,809] {dag.py:2379} INFO - Sync 1 DAGs
[2024-04-02 19:39:26,815] {logging_mixin.py:115} INFO - [2024-04-02 19:39:26,815] {dag.py:2927} INFO - Setting next_dagrun for example_complex to None, run_after=None
[2024-04-02 19:39:26,820] {processor.py:161} INFO - Processing /Users/miltonvolpato/Git/Alura_Airflow_Oficial/venv/lib/python3.9/site-packages/airflow/example_dags/example_complex.py took 0.051 seconds
[2024-04-02 19:40:14,684] {processor.py:153} INFO - Started process (PID=11601) to work on /Users/miltonvolpato/Git/Alura_Airflow_Oficial/venv/lib/python3.9/site-packages/airflow/example_dags/example_complex.py
[2024-04-02 19:40:14,684] {processor.py:641} INFO - Processing file /Users/miltonvolpato/Git/Alura_Airflow_Oficial/venv/lib/python3.9/site-packages/airflow/example_dags/example_complex.py for tasks to queue
[2024-04-02 19:40:14,684] {logging_mixin.py:115} INFO - [2024-04-02 19:40:14,684] {dagbag.py:507} INFO - Filling up the DagBag from /Users/miltonvolpato/Git/Alura_Airflow_Oficial/venv/lib/python3.9/site-packages/airflow/example_dags/example_complex.py
[2024-04-02 19:40:14,692] {processor.py:651} INFO - DAG(s) dict_keys(['example_complex']) retrieved from /Users/miltonvolpato/Git/Alura_Airflow_Oficial/venv/lib/python3.9/site-packages/airflow/example_dags/example_complex.py
[2024-04-02 19:40:14,723] {logging_mixin.py:115} INFO - [2024-04-02 19:40:14,723] {dag.py:2379} INFO - Sync 1 DAGs
[2024-04-02 19:40:14,730] {logging_mixin.py:115} INFO - [2024-04-02 19:40:14,730] {dag.py:2927} INFO - Setting next_dagrun for example_complex to None, run_after=None
[2024-04-02 19:40:14,735] {processor.py:161} INFO - Processing /Users/miltonvolpato/Git/Alura_Airflow_Oficial/venv/lib/python3.9/site-packages/airflow/example_dags/example_complex.py took 0.052 seconds
[2024-04-02 19:41:09,829] {processor.py:153} INFO - Started process (PID=11650) to work on /Users/miltonvolpato/Git/Alura_Airflow_Oficial/venv/lib/python3.9/site-packages/airflow/example_dags/example_complex.py
[2024-04-02 19:41:09,829] {processor.py:641} INFO - Processing file /Users/miltonvolpato/Git/Alura_Airflow_Oficial/venv/lib/python3.9/site-packages/airflow/example_dags/example_complex.py for tasks to queue
[2024-04-02 19:41:09,829] {logging_mixin.py:115} INFO - [2024-04-02 19:41:09,829] {dagbag.py:507} INFO - Filling up the DagBag from /Users/miltonvolpato/Git/Alura_Airflow_Oficial/venv/lib/python3.9/site-packages/airflow/example_dags/example_complex.py
[2024-04-02 19:41:09,838] {processor.py:651} INFO - DAG(s) dict_keys(['example_complex']) retrieved from /Users/miltonvolpato/Git/Alura_Airflow_Oficial/venv/lib/python3.9/site-packages/airflow/example_dags/example_complex.py
[2024-04-02 19:41:09,869] {logging_mixin.py:115} INFO - [2024-04-02 19:41:09,869] {dag.py:2379} INFO - Sync 1 DAGs
[2024-04-02 19:41:09,876] {logging_mixin.py:115} INFO - [2024-04-02 19:41:09,876] {dag.py:2927} INFO - Setting next_dagrun for example_complex to None, run_after=None
[2024-04-02 19:41:09,881] {processor.py:161} INFO - Processing /Users/miltonvolpato/Git/Alura_Airflow_Oficial/venv/lib/python3.9/site-packages/airflow/example_dags/example_complex.py took 0.052 seconds
[2024-04-02 19:42:03,094] {processor.py:153} INFO - Started process (PID=11703) to work on /Users/miltonvolpato/Git/Alura_Airflow_Oficial/venv/lib/python3.9/site-packages/airflow/example_dags/example_complex.py
[2024-04-02 19:42:03,095] {processor.py:641} INFO - Processing file /Users/miltonvolpato/Git/Alura_Airflow_Oficial/venv/lib/python3.9/site-packages/airflow/example_dags/example_complex.py for tasks to queue
[2024-04-02 19:42:03,095] {logging_mixin.py:115} INFO - [2024-04-02 19:42:03,095] {dagbag.py:507} INFO - Filling up the DagBag from /Users/miltonvolpato/Git/Alura_Airflow_Oficial/venv/lib/python3.9/site-packages/airflow/example_dags/example_complex.py
[2024-04-02 19:42:03,103] {processor.py:651} INFO - DAG(s) dict_keys(['example_complex']) retrieved from /Users/miltonvolpato/Git/Alura_Airflow_Oficial/venv/lib/python3.9/site-packages/airflow/example_dags/example_complex.py
[2024-04-02 19:42:03,133] {logging_mixin.py:115} INFO - [2024-04-02 19:42:03,133] {dag.py:2379} INFO - Sync 1 DAGs
[2024-04-02 19:42:03,140] {logging_mixin.py:115} INFO - [2024-04-02 19:42:03,140] {dag.py:2927} INFO - Setting next_dagrun for example_complex to None, run_after=None
[2024-04-02 19:42:03,145] {processor.py:161} INFO - Processing /Users/miltonvolpato/Git/Alura_Airflow_Oficial/venv/lib/python3.9/site-packages/airflow/example_dags/example_complex.py took 0.051 seconds
[2024-04-02 19:42:54,230] {processor.py:153} INFO - Started process (PID=11751) to work on /Users/miltonvolpato/Git/Alura_Airflow_Oficial/venv/lib/python3.9/site-packages/airflow/example_dags/example_complex.py
[2024-04-02 19:42:54,231] {processor.py:641} INFO - Processing file /Users/miltonvolpato/Git/Alura_Airflow_Oficial/venv/lib/python3.9/site-packages/airflow/example_dags/example_complex.py for tasks to queue
[2024-04-02 19:42:54,231] {logging_mixin.py:115} INFO - [2024-04-02 19:42:54,231] {dagbag.py:507} INFO - Filling up the DagBag from /Users/miltonvolpato/Git/Alura_Airflow_Oficial/venv/lib/python3.9/site-packages/airflow/example_dags/example_complex.py
[2024-04-02 19:42:54,239] {processor.py:651} INFO - DAG(s) dict_keys(['example_complex']) retrieved from /Users/miltonvolpato/Git/Alura_Airflow_Oficial/venv/lib/python3.9/site-packages/airflow/example_dags/example_complex.py
[2024-04-02 19:42:54,269] {logging_mixin.py:115} INFO - [2024-04-02 19:42:54,269] {dag.py:2379} INFO - Sync 1 DAGs
[2024-04-02 19:42:54,276] {logging_mixin.py:115} INFO - [2024-04-02 19:42:54,276] {dag.py:2927} INFO - Setting next_dagrun for example_complex to None, run_after=None
[2024-04-02 19:42:54,281] {processor.py:161} INFO - Processing /Users/miltonvolpato/Git/Alura_Airflow_Oficial/venv/lib/python3.9/site-packages/airflow/example_dags/example_complex.py took 0.051 seconds
[2024-04-02 19:43:45,246] {processor.py:153} INFO - Started process (PID=11802) to work on /Users/miltonvolpato/Git/Alura_Airflow_Oficial/venv/lib/python3.9/site-packages/airflow/example_dags/example_complex.py
[2024-04-02 19:43:45,246] {processor.py:641} INFO - Processing file /Users/miltonvolpato/Git/Alura_Airflow_Oficial/venv/lib/python3.9/site-packages/airflow/example_dags/example_complex.py for tasks to queue
[2024-04-02 19:43:45,246] {logging_mixin.py:115} INFO - [2024-04-02 19:43:45,246] {dagbag.py:507} INFO - Filling up the DagBag from /Users/miltonvolpato/Git/Alura_Airflow_Oficial/venv/lib/python3.9/site-packages/airflow/example_dags/example_complex.py
[2024-04-02 19:43:45,255] {processor.py:651} INFO - DAG(s) dict_keys(['example_complex']) retrieved from /Users/miltonvolpato/Git/Alura_Airflow_Oficial/venv/lib/python3.9/site-packages/airflow/example_dags/example_complex.py
[2024-04-02 19:43:45,286] {logging_mixin.py:115} INFO - [2024-04-02 19:43:45,286] {dag.py:2379} INFO - Sync 1 DAGs
[2024-04-02 19:43:45,292] {logging_mixin.py:115} INFO - [2024-04-02 19:43:45,292] {dag.py:2927} INFO - Setting next_dagrun for example_complex to None, run_after=None
[2024-04-02 19:43:45,297] {processor.py:161} INFO - Processing /Users/miltonvolpato/Git/Alura_Airflow_Oficial/venv/lib/python3.9/site-packages/airflow/example_dags/example_complex.py took 0.051 seconds
[2024-04-02 19:44:43,372] {processor.py:153} INFO - Started process (PID=11882) to work on /Users/miltonvolpato/Git/Alura_Airflow_Oficial/venv/lib/python3.9/site-packages/airflow/example_dags/example_complex.py
[2024-04-02 19:44:43,373] {processor.py:641} INFO - Processing file /Users/miltonvolpato/Git/Alura_Airflow_Oficial/venv/lib/python3.9/site-packages/airflow/example_dags/example_complex.py for tasks to queue
[2024-04-02 19:44:43,373] {logging_mixin.py:115} INFO - [2024-04-02 19:44:43,373] {dagbag.py:507} INFO - Filling up the DagBag from /Users/miltonvolpato/Git/Alura_Airflow_Oficial/venv/lib/python3.9/site-packages/airflow/example_dags/example_complex.py
[2024-04-02 19:44:43,382] {processor.py:651} INFO - DAG(s) dict_keys(['example_complex']) retrieved from /Users/miltonvolpato/Git/Alura_Airflow_Oficial/venv/lib/python3.9/site-packages/airflow/example_dags/example_complex.py
[2024-04-02 19:44:43,412] {logging_mixin.py:115} INFO - [2024-04-02 19:44:43,412] {dag.py:2379} INFO - Sync 1 DAGs
[2024-04-02 19:44:43,419] {logging_mixin.py:115} INFO - [2024-04-02 19:44:43,419] {dag.py:2927} INFO - Setting next_dagrun for example_complex to None, run_after=None
[2024-04-02 19:44:43,424] {processor.py:161} INFO - Processing /Users/miltonvolpato/Git/Alura_Airflow_Oficial/venv/lib/python3.9/site-packages/airflow/example_dags/example_complex.py took 0.052 seconds
[2024-04-02 19:45:34,890] {processor.py:153} INFO - Started process (PID=11926) to work on /Users/miltonvolpato/Git/Alura_Airflow_Oficial/venv/lib/python3.9/site-packages/airflow/example_dags/example_complex.py
[2024-04-02 19:45:34,890] {processor.py:641} INFO - Processing file /Users/miltonvolpato/Git/Alura_Airflow_Oficial/venv/lib/python3.9/site-packages/airflow/example_dags/example_complex.py for tasks to queue
[2024-04-02 19:45:34,890] {logging_mixin.py:115} INFO - [2024-04-02 19:45:34,890] {dagbag.py:507} INFO - Filling up the DagBag from /Users/miltonvolpato/Git/Alura_Airflow_Oficial/venv/lib/python3.9/site-packages/airflow/example_dags/example_complex.py
[2024-04-02 19:45:34,899] {processor.py:651} INFO - DAG(s) dict_keys(['example_complex']) retrieved from /Users/miltonvolpato/Git/Alura_Airflow_Oficial/venv/lib/python3.9/site-packages/airflow/example_dags/example_complex.py
[2024-04-02 19:45:34,929] {logging_mixin.py:115} INFO - [2024-04-02 19:45:34,929] {dag.py:2379} INFO - Sync 1 DAGs
[2024-04-02 19:45:34,936] {logging_mixin.py:115} INFO - [2024-04-02 19:45:34,936] {dag.py:2927} INFO - Setting next_dagrun for example_complex to None, run_after=None
[2024-04-02 19:45:34,941] {processor.py:161} INFO - Processing /Users/miltonvolpato/Git/Alura_Airflow_Oficial/venv/lib/python3.9/site-packages/airflow/example_dags/example_complex.py took 0.052 seconds
[2024-04-02 19:46:24,888] {processor.py:153} INFO - Started process (PID=11988) to work on /Users/miltonvolpato/Git/Alura_Airflow_Oficial/venv/lib/python3.9/site-packages/airflow/example_dags/example_complex.py
[2024-04-02 19:46:24,888] {processor.py:641} INFO - Processing file /Users/miltonvolpato/Git/Alura_Airflow_Oficial/venv/lib/python3.9/site-packages/airflow/example_dags/example_complex.py for tasks to queue
[2024-04-02 19:46:24,888] {logging_mixin.py:115} INFO - [2024-04-02 19:46:24,888] {dagbag.py:507} INFO - Filling up the DagBag from /Users/miltonvolpato/Git/Alura_Airflow_Oficial/venv/lib/python3.9/site-packages/airflow/example_dags/example_complex.py
[2024-04-02 19:46:24,897] {processor.py:651} INFO - DAG(s) dict_keys(['example_complex']) retrieved from /Users/miltonvolpato/Git/Alura_Airflow_Oficial/venv/lib/python3.9/site-packages/airflow/example_dags/example_complex.py
[2024-04-02 19:46:24,928] {logging_mixin.py:115} INFO - [2024-04-02 19:46:24,927] {dag.py:2379} INFO - Sync 1 DAGs
[2024-04-02 19:46:24,934] {logging_mixin.py:115} INFO - [2024-04-02 19:46:24,934] {dag.py:2927} INFO - Setting next_dagrun for example_complex to None, run_after=None
[2024-04-02 19:46:24,939] {processor.py:161} INFO - Processing /Users/miltonvolpato/Git/Alura_Airflow_Oficial/venv/lib/python3.9/site-packages/airflow/example_dags/example_complex.py took 0.051 seconds
[2024-04-02 19:47:20,487] {processor.py:153} INFO - Started process (PID=12062) to work on /Users/miltonvolpato/Git/Alura_Airflow_Oficial/venv/lib/python3.9/site-packages/airflow/example_dags/example_complex.py
[2024-04-02 19:47:20,487] {processor.py:641} INFO - Processing file /Users/miltonvolpato/Git/Alura_Airflow_Oficial/venv/lib/python3.9/site-packages/airflow/example_dags/example_complex.py for tasks to queue
[2024-04-02 19:47:20,487] {logging_mixin.py:115} INFO - [2024-04-02 19:47:20,487] {dagbag.py:507} INFO - Filling up the DagBag from /Users/miltonvolpato/Git/Alura_Airflow_Oficial/venv/lib/python3.9/site-packages/airflow/example_dags/example_complex.py
[2024-04-02 19:47:20,497] {processor.py:651} INFO - DAG(s) dict_keys(['example_complex']) retrieved from /Users/miltonvolpato/Git/Alura_Airflow_Oficial/venv/lib/python3.9/site-packages/airflow/example_dags/example_complex.py
[2024-04-02 19:47:20,528] {logging_mixin.py:115} INFO - [2024-04-02 19:47:20,528] {dag.py:2379} INFO - Sync 1 DAGs
[2024-04-02 19:47:20,534] {logging_mixin.py:115} INFO - [2024-04-02 19:47:20,534] {dag.py:2927} INFO - Setting next_dagrun for example_complex to None, run_after=None
[2024-04-02 19:47:20,539] {processor.py:161} INFO - Processing /Users/miltonvolpato/Git/Alura_Airflow_Oficial/venv/lib/python3.9/site-packages/airflow/example_dags/example_complex.py took 0.053 seconds
[2024-04-02 19:48:07,886] {processor.py:153} INFO - Started process (PID=12130) to work on /Users/miltonvolpato/Git/Alura_Airflow_Oficial/venv/lib/python3.9/site-packages/airflow/example_dags/example_complex.py
[2024-04-02 19:48:07,886] {processor.py:641} INFO - Processing file /Users/miltonvolpato/Git/Alura_Airflow_Oficial/venv/lib/python3.9/site-packages/airflow/example_dags/example_complex.py for tasks to queue
[2024-04-02 19:48:07,886] {logging_mixin.py:115} INFO - [2024-04-02 19:48:07,886] {dagbag.py:507} INFO - Filling up the DagBag from /Users/miltonvolpato/Git/Alura_Airflow_Oficial/venv/lib/python3.9/site-packages/airflow/example_dags/example_complex.py
[2024-04-02 19:48:07,894] {processor.py:651} INFO - DAG(s) dict_keys(['example_complex']) retrieved from /Users/miltonvolpato/Git/Alura_Airflow_Oficial/venv/lib/python3.9/site-packages/airflow/example_dags/example_complex.py
[2024-04-02 19:48:07,925] {logging_mixin.py:115} INFO - [2024-04-02 19:48:07,925] {dag.py:2379} INFO - Sync 1 DAGs
[2024-04-02 19:48:07,932] {logging_mixin.py:115} INFO - [2024-04-02 19:48:07,932] {dag.py:2927} INFO - Setting next_dagrun for example_complex to None, run_after=None
[2024-04-02 19:48:07,937] {processor.py:161} INFO - Processing /Users/miltonvolpato/Git/Alura_Airflow_Oficial/venv/lib/python3.9/site-packages/airflow/example_dags/example_complex.py took 0.052 seconds
[2024-04-02 19:48:55,998] {processor.py:153} INFO - Started process (PID=12183) to work on /Users/miltonvolpato/Git/Alura_Airflow_Oficial/venv/lib/python3.9/site-packages/airflow/example_dags/example_complex.py
[2024-04-02 19:48:55,998] {processor.py:641} INFO - Processing file /Users/miltonvolpato/Git/Alura_Airflow_Oficial/venv/lib/python3.9/site-packages/airflow/example_dags/example_complex.py for tasks to queue
[2024-04-02 19:48:55,998] {logging_mixin.py:115} INFO - [2024-04-02 19:48:55,998] {dagbag.py:507} INFO - Filling up the DagBag from /Users/miltonvolpato/Git/Alura_Airflow_Oficial/venv/lib/python3.9/site-packages/airflow/example_dags/example_complex.py
[2024-04-02 19:48:56,007] {processor.py:651} INFO - DAG(s) dict_keys(['example_complex']) retrieved from /Users/miltonvolpato/Git/Alura_Airflow_Oficial/venv/lib/python3.9/site-packages/airflow/example_dags/example_complex.py
[2024-04-02 19:48:56,038] {logging_mixin.py:115} INFO - [2024-04-02 19:48:56,038] {dag.py:2379} INFO - Sync 1 DAGs
[2024-04-02 19:48:56,045] {logging_mixin.py:115} INFO - [2024-04-02 19:48:56,045] {dag.py:2927} INFO - Setting next_dagrun for example_complex to None, run_after=None
[2024-04-02 19:48:56,049] {processor.py:161} INFO - Processing /Users/miltonvolpato/Git/Alura_Airflow_Oficial/venv/lib/python3.9/site-packages/airflow/example_dags/example_complex.py took 0.051 seconds
[2024-04-02 19:49:48,343] {processor.py:153} INFO - Started process (PID=12242) to work on /Users/miltonvolpato/Git/Alura_Airflow_Oficial/venv/lib/python3.9/site-packages/airflow/example_dags/example_complex.py
[2024-04-02 19:49:48,343] {processor.py:641} INFO - Processing file /Users/miltonvolpato/Git/Alura_Airflow_Oficial/venv/lib/python3.9/site-packages/airflow/example_dags/example_complex.py for tasks to queue
[2024-04-02 19:49:48,344] {logging_mixin.py:115} INFO - [2024-04-02 19:49:48,344] {dagbag.py:507} INFO - Filling up the DagBag from /Users/miltonvolpato/Git/Alura_Airflow_Oficial/venv/lib/python3.9/site-packages/airflow/example_dags/example_complex.py
[2024-04-02 19:49:48,352] {processor.py:651} INFO - DAG(s) dict_keys(['example_complex']) retrieved from /Users/miltonvolpato/Git/Alura_Airflow_Oficial/venv/lib/python3.9/site-packages/airflow/example_dags/example_complex.py
[2024-04-02 19:49:48,383] {logging_mixin.py:115} INFO - [2024-04-02 19:49:48,383] {dag.py:2379} INFO - Sync 1 DAGs
[2024-04-02 19:49:48,390] {logging_mixin.py:115} INFO - [2024-04-02 19:49:48,390] {dag.py:2927} INFO - Setting next_dagrun for example_complex to None, run_after=None
[2024-04-02 19:49:48,395] {processor.py:161} INFO - Processing /Users/miltonvolpato/Git/Alura_Airflow_Oficial/venv/lib/python3.9/site-packages/airflow/example_dags/example_complex.py took 0.052 seconds
[2024-04-02 19:50:41,463] {processor.py:153} INFO - Started process (PID=12288) to work on /Users/miltonvolpato/Git/Alura_Airflow_Oficial/venv/lib/python3.9/site-packages/airflow/example_dags/example_complex.py
[2024-04-02 19:50:41,464] {processor.py:641} INFO - Processing file /Users/miltonvolpato/Git/Alura_Airflow_Oficial/venv/lib/python3.9/site-packages/airflow/example_dags/example_complex.py for tasks to queue
[2024-04-02 19:50:41,464] {logging_mixin.py:115} INFO - [2024-04-02 19:50:41,464] {dagbag.py:507} INFO - Filling up the DagBag from /Users/miltonvolpato/Git/Alura_Airflow_Oficial/venv/lib/python3.9/site-packages/airflow/example_dags/example_complex.py
[2024-04-02 19:50:41,473] {processor.py:651} INFO - DAG(s) dict_keys(['example_complex']) retrieved from /Users/miltonvolpato/Git/Alura_Airflow_Oficial/venv/lib/python3.9/site-packages/airflow/example_dags/example_complex.py
[2024-04-02 19:50:41,505] {logging_mixin.py:115} INFO - [2024-04-02 19:50:41,504] {dag.py:2379} INFO - Sync 1 DAGs
[2024-04-02 19:50:41,512] {logging_mixin.py:115} INFO - [2024-04-02 19:50:41,512] {dag.py:2927} INFO - Setting next_dagrun for example_complex to None, run_after=None
[2024-04-02 19:50:41,516] {processor.py:161} INFO - Processing /Users/miltonvolpato/Git/Alura_Airflow_Oficial/venv/lib/python3.9/site-packages/airflow/example_dags/example_complex.py took 0.053 seconds
[2024-04-02 19:51:35,279] {processor.py:153} INFO - Started process (PID=12334) to work on /Users/miltonvolpato/Git/Alura_Airflow_Oficial/venv/lib/python3.9/site-packages/airflow/example_dags/example_complex.py
[2024-04-02 19:51:35,280] {processor.py:641} INFO - Processing file /Users/miltonvolpato/Git/Alura_Airflow_Oficial/venv/lib/python3.9/site-packages/airflow/example_dags/example_complex.py for tasks to queue
[2024-04-02 19:51:35,280] {logging_mixin.py:115} INFO - [2024-04-02 19:51:35,280] {dagbag.py:507} INFO - Filling up the DagBag from /Users/miltonvolpato/Git/Alura_Airflow_Oficial/venv/lib/python3.9/site-packages/airflow/example_dags/example_complex.py
[2024-04-02 19:51:35,289] {processor.py:651} INFO - DAG(s) dict_keys(['example_complex']) retrieved from /Users/miltonvolpato/Git/Alura_Airflow_Oficial/venv/lib/python3.9/site-packages/airflow/example_dags/example_complex.py
[2024-04-02 19:51:35,320] {logging_mixin.py:115} INFO - [2024-04-02 19:51:35,320] {dag.py:2379} INFO - Sync 1 DAGs
[2024-04-02 19:51:35,327] {logging_mixin.py:115} INFO - [2024-04-02 19:51:35,327] {dag.py:2927} INFO - Setting next_dagrun for example_complex to None, run_after=None
[2024-04-02 19:51:35,332] {processor.py:161} INFO - Processing /Users/miltonvolpato/Git/Alura_Airflow_Oficial/venv/lib/python3.9/site-packages/airflow/example_dags/example_complex.py took 0.053 seconds
[2024-04-02 19:52:28,061] {processor.py:153} INFO - Started process (PID=12394) to work on /Users/miltonvolpato/Git/Alura_Airflow_Oficial/venv/lib/python3.9/site-packages/airflow/example_dags/example_complex.py
[2024-04-02 19:52:28,062] {processor.py:641} INFO - Processing file /Users/miltonvolpato/Git/Alura_Airflow_Oficial/venv/lib/python3.9/site-packages/airflow/example_dags/example_complex.py for tasks to queue
[2024-04-02 19:52:28,062] {logging_mixin.py:115} INFO - [2024-04-02 19:52:28,062] {dagbag.py:507} INFO - Filling up the DagBag from /Users/miltonvolpato/Git/Alura_Airflow_Oficial/venv/lib/python3.9/site-packages/airflow/example_dags/example_complex.py
[2024-04-02 19:52:28,072] {processor.py:651} INFO - DAG(s) dict_keys(['example_complex']) retrieved from /Users/miltonvolpato/Git/Alura_Airflow_Oficial/venv/lib/python3.9/site-packages/airflow/example_dags/example_complex.py
[2024-04-02 19:52:28,107] {logging_mixin.py:115} INFO - [2024-04-02 19:52:28,107] {dag.py:2379} INFO - Sync 1 DAGs
[2024-04-02 19:52:28,115] {logging_mixin.py:115} INFO - [2024-04-02 19:52:28,115] {dag.py:2927} INFO - Setting next_dagrun for example_complex to None, run_after=None
[2024-04-02 19:52:28,120] {processor.py:161} INFO - Processing /Users/miltonvolpato/Git/Alura_Airflow_Oficial/venv/lib/python3.9/site-packages/airflow/example_dags/example_complex.py took 0.059 seconds
[2024-04-02 19:53:26,502] {processor.py:153} INFO - Started process (PID=12450) to work on /Users/miltonvolpato/Git/Alura_Airflow_Oficial/venv/lib/python3.9/site-packages/airflow/example_dags/example_complex.py
[2024-04-02 19:53:26,502] {processor.py:641} INFO - Processing file /Users/miltonvolpato/Git/Alura_Airflow_Oficial/venv/lib/python3.9/site-packages/airflow/example_dags/example_complex.py for tasks to queue
[2024-04-02 19:53:26,502] {logging_mixin.py:115} INFO - [2024-04-02 19:53:26,502] {dagbag.py:507} INFO - Filling up the DagBag from /Users/miltonvolpato/Git/Alura_Airflow_Oficial/venv/lib/python3.9/site-packages/airflow/example_dags/example_complex.py
[2024-04-02 19:53:26,515] {processor.py:651} INFO - DAG(s) dict_keys(['example_complex']) retrieved from /Users/miltonvolpato/Git/Alura_Airflow_Oficial/venv/lib/python3.9/site-packages/airflow/example_dags/example_complex.py
[2024-04-02 19:53:26,550] {logging_mixin.py:115} INFO - [2024-04-02 19:53:26,550] {dag.py:2379} INFO - Sync 1 DAGs
[2024-04-02 19:53:26,558] {logging_mixin.py:115} INFO - [2024-04-02 19:53:26,558] {dag.py:2927} INFO - Setting next_dagrun for example_complex to None, run_after=None
[2024-04-02 19:53:26,563] {processor.py:161} INFO - Processing /Users/miltonvolpato/Git/Alura_Airflow_Oficial/venv/lib/python3.9/site-packages/airflow/example_dags/example_complex.py took 0.062 seconds
[2024-04-02 19:54:22,103] {processor.py:153} INFO - Started process (PID=12553) to work on /Users/miltonvolpato/Git/Alura_Airflow_Oficial/venv/lib/python3.9/site-packages/airflow/example_dags/example_complex.py
[2024-04-02 19:54:22,104] {processor.py:641} INFO - Processing file /Users/miltonvolpato/Git/Alura_Airflow_Oficial/venv/lib/python3.9/site-packages/airflow/example_dags/example_complex.py for tasks to queue
[2024-04-02 19:54:22,104] {logging_mixin.py:115} INFO - [2024-04-02 19:54:22,104] {dagbag.py:507} INFO - Filling up the DagBag from /Users/miltonvolpato/Git/Alura_Airflow_Oficial/venv/lib/python3.9/site-packages/airflow/example_dags/example_complex.py
[2024-04-02 19:54:22,113] {processor.py:651} INFO - DAG(s) dict_keys(['example_complex']) retrieved from /Users/miltonvolpato/Git/Alura_Airflow_Oficial/venv/lib/python3.9/site-packages/airflow/example_dags/example_complex.py
[2024-04-02 19:54:22,145] {logging_mixin.py:115} INFO - [2024-04-02 19:54:22,145] {dag.py:2379} INFO - Sync 1 DAGs
[2024-04-02 19:54:22,152] {logging_mixin.py:115} INFO - [2024-04-02 19:54:22,152] {dag.py:2927} INFO - Setting next_dagrun for example_complex to None, run_after=None
[2024-04-02 19:54:22,158] {processor.py:161} INFO - Processing /Users/miltonvolpato/Git/Alura_Airflow_Oficial/venv/lib/python3.9/site-packages/airflow/example_dags/example_complex.py took 0.055 seconds
[2024-04-02 19:55:19,900] {processor.py:153} INFO - Started process (PID=12647) to work on /Users/miltonvolpato/Git/Alura_Airflow_Oficial/venv/lib/python3.9/site-packages/airflow/example_dags/example_complex.py
[2024-04-02 19:55:19,901] {processor.py:641} INFO - Processing file /Users/miltonvolpato/Git/Alura_Airflow_Oficial/venv/lib/python3.9/site-packages/airflow/example_dags/example_complex.py for tasks to queue
[2024-04-02 19:55:19,901] {logging_mixin.py:115} INFO - [2024-04-02 19:55:19,901] {dagbag.py:507} INFO - Filling up the DagBag from /Users/miltonvolpato/Git/Alura_Airflow_Oficial/venv/lib/python3.9/site-packages/airflow/example_dags/example_complex.py
[2024-04-02 19:55:19,910] {processor.py:651} INFO - DAG(s) dict_keys(['example_complex']) retrieved from /Users/miltonvolpato/Git/Alura_Airflow_Oficial/venv/lib/python3.9/site-packages/airflow/example_dags/example_complex.py
[2024-04-02 19:55:19,942] {logging_mixin.py:115} INFO - [2024-04-02 19:55:19,942] {dag.py:2379} INFO - Sync 1 DAGs
[2024-04-02 19:55:19,949] {logging_mixin.py:115} INFO - [2024-04-02 19:55:19,949] {dag.py:2927} INFO - Setting next_dagrun for example_complex to None, run_after=None
[2024-04-02 19:55:19,954] {processor.py:161} INFO - Processing /Users/miltonvolpato/Git/Alura_Airflow_Oficial/venv/lib/python3.9/site-packages/airflow/example_dags/example_complex.py took 0.054 seconds
