[2024-04-02 19:37:01,579] {processor.py:153} INFO - Started process (PID=11341) to work on /Users/miltonvolpato/Git/Alura_Airflow_Oficial/venv/lib/python3.9/site-packages/airflow/example_dags/example_branch_labels.py
[2024-04-02 19:37:01,579] {processor.py:641} INFO - Processing file /Users/miltonvolpato/Git/Alura_Airflow_Oficial/venv/lib/python3.9/site-packages/airflow/example_dags/example_branch_labels.py for tasks to queue
[2024-04-02 19:37:01,579] {logging_mixin.py:115} INFO - [2024-04-02 19:37:01,579] {dagbag.py:507} INFO - Filling up the DagBag from /Users/miltonvolpato/Git/Alura_Airflow_Oficial/venv/lib/python3.9/site-packages/airflow/example_dags/example_branch_labels.py
[2024-04-02 19:37:01,586] {processor.py:651} INFO - DAG(s) dict_keys(['example_branch_labels']) retrieved from /Users/miltonvolpato/Git/Alura_Airflow_Oficial/venv/lib/python3.9/site-packages/airflow/example_dags/example_branch_labels.py
[2024-04-02 19:37:01,932] {logging_mixin.py:115} INFO - [2024-04-02 19:37:01,932] {manager.py:508} INFO - Created Permission View: can read on DAG:example_branch_labels
[2024-04-02 19:37:01,935] {logging_mixin.py:115} INFO - [2024-04-02 19:37:01,935] {manager.py:508} INFO - Created Permission View: can delete on DAG:example_branch_labels
[2024-04-02 19:37:01,937] {logging_mixin.py:115} INFO - [2024-04-02 19:37:01,937] {manager.py:508} INFO - Created Permission View: can edit on DAG:example_branch_labels
[2024-04-02 19:37:01,937] {logging_mixin.py:115} INFO - [2024-04-02 19:37:01,937] {dag.py:2379} INFO - Sync 1 DAGs
[2024-04-02 19:37:01,940] {logging_mixin.py:115} INFO - [2024-04-02 19:37:01,940] {dag.py:2398} INFO - Creating ORM DAG for example_branch_labels
[2024-04-02 19:37:01,946] {logging_mixin.py:115} INFO - [2024-04-02 19:37:01,946] {dag.py:2927} INFO - Setting next_dagrun for example_branch_labels to 2024-04-01T00:00:00+00:00, run_after=2024-04-02T00:00:00+00:00
[2024-04-02 19:37:01,950] {processor.py:161} INFO - Processing /Users/miltonvolpato/Git/Alura_Airflow_Oficial/venv/lib/python3.9/site-packages/airflow/example_dags/example_branch_labels.py took 0.372 seconds
[2024-04-02 19:38:03,591] {processor.py:153} INFO - Started process (PID=11471) to work on /Users/miltonvolpato/Git/Alura_Airflow_Oficial/venv/lib/python3.9/site-packages/airflow/example_dags/example_branch_labels.py
[2024-04-02 19:38:03,592] {processor.py:641} INFO - Processing file /Users/miltonvolpato/Git/Alura_Airflow_Oficial/venv/lib/python3.9/site-packages/airflow/example_dags/example_branch_labels.py for tasks to queue
[2024-04-02 19:38:03,592] {logging_mixin.py:115} INFO - [2024-04-02 19:38:03,592] {dagbag.py:507} INFO - Filling up the DagBag from /Users/miltonvolpato/Git/Alura_Airflow_Oficial/venv/lib/python3.9/site-packages/airflow/example_dags/example_branch_labels.py
[2024-04-02 19:38:03,598] {processor.py:651} INFO - DAG(s) dict_keys(['example_branch_labels']) retrieved from /Users/miltonvolpato/Git/Alura_Airflow_Oficial/venv/lib/python3.9/site-packages/airflow/example_dags/example_branch_labels.py
[2024-04-02 19:38:03,628] {logging_mixin.py:115} INFO - [2024-04-02 19:38:03,628] {dag.py:2379} INFO - Sync 1 DAGs
[2024-04-02 19:38:03,636] {logging_mixin.py:115} INFO - [2024-04-02 19:38:03,636] {dag.py:2927} INFO - Setting next_dagrun for example_branch_labels to 2024-04-01T00:00:00+00:00, run_after=2024-04-02T00:00:00+00:00
[2024-04-02 19:38:03,641] {processor.py:161} INFO - Processing /Users/miltonvolpato/Git/Alura_Airflow_Oficial/venv/lib/python3.9/site-packages/airflow/example_dags/example_branch_labels.py took 0.050 seconds
[2024-04-02 19:38:52,914] {processor.py:153} INFO - Started process (PID=11530) to work on /Users/miltonvolpato/Git/Alura_Airflow_Oficial/venv/lib/python3.9/site-packages/airflow/example_dags/example_branch_labels.py
[2024-04-02 19:38:52,914] {processor.py:641} INFO - Processing file /Users/miltonvolpato/Git/Alura_Airflow_Oficial/venv/lib/python3.9/site-packages/airflow/example_dags/example_branch_labels.py for tasks to queue
[2024-04-02 19:38:52,914] {logging_mixin.py:115} INFO - [2024-04-02 19:38:52,914] {dagbag.py:507} INFO - Filling up the DagBag from /Users/miltonvolpato/Git/Alura_Airflow_Oficial/venv/lib/python3.9/site-packages/airflow/example_dags/example_branch_labels.py
[2024-04-02 19:38:52,920] {processor.py:651} INFO - DAG(s) dict_keys(['example_branch_labels']) retrieved from /Users/miltonvolpato/Git/Alura_Airflow_Oficial/venv/lib/python3.9/site-packages/airflow/example_dags/example_branch_labels.py
[2024-04-02 19:38:52,948] {logging_mixin.py:115} INFO - [2024-04-02 19:38:52,948] {dag.py:2379} INFO - Sync 1 DAGs
[2024-04-02 19:38:52,955] {logging_mixin.py:115} INFO - [2024-04-02 19:38:52,955] {dag.py:2927} INFO - Setting next_dagrun for example_branch_labels to 2024-04-01T00:00:00+00:00, run_after=2024-04-02T00:00:00+00:00
[2024-04-02 19:38:52,960] {processor.py:161} INFO - Processing /Users/miltonvolpato/Git/Alura_Airflow_Oficial/venv/lib/python3.9/site-packages/airflow/example_dags/example_branch_labels.py took 0.046 seconds
[2024-04-02 19:39:42,032] {processor.py:153} INFO - Started process (PID=11571) to work on /Users/miltonvolpato/Git/Alura_Airflow_Oficial/venv/lib/python3.9/site-packages/airflow/example_dags/example_branch_labels.py
[2024-04-02 19:39:42,032] {processor.py:641} INFO - Processing file /Users/miltonvolpato/Git/Alura_Airflow_Oficial/venv/lib/python3.9/site-packages/airflow/example_dags/example_branch_labels.py for tasks to queue
[2024-04-02 19:39:42,032] {logging_mixin.py:115} INFO - [2024-04-02 19:39:42,032] {dagbag.py:507} INFO - Filling up the DagBag from /Users/miltonvolpato/Git/Alura_Airflow_Oficial/venv/lib/python3.9/site-packages/airflow/example_dags/example_branch_labels.py
[2024-04-02 19:39:42,038] {processor.py:651} INFO - DAG(s) dict_keys(['example_branch_labels']) retrieved from /Users/miltonvolpato/Git/Alura_Airflow_Oficial/venv/lib/python3.9/site-packages/airflow/example_dags/example_branch_labels.py
[2024-04-02 19:39:42,066] {logging_mixin.py:115} INFO - [2024-04-02 19:39:42,066] {dag.py:2379} INFO - Sync 1 DAGs
[2024-04-02 19:39:42,073] {logging_mixin.py:115} INFO - [2024-04-02 19:39:42,073] {dag.py:2927} INFO - Setting next_dagrun for example_branch_labels to 2024-04-01T00:00:00+00:00, run_after=2024-04-02T00:00:00+00:00
[2024-04-02 19:39:42,078] {processor.py:161} INFO - Processing /Users/miltonvolpato/Git/Alura_Airflow_Oficial/venv/lib/python3.9/site-packages/airflow/example_dags/example_branch_labels.py took 0.046 seconds
[2024-04-02 19:40:32,395] {processor.py:153} INFO - Started process (PID=11621) to work on /Users/miltonvolpato/Git/Alura_Airflow_Oficial/venv/lib/python3.9/site-packages/airflow/example_dags/example_branch_labels.py
[2024-04-02 19:40:32,395] {processor.py:641} INFO - Processing file /Users/miltonvolpato/Git/Alura_Airflow_Oficial/venv/lib/python3.9/site-packages/airflow/example_dags/example_branch_labels.py for tasks to queue
[2024-04-02 19:40:32,396] {logging_mixin.py:115} INFO - [2024-04-02 19:40:32,396] {dagbag.py:507} INFO - Filling up the DagBag from /Users/miltonvolpato/Git/Alura_Airflow_Oficial/venv/lib/python3.9/site-packages/airflow/example_dags/example_branch_labels.py
[2024-04-02 19:40:32,402] {processor.py:651} INFO - DAG(s) dict_keys(['example_branch_labels']) retrieved from /Users/miltonvolpato/Git/Alura_Airflow_Oficial/venv/lib/python3.9/site-packages/airflow/example_dags/example_branch_labels.py
[2024-04-02 19:40:32,430] {logging_mixin.py:115} INFO - [2024-04-02 19:40:32,429] {dag.py:2379} INFO - Sync 1 DAGs
[2024-04-02 19:40:32,437] {logging_mixin.py:115} INFO - [2024-04-02 19:40:32,437] {dag.py:2927} INFO - Setting next_dagrun for example_branch_labels to 2024-04-01T00:00:00+00:00, run_after=2024-04-02T00:00:00+00:00
[2024-04-02 19:40:32,442] {processor.py:161} INFO - Processing /Users/miltonvolpato/Git/Alura_Airflow_Oficial/venv/lib/python3.9/site-packages/airflow/example_dags/example_branch_labels.py took 0.047 seconds
[2024-04-02 19:41:26,295] {processor.py:153} INFO - Started process (PID=11668) to work on /Users/miltonvolpato/Git/Alura_Airflow_Oficial/venv/lib/python3.9/site-packages/airflow/example_dags/example_branch_labels.py
[2024-04-02 19:41:26,295] {processor.py:641} INFO - Processing file /Users/miltonvolpato/Git/Alura_Airflow_Oficial/venv/lib/python3.9/site-packages/airflow/example_dags/example_branch_labels.py for tasks to queue
[2024-04-02 19:41:26,295] {logging_mixin.py:115} INFO - [2024-04-02 19:41:26,295] {dagbag.py:507} INFO - Filling up the DagBag from /Users/miltonvolpato/Git/Alura_Airflow_Oficial/venv/lib/python3.9/site-packages/airflow/example_dags/example_branch_labels.py
[2024-04-02 19:41:26,301] {processor.py:651} INFO - DAG(s) dict_keys(['example_branch_labels']) retrieved from /Users/miltonvolpato/Git/Alura_Airflow_Oficial/venv/lib/python3.9/site-packages/airflow/example_dags/example_branch_labels.py
[2024-04-02 19:41:26,330] {logging_mixin.py:115} INFO - [2024-04-02 19:41:26,330] {dag.py:2379} INFO - Sync 1 DAGs
[2024-04-02 19:41:26,337] {logging_mixin.py:115} INFO - [2024-04-02 19:41:26,337] {dag.py:2927} INFO - Setting next_dagrun for example_branch_labels to 2024-04-01T00:00:00+00:00, run_after=2024-04-02T00:00:00+00:00
[2024-04-02 19:41:26,342] {processor.py:161} INFO - Processing /Users/miltonvolpato/Git/Alura_Airflow_Oficial/venv/lib/python3.9/site-packages/airflow/example_dags/example_branch_labels.py took 0.048 seconds
[2024-04-02 19:42:19,490] {processor.py:153} INFO - Started process (PID=11719) to work on /Users/miltonvolpato/Git/Alura_Airflow_Oficial/venv/lib/python3.9/site-packages/airflow/example_dags/example_branch_labels.py
[2024-04-02 19:42:19,490] {processor.py:641} INFO - Processing file /Users/miltonvolpato/Git/Alura_Airflow_Oficial/venv/lib/python3.9/site-packages/airflow/example_dags/example_branch_labels.py for tasks to queue
[2024-04-02 19:42:19,490] {logging_mixin.py:115} INFO - [2024-04-02 19:42:19,490] {dagbag.py:507} INFO - Filling up the DagBag from /Users/miltonvolpato/Git/Alura_Airflow_Oficial/venv/lib/python3.9/site-packages/airflow/example_dags/example_branch_labels.py
[2024-04-02 19:42:19,496] {processor.py:651} INFO - DAG(s) dict_keys(['example_branch_labels']) retrieved from /Users/miltonvolpato/Git/Alura_Airflow_Oficial/venv/lib/python3.9/site-packages/airflow/example_dags/example_branch_labels.py
[2024-04-02 19:42:19,524] {logging_mixin.py:115} INFO - [2024-04-02 19:42:19,524] {dag.py:2379} INFO - Sync 1 DAGs
[2024-04-02 19:42:19,531] {logging_mixin.py:115} INFO - [2024-04-02 19:42:19,531] {dag.py:2927} INFO - Setting next_dagrun for example_branch_labels to 2024-04-01T00:00:00+00:00, run_after=2024-04-02T00:00:00+00:00
[2024-04-02 19:42:19,536] {processor.py:161} INFO - Processing /Users/miltonvolpato/Git/Alura_Airflow_Oficial/venv/lib/python3.9/site-packages/airflow/example_dags/example_branch_labels.py took 0.047 seconds
[2024-04-02 19:43:10,299] {processor.py:153} INFO - Started process (PID=11768) to work on /Users/miltonvolpato/Git/Alura_Airflow_Oficial/venv/lib/python3.9/site-packages/airflow/example_dags/example_branch_labels.py
[2024-04-02 19:43:10,300] {processor.py:641} INFO - Processing file /Users/miltonvolpato/Git/Alura_Airflow_Oficial/venv/lib/python3.9/site-packages/airflow/example_dags/example_branch_labels.py for tasks to queue
[2024-04-02 19:43:10,300] {logging_mixin.py:115} INFO - [2024-04-02 19:43:10,300] {dagbag.py:507} INFO - Filling up the DagBag from /Users/miltonvolpato/Git/Alura_Airflow_Oficial/venv/lib/python3.9/site-packages/airflow/example_dags/example_branch_labels.py
[2024-04-02 19:43:10,306] {processor.py:651} INFO - DAG(s) dict_keys(['example_branch_labels']) retrieved from /Users/miltonvolpato/Git/Alura_Airflow_Oficial/venv/lib/python3.9/site-packages/airflow/example_dags/example_branch_labels.py
[2024-04-02 19:43:10,335] {logging_mixin.py:115} INFO - [2024-04-02 19:43:10,335] {dag.py:2379} INFO - Sync 1 DAGs
[2024-04-02 19:43:10,343] {logging_mixin.py:115} INFO - [2024-04-02 19:43:10,343] {dag.py:2927} INFO - Setting next_dagrun for example_branch_labels to 2024-04-01T00:00:00+00:00, run_after=2024-04-02T00:00:00+00:00
[2024-04-02 19:43:10,347] {processor.py:161} INFO - Processing /Users/miltonvolpato/Git/Alura_Airflow_Oficial/venv/lib/python3.9/site-packages/airflow/example_dags/example_branch_labels.py took 0.049 seconds
[2024-04-02 19:44:08,169] {processor.py:153} INFO - Started process (PID=11830) to work on /Users/miltonvolpato/Git/Alura_Airflow_Oficial/venv/lib/python3.9/site-packages/airflow/example_dags/example_branch_labels.py
[2024-04-02 19:44:08,170] {processor.py:641} INFO - Processing file /Users/miltonvolpato/Git/Alura_Airflow_Oficial/venv/lib/python3.9/site-packages/airflow/example_dags/example_branch_labels.py for tasks to queue
[2024-04-02 19:44:08,171] {logging_mixin.py:115} INFO - [2024-04-02 19:44:08,171] {dagbag.py:507} INFO - Filling up the DagBag from /Users/miltonvolpato/Git/Alura_Airflow_Oficial/venv/lib/python3.9/site-packages/airflow/example_dags/example_branch_labels.py
[2024-04-02 19:44:08,177] {processor.py:651} INFO - DAG(s) dict_keys(['example_branch_labels']) retrieved from /Users/miltonvolpato/Git/Alura_Airflow_Oficial/venv/lib/python3.9/site-packages/airflow/example_dags/example_branch_labels.py
[2024-04-02 19:44:08,205] {logging_mixin.py:115} INFO - [2024-04-02 19:44:08,205] {dag.py:2379} INFO - Sync 1 DAGs
[2024-04-02 19:44:08,212] {logging_mixin.py:115} INFO - [2024-04-02 19:44:08,212] {dag.py:2927} INFO - Setting next_dagrun for example_branch_labels to 2024-04-01T00:00:00+00:00, run_after=2024-04-02T00:00:00+00:00
[2024-04-02 19:44:08,217] {processor.py:161} INFO - Processing /Users/miltonvolpato/Git/Alura_Airflow_Oficial/venv/lib/python3.9/site-packages/airflow/example_dags/example_branch_labels.py took 0.048 seconds
[2024-04-02 19:44:59,947] {processor.py:153} INFO - Started process (PID=11896) to work on /Users/miltonvolpato/Git/Alura_Airflow_Oficial/venv/lib/python3.9/site-packages/airflow/example_dags/example_branch_labels.py
[2024-04-02 19:44:59,948] {processor.py:641} INFO - Processing file /Users/miltonvolpato/Git/Alura_Airflow_Oficial/venv/lib/python3.9/site-packages/airflow/example_dags/example_branch_labels.py for tasks to queue
[2024-04-02 19:44:59,948] {logging_mixin.py:115} INFO - [2024-04-02 19:44:59,948] {dagbag.py:507} INFO - Filling up the DagBag from /Users/miltonvolpato/Git/Alura_Airflow_Oficial/venv/lib/python3.9/site-packages/airflow/example_dags/example_branch_labels.py
[2024-04-02 19:44:59,954] {processor.py:651} INFO - DAG(s) dict_keys(['example_branch_labels']) retrieved from /Users/miltonvolpato/Git/Alura_Airflow_Oficial/venv/lib/python3.9/site-packages/airflow/example_dags/example_branch_labels.py
[2024-04-02 19:44:59,982] {logging_mixin.py:115} INFO - [2024-04-02 19:44:59,982] {dag.py:2379} INFO - Sync 1 DAGs
[2024-04-02 19:44:59,990] {logging_mixin.py:115} INFO - [2024-04-02 19:44:59,990] {dag.py:2927} INFO - Setting next_dagrun for example_branch_labels to 2024-04-01T00:00:00+00:00, run_after=2024-04-02T00:00:00+00:00
[2024-04-02 19:44:59,994] {processor.py:161} INFO - Processing /Users/miltonvolpato/Git/Alura_Airflow_Oficial/venv/lib/python3.9/site-packages/airflow/example_dags/example_branch_labels.py took 0.048 seconds
[2024-04-02 19:45:50,173] {processor.py:153} INFO - Started process (PID=11937) to work on /Users/miltonvolpato/Git/Alura_Airflow_Oficial/venv/lib/python3.9/site-packages/airflow/example_dags/example_branch_labels.py
[2024-04-02 19:45:50,173] {processor.py:641} INFO - Processing file /Users/miltonvolpato/Git/Alura_Airflow_Oficial/venv/lib/python3.9/site-packages/airflow/example_dags/example_branch_labels.py for tasks to queue
[2024-04-02 19:45:50,173] {logging_mixin.py:115} INFO - [2024-04-02 19:45:50,173] {dagbag.py:507} INFO - Filling up the DagBag from /Users/miltonvolpato/Git/Alura_Airflow_Oficial/venv/lib/python3.9/site-packages/airflow/example_dags/example_branch_labels.py
[2024-04-02 19:45:50,179] {processor.py:651} INFO - DAG(s) dict_keys(['example_branch_labels']) retrieved from /Users/miltonvolpato/Git/Alura_Airflow_Oficial/venv/lib/python3.9/site-packages/airflow/example_dags/example_branch_labels.py
[2024-04-02 19:45:50,208] {logging_mixin.py:115} INFO - [2024-04-02 19:45:50,208] {dag.py:2379} INFO - Sync 1 DAGs
[2024-04-02 19:45:50,216] {logging_mixin.py:115} INFO - [2024-04-02 19:45:50,216] {dag.py:2927} INFO - Setting next_dagrun for example_branch_labels to 2024-04-01T00:00:00+00:00, run_after=2024-04-02T00:00:00+00:00
[2024-04-02 19:45:50,221] {processor.py:161} INFO - Processing /Users/miltonvolpato/Git/Alura_Airflow_Oficial/venv/lib/python3.9/site-packages/airflow/example_dags/example_branch_labels.py took 0.048 seconds
[2024-04-02 19:46:40,876] {processor.py:153} INFO - Started process (PID=12012) to work on /Users/miltonvolpato/Git/Alura_Airflow_Oficial/venv/lib/python3.9/site-packages/airflow/example_dags/example_branch_labels.py
[2024-04-02 19:46:40,876] {processor.py:641} INFO - Processing file /Users/miltonvolpato/Git/Alura_Airflow_Oficial/venv/lib/python3.9/site-packages/airflow/example_dags/example_branch_labels.py for tasks to queue
[2024-04-02 19:46:40,877] {logging_mixin.py:115} INFO - [2024-04-02 19:46:40,877] {dagbag.py:507} INFO - Filling up the DagBag from /Users/miltonvolpato/Git/Alura_Airflow_Oficial/venv/lib/python3.9/site-packages/airflow/example_dags/example_branch_labels.py
[2024-04-02 19:46:40,883] {processor.py:651} INFO - DAG(s) dict_keys(['example_branch_labels']) retrieved from /Users/miltonvolpato/Git/Alura_Airflow_Oficial/venv/lib/python3.9/site-packages/airflow/example_dags/example_branch_labels.py
[2024-04-02 19:46:40,912] {logging_mixin.py:115} INFO - [2024-04-02 19:46:40,911] {dag.py:2379} INFO - Sync 1 DAGs
[2024-04-02 19:46:40,919] {logging_mixin.py:115} INFO - [2024-04-02 19:46:40,919] {dag.py:2927} INFO - Setting next_dagrun for example_branch_labels to 2024-04-01T00:00:00+00:00, run_after=2024-04-02T00:00:00+00:00
[2024-04-02 19:46:40,924] {processor.py:161} INFO - Processing /Users/miltonvolpato/Git/Alura_Airflow_Oficial/venv/lib/python3.9/site-packages/airflow/example_dags/example_branch_labels.py took 0.049 seconds
[2024-04-02 19:47:35,860] {processor.py:153} INFO - Started process (PID=12102) to work on /Users/miltonvolpato/Git/Alura_Airflow_Oficial/venv/lib/python3.9/site-packages/airflow/example_dags/example_branch_labels.py
[2024-04-02 19:47:35,861] {processor.py:641} INFO - Processing file /Users/miltonvolpato/Git/Alura_Airflow_Oficial/venv/lib/python3.9/site-packages/airflow/example_dags/example_branch_labels.py for tasks to queue
[2024-04-02 19:47:35,861] {logging_mixin.py:115} INFO - [2024-04-02 19:47:35,861] {dagbag.py:507} INFO - Filling up the DagBag from /Users/miltonvolpato/Git/Alura_Airflow_Oficial/venv/lib/python3.9/site-packages/airflow/example_dags/example_branch_labels.py
[2024-04-02 19:47:35,868] {processor.py:651} INFO - DAG(s) dict_keys(['example_branch_labels']) retrieved from /Users/miltonvolpato/Git/Alura_Airflow_Oficial/venv/lib/python3.9/site-packages/airflow/example_dags/example_branch_labels.py
[2024-04-02 19:47:35,897] {logging_mixin.py:115} INFO - [2024-04-02 19:47:35,897] {dag.py:2379} INFO - Sync 1 DAGs
[2024-04-02 19:47:35,904] {logging_mixin.py:115} INFO - [2024-04-02 19:47:35,904] {dag.py:2927} INFO - Setting next_dagrun for example_branch_labels to 2024-04-01T00:00:00+00:00, run_after=2024-04-02T00:00:00+00:00
[2024-04-02 19:47:35,909] {processor.py:161} INFO - Processing /Users/miltonvolpato/Git/Alura_Airflow_Oficial/venv/lib/python3.9/site-packages/airflow/example_dags/example_branch_labels.py took 0.049 seconds
[2024-04-02 19:48:21,549] {processor.py:153} INFO - Started process (PID=12143) to work on /Users/miltonvolpato/Git/Alura_Airflow_Oficial/venv/lib/python3.9/site-packages/airflow/example_dags/example_branch_labels.py
[2024-04-02 19:48:21,549] {processor.py:641} INFO - Processing file /Users/miltonvolpato/Git/Alura_Airflow_Oficial/venv/lib/python3.9/site-packages/airflow/example_dags/example_branch_labels.py for tasks to queue
[2024-04-02 19:48:21,549] {logging_mixin.py:115} INFO - [2024-04-02 19:48:21,549] {dagbag.py:507} INFO - Filling up the DagBag from /Users/miltonvolpato/Git/Alura_Airflow_Oficial/venv/lib/python3.9/site-packages/airflow/example_dags/example_branch_labels.py
[2024-04-02 19:48:21,555] {processor.py:651} INFO - DAG(s) dict_keys(['example_branch_labels']) retrieved from /Users/miltonvolpato/Git/Alura_Airflow_Oficial/venv/lib/python3.9/site-packages/airflow/example_dags/example_branch_labels.py
[2024-04-02 19:48:21,584] {logging_mixin.py:115} INFO - [2024-04-02 19:48:21,584] {dag.py:2379} INFO - Sync 1 DAGs
[2024-04-02 19:48:21,591] {logging_mixin.py:115} INFO - [2024-04-02 19:48:21,591] {dag.py:2927} INFO - Setting next_dagrun for example_branch_labels to 2024-04-01T00:00:00+00:00, run_after=2024-04-02T00:00:00+00:00
[2024-04-02 19:48:21,596] {processor.py:161} INFO - Processing /Users/miltonvolpato/Git/Alura_Airflow_Oficial/venv/lib/python3.9/site-packages/airflow/example_dags/example_branch_labels.py took 0.048 seconds
[2024-04-02 19:49:10,961] {processor.py:153} INFO - Started process (PID=12198) to work on /Users/miltonvolpato/Git/Alura_Airflow_Oficial/venv/lib/python3.9/site-packages/airflow/example_dags/example_branch_labels.py
[2024-04-02 19:49:10,961] {processor.py:641} INFO - Processing file /Users/miltonvolpato/Git/Alura_Airflow_Oficial/venv/lib/python3.9/site-packages/airflow/example_dags/example_branch_labels.py for tasks to queue
[2024-04-02 19:49:10,961] {logging_mixin.py:115} INFO - [2024-04-02 19:49:10,961] {dagbag.py:507} INFO - Filling up the DagBag from /Users/miltonvolpato/Git/Alura_Airflow_Oficial/venv/lib/python3.9/site-packages/airflow/example_dags/example_branch_labels.py
[2024-04-02 19:49:10,967] {processor.py:651} INFO - DAG(s) dict_keys(['example_branch_labels']) retrieved from /Users/miltonvolpato/Git/Alura_Airflow_Oficial/venv/lib/python3.9/site-packages/airflow/example_dags/example_branch_labels.py
[2024-04-02 19:49:10,996] {logging_mixin.py:115} INFO - [2024-04-02 19:49:10,996] {dag.py:2379} INFO - Sync 1 DAGs
[2024-04-02 19:49:11,003] {logging_mixin.py:115} INFO - [2024-04-02 19:49:11,003] {dag.py:2927} INFO - Setting next_dagrun for example_branch_labels to 2024-04-01T00:00:00+00:00, run_after=2024-04-02T00:00:00+00:00
[2024-04-02 19:49:11,008] {processor.py:161} INFO - Processing /Users/miltonvolpato/Git/Alura_Airflow_Oficial/venv/lib/python3.9/site-packages/airflow/example_dags/example_branch_labels.py took 0.048 seconds
[2024-04-02 19:50:03,934] {processor.py:153} INFO - Started process (PID=12254) to work on /Users/miltonvolpato/Git/Alura_Airflow_Oficial/venv/lib/python3.9/site-packages/airflow/example_dags/example_branch_labels.py
[2024-04-02 19:50:03,935] {processor.py:641} INFO - Processing file /Users/miltonvolpato/Git/Alura_Airflow_Oficial/venv/lib/python3.9/site-packages/airflow/example_dags/example_branch_labels.py for tasks to queue
[2024-04-02 19:50:03,935] {logging_mixin.py:115} INFO - [2024-04-02 19:50:03,935] {dagbag.py:507} INFO - Filling up the DagBag from /Users/miltonvolpato/Git/Alura_Airflow_Oficial/venv/lib/python3.9/site-packages/airflow/example_dags/example_branch_labels.py
[2024-04-02 19:50:03,941] {processor.py:651} INFO - DAG(s) dict_keys(['example_branch_labels']) retrieved from /Users/miltonvolpato/Git/Alura_Airflow_Oficial/venv/lib/python3.9/site-packages/airflow/example_dags/example_branch_labels.py
[2024-04-02 19:50:03,970] {logging_mixin.py:115} INFO - [2024-04-02 19:50:03,970] {dag.py:2379} INFO - Sync 1 DAGs
[2024-04-02 19:50:03,977] {logging_mixin.py:115} INFO - [2024-04-02 19:50:03,977] {dag.py:2927} INFO - Setting next_dagrun for example_branch_labels to 2024-04-01T00:00:00+00:00, run_after=2024-04-02T00:00:00+00:00
[2024-04-02 19:50:03,982] {processor.py:161} INFO - Processing /Users/miltonvolpato/Git/Alura_Airflow_Oficial/venv/lib/python3.9/site-packages/airflow/example_dags/example_branch_labels.py took 0.048 seconds
[2024-04-02 19:50:56,998] {processor.py:153} INFO - Started process (PID=12303) to work on /Users/miltonvolpato/Git/Alura_Airflow_Oficial/venv/lib/python3.9/site-packages/airflow/example_dags/example_branch_labels.py
[2024-04-02 19:50:56,999] {processor.py:641} INFO - Processing file /Users/miltonvolpato/Git/Alura_Airflow_Oficial/venv/lib/python3.9/site-packages/airflow/example_dags/example_branch_labels.py for tasks to queue
[2024-04-02 19:50:56,999] {logging_mixin.py:115} INFO - [2024-04-02 19:50:56,999] {dagbag.py:507} INFO - Filling up the DagBag from /Users/miltonvolpato/Git/Alura_Airflow_Oficial/venv/lib/python3.9/site-packages/airflow/example_dags/example_branch_labels.py
[2024-04-02 19:50:57,005] {processor.py:651} INFO - DAG(s) dict_keys(['example_branch_labels']) retrieved from /Users/miltonvolpato/Git/Alura_Airflow_Oficial/venv/lib/python3.9/site-packages/airflow/example_dags/example_branch_labels.py
[2024-04-02 19:50:57,034] {logging_mixin.py:115} INFO - [2024-04-02 19:50:57,034] {dag.py:2379} INFO - Sync 1 DAGs
[2024-04-02 19:50:57,042] {logging_mixin.py:115} INFO - [2024-04-02 19:50:57,042] {dag.py:2927} INFO - Setting next_dagrun for example_branch_labels to 2024-04-01T00:00:00+00:00, run_after=2024-04-02T00:00:00+00:00
[2024-04-02 19:50:57,047] {processor.py:161} INFO - Processing /Users/miltonvolpato/Git/Alura_Airflow_Oficial/venv/lib/python3.9/site-packages/airflow/example_dags/example_branch_labels.py took 0.049 seconds
[2024-04-02 19:51:54,202] {processor.py:153} INFO - Started process (PID=12358) to work on /Users/miltonvolpato/Git/Alura_Airflow_Oficial/venv/lib/python3.9/site-packages/airflow/example_dags/example_branch_labels.py
[2024-04-02 19:51:54,202] {processor.py:641} INFO - Processing file /Users/miltonvolpato/Git/Alura_Airflow_Oficial/venv/lib/python3.9/site-packages/airflow/example_dags/example_branch_labels.py for tasks to queue
[2024-04-02 19:51:54,203] {logging_mixin.py:115} INFO - [2024-04-02 19:51:54,203] {dagbag.py:507} INFO - Filling up the DagBag from /Users/miltonvolpato/Git/Alura_Airflow_Oficial/venv/lib/python3.9/site-packages/airflow/example_dags/example_branch_labels.py
[2024-04-02 19:51:54,209] {processor.py:651} INFO - DAG(s) dict_keys(['example_branch_labels']) retrieved from /Users/miltonvolpato/Git/Alura_Airflow_Oficial/venv/lib/python3.9/site-packages/airflow/example_dags/example_branch_labels.py
[2024-04-02 19:51:54,238] {logging_mixin.py:115} INFO - [2024-04-02 19:51:54,238] {dag.py:2379} INFO - Sync 1 DAGs
[2024-04-02 19:51:54,246] {logging_mixin.py:115} INFO - [2024-04-02 19:51:54,245] {dag.py:2927} INFO - Setting next_dagrun for example_branch_labels to 2024-04-01T00:00:00+00:00, run_after=2024-04-02T00:00:00+00:00
[2024-04-02 19:51:54,250] {processor.py:161} INFO - Processing /Users/miltonvolpato/Git/Alura_Airflow_Oficial/venv/lib/python3.9/site-packages/airflow/example_dags/example_branch_labels.py took 0.049 seconds
[2024-04-02 19:52:45,906] {processor.py:153} INFO - Started process (PID=12407) to work on /Users/miltonvolpato/Git/Alura_Airflow_Oficial/venv/lib/python3.9/site-packages/airflow/example_dags/example_branch_labels.py
[2024-04-02 19:52:45,907] {processor.py:641} INFO - Processing file /Users/miltonvolpato/Git/Alura_Airflow_Oficial/venv/lib/python3.9/site-packages/airflow/example_dags/example_branch_labels.py for tasks to queue
[2024-04-02 19:52:45,907] {logging_mixin.py:115} INFO - [2024-04-02 19:52:45,907] {dagbag.py:507} INFO - Filling up the DagBag from /Users/miltonvolpato/Git/Alura_Airflow_Oficial/venv/lib/python3.9/site-packages/airflow/example_dags/example_branch_labels.py
[2024-04-02 19:52:45,914] {processor.py:651} INFO - DAG(s) dict_keys(['example_branch_labels']) retrieved from /Users/miltonvolpato/Git/Alura_Airflow_Oficial/venv/lib/python3.9/site-packages/airflow/example_dags/example_branch_labels.py
[2024-04-02 19:52:45,944] {logging_mixin.py:115} INFO - [2024-04-02 19:52:45,944] {dag.py:2379} INFO - Sync 1 DAGs
[2024-04-02 19:52:45,953] {logging_mixin.py:115} INFO - [2024-04-02 19:52:45,952] {dag.py:2927} INFO - Setting next_dagrun for example_branch_labels to 2024-04-01T00:00:00+00:00, run_after=2024-04-02T00:00:00+00:00
[2024-04-02 19:52:45,958] {processor.py:161} INFO - Processing /Users/miltonvolpato/Git/Alura_Airflow_Oficial/venv/lib/python3.9/site-packages/airflow/example_dags/example_branch_labels.py took 0.052 seconds
[2024-04-02 19:53:43,617] {processor.py:153} INFO - Started process (PID=12492) to work on /Users/miltonvolpato/Git/Alura_Airflow_Oficial/venv/lib/python3.9/site-packages/airflow/example_dags/example_branch_labels.py
[2024-04-02 19:53:43,618] {processor.py:641} INFO - Processing file /Users/miltonvolpato/Git/Alura_Airflow_Oficial/venv/lib/python3.9/site-packages/airflow/example_dags/example_branch_labels.py for tasks to queue
[2024-04-02 19:53:43,618] {logging_mixin.py:115} INFO - [2024-04-02 19:53:43,618] {dagbag.py:507} INFO - Filling up the DagBag from /Users/miltonvolpato/Git/Alura_Airflow_Oficial/venv/lib/python3.9/site-packages/airflow/example_dags/example_branch_labels.py
[2024-04-02 19:53:43,625] {processor.py:651} INFO - DAG(s) dict_keys(['example_branch_labels']) retrieved from /Users/miltonvolpato/Git/Alura_Airflow_Oficial/venv/lib/python3.9/site-packages/airflow/example_dags/example_branch_labels.py
[2024-04-02 19:53:43,656] {logging_mixin.py:115} INFO - [2024-04-02 19:53:43,656] {dag.py:2379} INFO - Sync 1 DAGs
[2024-04-02 19:53:43,665] {logging_mixin.py:115} INFO - [2024-04-02 19:53:43,665] {dag.py:2927} INFO - Setting next_dagrun for example_branch_labels to 2024-04-01T00:00:00+00:00, run_after=2024-04-02T00:00:00+00:00
[2024-04-02 19:53:43,670] {processor.py:161} INFO - Processing /Users/miltonvolpato/Git/Alura_Airflow_Oficial/venv/lib/python3.9/site-packages/airflow/example_dags/example_branch_labels.py took 0.053 seconds
[2024-04-02 19:54:38,757] {processor.py:153} INFO - Started process (PID=12604) to work on /Users/miltonvolpato/Git/Alura_Airflow_Oficial/venv/lib/python3.9/site-packages/airflow/example_dags/example_branch_labels.py
[2024-04-02 19:54:38,758] {processor.py:641} INFO - Processing file /Users/miltonvolpato/Git/Alura_Airflow_Oficial/venv/lib/python3.9/site-packages/airflow/example_dags/example_branch_labels.py for tasks to queue
[2024-04-02 19:54:38,758] {logging_mixin.py:115} INFO - [2024-04-02 19:54:38,758] {dagbag.py:507} INFO - Filling up the DagBag from /Users/miltonvolpato/Git/Alura_Airflow_Oficial/venv/lib/python3.9/site-packages/airflow/example_dags/example_branch_labels.py
[2024-04-02 19:54:38,764] {processor.py:651} INFO - DAG(s) dict_keys(['example_branch_labels']) retrieved from /Users/miltonvolpato/Git/Alura_Airflow_Oficial/venv/lib/python3.9/site-packages/airflow/example_dags/example_branch_labels.py
[2024-04-02 19:54:38,793] {logging_mixin.py:115} INFO - [2024-04-02 19:54:38,793] {dag.py:2379} INFO - Sync 1 DAGs
[2024-04-02 19:54:38,801] {logging_mixin.py:115} INFO - [2024-04-02 19:54:38,801] {dag.py:2927} INFO - Setting next_dagrun for example_branch_labels to 2024-04-01T00:00:00+00:00, run_after=2024-04-02T00:00:00+00:00
[2024-04-02 19:54:38,806] {processor.py:161} INFO - Processing /Users/miltonvolpato/Git/Alura_Airflow_Oficial/venv/lib/python3.9/site-packages/airflow/example_dags/example_branch_labels.py took 0.049 seconds
