[2024-04-02 19:37:00,467] {processor.py:153} INFO - Started process (PID=11339) to work on /Users/miltonvolpato/Git/Alura_Airflow_Oficial/venv/lib/python3.9/site-packages/airflow/example_dags/example_branch_operator.py
[2024-04-02 19:37:00,467] {processor.py:641} INFO - Processing file /Users/miltonvolpato/Git/Alura_Airflow_Oficial/venv/lib/python3.9/site-packages/airflow/example_dags/example_branch_operator.py for tasks to queue
[2024-04-02 19:37:00,467] {logging_mixin.py:115} INFO - [2024-04-02 19:37:00,467] {dagbag.py:507} INFO - Filling up the DagBag from /Users/miltonvolpato/Git/Alura_Airflow_Oficial/venv/lib/python3.9/site-packages/airflow/example_dags/example_branch_operator.py
[2024-04-02 19:37:00,481] {processor.py:651} INFO - DAG(s) dict_keys(['example_branch_operator']) retrieved from /Users/miltonvolpato/Git/Alura_Airflow_Oficial/venv/lib/python3.9/site-packages/airflow/example_dags/example_branch_operator.py
[2024-04-02 19:37:00,866] {logging_mixin.py:115} INFO - [2024-04-02 19:37:00,866] {manager.py:508} INFO - Created Permission View: can delete on DAG:example_branch_operator
[2024-04-02 19:37:00,869] {logging_mixin.py:115} INFO - [2024-04-02 19:37:00,869] {manager.py:508} INFO - Created Permission View: can edit on DAG:example_branch_operator
[2024-04-02 19:37:00,872] {logging_mixin.py:115} INFO - [2024-04-02 19:37:00,872] {manager.py:508} INFO - Created Permission View: can read on DAG:example_branch_operator
[2024-04-02 19:37:00,872] {logging_mixin.py:115} INFO - [2024-04-02 19:37:00,872] {dag.py:2379} INFO - Sync 1 DAGs
[2024-04-02 19:37:00,876] {logging_mixin.py:115} INFO - [2024-04-02 19:37:00,876] {dag.py:2398} INFO - Creating ORM DAG for example_branch_operator
[2024-04-02 19:37:00,884] {logging_mixin.py:115} INFO - [2024-04-02 19:37:00,884] {dag.py:2927} INFO - Setting next_dagrun for example_branch_operator to 2024-04-01T00:00:00+00:00, run_after=2024-04-02T00:00:00+00:00
[2024-04-02 19:37:00,890] {processor.py:161} INFO - Processing /Users/miltonvolpato/Git/Alura_Airflow_Oficial/venv/lib/python3.9/site-packages/airflow/example_dags/example_branch_operator.py took 0.423 seconds
[2024-04-02 19:37:50,071] {processor.py:153} INFO - Started process (PID=11445) to work on /Users/miltonvolpato/Git/Alura_Airflow_Oficial/venv/lib/python3.9/site-packages/airflow/example_dags/example_branch_operator.py
[2024-04-02 19:37:50,072] {processor.py:641} INFO - Processing file /Users/miltonvolpato/Git/Alura_Airflow_Oficial/venv/lib/python3.9/site-packages/airflow/example_dags/example_branch_operator.py for tasks to queue
[2024-04-02 19:37:50,072] {logging_mixin.py:115} INFO - [2024-04-02 19:37:50,072] {dagbag.py:507} INFO - Filling up the DagBag from /Users/miltonvolpato/Git/Alura_Airflow_Oficial/venv/lib/python3.9/site-packages/airflow/example_dags/example_branch_operator.py
[2024-04-02 19:37:50,085] {processor.py:651} INFO - DAG(s) dict_keys(['example_branch_operator']) retrieved from /Users/miltonvolpato/Git/Alura_Airflow_Oficial/venv/lib/python3.9/site-packages/airflow/example_dags/example_branch_operator.py
[2024-04-02 19:37:50,114] {logging_mixin.py:115} INFO - [2024-04-02 19:37:50,114] {dag.py:2379} INFO - Sync 1 DAGs
[2024-04-02 19:37:50,122] {logging_mixin.py:115} INFO - [2024-04-02 19:37:50,122] {dag.py:2927} INFO - Setting next_dagrun for example_branch_operator to 2024-04-01T00:00:00+00:00, run_after=2024-04-02T00:00:00+00:00
[2024-04-02 19:37:50,126] {processor.py:161} INFO - Processing /Users/miltonvolpato/Git/Alura_Airflow_Oficial/venv/lib/python3.9/site-packages/airflow/example_dags/example_branch_operator.py took 0.056 seconds
[2024-04-02 19:38:41,980] {processor.py:153} INFO - Started process (PID=11519) to work on /Users/miltonvolpato/Git/Alura_Airflow_Oficial/venv/lib/python3.9/site-packages/airflow/example_dags/example_branch_operator.py
[2024-04-02 19:38:41,980] {processor.py:641} INFO - Processing file /Users/miltonvolpato/Git/Alura_Airflow_Oficial/venv/lib/python3.9/site-packages/airflow/example_dags/example_branch_operator.py for tasks to queue
[2024-04-02 19:38:41,981] {logging_mixin.py:115} INFO - [2024-04-02 19:38:41,981] {dagbag.py:507} INFO - Filling up the DagBag from /Users/miltonvolpato/Git/Alura_Airflow_Oficial/venv/lib/python3.9/site-packages/airflow/example_dags/example_branch_operator.py
[2024-04-02 19:38:41,993] {processor.py:651} INFO - DAG(s) dict_keys(['example_branch_operator']) retrieved from /Users/miltonvolpato/Git/Alura_Airflow_Oficial/venv/lib/python3.9/site-packages/airflow/example_dags/example_branch_operator.py
[2024-04-02 19:38:42,022] {logging_mixin.py:115} INFO - [2024-04-02 19:38:42,022] {dag.py:2379} INFO - Sync 1 DAGs
[2024-04-02 19:38:42,029] {logging_mixin.py:115} INFO - [2024-04-02 19:38:42,029] {dag.py:2927} INFO - Setting next_dagrun for example_branch_operator to 2024-04-01T00:00:00+00:00, run_after=2024-04-02T00:00:00+00:00
[2024-04-02 19:38:42,034] {processor.py:161} INFO - Processing /Users/miltonvolpato/Git/Alura_Airflow_Oficial/venv/lib/python3.9/site-packages/airflow/example_dags/example_branch_operator.py took 0.054 seconds
[2024-04-02 19:39:30,767] {processor.py:153} INFO - Started process (PID=11563) to work on /Users/miltonvolpato/Git/Alura_Airflow_Oficial/venv/lib/python3.9/site-packages/airflow/example_dags/example_branch_operator.py
[2024-04-02 19:39:30,767] {processor.py:641} INFO - Processing file /Users/miltonvolpato/Git/Alura_Airflow_Oficial/venv/lib/python3.9/site-packages/airflow/example_dags/example_branch_operator.py for tasks to queue
[2024-04-02 19:39:30,767] {logging_mixin.py:115} INFO - [2024-04-02 19:39:30,767] {dagbag.py:507} INFO - Filling up the DagBag from /Users/miltonvolpato/Git/Alura_Airflow_Oficial/venv/lib/python3.9/site-packages/airflow/example_dags/example_branch_operator.py
[2024-04-02 19:39:30,780] {processor.py:651} INFO - DAG(s) dict_keys(['example_branch_operator']) retrieved from /Users/miltonvolpato/Git/Alura_Airflow_Oficial/venv/lib/python3.9/site-packages/airflow/example_dags/example_branch_operator.py
[2024-04-02 19:39:30,809] {logging_mixin.py:115} INFO - [2024-04-02 19:39:30,809] {dag.py:2379} INFO - Sync 1 DAGs
[2024-04-02 19:39:30,816] {logging_mixin.py:115} INFO - [2024-04-02 19:39:30,816] {dag.py:2927} INFO - Setting next_dagrun for example_branch_operator to 2024-04-01T00:00:00+00:00, run_after=2024-04-02T00:00:00+00:00
[2024-04-02 19:39:30,821] {processor.py:161} INFO - Processing /Users/miltonvolpato/Git/Alura_Airflow_Oficial/venv/lib/python3.9/site-packages/airflow/example_dags/example_branch_operator.py took 0.055 seconds
[2024-04-02 19:40:18,767] {processor.py:153} INFO - Started process (PID=11610) to work on /Users/miltonvolpato/Git/Alura_Airflow_Oficial/venv/lib/python3.9/site-packages/airflow/example_dags/example_branch_operator.py
[2024-04-02 19:40:18,767] {processor.py:641} INFO - Processing file /Users/miltonvolpato/Git/Alura_Airflow_Oficial/venv/lib/python3.9/site-packages/airflow/example_dags/example_branch_operator.py for tasks to queue
[2024-04-02 19:40:18,767] {logging_mixin.py:115} INFO - [2024-04-02 19:40:18,767] {dagbag.py:507} INFO - Filling up the DagBag from /Users/miltonvolpato/Git/Alura_Airflow_Oficial/venv/lib/python3.9/site-packages/airflow/example_dags/example_branch_operator.py
[2024-04-02 19:40:18,779] {processor.py:651} INFO - DAG(s) dict_keys(['example_branch_operator']) retrieved from /Users/miltonvolpato/Git/Alura_Airflow_Oficial/venv/lib/python3.9/site-packages/airflow/example_dags/example_branch_operator.py
[2024-04-02 19:40:18,809] {logging_mixin.py:115} INFO - [2024-04-02 19:40:18,809] {dag.py:2379} INFO - Sync 1 DAGs
[2024-04-02 19:40:18,816] {logging_mixin.py:115} INFO - [2024-04-02 19:40:18,816] {dag.py:2927} INFO - Setting next_dagrun for example_branch_operator to 2024-04-01T00:00:00+00:00, run_after=2024-04-02T00:00:00+00:00
[2024-04-02 19:40:18,821] {processor.py:161} INFO - Processing /Users/miltonvolpato/Git/Alura_Airflow_Oficial/venv/lib/python3.9/site-packages/airflow/example_dags/example_branch_operator.py took 0.055 seconds
[2024-04-02 19:41:13,819] {processor.py:153} INFO - Started process (PID=11655) to work on /Users/miltonvolpato/Git/Alura_Airflow_Oficial/venv/lib/python3.9/site-packages/airflow/example_dags/example_branch_operator.py
[2024-04-02 19:41:13,819] {processor.py:641} INFO - Processing file /Users/miltonvolpato/Git/Alura_Airflow_Oficial/venv/lib/python3.9/site-packages/airflow/example_dags/example_branch_operator.py for tasks to queue
[2024-04-02 19:41:13,819] {logging_mixin.py:115} INFO - [2024-04-02 19:41:13,819] {dagbag.py:507} INFO - Filling up the DagBag from /Users/miltonvolpato/Git/Alura_Airflow_Oficial/venv/lib/python3.9/site-packages/airflow/example_dags/example_branch_operator.py
[2024-04-02 19:41:13,831] {processor.py:651} INFO - DAG(s) dict_keys(['example_branch_operator']) retrieved from /Users/miltonvolpato/Git/Alura_Airflow_Oficial/venv/lib/python3.9/site-packages/airflow/example_dags/example_branch_operator.py
[2024-04-02 19:41:13,861] {logging_mixin.py:115} INFO - [2024-04-02 19:41:13,861] {dag.py:2379} INFO - Sync 1 DAGs
[2024-04-02 19:41:13,868] {logging_mixin.py:115} INFO - [2024-04-02 19:41:13,868] {dag.py:2927} INFO - Setting next_dagrun for example_branch_operator to 2024-04-01T00:00:00+00:00, run_after=2024-04-02T00:00:00+00:00
[2024-04-02 19:41:13,876] {processor.py:161} INFO - Processing /Users/miltonvolpato/Git/Alura_Airflow_Oficial/venv/lib/python3.9/site-packages/airflow/example_dags/example_branch_operator.py took 0.057 seconds
[2024-04-02 19:42:07,552] {processor.py:153} INFO - Started process (PID=11706) to work on /Users/miltonvolpato/Git/Alura_Airflow_Oficial/venv/lib/python3.9/site-packages/airflow/example_dags/example_branch_operator.py
[2024-04-02 19:42:07,552] {processor.py:641} INFO - Processing file /Users/miltonvolpato/Git/Alura_Airflow_Oficial/venv/lib/python3.9/site-packages/airflow/example_dags/example_branch_operator.py for tasks to queue
[2024-04-02 19:42:07,552] {logging_mixin.py:115} INFO - [2024-04-02 19:42:07,552] {dagbag.py:507} INFO - Filling up the DagBag from /Users/miltonvolpato/Git/Alura_Airflow_Oficial/venv/lib/python3.9/site-packages/airflow/example_dags/example_branch_operator.py
[2024-04-02 19:42:07,565] {processor.py:651} INFO - DAG(s) dict_keys(['example_branch_operator']) retrieved from /Users/miltonvolpato/Git/Alura_Airflow_Oficial/venv/lib/python3.9/site-packages/airflow/example_dags/example_branch_operator.py
[2024-04-02 19:42:07,595] {logging_mixin.py:115} INFO - [2024-04-02 19:42:07,595] {dag.py:2379} INFO - Sync 1 DAGs
[2024-04-02 19:42:07,603] {logging_mixin.py:115} INFO - [2024-04-02 19:42:07,603] {dag.py:2927} INFO - Setting next_dagrun for example_branch_operator to 2024-04-01T00:00:00+00:00, run_after=2024-04-02T00:00:00+00:00
[2024-04-02 19:42:07,608] {processor.py:161} INFO - Processing /Users/miltonvolpato/Git/Alura_Airflow_Oficial/venv/lib/python3.9/site-packages/airflow/example_dags/example_branch_operator.py took 0.057 seconds
[2024-04-02 19:42:58,264] {processor.py:153} INFO - Started process (PID=11756) to work on /Users/miltonvolpato/Git/Alura_Airflow_Oficial/venv/lib/python3.9/site-packages/airflow/example_dags/example_branch_operator.py
[2024-04-02 19:42:58,264] {processor.py:641} INFO - Processing file /Users/miltonvolpato/Git/Alura_Airflow_Oficial/venv/lib/python3.9/site-packages/airflow/example_dags/example_branch_operator.py for tasks to queue
[2024-04-02 19:42:58,265] {logging_mixin.py:115} INFO - [2024-04-02 19:42:58,265] {dagbag.py:507} INFO - Filling up the DagBag from /Users/miltonvolpato/Git/Alura_Airflow_Oficial/venv/lib/python3.9/site-packages/airflow/example_dags/example_branch_operator.py
[2024-04-02 19:42:58,279] {processor.py:651} INFO - DAG(s) dict_keys(['example_branch_operator']) retrieved from /Users/miltonvolpato/Git/Alura_Airflow_Oficial/venv/lib/python3.9/site-packages/airflow/example_dags/example_branch_operator.py
[2024-04-02 19:42:58,309] {logging_mixin.py:115} INFO - [2024-04-02 19:42:58,309] {dag.py:2379} INFO - Sync 1 DAGs
[2024-04-02 19:42:58,317] {logging_mixin.py:115} INFO - [2024-04-02 19:42:58,317] {dag.py:2927} INFO - Setting next_dagrun for example_branch_operator to 2024-04-01T00:00:00+00:00, run_after=2024-04-02T00:00:00+00:00
[2024-04-02 19:42:58,322] {processor.py:161} INFO - Processing /Users/miltonvolpato/Git/Alura_Airflow_Oficial/venv/lib/python3.9/site-packages/airflow/example_dags/example_branch_operator.py took 0.058 seconds
[2024-04-02 19:43:51,582] {processor.py:153} INFO - Started process (PID=11812) to work on /Users/miltonvolpato/Git/Alura_Airflow_Oficial/venv/lib/python3.9/site-packages/airflow/example_dags/example_branch_operator.py
[2024-04-02 19:43:51,583] {processor.py:641} INFO - Processing file /Users/miltonvolpato/Git/Alura_Airflow_Oficial/venv/lib/python3.9/site-packages/airflow/example_dags/example_branch_operator.py for tasks to queue
[2024-04-02 19:43:51,583] {logging_mixin.py:115} INFO - [2024-04-02 19:43:51,583] {dagbag.py:507} INFO - Filling up the DagBag from /Users/miltonvolpato/Git/Alura_Airflow_Oficial/venv/lib/python3.9/site-packages/airflow/example_dags/example_branch_operator.py
[2024-04-02 19:43:51,596] {processor.py:651} INFO - DAG(s) dict_keys(['example_branch_operator']) retrieved from /Users/miltonvolpato/Git/Alura_Airflow_Oficial/venv/lib/python3.9/site-packages/airflow/example_dags/example_branch_operator.py
[2024-04-02 19:43:51,625] {logging_mixin.py:115} INFO - [2024-04-02 19:43:51,625] {dag.py:2379} INFO - Sync 1 DAGs
[2024-04-02 19:43:51,632] {logging_mixin.py:115} INFO - [2024-04-02 19:43:51,632] {dag.py:2927} INFO - Setting next_dagrun for example_branch_operator to 2024-04-01T00:00:00+00:00, run_after=2024-04-02T00:00:00+00:00
[2024-04-02 19:43:51,637] {processor.py:161} INFO - Processing /Users/miltonvolpato/Git/Alura_Airflow_Oficial/venv/lib/python3.9/site-packages/airflow/example_dags/example_branch_operator.py took 0.055 seconds
[2024-04-02 19:44:47,898] {processor.py:153} INFO - Started process (PID=11887) to work on /Users/miltonvolpato/Git/Alura_Airflow_Oficial/venv/lib/python3.9/site-packages/airflow/example_dags/example_branch_operator.py
[2024-04-02 19:44:47,899] {processor.py:641} INFO - Processing file /Users/miltonvolpato/Git/Alura_Airflow_Oficial/venv/lib/python3.9/site-packages/airflow/example_dags/example_branch_operator.py for tasks to queue
[2024-04-02 19:44:47,899] {logging_mixin.py:115} INFO - [2024-04-02 19:44:47,899] {dagbag.py:507} INFO - Filling up the DagBag from /Users/miltonvolpato/Git/Alura_Airflow_Oficial/venv/lib/python3.9/site-packages/airflow/example_dags/example_branch_operator.py
[2024-04-02 19:44:47,913] {processor.py:651} INFO - DAG(s) dict_keys(['example_branch_operator']) retrieved from /Users/miltonvolpato/Git/Alura_Airflow_Oficial/venv/lib/python3.9/site-packages/airflow/example_dags/example_branch_operator.py
[2024-04-02 19:44:47,943] {logging_mixin.py:115} INFO - [2024-04-02 19:44:47,943] {dag.py:2379} INFO - Sync 1 DAGs
[2024-04-02 19:44:47,951] {logging_mixin.py:115} INFO - [2024-04-02 19:44:47,951] {dag.py:2927} INFO - Setting next_dagrun for example_branch_operator to 2024-04-01T00:00:00+00:00, run_after=2024-04-02T00:00:00+00:00
[2024-04-02 19:44:47,955] {processor.py:161} INFO - Processing /Users/miltonvolpato/Git/Alura_Airflow_Oficial/venv/lib/python3.9/site-packages/airflow/example_dags/example_branch_operator.py took 0.058 seconds
[2024-04-02 19:45:38,890] {processor.py:153} INFO - Started process (PID=11929) to work on /Users/miltonvolpato/Git/Alura_Airflow_Oficial/venv/lib/python3.9/site-packages/airflow/example_dags/example_branch_operator.py
[2024-04-02 19:45:38,890] {processor.py:641} INFO - Processing file /Users/miltonvolpato/Git/Alura_Airflow_Oficial/venv/lib/python3.9/site-packages/airflow/example_dags/example_branch_operator.py for tasks to queue
[2024-04-02 19:45:38,890] {logging_mixin.py:115} INFO - [2024-04-02 19:45:38,890] {dagbag.py:507} INFO - Filling up the DagBag from /Users/miltonvolpato/Git/Alura_Airflow_Oficial/venv/lib/python3.9/site-packages/airflow/example_dags/example_branch_operator.py
[2024-04-02 19:45:38,903] {processor.py:651} INFO - DAG(s) dict_keys(['example_branch_operator']) retrieved from /Users/miltonvolpato/Git/Alura_Airflow_Oficial/venv/lib/python3.9/site-packages/airflow/example_dags/example_branch_operator.py
[2024-04-02 19:45:38,934] {logging_mixin.py:115} INFO - [2024-04-02 19:45:38,934] {dag.py:2379} INFO - Sync 1 DAGs
[2024-04-02 19:45:38,941] {logging_mixin.py:115} INFO - [2024-04-02 19:45:38,941] {dag.py:2927} INFO - Setting next_dagrun for example_branch_operator to 2024-04-01T00:00:00+00:00, run_after=2024-04-02T00:00:00+00:00
[2024-04-02 19:45:38,946] {processor.py:161} INFO - Processing /Users/miltonvolpato/Git/Alura_Airflow_Oficial/venv/lib/python3.9/site-packages/airflow/example_dags/example_branch_operator.py took 0.056 seconds
[2024-04-02 19:46:28,869] {processor.py:153} INFO - Started process (PID=11991) to work on /Users/miltonvolpato/Git/Alura_Airflow_Oficial/venv/lib/python3.9/site-packages/airflow/example_dags/example_branch_operator.py
[2024-04-02 19:46:28,869] {processor.py:641} INFO - Processing file /Users/miltonvolpato/Git/Alura_Airflow_Oficial/venv/lib/python3.9/site-packages/airflow/example_dags/example_branch_operator.py for tasks to queue
[2024-04-02 19:46:28,869] {logging_mixin.py:115} INFO - [2024-04-02 19:46:28,869] {dagbag.py:507} INFO - Filling up the DagBag from /Users/miltonvolpato/Git/Alura_Airflow_Oficial/venv/lib/python3.9/site-packages/airflow/example_dags/example_branch_operator.py
[2024-04-02 19:46:28,882] {processor.py:651} INFO - DAG(s) dict_keys(['example_branch_operator']) retrieved from /Users/miltonvolpato/Git/Alura_Airflow_Oficial/venv/lib/python3.9/site-packages/airflow/example_dags/example_branch_operator.py
[2024-04-02 19:46:28,912] {logging_mixin.py:115} INFO - [2024-04-02 19:46:28,911] {dag.py:2379} INFO - Sync 1 DAGs
[2024-04-02 19:46:28,919] {logging_mixin.py:115} INFO - [2024-04-02 19:46:28,919] {dag.py:2927} INFO - Setting next_dagrun for example_branch_operator to 2024-04-01T00:00:00+00:00, run_after=2024-04-02T00:00:00+00:00
[2024-04-02 19:46:28,924] {processor.py:161} INFO - Processing /Users/miltonvolpato/Git/Alura_Airflow_Oficial/venv/lib/python3.9/site-packages/airflow/example_dags/example_branch_operator.py took 0.055 seconds
[2024-04-02 19:47:24,483] {processor.py:153} INFO - Started process (PID=12073) to work on /Users/miltonvolpato/Git/Alura_Airflow_Oficial/venv/lib/python3.9/site-packages/airflow/example_dags/example_branch_operator.py
[2024-04-02 19:47:24,484] {processor.py:641} INFO - Processing file /Users/miltonvolpato/Git/Alura_Airflow_Oficial/venv/lib/python3.9/site-packages/airflow/example_dags/example_branch_operator.py for tasks to queue
[2024-04-02 19:47:24,484] {logging_mixin.py:115} INFO - [2024-04-02 19:47:24,484] {dagbag.py:507} INFO - Filling up the DagBag from /Users/miltonvolpato/Git/Alura_Airflow_Oficial/venv/lib/python3.9/site-packages/airflow/example_dags/example_branch_operator.py
[2024-04-02 19:47:24,497] {processor.py:651} INFO - DAG(s) dict_keys(['example_branch_operator']) retrieved from /Users/miltonvolpato/Git/Alura_Airflow_Oficial/venv/lib/python3.9/site-packages/airflow/example_dags/example_branch_operator.py
[2024-04-02 19:47:24,527] {logging_mixin.py:115} INFO - [2024-04-02 19:47:24,526] {dag.py:2379} INFO - Sync 1 DAGs
[2024-04-02 19:47:24,534] {logging_mixin.py:115} INFO - [2024-04-02 19:47:24,534] {dag.py:2927} INFO - Setting next_dagrun for example_branch_operator to 2024-04-01T00:00:00+00:00, run_after=2024-04-02T00:00:00+00:00
[2024-04-02 19:47:24,539] {processor.py:161} INFO - Processing /Users/miltonvolpato/Git/Alura_Airflow_Oficial/venv/lib/python3.9/site-packages/airflow/example_dags/example_branch_operator.py took 0.056 seconds
[2024-04-02 19:48:11,761] {processor.py:153} INFO - Started process (PID=12134) to work on /Users/miltonvolpato/Git/Alura_Airflow_Oficial/venv/lib/python3.9/site-packages/airflow/example_dags/example_branch_operator.py
[2024-04-02 19:48:11,761] {processor.py:641} INFO - Processing file /Users/miltonvolpato/Git/Alura_Airflow_Oficial/venv/lib/python3.9/site-packages/airflow/example_dags/example_branch_operator.py for tasks to queue
[2024-04-02 19:48:11,761] {logging_mixin.py:115} INFO - [2024-04-02 19:48:11,761] {dagbag.py:507} INFO - Filling up the DagBag from /Users/miltonvolpato/Git/Alura_Airflow_Oficial/venv/lib/python3.9/site-packages/airflow/example_dags/example_branch_operator.py
[2024-04-02 19:48:11,774] {processor.py:651} INFO - DAG(s) dict_keys(['example_branch_operator']) retrieved from /Users/miltonvolpato/Git/Alura_Airflow_Oficial/venv/lib/python3.9/site-packages/airflow/example_dags/example_branch_operator.py
[2024-04-02 19:48:11,802] {logging_mixin.py:115} INFO - [2024-04-02 19:48:11,802] {dag.py:2379} INFO - Sync 1 DAGs
[2024-04-02 19:48:11,809] {logging_mixin.py:115} INFO - [2024-04-02 19:48:11,809] {dag.py:2927} INFO - Setting next_dagrun for example_branch_operator to 2024-04-01T00:00:00+00:00, run_after=2024-04-02T00:00:00+00:00
[2024-04-02 19:48:11,814] {processor.py:161} INFO - Processing /Users/miltonvolpato/Git/Alura_Airflow_Oficial/venv/lib/python3.9/site-packages/airflow/example_dags/example_branch_operator.py took 0.053 seconds
[2024-04-02 19:48:59,748] {processor.py:153} INFO - Started process (PID=12186) to work on /Users/miltonvolpato/Git/Alura_Airflow_Oficial/venv/lib/python3.9/site-packages/airflow/example_dags/example_branch_operator.py
[2024-04-02 19:48:59,748] {processor.py:641} INFO - Processing file /Users/miltonvolpato/Git/Alura_Airflow_Oficial/venv/lib/python3.9/site-packages/airflow/example_dags/example_branch_operator.py for tasks to queue
[2024-04-02 19:48:59,748] {logging_mixin.py:115} INFO - [2024-04-02 19:48:59,748] {dagbag.py:507} INFO - Filling up the DagBag from /Users/miltonvolpato/Git/Alura_Airflow_Oficial/venv/lib/python3.9/site-packages/airflow/example_dags/example_branch_operator.py
[2024-04-02 19:48:59,761] {processor.py:651} INFO - DAG(s) dict_keys(['example_branch_operator']) retrieved from /Users/miltonvolpato/Git/Alura_Airflow_Oficial/venv/lib/python3.9/site-packages/airflow/example_dags/example_branch_operator.py
[2024-04-02 19:48:59,790] {logging_mixin.py:115} INFO - [2024-04-02 19:48:59,790] {dag.py:2379} INFO - Sync 1 DAGs
[2024-04-02 19:48:59,797] {logging_mixin.py:115} INFO - [2024-04-02 19:48:59,797] {dag.py:2927} INFO - Setting next_dagrun for example_branch_operator to 2024-04-01T00:00:00+00:00, run_after=2024-04-02T00:00:00+00:00
[2024-04-02 19:48:59,802] {processor.py:161} INFO - Processing /Users/miltonvolpato/Git/Alura_Airflow_Oficial/venv/lib/python3.9/site-packages/airflow/example_dags/example_branch_operator.py took 0.055 seconds
[2024-04-02 19:49:52,482] {processor.py:153} INFO - Started process (PID=12245) to work on /Users/miltonvolpato/Git/Alura_Airflow_Oficial/venv/lib/python3.9/site-packages/airflow/example_dags/example_branch_operator.py
[2024-04-02 19:49:52,483] {processor.py:641} INFO - Processing file /Users/miltonvolpato/Git/Alura_Airflow_Oficial/venv/lib/python3.9/site-packages/airflow/example_dags/example_branch_operator.py for tasks to queue
[2024-04-02 19:49:52,483] {logging_mixin.py:115} INFO - [2024-04-02 19:49:52,483] {dagbag.py:507} INFO - Filling up the DagBag from /Users/miltonvolpato/Git/Alura_Airflow_Oficial/venv/lib/python3.9/site-packages/airflow/example_dags/example_branch_operator.py
[2024-04-02 19:49:52,496] {processor.py:651} INFO - DAG(s) dict_keys(['example_branch_operator']) retrieved from /Users/miltonvolpato/Git/Alura_Airflow_Oficial/venv/lib/python3.9/site-packages/airflow/example_dags/example_branch_operator.py
[2024-04-02 19:49:52,525] {logging_mixin.py:115} INFO - [2024-04-02 19:49:52,525] {dag.py:2379} INFO - Sync 1 DAGs
[2024-04-02 19:49:52,532] {logging_mixin.py:115} INFO - [2024-04-02 19:49:52,532] {dag.py:2927} INFO - Setting next_dagrun for example_branch_operator to 2024-04-01T00:00:00+00:00, run_after=2024-04-02T00:00:00+00:00
[2024-04-02 19:49:52,537] {processor.py:161} INFO - Processing /Users/miltonvolpato/Git/Alura_Airflow_Oficial/venv/lib/python3.9/site-packages/airflow/example_dags/example_branch_operator.py took 0.055 seconds
[2024-04-02 19:50:45,977] {processor.py:153} INFO - Started process (PID=12291) to work on /Users/miltonvolpato/Git/Alura_Airflow_Oficial/venv/lib/python3.9/site-packages/airflow/example_dags/example_branch_operator.py
[2024-04-02 19:50:45,978] {processor.py:641} INFO - Processing file /Users/miltonvolpato/Git/Alura_Airflow_Oficial/venv/lib/python3.9/site-packages/airflow/example_dags/example_branch_operator.py for tasks to queue
[2024-04-02 19:50:45,978] {logging_mixin.py:115} INFO - [2024-04-02 19:50:45,978] {dagbag.py:507} INFO - Filling up the DagBag from /Users/miltonvolpato/Git/Alura_Airflow_Oficial/venv/lib/python3.9/site-packages/airflow/example_dags/example_branch_operator.py
[2024-04-02 19:50:45,991] {processor.py:651} INFO - DAG(s) dict_keys(['example_branch_operator']) retrieved from /Users/miltonvolpato/Git/Alura_Airflow_Oficial/venv/lib/python3.9/site-packages/airflow/example_dags/example_branch_operator.py
[2024-04-02 19:50:46,021] {logging_mixin.py:115} INFO - [2024-04-02 19:50:46,020] {dag.py:2379} INFO - Sync 1 DAGs
[2024-04-02 19:50:46,028] {logging_mixin.py:115} INFO - [2024-04-02 19:50:46,028] {dag.py:2927} INFO - Setting next_dagrun for example_branch_operator to 2024-04-01T00:00:00+00:00, run_after=2024-04-02T00:00:00+00:00
[2024-04-02 19:50:46,032] {processor.py:161} INFO - Processing /Users/miltonvolpato/Git/Alura_Airflow_Oficial/venv/lib/python3.9/site-packages/airflow/example_dags/example_branch_operator.py took 0.056 seconds
[2024-04-02 19:51:39,231] {processor.py:153} INFO - Started process (PID=12337) to work on /Users/miltonvolpato/Git/Alura_Airflow_Oficial/venv/lib/python3.9/site-packages/airflow/example_dags/example_branch_operator.py
[2024-04-02 19:51:39,231] {processor.py:641} INFO - Processing file /Users/miltonvolpato/Git/Alura_Airflow_Oficial/venv/lib/python3.9/site-packages/airflow/example_dags/example_branch_operator.py for tasks to queue
[2024-04-02 19:51:39,231] {logging_mixin.py:115} INFO - [2024-04-02 19:51:39,231] {dagbag.py:507} INFO - Filling up the DagBag from /Users/miltonvolpato/Git/Alura_Airflow_Oficial/venv/lib/python3.9/site-packages/airflow/example_dags/example_branch_operator.py
[2024-04-02 19:51:39,244] {processor.py:651} INFO - DAG(s) dict_keys(['example_branch_operator']) retrieved from /Users/miltonvolpato/Git/Alura_Airflow_Oficial/venv/lib/python3.9/site-packages/airflow/example_dags/example_branch_operator.py
[2024-04-02 19:51:39,274] {logging_mixin.py:115} INFO - [2024-04-02 19:51:39,274] {dag.py:2379} INFO - Sync 1 DAGs
[2024-04-02 19:51:39,282] {logging_mixin.py:115} INFO - [2024-04-02 19:51:39,282] {dag.py:2927} INFO - Setting next_dagrun for example_branch_operator to 2024-04-01T00:00:00+00:00, run_after=2024-04-02T00:00:00+00:00
[2024-04-02 19:51:39,286] {processor.py:161} INFO - Processing /Users/miltonvolpato/Git/Alura_Airflow_Oficial/venv/lib/python3.9/site-packages/airflow/example_dags/example_branch_operator.py took 0.056 seconds
[2024-04-02 19:52:31,865] {processor.py:153} INFO - Started process (PID=12398) to work on /Users/miltonvolpato/Git/Alura_Airflow_Oficial/venv/lib/python3.9/site-packages/airflow/example_dags/example_branch_operator.py
[2024-04-02 19:52:31,866] {processor.py:641} INFO - Processing file /Users/miltonvolpato/Git/Alura_Airflow_Oficial/venv/lib/python3.9/site-packages/airflow/example_dags/example_branch_operator.py for tasks to queue
[2024-04-02 19:52:31,867] {logging_mixin.py:115} INFO - [2024-04-02 19:52:31,867] {dagbag.py:507} INFO - Filling up the DagBag from /Users/miltonvolpato/Git/Alura_Airflow_Oficial/venv/lib/python3.9/site-packages/airflow/example_dags/example_branch_operator.py
[2024-04-02 19:52:31,881] {processor.py:651} INFO - DAG(s) dict_keys(['example_branch_operator']) retrieved from /Users/miltonvolpato/Git/Alura_Airflow_Oficial/venv/lib/python3.9/site-packages/airflow/example_dags/example_branch_operator.py
[2024-04-02 19:52:31,914] {logging_mixin.py:115} INFO - [2024-04-02 19:52:31,914] {dag.py:2379} INFO - Sync 1 DAGs
[2024-04-02 19:52:31,922] {logging_mixin.py:115} INFO - [2024-04-02 19:52:31,922] {dag.py:2927} INFO - Setting next_dagrun for example_branch_operator to 2024-04-01T00:00:00+00:00, run_after=2024-04-02T00:00:00+00:00
[2024-04-02 19:52:31,928] {processor.py:161} INFO - Processing /Users/miltonvolpato/Git/Alura_Airflow_Oficial/venv/lib/python3.9/site-packages/airflow/example_dags/example_branch_operator.py took 0.063 seconds
[2024-04-02 19:53:30,466] {processor.py:153} INFO - Started process (PID=12467) to work on /Users/miltonvolpato/Git/Alura_Airflow_Oficial/venv/lib/python3.9/site-packages/airflow/example_dags/example_branch_operator.py
[2024-04-02 19:53:30,467] {processor.py:641} INFO - Processing file /Users/miltonvolpato/Git/Alura_Airflow_Oficial/venv/lib/python3.9/site-packages/airflow/example_dags/example_branch_operator.py for tasks to queue
[2024-04-02 19:53:30,467] {logging_mixin.py:115} INFO - [2024-04-02 19:53:30,467] {dagbag.py:507} INFO - Filling up the DagBag from /Users/miltonvolpato/Git/Alura_Airflow_Oficial/venv/lib/python3.9/site-packages/airflow/example_dags/example_branch_operator.py
[2024-04-02 19:53:30,480] {processor.py:651} INFO - DAG(s) dict_keys(['example_branch_operator']) retrieved from /Users/miltonvolpato/Git/Alura_Airflow_Oficial/venv/lib/python3.9/site-packages/airflow/example_dags/example_branch_operator.py
[2024-04-02 19:53:30,509] {logging_mixin.py:115} INFO - [2024-04-02 19:53:30,509] {dag.py:2379} INFO - Sync 1 DAGs
[2024-04-02 19:53:30,516] {logging_mixin.py:115} INFO - [2024-04-02 19:53:30,516] {dag.py:2927} INFO - Setting next_dagrun for example_branch_operator to 2024-04-01T00:00:00+00:00, run_after=2024-04-02T00:00:00+00:00
[2024-04-02 19:53:30,521] {processor.py:161} INFO - Processing /Users/miltonvolpato/Git/Alura_Airflow_Oficial/venv/lib/python3.9/site-packages/airflow/example_dags/example_branch_operator.py took 0.055 seconds
[2024-04-02 19:54:26,076] {processor.py:153} INFO - Started process (PID=12556) to work on /Users/miltonvolpato/Git/Alura_Airflow_Oficial/venv/lib/python3.9/site-packages/airflow/example_dags/example_branch_operator.py
[2024-04-02 19:54:26,076] {processor.py:641} INFO - Processing file /Users/miltonvolpato/Git/Alura_Airflow_Oficial/venv/lib/python3.9/site-packages/airflow/example_dags/example_branch_operator.py for tasks to queue
[2024-04-02 19:54:26,076] {logging_mixin.py:115} INFO - [2024-04-02 19:54:26,076] {dagbag.py:507} INFO - Filling up the DagBag from /Users/miltonvolpato/Git/Alura_Airflow_Oficial/venv/lib/python3.9/site-packages/airflow/example_dags/example_branch_operator.py
[2024-04-02 19:54:26,089] {processor.py:651} INFO - DAG(s) dict_keys(['example_branch_operator']) retrieved from /Users/miltonvolpato/Git/Alura_Airflow_Oficial/venv/lib/python3.9/site-packages/airflow/example_dags/example_branch_operator.py
[2024-04-02 19:54:26,121] {logging_mixin.py:115} INFO - [2024-04-02 19:54:26,121] {dag.py:2379} INFO - Sync 1 DAGs
[2024-04-02 19:54:26,128] {logging_mixin.py:115} INFO - [2024-04-02 19:54:26,128] {dag.py:2927} INFO - Setting next_dagrun for example_branch_operator to 2024-04-01T00:00:00+00:00, run_after=2024-04-02T00:00:00+00:00
[2024-04-02 19:54:26,133] {processor.py:161} INFO - Processing /Users/miltonvolpato/Git/Alura_Airflow_Oficial/venv/lib/python3.9/site-packages/airflow/example_dags/example_branch_operator.py took 0.058 seconds
[2024-04-02 19:55:24,357] {processor.py:153} INFO - Started process (PID=12650) to work on /Users/miltonvolpato/Git/Alura_Airflow_Oficial/venv/lib/python3.9/site-packages/airflow/example_dags/example_branch_operator.py
[2024-04-02 19:55:24,357] {processor.py:641} INFO - Processing file /Users/miltonvolpato/Git/Alura_Airflow_Oficial/venv/lib/python3.9/site-packages/airflow/example_dags/example_branch_operator.py for tasks to queue
[2024-04-02 19:55:24,358] {logging_mixin.py:115} INFO - [2024-04-02 19:55:24,358] {dagbag.py:507} INFO - Filling up the DagBag from /Users/miltonvolpato/Git/Alura_Airflow_Oficial/venv/lib/python3.9/site-packages/airflow/example_dags/example_branch_operator.py
[2024-04-02 19:55:24,371] {processor.py:651} INFO - DAG(s) dict_keys(['example_branch_operator']) retrieved from /Users/miltonvolpato/Git/Alura_Airflow_Oficial/venv/lib/python3.9/site-packages/airflow/example_dags/example_branch_operator.py
[2024-04-02 19:55:24,400] {logging_mixin.py:115} INFO - [2024-04-02 19:55:24,400] {dag.py:2379} INFO - Sync 1 DAGs
[2024-04-02 19:55:24,408] {logging_mixin.py:115} INFO - [2024-04-02 19:55:24,407] {dag.py:2927} INFO - Setting next_dagrun for example_branch_operator to 2024-04-01T00:00:00+00:00, run_after=2024-04-02T00:00:00+00:00
[2024-04-02 19:55:24,412] {processor.py:161} INFO - Processing /Users/miltonvolpato/Git/Alura_Airflow_Oficial/venv/lib/python3.9/site-packages/airflow/example_dags/example_branch_operator.py took 0.056 seconds
