[2024-04-02 19:37:03,506] {processor.py:153} INFO - Started process (PID=11346) to work on /Users/miltonvolpato/Git/Alura_Airflow_Oficial/venv/lib/python3.9/site-packages/airflow/example_dags/example_branch_day_of_week_operator.py
[2024-04-02 19:37:03,506] {processor.py:641} INFO - Processing file /Users/miltonvolpato/Git/Alura_Airflow_Oficial/venv/lib/python3.9/site-packages/airflow/example_dags/example_branch_day_of_week_operator.py for tasks to queue
[2024-04-02 19:37:03,506] {logging_mixin.py:115} INFO - [2024-04-02 19:37:03,506] {dagbag.py:507} INFO - Filling up the DagBag from /Users/miltonvolpato/Git/Alura_Airflow_Oficial/venv/lib/python3.9/site-packages/airflow/example_dags/example_branch_day_of_week_operator.py
[2024-04-02 19:37:03,514] {processor.py:651} INFO - DAG(s) dict_keys(['example_weekday_branch_operator']) retrieved from /Users/miltonvolpato/Git/Alura_Airflow_Oficial/venv/lib/python3.9/site-packages/airflow/example_dags/example_branch_day_of_week_operator.py
[2024-04-02 19:37:03,852] {logging_mixin.py:115} INFO - [2024-04-02 19:37:03,852] {manager.py:508} INFO - Created Permission View: can edit on DAG:example_weekday_branch_operator
[2024-04-02 19:37:03,855] {logging_mixin.py:115} INFO - [2024-04-02 19:37:03,855] {manager.py:508} INFO - Created Permission View: can delete on DAG:example_weekday_branch_operator
[2024-04-02 19:37:03,857] {logging_mixin.py:115} INFO - [2024-04-02 19:37:03,857] {manager.py:508} INFO - Created Permission View: can read on DAG:example_weekday_branch_operator
[2024-04-02 19:37:03,857] {logging_mixin.py:115} INFO - [2024-04-02 19:37:03,857] {dag.py:2379} INFO - Sync 1 DAGs
[2024-04-02 19:37:03,860] {logging_mixin.py:115} INFO - [2024-04-02 19:37:03,860] {dag.py:2398} INFO - Creating ORM DAG for example_weekday_branch_operator
[2024-04-02 19:37:03,865] {logging_mixin.py:115} INFO - [2024-04-02 19:37:03,865] {dag.py:2927} INFO - Setting next_dagrun for example_weekday_branch_operator to 2024-04-01T00:00:00+00:00, run_after=2024-04-02T00:00:00+00:00
[2024-04-02 19:37:03,877] {processor.py:161} INFO - Processing /Users/miltonvolpato/Git/Alura_Airflow_Oficial/venv/lib/python3.9/site-packages/airflow/example_dags/example_branch_day_of_week_operator.py took 0.371 seconds
[2024-04-02 19:38:05,048] {processor.py:153} INFO - Started process (PID=11472) to work on /Users/miltonvolpato/Git/Alura_Airflow_Oficial/venv/lib/python3.9/site-packages/airflow/example_dags/example_branch_day_of_week_operator.py
[2024-04-02 19:38:05,049] {processor.py:641} INFO - Processing file /Users/miltonvolpato/Git/Alura_Airflow_Oficial/venv/lib/python3.9/site-packages/airflow/example_dags/example_branch_day_of_week_operator.py for tasks to queue
[2024-04-02 19:38:05,049] {logging_mixin.py:115} INFO - [2024-04-02 19:38:05,049] {dagbag.py:507} INFO - Filling up the DagBag from /Users/miltonvolpato/Git/Alura_Airflow_Oficial/venv/lib/python3.9/site-packages/airflow/example_dags/example_branch_day_of_week_operator.py
[2024-04-02 19:38:05,056] {processor.py:651} INFO - DAG(s) dict_keys(['example_weekday_branch_operator']) retrieved from /Users/miltonvolpato/Git/Alura_Airflow_Oficial/venv/lib/python3.9/site-packages/airflow/example_dags/example_branch_day_of_week_operator.py
[2024-04-02 19:38:05,084] {logging_mixin.py:115} INFO - [2024-04-02 19:38:05,084] {dag.py:2379} INFO - Sync 1 DAGs
[2024-04-02 19:38:05,092] {logging_mixin.py:115} INFO - [2024-04-02 19:38:05,092] {dag.py:2927} INFO - Setting next_dagrun for example_weekday_branch_operator to 2024-04-01T00:00:00+00:00, run_after=2024-04-02T00:00:00+00:00
[2024-04-02 19:38:05,097] {processor.py:161} INFO - Processing /Users/miltonvolpato/Git/Alura_Airflow_Oficial/venv/lib/python3.9/site-packages/airflow/example_dags/example_branch_day_of_week_operator.py took 0.049 seconds
[2024-04-02 19:38:54,393] {processor.py:153} INFO - Started process (PID=11531) to work on /Users/miltonvolpato/Git/Alura_Airflow_Oficial/venv/lib/python3.9/site-packages/airflow/example_dags/example_branch_day_of_week_operator.py
[2024-04-02 19:38:54,393] {processor.py:641} INFO - Processing file /Users/miltonvolpato/Git/Alura_Airflow_Oficial/venv/lib/python3.9/site-packages/airflow/example_dags/example_branch_day_of_week_operator.py for tasks to queue
[2024-04-02 19:38:54,393] {logging_mixin.py:115} INFO - [2024-04-02 19:38:54,393] {dagbag.py:507} INFO - Filling up the DagBag from /Users/miltonvolpato/Git/Alura_Airflow_Oficial/venv/lib/python3.9/site-packages/airflow/example_dags/example_branch_day_of_week_operator.py
[2024-04-02 19:38:54,400] {processor.py:651} INFO - DAG(s) dict_keys(['example_weekday_branch_operator']) retrieved from /Users/miltonvolpato/Git/Alura_Airflow_Oficial/venv/lib/python3.9/site-packages/airflow/example_dags/example_branch_day_of_week_operator.py
[2024-04-02 19:38:54,427] {logging_mixin.py:115} INFO - [2024-04-02 19:38:54,427] {dag.py:2379} INFO - Sync 1 DAGs
[2024-04-02 19:38:54,434] {logging_mixin.py:115} INFO - [2024-04-02 19:38:54,434] {dag.py:2927} INFO - Setting next_dagrun for example_weekday_branch_operator to 2024-04-01T00:00:00+00:00, run_after=2024-04-02T00:00:00+00:00
[2024-04-02 19:38:54,439] {processor.py:161} INFO - Processing /Users/miltonvolpato/Git/Alura_Airflow_Oficial/venv/lib/python3.9/site-packages/airflow/example_dags/example_branch_day_of_week_operator.py took 0.046 seconds
[2024-04-02 19:39:43,506] {processor.py:153} INFO - Started process (PID=11572) to work on /Users/miltonvolpato/Git/Alura_Airflow_Oficial/venv/lib/python3.9/site-packages/airflow/example_dags/example_branch_day_of_week_operator.py
[2024-04-02 19:39:43,506] {processor.py:641} INFO - Processing file /Users/miltonvolpato/Git/Alura_Airflow_Oficial/venv/lib/python3.9/site-packages/airflow/example_dags/example_branch_day_of_week_operator.py for tasks to queue
[2024-04-02 19:39:43,506] {logging_mixin.py:115} INFO - [2024-04-02 19:39:43,506] {dagbag.py:507} INFO - Filling up the DagBag from /Users/miltonvolpato/Git/Alura_Airflow_Oficial/venv/lib/python3.9/site-packages/airflow/example_dags/example_branch_day_of_week_operator.py
[2024-04-02 19:39:43,513] {processor.py:651} INFO - DAG(s) dict_keys(['example_weekday_branch_operator']) retrieved from /Users/miltonvolpato/Git/Alura_Airflow_Oficial/venv/lib/python3.9/site-packages/airflow/example_dags/example_branch_day_of_week_operator.py
[2024-04-02 19:39:43,540] {logging_mixin.py:115} INFO - [2024-04-02 19:39:43,540] {dag.py:2379} INFO - Sync 1 DAGs
[2024-04-02 19:39:43,548] {logging_mixin.py:115} INFO - [2024-04-02 19:39:43,548] {dag.py:2927} INFO - Setting next_dagrun for example_weekday_branch_operator to 2024-04-01T00:00:00+00:00, run_after=2024-04-02T00:00:00+00:00
[2024-04-02 19:39:43,553] {processor.py:161} INFO - Processing /Users/miltonvolpato/Git/Alura_Airflow_Oficial/venv/lib/python3.9/site-packages/airflow/example_dags/example_branch_day_of_week_operator.py took 0.047 seconds
[2024-04-02 19:40:33,878] {processor.py:153} INFO - Started process (PID=11622) to work on /Users/miltonvolpato/Git/Alura_Airflow_Oficial/venv/lib/python3.9/site-packages/airflow/example_dags/example_branch_day_of_week_operator.py
[2024-04-02 19:40:33,878] {processor.py:641} INFO - Processing file /Users/miltonvolpato/Git/Alura_Airflow_Oficial/venv/lib/python3.9/site-packages/airflow/example_dags/example_branch_day_of_week_operator.py for tasks to queue
[2024-04-02 19:40:33,878] {logging_mixin.py:115} INFO - [2024-04-02 19:40:33,878] {dagbag.py:507} INFO - Filling up the DagBag from /Users/miltonvolpato/Git/Alura_Airflow_Oficial/venv/lib/python3.9/site-packages/airflow/example_dags/example_branch_day_of_week_operator.py
[2024-04-02 19:40:33,884] {processor.py:651} INFO - DAG(s) dict_keys(['example_weekday_branch_operator']) retrieved from /Users/miltonvolpato/Git/Alura_Airflow_Oficial/venv/lib/python3.9/site-packages/airflow/example_dags/example_branch_day_of_week_operator.py
[2024-04-02 19:40:33,915] {logging_mixin.py:115} INFO - [2024-04-02 19:40:33,914] {dag.py:2379} INFO - Sync 1 DAGs
[2024-04-02 19:40:33,923] {logging_mixin.py:115} INFO - [2024-04-02 19:40:33,923] {dag.py:2927} INFO - Setting next_dagrun for example_weekday_branch_operator to 2024-04-01T00:00:00+00:00, run_after=2024-04-02T00:00:00+00:00
[2024-04-02 19:40:33,928] {processor.py:161} INFO - Processing /Users/miltonvolpato/Git/Alura_Airflow_Oficial/venv/lib/python3.9/site-packages/airflow/example_dags/example_branch_day_of_week_operator.py took 0.051 seconds
[2024-04-02 19:41:27,776] {processor.py:153} INFO - Started process (PID=11669) to work on /Users/miltonvolpato/Git/Alura_Airflow_Oficial/venv/lib/python3.9/site-packages/airflow/example_dags/example_branch_day_of_week_operator.py
[2024-04-02 19:41:27,776] {processor.py:641} INFO - Processing file /Users/miltonvolpato/Git/Alura_Airflow_Oficial/venv/lib/python3.9/site-packages/airflow/example_dags/example_branch_day_of_week_operator.py for tasks to queue
[2024-04-02 19:41:27,776] {logging_mixin.py:115} INFO - [2024-04-02 19:41:27,776] {dagbag.py:507} INFO - Filling up the DagBag from /Users/miltonvolpato/Git/Alura_Airflow_Oficial/venv/lib/python3.9/site-packages/airflow/example_dags/example_branch_day_of_week_operator.py
[2024-04-02 19:41:27,783] {processor.py:651} INFO - DAG(s) dict_keys(['example_weekday_branch_operator']) retrieved from /Users/miltonvolpato/Git/Alura_Airflow_Oficial/venv/lib/python3.9/site-packages/airflow/example_dags/example_branch_day_of_week_operator.py
[2024-04-02 19:41:27,810] {logging_mixin.py:115} INFO - [2024-04-02 19:41:27,810] {dag.py:2379} INFO - Sync 1 DAGs
[2024-04-02 19:41:27,818] {logging_mixin.py:115} INFO - [2024-04-02 19:41:27,818] {dag.py:2927} INFO - Setting next_dagrun for example_weekday_branch_operator to 2024-04-01T00:00:00+00:00, run_after=2024-04-02T00:00:00+00:00
[2024-04-02 19:41:27,823] {processor.py:161} INFO - Processing /Users/miltonvolpato/Git/Alura_Airflow_Oficial/venv/lib/python3.9/site-packages/airflow/example_dags/example_branch_day_of_week_operator.py took 0.047 seconds
[2024-04-02 19:42:20,501] {processor.py:153} INFO - Started process (PID=11720) to work on /Users/miltonvolpato/Git/Alura_Airflow_Oficial/venv/lib/python3.9/site-packages/airflow/example_dags/example_branch_day_of_week_operator.py
[2024-04-02 19:42:20,501] {processor.py:641} INFO - Processing file /Users/miltonvolpato/Git/Alura_Airflow_Oficial/venv/lib/python3.9/site-packages/airflow/example_dags/example_branch_day_of_week_operator.py for tasks to queue
[2024-04-02 19:42:20,501] {logging_mixin.py:115} INFO - [2024-04-02 19:42:20,501] {dagbag.py:507} INFO - Filling up the DagBag from /Users/miltonvolpato/Git/Alura_Airflow_Oficial/venv/lib/python3.9/site-packages/airflow/example_dags/example_branch_day_of_week_operator.py
[2024-04-02 19:42:20,507] {processor.py:651} INFO - DAG(s) dict_keys(['example_weekday_branch_operator']) retrieved from /Users/miltonvolpato/Git/Alura_Airflow_Oficial/venv/lib/python3.9/site-packages/airflow/example_dags/example_branch_day_of_week_operator.py
[2024-04-02 19:42:20,536] {logging_mixin.py:115} INFO - [2024-04-02 19:42:20,536] {dag.py:2379} INFO - Sync 1 DAGs
[2024-04-02 19:42:20,544] {logging_mixin.py:115} INFO - [2024-04-02 19:42:20,544] {dag.py:2927} INFO - Setting next_dagrun for example_weekday_branch_operator to 2024-04-01T00:00:00+00:00, run_after=2024-04-02T00:00:00+00:00
[2024-04-02 19:42:20,549] {processor.py:161} INFO - Processing /Users/miltonvolpato/Git/Alura_Airflow_Oficial/venv/lib/python3.9/site-packages/airflow/example_dags/example_branch_day_of_week_operator.py took 0.048 seconds
[2024-04-02 19:43:11,201] {processor.py:153} INFO - Started process (PID=11769) to work on /Users/miltonvolpato/Git/Alura_Airflow_Oficial/venv/lib/python3.9/site-packages/airflow/example_dags/example_branch_day_of_week_operator.py
[2024-04-02 19:43:11,202] {processor.py:641} INFO - Processing file /Users/miltonvolpato/Git/Alura_Airflow_Oficial/venv/lib/python3.9/site-packages/airflow/example_dags/example_branch_day_of_week_operator.py for tasks to queue
[2024-04-02 19:43:11,202] {logging_mixin.py:115} INFO - [2024-04-02 19:43:11,202] {dagbag.py:507} INFO - Filling up the DagBag from /Users/miltonvolpato/Git/Alura_Airflow_Oficial/venv/lib/python3.9/site-packages/airflow/example_dags/example_branch_day_of_week_operator.py
[2024-04-02 19:43:11,209] {processor.py:651} INFO - DAG(s) dict_keys(['example_weekday_branch_operator']) retrieved from /Users/miltonvolpato/Git/Alura_Airflow_Oficial/venv/lib/python3.9/site-packages/airflow/example_dags/example_branch_day_of_week_operator.py
[2024-04-02 19:43:11,238] {logging_mixin.py:115} INFO - [2024-04-02 19:43:11,238] {dag.py:2379} INFO - Sync 1 DAGs
[2024-04-02 19:43:11,246] {logging_mixin.py:115} INFO - [2024-04-02 19:43:11,246] {dag.py:2927} INFO - Setting next_dagrun for example_weekday_branch_operator to 2024-04-01T00:00:00+00:00, run_after=2024-04-02T00:00:00+00:00
[2024-04-02 19:43:11,250] {processor.py:161} INFO - Processing /Users/miltonvolpato/Git/Alura_Airflow_Oficial/venv/lib/python3.9/site-packages/airflow/example_dags/example_branch_day_of_week_operator.py took 0.050 seconds
[2024-04-02 19:44:09,651] {processor.py:153} INFO - Started process (PID=11833) to work on /Users/miltonvolpato/Git/Alura_Airflow_Oficial/venv/lib/python3.9/site-packages/airflow/example_dags/example_branch_day_of_week_operator.py
[2024-04-02 19:44:09,652] {processor.py:641} INFO - Processing file /Users/miltonvolpato/Git/Alura_Airflow_Oficial/venv/lib/python3.9/site-packages/airflow/example_dags/example_branch_day_of_week_operator.py for tasks to queue
[2024-04-02 19:44:09,652] {logging_mixin.py:115} INFO - [2024-04-02 19:44:09,652] {dagbag.py:507} INFO - Filling up the DagBag from /Users/miltonvolpato/Git/Alura_Airflow_Oficial/venv/lib/python3.9/site-packages/airflow/example_dags/example_branch_day_of_week_operator.py
[2024-04-02 19:44:09,659] {processor.py:651} INFO - DAG(s) dict_keys(['example_weekday_branch_operator']) retrieved from /Users/miltonvolpato/Git/Alura_Airflow_Oficial/venv/lib/python3.9/site-packages/airflow/example_dags/example_branch_day_of_week_operator.py
[2024-04-02 19:44:09,687] {logging_mixin.py:115} INFO - [2024-04-02 19:44:09,687] {dag.py:2379} INFO - Sync 1 DAGs
[2024-04-02 19:44:09,694] {logging_mixin.py:115} INFO - [2024-04-02 19:44:09,694] {dag.py:2927} INFO - Setting next_dagrun for example_weekday_branch_operator to 2024-04-01T00:00:00+00:00, run_after=2024-04-02T00:00:00+00:00
[2024-04-02 19:44:09,699] {processor.py:161} INFO - Processing /Users/miltonvolpato/Git/Alura_Airflow_Oficial/venv/lib/python3.9/site-packages/airflow/example_dags/example_branch_day_of_week_operator.py took 0.048 seconds
[2024-04-02 19:45:01,433] {processor.py:153} INFO - Started process (PID=11897) to work on /Users/miltonvolpato/Git/Alura_Airflow_Oficial/venv/lib/python3.9/site-packages/airflow/example_dags/example_branch_day_of_week_operator.py
[2024-04-02 19:45:01,434] {processor.py:641} INFO - Processing file /Users/miltonvolpato/Git/Alura_Airflow_Oficial/venv/lib/python3.9/site-packages/airflow/example_dags/example_branch_day_of_week_operator.py for tasks to queue
[2024-04-02 19:45:01,434] {logging_mixin.py:115} INFO - [2024-04-02 19:45:01,434] {dagbag.py:507} INFO - Filling up the DagBag from /Users/miltonvolpato/Git/Alura_Airflow_Oficial/venv/lib/python3.9/site-packages/airflow/example_dags/example_branch_day_of_week_operator.py
[2024-04-02 19:45:01,442] {processor.py:651} INFO - DAG(s) dict_keys(['example_weekday_branch_operator']) retrieved from /Users/miltonvolpato/Git/Alura_Airflow_Oficial/venv/lib/python3.9/site-packages/airflow/example_dags/example_branch_day_of_week_operator.py
[2024-04-02 19:45:01,471] {logging_mixin.py:115} INFO - [2024-04-02 19:45:01,471] {dag.py:2379} INFO - Sync 1 DAGs
[2024-04-02 19:45:01,479] {logging_mixin.py:115} INFO - [2024-04-02 19:45:01,479] {dag.py:2927} INFO - Setting next_dagrun for example_weekday_branch_operator to 2024-04-01T00:00:00+00:00, run_after=2024-04-02T00:00:00+00:00
[2024-04-02 19:45:01,484] {processor.py:161} INFO - Processing /Users/miltonvolpato/Git/Alura_Airflow_Oficial/venv/lib/python3.9/site-packages/airflow/example_dags/example_branch_day_of_week_operator.py took 0.052 seconds
[2024-04-02 19:45:51,659] {processor.py:153} INFO - Started process (PID=11938) to work on /Users/miltonvolpato/Git/Alura_Airflow_Oficial/venv/lib/python3.9/site-packages/airflow/example_dags/example_branch_day_of_week_operator.py
[2024-04-02 19:45:51,659] {processor.py:641} INFO - Processing file /Users/miltonvolpato/Git/Alura_Airflow_Oficial/venv/lib/python3.9/site-packages/airflow/example_dags/example_branch_day_of_week_operator.py for tasks to queue
[2024-04-02 19:45:51,659] {logging_mixin.py:115} INFO - [2024-04-02 19:45:51,659] {dagbag.py:507} INFO - Filling up the DagBag from /Users/miltonvolpato/Git/Alura_Airflow_Oficial/venv/lib/python3.9/site-packages/airflow/example_dags/example_branch_day_of_week_operator.py
[2024-04-02 19:45:51,667] {processor.py:651} INFO - DAG(s) dict_keys(['example_weekday_branch_operator']) retrieved from /Users/miltonvolpato/Git/Alura_Airflow_Oficial/venv/lib/python3.9/site-packages/airflow/example_dags/example_branch_day_of_week_operator.py
[2024-04-02 19:45:51,694] {logging_mixin.py:115} INFO - [2024-04-02 19:45:51,694] {dag.py:2379} INFO - Sync 1 DAGs
[2024-04-02 19:45:51,702] {logging_mixin.py:115} INFO - [2024-04-02 19:45:51,702] {dag.py:2927} INFO - Setting next_dagrun for example_weekday_branch_operator to 2024-04-01T00:00:00+00:00, run_after=2024-04-02T00:00:00+00:00
[2024-04-02 19:45:51,707] {processor.py:161} INFO - Processing /Users/miltonvolpato/Git/Alura_Airflow_Oficial/venv/lib/python3.9/site-packages/airflow/example_dags/example_branch_day_of_week_operator.py took 0.048 seconds
[2024-04-02 19:46:42,504] {processor.py:153} INFO - Started process (PID=12016) to work on /Users/miltonvolpato/Git/Alura_Airflow_Oficial/venv/lib/python3.9/site-packages/airflow/example_dags/example_branch_day_of_week_operator.py
[2024-04-02 19:46:42,505] {processor.py:641} INFO - Processing file /Users/miltonvolpato/Git/Alura_Airflow_Oficial/venv/lib/python3.9/site-packages/airflow/example_dags/example_branch_day_of_week_operator.py for tasks to queue
[2024-04-02 19:46:42,505] {logging_mixin.py:115} INFO - [2024-04-02 19:46:42,505] {dagbag.py:507} INFO - Filling up the DagBag from /Users/miltonvolpato/Git/Alura_Airflow_Oficial/venv/lib/python3.9/site-packages/airflow/example_dags/example_branch_day_of_week_operator.py
[2024-04-02 19:46:42,512] {processor.py:651} INFO - DAG(s) dict_keys(['example_weekday_branch_operator']) retrieved from /Users/miltonvolpato/Git/Alura_Airflow_Oficial/venv/lib/python3.9/site-packages/airflow/example_dags/example_branch_day_of_week_operator.py
[2024-04-02 19:46:42,543] {logging_mixin.py:115} INFO - [2024-04-02 19:46:42,542] {dag.py:2379} INFO - Sync 1 DAGs
[2024-04-02 19:46:42,551] {logging_mixin.py:115} INFO - [2024-04-02 19:46:42,550] {dag.py:2927} INFO - Setting next_dagrun for example_weekday_branch_operator to 2024-04-01T00:00:00+00:00, run_after=2024-04-02T00:00:00+00:00
[2024-04-02 19:46:42,555] {processor.py:161} INFO - Processing /Users/miltonvolpato/Git/Alura_Airflow_Oficial/venv/lib/python3.9/site-packages/airflow/example_dags/example_branch_day_of_week_operator.py took 0.051 seconds
[2024-04-02 19:47:37,352] {processor.py:153} INFO - Started process (PID=12103) to work on /Users/miltonvolpato/Git/Alura_Airflow_Oficial/venv/lib/python3.9/site-packages/airflow/example_dags/example_branch_day_of_week_operator.py
[2024-04-02 19:47:37,352] {processor.py:641} INFO - Processing file /Users/miltonvolpato/Git/Alura_Airflow_Oficial/venv/lib/python3.9/site-packages/airflow/example_dags/example_branch_day_of_week_operator.py for tasks to queue
[2024-04-02 19:47:37,353] {logging_mixin.py:115} INFO - [2024-04-02 19:47:37,353] {dagbag.py:507} INFO - Filling up the DagBag from /Users/miltonvolpato/Git/Alura_Airflow_Oficial/venv/lib/python3.9/site-packages/airflow/example_dags/example_branch_day_of_week_operator.py
[2024-04-02 19:47:37,360] {processor.py:651} INFO - DAG(s) dict_keys(['example_weekday_branch_operator']) retrieved from /Users/miltonvolpato/Git/Alura_Airflow_Oficial/venv/lib/python3.9/site-packages/airflow/example_dags/example_branch_day_of_week_operator.py
[2024-04-02 19:47:37,389] {logging_mixin.py:115} INFO - [2024-04-02 19:47:37,388] {dag.py:2379} INFO - Sync 1 DAGs
[2024-04-02 19:47:37,396] {logging_mixin.py:115} INFO - [2024-04-02 19:47:37,396] {dag.py:2927} INFO - Setting next_dagrun for example_weekday_branch_operator to 2024-04-01T00:00:00+00:00, run_after=2024-04-02T00:00:00+00:00
[2024-04-02 19:47:37,401] {processor.py:161} INFO - Processing /Users/miltonvolpato/Git/Alura_Airflow_Oficial/venv/lib/python3.9/site-packages/airflow/example_dags/example_branch_day_of_week_operator.py took 0.049 seconds
[2024-04-02 19:48:23,076] {processor.py:153} INFO - Started process (PID=12144) to work on /Users/miltonvolpato/Git/Alura_Airflow_Oficial/venv/lib/python3.9/site-packages/airflow/example_dags/example_branch_day_of_week_operator.py
[2024-04-02 19:48:23,076] {processor.py:641} INFO - Processing file /Users/miltonvolpato/Git/Alura_Airflow_Oficial/venv/lib/python3.9/site-packages/airflow/example_dags/example_branch_day_of_week_operator.py for tasks to queue
[2024-04-02 19:48:23,076] {logging_mixin.py:115} INFO - [2024-04-02 19:48:23,076] {dagbag.py:507} INFO - Filling up the DagBag from /Users/miltonvolpato/Git/Alura_Airflow_Oficial/venv/lib/python3.9/site-packages/airflow/example_dags/example_branch_day_of_week_operator.py
[2024-04-02 19:48:23,083] {processor.py:651} INFO - DAG(s) dict_keys(['example_weekday_branch_operator']) retrieved from /Users/miltonvolpato/Git/Alura_Airflow_Oficial/venv/lib/python3.9/site-packages/airflow/example_dags/example_branch_day_of_week_operator.py
[2024-04-02 19:48:23,114] {logging_mixin.py:115} INFO - [2024-04-02 19:48:23,114] {dag.py:2379} INFO - Sync 1 DAGs
[2024-04-02 19:48:23,122] {logging_mixin.py:115} INFO - [2024-04-02 19:48:23,122] {dag.py:2927} INFO - Setting next_dagrun for example_weekday_branch_operator to 2024-04-01T00:00:00+00:00, run_after=2024-04-02T00:00:00+00:00
[2024-04-02 19:48:23,126] {processor.py:161} INFO - Processing /Users/miltonvolpato/Git/Alura_Airflow_Oficial/venv/lib/python3.9/site-packages/airflow/example_dags/example_branch_day_of_week_operator.py took 0.051 seconds
[2024-04-02 19:49:12,454] {processor.py:153} INFO - Started process (PID=12199) to work on /Users/miltonvolpato/Git/Alura_Airflow_Oficial/venv/lib/python3.9/site-packages/airflow/example_dags/example_branch_day_of_week_operator.py
[2024-04-02 19:49:12,455] {processor.py:641} INFO - Processing file /Users/miltonvolpato/Git/Alura_Airflow_Oficial/venv/lib/python3.9/site-packages/airflow/example_dags/example_branch_day_of_week_operator.py for tasks to queue
[2024-04-02 19:49:12,455] {logging_mixin.py:115} INFO - [2024-04-02 19:49:12,455] {dagbag.py:507} INFO - Filling up the DagBag from /Users/miltonvolpato/Git/Alura_Airflow_Oficial/venv/lib/python3.9/site-packages/airflow/example_dags/example_branch_day_of_week_operator.py
[2024-04-02 19:49:12,461] {processor.py:651} INFO - DAG(s) dict_keys(['example_weekday_branch_operator']) retrieved from /Users/miltonvolpato/Git/Alura_Airflow_Oficial/venv/lib/python3.9/site-packages/airflow/example_dags/example_branch_day_of_week_operator.py
[2024-04-02 19:49:12,489] {logging_mixin.py:115} INFO - [2024-04-02 19:49:12,489] {dag.py:2379} INFO - Sync 1 DAGs
[2024-04-02 19:49:12,497] {logging_mixin.py:115} INFO - [2024-04-02 19:49:12,497] {dag.py:2927} INFO - Setting next_dagrun for example_weekday_branch_operator to 2024-04-01T00:00:00+00:00, run_after=2024-04-02T00:00:00+00:00
[2024-04-02 19:49:12,502] {processor.py:161} INFO - Processing /Users/miltonvolpato/Git/Alura_Airflow_Oficial/venv/lib/python3.9/site-packages/airflow/example_dags/example_branch_day_of_week_operator.py took 0.048 seconds
[2024-04-02 19:50:05,415] {processor.py:153} INFO - Started process (PID=12255) to work on /Users/miltonvolpato/Git/Alura_Airflow_Oficial/venv/lib/python3.9/site-packages/airflow/example_dags/example_branch_day_of_week_operator.py
[2024-04-02 19:50:05,416] {processor.py:641} INFO - Processing file /Users/miltonvolpato/Git/Alura_Airflow_Oficial/venv/lib/python3.9/site-packages/airflow/example_dags/example_branch_day_of_week_operator.py for tasks to queue
[2024-04-02 19:50:05,416] {logging_mixin.py:115} INFO - [2024-04-02 19:50:05,416] {dagbag.py:507} INFO - Filling up the DagBag from /Users/miltonvolpato/Git/Alura_Airflow_Oficial/venv/lib/python3.9/site-packages/airflow/example_dags/example_branch_day_of_week_operator.py
[2024-04-02 19:50:05,423] {processor.py:651} INFO - DAG(s) dict_keys(['example_weekday_branch_operator']) retrieved from /Users/miltonvolpato/Git/Alura_Airflow_Oficial/venv/lib/python3.9/site-packages/airflow/example_dags/example_branch_day_of_week_operator.py
[2024-04-02 19:50:05,451] {logging_mixin.py:115} INFO - [2024-04-02 19:50:05,451] {dag.py:2379} INFO - Sync 1 DAGs
[2024-04-02 19:50:05,458] {logging_mixin.py:115} INFO - [2024-04-02 19:50:05,458] {dag.py:2927} INFO - Setting next_dagrun for example_weekday_branch_operator to 2024-04-01T00:00:00+00:00, run_after=2024-04-02T00:00:00+00:00
[2024-04-02 19:50:05,463] {processor.py:161} INFO - Processing /Users/miltonvolpato/Git/Alura_Airflow_Oficial/venv/lib/python3.9/site-packages/airflow/example_dags/example_branch_day_of_week_operator.py took 0.049 seconds
[2024-04-02 19:50:58,013] {processor.py:153} INFO - Started process (PID=12304) to work on /Users/miltonvolpato/Git/Alura_Airflow_Oficial/venv/lib/python3.9/site-packages/airflow/example_dags/example_branch_day_of_week_operator.py
[2024-04-02 19:50:58,014] {processor.py:641} INFO - Processing file /Users/miltonvolpato/Git/Alura_Airflow_Oficial/venv/lib/python3.9/site-packages/airflow/example_dags/example_branch_day_of_week_operator.py for tasks to queue
[2024-04-02 19:50:58,014] {logging_mixin.py:115} INFO - [2024-04-02 19:50:58,014] {dagbag.py:507} INFO - Filling up the DagBag from /Users/miltonvolpato/Git/Alura_Airflow_Oficial/venv/lib/python3.9/site-packages/airflow/example_dags/example_branch_day_of_week_operator.py
[2024-04-02 19:50:58,022] {processor.py:651} INFO - DAG(s) dict_keys(['example_weekday_branch_operator']) retrieved from /Users/miltonvolpato/Git/Alura_Airflow_Oficial/venv/lib/python3.9/site-packages/airflow/example_dags/example_branch_day_of_week_operator.py
[2024-04-02 19:50:58,051] {logging_mixin.py:115} INFO - [2024-04-02 19:50:58,050] {dag.py:2379} INFO - Sync 1 DAGs
[2024-04-02 19:50:58,058] {logging_mixin.py:115} INFO - [2024-04-02 19:50:58,058] {dag.py:2927} INFO - Setting next_dagrun for example_weekday_branch_operator to 2024-04-01T00:00:00+00:00, run_after=2024-04-02T00:00:00+00:00
[2024-04-02 19:50:58,063] {processor.py:161} INFO - Processing /Users/miltonvolpato/Git/Alura_Airflow_Oficial/venv/lib/python3.9/site-packages/airflow/example_dags/example_branch_day_of_week_operator.py took 0.050 seconds
[2024-04-02 19:51:54,809] {processor.py:153} INFO - Started process (PID=12363) to work on /Users/miltonvolpato/Git/Alura_Airflow_Oficial/venv/lib/python3.9/site-packages/airflow/example_dags/example_branch_day_of_week_operator.py
[2024-04-02 19:51:54,810] {processor.py:641} INFO - Processing file /Users/miltonvolpato/Git/Alura_Airflow_Oficial/venv/lib/python3.9/site-packages/airflow/example_dags/example_branch_day_of_week_operator.py for tasks to queue
[2024-04-02 19:51:54,810] {logging_mixin.py:115} INFO - [2024-04-02 19:51:54,810] {dagbag.py:507} INFO - Filling up the DagBag from /Users/miltonvolpato/Git/Alura_Airflow_Oficial/venv/lib/python3.9/site-packages/airflow/example_dags/example_branch_day_of_week_operator.py
[2024-04-02 19:51:54,817] {processor.py:651} INFO - DAG(s) dict_keys(['example_weekday_branch_operator']) retrieved from /Users/miltonvolpato/Git/Alura_Airflow_Oficial/venv/lib/python3.9/site-packages/airflow/example_dags/example_branch_day_of_week_operator.py
[2024-04-02 19:51:54,847] {logging_mixin.py:115} INFO - [2024-04-02 19:51:54,847] {dag.py:2379} INFO - Sync 1 DAGs
[2024-04-02 19:51:54,855] {logging_mixin.py:115} INFO - [2024-04-02 19:51:54,854] {dag.py:2927} INFO - Setting next_dagrun for example_weekday_branch_operator to 2024-04-01T00:00:00+00:00, run_after=2024-04-02T00:00:00+00:00
[2024-04-02 19:51:54,859] {processor.py:161} INFO - Processing /Users/miltonvolpato/Git/Alura_Airflow_Oficial/venv/lib/python3.9/site-packages/airflow/example_dags/example_branch_day_of_week_operator.py took 0.051 seconds
[2024-04-02 19:52:47,486] {processor.py:153} INFO - Started process (PID=12408) to work on /Users/miltonvolpato/Git/Alura_Airflow_Oficial/venv/lib/python3.9/site-packages/airflow/example_dags/example_branch_day_of_week_operator.py
[2024-04-02 19:52:47,486] {processor.py:641} INFO - Processing file /Users/miltonvolpato/Git/Alura_Airflow_Oficial/venv/lib/python3.9/site-packages/airflow/example_dags/example_branch_day_of_week_operator.py for tasks to queue
[2024-04-02 19:52:47,487] {logging_mixin.py:115} INFO - [2024-04-02 19:52:47,487] {dagbag.py:507} INFO - Filling up the DagBag from /Users/miltonvolpato/Git/Alura_Airflow_Oficial/venv/lib/python3.9/site-packages/airflow/example_dags/example_branch_day_of_week_operator.py
[2024-04-02 19:52:47,495] {processor.py:651} INFO - DAG(s) dict_keys(['example_weekday_branch_operator']) retrieved from /Users/miltonvolpato/Git/Alura_Airflow_Oficial/venv/lib/python3.9/site-packages/airflow/example_dags/example_branch_day_of_week_operator.py
[2024-04-02 19:52:47,525] {logging_mixin.py:115} INFO - [2024-04-02 19:52:47,525] {dag.py:2379} INFO - Sync 1 DAGs
[2024-04-02 19:52:47,533] {logging_mixin.py:115} INFO - [2024-04-02 19:52:47,533] {dag.py:2927} INFO - Setting next_dagrun for example_weekday_branch_operator to 2024-04-01T00:00:00+00:00, run_after=2024-04-02T00:00:00+00:00
[2024-04-02 19:52:47,539] {processor.py:161} INFO - Processing /Users/miltonvolpato/Git/Alura_Airflow_Oficial/venv/lib/python3.9/site-packages/airflow/example_dags/example_branch_day_of_week_operator.py took 0.053 seconds
[2024-04-02 19:53:45,272] {processor.py:153} INFO - Started process (PID=12500) to work on /Users/miltonvolpato/Git/Alura_Airflow_Oficial/venv/lib/python3.9/site-packages/airflow/example_dags/example_branch_day_of_week_operator.py
[2024-04-02 19:53:45,272] {processor.py:641} INFO - Processing file /Users/miltonvolpato/Git/Alura_Airflow_Oficial/venv/lib/python3.9/site-packages/airflow/example_dags/example_branch_day_of_week_operator.py for tasks to queue
[2024-04-02 19:53:45,273] {logging_mixin.py:115} INFO - [2024-04-02 19:53:45,273] {dagbag.py:507} INFO - Filling up the DagBag from /Users/miltonvolpato/Git/Alura_Airflow_Oficial/venv/lib/python3.9/site-packages/airflow/example_dags/example_branch_day_of_week_operator.py
[2024-04-02 19:53:45,283] {processor.py:651} INFO - DAG(s) dict_keys(['example_weekday_branch_operator']) retrieved from /Users/miltonvolpato/Git/Alura_Airflow_Oficial/venv/lib/python3.9/site-packages/airflow/example_dags/example_branch_day_of_week_operator.py
[2024-04-02 19:53:45,331] {logging_mixin.py:115} INFO - [2024-04-02 19:53:45,331] {dag.py:2379} INFO - Sync 1 DAGs
[2024-04-02 19:53:45,340] {logging_mixin.py:115} INFO - [2024-04-02 19:53:45,340] {dag.py:2927} INFO - Setting next_dagrun for example_weekday_branch_operator to 2024-04-01T00:00:00+00:00, run_after=2024-04-02T00:00:00+00:00
[2024-04-02 19:53:45,347] {processor.py:161} INFO - Processing /Users/miltonvolpato/Git/Alura_Airflow_Oficial/venv/lib/python3.9/site-packages/airflow/example_dags/example_branch_day_of_week_operator.py took 0.075 seconds
[2024-04-02 19:54:40,245] {processor.py:153} INFO - Started process (PID=12606) to work on /Users/miltonvolpato/Git/Alura_Airflow_Oficial/venv/lib/python3.9/site-packages/airflow/example_dags/example_branch_day_of_week_operator.py
[2024-04-02 19:54:40,246] {processor.py:641} INFO - Processing file /Users/miltonvolpato/Git/Alura_Airflow_Oficial/venv/lib/python3.9/site-packages/airflow/example_dags/example_branch_day_of_week_operator.py for tasks to queue
[2024-04-02 19:54:40,246] {logging_mixin.py:115} INFO - [2024-04-02 19:54:40,246] {dagbag.py:507} INFO - Filling up the DagBag from /Users/miltonvolpato/Git/Alura_Airflow_Oficial/venv/lib/python3.9/site-packages/airflow/example_dags/example_branch_day_of_week_operator.py
[2024-04-02 19:54:40,254] {processor.py:651} INFO - DAG(s) dict_keys(['example_weekday_branch_operator']) retrieved from /Users/miltonvolpato/Git/Alura_Airflow_Oficial/venv/lib/python3.9/site-packages/airflow/example_dags/example_branch_day_of_week_operator.py
[2024-04-02 19:54:40,283] {logging_mixin.py:115} INFO - [2024-04-02 19:54:40,283] {dag.py:2379} INFO - Sync 1 DAGs
[2024-04-02 19:54:40,290] {logging_mixin.py:115} INFO - [2024-04-02 19:54:40,290] {dag.py:2927} INFO - Setting next_dagrun for example_weekday_branch_operator to 2024-04-01T00:00:00+00:00, run_after=2024-04-02T00:00:00+00:00
[2024-04-02 19:54:40,295] {processor.py:161} INFO - Processing /Users/miltonvolpato/Git/Alura_Airflow_Oficial/venv/lib/python3.9/site-packages/airflow/example_dags/example_branch_day_of_week_operator.py took 0.051 seconds
[2024-04-02 19:55:36,615] {processor.py:153} INFO - Started process (PID=12681) to work on /Users/miltonvolpato/Git/Alura_Airflow_Oficial/venv/lib/python3.9/site-packages/airflow/example_dags/example_branch_day_of_week_operator.py
[2024-04-02 19:55:36,616] {processor.py:641} INFO - Processing file /Users/miltonvolpato/Git/Alura_Airflow_Oficial/venv/lib/python3.9/site-packages/airflow/example_dags/example_branch_day_of_week_operator.py for tasks to queue
[2024-04-02 19:55:36,616] {logging_mixin.py:115} INFO - [2024-04-02 19:55:36,616] {dagbag.py:507} INFO - Filling up the DagBag from /Users/miltonvolpato/Git/Alura_Airflow_Oficial/venv/lib/python3.9/site-packages/airflow/example_dags/example_branch_day_of_week_operator.py
[2024-04-02 19:55:36,624] {processor.py:651} INFO - DAG(s) dict_keys(['example_weekday_branch_operator']) retrieved from /Users/miltonvolpato/Git/Alura_Airflow_Oficial/venv/lib/python3.9/site-packages/airflow/example_dags/example_branch_day_of_week_operator.py
[2024-04-02 19:55:36,653] {logging_mixin.py:115} INFO - [2024-04-02 19:55:36,653] {dag.py:2379} INFO - Sync 1 DAGs
[2024-04-02 19:55:36,661] {logging_mixin.py:115} INFO - [2024-04-02 19:55:36,661] {dag.py:2927} INFO - Setting next_dagrun for example_weekday_branch_operator to 2024-04-01T00:00:00+00:00, run_after=2024-04-02T00:00:00+00:00
[2024-04-02 19:55:36,666] {processor.py:161} INFO - Processing /Users/miltonvolpato/Git/Alura_Airflow_Oficial/venv/lib/python3.9/site-packages/airflow/example_dags/example_branch_day_of_week_operator.py took 0.051 seconds
[2024-04-02 19:56:29,639] {processor.py:153} INFO - Started process (PID=12772) to work on /Users/miltonvolpato/Git/Alura_Airflow_Oficial/venv/lib/python3.9/site-packages/airflow/example_dags/example_branch_day_of_week_operator.py
[2024-04-02 19:56:29,640] {processor.py:641} INFO - Processing file /Users/miltonvolpato/Git/Alura_Airflow_Oficial/venv/lib/python3.9/site-packages/airflow/example_dags/example_branch_day_of_week_operator.py for tasks to queue
[2024-04-02 19:56:29,640] {logging_mixin.py:115} INFO - [2024-04-02 19:56:29,640] {dagbag.py:507} INFO - Filling up the DagBag from /Users/miltonvolpato/Git/Alura_Airflow_Oficial/venv/lib/python3.9/site-packages/airflow/example_dags/example_branch_day_of_week_operator.py
[2024-04-02 19:56:29,647] {processor.py:651} INFO - DAG(s) dict_keys(['example_weekday_branch_operator']) retrieved from /Users/miltonvolpato/Git/Alura_Airflow_Oficial/venv/lib/python3.9/site-packages/airflow/example_dags/example_branch_day_of_week_operator.py
[2024-04-02 19:56:29,677] {logging_mixin.py:115} INFO - [2024-04-02 19:56:29,677] {dag.py:2379} INFO - Sync 1 DAGs
[2024-04-02 19:56:29,685] {logging_mixin.py:115} INFO - [2024-04-02 19:56:29,685] {dag.py:2927} INFO - Setting next_dagrun for example_weekday_branch_operator to 2024-04-01T00:00:00+00:00, run_after=2024-04-02T00:00:00+00:00
[2024-04-02 19:56:29,690] {processor.py:161} INFO - Processing /Users/miltonvolpato/Git/Alura_Airflow_Oficial/venv/lib/python3.9/site-packages/airflow/example_dags/example_branch_day_of_week_operator.py took 0.051 seconds
[2024-04-02 19:57:24,549] {processor.py:153} INFO - Started process (PID=12829) to work on /Users/miltonvolpato/Git/Alura_Airflow_Oficial/venv/lib/python3.9/site-packages/airflow/example_dags/example_branch_day_of_week_operator.py
[2024-04-02 19:57:24,549] {processor.py:641} INFO - Processing file /Users/miltonvolpato/Git/Alura_Airflow_Oficial/venv/lib/python3.9/site-packages/airflow/example_dags/example_branch_day_of_week_operator.py for tasks to queue
[2024-04-02 19:57:24,549] {logging_mixin.py:115} INFO - [2024-04-02 19:57:24,549] {dagbag.py:507} INFO - Filling up the DagBag from /Users/miltonvolpato/Git/Alura_Airflow_Oficial/venv/lib/python3.9/site-packages/airflow/example_dags/example_branch_day_of_week_operator.py
[2024-04-02 19:57:24,556] {processor.py:651} INFO - DAG(s) dict_keys(['example_weekday_branch_operator']) retrieved from /Users/miltonvolpato/Git/Alura_Airflow_Oficial/venv/lib/python3.9/site-packages/airflow/example_dags/example_branch_day_of_week_operator.py
[2024-04-02 19:57:24,584] {logging_mixin.py:115} INFO - [2024-04-02 19:57:24,584] {dag.py:2379} INFO - Sync 1 DAGs
[2024-04-02 19:57:24,592] {logging_mixin.py:115} INFO - [2024-04-02 19:57:24,592] {dag.py:2927} INFO - Setting next_dagrun for example_weekday_branch_operator to 2024-04-01T00:00:00+00:00, run_after=2024-04-02T00:00:00+00:00
[2024-04-02 19:57:24,597] {processor.py:161} INFO - Processing /Users/miltonvolpato/Git/Alura_Airflow_Oficial/venv/lib/python3.9/site-packages/airflow/example_dags/example_branch_day_of_week_operator.py took 0.048 seconds
[2024-04-02 19:58:12,785] {processor.py:153} INFO - Started process (PID=12871) to work on /Users/miltonvolpato/Git/Alura_Airflow_Oficial/venv/lib/python3.9/site-packages/airflow/example_dags/example_branch_day_of_week_operator.py
[2024-04-02 19:58:12,785] {processor.py:641} INFO - Processing file /Users/miltonvolpato/Git/Alura_Airflow_Oficial/venv/lib/python3.9/site-packages/airflow/example_dags/example_branch_day_of_week_operator.py for tasks to queue
[2024-04-02 19:58:12,785] {logging_mixin.py:115} INFO - [2024-04-02 19:58:12,785] {dagbag.py:507} INFO - Filling up the DagBag from /Users/miltonvolpato/Git/Alura_Airflow_Oficial/venv/lib/python3.9/site-packages/airflow/example_dags/example_branch_day_of_week_operator.py
[2024-04-02 19:58:12,792] {processor.py:651} INFO - DAG(s) dict_keys(['example_weekday_branch_operator']) retrieved from /Users/miltonvolpato/Git/Alura_Airflow_Oficial/venv/lib/python3.9/site-packages/airflow/example_dags/example_branch_day_of_week_operator.py
[2024-04-02 19:58:12,822] {logging_mixin.py:115} INFO - [2024-04-02 19:58:12,822] {dag.py:2379} INFO - Sync 1 DAGs
[2024-04-02 19:58:12,830] {logging_mixin.py:115} INFO - [2024-04-02 19:58:12,830] {dag.py:2927} INFO - Setting next_dagrun for example_weekday_branch_operator to 2024-04-01T00:00:00+00:00, run_after=2024-04-02T00:00:00+00:00
[2024-04-02 19:58:12,836] {processor.py:161} INFO - Processing /Users/miltonvolpato/Git/Alura_Airflow_Oficial/venv/lib/python3.9/site-packages/airflow/example_dags/example_branch_day_of_week_operator.py took 0.051 seconds
[2024-04-02 19:59:10,934] {processor.py:153} INFO - Started process (PID=12922) to work on /Users/miltonvolpato/Git/Alura_Airflow_Oficial/venv/lib/python3.9/site-packages/airflow/example_dags/example_branch_day_of_week_operator.py
[2024-04-02 19:59:10,934] {processor.py:641} INFO - Processing file /Users/miltonvolpato/Git/Alura_Airflow_Oficial/venv/lib/python3.9/site-packages/airflow/example_dags/example_branch_day_of_week_operator.py for tasks to queue
[2024-04-02 19:59:10,935] {logging_mixin.py:115} INFO - [2024-04-02 19:59:10,934] {dagbag.py:507} INFO - Filling up the DagBag from /Users/miltonvolpato/Git/Alura_Airflow_Oficial/venv/lib/python3.9/site-packages/airflow/example_dags/example_branch_day_of_week_operator.py
[2024-04-02 19:59:10,941] {processor.py:651} INFO - DAG(s) dict_keys(['example_weekday_branch_operator']) retrieved from /Users/miltonvolpato/Git/Alura_Airflow_Oficial/venv/lib/python3.9/site-packages/airflow/example_dags/example_branch_day_of_week_operator.py
[2024-04-02 19:59:10,971] {logging_mixin.py:115} INFO - [2024-04-02 19:59:10,971] {dag.py:2379} INFO - Sync 1 DAGs
[2024-04-02 19:59:10,979] {logging_mixin.py:115} INFO - [2024-04-02 19:59:10,979] {dag.py:2927} INFO - Setting next_dagrun for example_weekday_branch_operator to 2024-04-01T00:00:00+00:00, run_after=2024-04-02T00:00:00+00:00
[2024-04-02 19:59:10,984] {processor.py:161} INFO - Processing /Users/miltonvolpato/Git/Alura_Airflow_Oficial/venv/lib/python3.9/site-packages/airflow/example_dags/example_branch_day_of_week_operator.py took 0.050 seconds
[2024-04-02 20:00:07,277] {processor.py:153} INFO - Started process (PID=12970) to work on /Users/miltonvolpato/Git/Alura_Airflow_Oficial/venv/lib/python3.9/site-packages/airflow/example_dags/example_branch_day_of_week_operator.py
[2024-04-02 20:00:07,277] {processor.py:641} INFO - Processing file /Users/miltonvolpato/Git/Alura_Airflow_Oficial/venv/lib/python3.9/site-packages/airflow/example_dags/example_branch_day_of_week_operator.py for tasks to queue
[2024-04-02 20:00:07,277] {logging_mixin.py:115} INFO - [2024-04-02 20:00:07,277] {dagbag.py:507} INFO - Filling up the DagBag from /Users/miltonvolpato/Git/Alura_Airflow_Oficial/venv/lib/python3.9/site-packages/airflow/example_dags/example_branch_day_of_week_operator.py
[2024-04-02 20:00:07,284] {processor.py:651} INFO - DAG(s) dict_keys(['example_weekday_branch_operator']) retrieved from /Users/miltonvolpato/Git/Alura_Airflow_Oficial/venv/lib/python3.9/site-packages/airflow/example_dags/example_branch_day_of_week_operator.py
[2024-04-02 20:00:07,312] {logging_mixin.py:115} INFO - [2024-04-02 20:00:07,312] {dag.py:2379} INFO - Sync 1 DAGs
[2024-04-02 20:00:07,320] {logging_mixin.py:115} INFO - [2024-04-02 20:00:07,320] {dag.py:2927} INFO - Setting next_dagrun for example_weekday_branch_operator to 2024-04-01T00:00:00+00:00, run_after=2024-04-02T00:00:00+00:00
[2024-04-02 20:00:07,324] {processor.py:161} INFO - Processing /Users/miltonvolpato/Git/Alura_Airflow_Oficial/venv/lib/python3.9/site-packages/airflow/example_dags/example_branch_day_of_week_operator.py took 0.047 seconds
[2024-04-02 20:01:00,133] {processor.py:153} INFO - Started process (PID=13021) to work on /Users/miltonvolpato/Git/Alura_Airflow_Oficial/venv/lib/python3.9/site-packages/airflow/example_dags/example_branch_day_of_week_operator.py
[2024-04-02 20:01:00,133] {processor.py:641} INFO - Processing file /Users/miltonvolpato/Git/Alura_Airflow_Oficial/venv/lib/python3.9/site-packages/airflow/example_dags/example_branch_day_of_week_operator.py for tasks to queue
[2024-04-02 20:01:00,133] {logging_mixin.py:115} INFO - [2024-04-02 20:01:00,133] {dagbag.py:507} INFO - Filling up the DagBag from /Users/miltonvolpato/Git/Alura_Airflow_Oficial/venv/lib/python3.9/site-packages/airflow/example_dags/example_branch_day_of_week_operator.py
[2024-04-02 20:01:00,140] {processor.py:651} INFO - DAG(s) dict_keys(['example_weekday_branch_operator']) retrieved from /Users/miltonvolpato/Git/Alura_Airflow_Oficial/venv/lib/python3.9/site-packages/airflow/example_dags/example_branch_day_of_week_operator.py
[2024-04-02 20:01:00,169] {logging_mixin.py:115} INFO - [2024-04-02 20:01:00,169] {dag.py:2379} INFO - Sync 1 DAGs
[2024-04-02 20:01:00,177] {logging_mixin.py:115} INFO - [2024-04-02 20:01:00,177] {dag.py:2927} INFO - Setting next_dagrun for example_weekday_branch_operator to 2024-04-01T00:00:00+00:00, run_after=2024-04-02T00:00:00+00:00
[2024-04-02 20:01:00,182] {processor.py:161} INFO - Processing /Users/miltonvolpato/Git/Alura_Airflow_Oficial/venv/lib/python3.9/site-packages/airflow/example_dags/example_branch_day_of_week_operator.py took 0.049 seconds
