[2024-04-02 19:36:44,671] {processor.py:153} INFO - Started process (PID=11325) to work on /Users/miltonvolpato/Git/Alura_Airflow_Oficial/venv/lib/python3.9/site-packages/airflow/example_dags/example_nested_branch_dag.py
[2024-04-02 19:36:44,671] {processor.py:641} INFO - Processing file /Users/miltonvolpato/Git/Alura_Airflow_Oficial/venv/lib/python3.9/site-packages/airflow/example_dags/example_nested_branch_dag.py for tasks to queue
[2024-04-02 19:36:44,671] {logging_mixin.py:115} INFO - [2024-04-02 19:36:44,671] {dagbag.py:507} INFO - Filling up the DagBag from /Users/miltonvolpato/Git/Alura_Airflow_Oficial/venv/lib/python3.9/site-packages/airflow/example_dags/example_nested_branch_dag.py
[2024-04-02 19:36:44,684] {processor.py:651} INFO - DAG(s) dict_keys(['example_nested_branch_dag']) retrieved from /Users/miltonvolpato/Git/Alura_Airflow_Oficial/venv/lib/python3.9/site-packages/airflow/example_dags/example_nested_branch_dag.py
[2024-04-02 19:36:45,003] {logging_mixin.py:115} INFO - [2024-04-02 19:36:45,003] {manager.py:508} INFO - Created Permission View: can read on DAG:example_nested_branch_dag
[2024-04-02 19:36:45,006] {logging_mixin.py:115} INFO - [2024-04-02 19:36:45,006] {manager.py:508} INFO - Created Permission View: can delete on DAG:example_nested_branch_dag
[2024-04-02 19:36:45,008] {logging_mixin.py:115} INFO - [2024-04-02 19:36:45,008] {manager.py:508} INFO - Created Permission View: can edit on DAG:example_nested_branch_dag
[2024-04-02 19:36:45,008] {logging_mixin.py:115} INFO - [2024-04-02 19:36:45,008] {dag.py:2379} INFO - Sync 1 DAGs
[2024-04-02 19:36:45,011] {logging_mixin.py:115} INFO - [2024-04-02 19:36:45,011] {dag.py:2398} INFO - Creating ORM DAG for example_nested_branch_dag
[2024-04-02 19:36:45,016] {logging_mixin.py:115} INFO - [2024-04-02 19:36:45,016] {dag.py:2927} INFO - Setting next_dagrun for example_nested_branch_dag to 2024-04-01T00:00:00+00:00, run_after=2024-04-02T00:00:00+00:00
[2024-04-02 19:36:45,021] {processor.py:161} INFO - Processing /Users/miltonvolpato/Git/Alura_Airflow_Oficial/venv/lib/python3.9/site-packages/airflow/example_dags/example_nested_branch_dag.py took 0.351 seconds
[2024-04-02 19:37:36,143] {processor.py:153} INFO - Started process (PID=11413) to work on /Users/miltonvolpato/Git/Alura_Airflow_Oficial/venv/lib/python3.9/site-packages/airflow/example_dags/example_nested_branch_dag.py
[2024-04-02 19:37:36,143] {processor.py:641} INFO - Processing file /Users/miltonvolpato/Git/Alura_Airflow_Oficial/venv/lib/python3.9/site-packages/airflow/example_dags/example_nested_branch_dag.py for tasks to queue
[2024-04-02 19:37:36,143] {logging_mixin.py:115} INFO - [2024-04-02 19:37:36,143] {dagbag.py:507} INFO - Filling up the DagBag from /Users/miltonvolpato/Git/Alura_Airflow_Oficial/venv/lib/python3.9/site-packages/airflow/example_dags/example_nested_branch_dag.py
[2024-04-02 19:37:36,156] {processor.py:651} INFO - DAG(s) dict_keys(['example_nested_branch_dag']) retrieved from /Users/miltonvolpato/Git/Alura_Airflow_Oficial/venv/lib/python3.9/site-packages/airflow/example_dags/example_nested_branch_dag.py
[2024-04-02 19:37:36,187] {logging_mixin.py:115} INFO - [2024-04-02 19:37:36,187] {dag.py:2379} INFO - Sync 1 DAGs
[2024-04-02 19:37:36,194] {logging_mixin.py:115} INFO - [2024-04-02 19:37:36,194] {dag.py:2927} INFO - Setting next_dagrun for example_nested_branch_dag to 2024-04-01T00:00:00+00:00, run_after=2024-04-02T00:00:00+00:00
[2024-04-02 19:37:36,199] {processor.py:161} INFO - Processing /Users/miltonvolpato/Git/Alura_Airflow_Oficial/venv/lib/python3.9/site-packages/airflow/example_dags/example_nested_branch_dag.py took 0.057 seconds
[2024-04-02 19:38:22,966] {processor.py:153} INFO - Started process (PID=11494) to work on /Users/miltonvolpato/Git/Alura_Airflow_Oficial/venv/lib/python3.9/site-packages/airflow/example_dags/example_nested_branch_dag.py
[2024-04-02 19:38:22,966] {processor.py:641} INFO - Processing file /Users/miltonvolpato/Git/Alura_Airflow_Oficial/venv/lib/python3.9/site-packages/airflow/example_dags/example_nested_branch_dag.py for tasks to queue
[2024-04-02 19:38:22,967] {logging_mixin.py:115} INFO - [2024-04-02 19:38:22,967] {dagbag.py:507} INFO - Filling up the DagBag from /Users/miltonvolpato/Git/Alura_Airflow_Oficial/venv/lib/python3.9/site-packages/airflow/example_dags/example_nested_branch_dag.py
[2024-04-02 19:38:22,979] {processor.py:651} INFO - DAG(s) dict_keys(['example_nested_branch_dag']) retrieved from /Users/miltonvolpato/Git/Alura_Airflow_Oficial/venv/lib/python3.9/site-packages/airflow/example_dags/example_nested_branch_dag.py
[2024-04-02 19:38:23,008] {logging_mixin.py:115} INFO - [2024-04-02 19:38:23,007] {dag.py:2379} INFO - Sync 1 DAGs
[2024-04-02 19:38:23,014] {logging_mixin.py:115} INFO - [2024-04-02 19:38:23,014] {dag.py:2927} INFO - Setting next_dagrun for example_nested_branch_dag to 2024-04-01T00:00:00+00:00, run_after=2024-04-02T00:00:00+00:00
[2024-04-02 19:38:23,020] {processor.py:161} INFO - Processing /Users/miltonvolpato/Git/Alura_Airflow_Oficial/venv/lib/python3.9/site-packages/airflow/example_dags/example_nested_branch_dag.py took 0.054 seconds
[2024-04-02 19:39:12,616] {processor.py:153} INFO - Started process (PID=11549) to work on /Users/miltonvolpato/Git/Alura_Airflow_Oficial/venv/lib/python3.9/site-packages/airflow/example_dags/example_nested_branch_dag.py
[2024-04-02 19:39:12,616] {processor.py:641} INFO - Processing file /Users/miltonvolpato/Git/Alura_Airflow_Oficial/venv/lib/python3.9/site-packages/airflow/example_dags/example_nested_branch_dag.py for tasks to queue
[2024-04-02 19:39:12,616] {logging_mixin.py:115} INFO - [2024-04-02 19:39:12,616] {dagbag.py:507} INFO - Filling up the DagBag from /Users/miltonvolpato/Git/Alura_Airflow_Oficial/venv/lib/python3.9/site-packages/airflow/example_dags/example_nested_branch_dag.py
[2024-04-02 19:39:12,628] {processor.py:651} INFO - DAG(s) dict_keys(['example_nested_branch_dag']) retrieved from /Users/miltonvolpato/Git/Alura_Airflow_Oficial/venv/lib/python3.9/site-packages/airflow/example_dags/example_nested_branch_dag.py
[2024-04-02 19:39:12,657] {logging_mixin.py:115} INFO - [2024-04-02 19:39:12,657] {dag.py:2379} INFO - Sync 1 DAGs
[2024-04-02 19:39:12,664] {logging_mixin.py:115} INFO - [2024-04-02 19:39:12,664] {dag.py:2927} INFO - Setting next_dagrun for example_nested_branch_dag to 2024-04-01T00:00:00+00:00, run_after=2024-04-02T00:00:00+00:00
[2024-04-02 19:39:12,669] {processor.py:161} INFO - Processing /Users/miltonvolpato/Git/Alura_Airflow_Oficial/venv/lib/python3.9/site-packages/airflow/example_dags/example_nested_branch_dag.py took 0.054 seconds
[2024-04-02 19:39:59,959] {processor.py:153} INFO - Started process (PID=11587) to work on /Users/miltonvolpato/Git/Alura_Airflow_Oficial/venv/lib/python3.9/site-packages/airflow/example_dags/example_nested_branch_dag.py
[2024-04-02 19:39:59,959] {processor.py:641} INFO - Processing file /Users/miltonvolpato/Git/Alura_Airflow_Oficial/venv/lib/python3.9/site-packages/airflow/example_dags/example_nested_branch_dag.py for tasks to queue
[2024-04-02 19:39:59,959] {logging_mixin.py:115} INFO - [2024-04-02 19:39:59,959] {dagbag.py:507} INFO - Filling up the DagBag from /Users/miltonvolpato/Git/Alura_Airflow_Oficial/venv/lib/python3.9/site-packages/airflow/example_dags/example_nested_branch_dag.py
[2024-04-02 19:39:59,972] {processor.py:651} INFO - DAG(s) dict_keys(['example_nested_branch_dag']) retrieved from /Users/miltonvolpato/Git/Alura_Airflow_Oficial/venv/lib/python3.9/site-packages/airflow/example_dags/example_nested_branch_dag.py
[2024-04-02 19:40:00,000] {logging_mixin.py:115} INFO - [2024-04-02 19:40:00,000] {dag.py:2379} INFO - Sync 1 DAGs
[2024-04-02 19:40:00,007] {logging_mixin.py:115} INFO - [2024-04-02 19:40:00,007] {dag.py:2927} INFO - Setting next_dagrun for example_nested_branch_dag to 2024-04-01T00:00:00+00:00, run_after=2024-04-02T00:00:00+00:00
[2024-04-02 19:40:00,012] {processor.py:161} INFO - Processing /Users/miltonvolpato/Git/Alura_Airflow_Oficial/venv/lib/python3.9/site-packages/airflow/example_dags/example_nested_branch_dag.py took 0.053 seconds
[2024-04-02 19:40:52,603] {processor.py:153} INFO - Started process (PID=11638) to work on /Users/miltonvolpato/Git/Alura_Airflow_Oficial/venv/lib/python3.9/site-packages/airflow/example_dags/example_nested_branch_dag.py
[2024-04-02 19:40:52,603] {processor.py:641} INFO - Processing file /Users/miltonvolpato/Git/Alura_Airflow_Oficial/venv/lib/python3.9/site-packages/airflow/example_dags/example_nested_branch_dag.py for tasks to queue
[2024-04-02 19:40:52,603] {logging_mixin.py:115} INFO - [2024-04-02 19:40:52,603] {dagbag.py:507} INFO - Filling up the DagBag from /Users/miltonvolpato/Git/Alura_Airflow_Oficial/venv/lib/python3.9/site-packages/airflow/example_dags/example_nested_branch_dag.py
[2024-04-02 19:40:52,615] {processor.py:651} INFO - DAG(s) dict_keys(['example_nested_branch_dag']) retrieved from /Users/miltonvolpato/Git/Alura_Airflow_Oficial/venv/lib/python3.9/site-packages/airflow/example_dags/example_nested_branch_dag.py
[2024-04-02 19:40:52,644] {logging_mixin.py:115} INFO - [2024-04-02 19:40:52,644] {dag.py:2379} INFO - Sync 1 DAGs
[2024-04-02 19:40:52,651] {logging_mixin.py:115} INFO - [2024-04-02 19:40:52,651] {dag.py:2927} INFO - Setting next_dagrun for example_nested_branch_dag to 2024-04-01T00:00:00+00:00, run_after=2024-04-02T00:00:00+00:00
[2024-04-02 19:40:52,655] {processor.py:161} INFO - Processing /Users/miltonvolpato/Git/Alura_Airflow_Oficial/venv/lib/python3.9/site-packages/airflow/example_dags/example_nested_branch_dag.py took 0.053 seconds
[2024-04-02 19:41:46,518] {processor.py:153} INFO - Started process (PID=11688) to work on /Users/miltonvolpato/Git/Alura_Airflow_Oficial/venv/lib/python3.9/site-packages/airflow/example_dags/example_nested_branch_dag.py
[2024-04-02 19:41:46,518] {processor.py:641} INFO - Processing file /Users/miltonvolpato/Git/Alura_Airflow_Oficial/venv/lib/python3.9/site-packages/airflow/example_dags/example_nested_branch_dag.py for tasks to queue
[2024-04-02 19:41:46,518] {logging_mixin.py:115} INFO - [2024-04-02 19:41:46,518] {dagbag.py:507} INFO - Filling up the DagBag from /Users/miltonvolpato/Git/Alura_Airflow_Oficial/venv/lib/python3.9/site-packages/airflow/example_dags/example_nested_branch_dag.py
[2024-04-02 19:41:46,531] {processor.py:651} INFO - DAG(s) dict_keys(['example_nested_branch_dag']) retrieved from /Users/miltonvolpato/Git/Alura_Airflow_Oficial/venv/lib/python3.9/site-packages/airflow/example_dags/example_nested_branch_dag.py
[2024-04-02 19:41:46,560] {logging_mixin.py:115} INFO - [2024-04-02 19:41:46,560] {dag.py:2379} INFO - Sync 1 DAGs
[2024-04-02 19:41:46,567] {logging_mixin.py:115} INFO - [2024-04-02 19:41:46,567] {dag.py:2927} INFO - Setting next_dagrun for example_nested_branch_dag to 2024-04-01T00:00:00+00:00, run_after=2024-04-02T00:00:00+00:00
[2024-04-02 19:41:46,572] {processor.py:161} INFO - Processing /Users/miltonvolpato/Git/Alura_Airflow_Oficial/venv/lib/python3.9/site-packages/airflow/example_dags/example_nested_branch_dag.py took 0.054 seconds
[2024-04-02 19:42:40,523] {processor.py:153} INFO - Started process (PID=11738) to work on /Users/miltonvolpato/Git/Alura_Airflow_Oficial/venv/lib/python3.9/site-packages/airflow/example_dags/example_nested_branch_dag.py
[2024-04-02 19:42:40,523] {processor.py:641} INFO - Processing file /Users/miltonvolpato/Git/Alura_Airflow_Oficial/venv/lib/python3.9/site-packages/airflow/example_dags/example_nested_branch_dag.py for tasks to queue
[2024-04-02 19:42:40,523] {logging_mixin.py:115} INFO - [2024-04-02 19:42:40,523] {dagbag.py:507} INFO - Filling up the DagBag from /Users/miltonvolpato/Git/Alura_Airflow_Oficial/venv/lib/python3.9/site-packages/airflow/example_dags/example_nested_branch_dag.py
[2024-04-02 19:42:40,535] {processor.py:651} INFO - DAG(s) dict_keys(['example_nested_branch_dag']) retrieved from /Users/miltonvolpato/Git/Alura_Airflow_Oficial/venv/lib/python3.9/site-packages/airflow/example_dags/example_nested_branch_dag.py
[2024-04-02 19:42:40,564] {logging_mixin.py:115} INFO - [2024-04-02 19:42:40,564] {dag.py:2379} INFO - Sync 1 DAGs
[2024-04-02 19:42:40,573] {logging_mixin.py:115} INFO - [2024-04-02 19:42:40,573] {dag.py:2927} INFO - Setting next_dagrun for example_nested_branch_dag to 2024-04-01T00:00:00+00:00, run_after=2024-04-02T00:00:00+00:00
[2024-04-02 19:42:40,578] {processor.py:161} INFO - Processing /Users/miltonvolpato/Git/Alura_Airflow_Oficial/venv/lib/python3.9/site-packages/airflow/example_dags/example_nested_branch_dag.py took 0.055 seconds
[2024-04-02 19:43:29,677] {processor.py:153} INFO - Started process (PID=11783) to work on /Users/miltonvolpato/Git/Alura_Airflow_Oficial/venv/lib/python3.9/site-packages/airflow/example_dags/example_nested_branch_dag.py
[2024-04-02 19:43:29,678] {processor.py:641} INFO - Processing file /Users/miltonvolpato/Git/Alura_Airflow_Oficial/venv/lib/python3.9/site-packages/airflow/example_dags/example_nested_branch_dag.py for tasks to queue
[2024-04-02 19:43:29,678] {logging_mixin.py:115} INFO - [2024-04-02 19:43:29,678] {dagbag.py:507} INFO - Filling up the DagBag from /Users/miltonvolpato/Git/Alura_Airflow_Oficial/venv/lib/python3.9/site-packages/airflow/example_dags/example_nested_branch_dag.py
[2024-04-02 19:43:29,690] {processor.py:651} INFO - DAG(s) dict_keys(['example_nested_branch_dag']) retrieved from /Users/miltonvolpato/Git/Alura_Airflow_Oficial/venv/lib/python3.9/site-packages/airflow/example_dags/example_nested_branch_dag.py
[2024-04-02 19:43:29,720] {logging_mixin.py:115} INFO - [2024-04-02 19:43:29,720] {dag.py:2379} INFO - Sync 1 DAGs
[2024-04-02 19:43:29,727] {logging_mixin.py:115} INFO - [2024-04-02 19:43:29,727] {dag.py:2927} INFO - Setting next_dagrun for example_nested_branch_dag to 2024-04-01T00:00:00+00:00, run_after=2024-04-02T00:00:00+00:00
[2024-04-02 19:43:29,732] {processor.py:161} INFO - Processing /Users/miltonvolpato/Git/Alura_Airflow_Oficial/venv/lib/python3.9/site-packages/airflow/example_dags/example_nested_branch_dag.py took 0.055 seconds
[2024-04-02 19:44:24,941] {processor.py:153} INFO - Started process (PID=11849) to work on /Users/miltonvolpato/Git/Alura_Airflow_Oficial/venv/lib/python3.9/site-packages/airflow/example_dags/example_nested_branch_dag.py
[2024-04-02 19:44:24,942] {processor.py:641} INFO - Processing file /Users/miltonvolpato/Git/Alura_Airflow_Oficial/venv/lib/python3.9/site-packages/airflow/example_dags/example_nested_branch_dag.py for tasks to queue
[2024-04-02 19:44:24,942] {logging_mixin.py:115} INFO - [2024-04-02 19:44:24,942] {dagbag.py:507} INFO - Filling up the DagBag from /Users/miltonvolpato/Git/Alura_Airflow_Oficial/venv/lib/python3.9/site-packages/airflow/example_dags/example_nested_branch_dag.py
[2024-04-02 19:44:24,954] {processor.py:651} INFO - DAG(s) dict_keys(['example_nested_branch_dag']) retrieved from /Users/miltonvolpato/Git/Alura_Airflow_Oficial/venv/lib/python3.9/site-packages/airflow/example_dags/example_nested_branch_dag.py
[2024-04-02 19:44:24,984] {logging_mixin.py:115} INFO - [2024-04-02 19:44:24,983] {dag.py:2379} INFO - Sync 1 DAGs
[2024-04-02 19:44:24,991] {logging_mixin.py:115} INFO - [2024-04-02 19:44:24,991] {dag.py:2927} INFO - Setting next_dagrun for example_nested_branch_dag to 2024-04-01T00:00:00+00:00, run_after=2024-04-02T00:00:00+00:00
[2024-04-02 19:44:24,996] {processor.py:161} INFO - Processing /Users/miltonvolpato/Git/Alura_Airflow_Oficial/venv/lib/python3.9/site-packages/airflow/example_dags/example_nested_branch_dag.py took 0.055 seconds
[2024-04-02 19:45:16,400] {processor.py:153} INFO - Started process (PID=11911) to work on /Users/miltonvolpato/Git/Alura_Airflow_Oficial/venv/lib/python3.9/site-packages/airflow/example_dags/example_nested_branch_dag.py
[2024-04-02 19:45:16,400] {processor.py:641} INFO - Processing file /Users/miltonvolpato/Git/Alura_Airflow_Oficial/venv/lib/python3.9/site-packages/airflow/example_dags/example_nested_branch_dag.py for tasks to queue
[2024-04-02 19:45:16,400] {logging_mixin.py:115} INFO - [2024-04-02 19:45:16,400] {dagbag.py:507} INFO - Filling up the DagBag from /Users/miltonvolpato/Git/Alura_Airflow_Oficial/venv/lib/python3.9/site-packages/airflow/example_dags/example_nested_branch_dag.py
[2024-04-02 19:45:16,413] {processor.py:651} INFO - DAG(s) dict_keys(['example_nested_branch_dag']) retrieved from /Users/miltonvolpato/Git/Alura_Airflow_Oficial/venv/lib/python3.9/site-packages/airflow/example_dags/example_nested_branch_dag.py
[2024-04-02 19:45:16,443] {logging_mixin.py:115} INFO - [2024-04-02 19:45:16,443] {dag.py:2379} INFO - Sync 1 DAGs
[2024-04-02 19:45:16,450] {logging_mixin.py:115} INFO - [2024-04-02 19:45:16,450] {dag.py:2927} INFO - Setting next_dagrun for example_nested_branch_dag to 2024-04-01T00:00:00+00:00, run_after=2024-04-02T00:00:00+00:00
[2024-04-02 19:45:16,455] {processor.py:161} INFO - Processing /Users/miltonvolpato/Git/Alura_Airflow_Oficial/venv/lib/python3.9/site-packages/airflow/example_dags/example_nested_branch_dag.py took 0.055 seconds
[2024-04-02 19:46:05,665] {processor.py:153} INFO - Started process (PID=11967) to work on /Users/miltonvolpato/Git/Alura_Airflow_Oficial/venv/lib/python3.9/site-packages/airflow/example_dags/example_nested_branch_dag.py
[2024-04-02 19:46:05,665] {processor.py:641} INFO - Processing file /Users/miltonvolpato/Git/Alura_Airflow_Oficial/venv/lib/python3.9/site-packages/airflow/example_dags/example_nested_branch_dag.py for tasks to queue
[2024-04-02 19:46:05,665] {logging_mixin.py:115} INFO - [2024-04-02 19:46:05,665] {dagbag.py:507} INFO - Filling up the DagBag from /Users/miltonvolpato/Git/Alura_Airflow_Oficial/venv/lib/python3.9/site-packages/airflow/example_dags/example_nested_branch_dag.py
[2024-04-02 19:46:05,677] {processor.py:651} INFO - DAG(s) dict_keys(['example_nested_branch_dag']) retrieved from /Users/miltonvolpato/Git/Alura_Airflow_Oficial/venv/lib/python3.9/site-packages/airflow/example_dags/example_nested_branch_dag.py
[2024-04-02 19:46:05,707] {logging_mixin.py:115} INFO - [2024-04-02 19:46:05,706] {dag.py:2379} INFO - Sync 1 DAGs
[2024-04-02 19:46:05,714] {logging_mixin.py:115} INFO - [2024-04-02 19:46:05,714] {dag.py:2927} INFO - Setting next_dagrun for example_nested_branch_dag to 2024-04-01T00:00:00+00:00, run_after=2024-04-02T00:00:00+00:00
[2024-04-02 19:46:05,719] {processor.py:161} INFO - Processing /Users/miltonvolpato/Git/Alura_Airflow_Oficial/venv/lib/python3.9/site-packages/airflow/example_dags/example_nested_branch_dag.py took 0.054 seconds
[2024-04-02 19:46:59,755] {processor.py:153} INFO - Started process (PID=12045) to work on /Users/miltonvolpato/Git/Alura_Airflow_Oficial/venv/lib/python3.9/site-packages/airflow/example_dags/example_nested_branch_dag.py
[2024-04-02 19:46:59,756] {processor.py:641} INFO - Processing file /Users/miltonvolpato/Git/Alura_Airflow_Oficial/venv/lib/python3.9/site-packages/airflow/example_dags/example_nested_branch_dag.py for tasks to queue
[2024-04-02 19:46:59,756] {logging_mixin.py:115} INFO - [2024-04-02 19:46:59,756] {dagbag.py:507} INFO - Filling up the DagBag from /Users/miltonvolpato/Git/Alura_Airflow_Oficial/venv/lib/python3.9/site-packages/airflow/example_dags/example_nested_branch_dag.py
[2024-04-02 19:46:59,768] {processor.py:651} INFO - DAG(s) dict_keys(['example_nested_branch_dag']) retrieved from /Users/miltonvolpato/Git/Alura_Airflow_Oficial/venv/lib/python3.9/site-packages/airflow/example_dags/example_nested_branch_dag.py
[2024-04-02 19:46:59,798] {logging_mixin.py:115} INFO - [2024-04-02 19:46:59,798] {dag.py:2379} INFO - Sync 1 DAGs
[2024-04-02 19:46:59,805] {logging_mixin.py:115} INFO - [2024-04-02 19:46:59,805] {dag.py:2927} INFO - Setting next_dagrun for example_nested_branch_dag to 2024-04-01T00:00:00+00:00, run_after=2024-04-02T00:00:00+00:00
[2024-04-02 19:46:59,809] {processor.py:161} INFO - Processing /Users/miltonvolpato/Git/Alura_Airflow_Oficial/venv/lib/python3.9/site-packages/airflow/example_dags/example_nested_branch_dag.py took 0.055 seconds
[2024-04-02 19:47:51,898] {processor.py:153} INFO - Started process (PID=12116) to work on /Users/miltonvolpato/Git/Alura_Airflow_Oficial/venv/lib/python3.9/site-packages/airflow/example_dags/example_nested_branch_dag.py
[2024-04-02 19:47:51,898] {processor.py:641} INFO - Processing file /Users/miltonvolpato/Git/Alura_Airflow_Oficial/venv/lib/python3.9/site-packages/airflow/example_dags/example_nested_branch_dag.py for tasks to queue
[2024-04-02 19:47:51,898] {logging_mixin.py:115} INFO - [2024-04-02 19:47:51,898] {dagbag.py:507} INFO - Filling up the DagBag from /Users/miltonvolpato/Git/Alura_Airflow_Oficial/venv/lib/python3.9/site-packages/airflow/example_dags/example_nested_branch_dag.py
[2024-04-02 19:47:51,910] {processor.py:651} INFO - DAG(s) dict_keys(['example_nested_branch_dag']) retrieved from /Users/miltonvolpato/Git/Alura_Airflow_Oficial/venv/lib/python3.9/site-packages/airflow/example_dags/example_nested_branch_dag.py
[2024-04-02 19:47:51,939] {logging_mixin.py:115} INFO - [2024-04-02 19:47:51,939] {dag.py:2379} INFO - Sync 1 DAGs
[2024-04-02 19:47:51,947] {logging_mixin.py:115} INFO - [2024-04-02 19:47:51,947] {dag.py:2927} INFO - Setting next_dagrun for example_nested_branch_dag to 2024-04-01T00:00:00+00:00, run_after=2024-04-02T00:00:00+00:00
[2024-04-02 19:47:51,952] {processor.py:161} INFO - Processing /Users/miltonvolpato/Git/Alura_Airflow_Oficial/venv/lib/python3.9/site-packages/airflow/example_dags/example_nested_branch_dag.py took 0.054 seconds
[2024-04-02 19:48:36,540] {processor.py:153} INFO - Started process (PID=12160) to work on /Users/miltonvolpato/Git/Alura_Airflow_Oficial/venv/lib/python3.9/site-packages/airflow/example_dags/example_nested_branch_dag.py
[2024-04-02 19:48:36,540] {processor.py:641} INFO - Processing file /Users/miltonvolpato/Git/Alura_Airflow_Oficial/venv/lib/python3.9/site-packages/airflow/example_dags/example_nested_branch_dag.py for tasks to queue
[2024-04-02 19:48:36,540] {logging_mixin.py:115} INFO - [2024-04-02 19:48:36,540] {dagbag.py:507} INFO - Filling up the DagBag from /Users/miltonvolpato/Git/Alura_Airflow_Oficial/venv/lib/python3.9/site-packages/airflow/example_dags/example_nested_branch_dag.py
[2024-04-02 19:48:36,553] {processor.py:651} INFO - DAG(s) dict_keys(['example_nested_branch_dag']) retrieved from /Users/miltonvolpato/Git/Alura_Airflow_Oficial/venv/lib/python3.9/site-packages/airflow/example_dags/example_nested_branch_dag.py
[2024-04-02 19:48:36,582] {logging_mixin.py:115} INFO - [2024-04-02 19:48:36,582] {dag.py:2379} INFO - Sync 1 DAGs
[2024-04-02 19:48:36,590] {logging_mixin.py:115} INFO - [2024-04-02 19:48:36,590] {dag.py:2927} INFO - Setting next_dagrun for example_nested_branch_dag to 2024-04-01T00:00:00+00:00, run_after=2024-04-02T00:00:00+00:00
[2024-04-02 19:48:36,595] {processor.py:161} INFO - Processing /Users/miltonvolpato/Git/Alura_Airflow_Oficial/venv/lib/python3.9/site-packages/airflow/example_dags/example_nested_branch_dag.py took 0.055 seconds
[2024-04-02 19:49:27,139] {processor.py:153} INFO - Started process (PID=12224) to work on /Users/miltonvolpato/Git/Alura_Airflow_Oficial/venv/lib/python3.9/site-packages/airflow/example_dags/example_nested_branch_dag.py
[2024-04-02 19:49:27,140] {processor.py:641} INFO - Processing file /Users/miltonvolpato/Git/Alura_Airflow_Oficial/venv/lib/python3.9/site-packages/airflow/example_dags/example_nested_branch_dag.py for tasks to queue
[2024-04-02 19:49:27,140] {logging_mixin.py:115} INFO - [2024-04-02 19:49:27,140] {dagbag.py:507} INFO - Filling up the DagBag from /Users/miltonvolpato/Git/Alura_Airflow_Oficial/venv/lib/python3.9/site-packages/airflow/example_dags/example_nested_branch_dag.py
[2024-04-02 19:49:27,153] {processor.py:651} INFO - DAG(s) dict_keys(['example_nested_branch_dag']) retrieved from /Users/miltonvolpato/Git/Alura_Airflow_Oficial/venv/lib/python3.9/site-packages/airflow/example_dags/example_nested_branch_dag.py
[2024-04-02 19:49:27,182] {logging_mixin.py:115} INFO - [2024-04-02 19:49:27,182] {dag.py:2379} INFO - Sync 1 DAGs
[2024-04-02 19:49:27,189] {logging_mixin.py:115} INFO - [2024-04-02 19:49:27,189] {dag.py:2927} INFO - Setting next_dagrun for example_nested_branch_dag to 2024-04-01T00:00:00+00:00, run_after=2024-04-02T00:00:00+00:00
[2024-04-02 19:49:27,194] {processor.py:161} INFO - Processing /Users/miltonvolpato/Git/Alura_Airflow_Oficial/venv/lib/python3.9/site-packages/airflow/example_dags/example_nested_branch_dag.py took 0.055 seconds
[2024-04-02 19:50:21,012] {processor.py:153} INFO - Started process (PID=12270) to work on /Users/miltonvolpato/Git/Alura_Airflow_Oficial/venv/lib/python3.9/site-packages/airflow/example_dags/example_nested_branch_dag.py
[2024-04-02 19:50:21,013] {processor.py:641} INFO - Processing file /Users/miltonvolpato/Git/Alura_Airflow_Oficial/venv/lib/python3.9/site-packages/airflow/example_dags/example_nested_branch_dag.py for tasks to queue
[2024-04-02 19:50:21,013] {logging_mixin.py:115} INFO - [2024-04-02 19:50:21,013] {dagbag.py:507} INFO - Filling up the DagBag from /Users/miltonvolpato/Git/Alura_Airflow_Oficial/venv/lib/python3.9/site-packages/airflow/example_dags/example_nested_branch_dag.py
[2024-04-02 19:50:21,026] {processor.py:651} INFO - DAG(s) dict_keys(['example_nested_branch_dag']) retrieved from /Users/miltonvolpato/Git/Alura_Airflow_Oficial/venv/lib/python3.9/site-packages/airflow/example_dags/example_nested_branch_dag.py
[2024-04-02 19:50:21,054] {logging_mixin.py:115} INFO - [2024-04-02 19:50:21,054] {dag.py:2379} INFO - Sync 1 DAGs
[2024-04-02 19:50:21,062] {logging_mixin.py:115} INFO - [2024-04-02 19:50:21,061] {dag.py:2927} INFO - Setting next_dagrun for example_nested_branch_dag to 2024-04-01T00:00:00+00:00, run_after=2024-04-02T00:00:00+00:00
[2024-04-02 19:50:21,066] {processor.py:161} INFO - Processing /Users/miltonvolpato/Git/Alura_Airflow_Oficial/venv/lib/python3.9/site-packages/airflow/example_dags/example_nested_branch_dag.py took 0.055 seconds
[2024-04-02 19:51:12,643] {processor.py:153} INFO - Started process (PID=12316) to work on /Users/miltonvolpato/Git/Alura_Airflow_Oficial/venv/lib/python3.9/site-packages/airflow/example_dags/example_nested_branch_dag.py
[2024-04-02 19:51:12,644] {processor.py:641} INFO - Processing file /Users/miltonvolpato/Git/Alura_Airflow_Oficial/venv/lib/python3.9/site-packages/airflow/example_dags/example_nested_branch_dag.py for tasks to queue
[2024-04-02 19:51:12,644] {logging_mixin.py:115} INFO - [2024-04-02 19:51:12,644] {dagbag.py:507} INFO - Filling up the DagBag from /Users/miltonvolpato/Git/Alura_Airflow_Oficial/venv/lib/python3.9/site-packages/airflow/example_dags/example_nested_branch_dag.py
[2024-04-02 19:51:12,658] {processor.py:651} INFO - DAG(s) dict_keys(['example_nested_branch_dag']) retrieved from /Users/miltonvolpato/Git/Alura_Airflow_Oficial/venv/lib/python3.9/site-packages/airflow/example_dags/example_nested_branch_dag.py
[2024-04-02 19:51:12,689] {logging_mixin.py:115} INFO - [2024-04-02 19:51:12,689] {dag.py:2379} INFO - Sync 1 DAGs
[2024-04-02 19:51:12,697] {logging_mixin.py:115} INFO - [2024-04-02 19:51:12,697] {dag.py:2927} INFO - Setting next_dagrun for example_nested_branch_dag to 2024-04-01T00:00:00+00:00, run_after=2024-04-02T00:00:00+00:00
[2024-04-02 19:51:12,702] {processor.py:161} INFO - Processing /Users/miltonvolpato/Git/Alura_Airflow_Oficial/venv/lib/python3.9/site-packages/airflow/example_dags/example_nested_branch_dag.py took 0.060 seconds
[2024-04-02 19:52:08,239] {processor.py:153} INFO - Started process (PID=12376) to work on /Users/miltonvolpato/Git/Alura_Airflow_Oficial/venv/lib/python3.9/site-packages/airflow/example_dags/example_nested_branch_dag.py
[2024-04-02 19:52:08,240] {processor.py:641} INFO - Processing file /Users/miltonvolpato/Git/Alura_Airflow_Oficial/venv/lib/python3.9/site-packages/airflow/example_dags/example_nested_branch_dag.py for tasks to queue
[2024-04-02 19:52:08,240] {logging_mixin.py:115} INFO - [2024-04-02 19:52:08,240] {dagbag.py:507} INFO - Filling up the DagBag from /Users/miltonvolpato/Git/Alura_Airflow_Oficial/venv/lib/python3.9/site-packages/airflow/example_dags/example_nested_branch_dag.py
[2024-04-02 19:52:08,252] {processor.py:651} INFO - DAG(s) dict_keys(['example_nested_branch_dag']) retrieved from /Users/miltonvolpato/Git/Alura_Airflow_Oficial/venv/lib/python3.9/site-packages/airflow/example_dags/example_nested_branch_dag.py
[2024-04-02 19:52:08,281] {logging_mixin.py:115} INFO - [2024-04-02 19:52:08,281] {dag.py:2379} INFO - Sync 1 DAGs
[2024-04-02 19:52:08,289] {logging_mixin.py:115} INFO - [2024-04-02 19:52:08,289] {dag.py:2927} INFO - Setting next_dagrun for example_nested_branch_dag to 2024-04-01T00:00:00+00:00, run_after=2024-04-02T00:00:00+00:00
[2024-04-02 19:52:08,293] {processor.py:161} INFO - Processing /Users/miltonvolpato/Git/Alura_Airflow_Oficial/venv/lib/python3.9/site-packages/airflow/example_dags/example_nested_branch_dag.py took 0.055 seconds
[2024-04-02 19:53:05,803] {processor.py:153} INFO - Started process (PID=12423) to work on /Users/miltonvolpato/Git/Alura_Airflow_Oficial/venv/lib/python3.9/site-packages/airflow/example_dags/example_nested_branch_dag.py
[2024-04-02 19:53:05,804] {processor.py:641} INFO - Processing file /Users/miltonvolpato/Git/Alura_Airflow_Oficial/venv/lib/python3.9/site-packages/airflow/example_dags/example_nested_branch_dag.py for tasks to queue
[2024-04-02 19:53:05,804] {logging_mixin.py:115} INFO - [2024-04-02 19:53:05,804] {dagbag.py:507} INFO - Filling up the DagBag from /Users/miltonvolpato/Git/Alura_Airflow_Oficial/venv/lib/python3.9/site-packages/airflow/example_dags/example_nested_branch_dag.py
[2024-04-02 19:53:05,817] {processor.py:651} INFO - DAG(s) dict_keys(['example_nested_branch_dag']) retrieved from /Users/miltonvolpato/Git/Alura_Airflow_Oficial/venv/lib/python3.9/site-packages/airflow/example_dags/example_nested_branch_dag.py
[2024-04-02 19:53:05,849] {logging_mixin.py:115} INFO - [2024-04-02 19:53:05,849] {dag.py:2379} INFO - Sync 1 DAGs
[2024-04-02 19:53:05,856] {logging_mixin.py:115} INFO - [2024-04-02 19:53:05,856] {dag.py:2927} INFO - Setting next_dagrun for example_nested_branch_dag to 2024-04-01T00:00:00+00:00, run_after=2024-04-02T00:00:00+00:00
[2024-04-02 19:53:05,862] {processor.py:161} INFO - Processing /Users/miltonvolpato/Git/Alura_Airflow_Oficial/venv/lib/python3.9/site-packages/airflow/example_dags/example_nested_branch_dag.py took 0.059 seconds
[2024-04-02 19:54:01,315] {processor.py:153} INFO - Started process (PID=12530) to work on /Users/miltonvolpato/Git/Alura_Airflow_Oficial/venv/lib/python3.9/site-packages/airflow/example_dags/example_nested_branch_dag.py
[2024-04-02 19:54:01,316] {processor.py:641} INFO - Processing file /Users/miltonvolpato/Git/Alura_Airflow_Oficial/venv/lib/python3.9/site-packages/airflow/example_dags/example_nested_branch_dag.py for tasks to queue
[2024-04-02 19:54:01,316] {logging_mixin.py:115} INFO - [2024-04-02 19:54:01,316] {dagbag.py:507} INFO - Filling up the DagBag from /Users/miltonvolpato/Git/Alura_Airflow_Oficial/venv/lib/python3.9/site-packages/airflow/example_dags/example_nested_branch_dag.py
[2024-04-02 19:54:01,329] {processor.py:651} INFO - DAG(s) dict_keys(['example_nested_branch_dag']) retrieved from /Users/miltonvolpato/Git/Alura_Airflow_Oficial/venv/lib/python3.9/site-packages/airflow/example_dags/example_nested_branch_dag.py
[2024-04-02 19:54:01,359] {logging_mixin.py:115} INFO - [2024-04-02 19:54:01,359] {dag.py:2379} INFO - Sync 1 DAGs
[2024-04-02 19:54:01,366] {logging_mixin.py:115} INFO - [2024-04-02 19:54:01,366] {dag.py:2927} INFO - Setting next_dagrun for example_nested_branch_dag to 2024-04-01T00:00:00+00:00, run_after=2024-04-02T00:00:00+00:00
[2024-04-02 19:54:01,371] {processor.py:161} INFO - Processing /Users/miltonvolpato/Git/Alura_Airflow_Oficial/venv/lib/python3.9/site-packages/airflow/example_dags/example_nested_branch_dag.py took 0.056 seconds
[2024-04-02 19:54:57,925] {processor.py:153} INFO - Started process (PID=12620) to work on /Users/miltonvolpato/Git/Alura_Airflow_Oficial/venv/lib/python3.9/site-packages/airflow/example_dags/example_nested_branch_dag.py
[2024-04-02 19:54:57,926] {processor.py:641} INFO - Processing file /Users/miltonvolpato/Git/Alura_Airflow_Oficial/venv/lib/python3.9/site-packages/airflow/example_dags/example_nested_branch_dag.py for tasks to queue
[2024-04-02 19:54:57,926] {logging_mixin.py:115} INFO - [2024-04-02 19:54:57,926] {dagbag.py:507} INFO - Filling up the DagBag from /Users/miltonvolpato/Git/Alura_Airflow_Oficial/venv/lib/python3.9/site-packages/airflow/example_dags/example_nested_branch_dag.py
[2024-04-02 19:54:57,939] {processor.py:651} INFO - DAG(s) dict_keys(['example_nested_branch_dag']) retrieved from /Users/miltonvolpato/Git/Alura_Airflow_Oficial/venv/lib/python3.9/site-packages/airflow/example_dags/example_nested_branch_dag.py
[2024-04-02 19:54:57,969] {logging_mixin.py:115} INFO - [2024-04-02 19:54:57,969] {dag.py:2379} INFO - Sync 1 DAGs
[2024-04-02 19:54:57,976] {logging_mixin.py:115} INFO - [2024-04-02 19:54:57,976] {dag.py:2927} INFO - Setting next_dagrun for example_nested_branch_dag to 2024-04-01T00:00:00+00:00, run_after=2024-04-02T00:00:00+00:00
[2024-04-02 19:54:57,981] {processor.py:161} INFO - Processing /Users/miltonvolpato/Git/Alura_Airflow_Oficial/venv/lib/python3.9/site-packages/airflow/example_dags/example_nested_branch_dag.py took 0.056 seconds
