[2024-04-02 19:36:31,523] {processor.py:153} INFO - Started process (PID=11310) to work on /Users/miltonvolpato/Git/Alura_Airflow_Oficial/venv/lib/python3.9/site-packages/airflow/example_dags/example_task_group_decorator.py
[2024-04-02 19:36:31,523] {processor.py:641} INFO - Processing file /Users/miltonvolpato/Git/Alura_Airflow_Oficial/venv/lib/python3.9/site-packages/airflow/example_dags/example_task_group_decorator.py for tasks to queue
[2024-04-02 19:36:31,523] {logging_mixin.py:115} INFO - [2024-04-02 19:36:31,523] {dagbag.py:507} INFO - Filling up the DagBag from /Users/miltonvolpato/Git/Alura_Airflow_Oficial/venv/lib/python3.9/site-packages/airflow/example_dags/example_task_group_decorator.py
[2024-04-02 19:36:31,544] {processor.py:651} INFO - DAG(s) dict_keys(['example_task_group_decorator']) retrieved from /Users/miltonvolpato/Git/Alura_Airflow_Oficial/venv/lib/python3.9/site-packages/airflow/example_dags/example_task_group_decorator.py
[2024-04-02 19:36:31,870] {logging_mixin.py:115} INFO - [2024-04-02 19:36:31,870] {manager.py:508} INFO - Created Permission View: can edit on DAG:example_task_group_decorator
[2024-04-02 19:36:31,873] {logging_mixin.py:115} INFO - [2024-04-02 19:36:31,873] {manager.py:508} INFO - Created Permission View: can delete on DAG:example_task_group_decorator
[2024-04-02 19:36:31,875] {logging_mixin.py:115} INFO - [2024-04-02 19:36:31,875] {manager.py:508} INFO - Created Permission View: can read on DAG:example_task_group_decorator
[2024-04-02 19:36:31,875] {logging_mixin.py:115} INFO - [2024-04-02 19:36:31,875] {dag.py:2379} INFO - Sync 1 DAGs
[2024-04-02 19:36:31,878] {logging_mixin.py:115} INFO - [2024-04-02 19:36:31,878] {dag.py:2398} INFO - Creating ORM DAG for example_task_group_decorator
[2024-04-02 19:36:31,882] {logging_mixin.py:115} INFO - [2024-04-02 19:36:31,882] {dag.py:2927} INFO - Setting next_dagrun for example_task_group_decorator to 2024-04-01T22:36:31.882361+00:00, run_after=2024-04-02T22:36:31.882361+00:00
[2024-04-02 19:36:31,887] {processor.py:161} INFO - Processing /Users/miltonvolpato/Git/Alura_Airflow_Oficial/venv/lib/python3.9/site-packages/airflow/example_dags/example_task_group_decorator.py took 0.364 seconds
[2024-04-02 19:37:24,807] {processor.py:153} INFO - Started process (PID=11397) to work on /Users/miltonvolpato/Git/Alura_Airflow_Oficial/venv/lib/python3.9/site-packages/airflow/example_dags/example_task_group_decorator.py
[2024-04-02 19:37:24,808] {processor.py:641} INFO - Processing file /Users/miltonvolpato/Git/Alura_Airflow_Oficial/venv/lib/python3.9/site-packages/airflow/example_dags/example_task_group_decorator.py for tasks to queue
[2024-04-02 19:37:24,808] {logging_mixin.py:115} INFO - [2024-04-02 19:37:24,808] {dagbag.py:507} INFO - Filling up the DagBag from /Users/miltonvolpato/Git/Alura_Airflow_Oficial/venv/lib/python3.9/site-packages/airflow/example_dags/example_task_group_decorator.py
[2024-04-02 19:37:24,828] {processor.py:651} INFO - DAG(s) dict_keys(['example_task_group_decorator']) retrieved from /Users/miltonvolpato/Git/Alura_Airflow_Oficial/venv/lib/python3.9/site-packages/airflow/example_dags/example_task_group_decorator.py
[2024-04-02 19:37:25,086] {logging_mixin.py:115} INFO - [2024-04-02 19:37:25,085] {dag.py:2379} INFO - Sync 1 DAGs
[2024-04-02 19:37:25,093] {logging_mixin.py:115} INFO - [2024-04-02 19:37:25,093] {dag.py:2927} INFO - Setting next_dagrun for example_task_group_decorator to 2024-04-01T22:37:25.092984+00:00, run_after=2024-04-02T22:37:25.092984+00:00
[2024-04-02 19:37:25,099] {processor.py:161} INFO - Processing /Users/miltonvolpato/Git/Alura_Airflow_Oficial/venv/lib/python3.9/site-packages/airflow/example_dags/example_task_group_decorator.py took 0.292 seconds
[2024-04-02 19:38:12,804] {processor.py:153} INFO - Started process (PID=11478) to work on /Users/miltonvolpato/Git/Alura_Airflow_Oficial/venv/lib/python3.9/site-packages/airflow/example_dags/example_task_group_decorator.py
[2024-04-02 19:38:12,804] {processor.py:641} INFO - Processing file /Users/miltonvolpato/Git/Alura_Airflow_Oficial/venv/lib/python3.9/site-packages/airflow/example_dags/example_task_group_decorator.py for tasks to queue
[2024-04-02 19:38:12,804] {logging_mixin.py:115} INFO - [2024-04-02 19:38:12,804] {dagbag.py:507} INFO - Filling up the DagBag from /Users/miltonvolpato/Git/Alura_Airflow_Oficial/venv/lib/python3.9/site-packages/airflow/example_dags/example_task_group_decorator.py
[2024-04-02 19:38:12,823] {processor.py:651} INFO - DAG(s) dict_keys(['example_task_group_decorator']) retrieved from /Users/miltonvolpato/Git/Alura_Airflow_Oficial/venv/lib/python3.9/site-packages/airflow/example_dags/example_task_group_decorator.py
[2024-04-02 19:38:13,078] {logging_mixin.py:115} INFO - [2024-04-02 19:38:13,077] {dag.py:2379} INFO - Sync 1 DAGs
[2024-04-02 19:38:13,084] {logging_mixin.py:115} INFO - [2024-04-02 19:38:13,084] {dag.py:2927} INFO - Setting next_dagrun for example_task_group_decorator to 2024-04-01T22:38:13.084675+00:00, run_after=2024-04-02T22:38:13.084675+00:00
[2024-04-02 19:38:13,090] {processor.py:161} INFO - Processing /Users/miltonvolpato/Git/Alura_Airflow_Oficial/venv/lib/python3.9/site-packages/airflow/example_dags/example_task_group_decorator.py took 0.287 seconds
[2024-04-02 19:39:01,866] {processor.py:153} INFO - Started process (PID=11539) to work on /Users/miltonvolpato/Git/Alura_Airflow_Oficial/venv/lib/python3.9/site-packages/airflow/example_dags/example_task_group_decorator.py
[2024-04-02 19:39:01,866] {processor.py:641} INFO - Processing file /Users/miltonvolpato/Git/Alura_Airflow_Oficial/venv/lib/python3.9/site-packages/airflow/example_dags/example_task_group_decorator.py for tasks to queue
[2024-04-02 19:39:01,866] {logging_mixin.py:115} INFO - [2024-04-02 19:39:01,866] {dagbag.py:507} INFO - Filling up the DagBag from /Users/miltonvolpato/Git/Alura_Airflow_Oficial/venv/lib/python3.9/site-packages/airflow/example_dags/example_task_group_decorator.py
[2024-04-02 19:39:01,885] {processor.py:651} INFO - DAG(s) dict_keys(['example_task_group_decorator']) retrieved from /Users/miltonvolpato/Git/Alura_Airflow_Oficial/venv/lib/python3.9/site-packages/airflow/example_dags/example_task_group_decorator.py
[2024-04-02 19:39:02,140] {logging_mixin.py:115} INFO - [2024-04-02 19:39:02,140] {dag.py:2379} INFO - Sync 1 DAGs
[2024-04-02 19:39:02,148] {logging_mixin.py:115} INFO - [2024-04-02 19:39:02,147] {dag.py:2927} INFO - Setting next_dagrun for example_task_group_decorator to 2024-04-01T22:39:02.147888+00:00, run_after=2024-04-02T22:39:02.147888+00:00
[2024-04-02 19:39:02,154] {processor.py:161} INFO - Processing /Users/miltonvolpato/Git/Alura_Airflow_Oficial/venv/lib/python3.9/site-packages/airflow/example_dags/example_task_group_decorator.py took 0.288 seconds
[2024-04-02 19:39:48,966] {processor.py:153} INFO - Started process (PID=11577) to work on /Users/miltonvolpato/Git/Alura_Airflow_Oficial/venv/lib/python3.9/site-packages/airflow/example_dags/example_task_group_decorator.py
[2024-04-02 19:39:48,966] {processor.py:641} INFO - Processing file /Users/miltonvolpato/Git/Alura_Airflow_Oficial/venv/lib/python3.9/site-packages/airflow/example_dags/example_task_group_decorator.py for tasks to queue
[2024-04-02 19:39:48,966] {logging_mixin.py:115} INFO - [2024-04-02 19:39:48,966] {dagbag.py:507} INFO - Filling up the DagBag from /Users/miltonvolpato/Git/Alura_Airflow_Oficial/venv/lib/python3.9/site-packages/airflow/example_dags/example_task_group_decorator.py
[2024-04-02 19:39:48,985] {processor.py:651} INFO - DAG(s) dict_keys(['example_task_group_decorator']) retrieved from /Users/miltonvolpato/Git/Alura_Airflow_Oficial/venv/lib/python3.9/site-packages/airflow/example_dags/example_task_group_decorator.py
[2024-04-02 19:39:49,238] {logging_mixin.py:115} INFO - [2024-04-02 19:39:49,238] {dag.py:2379} INFO - Sync 1 DAGs
[2024-04-02 19:39:49,245] {logging_mixin.py:115} INFO - [2024-04-02 19:39:49,245] {dag.py:2927} INFO - Setting next_dagrun for example_task_group_decorator to 2024-04-01T22:39:49.245284+00:00, run_after=2024-04-02T22:39:49.245284+00:00
[2024-04-02 19:39:49,251] {processor.py:161} INFO - Processing /Users/miltonvolpato/Git/Alura_Airflow_Oficial/venv/lib/python3.9/site-packages/airflow/example_dags/example_task_group_decorator.py took 0.286 seconds
[2024-04-02 19:40:30,647] {processor.py:153} INFO - Started process (PID=11620) to work on /Users/miltonvolpato/Git/Alura_Airflow_Oficial/venv/lib/python3.9/site-packages/airflow/example_dags/example_task_group_decorator.py
[2024-04-02 19:40:30,647] {processor.py:641} INFO - Processing file /Users/miltonvolpato/Git/Alura_Airflow_Oficial/venv/lib/python3.9/site-packages/airflow/example_dags/example_task_group_decorator.py for tasks to queue
[2024-04-02 19:40:30,647] {logging_mixin.py:115} INFO - [2024-04-02 19:40:30,647] {dagbag.py:507} INFO - Filling up the DagBag from /Users/miltonvolpato/Git/Alura_Airflow_Oficial/venv/lib/python3.9/site-packages/airflow/example_dags/example_task_group_decorator.py
[2024-04-02 19:40:30,666] {processor.py:651} INFO - DAG(s) dict_keys(['example_task_group_decorator']) retrieved from /Users/miltonvolpato/Git/Alura_Airflow_Oficial/venv/lib/python3.9/site-packages/airflow/example_dags/example_task_group_decorator.py
[2024-04-02 19:40:30,918] {logging_mixin.py:115} INFO - [2024-04-02 19:40:30,918] {dag.py:2379} INFO - Sync 1 DAGs
[2024-04-02 19:40:30,924] {logging_mixin.py:115} INFO - [2024-04-02 19:40:30,924] {dag.py:2927} INFO - Setting next_dagrun for example_task_group_decorator to 2024-04-01T22:40:30.924804+00:00, run_after=2024-04-02T22:40:30.924804+00:00
[2024-04-02 19:40:30,930] {processor.py:161} INFO - Processing /Users/miltonvolpato/Git/Alura_Airflow_Oficial/venv/lib/python3.9/site-packages/airflow/example_dags/example_task_group_decorator.py took 0.283 seconds
[2024-04-02 19:41:23,780] {processor.py:153} INFO - Started process (PID=11666) to work on /Users/miltonvolpato/Git/Alura_Airflow_Oficial/venv/lib/python3.9/site-packages/airflow/example_dags/example_task_group_decorator.py
[2024-04-02 19:41:23,780] {processor.py:641} INFO - Processing file /Users/miltonvolpato/Git/Alura_Airflow_Oficial/venv/lib/python3.9/site-packages/airflow/example_dags/example_task_group_decorator.py for tasks to queue
[2024-04-02 19:41:23,780] {logging_mixin.py:115} INFO - [2024-04-02 19:41:23,780] {dagbag.py:507} INFO - Filling up the DagBag from /Users/miltonvolpato/Git/Alura_Airflow_Oficial/venv/lib/python3.9/site-packages/airflow/example_dags/example_task_group_decorator.py
[2024-04-02 19:41:23,800] {processor.py:651} INFO - DAG(s) dict_keys(['example_task_group_decorator']) retrieved from /Users/miltonvolpato/Git/Alura_Airflow_Oficial/venv/lib/python3.9/site-packages/airflow/example_dags/example_task_group_decorator.py
[2024-04-02 19:41:24,057] {logging_mixin.py:115} INFO - [2024-04-02 19:41:24,057] {dag.py:2379} INFO - Sync 1 DAGs
[2024-04-02 19:41:24,064] {logging_mixin.py:115} INFO - [2024-04-02 19:41:24,064] {dag.py:2927} INFO - Setting next_dagrun for example_task_group_decorator to 2024-04-01T22:41:24.064745+00:00, run_after=2024-04-02T22:41:24.064745+00:00
[2024-04-02 19:41:24,071] {processor.py:161} INFO - Processing /Users/miltonvolpato/Git/Alura_Airflow_Oficial/venv/lib/python3.9/site-packages/airflow/example_dags/example_task_group_decorator.py took 0.291 seconds
[2024-04-02 19:42:16,964] {processor.py:153} INFO - Started process (PID=11715) to work on /Users/miltonvolpato/Git/Alura_Airflow_Oficial/venv/lib/python3.9/site-packages/airflow/example_dags/example_task_group_decorator.py
[2024-04-02 19:42:16,964] {processor.py:641} INFO - Processing file /Users/miltonvolpato/Git/Alura_Airflow_Oficial/venv/lib/python3.9/site-packages/airflow/example_dags/example_task_group_decorator.py for tasks to queue
[2024-04-02 19:42:16,964] {logging_mixin.py:115} INFO - [2024-04-02 19:42:16,964] {dagbag.py:507} INFO - Filling up the DagBag from /Users/miltonvolpato/Git/Alura_Airflow_Oficial/venv/lib/python3.9/site-packages/airflow/example_dags/example_task_group_decorator.py
[2024-04-02 19:42:16,982] {processor.py:651} INFO - DAG(s) dict_keys(['example_task_group_decorator']) retrieved from /Users/miltonvolpato/Git/Alura_Airflow_Oficial/venv/lib/python3.9/site-packages/airflow/example_dags/example_task_group_decorator.py
[2024-04-02 19:42:17,241] {logging_mixin.py:115} INFO - [2024-04-02 19:42:17,241] {dag.py:2379} INFO - Sync 1 DAGs
[2024-04-02 19:42:17,248] {logging_mixin.py:115} INFO - [2024-04-02 19:42:17,248] {dag.py:2927} INFO - Setting next_dagrun for example_task_group_decorator to 2024-04-01T22:42:17.248303+00:00, run_after=2024-04-02T22:42:17.248303+00:00
[2024-04-02 19:42:17,254] {processor.py:161} INFO - Processing /Users/miltonvolpato/Git/Alura_Airflow_Oficial/venv/lib/python3.9/site-packages/airflow/example_dags/example_task_group_decorator.py took 0.291 seconds
[2024-04-02 19:43:07,767] {processor.py:153} INFO - Started process (PID=11764) to work on /Users/miltonvolpato/Git/Alura_Airflow_Oficial/venv/lib/python3.9/site-packages/airflow/example_dags/example_task_group_decorator.py
[2024-04-02 19:43:07,768] {processor.py:641} INFO - Processing file /Users/miltonvolpato/Git/Alura_Airflow_Oficial/venv/lib/python3.9/site-packages/airflow/example_dags/example_task_group_decorator.py for tasks to queue
[2024-04-02 19:43:07,769] {logging_mixin.py:115} INFO - [2024-04-02 19:43:07,769] {dagbag.py:507} INFO - Filling up the DagBag from /Users/miltonvolpato/Git/Alura_Airflow_Oficial/venv/lib/python3.9/site-packages/airflow/example_dags/example_task_group_decorator.py
[2024-04-02 19:43:07,788] {processor.py:651} INFO - DAG(s) dict_keys(['example_task_group_decorator']) retrieved from /Users/miltonvolpato/Git/Alura_Airflow_Oficial/venv/lib/python3.9/site-packages/airflow/example_dags/example_task_group_decorator.py
[2024-04-02 19:43:08,045] {logging_mixin.py:115} INFO - [2024-04-02 19:43:08,045] {dag.py:2379} INFO - Sync 1 DAGs
[2024-04-02 19:43:08,052] {logging_mixin.py:115} INFO - [2024-04-02 19:43:08,052] {dag.py:2927} INFO - Setting next_dagrun for example_task_group_decorator to 2024-04-01T22:43:08.052067+00:00, run_after=2024-04-02T22:43:08.052067+00:00
[2024-04-02 19:43:08,057] {processor.py:161} INFO - Processing /Users/miltonvolpato/Git/Alura_Airflow_Oficial/venv/lib/python3.9/site-packages/airflow/example_dags/example_task_group_decorator.py took 0.290 seconds
[2024-04-02 19:44:02,636] {processor.py:153} INFO - Started process (PID=11826) to work on /Users/miltonvolpato/Git/Alura_Airflow_Oficial/venv/lib/python3.9/site-packages/airflow/example_dags/example_task_group_decorator.py
[2024-04-02 19:44:02,637] {processor.py:641} INFO - Processing file /Users/miltonvolpato/Git/Alura_Airflow_Oficial/venv/lib/python3.9/site-packages/airflow/example_dags/example_task_group_decorator.py for tasks to queue
[2024-04-02 19:44:02,637] {logging_mixin.py:115} INFO - [2024-04-02 19:44:02,637] {dagbag.py:507} INFO - Filling up the DagBag from /Users/miltonvolpato/Git/Alura_Airflow_Oficial/venv/lib/python3.9/site-packages/airflow/example_dags/example_task_group_decorator.py
[2024-04-02 19:44:02,656] {processor.py:651} INFO - DAG(s) dict_keys(['example_task_group_decorator']) retrieved from /Users/miltonvolpato/Git/Alura_Airflow_Oficial/venv/lib/python3.9/site-packages/airflow/example_dags/example_task_group_decorator.py
[2024-04-02 19:44:02,907] {logging_mixin.py:115} INFO - [2024-04-02 19:44:02,907] {dag.py:2379} INFO - Sync 1 DAGs
[2024-04-02 19:44:02,914] {logging_mixin.py:115} INFO - [2024-04-02 19:44:02,914] {dag.py:2927} INFO - Setting next_dagrun for example_task_group_decorator to 2024-04-01T22:44:02.914235+00:00, run_after=2024-04-02T22:44:02.914235+00:00
[2024-04-02 19:44:02,920] {processor.py:161} INFO - Processing /Users/miltonvolpato/Git/Alura_Airflow_Oficial/venv/lib/python3.9/site-packages/airflow/example_dags/example_task_group_decorator.py took 0.284 seconds
[2024-04-02 19:44:54,276] {processor.py:153} INFO - Started process (PID=11892) to work on /Users/miltonvolpato/Git/Alura_Airflow_Oficial/venv/lib/python3.9/site-packages/airflow/example_dags/example_task_group_decorator.py
[2024-04-02 19:44:54,276] {processor.py:641} INFO - Processing file /Users/miltonvolpato/Git/Alura_Airflow_Oficial/venv/lib/python3.9/site-packages/airflow/example_dags/example_task_group_decorator.py for tasks to queue
[2024-04-02 19:44:54,277] {logging_mixin.py:115} INFO - [2024-04-02 19:44:54,277] {dagbag.py:507} INFO - Filling up the DagBag from /Users/miltonvolpato/Git/Alura_Airflow_Oficial/venv/lib/python3.9/site-packages/airflow/example_dags/example_task_group_decorator.py
[2024-04-02 19:44:54,295] {processor.py:651} INFO - DAG(s) dict_keys(['example_task_group_decorator']) retrieved from /Users/miltonvolpato/Git/Alura_Airflow_Oficial/venv/lib/python3.9/site-packages/airflow/example_dags/example_task_group_decorator.py
[2024-04-02 19:44:54,549] {logging_mixin.py:115} INFO - [2024-04-02 19:44:54,549] {dag.py:2379} INFO - Sync 1 DAGs
[2024-04-02 19:44:54,556] {logging_mixin.py:115} INFO - [2024-04-02 19:44:54,556] {dag.py:2927} INFO - Setting next_dagrun for example_task_group_decorator to 2024-04-01T22:44:54.556267+00:00, run_after=2024-04-02T22:44:54.556267+00:00
[2024-04-02 19:44:54,562] {processor.py:161} INFO - Processing /Users/miltonvolpato/Git/Alura_Airflow_Oficial/venv/lib/python3.9/site-packages/airflow/example_dags/example_task_group_decorator.py took 0.287 seconds
[2024-04-02 19:45:44,367] {processor.py:153} INFO - Started process (PID=11933) to work on /Users/miltonvolpato/Git/Alura_Airflow_Oficial/venv/lib/python3.9/site-packages/airflow/example_dags/example_task_group_decorator.py
[2024-04-02 19:45:44,368] {processor.py:641} INFO - Processing file /Users/miltonvolpato/Git/Alura_Airflow_Oficial/venv/lib/python3.9/site-packages/airflow/example_dags/example_task_group_decorator.py for tasks to queue
[2024-04-02 19:45:44,368] {logging_mixin.py:115} INFO - [2024-04-02 19:45:44,368] {dagbag.py:507} INFO - Filling up the DagBag from /Users/miltonvolpato/Git/Alura_Airflow_Oficial/venv/lib/python3.9/site-packages/airflow/example_dags/example_task_group_decorator.py
[2024-04-02 19:45:44,386] {processor.py:651} INFO - DAG(s) dict_keys(['example_task_group_decorator']) retrieved from /Users/miltonvolpato/Git/Alura_Airflow_Oficial/venv/lib/python3.9/site-packages/airflow/example_dags/example_task_group_decorator.py
[2024-04-02 19:45:44,652] {logging_mixin.py:115} INFO - [2024-04-02 19:45:44,652] {dag.py:2379} INFO - Sync 1 DAGs
[2024-04-02 19:45:44,659] {logging_mixin.py:115} INFO - [2024-04-02 19:45:44,659] {dag.py:2927} INFO - Setting next_dagrun for example_task_group_decorator to 2024-04-01T22:45:44.659703+00:00, run_after=2024-04-02T22:45:44.659703+00:00
[2024-04-02 19:45:44,665] {processor.py:161} INFO - Processing /Users/miltonvolpato/Git/Alura_Airflow_Oficial/venv/lib/python3.9/site-packages/airflow/example_dags/example_task_group_decorator.py took 0.298 seconds
[2024-04-02 19:46:35,849] {processor.py:153} INFO - Started process (PID=12005) to work on /Users/miltonvolpato/Git/Alura_Airflow_Oficial/venv/lib/python3.9/site-packages/airflow/example_dags/example_task_group_decorator.py
[2024-04-02 19:46:35,850] {processor.py:641} INFO - Processing file /Users/miltonvolpato/Git/Alura_Airflow_Oficial/venv/lib/python3.9/site-packages/airflow/example_dags/example_task_group_decorator.py for tasks to queue
[2024-04-02 19:46:35,850] {logging_mixin.py:115} INFO - [2024-04-02 19:46:35,850] {dagbag.py:507} INFO - Filling up the DagBag from /Users/miltonvolpato/Git/Alura_Airflow_Oficial/venv/lib/python3.9/site-packages/airflow/example_dags/example_task_group_decorator.py
[2024-04-02 19:46:35,869] {processor.py:651} INFO - DAG(s) dict_keys(['example_task_group_decorator']) retrieved from /Users/miltonvolpato/Git/Alura_Airflow_Oficial/venv/lib/python3.9/site-packages/airflow/example_dags/example_task_group_decorator.py
[2024-04-02 19:46:36,128] {logging_mixin.py:115} INFO - [2024-04-02 19:46:36,128] {dag.py:2379} INFO - Sync 1 DAGs
[2024-04-02 19:46:36,135] {logging_mixin.py:115} INFO - [2024-04-02 19:46:36,135] {dag.py:2927} INFO - Setting next_dagrun for example_task_group_decorator to 2024-04-01T22:46:36.134947+00:00, run_after=2024-04-02T22:46:36.134947+00:00
[2024-04-02 19:46:36,140] {processor.py:161} INFO - Processing /Users/miltonvolpato/Git/Alura_Airflow_Oficial/venv/lib/python3.9/site-packages/airflow/example_dags/example_task_group_decorator.py took 0.292 seconds
[2024-04-02 19:47:17,672] {processor.py:153} INFO - Started process (PID=12059) to work on /Users/miltonvolpato/Git/Alura_Airflow_Oficial/venv/lib/python3.9/site-packages/airflow/example_dags/example_task_group_decorator.py
[2024-04-02 19:47:17,673] {processor.py:641} INFO - Processing file /Users/miltonvolpato/Git/Alura_Airflow_Oficial/venv/lib/python3.9/site-packages/airflow/example_dags/example_task_group_decorator.py for tasks to queue
[2024-04-02 19:47:17,673] {logging_mixin.py:115} INFO - [2024-04-02 19:47:17,673] {dagbag.py:507} INFO - Filling up the DagBag from /Users/miltonvolpato/Git/Alura_Airflow_Oficial/venv/lib/python3.9/site-packages/airflow/example_dags/example_task_group_decorator.py
[2024-04-02 19:47:17,695] {processor.py:651} INFO - DAG(s) dict_keys(['example_task_group_decorator']) retrieved from /Users/miltonvolpato/Git/Alura_Airflow_Oficial/venv/lib/python3.9/site-packages/airflow/example_dags/example_task_group_decorator.py
[2024-04-02 19:47:17,964] {logging_mixin.py:115} INFO - [2024-04-02 19:47:17,964] {dag.py:2379} INFO - Sync 1 DAGs
[2024-04-02 19:47:17,971] {logging_mixin.py:115} INFO - [2024-04-02 19:47:17,971] {dag.py:2927} INFO - Setting next_dagrun for example_task_group_decorator to 2024-04-01T22:47:17.971576+00:00, run_after=2024-04-02T22:47:17.971576+00:00
[2024-04-02 19:47:17,977] {processor.py:161} INFO - Processing /Users/miltonvolpato/Git/Alura_Airflow_Oficial/venv/lib/python3.9/site-packages/airflow/example_dags/example_task_group_decorator.py took 0.305 seconds
[2024-04-02 19:48:04,359] {processor.py:153} INFO - Started process (PID=12128) to work on /Users/miltonvolpato/Git/Alura_Airflow_Oficial/venv/lib/python3.9/site-packages/airflow/example_dags/example_task_group_decorator.py
[2024-04-02 19:48:04,359] {processor.py:641} INFO - Processing file /Users/miltonvolpato/Git/Alura_Airflow_Oficial/venv/lib/python3.9/site-packages/airflow/example_dags/example_task_group_decorator.py for tasks to queue
[2024-04-02 19:48:04,359] {logging_mixin.py:115} INFO - [2024-04-02 19:48:04,359] {dagbag.py:507} INFO - Filling up the DagBag from /Users/miltonvolpato/Git/Alura_Airflow_Oficial/venv/lib/python3.9/site-packages/airflow/example_dags/example_task_group_decorator.py
[2024-04-02 19:48:04,378] {processor.py:651} INFO - DAG(s) dict_keys(['example_task_group_decorator']) retrieved from /Users/miltonvolpato/Git/Alura_Airflow_Oficial/venv/lib/python3.9/site-packages/airflow/example_dags/example_task_group_decorator.py
[2024-04-02 19:48:04,635] {logging_mixin.py:115} INFO - [2024-04-02 19:48:04,635] {dag.py:2379} INFO - Sync 1 DAGs
[2024-04-02 19:48:04,642] {logging_mixin.py:115} INFO - [2024-04-02 19:48:04,642] {dag.py:2927} INFO - Setting next_dagrun for example_task_group_decorator to 2024-04-01T22:48:04.642434+00:00, run_after=2024-04-02T22:48:04.642434+00:00
[2024-04-02 19:48:04,648] {processor.py:161} INFO - Processing /Users/miltonvolpato/Git/Alura_Airflow_Oficial/venv/lib/python3.9/site-packages/airflow/example_dags/example_task_group_decorator.py took 0.289 seconds
[2024-04-02 19:48:52,492] {processor.py:153} INFO - Started process (PID=12181) to work on /Users/miltonvolpato/Git/Alura_Airflow_Oficial/venv/lib/python3.9/site-packages/airflow/example_dags/example_task_group_decorator.py
[2024-04-02 19:48:52,492] {processor.py:641} INFO - Processing file /Users/miltonvolpato/Git/Alura_Airflow_Oficial/venv/lib/python3.9/site-packages/airflow/example_dags/example_task_group_decorator.py for tasks to queue
[2024-04-02 19:48:52,492] {logging_mixin.py:115} INFO - [2024-04-02 19:48:52,492] {dagbag.py:507} INFO - Filling up the DagBag from /Users/miltonvolpato/Git/Alura_Airflow_Oficial/venv/lib/python3.9/site-packages/airflow/example_dags/example_task_group_decorator.py
[2024-04-02 19:48:52,511] {processor.py:651} INFO - DAG(s) dict_keys(['example_task_group_decorator']) retrieved from /Users/miltonvolpato/Git/Alura_Airflow_Oficial/venv/lib/python3.9/site-packages/airflow/example_dags/example_task_group_decorator.py
[2024-04-02 19:48:52,773] {logging_mixin.py:115} INFO - [2024-04-02 19:48:52,772] {dag.py:2379} INFO - Sync 1 DAGs
[2024-04-02 19:48:52,780] {logging_mixin.py:115} INFO - [2024-04-02 19:48:52,780] {dag.py:2927} INFO - Setting next_dagrun for example_task_group_decorator to 2024-04-01T22:48:52.780133+00:00, run_after=2024-04-02T22:48:52.780133+00:00
[2024-04-02 19:48:52,786] {processor.py:161} INFO - Processing /Users/miltonvolpato/Git/Alura_Airflow_Oficial/venv/lib/python3.9/site-packages/airflow/example_dags/example_task_group_decorator.py took 0.294 seconds
[2024-04-02 19:49:45,457] {processor.py:153} INFO - Started process (PID=12240) to work on /Users/miltonvolpato/Git/Alura_Airflow_Oficial/venv/lib/python3.9/site-packages/airflow/example_dags/example_task_group_decorator.py
[2024-04-02 19:49:45,458] {processor.py:641} INFO - Processing file /Users/miltonvolpato/Git/Alura_Airflow_Oficial/venv/lib/python3.9/site-packages/airflow/example_dags/example_task_group_decorator.py for tasks to queue
[2024-04-02 19:49:45,458] {logging_mixin.py:115} INFO - [2024-04-02 19:49:45,458] {dagbag.py:507} INFO - Filling up the DagBag from /Users/miltonvolpato/Git/Alura_Airflow_Oficial/venv/lib/python3.9/site-packages/airflow/example_dags/example_task_group_decorator.py
[2024-04-02 19:49:45,477] {processor.py:651} INFO - DAG(s) dict_keys(['example_task_group_decorator']) retrieved from /Users/miltonvolpato/Git/Alura_Airflow_Oficial/venv/lib/python3.9/site-packages/airflow/example_dags/example_task_group_decorator.py
[2024-04-02 19:49:45,735] {logging_mixin.py:115} INFO - [2024-04-02 19:49:45,735] {dag.py:2379} INFO - Sync 1 DAGs
[2024-04-02 19:49:45,742] {logging_mixin.py:115} INFO - [2024-04-02 19:49:45,742] {dag.py:2927} INFO - Setting next_dagrun for example_task_group_decorator to 2024-04-01T22:49:45.742198+00:00, run_after=2024-04-02T22:49:45.742198+00:00
[2024-04-02 19:49:45,748] {processor.py:161} INFO - Processing /Users/miltonvolpato/Git/Alura_Airflow_Oficial/venv/lib/python3.9/site-packages/airflow/example_dags/example_task_group_decorator.py took 0.292 seconds
[2024-04-02 19:50:37,504] {processor.py:153} INFO - Started process (PID=12285) to work on /Users/miltonvolpato/Git/Alura_Airflow_Oficial/venv/lib/python3.9/site-packages/airflow/example_dags/example_task_group_decorator.py
[2024-04-02 19:50:37,505] {processor.py:641} INFO - Processing file /Users/miltonvolpato/Git/Alura_Airflow_Oficial/venv/lib/python3.9/site-packages/airflow/example_dags/example_task_group_decorator.py for tasks to queue
[2024-04-02 19:50:37,505] {logging_mixin.py:115} INFO - [2024-04-02 19:50:37,505] {dagbag.py:507} INFO - Filling up the DagBag from /Users/miltonvolpato/Git/Alura_Airflow_Oficial/venv/lib/python3.9/site-packages/airflow/example_dags/example_task_group_decorator.py
[2024-04-02 19:50:37,526] {processor.py:651} INFO - DAG(s) dict_keys(['example_task_group_decorator']) retrieved from /Users/miltonvolpato/Git/Alura_Airflow_Oficial/venv/lib/python3.9/site-packages/airflow/example_dags/example_task_group_decorator.py
[2024-04-02 19:50:37,813] {logging_mixin.py:115} INFO - [2024-04-02 19:50:37,813] {dag.py:2379} INFO - Sync 1 DAGs
[2024-04-02 19:50:37,820] {logging_mixin.py:115} INFO - [2024-04-02 19:50:37,820] {dag.py:2927} INFO - Setting next_dagrun for example_task_group_decorator to 2024-04-01T22:50:37.820606+00:00, run_after=2024-04-02T22:50:37.820606+00:00
[2024-04-02 19:50:37,827] {processor.py:161} INFO - Processing /Users/miltonvolpato/Git/Alura_Airflow_Oficial/venv/lib/python3.9/site-packages/airflow/example_dags/example_task_group_decorator.py took 0.323 seconds
[2024-04-02 19:51:30,322] {processor.py:153} INFO - Started process (PID=12330) to work on /Users/miltonvolpato/Git/Alura_Airflow_Oficial/venv/lib/python3.9/site-packages/airflow/example_dags/example_task_group_decorator.py
[2024-04-02 19:51:30,323] {processor.py:641} INFO - Processing file /Users/miltonvolpato/Git/Alura_Airflow_Oficial/venv/lib/python3.9/site-packages/airflow/example_dags/example_task_group_decorator.py for tasks to queue
[2024-04-02 19:51:30,323] {logging_mixin.py:115} INFO - [2024-04-02 19:51:30,323] {dagbag.py:507} INFO - Filling up the DagBag from /Users/miltonvolpato/Git/Alura_Airflow_Oficial/venv/lib/python3.9/site-packages/airflow/example_dags/example_task_group_decorator.py
[2024-04-02 19:51:30,343] {processor.py:651} INFO - DAG(s) dict_keys(['example_task_group_decorator']) retrieved from /Users/miltonvolpato/Git/Alura_Airflow_Oficial/venv/lib/python3.9/site-packages/airflow/example_dags/example_task_group_decorator.py
[2024-04-02 19:51:30,599] {logging_mixin.py:115} INFO - [2024-04-02 19:51:30,599] {dag.py:2379} INFO - Sync 1 DAGs
[2024-04-02 19:51:30,606] {logging_mixin.py:115} INFO - [2024-04-02 19:51:30,606] {dag.py:2927} INFO - Setting next_dagrun for example_task_group_decorator to 2024-04-01T22:51:30.606445+00:00, run_after=2024-04-02T22:51:30.606445+00:00
[2024-04-02 19:51:30,612] {processor.py:161} INFO - Processing /Users/miltonvolpato/Git/Alura_Airflow_Oficial/venv/lib/python3.9/site-packages/airflow/example_dags/example_task_group_decorator.py took 0.290 seconds
[2024-04-02 19:52:22,789] {processor.py:153} INFO - Started process (PID=12391) to work on /Users/miltonvolpato/Git/Alura_Airflow_Oficial/venv/lib/python3.9/site-packages/airflow/example_dags/example_task_group_decorator.py
[2024-04-02 19:52:22,789] {processor.py:641} INFO - Processing file /Users/miltonvolpato/Git/Alura_Airflow_Oficial/venv/lib/python3.9/site-packages/airflow/example_dags/example_task_group_decorator.py for tasks to queue
[2024-04-02 19:52:22,789] {logging_mixin.py:115} INFO - [2024-04-02 19:52:22,789] {dagbag.py:507} INFO - Filling up the DagBag from /Users/miltonvolpato/Git/Alura_Airflow_Oficial/venv/lib/python3.9/site-packages/airflow/example_dags/example_task_group_decorator.py
[2024-04-02 19:52:22,811] {processor.py:651} INFO - DAG(s) dict_keys(['example_task_group_decorator']) retrieved from /Users/miltonvolpato/Git/Alura_Airflow_Oficial/venv/lib/python3.9/site-packages/airflow/example_dags/example_task_group_decorator.py
[2024-04-02 19:52:23,167] {logging_mixin.py:115} INFO - [2024-04-02 19:52:23,167] {dag.py:2379} INFO - Sync 1 DAGs
[2024-04-02 19:52:23,175] {logging_mixin.py:115} INFO - [2024-04-02 19:52:23,175] {dag.py:2927} INFO - Setting next_dagrun for example_task_group_decorator to 2024-04-01T22:52:23.175638+00:00, run_after=2024-04-02T22:52:23.175638+00:00
[2024-04-02 19:52:23,181] {processor.py:161} INFO - Processing /Users/miltonvolpato/Git/Alura_Airflow_Oficial/venv/lib/python3.9/site-packages/airflow/example_dags/example_task_group_decorator.py took 0.393 seconds
[2024-04-02 19:53:17,327] {processor.py:153} INFO - Started process (PID=12437) to work on /Users/miltonvolpato/Git/Alura_Airflow_Oficial/venv/lib/python3.9/site-packages/airflow/example_dags/example_task_group_decorator.py
[2024-04-02 19:53:17,327] {processor.py:641} INFO - Processing file /Users/miltonvolpato/Git/Alura_Airflow_Oficial/venv/lib/python3.9/site-packages/airflow/example_dags/example_task_group_decorator.py for tasks to queue
[2024-04-02 19:53:17,327] {logging_mixin.py:115} INFO - [2024-04-02 19:53:17,327] {dagbag.py:507} INFO - Filling up the DagBag from /Users/miltonvolpato/Git/Alura_Airflow_Oficial/venv/lib/python3.9/site-packages/airflow/example_dags/example_task_group_decorator.py
[2024-04-02 19:53:17,347] {processor.py:651} INFO - DAG(s) dict_keys(['example_task_group_decorator']) retrieved from /Users/miltonvolpato/Git/Alura_Airflow_Oficial/venv/lib/python3.9/site-packages/airflow/example_dags/example_task_group_decorator.py
[2024-04-02 19:53:17,614] {logging_mixin.py:115} INFO - [2024-04-02 19:53:17,613] {dag.py:2379} INFO - Sync 1 DAGs
[2024-04-02 19:53:17,622] {logging_mixin.py:115} INFO - [2024-04-02 19:53:17,622] {dag.py:2927} INFO - Setting next_dagrun for example_task_group_decorator to 2024-04-01T22:53:17.621919+00:00, run_after=2024-04-02T22:53:17.621919+00:00
[2024-04-02 19:53:17,628] {processor.py:161} INFO - Processing /Users/miltonvolpato/Git/Alura_Airflow_Oficial/venv/lib/python3.9/site-packages/airflow/example_dags/example_task_group_decorator.py took 0.301 seconds
[2024-04-02 19:53:57,668] {processor.py:153} INFO - Started process (PID=12520) to work on /Users/miltonvolpato/Git/Alura_Airflow_Oficial/venv/lib/python3.9/site-packages/airflow/example_dags/example_task_group_decorator.py
[2024-04-02 19:53:57,669] {processor.py:641} INFO - Processing file /Users/miltonvolpato/Git/Alura_Airflow_Oficial/venv/lib/python3.9/site-packages/airflow/example_dags/example_task_group_decorator.py for tasks to queue
[2024-04-02 19:53:57,669] {logging_mixin.py:115} INFO - [2024-04-02 19:53:57,669] {dagbag.py:507} INFO - Filling up the DagBag from /Users/miltonvolpato/Git/Alura_Airflow_Oficial/venv/lib/python3.9/site-packages/airflow/example_dags/example_task_group_decorator.py
[2024-04-02 19:53:57,689] {processor.py:651} INFO - DAG(s) dict_keys(['example_task_group_decorator']) retrieved from /Users/miltonvolpato/Git/Alura_Airflow_Oficial/venv/lib/python3.9/site-packages/airflow/example_dags/example_task_group_decorator.py
[2024-04-02 19:53:57,948] {logging_mixin.py:115} INFO - [2024-04-02 19:53:57,948] {dag.py:2379} INFO - Sync 1 DAGs
[2024-04-02 19:53:57,955] {logging_mixin.py:115} INFO - [2024-04-02 19:53:57,955] {dag.py:2927} INFO - Setting next_dagrun for example_task_group_decorator to 2024-04-01T22:53:57.955750+00:00, run_after=2024-04-02T22:53:57.955750+00:00
[2024-04-02 19:53:57,961] {processor.py:161} INFO - Processing /Users/miltonvolpato/Git/Alura_Airflow_Oficial/venv/lib/python3.9/site-packages/airflow/example_dags/example_task_group_decorator.py took 0.294 seconds
[2024-04-02 19:54:53,139] {processor.py:153} INFO - Started process (PID=12617) to work on /Users/miltonvolpato/Git/Alura_Airflow_Oficial/venv/lib/python3.9/site-packages/airflow/example_dags/example_task_group_decorator.py
[2024-04-02 19:54:53,140] {processor.py:641} INFO - Processing file /Users/miltonvolpato/Git/Alura_Airflow_Oficial/venv/lib/python3.9/site-packages/airflow/example_dags/example_task_group_decorator.py for tasks to queue
[2024-04-02 19:54:53,140] {logging_mixin.py:115} INFO - [2024-04-02 19:54:53,140] {dagbag.py:507} INFO - Filling up the DagBag from /Users/miltonvolpato/Git/Alura_Airflow_Oficial/venv/lib/python3.9/site-packages/airflow/example_dags/example_task_group_decorator.py
[2024-04-02 19:54:53,160] {processor.py:651} INFO - DAG(s) dict_keys(['example_task_group_decorator']) retrieved from /Users/miltonvolpato/Git/Alura_Airflow_Oficial/venv/lib/python3.9/site-packages/airflow/example_dags/example_task_group_decorator.py
[2024-04-02 19:54:53,422] {logging_mixin.py:115} INFO - [2024-04-02 19:54:53,421] {dag.py:2379} INFO - Sync 1 DAGs
[2024-04-02 19:54:53,429] {logging_mixin.py:115} INFO - [2024-04-02 19:54:53,429] {dag.py:2927} INFO - Setting next_dagrun for example_task_group_decorator to 2024-04-01T22:54:53.428983+00:00, run_after=2024-04-02T22:54:53.428983+00:00
[2024-04-02 19:54:53,435] {processor.py:161} INFO - Processing /Users/miltonvolpato/Git/Alura_Airflow_Oficial/venv/lib/python3.9/site-packages/airflow/example_dags/example_task_group_decorator.py took 0.296 seconds
