[2024-04-02 19:36:36,547] {processor.py:153} INFO - Started process (PID=11318) to work on /Users/miltonvolpato/Git/Alura_Airflow_Oficial/venv/lib/python3.9/site-packages/airflow/example_dags/example_sla_dag.py
[2024-04-02 19:36:36,547] {processor.py:641} INFO - Processing file /Users/miltonvolpato/Git/Alura_Airflow_Oficial/venv/lib/python3.9/site-packages/airflow/example_dags/example_sla_dag.py for tasks to queue
[2024-04-02 19:36:36,547] {logging_mixin.py:115} INFO - [2024-04-02 19:36:36,547] {dagbag.py:507} INFO - Filling up the DagBag from /Users/miltonvolpato/Git/Alura_Airflow_Oficial/venv/lib/python3.9/site-packages/airflow/example_dags/example_sla_dag.py
[2024-04-02 19:36:36,563] {processor.py:651} INFO - DAG(s) dict_keys(['example_sla_dag']) retrieved from /Users/miltonvolpato/Git/Alura_Airflow_Oficial/venv/lib/python3.9/site-packages/airflow/example_dags/example_sla_dag.py
[2024-04-02 19:36:36,884] {logging_mixin.py:115} INFO - [2024-04-02 19:36:36,884] {manager.py:508} INFO - Created Permission View: can edit on DAG:example_sla_dag
[2024-04-02 19:36:36,887] {logging_mixin.py:115} INFO - [2024-04-02 19:36:36,887] {manager.py:508} INFO - Created Permission View: can delete on DAG:example_sla_dag
[2024-04-02 19:36:36,889] {logging_mixin.py:115} INFO - [2024-04-02 19:36:36,889] {manager.py:508} INFO - Created Permission View: can read on DAG:example_sla_dag
[2024-04-02 19:36:36,889] {logging_mixin.py:115} INFO - [2024-04-02 19:36:36,889] {dag.py:2379} INFO - Sync 1 DAGs
[2024-04-02 19:36:36,892] {logging_mixin.py:115} INFO - [2024-04-02 19:36:36,892] {dag.py:2398} INFO - Creating ORM DAG for example_sla_dag
[2024-04-02 19:36:36,898] {logging_mixin.py:115} INFO - [2024-04-02 19:36:36,898] {dag.py:2927} INFO - Setting next_dagrun for example_sla_dag to 2024-04-02T22:34:00+00:00, run_after=2024-04-02T22:36:00+00:00
[2024-04-02 19:36:36,902] {processor.py:161} INFO - Processing /Users/miltonvolpato/Git/Alura_Airflow_Oficial/venv/lib/python3.9/site-packages/airflow/example_dags/example_sla_dag.py took 0.356 seconds
[2024-04-02 19:37:29,635] {processor.py:153} INFO - Started process (PID=11403) to work on /Users/miltonvolpato/Git/Alura_Airflow_Oficial/venv/lib/python3.9/site-packages/airflow/example_dags/example_sla_dag.py
[2024-04-02 19:37:29,636] {processor.py:641} INFO - Processing file /Users/miltonvolpato/Git/Alura_Airflow_Oficial/venv/lib/python3.9/site-packages/airflow/example_dags/example_sla_dag.py for tasks to queue
[2024-04-02 19:37:29,636] {logging_mixin.py:115} INFO - [2024-04-02 19:37:29,636] {dagbag.py:507} INFO - Filling up the DagBag from /Users/miltonvolpato/Git/Alura_Airflow_Oficial/venv/lib/python3.9/site-packages/airflow/example_dags/example_sla_dag.py
[2024-04-02 19:37:29,654] {processor.py:651} INFO - DAG(s) dict_keys(['example_sla_dag']) retrieved from /Users/miltonvolpato/Git/Alura_Airflow_Oficial/venv/lib/python3.9/site-packages/airflow/example_dags/example_sla_dag.py
[2024-04-02 19:37:29,686] {logging_mixin.py:115} INFO - [2024-04-02 19:37:29,686] {dag.py:2379} INFO - Sync 1 DAGs
[2024-04-02 19:37:29,695] {logging_mixin.py:115} INFO - [2024-04-02 19:37:29,695] {dag.py:2927} INFO - Setting next_dagrun for example_sla_dag to 2024-04-02T22:34:00+00:00, run_after=2024-04-02T22:36:00+00:00
[2024-04-02 19:37:29,701] {processor.py:161} INFO - Processing /Users/miltonvolpato/Git/Alura_Airflow_Oficial/venv/lib/python3.9/site-packages/airflow/example_dags/example_sla_dag.py took 0.067 seconds
[2024-04-02 19:38:17,511] {processor.py:153} INFO - Started process (PID=11489) to work on /Users/miltonvolpato/Git/Alura_Airflow_Oficial/venv/lib/python3.9/site-packages/airflow/example_dags/example_sla_dag.py
[2024-04-02 19:38:17,511] {processor.py:641} INFO - Processing file /Users/miltonvolpato/Git/Alura_Airflow_Oficial/venv/lib/python3.9/site-packages/airflow/example_dags/example_sla_dag.py for tasks to queue
[2024-04-02 19:38:17,511] {logging_mixin.py:115} INFO - [2024-04-02 19:38:17,511] {dagbag.py:507} INFO - Filling up the DagBag from /Users/miltonvolpato/Git/Alura_Airflow_Oficial/venv/lib/python3.9/site-packages/airflow/example_dags/example_sla_dag.py
[2024-04-02 19:38:17,527] {processor.py:651} INFO - DAG(s) dict_keys(['example_sla_dag']) retrieved from /Users/miltonvolpato/Git/Alura_Airflow_Oficial/venv/lib/python3.9/site-packages/airflow/example_dags/example_sla_dag.py
[2024-04-02 19:38:17,555] {logging_mixin.py:115} INFO - [2024-04-02 19:38:17,555] {dag.py:2379} INFO - Sync 1 DAGs
[2024-04-02 19:38:17,563] {logging_mixin.py:115} INFO - [2024-04-02 19:38:17,563] {dag.py:2927} INFO - Setting next_dagrun for example_sla_dag to 2024-04-02T22:36:00+00:00, run_after=2024-04-02T22:38:00+00:00
[2024-04-02 19:38:17,567] {processor.py:161} INFO - Processing /Users/miltonvolpato/Git/Alura_Airflow_Oficial/venv/lib/python3.9/site-packages/airflow/example_dags/example_sla_dag.py took 0.057 seconds
[2024-04-02 19:39:05,953] {processor.py:153} INFO - Started process (PID=11542) to work on /Users/miltonvolpato/Git/Alura_Airflow_Oficial/venv/lib/python3.9/site-packages/airflow/example_dags/example_sla_dag.py
[2024-04-02 19:39:05,953] {processor.py:641} INFO - Processing file /Users/miltonvolpato/Git/Alura_Airflow_Oficial/venv/lib/python3.9/site-packages/airflow/example_dags/example_sla_dag.py for tasks to queue
[2024-04-02 19:39:05,953] {logging_mixin.py:115} INFO - [2024-04-02 19:39:05,953] {dagbag.py:507} INFO - Filling up the DagBag from /Users/miltonvolpato/Git/Alura_Airflow_Oficial/venv/lib/python3.9/site-packages/airflow/example_dags/example_sla_dag.py
[2024-04-02 19:39:05,968] {processor.py:651} INFO - DAG(s) dict_keys(['example_sla_dag']) retrieved from /Users/miltonvolpato/Git/Alura_Airflow_Oficial/venv/lib/python3.9/site-packages/airflow/example_dags/example_sla_dag.py
[2024-04-02 19:39:05,997] {logging_mixin.py:115} INFO - [2024-04-02 19:39:05,997] {dag.py:2379} INFO - Sync 1 DAGs
[2024-04-02 19:39:06,005] {logging_mixin.py:115} INFO - [2024-04-02 19:39:06,005] {dag.py:2927} INFO - Setting next_dagrun for example_sla_dag to 2024-04-02T22:36:00+00:00, run_after=2024-04-02T22:38:00+00:00
[2024-04-02 19:39:06,010] {processor.py:161} INFO - Processing /Users/miltonvolpato/Git/Alura_Airflow_Oficial/venv/lib/python3.9/site-packages/airflow/example_dags/example_sla_dag.py took 0.057 seconds
[2024-04-02 19:39:52,962] {processor.py:153} INFO - Started process (PID=11581) to work on /Users/miltonvolpato/Git/Alura_Airflow_Oficial/venv/lib/python3.9/site-packages/airflow/example_dags/example_sla_dag.py
[2024-04-02 19:39:52,962] {processor.py:641} INFO - Processing file /Users/miltonvolpato/Git/Alura_Airflow_Oficial/venv/lib/python3.9/site-packages/airflow/example_dags/example_sla_dag.py for tasks to queue
[2024-04-02 19:39:52,962] {logging_mixin.py:115} INFO - [2024-04-02 19:39:52,962] {dagbag.py:507} INFO - Filling up the DagBag from /Users/miltonvolpato/Git/Alura_Airflow_Oficial/venv/lib/python3.9/site-packages/airflow/example_dags/example_sla_dag.py
[2024-04-02 19:39:52,977] {processor.py:651} INFO - DAG(s) dict_keys(['example_sla_dag']) retrieved from /Users/miltonvolpato/Git/Alura_Airflow_Oficial/venv/lib/python3.9/site-packages/airflow/example_dags/example_sla_dag.py
[2024-04-02 19:39:53,008] {logging_mixin.py:115} INFO - [2024-04-02 19:39:53,008] {dag.py:2379} INFO - Sync 1 DAGs
[2024-04-02 19:39:53,017] {logging_mixin.py:115} INFO - [2024-04-02 19:39:53,017] {dag.py:2927} INFO - Setting next_dagrun for example_sla_dag to 2024-04-02T22:36:00+00:00, run_after=2024-04-02T22:38:00+00:00
[2024-04-02 19:39:53,022] {processor.py:161} INFO - Processing /Users/miltonvolpato/Git/Alura_Airflow_Oficial/venv/lib/python3.9/site-packages/airflow/example_dags/example_sla_dag.py took 0.060 seconds
[2024-04-02 19:40:46,830] {processor.py:153} INFO - Started process (PID=11632) to work on /Users/miltonvolpato/Git/Alura_Airflow_Oficial/venv/lib/python3.9/site-packages/airflow/example_dags/example_sla_dag.py
[2024-04-02 19:40:46,830] {processor.py:641} INFO - Processing file /Users/miltonvolpato/Git/Alura_Airflow_Oficial/venv/lib/python3.9/site-packages/airflow/example_dags/example_sla_dag.py for tasks to queue
[2024-04-02 19:40:46,831] {logging_mixin.py:115} INFO - [2024-04-02 19:40:46,830] {dagbag.py:507} INFO - Filling up the DagBag from /Users/miltonvolpato/Git/Alura_Airflow_Oficial/venv/lib/python3.9/site-packages/airflow/example_dags/example_sla_dag.py
[2024-04-02 19:40:46,845] {processor.py:651} INFO - DAG(s) dict_keys(['example_sla_dag']) retrieved from /Users/miltonvolpato/Git/Alura_Airflow_Oficial/venv/lib/python3.9/site-packages/airflow/example_dags/example_sla_dag.py
[2024-04-02 19:40:46,873] {logging_mixin.py:115} INFO - [2024-04-02 19:40:46,873] {dag.py:2379} INFO - Sync 1 DAGs
[2024-04-02 19:40:46,881] {logging_mixin.py:115} INFO - [2024-04-02 19:40:46,881] {dag.py:2927} INFO - Setting next_dagrun for example_sla_dag to 2024-04-02T22:38:00+00:00, run_after=2024-04-02T22:40:00+00:00
[2024-04-02 19:40:46,886] {processor.py:161} INFO - Processing /Users/miltonvolpato/Git/Alura_Airflow_Oficial/venv/lib/python3.9/site-packages/airflow/example_dags/example_sla_dag.py took 0.056 seconds
[2024-04-02 19:41:39,536] {processor.py:153} INFO - Started process (PID=11681) to work on /Users/miltonvolpato/Git/Alura_Airflow_Oficial/venv/lib/python3.9/site-packages/airflow/example_dags/example_sla_dag.py
[2024-04-02 19:41:39,536] {processor.py:641} INFO - Processing file /Users/miltonvolpato/Git/Alura_Airflow_Oficial/venv/lib/python3.9/site-packages/airflow/example_dags/example_sla_dag.py for tasks to queue
[2024-04-02 19:41:39,536] {logging_mixin.py:115} INFO - [2024-04-02 19:41:39,536] {dagbag.py:507} INFO - Filling up the DagBag from /Users/miltonvolpato/Git/Alura_Airflow_Oficial/venv/lib/python3.9/site-packages/airflow/example_dags/example_sla_dag.py
[2024-04-02 19:41:39,551] {processor.py:651} INFO - DAG(s) dict_keys(['example_sla_dag']) retrieved from /Users/miltonvolpato/Git/Alura_Airflow_Oficial/venv/lib/python3.9/site-packages/airflow/example_dags/example_sla_dag.py
[2024-04-02 19:41:39,580] {logging_mixin.py:115} INFO - [2024-04-02 19:41:39,580] {dag.py:2379} INFO - Sync 1 DAGs
[2024-04-02 19:41:39,588] {logging_mixin.py:115} INFO - [2024-04-02 19:41:39,588] {dag.py:2927} INFO - Setting next_dagrun for example_sla_dag to 2024-04-02T22:38:00+00:00, run_after=2024-04-02T22:40:00+00:00
[2024-04-02 19:41:39,592] {processor.py:161} INFO - Processing /Users/miltonvolpato/Git/Alura_Airflow_Oficial/venv/lib/python3.9/site-packages/airflow/example_dags/example_sla_dag.py took 0.057 seconds
[2024-04-02 19:42:33,591] {processor.py:153} INFO - Started process (PID=11731) to work on /Users/miltonvolpato/Git/Alura_Airflow_Oficial/venv/lib/python3.9/site-packages/airflow/example_dags/example_sla_dag.py
[2024-04-02 19:42:33,591] {processor.py:641} INFO - Processing file /Users/miltonvolpato/Git/Alura_Airflow_Oficial/venv/lib/python3.9/site-packages/airflow/example_dags/example_sla_dag.py for tasks to queue
[2024-04-02 19:42:33,591] {logging_mixin.py:115} INFO - [2024-04-02 19:42:33,591] {dagbag.py:507} INFO - Filling up the DagBag from /Users/miltonvolpato/Git/Alura_Airflow_Oficial/venv/lib/python3.9/site-packages/airflow/example_dags/example_sla_dag.py
[2024-04-02 19:42:33,606] {processor.py:651} INFO - DAG(s) dict_keys(['example_sla_dag']) retrieved from /Users/miltonvolpato/Git/Alura_Airflow_Oficial/venv/lib/python3.9/site-packages/airflow/example_dags/example_sla_dag.py
[2024-04-02 19:42:33,634] {logging_mixin.py:115} INFO - [2024-04-02 19:42:33,634] {dag.py:2379} INFO - Sync 1 DAGs
[2024-04-02 19:42:33,642] {logging_mixin.py:115} INFO - [2024-04-02 19:42:33,642] {dag.py:2927} INFO - Setting next_dagrun for example_sla_dag to 2024-04-02T22:40:00+00:00, run_after=2024-04-02T22:42:00+00:00
[2024-04-02 19:42:33,647] {processor.py:161} INFO - Processing /Users/miltonvolpato/Git/Alura_Airflow_Oficial/venv/lib/python3.9/site-packages/airflow/example_dags/example_sla_dag.py took 0.056 seconds
[2024-04-02 19:43:22,506] {processor.py:153} INFO - Started process (PID=11778) to work on /Users/miltonvolpato/Git/Alura_Airflow_Oficial/venv/lib/python3.9/site-packages/airflow/example_dags/example_sla_dag.py
[2024-04-02 19:43:22,506] {processor.py:641} INFO - Processing file /Users/miltonvolpato/Git/Alura_Airflow_Oficial/venv/lib/python3.9/site-packages/airflow/example_dags/example_sla_dag.py for tasks to queue
[2024-04-02 19:43:22,506] {logging_mixin.py:115} INFO - [2024-04-02 19:43:22,506] {dagbag.py:507} INFO - Filling up the DagBag from /Users/miltonvolpato/Git/Alura_Airflow_Oficial/venv/lib/python3.9/site-packages/airflow/example_dags/example_sla_dag.py
[2024-04-02 19:43:22,523] {processor.py:651} INFO - DAG(s) dict_keys(['example_sla_dag']) retrieved from /Users/miltonvolpato/Git/Alura_Airflow_Oficial/venv/lib/python3.9/site-packages/airflow/example_dags/example_sla_dag.py
[2024-04-02 19:43:22,552] {logging_mixin.py:115} INFO - [2024-04-02 19:43:22,552] {dag.py:2379} INFO - Sync 1 DAGs
[2024-04-02 19:43:22,560] {logging_mixin.py:115} INFO - [2024-04-02 19:43:22,560] {dag.py:2927} INFO - Setting next_dagrun for example_sla_dag to 2024-04-02T22:40:00+00:00, run_after=2024-04-02T22:42:00+00:00
[2024-04-02 19:43:22,565] {processor.py:161} INFO - Processing /Users/miltonvolpato/Git/Alura_Airflow_Oficial/venv/lib/python3.9/site-packages/airflow/example_dags/example_sla_dag.py took 0.060 seconds
[2024-04-02 19:44:06,670] {processor.py:153} INFO - Started process (PID=11829) to work on /Users/miltonvolpato/Git/Alura_Airflow_Oficial/venv/lib/python3.9/site-packages/airflow/example_dags/example_sla_dag.py
[2024-04-02 19:44:06,671] {processor.py:641} INFO - Processing file /Users/miltonvolpato/Git/Alura_Airflow_Oficial/venv/lib/python3.9/site-packages/airflow/example_dags/example_sla_dag.py for tasks to queue
[2024-04-02 19:44:06,671] {logging_mixin.py:115} INFO - [2024-04-02 19:44:06,671] {dagbag.py:507} INFO - Filling up the DagBag from /Users/miltonvolpato/Git/Alura_Airflow_Oficial/venv/lib/python3.9/site-packages/airflow/example_dags/example_sla_dag.py
[2024-04-02 19:44:06,687] {processor.py:651} INFO - DAG(s) dict_keys(['example_sla_dag']) retrieved from /Users/miltonvolpato/Git/Alura_Airflow_Oficial/venv/lib/python3.9/site-packages/airflow/example_dags/example_sla_dag.py
[2024-04-02 19:44:06,716] {logging_mixin.py:115} INFO - [2024-04-02 19:44:06,715] {dag.py:2379} INFO - Sync 1 DAGs
[2024-04-02 19:44:06,724] {logging_mixin.py:115} INFO - [2024-04-02 19:44:06,724] {dag.py:2927} INFO - Setting next_dagrun for example_sla_dag to 2024-04-02T22:42:00+00:00, run_after=2024-04-02T22:44:00+00:00
[2024-04-02 19:44:06,729] {processor.py:161} INFO - Processing /Users/miltonvolpato/Git/Alura_Airflow_Oficial/venv/lib/python3.9/site-packages/airflow/example_dags/example_sla_dag.py took 0.059 seconds
[2024-04-02 19:44:58,408] {processor.py:153} INFO - Started process (PID=11895) to work on /Users/miltonvolpato/Git/Alura_Airflow_Oficial/venv/lib/python3.9/site-packages/airflow/example_dags/example_sla_dag.py
[2024-04-02 19:44:58,409] {processor.py:641} INFO - Processing file /Users/miltonvolpato/Git/Alura_Airflow_Oficial/venv/lib/python3.9/site-packages/airflow/example_dags/example_sla_dag.py for tasks to queue
[2024-04-02 19:44:58,409] {logging_mixin.py:115} INFO - [2024-04-02 19:44:58,409] {dagbag.py:507} INFO - Filling up the DagBag from /Users/miltonvolpato/Git/Alura_Airflow_Oficial/venv/lib/python3.9/site-packages/airflow/example_dags/example_sla_dag.py
[2024-04-02 19:44:58,425] {processor.py:651} INFO - DAG(s) dict_keys(['example_sla_dag']) retrieved from /Users/miltonvolpato/Git/Alura_Airflow_Oficial/venv/lib/python3.9/site-packages/airflow/example_dags/example_sla_dag.py
[2024-04-02 19:44:58,453] {logging_mixin.py:115} INFO - [2024-04-02 19:44:58,453] {dag.py:2379} INFO - Sync 1 DAGs
[2024-04-02 19:44:58,462] {logging_mixin.py:115} INFO - [2024-04-02 19:44:58,462] {dag.py:2927} INFO - Setting next_dagrun for example_sla_dag to 2024-04-02T22:42:00+00:00, run_after=2024-04-02T22:44:00+00:00
[2024-04-02 19:44:58,467] {processor.py:161} INFO - Processing /Users/miltonvolpato/Git/Alura_Airflow_Oficial/venv/lib/python3.9/site-packages/airflow/example_dags/example_sla_dag.py took 0.059 seconds
[2024-04-02 19:45:49,131] {processor.py:153} INFO - Started process (PID=11936) to work on /Users/miltonvolpato/Git/Alura_Airflow_Oficial/venv/lib/python3.9/site-packages/airflow/example_dags/example_sla_dag.py
[2024-04-02 19:45:49,131] {processor.py:641} INFO - Processing file /Users/miltonvolpato/Git/Alura_Airflow_Oficial/venv/lib/python3.9/site-packages/airflow/example_dags/example_sla_dag.py for tasks to queue
[2024-04-02 19:45:49,132] {logging_mixin.py:115} INFO - [2024-04-02 19:45:49,131] {dagbag.py:507} INFO - Filling up the DagBag from /Users/miltonvolpato/Git/Alura_Airflow_Oficial/venv/lib/python3.9/site-packages/airflow/example_dags/example_sla_dag.py
[2024-04-02 19:45:49,147] {processor.py:651} INFO - DAG(s) dict_keys(['example_sla_dag']) retrieved from /Users/miltonvolpato/Git/Alura_Airflow_Oficial/venv/lib/python3.9/site-packages/airflow/example_dags/example_sla_dag.py
[2024-04-02 19:45:49,176] {logging_mixin.py:115} INFO - [2024-04-02 19:45:49,176] {dag.py:2379} INFO - Sync 1 DAGs
[2024-04-02 19:45:49,184] {logging_mixin.py:115} INFO - [2024-04-02 19:45:49,184] {dag.py:2927} INFO - Setting next_dagrun for example_sla_dag to 2024-04-02T22:42:00+00:00, run_after=2024-04-02T22:44:00+00:00
[2024-04-02 19:45:49,189] {processor.py:161} INFO - Processing /Users/miltonvolpato/Git/Alura_Airflow_Oficial/venv/lib/python3.9/site-packages/airflow/example_dags/example_sla_dag.py took 0.058 seconds
[2024-04-02 19:46:39,853] {processor.py:153} INFO - Started process (PID=12010) to work on /Users/miltonvolpato/Git/Alura_Airflow_Oficial/venv/lib/python3.9/site-packages/airflow/example_dags/example_sla_dag.py
[2024-04-02 19:46:39,853] {processor.py:641} INFO - Processing file /Users/miltonvolpato/Git/Alura_Airflow_Oficial/venv/lib/python3.9/site-packages/airflow/example_dags/example_sla_dag.py for tasks to queue
[2024-04-02 19:46:39,853] {logging_mixin.py:115} INFO - [2024-04-02 19:46:39,853] {dagbag.py:507} INFO - Filling up the DagBag from /Users/miltonvolpato/Git/Alura_Airflow_Oficial/venv/lib/python3.9/site-packages/airflow/example_dags/example_sla_dag.py
[2024-04-02 19:46:39,869] {processor.py:651} INFO - DAG(s) dict_keys(['example_sla_dag']) retrieved from /Users/miltonvolpato/Git/Alura_Airflow_Oficial/venv/lib/python3.9/site-packages/airflow/example_dags/example_sla_dag.py
[2024-04-02 19:46:39,899] {logging_mixin.py:115} INFO - [2024-04-02 19:46:39,899] {dag.py:2379} INFO - Sync 1 DAGs
[2024-04-02 19:46:39,907] {logging_mixin.py:115} INFO - [2024-04-02 19:46:39,907] {dag.py:2927} INFO - Setting next_dagrun for example_sla_dag to 2024-04-02T22:44:00+00:00, run_after=2024-04-02T22:46:00+00:00
[2024-04-02 19:46:39,912] {processor.py:161} INFO - Processing /Users/miltonvolpato/Git/Alura_Airflow_Oficial/venv/lib/python3.9/site-packages/airflow/example_dags/example_sla_dag.py took 0.059 seconds
[2024-04-02 19:47:33,443] {processor.py:153} INFO - Started process (PID=12099) to work on /Users/miltonvolpato/Git/Alura_Airflow_Oficial/venv/lib/python3.9/site-packages/airflow/example_dags/example_sla_dag.py
[2024-04-02 19:47:33,444] {processor.py:641} INFO - Processing file /Users/miltonvolpato/Git/Alura_Airflow_Oficial/venv/lib/python3.9/site-packages/airflow/example_dags/example_sla_dag.py for tasks to queue
[2024-04-02 19:47:33,444] {logging_mixin.py:115} INFO - [2024-04-02 19:47:33,444] {dagbag.py:507} INFO - Filling up the DagBag from /Users/miltonvolpato/Git/Alura_Airflow_Oficial/venv/lib/python3.9/site-packages/airflow/example_dags/example_sla_dag.py
[2024-04-02 19:47:33,459] {processor.py:651} INFO - DAG(s) dict_keys(['example_sla_dag']) retrieved from /Users/miltonvolpato/Git/Alura_Airflow_Oficial/venv/lib/python3.9/site-packages/airflow/example_dags/example_sla_dag.py
[2024-04-02 19:47:33,488] {logging_mixin.py:115} INFO - [2024-04-02 19:47:33,488] {dag.py:2379} INFO - Sync 1 DAGs
[2024-04-02 19:47:33,496] {logging_mixin.py:115} INFO - [2024-04-02 19:47:33,496] {dag.py:2927} INFO - Setting next_dagrun for example_sla_dag to 2024-04-02T22:44:00+00:00, run_after=2024-04-02T22:46:00+00:00
[2024-04-02 19:47:33,501] {processor.py:161} INFO - Processing /Users/miltonvolpato/Git/Alura_Airflow_Oficial/venv/lib/python3.9/site-packages/airflow/example_dags/example_sla_dag.py took 0.058 seconds
[2024-04-02 19:48:19,031] {processor.py:153} INFO - Started process (PID=12141) to work on /Users/miltonvolpato/Git/Alura_Airflow_Oficial/venv/lib/python3.9/site-packages/airflow/example_dags/example_sla_dag.py
[2024-04-02 19:48:19,031] {processor.py:641} INFO - Processing file /Users/miltonvolpato/Git/Alura_Airflow_Oficial/venv/lib/python3.9/site-packages/airflow/example_dags/example_sla_dag.py for tasks to queue
[2024-04-02 19:48:19,031] {logging_mixin.py:115} INFO - [2024-04-02 19:48:19,031] {dagbag.py:507} INFO - Filling up the DagBag from /Users/miltonvolpato/Git/Alura_Airflow_Oficial/venv/lib/python3.9/site-packages/airflow/example_dags/example_sla_dag.py
[2024-04-02 19:48:19,046] {processor.py:651} INFO - DAG(s) dict_keys(['example_sla_dag']) retrieved from /Users/miltonvolpato/Git/Alura_Airflow_Oficial/venv/lib/python3.9/site-packages/airflow/example_dags/example_sla_dag.py
[2024-04-02 19:48:19,075] {logging_mixin.py:115} INFO - [2024-04-02 19:48:19,075] {dag.py:2379} INFO - Sync 1 DAGs
[2024-04-02 19:48:19,084] {logging_mixin.py:115} INFO - [2024-04-02 19:48:19,084] {dag.py:2927} INFO - Setting next_dagrun for example_sla_dag to 2024-04-02T22:46:00+00:00, run_after=2024-04-02T22:48:00+00:00
[2024-04-02 19:48:19,090] {processor.py:161} INFO - Processing /Users/miltonvolpato/Git/Alura_Airflow_Oficial/venv/lib/python3.9/site-packages/airflow/example_dags/example_sla_dag.py took 0.059 seconds
[2024-04-02 19:49:07,968] {processor.py:153} INFO - Started process (PID=12196) to work on /Users/miltonvolpato/Git/Alura_Airflow_Oficial/venv/lib/python3.9/site-packages/airflow/example_dags/example_sla_dag.py
[2024-04-02 19:49:07,968] {processor.py:641} INFO - Processing file /Users/miltonvolpato/Git/Alura_Airflow_Oficial/venv/lib/python3.9/site-packages/airflow/example_dags/example_sla_dag.py for tasks to queue
[2024-04-02 19:49:07,968] {logging_mixin.py:115} INFO - [2024-04-02 19:49:07,968] {dagbag.py:507} INFO - Filling up the DagBag from /Users/miltonvolpato/Git/Alura_Airflow_Oficial/venv/lib/python3.9/site-packages/airflow/example_dags/example_sla_dag.py
[2024-04-02 19:49:07,983] {processor.py:651} INFO - DAG(s) dict_keys(['example_sla_dag']) retrieved from /Users/miltonvolpato/Git/Alura_Airflow_Oficial/venv/lib/python3.9/site-packages/airflow/example_dags/example_sla_dag.py
[2024-04-02 19:49:08,012] {logging_mixin.py:115} INFO - [2024-04-02 19:49:08,011] {dag.py:2379} INFO - Sync 1 DAGs
[2024-04-02 19:49:08,020] {logging_mixin.py:115} INFO - [2024-04-02 19:49:08,020] {dag.py:2927} INFO - Setting next_dagrun for example_sla_dag to 2024-04-02T22:46:00+00:00, run_after=2024-04-02T22:48:00+00:00
[2024-04-02 19:49:08,026] {processor.py:161} INFO - Processing /Users/miltonvolpato/Git/Alura_Airflow_Oficial/venv/lib/python3.9/site-packages/airflow/example_dags/example_sla_dag.py took 0.058 seconds
[2024-04-02 19:50:01,434] {processor.py:153} INFO - Started process (PID=12252) to work on /Users/miltonvolpato/Git/Alura_Airflow_Oficial/venv/lib/python3.9/site-packages/airflow/example_dags/example_sla_dag.py
[2024-04-02 19:50:01,435] {processor.py:641} INFO - Processing file /Users/miltonvolpato/Git/Alura_Airflow_Oficial/venv/lib/python3.9/site-packages/airflow/example_dags/example_sla_dag.py for tasks to queue
[2024-04-02 19:50:01,435] {logging_mixin.py:115} INFO - [2024-04-02 19:50:01,435] {dagbag.py:507} INFO - Filling up the DagBag from /Users/miltonvolpato/Git/Alura_Airflow_Oficial/venv/lib/python3.9/site-packages/airflow/example_dags/example_sla_dag.py
[2024-04-02 19:50:01,450] {processor.py:651} INFO - DAG(s) dict_keys(['example_sla_dag']) retrieved from /Users/miltonvolpato/Git/Alura_Airflow_Oficial/venv/lib/python3.9/site-packages/airflow/example_dags/example_sla_dag.py
[2024-04-02 19:50:01,479] {logging_mixin.py:115} INFO - [2024-04-02 19:50:01,479] {dag.py:2379} INFO - Sync 1 DAGs
[2024-04-02 19:50:01,487] {logging_mixin.py:115} INFO - [2024-04-02 19:50:01,487] {dag.py:2927} INFO - Setting next_dagrun for example_sla_dag to 2024-04-02T22:48:00+00:00, run_after=2024-04-02T22:50:00+00:00
[2024-04-02 19:50:01,492] {processor.py:161} INFO - Processing /Users/miltonvolpato/Git/Alura_Airflow_Oficial/venv/lib/python3.9/site-packages/airflow/example_dags/example_sla_dag.py took 0.059 seconds
[2024-04-02 19:50:54,010] {processor.py:153} INFO - Started process (PID=12300) to work on /Users/miltonvolpato/Git/Alura_Airflow_Oficial/venv/lib/python3.9/site-packages/airflow/example_dags/example_sla_dag.py
[2024-04-02 19:50:54,011] {processor.py:641} INFO - Processing file /Users/miltonvolpato/Git/Alura_Airflow_Oficial/venv/lib/python3.9/site-packages/airflow/example_dags/example_sla_dag.py for tasks to queue
[2024-04-02 19:50:54,011] {logging_mixin.py:115} INFO - [2024-04-02 19:50:54,011] {dagbag.py:507} INFO - Filling up the DagBag from /Users/miltonvolpato/Git/Alura_Airflow_Oficial/venv/lib/python3.9/site-packages/airflow/example_dags/example_sla_dag.py
[2024-04-02 19:50:54,027] {processor.py:651} INFO - DAG(s) dict_keys(['example_sla_dag']) retrieved from /Users/miltonvolpato/Git/Alura_Airflow_Oficial/venv/lib/python3.9/site-packages/airflow/example_dags/example_sla_dag.py
[2024-04-02 19:50:54,055] {logging_mixin.py:115} INFO - [2024-04-02 19:50:54,055] {dag.py:2379} INFO - Sync 1 DAGs
[2024-04-02 19:50:54,063] {logging_mixin.py:115} INFO - [2024-04-02 19:50:54,063] {dag.py:2927} INFO - Setting next_dagrun for example_sla_dag to 2024-04-02T22:48:00+00:00, run_after=2024-04-02T22:50:00+00:00
[2024-04-02 19:50:54,068] {processor.py:161} INFO - Processing /Users/miltonvolpato/Git/Alura_Airflow_Oficial/venv/lib/python3.9/site-packages/airflow/example_dags/example_sla_dag.py took 0.058 seconds
[2024-04-02 19:51:48,720] {processor.py:153} INFO - Started process (PID=12346) to work on /Users/miltonvolpato/Git/Alura_Airflow_Oficial/venv/lib/python3.9/site-packages/airflow/example_dags/example_sla_dag.py
[2024-04-02 19:51:48,721] {processor.py:641} INFO - Processing file /Users/miltonvolpato/Git/Alura_Airflow_Oficial/venv/lib/python3.9/site-packages/airflow/example_dags/example_sla_dag.py for tasks to queue
[2024-04-02 19:51:48,721] {logging_mixin.py:115} INFO - [2024-04-02 19:51:48,721] {dagbag.py:507} INFO - Filling up the DagBag from /Users/miltonvolpato/Git/Alura_Airflow_Oficial/venv/lib/python3.9/site-packages/airflow/example_dags/example_sla_dag.py
[2024-04-02 19:51:48,738] {processor.py:651} INFO - DAG(s) dict_keys(['example_sla_dag']) retrieved from /Users/miltonvolpato/Git/Alura_Airflow_Oficial/venv/lib/python3.9/site-packages/airflow/example_dags/example_sla_dag.py
[2024-04-02 19:51:48,767] {logging_mixin.py:115} INFO - [2024-04-02 19:51:48,767] {dag.py:2379} INFO - Sync 1 DAGs
[2024-04-02 19:51:48,776] {logging_mixin.py:115} INFO - [2024-04-02 19:51:48,776] {dag.py:2927} INFO - Setting next_dagrun for example_sla_dag to 2024-04-02T22:48:00+00:00, run_after=2024-04-02T22:50:00+00:00
[2024-04-02 19:51:48,781] {processor.py:161} INFO - Processing /Users/miltonvolpato/Git/Alura_Airflow_Oficial/venv/lib/python3.9/site-packages/airflow/example_dags/example_sla_dag.py took 0.061 seconds
[2024-04-02 19:52:40,337] {processor.py:153} INFO - Started process (PID=12403) to work on /Users/miltonvolpato/Git/Alura_Airflow_Oficial/venv/lib/python3.9/site-packages/airflow/example_dags/example_sla_dag.py
[2024-04-02 19:52:40,338] {processor.py:641} INFO - Processing file /Users/miltonvolpato/Git/Alura_Airflow_Oficial/venv/lib/python3.9/site-packages/airflow/example_dags/example_sla_dag.py for tasks to queue
[2024-04-02 19:52:40,338] {logging_mixin.py:115} INFO - [2024-04-02 19:52:40,338] {dagbag.py:507} INFO - Filling up the DagBag from /Users/miltonvolpato/Git/Alura_Airflow_Oficial/venv/lib/python3.9/site-packages/airflow/example_dags/example_sla_dag.py
[2024-04-02 19:52:40,354] {processor.py:651} INFO - DAG(s) dict_keys(['example_sla_dag']) retrieved from /Users/miltonvolpato/Git/Alura_Airflow_Oficial/venv/lib/python3.9/site-packages/airflow/example_dags/example_sla_dag.py
[2024-04-02 19:52:40,386] {logging_mixin.py:115} INFO - [2024-04-02 19:52:40,386] {dag.py:2379} INFO - Sync 1 DAGs
[2024-04-02 19:52:40,395] {logging_mixin.py:115} INFO - [2024-04-02 19:52:40,395] {dag.py:2927} INFO - Setting next_dagrun for example_sla_dag to 2024-04-02T22:50:00+00:00, run_after=2024-04-02T22:52:00+00:00
[2024-04-02 19:52:40,400] {processor.py:161} INFO - Processing /Users/miltonvolpato/Git/Alura_Airflow_Oficial/venv/lib/python3.9/site-packages/airflow/example_dags/example_sla_dag.py took 0.063 seconds
[2024-04-02 19:53:22,193] {processor.py:153} INFO - Started process (PID=12444) to work on /Users/miltonvolpato/Git/Alura_Airflow_Oficial/venv/lib/python3.9/site-packages/airflow/example_dags/example_sla_dag.py
[2024-04-02 19:53:22,194] {processor.py:641} INFO - Processing file /Users/miltonvolpato/Git/Alura_Airflow_Oficial/venv/lib/python3.9/site-packages/airflow/example_dags/example_sla_dag.py for tasks to queue
[2024-04-02 19:53:22,195] {logging_mixin.py:115} INFO - [2024-04-02 19:53:22,195] {dagbag.py:507} INFO - Filling up the DagBag from /Users/miltonvolpato/Git/Alura_Airflow_Oficial/venv/lib/python3.9/site-packages/airflow/example_dags/example_sla_dag.py
[2024-04-02 19:53:22,211] {processor.py:651} INFO - DAG(s) dict_keys(['example_sla_dag']) retrieved from /Users/miltonvolpato/Git/Alura_Airflow_Oficial/venv/lib/python3.9/site-packages/airflow/example_dags/example_sla_dag.py
[2024-04-02 19:53:22,241] {logging_mixin.py:115} INFO - [2024-04-02 19:53:22,241] {dag.py:2379} INFO - Sync 1 DAGs
[2024-04-02 19:53:22,250] {logging_mixin.py:115} INFO - [2024-04-02 19:53:22,250] {dag.py:2927} INFO - Setting next_dagrun for example_sla_dag to 2024-04-02T22:50:00+00:00, run_after=2024-04-02T22:52:00+00:00
[2024-04-02 19:53:22,255] {processor.py:161} INFO - Processing /Users/miltonvolpato/Git/Alura_Airflow_Oficial/venv/lib/python3.9/site-packages/airflow/example_dags/example_sla_dag.py took 0.062 seconds
[2024-04-02 19:54:17,867] {processor.py:153} INFO - Started process (PID=12550) to work on /Users/miltonvolpato/Git/Alura_Airflow_Oficial/venv/lib/python3.9/site-packages/airflow/example_dags/example_sla_dag.py
[2024-04-02 19:54:17,868] {processor.py:641} INFO - Processing file /Users/miltonvolpato/Git/Alura_Airflow_Oficial/venv/lib/python3.9/site-packages/airflow/example_dags/example_sla_dag.py for tasks to queue
[2024-04-02 19:54:17,868] {logging_mixin.py:115} INFO - [2024-04-02 19:54:17,868] {dagbag.py:507} INFO - Filling up the DagBag from /Users/miltonvolpato/Git/Alura_Airflow_Oficial/venv/lib/python3.9/site-packages/airflow/example_dags/example_sla_dag.py
[2024-04-02 19:54:17,884] {processor.py:651} INFO - DAG(s) dict_keys(['example_sla_dag']) retrieved from /Users/miltonvolpato/Git/Alura_Airflow_Oficial/venv/lib/python3.9/site-packages/airflow/example_dags/example_sla_dag.py
[2024-04-02 19:54:17,915] {logging_mixin.py:115} INFO - [2024-04-02 19:54:17,915] {dag.py:2379} INFO - Sync 1 DAGs
[2024-04-02 19:54:17,925] {logging_mixin.py:115} INFO - [2024-04-02 19:54:17,924] {dag.py:2927} INFO - Setting next_dagrun for example_sla_dag to 2024-04-02T22:52:00+00:00, run_after=2024-04-02T22:54:00+00:00
[2024-04-02 19:54:17,930] {processor.py:161} INFO - Processing /Users/miltonvolpato/Git/Alura_Airflow_Oficial/venv/lib/python3.9/site-packages/airflow/example_dags/example_sla_dag.py took 0.064 seconds
[2024-04-02 19:55:15,892] {processor.py:153} INFO - Started process (PID=12644) to work on /Users/miltonvolpato/Git/Alura_Airflow_Oficial/venv/lib/python3.9/site-packages/airflow/example_dags/example_sla_dag.py
[2024-04-02 19:55:15,893] {processor.py:641} INFO - Processing file /Users/miltonvolpato/Git/Alura_Airflow_Oficial/venv/lib/python3.9/site-packages/airflow/example_dags/example_sla_dag.py for tasks to queue
[2024-04-02 19:55:15,894] {logging_mixin.py:115} INFO - [2024-04-02 19:55:15,893] {dagbag.py:507} INFO - Filling up the DagBag from /Users/miltonvolpato/Git/Alura_Airflow_Oficial/venv/lib/python3.9/site-packages/airflow/example_dags/example_sla_dag.py
[2024-04-02 19:55:15,908] {processor.py:651} INFO - DAG(s) dict_keys(['example_sla_dag']) retrieved from /Users/miltonvolpato/Git/Alura_Airflow_Oficial/venv/lib/python3.9/site-packages/airflow/example_dags/example_sla_dag.py
[2024-04-02 19:55:15,937] {logging_mixin.py:115} INFO - [2024-04-02 19:55:15,937] {dag.py:2379} INFO - Sync 1 DAGs
[2024-04-02 19:55:15,945] {logging_mixin.py:115} INFO - [2024-04-02 19:55:15,945] {dag.py:2927} INFO - Setting next_dagrun for example_sla_dag to 2024-04-02T22:52:00+00:00, run_after=2024-04-02T22:54:00+00:00
[2024-04-02 19:55:15,950] {processor.py:161} INFO - Processing /Users/miltonvolpato/Git/Alura_Airflow_Oficial/venv/lib/python3.9/site-packages/airflow/example_dags/example_sla_dag.py took 0.058 seconds
[2024-04-02 19:56:08,008] {processor.py:153} INFO - Started process (PID=12745) to work on /Users/miltonvolpato/Git/Alura_Airflow_Oficial/venv/lib/python3.9/site-packages/airflow/example_dags/example_sla_dag.py
[2024-04-02 19:56:08,009] {processor.py:641} INFO - Processing file /Users/miltonvolpato/Git/Alura_Airflow_Oficial/venv/lib/python3.9/site-packages/airflow/example_dags/example_sla_dag.py for tasks to queue
[2024-04-02 19:56:08,009] {logging_mixin.py:115} INFO - [2024-04-02 19:56:08,009] {dagbag.py:507} INFO - Filling up the DagBag from /Users/miltonvolpato/Git/Alura_Airflow_Oficial/venv/lib/python3.9/site-packages/airflow/example_dags/example_sla_dag.py
[2024-04-02 19:56:08,025] {processor.py:651} INFO - DAG(s) dict_keys(['example_sla_dag']) retrieved from /Users/miltonvolpato/Git/Alura_Airflow_Oficial/venv/lib/python3.9/site-packages/airflow/example_dags/example_sla_dag.py
[2024-04-02 19:56:08,055] {logging_mixin.py:115} INFO - [2024-04-02 19:56:08,055] {dag.py:2379} INFO - Sync 1 DAGs
[2024-04-02 19:56:08,063] {logging_mixin.py:115} INFO - [2024-04-02 19:56:08,063] {dag.py:2927} INFO - Setting next_dagrun for example_sla_dag to 2024-04-02T22:54:00+00:00, run_after=2024-04-02T22:56:00+00:00
[2024-04-02 19:56:08,068] {processor.py:161} INFO - Processing /Users/miltonvolpato/Git/Alura_Airflow_Oficial/venv/lib/python3.9/site-packages/airflow/example_dags/example_sla_dag.py took 0.060 seconds
[2024-04-02 19:57:04,641] {processor.py:153} INFO - Started process (PID=12810) to work on /Users/miltonvolpato/Git/Alura_Airflow_Oficial/venv/lib/python3.9/site-packages/airflow/example_dags/example_sla_dag.py
[2024-04-02 19:57:04,641] {processor.py:641} INFO - Processing file /Users/miltonvolpato/Git/Alura_Airflow_Oficial/venv/lib/python3.9/site-packages/airflow/example_dags/example_sla_dag.py for tasks to queue
[2024-04-02 19:57:04,642] {logging_mixin.py:115} INFO - [2024-04-02 19:57:04,642] {dagbag.py:507} INFO - Filling up the DagBag from /Users/miltonvolpato/Git/Alura_Airflow_Oficial/venv/lib/python3.9/site-packages/airflow/example_dags/example_sla_dag.py
[2024-04-02 19:57:04,657] {processor.py:651} INFO - DAG(s) dict_keys(['example_sla_dag']) retrieved from /Users/miltonvolpato/Git/Alura_Airflow_Oficial/venv/lib/python3.9/site-packages/airflow/example_dags/example_sla_dag.py
[2024-04-02 19:57:04,687] {logging_mixin.py:115} INFO - [2024-04-02 19:57:04,687] {dag.py:2379} INFO - Sync 1 DAGs
[2024-04-02 19:57:04,695] {logging_mixin.py:115} INFO - [2024-04-02 19:57:04,695] {dag.py:2927} INFO - Setting next_dagrun for example_sla_dag to 2024-04-02T22:54:00+00:00, run_after=2024-04-02T22:56:00+00:00
[2024-04-02 19:57:04,700] {processor.py:161} INFO - Processing /Users/miltonvolpato/Git/Alura_Airflow_Oficial/venv/lib/python3.9/site-packages/airflow/example_dags/example_sla_dag.py took 0.060 seconds
[2024-04-02 19:57:51,077] {processor.py:153} INFO - Started process (PID=12852) to work on /Users/miltonvolpato/Git/Alura_Airflow_Oficial/venv/lib/python3.9/site-packages/airflow/example_dags/example_sla_dag.py
[2024-04-02 19:57:51,077] {processor.py:641} INFO - Processing file /Users/miltonvolpato/Git/Alura_Airflow_Oficial/venv/lib/python3.9/site-packages/airflow/example_dags/example_sla_dag.py for tasks to queue
[2024-04-02 19:57:51,077] {logging_mixin.py:115} INFO - [2024-04-02 19:57:51,077] {dagbag.py:507} INFO - Filling up the DagBag from /Users/miltonvolpato/Git/Alura_Airflow_Oficial/venv/lib/python3.9/site-packages/airflow/example_dags/example_sla_dag.py
[2024-04-02 19:57:51,092] {processor.py:651} INFO - DAG(s) dict_keys(['example_sla_dag']) retrieved from /Users/miltonvolpato/Git/Alura_Airflow_Oficial/venv/lib/python3.9/site-packages/airflow/example_dags/example_sla_dag.py
[2024-04-02 19:57:51,121] {logging_mixin.py:115} INFO - [2024-04-02 19:57:51,121] {dag.py:2379} INFO - Sync 1 DAGs
[2024-04-02 19:57:51,130] {logging_mixin.py:115} INFO - [2024-04-02 19:57:51,130] {dag.py:2927} INFO - Setting next_dagrun for example_sla_dag to 2024-04-02T22:54:00+00:00, run_after=2024-04-02T22:56:00+00:00
[2024-04-02 19:57:51,134] {processor.py:161} INFO - Processing /Users/miltonvolpato/Git/Alura_Airflow_Oficial/venv/lib/python3.9/site-packages/airflow/example_dags/example_sla_dag.py took 0.058 seconds
[2024-04-02 19:58:47,106] {processor.py:153} INFO - Started process (PID=12899) to work on /Users/miltonvolpato/Git/Alura_Airflow_Oficial/venv/lib/python3.9/site-packages/airflow/example_dags/example_sla_dag.py
[2024-04-02 19:58:47,106] {processor.py:641} INFO - Processing file /Users/miltonvolpato/Git/Alura_Airflow_Oficial/venv/lib/python3.9/site-packages/airflow/example_dags/example_sla_dag.py for tasks to queue
[2024-04-02 19:58:47,106] {logging_mixin.py:115} INFO - [2024-04-02 19:58:47,106] {dagbag.py:507} INFO - Filling up the DagBag from /Users/miltonvolpato/Git/Alura_Airflow_Oficial/venv/lib/python3.9/site-packages/airflow/example_dags/example_sla_dag.py
[2024-04-02 19:58:47,121] {processor.py:651} INFO - DAG(s) dict_keys(['example_sla_dag']) retrieved from /Users/miltonvolpato/Git/Alura_Airflow_Oficial/venv/lib/python3.9/site-packages/airflow/example_dags/example_sla_dag.py
[2024-04-02 19:58:47,150] {logging_mixin.py:115} INFO - [2024-04-02 19:58:47,150] {dag.py:2379} INFO - Sync 1 DAGs
[2024-04-02 19:58:47,158] {logging_mixin.py:115} INFO - [2024-04-02 19:58:47,158] {dag.py:2927} INFO - Setting next_dagrun for example_sla_dag to 2024-04-02T22:56:00+00:00, run_after=2024-04-02T22:58:00+00:00
[2024-04-02 19:58:47,163] {processor.py:161} INFO - Processing /Users/miltonvolpato/Git/Alura_Airflow_Oficial/venv/lib/python3.9/site-packages/airflow/example_dags/example_sla_dag.py took 0.058 seconds
[2024-04-02 19:59:44,833] {processor.py:153} INFO - Started process (PID=12948) to work on /Users/miltonvolpato/Git/Alura_Airflow_Oficial/venv/lib/python3.9/site-packages/airflow/example_dags/example_sla_dag.py
[2024-04-02 19:59:44,833] {processor.py:641} INFO - Processing file /Users/miltonvolpato/Git/Alura_Airflow_Oficial/venv/lib/python3.9/site-packages/airflow/example_dags/example_sla_dag.py for tasks to queue
[2024-04-02 19:59:44,833] {logging_mixin.py:115} INFO - [2024-04-02 19:59:44,833] {dagbag.py:507} INFO - Filling up the DagBag from /Users/miltonvolpato/Git/Alura_Airflow_Oficial/venv/lib/python3.9/site-packages/airflow/example_dags/example_sla_dag.py
[2024-04-02 19:59:44,849] {processor.py:651} INFO - DAG(s) dict_keys(['example_sla_dag']) retrieved from /Users/miltonvolpato/Git/Alura_Airflow_Oficial/venv/lib/python3.9/site-packages/airflow/example_dags/example_sla_dag.py
[2024-04-02 19:59:44,877] {logging_mixin.py:115} INFO - [2024-04-02 19:59:44,877] {dag.py:2379} INFO - Sync 1 DAGs
[2024-04-02 19:59:44,885] {logging_mixin.py:115} INFO - [2024-04-02 19:59:44,885] {dag.py:2927} INFO - Setting next_dagrun for example_sla_dag to 2024-04-02T22:56:00+00:00, run_after=2024-04-02T22:58:00+00:00
[2024-04-02 19:59:44,890] {processor.py:161} INFO - Processing /Users/miltonvolpato/Git/Alura_Airflow_Oficial/venv/lib/python3.9/site-packages/airflow/example_dags/example_sla_dag.py took 0.058 seconds
[2024-04-02 20:00:37,385] {processor.py:153} INFO - Started process (PID=13003) to work on /Users/miltonvolpato/Git/Alura_Airflow_Oficial/venv/lib/python3.9/site-packages/airflow/example_dags/example_sla_dag.py
[2024-04-02 20:00:37,385] {processor.py:641} INFO - Processing file /Users/miltonvolpato/Git/Alura_Airflow_Oficial/venv/lib/python3.9/site-packages/airflow/example_dags/example_sla_dag.py for tasks to queue
[2024-04-02 20:00:37,385] {logging_mixin.py:115} INFO - [2024-04-02 20:00:37,385] {dagbag.py:507} INFO - Filling up the DagBag from /Users/miltonvolpato/Git/Alura_Airflow_Oficial/venv/lib/python3.9/site-packages/airflow/example_dags/example_sla_dag.py
[2024-04-02 20:00:37,400] {processor.py:651} INFO - DAG(s) dict_keys(['example_sla_dag']) retrieved from /Users/miltonvolpato/Git/Alura_Airflow_Oficial/venv/lib/python3.9/site-packages/airflow/example_dags/example_sla_dag.py
[2024-04-02 20:00:37,429] {logging_mixin.py:115} INFO - [2024-04-02 20:00:37,429] {dag.py:2379} INFO - Sync 1 DAGs
[2024-04-02 20:00:37,437] {logging_mixin.py:115} INFO - [2024-04-02 20:00:37,437] {dag.py:2927} INFO - Setting next_dagrun for example_sla_dag to 2024-04-02T22:58:00+00:00, run_after=2024-04-02T23:00:00+00:00
[2024-04-02 20:00:37,442] {processor.py:161} INFO - Processing /Users/miltonvolpato/Git/Alura_Airflow_Oficial/venv/lib/python3.9/site-packages/airflow/example_dags/example_sla_dag.py took 0.058 seconds
[2024-04-02 20:01:33,755] {processor.py:153} INFO - Started process (PID=13054) to work on /Users/miltonvolpato/Git/Alura_Airflow_Oficial/venv/lib/python3.9/site-packages/airflow/example_dags/example_sla_dag.py
[2024-04-02 20:01:33,755] {processor.py:641} INFO - Processing file /Users/miltonvolpato/Git/Alura_Airflow_Oficial/venv/lib/python3.9/site-packages/airflow/example_dags/example_sla_dag.py for tasks to queue
[2024-04-02 20:01:33,756] {logging_mixin.py:115} INFO - [2024-04-02 20:01:33,755] {dagbag.py:507} INFO - Filling up the DagBag from /Users/miltonvolpato/Git/Alura_Airflow_Oficial/venv/lib/python3.9/site-packages/airflow/example_dags/example_sla_dag.py
[2024-04-02 20:01:33,771] {processor.py:651} INFO - DAG(s) dict_keys(['example_sla_dag']) retrieved from /Users/miltonvolpato/Git/Alura_Airflow_Oficial/venv/lib/python3.9/site-packages/airflow/example_dags/example_sla_dag.py
[2024-04-02 20:01:33,801] {logging_mixin.py:115} INFO - [2024-04-02 20:01:33,801] {dag.py:2379} INFO - Sync 1 DAGs
[2024-04-02 20:01:33,810] {logging_mixin.py:115} INFO - [2024-04-02 20:01:33,810] {dag.py:2927} INFO - Setting next_dagrun for example_sla_dag to 2024-04-02T22:58:00+00:00, run_after=2024-04-02T23:00:00+00:00
[2024-04-02 20:01:33,814] {processor.py:161} INFO - Processing /Users/miltonvolpato/Git/Alura_Airflow_Oficial/venv/lib/python3.9/site-packages/airflow/example_dags/example_sla_dag.py took 0.060 seconds
