[2024-04-02 19:37:06,573] {processor.py:153} INFO - Started process (PID=11361) to work on /Users/miltonvolpato/Git/Alura_Airflow_Oficial/venv/lib/python3.9/site-packages/airflow/example_dags/example_bash_operator.py
[2024-04-02 19:37:06,573] {processor.py:641} INFO - Processing file /Users/miltonvolpato/Git/Alura_Airflow_Oficial/venv/lib/python3.9/site-packages/airflow/example_dags/example_bash_operator.py for tasks to queue
[2024-04-02 19:37:06,573] {logging_mixin.py:115} INFO - [2024-04-02 19:37:06,573] {dagbag.py:507} INFO - Filling up the DagBag from /Users/miltonvolpato/Git/Alura_Airflow_Oficial/venv/lib/python3.9/site-packages/airflow/example_dags/example_bash_operator.py
[2024-04-02 19:37:06,581] {processor.py:651} INFO - DAG(s) dict_keys(['example_bash_operator']) retrieved from /Users/miltonvolpato/Git/Alura_Airflow_Oficial/venv/lib/python3.9/site-packages/airflow/example_dags/example_bash_operator.py
[2024-04-02 19:37:06,923] {logging_mixin.py:115} INFO - [2024-04-02 19:37:06,923] {manager.py:508} INFO - Created Permission View: can read on DAG:example_bash_operator
[2024-04-02 19:37:06,926] {logging_mixin.py:115} INFO - [2024-04-02 19:37:06,926] {manager.py:508} INFO - Created Permission View: can edit on DAG:example_bash_operator
[2024-04-02 19:37:06,928] {logging_mixin.py:115} INFO - [2024-04-02 19:37:06,928] {manager.py:508} INFO - Created Permission View: can delete on DAG:example_bash_operator
[2024-04-02 19:37:06,928] {logging_mixin.py:115} INFO - [2024-04-02 19:37:06,928] {dag.py:2379} INFO - Sync 1 DAGs
[2024-04-02 19:37:06,931] {logging_mixin.py:115} INFO - [2024-04-02 19:37:06,931] {dag.py:2398} INFO - Creating ORM DAG for example_bash_operator
[2024-04-02 19:37:06,936] {logging_mixin.py:115} INFO - [2024-04-02 19:37:06,936] {dag.py:2927} INFO - Setting next_dagrun for example_bash_operator to 2024-04-01T00:00:00+00:00, run_after=2024-04-02T00:00:00+00:00
[2024-04-02 19:37:06,941] {processor.py:161} INFO - Processing /Users/miltonvolpato/Git/Alura_Airflow_Oficial/venv/lib/python3.9/site-packages/airflow/example_dags/example_bash_operator.py took 0.368 seconds
[2024-04-02 19:38:08,025] {processor.py:153} INFO - Started process (PID=11474) to work on /Users/miltonvolpato/Git/Alura_Airflow_Oficial/venv/lib/python3.9/site-packages/airflow/example_dags/example_bash_operator.py
[2024-04-02 19:38:08,026] {processor.py:641} INFO - Processing file /Users/miltonvolpato/Git/Alura_Airflow_Oficial/venv/lib/python3.9/site-packages/airflow/example_dags/example_bash_operator.py for tasks to queue
[2024-04-02 19:38:08,026] {logging_mixin.py:115} INFO - [2024-04-02 19:38:08,026] {dagbag.py:507} INFO - Filling up the DagBag from /Users/miltonvolpato/Git/Alura_Airflow_Oficial/venv/lib/python3.9/site-packages/airflow/example_dags/example_bash_operator.py
[2024-04-02 19:38:08,034] {processor.py:651} INFO - DAG(s) dict_keys(['example_bash_operator']) retrieved from /Users/miltonvolpato/Git/Alura_Airflow_Oficial/venv/lib/python3.9/site-packages/airflow/example_dags/example_bash_operator.py
[2024-04-02 19:38:08,064] {logging_mixin.py:115} INFO - [2024-04-02 19:38:08,063] {dag.py:2379} INFO - Sync 1 DAGs
[2024-04-02 19:38:08,071] {logging_mixin.py:115} INFO - [2024-04-02 19:38:08,071] {dag.py:2927} INFO - Setting next_dagrun for example_bash_operator to 2024-04-01T00:00:00+00:00, run_after=2024-04-02T00:00:00+00:00
[2024-04-02 19:38:08,076] {processor.py:161} INFO - Processing /Users/miltonvolpato/Git/Alura_Airflow_Oficial/venv/lib/python3.9/site-packages/airflow/example_dags/example_bash_operator.py took 0.051 seconds
[2024-04-02 19:38:57,350] {processor.py:153} INFO - Started process (PID=11533) to work on /Users/miltonvolpato/Git/Alura_Airflow_Oficial/venv/lib/python3.9/site-packages/airflow/example_dags/example_bash_operator.py
[2024-04-02 19:38:57,350] {processor.py:641} INFO - Processing file /Users/miltonvolpato/Git/Alura_Airflow_Oficial/venv/lib/python3.9/site-packages/airflow/example_dags/example_bash_operator.py for tasks to queue
[2024-04-02 19:38:57,350] {logging_mixin.py:115} INFO - [2024-04-02 19:38:57,350] {dagbag.py:507} INFO - Filling up the DagBag from /Users/miltonvolpato/Git/Alura_Airflow_Oficial/venv/lib/python3.9/site-packages/airflow/example_dags/example_bash_operator.py
[2024-04-02 19:38:57,357] {processor.py:651} INFO - DAG(s) dict_keys(['example_bash_operator']) retrieved from /Users/miltonvolpato/Git/Alura_Airflow_Oficial/venv/lib/python3.9/site-packages/airflow/example_dags/example_bash_operator.py
[2024-04-02 19:38:57,386] {logging_mixin.py:115} INFO - [2024-04-02 19:38:57,386] {dag.py:2379} INFO - Sync 1 DAGs
[2024-04-02 19:38:57,394] {logging_mixin.py:115} INFO - [2024-04-02 19:38:57,394] {dag.py:2927} INFO - Setting next_dagrun for example_bash_operator to 2024-04-01T00:00:00+00:00, run_after=2024-04-02T00:00:00+00:00
[2024-04-02 19:38:57,399] {processor.py:161} INFO - Processing /Users/miltonvolpato/Git/Alura_Airflow_Oficial/venv/lib/python3.9/site-packages/airflow/example_dags/example_bash_operator.py took 0.049 seconds
[2024-04-02 19:39:45,465] {processor.py:153} INFO - Started process (PID=11574) to work on /Users/miltonvolpato/Git/Alura_Airflow_Oficial/venv/lib/python3.9/site-packages/airflow/example_dags/example_bash_operator.py
[2024-04-02 19:39:45,465] {processor.py:641} INFO - Processing file /Users/miltonvolpato/Git/Alura_Airflow_Oficial/venv/lib/python3.9/site-packages/airflow/example_dags/example_bash_operator.py for tasks to queue
[2024-04-02 19:39:45,465] {logging_mixin.py:115} INFO - [2024-04-02 19:39:45,465] {dagbag.py:507} INFO - Filling up the DagBag from /Users/miltonvolpato/Git/Alura_Airflow_Oficial/venv/lib/python3.9/site-packages/airflow/example_dags/example_bash_operator.py
[2024-04-02 19:39:45,472] {processor.py:651} INFO - DAG(s) dict_keys(['example_bash_operator']) retrieved from /Users/miltonvolpato/Git/Alura_Airflow_Oficial/venv/lib/python3.9/site-packages/airflow/example_dags/example_bash_operator.py
[2024-04-02 19:39:45,500] {logging_mixin.py:115} INFO - [2024-04-02 19:39:45,500] {dag.py:2379} INFO - Sync 1 DAGs
[2024-04-02 19:39:45,507] {logging_mixin.py:115} INFO - [2024-04-02 19:39:45,507] {dag.py:2927} INFO - Setting next_dagrun for example_bash_operator to 2024-04-01T00:00:00+00:00, run_after=2024-04-02T00:00:00+00:00
[2024-04-02 19:39:45,512] {processor.py:161} INFO - Processing /Users/miltonvolpato/Git/Alura_Airflow_Oficial/venv/lib/python3.9/site-packages/airflow/example_dags/example_bash_operator.py took 0.048 seconds
[2024-04-02 19:40:36,389] {processor.py:153} INFO - Started process (PID=11624) to work on /Users/miltonvolpato/Git/Alura_Airflow_Oficial/venv/lib/python3.9/site-packages/airflow/example_dags/example_bash_operator.py
[2024-04-02 19:40:36,389] {processor.py:641} INFO - Processing file /Users/miltonvolpato/Git/Alura_Airflow_Oficial/venv/lib/python3.9/site-packages/airflow/example_dags/example_bash_operator.py for tasks to queue
[2024-04-02 19:40:36,389] {logging_mixin.py:115} INFO - [2024-04-02 19:40:36,389] {dagbag.py:507} INFO - Filling up the DagBag from /Users/miltonvolpato/Git/Alura_Airflow_Oficial/venv/lib/python3.9/site-packages/airflow/example_dags/example_bash_operator.py
[2024-04-02 19:40:36,396] {processor.py:651} INFO - DAG(s) dict_keys(['example_bash_operator']) retrieved from /Users/miltonvolpato/Git/Alura_Airflow_Oficial/venv/lib/python3.9/site-packages/airflow/example_dags/example_bash_operator.py
[2024-04-02 19:40:36,424] {logging_mixin.py:115} INFO - [2024-04-02 19:40:36,424] {dag.py:2379} INFO - Sync 1 DAGs
[2024-04-02 19:40:36,432] {logging_mixin.py:115} INFO - [2024-04-02 19:40:36,432] {dag.py:2927} INFO - Setting next_dagrun for example_bash_operator to 2024-04-01T00:00:00+00:00, run_after=2024-04-02T00:00:00+00:00
[2024-04-02 19:40:36,436] {processor.py:161} INFO - Processing /Users/miltonvolpato/Git/Alura_Airflow_Oficial/venv/lib/python3.9/site-packages/airflow/example_dags/example_bash_operator.py took 0.048 seconds
[2024-04-02 19:41:29,939] {processor.py:153} INFO - Started process (PID=11671) to work on /Users/miltonvolpato/Git/Alura_Airflow_Oficial/venv/lib/python3.9/site-packages/airflow/example_dags/example_bash_operator.py
[2024-04-02 19:41:29,939] {processor.py:641} INFO - Processing file /Users/miltonvolpato/Git/Alura_Airflow_Oficial/venv/lib/python3.9/site-packages/airflow/example_dags/example_bash_operator.py for tasks to queue
[2024-04-02 19:41:29,939] {logging_mixin.py:115} INFO - [2024-04-02 19:41:29,939] {dagbag.py:507} INFO - Filling up the DagBag from /Users/miltonvolpato/Git/Alura_Airflow_Oficial/venv/lib/python3.9/site-packages/airflow/example_dags/example_bash_operator.py
[2024-04-02 19:41:29,947] {processor.py:651} INFO - DAG(s) dict_keys(['example_bash_operator']) retrieved from /Users/miltonvolpato/Git/Alura_Airflow_Oficial/venv/lib/python3.9/site-packages/airflow/example_dags/example_bash_operator.py
[2024-04-02 19:41:29,976] {logging_mixin.py:115} INFO - [2024-04-02 19:41:29,976] {dag.py:2379} INFO - Sync 1 DAGs
[2024-04-02 19:41:29,984] {logging_mixin.py:115} INFO - [2024-04-02 19:41:29,984] {dag.py:2927} INFO - Setting next_dagrun for example_bash_operator to 2024-04-01T00:00:00+00:00, run_after=2024-04-02T00:00:00+00:00
[2024-04-02 19:41:29,989] {processor.py:161} INFO - Processing /Users/miltonvolpato/Git/Alura_Airflow_Oficial/venv/lib/python3.9/site-packages/airflow/example_dags/example_bash_operator.py took 0.050 seconds
[2024-04-02 19:42:23,466] {processor.py:153} INFO - Started process (PID=11722) to work on /Users/miltonvolpato/Git/Alura_Airflow_Oficial/venv/lib/python3.9/site-packages/airflow/example_dags/example_bash_operator.py
[2024-04-02 19:42:23,466] {processor.py:641} INFO - Processing file /Users/miltonvolpato/Git/Alura_Airflow_Oficial/venv/lib/python3.9/site-packages/airflow/example_dags/example_bash_operator.py for tasks to queue
[2024-04-02 19:42:23,467] {logging_mixin.py:115} INFO - [2024-04-02 19:42:23,467] {dagbag.py:507} INFO - Filling up the DagBag from /Users/miltonvolpato/Git/Alura_Airflow_Oficial/venv/lib/python3.9/site-packages/airflow/example_dags/example_bash_operator.py
[2024-04-02 19:42:23,474] {processor.py:651} INFO - DAG(s) dict_keys(['example_bash_operator']) retrieved from /Users/miltonvolpato/Git/Alura_Airflow_Oficial/venv/lib/python3.9/site-packages/airflow/example_dags/example_bash_operator.py
[2024-04-02 19:42:23,503] {logging_mixin.py:115} INFO - [2024-04-02 19:42:23,503] {dag.py:2379} INFO - Sync 1 DAGs
[2024-04-02 19:42:23,511] {logging_mixin.py:115} INFO - [2024-04-02 19:42:23,511] {dag.py:2927} INFO - Setting next_dagrun for example_bash_operator to 2024-04-01T00:00:00+00:00, run_after=2024-04-02T00:00:00+00:00
[2024-04-02 19:42:23,516] {processor.py:161} INFO - Processing /Users/miltonvolpato/Git/Alura_Airflow_Oficial/venv/lib/python3.9/site-packages/airflow/example_dags/example_bash_operator.py took 0.050 seconds
[2024-04-02 19:43:13,513] {processor.py:153} INFO - Started process (PID=11771) to work on /Users/miltonvolpato/Git/Alura_Airflow_Oficial/venv/lib/python3.9/site-packages/airflow/example_dags/example_bash_operator.py
[2024-04-02 19:43:13,514] {processor.py:641} INFO - Processing file /Users/miltonvolpato/Git/Alura_Airflow_Oficial/venv/lib/python3.9/site-packages/airflow/example_dags/example_bash_operator.py for tasks to queue
[2024-04-02 19:43:13,514] {logging_mixin.py:115} INFO - [2024-04-02 19:43:13,514] {dagbag.py:507} INFO - Filling up the DagBag from /Users/miltonvolpato/Git/Alura_Airflow_Oficial/venv/lib/python3.9/site-packages/airflow/example_dags/example_bash_operator.py
[2024-04-02 19:43:13,521] {processor.py:651} INFO - DAG(s) dict_keys(['example_bash_operator']) retrieved from /Users/miltonvolpato/Git/Alura_Airflow_Oficial/venv/lib/python3.9/site-packages/airflow/example_dags/example_bash_operator.py
[2024-04-02 19:43:13,550] {logging_mixin.py:115} INFO - [2024-04-02 19:43:13,550] {dag.py:2379} INFO - Sync 1 DAGs
[2024-04-02 19:43:13,557] {logging_mixin.py:115} INFO - [2024-04-02 19:43:13,557] {dag.py:2927} INFO - Setting next_dagrun for example_bash_operator to 2024-04-01T00:00:00+00:00, run_after=2024-04-02T00:00:00+00:00
[2024-04-02 19:43:13,562] {processor.py:161} INFO - Processing /Users/miltonvolpato/Git/Alura_Airflow_Oficial/venv/lib/python3.9/site-packages/airflow/example_dags/example_bash_operator.py took 0.049 seconds
[2024-04-02 19:44:12,147] {processor.py:153} INFO - Started process (PID=11835) to work on /Users/miltonvolpato/Git/Alura_Airflow_Oficial/venv/lib/python3.9/site-packages/airflow/example_dags/example_bash_operator.py
[2024-04-02 19:44:12,148] {processor.py:641} INFO - Processing file /Users/miltonvolpato/Git/Alura_Airflow_Oficial/venv/lib/python3.9/site-packages/airflow/example_dags/example_bash_operator.py for tasks to queue
[2024-04-02 19:44:12,148] {logging_mixin.py:115} INFO - [2024-04-02 19:44:12,148] {dagbag.py:507} INFO - Filling up the DagBag from /Users/miltonvolpato/Git/Alura_Airflow_Oficial/venv/lib/python3.9/site-packages/airflow/example_dags/example_bash_operator.py
[2024-04-02 19:44:12,155] {processor.py:651} INFO - DAG(s) dict_keys(['example_bash_operator']) retrieved from /Users/miltonvolpato/Git/Alura_Airflow_Oficial/venv/lib/python3.9/site-packages/airflow/example_dags/example_bash_operator.py
[2024-04-02 19:44:12,184] {logging_mixin.py:115} INFO - [2024-04-02 19:44:12,184] {dag.py:2379} INFO - Sync 1 DAGs
[2024-04-02 19:44:12,191] {logging_mixin.py:115} INFO - [2024-04-02 19:44:12,191] {dag.py:2927} INFO - Setting next_dagrun for example_bash_operator to 2024-04-01T00:00:00+00:00, run_after=2024-04-02T00:00:00+00:00
[2024-04-02 19:44:12,196] {processor.py:161} INFO - Processing /Users/miltonvolpato/Git/Alura_Airflow_Oficial/venv/lib/python3.9/site-packages/airflow/example_dags/example_bash_operator.py took 0.049 seconds
[2024-04-02 19:45:04,413] {processor.py:153} INFO - Started process (PID=11901) to work on /Users/miltonvolpato/Git/Alura_Airflow_Oficial/venv/lib/python3.9/site-packages/airflow/example_dags/example_bash_operator.py
[2024-04-02 19:45:04,414] {processor.py:641} INFO - Processing file /Users/miltonvolpato/Git/Alura_Airflow_Oficial/venv/lib/python3.9/site-packages/airflow/example_dags/example_bash_operator.py for tasks to queue
[2024-04-02 19:45:04,414] {logging_mixin.py:115} INFO - [2024-04-02 19:45:04,414] {dagbag.py:507} INFO - Filling up the DagBag from /Users/miltonvolpato/Git/Alura_Airflow_Oficial/venv/lib/python3.9/site-packages/airflow/example_dags/example_bash_operator.py
[2024-04-02 19:45:04,422] {processor.py:651} INFO - DAG(s) dict_keys(['example_bash_operator']) retrieved from /Users/miltonvolpato/Git/Alura_Airflow_Oficial/venv/lib/python3.9/site-packages/airflow/example_dags/example_bash_operator.py
[2024-04-02 19:45:04,450] {logging_mixin.py:115} INFO - [2024-04-02 19:45:04,450] {dag.py:2379} INFO - Sync 1 DAGs
[2024-04-02 19:45:04,457] {logging_mixin.py:115} INFO - [2024-04-02 19:45:04,457] {dag.py:2927} INFO - Setting next_dagrun for example_bash_operator to 2024-04-01T00:00:00+00:00, run_after=2024-04-02T00:00:00+00:00
[2024-04-02 19:45:04,462] {processor.py:161} INFO - Processing /Users/miltonvolpato/Git/Alura_Airflow_Oficial/venv/lib/python3.9/site-packages/airflow/example_dags/example_bash_operator.py took 0.050 seconds
[2024-04-02 19:45:54,603] {processor.py:153} INFO - Started process (PID=11941) to work on /Users/miltonvolpato/Git/Alura_Airflow_Oficial/venv/lib/python3.9/site-packages/airflow/example_dags/example_bash_operator.py
[2024-04-02 19:45:54,603] {processor.py:641} INFO - Processing file /Users/miltonvolpato/Git/Alura_Airflow_Oficial/venv/lib/python3.9/site-packages/airflow/example_dags/example_bash_operator.py for tasks to queue
[2024-04-02 19:45:54,603] {logging_mixin.py:115} INFO - [2024-04-02 19:45:54,603] {dagbag.py:507} INFO - Filling up the DagBag from /Users/miltonvolpato/Git/Alura_Airflow_Oficial/venv/lib/python3.9/site-packages/airflow/example_dags/example_bash_operator.py
[2024-04-02 19:45:54,611] {processor.py:651} INFO - DAG(s) dict_keys(['example_bash_operator']) retrieved from /Users/miltonvolpato/Git/Alura_Airflow_Oficial/venv/lib/python3.9/site-packages/airflow/example_dags/example_bash_operator.py
[2024-04-02 19:45:54,641] {logging_mixin.py:115} INFO - [2024-04-02 19:45:54,640] {dag.py:2379} INFO - Sync 1 DAGs
[2024-04-02 19:45:54,649] {logging_mixin.py:115} INFO - [2024-04-02 19:45:54,648] {dag.py:2927} INFO - Setting next_dagrun for example_bash_operator to 2024-04-01T00:00:00+00:00, run_after=2024-04-02T00:00:00+00:00
[2024-04-02 19:45:54,654] {processor.py:161} INFO - Processing /Users/miltonvolpato/Git/Alura_Airflow_Oficial/venv/lib/python3.9/site-packages/airflow/example_dags/example_bash_operator.py took 0.051 seconds
[2024-04-02 19:46:45,351] {processor.py:153} INFO - Started process (PID=12022) to work on /Users/miltonvolpato/Git/Alura_Airflow_Oficial/venv/lib/python3.9/site-packages/airflow/example_dags/example_bash_operator.py
[2024-04-02 19:46:45,352] {processor.py:641} INFO - Processing file /Users/miltonvolpato/Git/Alura_Airflow_Oficial/venv/lib/python3.9/site-packages/airflow/example_dags/example_bash_operator.py for tasks to queue
[2024-04-02 19:46:45,352] {logging_mixin.py:115} INFO - [2024-04-02 19:46:45,352] {dagbag.py:507} INFO - Filling up the DagBag from /Users/miltonvolpato/Git/Alura_Airflow_Oficial/venv/lib/python3.9/site-packages/airflow/example_dags/example_bash_operator.py
[2024-04-02 19:46:45,360] {processor.py:651} INFO - DAG(s) dict_keys(['example_bash_operator']) retrieved from /Users/miltonvolpato/Git/Alura_Airflow_Oficial/venv/lib/python3.9/site-packages/airflow/example_dags/example_bash_operator.py
[2024-04-02 19:46:45,389] {logging_mixin.py:115} INFO - [2024-04-02 19:46:45,389] {dag.py:2379} INFO - Sync 1 DAGs
[2024-04-02 19:46:45,397] {logging_mixin.py:115} INFO - [2024-04-02 19:46:45,397] {dag.py:2927} INFO - Setting next_dagrun for example_bash_operator to 2024-04-01T00:00:00+00:00, run_after=2024-04-02T00:00:00+00:00
[2024-04-02 19:46:45,402] {processor.py:161} INFO - Processing /Users/miltonvolpato/Git/Alura_Airflow_Oficial/venv/lib/python3.9/site-packages/airflow/example_dags/example_bash_operator.py took 0.051 seconds
[2024-04-02 19:47:40,323] {processor.py:153} INFO - Started process (PID=12105) to work on /Users/miltonvolpato/Git/Alura_Airflow_Oficial/venv/lib/python3.9/site-packages/airflow/example_dags/example_bash_operator.py
[2024-04-02 19:47:40,324] {processor.py:641} INFO - Processing file /Users/miltonvolpato/Git/Alura_Airflow_Oficial/venv/lib/python3.9/site-packages/airflow/example_dags/example_bash_operator.py for tasks to queue
[2024-04-02 19:47:40,324] {logging_mixin.py:115} INFO - [2024-04-02 19:47:40,324] {dagbag.py:507} INFO - Filling up the DagBag from /Users/miltonvolpato/Git/Alura_Airflow_Oficial/venv/lib/python3.9/site-packages/airflow/example_dags/example_bash_operator.py
[2024-04-02 19:47:40,332] {processor.py:651} INFO - DAG(s) dict_keys(['example_bash_operator']) retrieved from /Users/miltonvolpato/Git/Alura_Airflow_Oficial/venv/lib/python3.9/site-packages/airflow/example_dags/example_bash_operator.py
[2024-04-02 19:47:40,360] {logging_mixin.py:115} INFO - [2024-04-02 19:47:40,360] {dag.py:2379} INFO - Sync 1 DAGs
[2024-04-02 19:47:40,368] {logging_mixin.py:115} INFO - [2024-04-02 19:47:40,368] {dag.py:2927} INFO - Setting next_dagrun for example_bash_operator to 2024-04-01T00:00:00+00:00, run_after=2024-04-02T00:00:00+00:00
[2024-04-02 19:47:40,373] {processor.py:161} INFO - Processing /Users/miltonvolpato/Git/Alura_Airflow_Oficial/venv/lib/python3.9/site-packages/airflow/example_dags/example_bash_operator.py took 0.050 seconds
[2024-04-02 19:48:25,552] {processor.py:153} INFO - Started process (PID=12146) to work on /Users/miltonvolpato/Git/Alura_Airflow_Oficial/venv/lib/python3.9/site-packages/airflow/example_dags/example_bash_operator.py
[2024-04-02 19:48:25,552] {processor.py:641} INFO - Processing file /Users/miltonvolpato/Git/Alura_Airflow_Oficial/venv/lib/python3.9/site-packages/airflow/example_dags/example_bash_operator.py for tasks to queue
[2024-04-02 19:48:25,552] {logging_mixin.py:115} INFO - [2024-04-02 19:48:25,552] {dagbag.py:507} INFO - Filling up the DagBag from /Users/miltonvolpato/Git/Alura_Airflow_Oficial/venv/lib/python3.9/site-packages/airflow/example_dags/example_bash_operator.py
[2024-04-02 19:48:25,559] {processor.py:651} INFO - DAG(s) dict_keys(['example_bash_operator']) retrieved from /Users/miltonvolpato/Git/Alura_Airflow_Oficial/venv/lib/python3.9/site-packages/airflow/example_dags/example_bash_operator.py
[2024-04-02 19:48:25,588] {logging_mixin.py:115} INFO - [2024-04-02 19:48:25,588] {dag.py:2379} INFO - Sync 1 DAGs
[2024-04-02 19:48:25,596] {logging_mixin.py:115} INFO - [2024-04-02 19:48:25,596] {dag.py:2927} INFO - Setting next_dagrun for example_bash_operator to 2024-04-01T00:00:00+00:00, run_after=2024-04-02T00:00:00+00:00
[2024-04-02 19:48:25,601] {processor.py:161} INFO - Processing /Users/miltonvolpato/Git/Alura_Airflow_Oficial/venv/lib/python3.9/site-packages/airflow/example_dags/example_bash_operator.py took 0.050 seconds
[2024-04-02 19:49:14,936] {processor.py:153} INFO - Started process (PID=12201) to work on /Users/miltonvolpato/Git/Alura_Airflow_Oficial/venv/lib/python3.9/site-packages/airflow/example_dags/example_bash_operator.py
[2024-04-02 19:49:14,936] {processor.py:641} INFO - Processing file /Users/miltonvolpato/Git/Alura_Airflow_Oficial/venv/lib/python3.9/site-packages/airflow/example_dags/example_bash_operator.py for tasks to queue
[2024-04-02 19:49:14,936] {logging_mixin.py:115} INFO - [2024-04-02 19:49:14,936] {dagbag.py:507} INFO - Filling up the DagBag from /Users/miltonvolpato/Git/Alura_Airflow_Oficial/venv/lib/python3.9/site-packages/airflow/example_dags/example_bash_operator.py
[2024-04-02 19:49:14,944] {processor.py:651} INFO - DAG(s) dict_keys(['example_bash_operator']) retrieved from /Users/miltonvolpato/Git/Alura_Airflow_Oficial/venv/lib/python3.9/site-packages/airflow/example_dags/example_bash_operator.py
[2024-04-02 19:49:14,972] {logging_mixin.py:115} INFO - [2024-04-02 19:49:14,972] {dag.py:2379} INFO - Sync 1 DAGs
[2024-04-02 19:49:14,980] {logging_mixin.py:115} INFO - [2024-04-02 19:49:14,980] {dag.py:2927} INFO - Setting next_dagrun for example_bash_operator to 2024-04-01T00:00:00+00:00, run_after=2024-04-02T00:00:00+00:00
[2024-04-02 19:49:14,985] {processor.py:161} INFO - Processing /Users/miltonvolpato/Git/Alura_Airflow_Oficial/venv/lib/python3.9/site-packages/airflow/example_dags/example_bash_operator.py took 0.049 seconds
[2024-04-02 19:50:07,973] {processor.py:153} INFO - Started process (PID=12257) to work on /Users/miltonvolpato/Git/Alura_Airflow_Oficial/venv/lib/python3.9/site-packages/airflow/example_dags/example_bash_operator.py
[2024-04-02 19:50:07,974] {processor.py:641} INFO - Processing file /Users/miltonvolpato/Git/Alura_Airflow_Oficial/venv/lib/python3.9/site-packages/airflow/example_dags/example_bash_operator.py for tasks to queue
[2024-04-02 19:50:07,974] {logging_mixin.py:115} INFO - [2024-04-02 19:50:07,974] {dagbag.py:507} INFO - Filling up the DagBag from /Users/miltonvolpato/Git/Alura_Airflow_Oficial/venv/lib/python3.9/site-packages/airflow/example_dags/example_bash_operator.py
[2024-04-02 19:50:07,981] {processor.py:651} INFO - DAG(s) dict_keys(['example_bash_operator']) retrieved from /Users/miltonvolpato/Git/Alura_Airflow_Oficial/venv/lib/python3.9/site-packages/airflow/example_dags/example_bash_operator.py
[2024-04-02 19:50:08,010] {logging_mixin.py:115} INFO - [2024-04-02 19:50:08,010] {dag.py:2379} INFO - Sync 1 DAGs
[2024-04-02 19:50:08,018] {logging_mixin.py:115} INFO - [2024-04-02 19:50:08,018] {dag.py:2927} INFO - Setting next_dagrun for example_bash_operator to 2024-04-01T00:00:00+00:00, run_after=2024-04-02T00:00:00+00:00
[2024-04-02 19:50:08,023] {processor.py:161} INFO - Processing /Users/miltonvolpato/Git/Alura_Airflow_Oficial/venv/lib/python3.9/site-packages/airflow/example_dags/example_bash_operator.py took 0.050 seconds
[2024-04-02 19:51:01,095] {processor.py:153} INFO - Started process (PID=12306) to work on /Users/miltonvolpato/Git/Alura_Airflow_Oficial/venv/lib/python3.9/site-packages/airflow/example_dags/example_bash_operator.py
[2024-04-02 19:51:01,096] {processor.py:641} INFO - Processing file /Users/miltonvolpato/Git/Alura_Airflow_Oficial/venv/lib/python3.9/site-packages/airflow/example_dags/example_bash_operator.py for tasks to queue
[2024-04-02 19:51:01,096] {logging_mixin.py:115} INFO - [2024-04-02 19:51:01,096] {dagbag.py:507} INFO - Filling up the DagBag from /Users/miltonvolpato/Git/Alura_Airflow_Oficial/venv/lib/python3.9/site-packages/airflow/example_dags/example_bash_operator.py
[2024-04-02 19:51:01,104] {processor.py:651} INFO - DAG(s) dict_keys(['example_bash_operator']) retrieved from /Users/miltonvolpato/Git/Alura_Airflow_Oficial/venv/lib/python3.9/site-packages/airflow/example_dags/example_bash_operator.py
[2024-04-02 19:51:01,133] {logging_mixin.py:115} INFO - [2024-04-02 19:51:01,133] {dag.py:2379} INFO - Sync 1 DAGs
[2024-04-02 19:51:01,141] {logging_mixin.py:115} INFO - [2024-04-02 19:51:01,141] {dag.py:2927} INFO - Setting next_dagrun for example_bash_operator to 2024-04-01T00:00:00+00:00, run_after=2024-04-02T00:00:00+00:00
[2024-04-02 19:51:01,146] {processor.py:161} INFO - Processing /Users/miltonvolpato/Git/Alura_Airflow_Oficial/venv/lib/python3.9/site-packages/airflow/example_dags/example_bash_operator.py took 0.051 seconds
[2024-04-02 19:51:57,288] {processor.py:153} INFO - Started process (PID=12367) to work on /Users/miltonvolpato/Git/Alura_Airflow_Oficial/venv/lib/python3.9/site-packages/airflow/example_dags/example_bash_operator.py
[2024-04-02 19:51:57,289] {processor.py:641} INFO - Processing file /Users/miltonvolpato/Git/Alura_Airflow_Oficial/venv/lib/python3.9/site-packages/airflow/example_dags/example_bash_operator.py for tasks to queue
[2024-04-02 19:51:57,289] {logging_mixin.py:115} INFO - [2024-04-02 19:51:57,289] {dagbag.py:507} INFO - Filling up the DagBag from /Users/miltonvolpato/Git/Alura_Airflow_Oficial/venv/lib/python3.9/site-packages/airflow/example_dags/example_bash_operator.py
[2024-04-02 19:51:57,297] {processor.py:651} INFO - DAG(s) dict_keys(['example_bash_operator']) retrieved from /Users/miltonvolpato/Git/Alura_Airflow_Oficial/venv/lib/python3.9/site-packages/airflow/example_dags/example_bash_operator.py
[2024-04-02 19:51:57,325] {logging_mixin.py:115} INFO - [2024-04-02 19:51:57,325] {dag.py:2379} INFO - Sync 1 DAGs
[2024-04-02 19:51:57,333] {logging_mixin.py:115} INFO - [2024-04-02 19:51:57,333] {dag.py:2927} INFO - Setting next_dagrun for example_bash_operator to 2024-04-01T00:00:00+00:00, run_after=2024-04-02T00:00:00+00:00
[2024-04-02 19:51:57,338] {processor.py:161} INFO - Processing /Users/miltonvolpato/Git/Alura_Airflow_Oficial/venv/lib/python3.9/site-packages/airflow/example_dags/example_bash_operator.py took 0.049 seconds
[2024-04-02 19:52:50,615] {processor.py:153} INFO - Started process (PID=12412) to work on /Users/miltonvolpato/Git/Alura_Airflow_Oficial/venv/lib/python3.9/site-packages/airflow/example_dags/example_bash_operator.py
[2024-04-02 19:52:50,615] {processor.py:641} INFO - Processing file /Users/miltonvolpato/Git/Alura_Airflow_Oficial/venv/lib/python3.9/site-packages/airflow/example_dags/example_bash_operator.py for tasks to queue
[2024-04-02 19:52:50,616] {logging_mixin.py:115} INFO - [2024-04-02 19:52:50,616] {dagbag.py:507} INFO - Filling up the DagBag from /Users/miltonvolpato/Git/Alura_Airflow_Oficial/venv/lib/python3.9/site-packages/airflow/example_dags/example_bash_operator.py
[2024-04-02 19:52:50,624] {processor.py:651} INFO - DAG(s) dict_keys(['example_bash_operator']) retrieved from /Users/miltonvolpato/Git/Alura_Airflow_Oficial/venv/lib/python3.9/site-packages/airflow/example_dags/example_bash_operator.py
[2024-04-02 19:52:50,655] {logging_mixin.py:115} INFO - [2024-04-02 19:52:50,655] {dag.py:2379} INFO - Sync 1 DAGs
[2024-04-02 19:52:50,663] {logging_mixin.py:115} INFO - [2024-04-02 19:52:50,663] {dag.py:2927} INFO - Setting next_dagrun for example_bash_operator to 2024-04-01T00:00:00+00:00, run_after=2024-04-02T00:00:00+00:00
[2024-04-02 19:52:50,669] {processor.py:161} INFO - Processing /Users/miltonvolpato/Git/Alura_Airflow_Oficial/venv/lib/python3.9/site-packages/airflow/example_dags/example_bash_operator.py took 0.054 seconds
[2024-04-02 19:53:48,444] {processor.py:153} INFO - Started process (PID=12512) to work on /Users/miltonvolpato/Git/Alura_Airflow_Oficial/venv/lib/python3.9/site-packages/airflow/example_dags/example_bash_operator.py
[2024-04-02 19:53:48,445] {processor.py:641} INFO - Processing file /Users/miltonvolpato/Git/Alura_Airflow_Oficial/venv/lib/python3.9/site-packages/airflow/example_dags/example_bash_operator.py for tasks to queue
[2024-04-02 19:53:48,445] {logging_mixin.py:115} INFO - [2024-04-02 19:53:48,445] {dagbag.py:507} INFO - Filling up the DagBag from /Users/miltonvolpato/Git/Alura_Airflow_Oficial/venv/lib/python3.9/site-packages/airflow/example_dags/example_bash_operator.py
[2024-04-02 19:53:48,455] {processor.py:651} INFO - DAG(s) dict_keys(['example_bash_operator']) retrieved from /Users/miltonvolpato/Git/Alura_Airflow_Oficial/venv/lib/python3.9/site-packages/airflow/example_dags/example_bash_operator.py
[2024-04-02 19:53:48,489] {logging_mixin.py:115} INFO - [2024-04-02 19:53:48,488] {dag.py:2379} INFO - Sync 1 DAGs
[2024-04-02 19:53:48,498] {logging_mixin.py:115} INFO - [2024-04-02 19:53:48,498] {dag.py:2927} INFO - Setting next_dagrun for example_bash_operator to 2024-04-01T00:00:00+00:00, run_after=2024-04-02T00:00:00+00:00
[2024-04-02 19:53:48,504] {processor.py:161} INFO - Processing /Users/miltonvolpato/Git/Alura_Airflow_Oficial/venv/lib/python3.9/site-packages/airflow/example_dags/example_bash_operator.py took 0.060 seconds
[2024-04-02 19:54:42,771] {processor.py:153} INFO - Started process (PID=12608) to work on /Users/miltonvolpato/Git/Alura_Airflow_Oficial/venv/lib/python3.9/site-packages/airflow/example_dags/example_bash_operator.py
[2024-04-02 19:54:42,772] {processor.py:641} INFO - Processing file /Users/miltonvolpato/Git/Alura_Airflow_Oficial/venv/lib/python3.9/site-packages/airflow/example_dags/example_bash_operator.py for tasks to queue
[2024-04-02 19:54:42,772] {logging_mixin.py:115} INFO - [2024-04-02 19:54:42,772] {dagbag.py:507} INFO - Filling up the DagBag from /Users/miltonvolpato/Git/Alura_Airflow_Oficial/venv/lib/python3.9/site-packages/airflow/example_dags/example_bash_operator.py
[2024-04-02 19:54:42,781] {processor.py:651} INFO - DAG(s) dict_keys(['example_bash_operator']) retrieved from /Users/miltonvolpato/Git/Alura_Airflow_Oficial/venv/lib/python3.9/site-packages/airflow/example_dags/example_bash_operator.py
[2024-04-02 19:54:42,813] {logging_mixin.py:115} INFO - [2024-04-02 19:54:42,813] {dag.py:2379} INFO - Sync 1 DAGs
[2024-04-02 19:54:42,821] {logging_mixin.py:115} INFO - [2024-04-02 19:54:42,821] {dag.py:2927} INFO - Setting next_dagrun for example_bash_operator to 2024-04-01T00:00:00+00:00, run_after=2024-04-02T00:00:00+00:00
[2024-04-02 19:54:42,827] {processor.py:161} INFO - Processing /Users/miltonvolpato/Git/Alura_Airflow_Oficial/venv/lib/python3.9/site-packages/airflow/example_dags/example_bash_operator.py took 0.056 seconds
