[2024-04-02 19:36:53,922] {processor.py:153} INFO - Started process (PID=11333) to work on /Users/miltonvolpato/Git/Alura_Airflow_Oficial/venv/lib/python3.9/site-packages/airflow/example_dags/example_dag_decorator.py
[2024-04-02 19:36:53,923] {processor.py:641} INFO - Processing file /Users/miltonvolpato/Git/Alura_Airflow_Oficial/venv/lib/python3.9/site-packages/airflow/example_dags/example_dag_decorator.py for tasks to queue
[2024-04-02 19:36:53,923] {logging_mixin.py:115} INFO - [2024-04-02 19:36:53,923] {dagbag.py:507} INFO - Filling up the DagBag from /Users/miltonvolpato/Git/Alura_Airflow_Oficial/venv/lib/python3.9/site-packages/airflow/example_dags/example_dag_decorator.py
[2024-04-02 19:36:54,007] {processor.py:651} INFO - DAG(s) dict_keys(['example_dag_decorator']) retrieved from /Users/miltonvolpato/Git/Alura_Airflow_Oficial/venv/lib/python3.9/site-packages/airflow/example_dags/example_dag_decorator.py
[2024-04-02 19:36:54,256] {logging_mixin.py:115} INFO - [2024-04-02 19:36:54,256] {manager.py:508} INFO - Created Permission View: can edit on DAG:example_dag_decorator
[2024-04-02 19:36:54,259] {logging_mixin.py:115} INFO - [2024-04-02 19:36:54,259] {manager.py:508} INFO - Created Permission View: can read on DAG:example_dag_decorator
[2024-04-02 19:36:54,261] {logging_mixin.py:115} INFO - [2024-04-02 19:36:54,260] {manager.py:508} INFO - Created Permission View: can delete on DAG:example_dag_decorator
[2024-04-02 19:36:54,261] {logging_mixin.py:115} INFO - [2024-04-02 19:36:54,261] {dag.py:2379} INFO - Sync 1 DAGs
[2024-04-02 19:36:54,264] {logging_mixin.py:115} INFO - [2024-04-02 19:36:54,264] {dag.py:2398} INFO - Creating ORM DAG for example_dag_decorator
[2024-04-02 19:36:54,267] {logging_mixin.py:115} INFO - [2024-04-02 19:36:54,267] {dag.py:2927} INFO - Setting next_dagrun for example_dag_decorator to None, run_after=None
[2024-04-02 19:36:54,272] {processor.py:161} INFO - Processing /Users/miltonvolpato/Git/Alura_Airflow_Oficial/venv/lib/python3.9/site-packages/airflow/example_dags/example_dag_decorator.py took 0.350 seconds
[2024-04-02 19:37:44,487] {processor.py:153} INFO - Started process (PID=11440) to work on /Users/miltonvolpato/Git/Alura_Airflow_Oficial/venv/lib/python3.9/site-packages/airflow/example_dags/example_dag_decorator.py
[2024-04-02 19:37:44,488] {processor.py:641} INFO - Processing file /Users/miltonvolpato/Git/Alura_Airflow_Oficial/venv/lib/python3.9/site-packages/airflow/example_dags/example_dag_decorator.py for tasks to queue
[2024-04-02 19:37:44,488] {logging_mixin.py:115} INFO - [2024-04-02 19:37:44,488] {dagbag.py:507} INFO - Filling up the DagBag from /Users/miltonvolpato/Git/Alura_Airflow_Oficial/venv/lib/python3.9/site-packages/airflow/example_dags/example_dag_decorator.py
[2024-04-02 19:37:44,575] {processor.py:651} INFO - DAG(s) dict_keys(['example_dag_decorator']) retrieved from /Users/miltonvolpato/Git/Alura_Airflow_Oficial/venv/lib/python3.9/site-packages/airflow/example_dags/example_dag_decorator.py
[2024-04-02 19:37:44,769] {logging_mixin.py:115} INFO - [2024-04-02 19:37:44,769] {dag.py:2379} INFO - Sync 1 DAGs
[2024-04-02 19:37:44,776] {logging_mixin.py:115} INFO - [2024-04-02 19:37:44,776] {dag.py:2927} INFO - Setting next_dagrun for example_dag_decorator to None, run_after=None
[2024-04-02 19:37:44,781] {processor.py:161} INFO - Processing /Users/miltonvolpato/Git/Alura_Airflow_Oficial/venv/lib/python3.9/site-packages/airflow/example_dags/example_dag_decorator.py took 0.294 seconds
[2024-04-02 19:38:36,232] {processor.py:153} INFO - Started process (PID=11512) to work on /Users/miltonvolpato/Git/Alura_Airflow_Oficial/venv/lib/python3.9/site-packages/airflow/example_dags/example_dag_decorator.py
[2024-04-02 19:38:36,232] {processor.py:641} INFO - Processing file /Users/miltonvolpato/Git/Alura_Airflow_Oficial/venv/lib/python3.9/site-packages/airflow/example_dags/example_dag_decorator.py for tasks to queue
[2024-04-02 19:38:36,232] {logging_mixin.py:115} INFO - [2024-04-02 19:38:36,232] {dagbag.py:507} INFO - Filling up the DagBag from /Users/miltonvolpato/Git/Alura_Airflow_Oficial/venv/lib/python3.9/site-packages/airflow/example_dags/example_dag_decorator.py
[2024-04-02 19:38:36,316] {processor.py:651} INFO - DAG(s) dict_keys(['example_dag_decorator']) retrieved from /Users/miltonvolpato/Git/Alura_Airflow_Oficial/venv/lib/python3.9/site-packages/airflow/example_dags/example_dag_decorator.py
[2024-04-02 19:38:36,502] {logging_mixin.py:115} INFO - [2024-04-02 19:38:36,502] {dag.py:2379} INFO - Sync 1 DAGs
[2024-04-02 19:38:36,509] {logging_mixin.py:115} INFO - [2024-04-02 19:38:36,509] {dag.py:2927} INFO - Setting next_dagrun for example_dag_decorator to None, run_after=None
[2024-04-02 19:38:36,514] {processor.py:161} INFO - Processing /Users/miltonvolpato/Git/Alura_Airflow_Oficial/venv/lib/python3.9/site-packages/airflow/example_dags/example_dag_decorator.py took 0.283 seconds
[2024-04-02 19:39:25,014] {processor.py:153} INFO - Started process (PID=11559) to work on /Users/miltonvolpato/Git/Alura_Airflow_Oficial/venv/lib/python3.9/site-packages/airflow/example_dags/example_dag_decorator.py
[2024-04-02 19:39:25,014] {processor.py:641} INFO - Processing file /Users/miltonvolpato/Git/Alura_Airflow_Oficial/venv/lib/python3.9/site-packages/airflow/example_dags/example_dag_decorator.py for tasks to queue
[2024-04-02 19:39:25,014] {logging_mixin.py:115} INFO - [2024-04-02 19:39:25,014] {dagbag.py:507} INFO - Filling up the DagBag from /Users/miltonvolpato/Git/Alura_Airflow_Oficial/venv/lib/python3.9/site-packages/airflow/example_dags/example_dag_decorator.py
[2024-04-02 19:39:25,098] {processor.py:651} INFO - DAG(s) dict_keys(['example_dag_decorator']) retrieved from /Users/miltonvolpato/Git/Alura_Airflow_Oficial/venv/lib/python3.9/site-packages/airflow/example_dags/example_dag_decorator.py
[2024-04-02 19:39:25,284] {logging_mixin.py:115} INFO - [2024-04-02 19:39:25,283] {dag.py:2379} INFO - Sync 1 DAGs
[2024-04-02 19:39:25,290] {logging_mixin.py:115} INFO - [2024-04-02 19:39:25,290] {dag.py:2927} INFO - Setting next_dagrun for example_dag_decorator to None, run_after=None
[2024-04-02 19:39:25,296] {processor.py:161} INFO - Processing /Users/miltonvolpato/Git/Alura_Airflow_Oficial/venv/lib/python3.9/site-packages/airflow/example_dags/example_dag_decorator.py took 0.282 seconds
[2024-04-02 19:40:13,721] {processor.py:153} INFO - Started process (PID=11599) to work on /Users/miltonvolpato/Git/Alura_Airflow_Oficial/venv/lib/python3.9/site-packages/airflow/example_dags/example_dag_decorator.py
[2024-04-02 19:40:13,721] {processor.py:641} INFO - Processing file /Users/miltonvolpato/Git/Alura_Airflow_Oficial/venv/lib/python3.9/site-packages/airflow/example_dags/example_dag_decorator.py for tasks to queue
[2024-04-02 19:40:13,721] {logging_mixin.py:115} INFO - [2024-04-02 19:40:13,721] {dagbag.py:507} INFO - Filling up the DagBag from /Users/miltonvolpato/Git/Alura_Airflow_Oficial/venv/lib/python3.9/site-packages/airflow/example_dags/example_dag_decorator.py
[2024-04-02 19:40:13,807] {processor.py:651} INFO - DAG(s) dict_keys(['example_dag_decorator']) retrieved from /Users/miltonvolpato/Git/Alura_Airflow_Oficial/venv/lib/python3.9/site-packages/airflow/example_dags/example_dag_decorator.py
[2024-04-02 19:40:13,993] {logging_mixin.py:115} INFO - [2024-04-02 19:40:13,993] {dag.py:2379} INFO - Sync 1 DAGs
[2024-04-02 19:40:14,000] {logging_mixin.py:115} INFO - [2024-04-02 19:40:14,000] {dag.py:2927} INFO - Setting next_dagrun for example_dag_decorator to None, run_after=None
[2024-04-02 19:40:14,006] {processor.py:161} INFO - Processing /Users/miltonvolpato/Git/Alura_Airflow_Oficial/venv/lib/python3.9/site-packages/airflow/example_dags/example_dag_decorator.py took 0.285 seconds
[2024-04-02 19:41:08,063] {processor.py:153} INFO - Started process (PID=11649) to work on /Users/miltonvolpato/Git/Alura_Airflow_Oficial/venv/lib/python3.9/site-packages/airflow/example_dags/example_dag_decorator.py
[2024-04-02 19:41:08,064] {processor.py:641} INFO - Processing file /Users/miltonvolpato/Git/Alura_Airflow_Oficial/venv/lib/python3.9/site-packages/airflow/example_dags/example_dag_decorator.py for tasks to queue
[2024-04-02 19:41:08,064] {logging_mixin.py:115} INFO - [2024-04-02 19:41:08,064] {dagbag.py:507} INFO - Filling up the DagBag from /Users/miltonvolpato/Git/Alura_Airflow_Oficial/venv/lib/python3.9/site-packages/airflow/example_dags/example_dag_decorator.py
[2024-04-02 19:41:08,149] {processor.py:651} INFO - DAG(s) dict_keys(['example_dag_decorator']) retrieved from /Users/miltonvolpato/Git/Alura_Airflow_Oficial/venv/lib/python3.9/site-packages/airflow/example_dags/example_dag_decorator.py
[2024-04-02 19:41:08,338] {logging_mixin.py:115} INFO - [2024-04-02 19:41:08,338] {dag.py:2379} INFO - Sync 1 DAGs
[2024-04-02 19:41:08,344] {logging_mixin.py:115} INFO - [2024-04-02 19:41:08,344] {dag.py:2927} INFO - Setting next_dagrun for example_dag_decorator to None, run_after=None
[2024-04-02 19:41:08,350] {processor.py:161} INFO - Processing /Users/miltonvolpato/Git/Alura_Airflow_Oficial/venv/lib/python3.9/site-packages/airflow/example_dags/example_dag_decorator.py took 0.287 seconds
[2024-04-02 19:42:01,360] {processor.py:153} INFO - Started process (PID=11700) to work on /Users/miltonvolpato/Git/Alura_Airflow_Oficial/venv/lib/python3.9/site-packages/airflow/example_dags/example_dag_decorator.py
[2024-04-02 19:42:01,360] {processor.py:641} INFO - Processing file /Users/miltonvolpato/Git/Alura_Airflow_Oficial/venv/lib/python3.9/site-packages/airflow/example_dags/example_dag_decorator.py for tasks to queue
[2024-04-02 19:42:01,360] {logging_mixin.py:115} INFO - [2024-04-02 19:42:01,360] {dagbag.py:507} INFO - Filling up the DagBag from /Users/miltonvolpato/Git/Alura_Airflow_Oficial/venv/lib/python3.9/site-packages/airflow/example_dags/example_dag_decorator.py
[2024-04-02 19:42:01,444] {processor.py:651} INFO - DAG(s) dict_keys(['example_dag_decorator']) retrieved from /Users/miltonvolpato/Git/Alura_Airflow_Oficial/venv/lib/python3.9/site-packages/airflow/example_dags/example_dag_decorator.py
[2024-04-02 19:42:01,630] {logging_mixin.py:115} INFO - [2024-04-02 19:42:01,630] {dag.py:2379} INFO - Sync 1 DAGs
[2024-04-02 19:42:01,636] {logging_mixin.py:115} INFO - [2024-04-02 19:42:01,636] {dag.py:2927} INFO - Setting next_dagrun for example_dag_decorator to None, run_after=None
[2024-04-02 19:42:01,642] {processor.py:161} INFO - Processing /Users/miltonvolpato/Git/Alura_Airflow_Oficial/venv/lib/python3.9/site-packages/airflow/example_dags/example_dag_decorator.py took 0.282 seconds
[2024-04-02 19:42:52,471] {processor.py:153} INFO - Started process (PID=11748) to work on /Users/miltonvolpato/Git/Alura_Airflow_Oficial/venv/lib/python3.9/site-packages/airflow/example_dags/example_dag_decorator.py
[2024-04-02 19:42:52,471] {processor.py:641} INFO - Processing file /Users/miltonvolpato/Git/Alura_Airflow_Oficial/venv/lib/python3.9/site-packages/airflow/example_dags/example_dag_decorator.py for tasks to queue
[2024-04-02 19:42:52,471] {logging_mixin.py:115} INFO - [2024-04-02 19:42:52,471] {dagbag.py:507} INFO - Filling up the DagBag from /Users/miltonvolpato/Git/Alura_Airflow_Oficial/venv/lib/python3.9/site-packages/airflow/example_dags/example_dag_decorator.py
[2024-04-02 19:42:52,554] {processor.py:651} INFO - DAG(s) dict_keys(['example_dag_decorator']) retrieved from /Users/miltonvolpato/Git/Alura_Airflow_Oficial/venv/lib/python3.9/site-packages/airflow/example_dags/example_dag_decorator.py
[2024-04-02 19:42:52,742] {logging_mixin.py:115} INFO - [2024-04-02 19:42:52,742] {dag.py:2379} INFO - Sync 1 DAGs
[2024-04-02 19:42:52,749] {logging_mixin.py:115} INFO - [2024-04-02 19:42:52,749] {dag.py:2927} INFO - Setting next_dagrun for example_dag_decorator to None, run_after=None
[2024-04-02 19:42:52,754] {processor.py:161} INFO - Processing /Users/miltonvolpato/Git/Alura_Airflow_Oficial/venv/lib/python3.9/site-packages/airflow/example_dags/example_dag_decorator.py took 0.284 seconds
[2024-04-02 19:43:43,472] {processor.py:153} INFO - Started process (PID=11801) to work on /Users/miltonvolpato/Git/Alura_Airflow_Oficial/venv/lib/python3.9/site-packages/airflow/example_dags/example_dag_decorator.py
[2024-04-02 19:43:43,472] {processor.py:641} INFO - Processing file /Users/miltonvolpato/Git/Alura_Airflow_Oficial/venv/lib/python3.9/site-packages/airflow/example_dags/example_dag_decorator.py for tasks to queue
[2024-04-02 19:43:43,472] {logging_mixin.py:115} INFO - [2024-04-02 19:43:43,472] {dagbag.py:507} INFO - Filling up the DagBag from /Users/miltonvolpato/Git/Alura_Airflow_Oficial/venv/lib/python3.9/site-packages/airflow/example_dags/example_dag_decorator.py
[2024-04-02 19:43:43,556] {processor.py:651} INFO - DAG(s) dict_keys(['example_dag_decorator']) retrieved from /Users/miltonvolpato/Git/Alura_Airflow_Oficial/venv/lib/python3.9/site-packages/airflow/example_dags/example_dag_decorator.py
[2024-04-02 19:43:43,742] {logging_mixin.py:115} INFO - [2024-04-02 19:43:43,742] {dag.py:2379} INFO - Sync 1 DAGs
[2024-04-02 19:43:43,749] {logging_mixin.py:115} INFO - [2024-04-02 19:43:43,749] {dag.py:2927} INFO - Setting next_dagrun for example_dag_decorator to None, run_after=None
[2024-04-02 19:43:43,755] {processor.py:161} INFO - Processing /Users/miltonvolpato/Git/Alura_Airflow_Oficial/venv/lib/python3.9/site-packages/airflow/example_dags/example_dag_decorator.py took 0.283 seconds
[2024-04-02 19:44:42,415] {processor.py:153} INFO - Started process (PID=11881) to work on /Users/miltonvolpato/Git/Alura_Airflow_Oficial/venv/lib/python3.9/site-packages/airflow/example_dags/example_dag_decorator.py
[2024-04-02 19:44:42,416] {processor.py:641} INFO - Processing file /Users/miltonvolpato/Git/Alura_Airflow_Oficial/venv/lib/python3.9/site-packages/airflow/example_dags/example_dag_decorator.py for tasks to queue
[2024-04-02 19:44:42,416] {logging_mixin.py:115} INFO - [2024-04-02 19:44:42,416] {dagbag.py:507} INFO - Filling up the DagBag from /Users/miltonvolpato/Git/Alura_Airflow_Oficial/venv/lib/python3.9/site-packages/airflow/example_dags/example_dag_decorator.py
[2024-04-02 19:44:42,502] {processor.py:651} INFO - DAG(s) dict_keys(['example_dag_decorator']) retrieved from /Users/miltonvolpato/Git/Alura_Airflow_Oficial/venv/lib/python3.9/site-packages/airflow/example_dags/example_dag_decorator.py
[2024-04-02 19:44:42,697] {logging_mixin.py:115} INFO - [2024-04-02 19:44:42,697] {dag.py:2379} INFO - Sync 1 DAGs
[2024-04-02 19:44:42,704] {logging_mixin.py:115} INFO - [2024-04-02 19:44:42,704] {dag.py:2927} INFO - Setting next_dagrun for example_dag_decorator to None, run_after=None
[2024-04-02 19:44:42,710] {processor.py:161} INFO - Processing /Users/miltonvolpato/Git/Alura_Airflow_Oficial/venv/lib/python3.9/site-packages/airflow/example_dags/example_dag_decorator.py took 0.295 seconds
[2024-04-02 19:45:33,134] {processor.py:153} INFO - Started process (PID=11925) to work on /Users/miltonvolpato/Git/Alura_Airflow_Oficial/venv/lib/python3.9/site-packages/airflow/example_dags/example_dag_decorator.py
[2024-04-02 19:45:33,134] {processor.py:641} INFO - Processing file /Users/miltonvolpato/Git/Alura_Airflow_Oficial/venv/lib/python3.9/site-packages/airflow/example_dags/example_dag_decorator.py for tasks to queue
[2024-04-02 19:45:33,134] {logging_mixin.py:115} INFO - [2024-04-02 19:45:33,134] {dagbag.py:507} INFO - Filling up the DagBag from /Users/miltonvolpato/Git/Alura_Airflow_Oficial/venv/lib/python3.9/site-packages/airflow/example_dags/example_dag_decorator.py
[2024-04-02 19:45:33,219] {processor.py:651} INFO - DAG(s) dict_keys(['example_dag_decorator']) retrieved from /Users/miltonvolpato/Git/Alura_Airflow_Oficial/venv/lib/python3.9/site-packages/airflow/example_dags/example_dag_decorator.py
[2024-04-02 19:45:33,406] {logging_mixin.py:115} INFO - [2024-04-02 19:45:33,406] {dag.py:2379} INFO - Sync 1 DAGs
[2024-04-02 19:45:33,413] {logging_mixin.py:115} INFO - [2024-04-02 19:45:33,413] {dag.py:2927} INFO - Setting next_dagrun for example_dag_decorator to None, run_after=None
[2024-04-02 19:45:33,418] {processor.py:161} INFO - Processing /Users/miltonvolpato/Git/Alura_Airflow_Oficial/venv/lib/python3.9/site-packages/airflow/example_dags/example_dag_decorator.py took 0.285 seconds
[2024-04-02 19:46:23,127] {processor.py:153} INFO - Started process (PID=11987) to work on /Users/miltonvolpato/Git/Alura_Airflow_Oficial/venv/lib/python3.9/site-packages/airflow/example_dags/example_dag_decorator.py
[2024-04-02 19:46:23,127] {processor.py:641} INFO - Processing file /Users/miltonvolpato/Git/Alura_Airflow_Oficial/venv/lib/python3.9/site-packages/airflow/example_dags/example_dag_decorator.py for tasks to queue
[2024-04-02 19:46:23,128] {logging_mixin.py:115} INFO - [2024-04-02 19:46:23,128] {dagbag.py:507} INFO - Filling up the DagBag from /Users/miltonvolpato/Git/Alura_Airflow_Oficial/venv/lib/python3.9/site-packages/airflow/example_dags/example_dag_decorator.py
[2024-04-02 19:46:23,213] {processor.py:651} INFO - DAG(s) dict_keys(['example_dag_decorator']) retrieved from /Users/miltonvolpato/Git/Alura_Airflow_Oficial/venv/lib/python3.9/site-packages/airflow/example_dags/example_dag_decorator.py
[2024-04-02 19:46:23,400] {logging_mixin.py:115} INFO - [2024-04-02 19:46:23,400] {dag.py:2379} INFO - Sync 1 DAGs
[2024-04-02 19:46:23,407] {logging_mixin.py:115} INFO - [2024-04-02 19:46:23,407] {dag.py:2927} INFO - Setting next_dagrun for example_dag_decorator to None, run_after=None
[2024-04-02 19:46:23,413] {processor.py:161} INFO - Processing /Users/miltonvolpato/Git/Alura_Airflow_Oficial/venv/lib/python3.9/site-packages/airflow/example_dags/example_dag_decorator.py took 0.286 seconds
[2024-04-02 19:47:18,698] {processor.py:153} INFO - Started process (PID=12061) to work on /Users/miltonvolpato/Git/Alura_Airflow_Oficial/venv/lib/python3.9/site-packages/airflow/example_dags/example_dag_decorator.py
[2024-04-02 19:47:18,699] {processor.py:641} INFO - Processing file /Users/miltonvolpato/Git/Alura_Airflow_Oficial/venv/lib/python3.9/site-packages/airflow/example_dags/example_dag_decorator.py for tasks to queue
[2024-04-02 19:47:18,699] {logging_mixin.py:115} INFO - [2024-04-02 19:47:18,699] {dagbag.py:507} INFO - Filling up the DagBag from /Users/miltonvolpato/Git/Alura_Airflow_Oficial/venv/lib/python3.9/site-packages/airflow/example_dags/example_dag_decorator.py
[2024-04-02 19:47:18,788] {processor.py:651} INFO - DAG(s) dict_keys(['example_dag_decorator']) retrieved from /Users/miltonvolpato/Git/Alura_Airflow_Oficial/venv/lib/python3.9/site-packages/airflow/example_dags/example_dag_decorator.py
[2024-04-02 19:47:18,975] {logging_mixin.py:115} INFO - [2024-04-02 19:47:18,974] {dag.py:2379} INFO - Sync 1 DAGs
[2024-04-02 19:47:18,981] {logging_mixin.py:115} INFO - [2024-04-02 19:47:18,981] {dag.py:2927} INFO - Setting next_dagrun for example_dag_decorator to None, run_after=None
[2024-04-02 19:47:18,987] {processor.py:161} INFO - Processing /Users/miltonvolpato/Git/Alura_Airflow_Oficial/venv/lib/python3.9/site-packages/airflow/example_dags/example_dag_decorator.py took 0.290 seconds
[2024-04-02 19:48:06,118] {processor.py:153} INFO - Started process (PID=12129) to work on /Users/miltonvolpato/Git/Alura_Airflow_Oficial/venv/lib/python3.9/site-packages/airflow/example_dags/example_dag_decorator.py
[2024-04-02 19:48:06,118] {processor.py:641} INFO - Processing file /Users/miltonvolpato/Git/Alura_Airflow_Oficial/venv/lib/python3.9/site-packages/airflow/example_dags/example_dag_decorator.py for tasks to queue
[2024-04-02 19:48:06,118] {logging_mixin.py:115} INFO - [2024-04-02 19:48:06,118] {dagbag.py:507} INFO - Filling up the DagBag from /Users/miltonvolpato/Git/Alura_Airflow_Oficial/venv/lib/python3.9/site-packages/airflow/example_dags/example_dag_decorator.py
[2024-04-02 19:48:06,205] {processor.py:651} INFO - DAG(s) dict_keys(['example_dag_decorator']) retrieved from /Users/miltonvolpato/Git/Alura_Airflow_Oficial/venv/lib/python3.9/site-packages/airflow/example_dags/example_dag_decorator.py
[2024-04-02 19:48:06,390] {logging_mixin.py:115} INFO - [2024-04-02 19:48:06,390] {dag.py:2379} INFO - Sync 1 DAGs
[2024-04-02 19:48:06,397] {logging_mixin.py:115} INFO - [2024-04-02 19:48:06,397] {dag.py:2927} INFO - Setting next_dagrun for example_dag_decorator to None, run_after=None
[2024-04-02 19:48:06,402] {processor.py:161} INFO - Processing /Users/miltonvolpato/Git/Alura_Airflow_Oficial/venv/lib/python3.9/site-packages/airflow/example_dags/example_dag_decorator.py took 0.285 seconds
[2024-04-02 19:48:54,272] {processor.py:153} INFO - Started process (PID=12182) to work on /Users/miltonvolpato/Git/Alura_Airflow_Oficial/venv/lib/python3.9/site-packages/airflow/example_dags/example_dag_decorator.py
[2024-04-02 19:48:54,272] {processor.py:641} INFO - Processing file /Users/miltonvolpato/Git/Alura_Airflow_Oficial/venv/lib/python3.9/site-packages/airflow/example_dags/example_dag_decorator.py for tasks to queue
[2024-04-02 19:48:54,272] {logging_mixin.py:115} INFO - [2024-04-02 19:48:54,272] {dagbag.py:507} INFO - Filling up the DagBag from /Users/miltonvolpato/Git/Alura_Airflow_Oficial/venv/lib/python3.9/site-packages/airflow/example_dags/example_dag_decorator.py
[2024-04-02 19:48:54,356] {processor.py:651} INFO - DAG(s) dict_keys(['example_dag_decorator']) retrieved from /Users/miltonvolpato/Git/Alura_Airflow_Oficial/venv/lib/python3.9/site-packages/airflow/example_dags/example_dag_decorator.py
[2024-04-02 19:48:54,542] {logging_mixin.py:115} INFO - [2024-04-02 19:48:54,542] {dag.py:2379} INFO - Sync 1 DAGs
[2024-04-02 19:48:54,549] {logging_mixin.py:115} INFO - [2024-04-02 19:48:54,549] {dag.py:2927} INFO - Setting next_dagrun for example_dag_decorator to None, run_after=None
[2024-04-02 19:48:54,555] {processor.py:161} INFO - Processing /Users/miltonvolpato/Git/Alura_Airflow_Oficial/venv/lib/python3.9/site-packages/airflow/example_dags/example_dag_decorator.py took 0.283 seconds
[2024-04-02 19:49:47,228] {processor.py:153} INFO - Started process (PID=12241) to work on /Users/miltonvolpato/Git/Alura_Airflow_Oficial/venv/lib/python3.9/site-packages/airflow/example_dags/example_dag_decorator.py
[2024-04-02 19:49:47,229] {processor.py:641} INFO - Processing file /Users/miltonvolpato/Git/Alura_Airflow_Oficial/venv/lib/python3.9/site-packages/airflow/example_dags/example_dag_decorator.py for tasks to queue
[2024-04-02 19:49:47,229] {logging_mixin.py:115} INFO - [2024-04-02 19:49:47,229] {dagbag.py:507} INFO - Filling up the DagBag from /Users/miltonvolpato/Git/Alura_Airflow_Oficial/venv/lib/python3.9/site-packages/airflow/example_dags/example_dag_decorator.py
[2024-04-02 19:49:47,315] {processor.py:651} INFO - DAG(s) dict_keys(['example_dag_decorator']) retrieved from /Users/miltonvolpato/Git/Alura_Airflow_Oficial/venv/lib/python3.9/site-packages/airflow/example_dags/example_dag_decorator.py
[2024-04-02 19:49:47,502] {logging_mixin.py:115} INFO - [2024-04-02 19:49:47,502] {dag.py:2379} INFO - Sync 1 DAGs
[2024-04-02 19:49:47,509] {logging_mixin.py:115} INFO - [2024-04-02 19:49:47,509] {dag.py:2927} INFO - Setting next_dagrun for example_dag_decorator to None, run_after=None
[2024-04-02 19:49:47,515] {processor.py:161} INFO - Processing /Users/miltonvolpato/Git/Alura_Airflow_Oficial/venv/lib/python3.9/site-packages/airflow/example_dags/example_dag_decorator.py took 0.287 seconds
[2024-04-02 19:50:40,447] {processor.py:153} INFO - Started process (PID=12287) to work on /Users/miltonvolpato/Git/Alura_Airflow_Oficial/venv/lib/python3.9/site-packages/airflow/example_dags/example_dag_decorator.py
[2024-04-02 19:50:40,447] {processor.py:641} INFO - Processing file /Users/miltonvolpato/Git/Alura_Airflow_Oficial/venv/lib/python3.9/site-packages/airflow/example_dags/example_dag_decorator.py for tasks to queue
[2024-04-02 19:50:40,447] {logging_mixin.py:115} INFO - [2024-04-02 19:50:40,447] {dagbag.py:507} INFO - Filling up the DagBag from /Users/miltonvolpato/Git/Alura_Airflow_Oficial/venv/lib/python3.9/site-packages/airflow/example_dags/example_dag_decorator.py
[2024-04-02 19:50:40,534] {processor.py:651} INFO - DAG(s) dict_keys(['example_dag_decorator']) retrieved from /Users/miltonvolpato/Git/Alura_Airflow_Oficial/venv/lib/python3.9/site-packages/airflow/example_dags/example_dag_decorator.py
[2024-04-02 19:50:40,724] {logging_mixin.py:115} INFO - [2024-04-02 19:50:40,724] {dag.py:2379} INFO - Sync 1 DAGs
[2024-04-02 19:50:40,731] {logging_mixin.py:115} INFO - [2024-04-02 19:50:40,731] {dag.py:2927} INFO - Setting next_dagrun for example_dag_decorator to None, run_after=None
[2024-04-02 19:50:40,736] {processor.py:161} INFO - Processing /Users/miltonvolpato/Git/Alura_Airflow_Oficial/venv/lib/python3.9/site-packages/airflow/example_dags/example_dag_decorator.py took 0.290 seconds
[2024-04-02 19:51:33,473] {processor.py:153} INFO - Started process (PID=12333) to work on /Users/miltonvolpato/Git/Alura_Airflow_Oficial/venv/lib/python3.9/site-packages/airflow/example_dags/example_dag_decorator.py
[2024-04-02 19:51:33,473] {processor.py:641} INFO - Processing file /Users/miltonvolpato/Git/Alura_Airflow_Oficial/venv/lib/python3.9/site-packages/airflow/example_dags/example_dag_decorator.py for tasks to queue
[2024-04-02 19:51:33,473] {logging_mixin.py:115} INFO - [2024-04-02 19:51:33,473] {dagbag.py:507} INFO - Filling up the DagBag from /Users/miltonvolpato/Git/Alura_Airflow_Oficial/venv/lib/python3.9/site-packages/airflow/example_dags/example_dag_decorator.py
[2024-04-02 19:51:33,561] {processor.py:651} INFO - DAG(s) dict_keys(['example_dag_decorator']) retrieved from /Users/miltonvolpato/Git/Alura_Airflow_Oficial/venv/lib/python3.9/site-packages/airflow/example_dags/example_dag_decorator.py
[2024-04-02 19:51:33,754] {logging_mixin.py:115} INFO - [2024-04-02 19:51:33,754] {dag.py:2379} INFO - Sync 1 DAGs
[2024-04-02 19:51:33,761] {logging_mixin.py:115} INFO - [2024-04-02 19:51:33,761] {dag.py:2927} INFO - Setting next_dagrun for example_dag_decorator to None, run_after=None
[2024-04-02 19:51:33,767] {processor.py:161} INFO - Processing /Users/miltonvolpato/Git/Alura_Airflow_Oficial/venv/lib/python3.9/site-packages/airflow/example_dags/example_dag_decorator.py took 0.294 seconds
[2024-04-02 19:52:26,190] {processor.py:153} INFO - Started process (PID=12393) to work on /Users/miltonvolpato/Git/Alura_Airflow_Oficial/venv/lib/python3.9/site-packages/airflow/example_dags/example_dag_decorator.py
[2024-04-02 19:52:26,190] {processor.py:641} INFO - Processing file /Users/miltonvolpato/Git/Alura_Airflow_Oficial/venv/lib/python3.9/site-packages/airflow/example_dags/example_dag_decorator.py for tasks to queue
[2024-04-02 19:52:26,191] {logging_mixin.py:115} INFO - [2024-04-02 19:52:26,191] {dagbag.py:507} INFO - Filling up the DagBag from /Users/miltonvolpato/Git/Alura_Airflow_Oficial/venv/lib/python3.9/site-packages/airflow/example_dags/example_dag_decorator.py
[2024-04-02 19:52:26,287] {processor.py:651} INFO - DAG(s) dict_keys(['example_dag_decorator']) retrieved from /Users/miltonvolpato/Git/Alura_Airflow_Oficial/venv/lib/python3.9/site-packages/airflow/example_dags/example_dag_decorator.py
[2024-04-02 19:52:26,494] {logging_mixin.py:115} INFO - [2024-04-02 19:52:26,494] {dag.py:2379} INFO - Sync 1 DAGs
[2024-04-02 19:52:26,502] {logging_mixin.py:115} INFO - [2024-04-02 19:52:26,502] {dag.py:2927} INFO - Setting next_dagrun for example_dag_decorator to None, run_after=None
[2024-04-02 19:52:26,508] {processor.py:161} INFO - Processing /Users/miltonvolpato/Git/Alura_Airflow_Oficial/venv/lib/python3.9/site-packages/airflow/example_dags/example_dag_decorator.py took 0.319 seconds
[2024-04-02 19:53:24,692] {processor.py:153} INFO - Started process (PID=12446) to work on /Users/miltonvolpato/Git/Alura_Airflow_Oficial/venv/lib/python3.9/site-packages/airflow/example_dags/example_dag_decorator.py
[2024-04-02 19:53:24,693] {processor.py:641} INFO - Processing file /Users/miltonvolpato/Git/Alura_Airflow_Oficial/venv/lib/python3.9/site-packages/airflow/example_dags/example_dag_decorator.py for tasks to queue
[2024-04-02 19:53:24,693] {logging_mixin.py:115} INFO - [2024-04-02 19:53:24,693] {dagbag.py:507} INFO - Filling up the DagBag from /Users/miltonvolpato/Git/Alura_Airflow_Oficial/venv/lib/python3.9/site-packages/airflow/example_dags/example_dag_decorator.py
[2024-04-02 19:53:24,781] {processor.py:651} INFO - DAG(s) dict_keys(['example_dag_decorator']) retrieved from /Users/miltonvolpato/Git/Alura_Airflow_Oficial/venv/lib/python3.9/site-packages/airflow/example_dags/example_dag_decorator.py
[2024-04-02 19:53:24,975] {logging_mixin.py:115} INFO - [2024-04-02 19:53:24,975] {dag.py:2379} INFO - Sync 1 DAGs
[2024-04-02 19:53:24,983] {logging_mixin.py:115} INFO - [2024-04-02 19:53:24,982] {dag.py:2927} INFO - Setting next_dagrun for example_dag_decorator to None, run_after=None
[2024-04-02 19:53:24,988] {processor.py:161} INFO - Processing /Users/miltonvolpato/Git/Alura_Airflow_Oficial/venv/lib/python3.9/site-packages/airflow/example_dags/example_dag_decorator.py took 0.296 seconds
[2024-04-02 19:54:20,268] {processor.py:153} INFO - Started process (PID=12552) to work on /Users/miltonvolpato/Git/Alura_Airflow_Oficial/venv/lib/python3.9/site-packages/airflow/example_dags/example_dag_decorator.py
[2024-04-02 19:54:20,269] {processor.py:641} INFO - Processing file /Users/miltonvolpato/Git/Alura_Airflow_Oficial/venv/lib/python3.9/site-packages/airflow/example_dags/example_dag_decorator.py for tasks to queue
[2024-04-02 19:54:20,269] {logging_mixin.py:115} INFO - [2024-04-02 19:54:20,269] {dagbag.py:507} INFO - Filling up the DagBag from /Users/miltonvolpato/Git/Alura_Airflow_Oficial/venv/lib/python3.9/site-packages/airflow/example_dags/example_dag_decorator.py
[2024-04-02 19:54:20,360] {processor.py:651} INFO - DAG(s) dict_keys(['example_dag_decorator']) retrieved from /Users/miltonvolpato/Git/Alura_Airflow_Oficial/venv/lib/python3.9/site-packages/airflow/example_dags/example_dag_decorator.py
[2024-04-02 19:54:20,560] {logging_mixin.py:115} INFO - [2024-04-02 19:54:20,560] {dag.py:2379} INFO - Sync 1 DAGs
[2024-04-02 19:54:20,567] {logging_mixin.py:115} INFO - [2024-04-02 19:54:20,567] {dag.py:2927} INFO - Setting next_dagrun for example_dag_decorator to None, run_after=None
[2024-04-02 19:54:20,573] {processor.py:161} INFO - Processing /Users/miltonvolpato/Git/Alura_Airflow_Oficial/venv/lib/python3.9/site-packages/airflow/example_dags/example_dag_decorator.py took 0.305 seconds
[2024-04-02 19:55:18,301] {processor.py:153} INFO - Started process (PID=12646) to work on /Users/miltonvolpato/Git/Alura_Airflow_Oficial/venv/lib/python3.9/site-packages/airflow/example_dags/example_dag_decorator.py
[2024-04-02 19:55:18,302] {processor.py:641} INFO - Processing file /Users/miltonvolpato/Git/Alura_Airflow_Oficial/venv/lib/python3.9/site-packages/airflow/example_dags/example_dag_decorator.py for tasks to queue
[2024-04-02 19:55:18,302] {logging_mixin.py:115} INFO - [2024-04-02 19:55:18,302] {dagbag.py:507} INFO - Filling up the DagBag from /Users/miltonvolpato/Git/Alura_Airflow_Oficial/venv/lib/python3.9/site-packages/airflow/example_dags/example_dag_decorator.py
[2024-04-02 19:55:18,391] {processor.py:651} INFO - DAG(s) dict_keys(['example_dag_decorator']) retrieved from /Users/miltonvolpato/Git/Alura_Airflow_Oficial/venv/lib/python3.9/site-packages/airflow/example_dags/example_dag_decorator.py
[2024-04-02 19:55:18,584] {logging_mixin.py:115} INFO - [2024-04-02 19:55:18,583] {dag.py:2379} INFO - Sync 1 DAGs
[2024-04-02 19:55:18,590] {logging_mixin.py:115} INFO - [2024-04-02 19:55:18,590] {dag.py:2927} INFO - Setting next_dagrun for example_dag_decorator to None, run_after=None
[2024-04-02 19:55:18,596] {processor.py:161} INFO - Processing /Users/miltonvolpato/Git/Alura_Airflow_Oficial/venv/lib/python3.9/site-packages/airflow/example_dags/example_dag_decorator.py took 0.296 seconds
