[2024-04-02 19:36:28,890] {processor.py:153} INFO - Started process (PID=11308) to work on /Users/miltonvolpato/Git/Alura_Airflow_Oficial/venv/lib/python3.9/site-packages/airflow/example_dags/example_trigger_controller_dag.py
[2024-04-02 19:36:28,890] {processor.py:641} INFO - Processing file /Users/miltonvolpato/Git/Alura_Airflow_Oficial/venv/lib/python3.9/site-packages/airflow/example_dags/example_trigger_controller_dag.py for tasks to queue
[2024-04-02 19:36:28,890] {logging_mixin.py:115} INFO - [2024-04-02 19:36:28,890] {dagbag.py:507} INFO - Filling up the DagBag from /Users/miltonvolpato/Git/Alura_Airflow_Oficial/venv/lib/python3.9/site-packages/airflow/example_dags/example_trigger_controller_dag.py
[2024-04-02 19:36:28,896] {processor.py:651} INFO - DAG(s) dict_keys(['example_trigger_controller_dag']) retrieved from /Users/miltonvolpato/Git/Alura_Airflow_Oficial/venv/lib/python3.9/site-packages/airflow/example_dags/example_trigger_controller_dag.py
[2024-04-02 19:36:29,221] {logging_mixin.py:115} INFO - [2024-04-02 19:36:29,221] {manager.py:508} INFO - Created Permission View: can delete on DAG:example_trigger_controller_dag
[2024-04-02 19:36:29,223] {logging_mixin.py:115} INFO - [2024-04-02 19:36:29,223] {manager.py:508} INFO - Created Permission View: can edit on DAG:example_trigger_controller_dag
[2024-04-02 19:36:29,225] {logging_mixin.py:115} INFO - [2024-04-02 19:36:29,225] {manager.py:508} INFO - Created Permission View: can read on DAG:example_trigger_controller_dag
[2024-04-02 19:36:29,225] {logging_mixin.py:115} INFO - [2024-04-02 19:36:29,225] {dag.py:2379} INFO - Sync 1 DAGs
[2024-04-02 19:36:29,229] {logging_mixin.py:115} INFO - [2024-04-02 19:36:29,229] {dag.py:2398} INFO - Creating ORM DAG for example_trigger_controller_dag
[2024-04-02 19:36:29,233] {logging_mixin.py:115} INFO - [2024-04-02 19:36:29,233] {dag.py:2927} INFO - Setting next_dagrun for example_trigger_controller_dag to 2021-01-01T00:00:00+00:00, run_after=2021-01-01T00:00:00+00:00
[2024-04-02 19:36:29,238] {processor.py:161} INFO - Processing /Users/miltonvolpato/Git/Alura_Airflow_Oficial/venv/lib/python3.9/site-packages/airflow/example_dags/example_trigger_controller_dag.py took 0.348 seconds
[2024-04-02 19:37:22,375] {processor.py:153} INFO - Started process (PID=11392) to work on /Users/miltonvolpato/Git/Alura_Airflow_Oficial/venv/lib/python3.9/site-packages/airflow/example_dags/example_trigger_controller_dag.py
[2024-04-02 19:37:22,376] {processor.py:641} INFO - Processing file /Users/miltonvolpato/Git/Alura_Airflow_Oficial/venv/lib/python3.9/site-packages/airflow/example_dags/example_trigger_controller_dag.py for tasks to queue
[2024-04-02 19:37:22,376] {logging_mixin.py:115} INFO - [2024-04-02 19:37:22,376] {dagbag.py:507} INFO - Filling up the DagBag from /Users/miltonvolpato/Git/Alura_Airflow_Oficial/venv/lib/python3.9/site-packages/airflow/example_dags/example_trigger_controller_dag.py
[2024-04-02 19:37:22,382] {processor.py:651} INFO - DAG(s) dict_keys(['example_trigger_controller_dag']) retrieved from /Users/miltonvolpato/Git/Alura_Airflow_Oficial/venv/lib/python3.9/site-packages/airflow/example_dags/example_trigger_controller_dag.py
[2024-04-02 19:37:22,410] {logging_mixin.py:115} INFO - [2024-04-02 19:37:22,410] {dag.py:2379} INFO - Sync 1 DAGs
[2024-04-02 19:37:22,417] {logging_mixin.py:115} INFO - [2024-04-02 19:37:22,417] {dag.py:2927} INFO - Setting next_dagrun for example_trigger_controller_dag to 2021-01-01T00:00:00+00:00, run_after=2021-01-01T00:00:00+00:00
[2024-04-02 19:37:22,422] {processor.py:161} INFO - Processing /Users/miltonvolpato/Git/Alura_Airflow_Oficial/venv/lib/python3.9/site-packages/airflow/example_dags/example_trigger_controller_dag.py took 0.047 seconds
[2024-04-02 19:38:09,850] {processor.py:153} INFO - Started process (PID=11476) to work on /Users/miltonvolpato/Git/Alura_Airflow_Oficial/venv/lib/python3.9/site-packages/airflow/example_dags/example_trigger_controller_dag.py
[2024-04-02 19:38:09,850] {processor.py:641} INFO - Processing file /Users/miltonvolpato/Git/Alura_Airflow_Oficial/venv/lib/python3.9/site-packages/airflow/example_dags/example_trigger_controller_dag.py for tasks to queue
[2024-04-02 19:38:09,850] {logging_mixin.py:115} INFO - [2024-04-02 19:38:09,850] {dagbag.py:507} INFO - Filling up the DagBag from /Users/miltonvolpato/Git/Alura_Airflow_Oficial/venv/lib/python3.9/site-packages/airflow/example_dags/example_trigger_controller_dag.py
[2024-04-02 19:38:09,856] {processor.py:651} INFO - DAG(s) dict_keys(['example_trigger_controller_dag']) retrieved from /Users/miltonvolpato/Git/Alura_Airflow_Oficial/venv/lib/python3.9/site-packages/airflow/example_dags/example_trigger_controller_dag.py
[2024-04-02 19:38:09,883] {logging_mixin.py:115} INFO - [2024-04-02 19:38:09,883] {dag.py:2379} INFO - Sync 1 DAGs
[2024-04-02 19:38:09,890] {logging_mixin.py:115} INFO - [2024-04-02 19:38:09,890] {dag.py:2927} INFO - Setting next_dagrun for example_trigger_controller_dag to 2021-01-01T00:00:00+00:00, run_after=2021-01-01T00:00:00+00:00
[2024-04-02 19:38:09,894] {processor.py:161} INFO - Processing /Users/miltonvolpato/Git/Alura_Airflow_Oficial/venv/lib/python3.9/site-packages/airflow/example_dags/example_trigger_controller_dag.py took 0.045 seconds
[2024-04-02 19:38:50,469] {processor.py:153} INFO - Started process (PID=11528) to work on /Users/miltonvolpato/Git/Alura_Airflow_Oficial/venv/lib/python3.9/site-packages/airflow/example_dags/example_trigger_controller_dag.py
[2024-04-02 19:38:50,469] {processor.py:641} INFO - Processing file /Users/miltonvolpato/Git/Alura_Airflow_Oficial/venv/lib/python3.9/site-packages/airflow/example_dags/example_trigger_controller_dag.py for tasks to queue
[2024-04-02 19:38:50,469] {logging_mixin.py:115} INFO - [2024-04-02 19:38:50,469] {dagbag.py:507} INFO - Filling up the DagBag from /Users/miltonvolpato/Git/Alura_Airflow_Oficial/venv/lib/python3.9/site-packages/airflow/example_dags/example_trigger_controller_dag.py
[2024-04-02 19:38:50,474] {processor.py:651} INFO - DAG(s) dict_keys(['example_trigger_controller_dag']) retrieved from /Users/miltonvolpato/Git/Alura_Airflow_Oficial/venv/lib/python3.9/site-packages/airflow/example_dags/example_trigger_controller_dag.py
[2024-04-02 19:38:50,502] {logging_mixin.py:115} INFO - [2024-04-02 19:38:50,502] {dag.py:2379} INFO - Sync 1 DAGs
[2024-04-02 19:38:50,508] {logging_mixin.py:115} INFO - [2024-04-02 19:38:50,508] {dag.py:2927} INFO - Setting next_dagrun for example_trigger_controller_dag to 2021-01-01T00:00:00+00:00, run_after=2021-01-01T00:00:00+00:00
[2024-04-02 19:38:50,513] {processor.py:161} INFO - Processing /Users/miltonvolpato/Git/Alura_Airflow_Oficial/venv/lib/python3.9/site-packages/airflow/example_dags/example_trigger_controller_dag.py took 0.045 seconds
[2024-04-02 19:39:39,504] {processor.py:153} INFO - Started process (PID=11569) to work on /Users/miltonvolpato/Git/Alura_Airflow_Oficial/venv/lib/python3.9/site-packages/airflow/example_dags/example_trigger_controller_dag.py
[2024-04-02 19:39:39,504] {processor.py:641} INFO - Processing file /Users/miltonvolpato/Git/Alura_Airflow_Oficial/venv/lib/python3.9/site-packages/airflow/example_dags/example_trigger_controller_dag.py for tasks to queue
[2024-04-02 19:39:39,504] {logging_mixin.py:115} INFO - [2024-04-02 19:39:39,504] {dagbag.py:507} INFO - Filling up the DagBag from /Users/miltonvolpato/Git/Alura_Airflow_Oficial/venv/lib/python3.9/site-packages/airflow/example_dags/example_trigger_controller_dag.py
[2024-04-02 19:39:39,510] {processor.py:651} INFO - DAG(s) dict_keys(['example_trigger_controller_dag']) retrieved from /Users/miltonvolpato/Git/Alura_Airflow_Oficial/venv/lib/python3.9/site-packages/airflow/example_dags/example_trigger_controller_dag.py
[2024-04-02 19:39:39,537] {logging_mixin.py:115} INFO - [2024-04-02 19:39:39,537] {dag.py:2379} INFO - Sync 1 DAGs
[2024-04-02 19:39:39,543] {logging_mixin.py:115} INFO - [2024-04-02 19:39:39,543] {dag.py:2927} INFO - Setting next_dagrun for example_trigger_controller_dag to 2021-01-01T00:00:00+00:00, run_after=2021-01-01T00:00:00+00:00
[2024-04-02 19:39:39,548] {processor.py:161} INFO - Processing /Users/miltonvolpato/Git/Alura_Airflow_Oficial/venv/lib/python3.9/site-packages/airflow/example_dags/example_trigger_controller_dag.py took 0.044 seconds
[2024-04-02 19:40:27,750] {processor.py:153} INFO - Started process (PID=11618) to work on /Users/miltonvolpato/Git/Alura_Airflow_Oficial/venv/lib/python3.9/site-packages/airflow/example_dags/example_trigger_controller_dag.py
[2024-04-02 19:40:27,750] {processor.py:641} INFO - Processing file /Users/miltonvolpato/Git/Alura_Airflow_Oficial/venv/lib/python3.9/site-packages/airflow/example_dags/example_trigger_controller_dag.py for tasks to queue
[2024-04-02 19:40:27,750] {logging_mixin.py:115} INFO - [2024-04-02 19:40:27,750] {dagbag.py:507} INFO - Filling up the DagBag from /Users/miltonvolpato/Git/Alura_Airflow_Oficial/venv/lib/python3.9/site-packages/airflow/example_dags/example_trigger_controller_dag.py
[2024-04-02 19:40:27,755] {processor.py:651} INFO - DAG(s) dict_keys(['example_trigger_controller_dag']) retrieved from /Users/miltonvolpato/Git/Alura_Airflow_Oficial/venv/lib/python3.9/site-packages/airflow/example_dags/example_trigger_controller_dag.py
[2024-04-02 19:40:27,782] {logging_mixin.py:115} INFO - [2024-04-02 19:40:27,782] {dag.py:2379} INFO - Sync 1 DAGs
[2024-04-02 19:40:27,789] {logging_mixin.py:115} INFO - [2024-04-02 19:40:27,789] {dag.py:2927} INFO - Setting next_dagrun for example_trigger_controller_dag to 2021-01-01T00:00:00+00:00, run_after=2021-01-01T00:00:00+00:00
[2024-04-02 19:40:27,794] {processor.py:161} INFO - Processing /Users/miltonvolpato/Git/Alura_Airflow_Oficial/venv/lib/python3.9/site-packages/airflow/example_dags/example_trigger_controller_dag.py took 0.044 seconds
[2024-04-02 19:41:20,796] {processor.py:153} INFO - Started process (PID=11662) to work on /Users/miltonvolpato/Git/Alura_Airflow_Oficial/venv/lib/python3.9/site-packages/airflow/example_dags/example_trigger_controller_dag.py
[2024-04-02 19:41:20,796] {processor.py:641} INFO - Processing file /Users/miltonvolpato/Git/Alura_Airflow_Oficial/venv/lib/python3.9/site-packages/airflow/example_dags/example_trigger_controller_dag.py for tasks to queue
[2024-04-02 19:41:20,796] {logging_mixin.py:115} INFO - [2024-04-02 19:41:20,796] {dagbag.py:507} INFO - Filling up the DagBag from /Users/miltonvolpato/Git/Alura_Airflow_Oficial/venv/lib/python3.9/site-packages/airflow/example_dags/example_trigger_controller_dag.py
[2024-04-02 19:41:20,801] {processor.py:651} INFO - DAG(s) dict_keys(['example_trigger_controller_dag']) retrieved from /Users/miltonvolpato/Git/Alura_Airflow_Oficial/venv/lib/python3.9/site-packages/airflow/example_dags/example_trigger_controller_dag.py
[2024-04-02 19:41:20,829] {logging_mixin.py:115} INFO - [2024-04-02 19:41:20,829] {dag.py:2379} INFO - Sync 1 DAGs
[2024-04-02 19:41:20,836] {logging_mixin.py:115} INFO - [2024-04-02 19:41:20,836] {dag.py:2927} INFO - Setting next_dagrun for example_trigger_controller_dag to 2021-01-01T00:00:00+00:00, run_after=2021-01-01T00:00:00+00:00
[2024-04-02 19:41:20,841] {processor.py:161} INFO - Processing /Users/miltonvolpato/Git/Alura_Airflow_Oficial/venv/lib/python3.9/site-packages/airflow/example_dags/example_trigger_controller_dag.py took 0.046 seconds
[2024-04-02 19:42:13,997] {processor.py:153} INFO - Started process (PID=11713) to work on /Users/miltonvolpato/Git/Alura_Airflow_Oficial/venv/lib/python3.9/site-packages/airflow/example_dags/example_trigger_controller_dag.py
[2024-04-02 19:42:13,997] {processor.py:641} INFO - Processing file /Users/miltonvolpato/Git/Alura_Airflow_Oficial/venv/lib/python3.9/site-packages/airflow/example_dags/example_trigger_controller_dag.py for tasks to queue
[2024-04-02 19:42:13,997] {logging_mixin.py:115} INFO - [2024-04-02 19:42:13,997] {dagbag.py:507} INFO - Filling up the DagBag from /Users/miltonvolpato/Git/Alura_Airflow_Oficial/venv/lib/python3.9/site-packages/airflow/example_dags/example_trigger_controller_dag.py
[2024-04-02 19:42:14,002] {processor.py:651} INFO - DAG(s) dict_keys(['example_trigger_controller_dag']) retrieved from /Users/miltonvolpato/Git/Alura_Airflow_Oficial/venv/lib/python3.9/site-packages/airflow/example_dags/example_trigger_controller_dag.py
[2024-04-02 19:42:14,031] {logging_mixin.py:115} INFO - [2024-04-02 19:42:14,031] {dag.py:2379} INFO - Sync 1 DAGs
[2024-04-02 19:42:14,038] {logging_mixin.py:115} INFO - [2024-04-02 19:42:14,038] {dag.py:2927} INFO - Setting next_dagrun for example_trigger_controller_dag to 2021-01-01T00:00:00+00:00, run_after=2021-01-01T00:00:00+00:00
[2024-04-02 19:42:14,043] {processor.py:161} INFO - Processing /Users/miltonvolpato/Git/Alura_Airflow_Oficial/venv/lib/python3.9/site-packages/airflow/example_dags/example_trigger_controller_dag.py took 0.046 seconds
[2024-04-02 19:43:04,801] {processor.py:153} INFO - Started process (PID=11762) to work on /Users/miltonvolpato/Git/Alura_Airflow_Oficial/venv/lib/python3.9/site-packages/airflow/example_dags/example_trigger_controller_dag.py
[2024-04-02 19:43:04,802] {processor.py:641} INFO - Processing file /Users/miltonvolpato/Git/Alura_Airflow_Oficial/venv/lib/python3.9/site-packages/airflow/example_dags/example_trigger_controller_dag.py for tasks to queue
[2024-04-02 19:43:04,802] {logging_mixin.py:115} INFO - [2024-04-02 19:43:04,802] {dagbag.py:507} INFO - Filling up the DagBag from /Users/miltonvolpato/Git/Alura_Airflow_Oficial/venv/lib/python3.9/site-packages/airflow/example_dags/example_trigger_controller_dag.py
[2024-04-02 19:43:04,808] {processor.py:651} INFO - DAG(s) dict_keys(['example_trigger_controller_dag']) retrieved from /Users/miltonvolpato/Git/Alura_Airflow_Oficial/venv/lib/python3.9/site-packages/airflow/example_dags/example_trigger_controller_dag.py
[2024-04-02 19:43:04,835] {logging_mixin.py:115} INFO - [2024-04-02 19:43:04,835] {dag.py:2379} INFO - Sync 1 DAGs
[2024-04-02 19:43:04,842] {logging_mixin.py:115} INFO - [2024-04-02 19:43:04,842] {dag.py:2927} INFO - Setting next_dagrun for example_trigger_controller_dag to 2021-01-01T00:00:00+00:00, run_after=2021-01-01T00:00:00+00:00
[2024-04-02 19:43:04,847] {processor.py:161} INFO - Processing /Users/miltonvolpato/Git/Alura_Airflow_Oficial/venv/lib/python3.9/site-packages/airflow/example_dags/example_trigger_controller_dag.py took 0.046 seconds
[2024-04-02 19:43:59,692] {processor.py:153} INFO - Started process (PID=11824) to work on /Users/miltonvolpato/Git/Alura_Airflow_Oficial/venv/lib/python3.9/site-packages/airflow/example_dags/example_trigger_controller_dag.py
[2024-04-02 19:43:59,693] {processor.py:641} INFO - Processing file /Users/miltonvolpato/Git/Alura_Airflow_Oficial/venv/lib/python3.9/site-packages/airflow/example_dags/example_trigger_controller_dag.py for tasks to queue
[2024-04-02 19:43:59,693] {logging_mixin.py:115} INFO - [2024-04-02 19:43:59,693] {dagbag.py:507} INFO - Filling up the DagBag from /Users/miltonvolpato/Git/Alura_Airflow_Oficial/venv/lib/python3.9/site-packages/airflow/example_dags/example_trigger_controller_dag.py
[2024-04-02 19:43:59,698] {processor.py:651} INFO - DAG(s) dict_keys(['example_trigger_controller_dag']) retrieved from /Users/miltonvolpato/Git/Alura_Airflow_Oficial/venv/lib/python3.9/site-packages/airflow/example_dags/example_trigger_controller_dag.py
[2024-04-02 19:43:59,726] {logging_mixin.py:115} INFO - [2024-04-02 19:43:59,726] {dag.py:2379} INFO - Sync 1 DAGs
[2024-04-02 19:43:59,733] {logging_mixin.py:115} INFO - [2024-04-02 19:43:59,733] {dag.py:2927} INFO - Setting next_dagrun for example_trigger_controller_dag to 2021-01-01T00:00:00+00:00, run_after=2021-01-01T00:00:00+00:00
[2024-04-02 19:43:59,737] {processor.py:161} INFO - Processing /Users/miltonvolpato/Git/Alura_Airflow_Oficial/venv/lib/python3.9/site-packages/airflow/example_dags/example_trigger_controller_dag.py took 0.045 seconds
[2024-04-02 19:44:39,378] {processor.py:153} INFO - Started process (PID=11877) to work on /Users/miltonvolpato/Git/Alura_Airflow_Oficial/venv/lib/python3.9/site-packages/airflow/example_dags/example_trigger_controller_dag.py
[2024-04-02 19:44:39,380] {processor.py:641} INFO - Processing file /Users/miltonvolpato/Git/Alura_Airflow_Oficial/venv/lib/python3.9/site-packages/airflow/example_dags/example_trigger_controller_dag.py for tasks to queue
[2024-04-02 19:44:39,380] {logging_mixin.py:115} INFO - [2024-04-02 19:44:39,380] {dagbag.py:507} INFO - Filling up the DagBag from /Users/miltonvolpato/Git/Alura_Airflow_Oficial/venv/lib/python3.9/site-packages/airflow/example_dags/example_trigger_controller_dag.py
[2024-04-02 19:44:39,385] {processor.py:651} INFO - DAG(s) dict_keys(['example_trigger_controller_dag']) retrieved from /Users/miltonvolpato/Git/Alura_Airflow_Oficial/venv/lib/python3.9/site-packages/airflow/example_dags/example_trigger_controller_dag.py
[2024-04-02 19:44:39,413] {logging_mixin.py:115} INFO - [2024-04-02 19:44:39,413] {dag.py:2379} INFO - Sync 1 DAGs
[2024-04-02 19:44:39,420] {logging_mixin.py:115} INFO - [2024-04-02 19:44:39,420] {dag.py:2927} INFO - Setting next_dagrun for example_trigger_controller_dag to 2021-01-01T00:00:00+00:00, run_after=2021-01-01T00:00:00+00:00
[2024-04-02 19:44:39,424] {processor.py:161} INFO - Processing /Users/miltonvolpato/Git/Alura_Airflow_Oficial/venv/lib/python3.9/site-packages/airflow/example_dags/example_trigger_controller_dag.py took 0.047 seconds
[2024-04-02 19:45:30,866] {processor.py:153} INFO - Started process (PID=11923) to work on /Users/miltonvolpato/Git/Alura_Airflow_Oficial/venv/lib/python3.9/site-packages/airflow/example_dags/example_trigger_controller_dag.py
[2024-04-02 19:45:30,866] {processor.py:641} INFO - Processing file /Users/miltonvolpato/Git/Alura_Airflow_Oficial/venv/lib/python3.9/site-packages/airflow/example_dags/example_trigger_controller_dag.py for tasks to queue
[2024-04-02 19:45:30,866] {logging_mixin.py:115} INFO - [2024-04-02 19:45:30,866] {dagbag.py:507} INFO - Filling up the DagBag from /Users/miltonvolpato/Git/Alura_Airflow_Oficial/venv/lib/python3.9/site-packages/airflow/example_dags/example_trigger_controller_dag.py
[2024-04-02 19:45:30,872] {processor.py:651} INFO - DAG(s) dict_keys(['example_trigger_controller_dag']) retrieved from /Users/miltonvolpato/Git/Alura_Airflow_Oficial/venv/lib/python3.9/site-packages/airflow/example_dags/example_trigger_controller_dag.py
[2024-04-02 19:45:30,904] {logging_mixin.py:115} INFO - [2024-04-02 19:45:30,904] {dag.py:2379} INFO - Sync 1 DAGs
[2024-04-02 19:45:30,911] {logging_mixin.py:115} INFO - [2024-04-02 19:45:30,911] {dag.py:2927} INFO - Setting next_dagrun for example_trigger_controller_dag to 2021-01-01T00:00:00+00:00, run_after=2021-01-01T00:00:00+00:00
[2024-04-02 19:45:30,916] {processor.py:161} INFO - Processing /Users/miltonvolpato/Git/Alura_Airflow_Oficial/venv/lib/python3.9/site-packages/airflow/example_dags/example_trigger_controller_dag.py took 0.050 seconds
[2024-04-02 19:46:20,164] {processor.py:153} INFO - Started process (PID=11985) to work on /Users/miltonvolpato/Git/Alura_Airflow_Oficial/venv/lib/python3.9/site-packages/airflow/example_dags/example_trigger_controller_dag.py
[2024-04-02 19:46:20,164] {processor.py:641} INFO - Processing file /Users/miltonvolpato/Git/Alura_Airflow_Oficial/venv/lib/python3.9/site-packages/airflow/example_dags/example_trigger_controller_dag.py for tasks to queue
[2024-04-02 19:46:20,164] {logging_mixin.py:115} INFO - [2024-04-02 19:46:20,164] {dagbag.py:507} INFO - Filling up the DagBag from /Users/miltonvolpato/Git/Alura_Airflow_Oficial/venv/lib/python3.9/site-packages/airflow/example_dags/example_trigger_controller_dag.py
[2024-04-02 19:46:20,169] {processor.py:651} INFO - DAG(s) dict_keys(['example_trigger_controller_dag']) retrieved from /Users/miltonvolpato/Git/Alura_Airflow_Oficial/venv/lib/python3.9/site-packages/airflow/example_dags/example_trigger_controller_dag.py
[2024-04-02 19:46:20,198] {logging_mixin.py:115} INFO - [2024-04-02 19:46:20,198] {dag.py:2379} INFO - Sync 1 DAGs
[2024-04-02 19:46:20,205] {logging_mixin.py:115} INFO - [2024-04-02 19:46:20,204] {dag.py:2927} INFO - Setting next_dagrun for example_trigger_controller_dag to 2021-01-01T00:00:00+00:00, run_after=2021-01-01T00:00:00+00:00
[2024-04-02 19:46:20,210] {processor.py:161} INFO - Processing /Users/miltonvolpato/Git/Alura_Airflow_Oficial/venv/lib/python3.9/site-packages/airflow/example_dags/example_trigger_controller_dag.py took 0.046 seconds
[2024-04-02 19:47:14,689] {processor.py:153} INFO - Started process (PID=12057) to work on /Users/miltonvolpato/Git/Alura_Airflow_Oficial/venv/lib/python3.9/site-packages/airflow/example_dags/example_trigger_controller_dag.py
[2024-04-02 19:47:14,690] {processor.py:641} INFO - Processing file /Users/miltonvolpato/Git/Alura_Airflow_Oficial/venv/lib/python3.9/site-packages/airflow/example_dags/example_trigger_controller_dag.py for tasks to queue
[2024-04-02 19:47:14,690] {logging_mixin.py:115} INFO - [2024-04-02 19:47:14,690] {dagbag.py:507} INFO - Filling up the DagBag from /Users/miltonvolpato/Git/Alura_Airflow_Oficial/venv/lib/python3.9/site-packages/airflow/example_dags/example_trigger_controller_dag.py
[2024-04-02 19:47:14,696] {processor.py:651} INFO - DAG(s) dict_keys(['example_trigger_controller_dag']) retrieved from /Users/miltonvolpato/Git/Alura_Airflow_Oficial/venv/lib/python3.9/site-packages/airflow/example_dags/example_trigger_controller_dag.py
[2024-04-02 19:47:14,724] {logging_mixin.py:115} INFO - [2024-04-02 19:47:14,724] {dag.py:2379} INFO - Sync 1 DAGs
[2024-04-02 19:47:14,731] {logging_mixin.py:115} INFO - [2024-04-02 19:47:14,731] {dag.py:2927} INFO - Setting next_dagrun for example_trigger_controller_dag to 2021-01-01T00:00:00+00:00, run_after=2021-01-01T00:00:00+00:00
[2024-04-02 19:47:14,735] {processor.py:161} INFO - Processing /Users/miltonvolpato/Git/Alura_Airflow_Oficial/venv/lib/python3.9/site-packages/airflow/example_dags/example_trigger_controller_dag.py took 0.046 seconds
[2024-04-02 19:48:03,281] {processor.py:153} INFO - Started process (PID=12126) to work on /Users/miltonvolpato/Git/Alura_Airflow_Oficial/venv/lib/python3.9/site-packages/airflow/example_dags/example_trigger_controller_dag.py
[2024-04-02 19:48:03,281] {processor.py:641} INFO - Processing file /Users/miltonvolpato/Git/Alura_Airflow_Oficial/venv/lib/python3.9/site-packages/airflow/example_dags/example_trigger_controller_dag.py for tasks to queue
[2024-04-02 19:48:03,281] {logging_mixin.py:115} INFO - [2024-04-02 19:48:03,281] {dagbag.py:507} INFO - Filling up the DagBag from /Users/miltonvolpato/Git/Alura_Airflow_Oficial/venv/lib/python3.9/site-packages/airflow/example_dags/example_trigger_controller_dag.py
[2024-04-02 19:48:03,286] {processor.py:651} INFO - DAG(s) dict_keys(['example_trigger_controller_dag']) retrieved from /Users/miltonvolpato/Git/Alura_Airflow_Oficial/venv/lib/python3.9/site-packages/airflow/example_dags/example_trigger_controller_dag.py
[2024-04-02 19:48:03,314] {logging_mixin.py:115} INFO - [2024-04-02 19:48:03,314] {dag.py:2379} INFO - Sync 1 DAGs
[2024-04-02 19:48:03,321] {logging_mixin.py:115} INFO - [2024-04-02 19:48:03,321] {dag.py:2927} INFO - Setting next_dagrun for example_trigger_controller_dag to 2021-01-01T00:00:00+00:00, run_after=2021-01-01T00:00:00+00:00
[2024-04-02 19:48:03,325] {processor.py:161} INFO - Processing /Users/miltonvolpato/Git/Alura_Airflow_Oficial/venv/lib/python3.9/site-packages/airflow/example_dags/example_trigger_controller_dag.py took 0.044 seconds
[2024-04-02 19:48:50,253] {processor.py:153} INFO - Started process (PID=12177) to work on /Users/miltonvolpato/Git/Alura_Airflow_Oficial/venv/lib/python3.9/site-packages/airflow/example_dags/example_trigger_controller_dag.py
[2024-04-02 19:48:50,253] {processor.py:641} INFO - Processing file /Users/miltonvolpato/Git/Alura_Airflow_Oficial/venv/lib/python3.9/site-packages/airflow/example_dags/example_trigger_controller_dag.py for tasks to queue
[2024-04-02 19:48:50,253] {logging_mixin.py:115} INFO - [2024-04-02 19:48:50,253] {dagbag.py:507} INFO - Filling up the DagBag from /Users/miltonvolpato/Git/Alura_Airflow_Oficial/venv/lib/python3.9/site-packages/airflow/example_dags/example_trigger_controller_dag.py
[2024-04-02 19:48:50,258] {processor.py:651} INFO - DAG(s) dict_keys(['example_trigger_controller_dag']) retrieved from /Users/miltonvolpato/Git/Alura_Airflow_Oficial/venv/lib/python3.9/site-packages/airflow/example_dags/example_trigger_controller_dag.py
[2024-04-02 19:48:50,286] {logging_mixin.py:115} INFO - [2024-04-02 19:48:50,286] {dag.py:2379} INFO - Sync 1 DAGs
[2024-04-02 19:48:50,293] {logging_mixin.py:115} INFO - [2024-04-02 19:48:50,293] {dag.py:2927} INFO - Setting next_dagrun for example_trigger_controller_dag to 2021-01-01T00:00:00+00:00, run_after=2021-01-01T00:00:00+00:00
[2024-04-02 19:48:50,298] {processor.py:161} INFO - Processing /Users/miltonvolpato/Git/Alura_Airflow_Oficial/venv/lib/python3.9/site-packages/airflow/example_dags/example_trigger_controller_dag.py took 0.045 seconds
[2024-04-02 19:49:42,485] {processor.py:153} INFO - Started process (PID=12238) to work on /Users/miltonvolpato/Git/Alura_Airflow_Oficial/venv/lib/python3.9/site-packages/airflow/example_dags/example_trigger_controller_dag.py
[2024-04-02 19:49:42,486] {processor.py:641} INFO - Processing file /Users/miltonvolpato/Git/Alura_Airflow_Oficial/venv/lib/python3.9/site-packages/airflow/example_dags/example_trigger_controller_dag.py for tasks to queue
[2024-04-02 19:49:42,486] {logging_mixin.py:115} INFO - [2024-04-02 19:49:42,486] {dagbag.py:507} INFO - Filling up the DagBag from /Users/miltonvolpato/Git/Alura_Airflow_Oficial/venv/lib/python3.9/site-packages/airflow/example_dags/example_trigger_controller_dag.py
[2024-04-02 19:49:42,492] {processor.py:651} INFO - DAG(s) dict_keys(['example_trigger_controller_dag']) retrieved from /Users/miltonvolpato/Git/Alura_Airflow_Oficial/venv/lib/python3.9/site-packages/airflow/example_dags/example_trigger_controller_dag.py
[2024-04-02 19:49:42,520] {logging_mixin.py:115} INFO - [2024-04-02 19:49:42,520] {dag.py:2379} INFO - Sync 1 DAGs
[2024-04-02 19:49:42,527] {logging_mixin.py:115} INFO - [2024-04-02 19:49:42,527] {dag.py:2927} INFO - Setting next_dagrun for example_trigger_controller_dag to 2021-01-01T00:00:00+00:00, run_after=2021-01-01T00:00:00+00:00
[2024-04-02 19:49:42,531] {processor.py:161} INFO - Processing /Users/miltonvolpato/Git/Alura_Airflow_Oficial/venv/lib/python3.9/site-packages/airflow/example_dags/example_trigger_controller_dag.py took 0.046 seconds
[2024-04-02 19:50:35,018] {processor.py:153} INFO - Started process (PID=12283) to work on /Users/miltonvolpato/Git/Alura_Airflow_Oficial/venv/lib/python3.9/site-packages/airflow/example_dags/example_trigger_controller_dag.py
[2024-04-02 19:50:35,019] {processor.py:641} INFO - Processing file /Users/miltonvolpato/Git/Alura_Airflow_Oficial/venv/lib/python3.9/site-packages/airflow/example_dags/example_trigger_controller_dag.py for tasks to queue
[2024-04-02 19:50:35,019] {logging_mixin.py:115} INFO - [2024-04-02 19:50:35,019] {dagbag.py:507} INFO - Filling up the DagBag from /Users/miltonvolpato/Git/Alura_Airflow_Oficial/venv/lib/python3.9/site-packages/airflow/example_dags/example_trigger_controller_dag.py
[2024-04-02 19:50:35,025] {processor.py:651} INFO - DAG(s) dict_keys(['example_trigger_controller_dag']) retrieved from /Users/miltonvolpato/Git/Alura_Airflow_Oficial/venv/lib/python3.9/site-packages/airflow/example_dags/example_trigger_controller_dag.py
[2024-04-02 19:50:35,056] {logging_mixin.py:115} INFO - [2024-04-02 19:50:35,056] {dag.py:2379} INFO - Sync 1 DAGs
[2024-04-02 19:50:35,063] {logging_mixin.py:115} INFO - [2024-04-02 19:50:35,063] {dag.py:2927} INFO - Setting next_dagrun for example_trigger_controller_dag to 2021-01-01T00:00:00+00:00, run_after=2021-01-01T00:00:00+00:00
[2024-04-02 19:50:35,068] {processor.py:161} INFO - Processing /Users/miltonvolpato/Git/Alura_Airflow_Oficial/venv/lib/python3.9/site-packages/airflow/example_dags/example_trigger_controller_dag.py took 0.051 seconds
[2024-04-02 19:51:27,919] {processor.py:153} INFO - Started process (PID=12328) to work on /Users/miltonvolpato/Git/Alura_Airflow_Oficial/venv/lib/python3.9/site-packages/airflow/example_dags/example_trigger_controller_dag.py
[2024-04-02 19:51:27,920] {processor.py:641} INFO - Processing file /Users/miltonvolpato/Git/Alura_Airflow_Oficial/venv/lib/python3.9/site-packages/airflow/example_dags/example_trigger_controller_dag.py for tasks to queue
[2024-04-02 19:51:27,920] {logging_mixin.py:115} INFO - [2024-04-02 19:51:27,920] {dagbag.py:507} INFO - Filling up the DagBag from /Users/miltonvolpato/Git/Alura_Airflow_Oficial/venv/lib/python3.9/site-packages/airflow/example_dags/example_trigger_controller_dag.py
[2024-04-02 19:51:27,925] {processor.py:651} INFO - DAG(s) dict_keys(['example_trigger_controller_dag']) retrieved from /Users/miltonvolpato/Git/Alura_Airflow_Oficial/venv/lib/python3.9/site-packages/airflow/example_dags/example_trigger_controller_dag.py
[2024-04-02 19:51:27,957] {logging_mixin.py:115} INFO - [2024-04-02 19:51:27,957] {dag.py:2379} INFO - Sync 1 DAGs
[2024-04-02 19:51:27,965] {logging_mixin.py:115} INFO - [2024-04-02 19:51:27,965] {dag.py:2927} INFO - Setting next_dagrun for example_trigger_controller_dag to 2021-01-01T00:00:00+00:00, run_after=2021-01-01T00:00:00+00:00
[2024-04-02 19:51:27,970] {processor.py:161} INFO - Processing /Users/miltonvolpato/Git/Alura_Airflow_Oficial/venv/lib/python3.9/site-packages/airflow/example_dags/example_trigger_controller_dag.py took 0.051 seconds
[2024-04-02 19:52:05,259] {processor.py:153} INFO - Started process (PID=12373) to work on /Users/miltonvolpato/Git/Alura_Airflow_Oficial/venv/lib/python3.9/site-packages/airflow/example_dags/example_trigger_controller_dag.py
[2024-04-02 19:52:05,260] {processor.py:641} INFO - Processing file /Users/miltonvolpato/Git/Alura_Airflow_Oficial/venv/lib/python3.9/site-packages/airflow/example_dags/example_trigger_controller_dag.py for tasks to queue
[2024-04-02 19:52:05,261] {logging_mixin.py:115} INFO - [2024-04-02 19:52:05,261] {dagbag.py:507} INFO - Filling up the DagBag from /Users/miltonvolpato/Git/Alura_Airflow_Oficial/venv/lib/python3.9/site-packages/airflow/example_dags/example_trigger_controller_dag.py
[2024-04-02 19:52:05,266] {processor.py:651} INFO - DAG(s) dict_keys(['example_trigger_controller_dag']) retrieved from /Users/miltonvolpato/Git/Alura_Airflow_Oficial/venv/lib/python3.9/site-packages/airflow/example_dags/example_trigger_controller_dag.py
[2024-04-02 19:52:05,294] {logging_mixin.py:115} INFO - [2024-04-02 19:52:05,294] {dag.py:2379} INFO - Sync 1 DAGs
[2024-04-02 19:52:05,301] {logging_mixin.py:115} INFO - [2024-04-02 19:52:05,301] {dag.py:2927} INFO - Setting next_dagrun for example_trigger_controller_dag to 2021-01-01T00:00:00+00:00, run_after=2021-01-01T00:00:00+00:00
[2024-04-02 19:52:05,306] {processor.py:161} INFO - Processing /Users/miltonvolpato/Git/Alura_Airflow_Oficial/venv/lib/python3.9/site-packages/airflow/example_dags/example_trigger_controller_dag.py took 0.047 seconds
[2024-04-02 19:53:01,453] {processor.py:153} INFO - Started process (PID=12420) to work on /Users/miltonvolpato/Git/Alura_Airflow_Oficial/venv/lib/python3.9/site-packages/airflow/example_dags/example_trigger_controller_dag.py
[2024-04-02 19:53:01,454] {processor.py:641} INFO - Processing file /Users/miltonvolpato/Git/Alura_Airflow_Oficial/venv/lib/python3.9/site-packages/airflow/example_dags/example_trigger_controller_dag.py for tasks to queue
[2024-04-02 19:53:01,454] {logging_mixin.py:115} INFO - [2024-04-02 19:53:01,454] {dagbag.py:507} INFO - Filling up the DagBag from /Users/miltonvolpato/Git/Alura_Airflow_Oficial/venv/lib/python3.9/site-packages/airflow/example_dags/example_trigger_controller_dag.py
[2024-04-02 19:53:01,460] {processor.py:651} INFO - DAG(s) dict_keys(['example_trigger_controller_dag']) retrieved from /Users/miltonvolpato/Git/Alura_Airflow_Oficial/venv/lib/python3.9/site-packages/airflow/example_dags/example_trigger_controller_dag.py
[2024-04-02 19:53:01,491] {logging_mixin.py:115} INFO - [2024-04-02 19:53:01,491] {dag.py:2379} INFO - Sync 1 DAGs
[2024-04-02 19:53:01,498] {logging_mixin.py:115} INFO - [2024-04-02 19:53:01,498] {dag.py:2927} INFO - Setting next_dagrun for example_trigger_controller_dag to 2021-01-01T00:00:00+00:00, run_after=2021-01-01T00:00:00+00:00
[2024-04-02 19:53:01,503] {processor.py:161} INFO - Processing /Users/miltonvolpato/Git/Alura_Airflow_Oficial/venv/lib/python3.9/site-packages/airflow/example_dags/example_trigger_controller_dag.py took 0.051 seconds
[2024-04-02 19:53:40,183] {processor.py:153} INFO - Started process (PID=12483) to work on /Users/miltonvolpato/Git/Alura_Airflow_Oficial/venv/lib/python3.9/site-packages/airflow/example_dags/example_trigger_controller_dag.py
[2024-04-02 19:53:40,183] {processor.py:641} INFO - Processing file /Users/miltonvolpato/Git/Alura_Airflow_Oficial/venv/lib/python3.9/site-packages/airflow/example_dags/example_trigger_controller_dag.py for tasks to queue
[2024-04-02 19:53:40,184] {logging_mixin.py:115} INFO - [2024-04-02 19:53:40,184] {dagbag.py:507} INFO - Filling up the DagBag from /Users/miltonvolpato/Git/Alura_Airflow_Oficial/venv/lib/python3.9/site-packages/airflow/example_dags/example_trigger_controller_dag.py
[2024-04-02 19:53:40,189] {processor.py:651} INFO - DAG(s) dict_keys(['example_trigger_controller_dag']) retrieved from /Users/miltonvolpato/Git/Alura_Airflow_Oficial/venv/lib/python3.9/site-packages/airflow/example_dags/example_trigger_controller_dag.py
[2024-04-02 19:53:40,217] {logging_mixin.py:115} INFO - [2024-04-02 19:53:40,217] {dag.py:2379} INFO - Sync 1 DAGs
[2024-04-02 19:53:40,224] {logging_mixin.py:115} INFO - [2024-04-02 19:53:40,224] {dag.py:2927} INFO - Setting next_dagrun for example_trigger_controller_dag to 2021-01-01T00:00:00+00:00, run_after=2021-01-01T00:00:00+00:00
[2024-04-02 19:53:40,229] {processor.py:161} INFO - Processing /Users/miltonvolpato/Git/Alura_Airflow_Oficial/venv/lib/python3.9/site-packages/airflow/example_dags/example_trigger_controller_dag.py took 0.046 seconds
[2024-04-02 19:54:32,649] {processor.py:153} INFO - Started process (PID=12589) to work on /Users/miltonvolpato/Git/Alura_Airflow_Oficial/venv/lib/python3.9/site-packages/airflow/example_dags/example_trigger_controller_dag.py
[2024-04-02 19:54:32,649] {processor.py:641} INFO - Processing file /Users/miltonvolpato/Git/Alura_Airflow_Oficial/venv/lib/python3.9/site-packages/airflow/example_dags/example_trigger_controller_dag.py for tasks to queue
[2024-04-02 19:54:32,649] {logging_mixin.py:115} INFO - [2024-04-02 19:54:32,649] {dagbag.py:507} INFO - Filling up the DagBag from /Users/miltonvolpato/Git/Alura_Airflow_Oficial/venv/lib/python3.9/site-packages/airflow/example_dags/example_trigger_controller_dag.py
[2024-04-02 19:54:32,655] {processor.py:651} INFO - DAG(s) dict_keys(['example_trigger_controller_dag']) retrieved from /Users/miltonvolpato/Git/Alura_Airflow_Oficial/venv/lib/python3.9/site-packages/airflow/example_dags/example_trigger_controller_dag.py
[2024-04-02 19:54:32,684] {logging_mixin.py:115} INFO - [2024-04-02 19:54:32,684] {dag.py:2379} INFO - Sync 1 DAGs
[2024-04-02 19:54:32,691] {logging_mixin.py:115} INFO - [2024-04-02 19:54:32,691] {dag.py:2927} INFO - Setting next_dagrun for example_trigger_controller_dag to 2021-01-01T00:00:00+00:00, run_after=2021-01-01T00:00:00+00:00
[2024-04-02 19:54:32,696] {processor.py:161} INFO - Processing /Users/miltonvolpato/Git/Alura_Airflow_Oficial/venv/lib/python3.9/site-packages/airflow/example_dags/example_trigger_controller_dag.py took 0.048 seconds
[2024-04-02 19:55:11,945] {processor.py:153} INFO - Started process (PID=12638) to work on /Users/miltonvolpato/Git/Alura_Airflow_Oficial/venv/lib/python3.9/site-packages/airflow/example_dags/example_trigger_controller_dag.py
[2024-04-02 19:55:11,945] {processor.py:641} INFO - Processing file /Users/miltonvolpato/Git/Alura_Airflow_Oficial/venv/lib/python3.9/site-packages/airflow/example_dags/example_trigger_controller_dag.py for tasks to queue
[2024-04-02 19:55:11,945] {logging_mixin.py:115} INFO - [2024-04-02 19:55:11,945] {dagbag.py:507} INFO - Filling up the DagBag from /Users/miltonvolpato/Git/Alura_Airflow_Oficial/venv/lib/python3.9/site-packages/airflow/example_dags/example_trigger_controller_dag.py
[2024-04-02 19:55:11,952] {processor.py:651} INFO - DAG(s) dict_keys(['example_trigger_controller_dag']) retrieved from /Users/miltonvolpato/Git/Alura_Airflow_Oficial/venv/lib/python3.9/site-packages/airflow/example_dags/example_trigger_controller_dag.py
[2024-04-02 19:55:11,981] {logging_mixin.py:115} INFO - [2024-04-02 19:55:11,981] {dag.py:2379} INFO - Sync 1 DAGs
[2024-04-02 19:55:11,988] {logging_mixin.py:115} INFO - [2024-04-02 19:55:11,988] {dag.py:2927} INFO - Setting next_dagrun for example_trigger_controller_dag to 2021-01-01T00:00:00+00:00, run_after=2021-01-01T00:00:00+00:00
[2024-04-02 19:55:11,993] {processor.py:161} INFO - Processing /Users/miltonvolpato/Git/Alura_Airflow_Oficial/venv/lib/python3.9/site-packages/airflow/example_dags/example_trigger_controller_dag.py took 0.048 seconds
[2024-04-02 19:56:04,496] {processor.py:153} INFO - Started process (PID=12737) to work on /Users/miltonvolpato/Git/Alura_Airflow_Oficial/venv/lib/python3.9/site-packages/airflow/example_dags/example_trigger_controller_dag.py
[2024-04-02 19:56:04,496] {processor.py:641} INFO - Processing file /Users/miltonvolpato/Git/Alura_Airflow_Oficial/venv/lib/python3.9/site-packages/airflow/example_dags/example_trigger_controller_dag.py for tasks to queue
[2024-04-02 19:56:04,496] {logging_mixin.py:115} INFO - [2024-04-02 19:56:04,496] {dagbag.py:507} INFO - Filling up the DagBag from /Users/miltonvolpato/Git/Alura_Airflow_Oficial/venv/lib/python3.9/site-packages/airflow/example_dags/example_trigger_controller_dag.py
[2024-04-02 19:56:04,503] {processor.py:651} INFO - DAG(s) dict_keys(['example_trigger_controller_dag']) retrieved from /Users/miltonvolpato/Git/Alura_Airflow_Oficial/venv/lib/python3.9/site-packages/airflow/example_dags/example_trigger_controller_dag.py
[2024-04-02 19:56:04,531] {logging_mixin.py:115} INFO - [2024-04-02 19:56:04,531] {dag.py:2379} INFO - Sync 1 DAGs
[2024-04-02 19:56:04,538] {logging_mixin.py:115} INFO - [2024-04-02 19:56:04,538] {dag.py:2927} INFO - Setting next_dagrun for example_trigger_controller_dag to 2021-01-01T00:00:00+00:00, run_after=2021-01-01T00:00:00+00:00
[2024-04-02 19:56:04,543] {processor.py:161} INFO - Processing /Users/miltonvolpato/Git/Alura_Airflow_Oficial/venv/lib/python3.9/site-packages/airflow/example_dags/example_trigger_controller_dag.py took 0.047 seconds
[2024-04-02 19:56:42,282] {processor.py:153} INFO - Started process (PID=12787) to work on /Users/miltonvolpato/Git/Alura_Airflow_Oficial/venv/lib/python3.9/site-packages/airflow/example_dags/example_trigger_controller_dag.py
[2024-04-02 19:56:42,283] {processor.py:641} INFO - Processing file /Users/miltonvolpato/Git/Alura_Airflow_Oficial/venv/lib/python3.9/site-packages/airflow/example_dags/example_trigger_controller_dag.py for tasks to queue
[2024-04-02 19:56:42,283] {logging_mixin.py:115} INFO - [2024-04-02 19:56:42,283] {dagbag.py:507} INFO - Filling up the DagBag from /Users/miltonvolpato/Git/Alura_Airflow_Oficial/venv/lib/python3.9/site-packages/airflow/example_dags/example_trigger_controller_dag.py
[2024-04-02 19:56:42,289] {processor.py:651} INFO - DAG(s) dict_keys(['example_trigger_controller_dag']) retrieved from /Users/miltonvolpato/Git/Alura_Airflow_Oficial/venv/lib/python3.9/site-packages/airflow/example_dags/example_trigger_controller_dag.py
[2024-04-02 19:56:42,318] {logging_mixin.py:115} INFO - [2024-04-02 19:56:42,318] {dag.py:2379} INFO - Sync 1 DAGs
[2024-04-02 19:56:42,325] {logging_mixin.py:115} INFO - [2024-04-02 19:56:42,325] {dag.py:2927} INFO - Setting next_dagrun for example_trigger_controller_dag to 2021-01-01T00:00:00+00:00, run_after=2021-01-01T00:00:00+00:00
[2024-04-02 19:56:42,330] {processor.py:161} INFO - Processing /Users/miltonvolpato/Git/Alura_Airflow_Oficial/venv/lib/python3.9/site-packages/airflow/example_dags/example_trigger_controller_dag.py took 0.049 seconds
[2024-04-02 19:57:19,566] {processor.py:153} INFO - Started process (PID=12824) to work on /Users/miltonvolpato/Git/Alura_Airflow_Oficial/venv/lib/python3.9/site-packages/airflow/example_dags/example_trigger_controller_dag.py
[2024-04-02 19:57:19,566] {processor.py:641} INFO - Processing file /Users/miltonvolpato/Git/Alura_Airflow_Oficial/venv/lib/python3.9/site-packages/airflow/example_dags/example_trigger_controller_dag.py for tasks to queue
[2024-04-02 19:57:19,566] {logging_mixin.py:115} INFO - [2024-04-02 19:57:19,566] {dagbag.py:507} INFO - Filling up the DagBag from /Users/miltonvolpato/Git/Alura_Airflow_Oficial/venv/lib/python3.9/site-packages/airflow/example_dags/example_trigger_controller_dag.py
[2024-04-02 19:57:19,571] {processor.py:651} INFO - DAG(s) dict_keys(['example_trigger_controller_dag']) retrieved from /Users/miltonvolpato/Git/Alura_Airflow_Oficial/venv/lib/python3.9/site-packages/airflow/example_dags/example_trigger_controller_dag.py
[2024-04-02 19:57:19,599] {logging_mixin.py:115} INFO - [2024-04-02 19:57:19,599] {dag.py:2379} INFO - Sync 1 DAGs
[2024-04-02 19:57:19,606] {logging_mixin.py:115} INFO - [2024-04-02 19:57:19,606] {dag.py:2927} INFO - Setting next_dagrun for example_trigger_controller_dag to 2021-01-01T00:00:00+00:00, run_after=2021-01-01T00:00:00+00:00
[2024-04-02 19:57:19,611] {processor.py:161} INFO - Processing /Users/miltonvolpato/Git/Alura_Airflow_Oficial/venv/lib/python3.9/site-packages/airflow/example_dags/example_trigger_controller_dag.py took 0.046 seconds
[2024-04-02 19:58:07,988] {processor.py:153} INFO - Started process (PID=12867) to work on /Users/miltonvolpato/Git/Alura_Airflow_Oficial/venv/lib/python3.9/site-packages/airflow/example_dags/example_trigger_controller_dag.py
[2024-04-02 19:58:07,988] {processor.py:641} INFO - Processing file /Users/miltonvolpato/Git/Alura_Airflow_Oficial/venv/lib/python3.9/site-packages/airflow/example_dags/example_trigger_controller_dag.py for tasks to queue
[2024-04-02 19:58:07,988] {logging_mixin.py:115} INFO - [2024-04-02 19:58:07,988] {dagbag.py:507} INFO - Filling up the DagBag from /Users/miltonvolpato/Git/Alura_Airflow_Oficial/venv/lib/python3.9/site-packages/airflow/example_dags/example_trigger_controller_dag.py
[2024-04-02 19:58:07,993] {processor.py:651} INFO - DAG(s) dict_keys(['example_trigger_controller_dag']) retrieved from /Users/miltonvolpato/Git/Alura_Airflow_Oficial/venv/lib/python3.9/site-packages/airflow/example_dags/example_trigger_controller_dag.py
[2024-04-02 19:58:08,022] {logging_mixin.py:115} INFO - [2024-04-02 19:58:08,022] {dag.py:2379} INFO - Sync 1 DAGs
[2024-04-02 19:58:08,029] {logging_mixin.py:115} INFO - [2024-04-02 19:58:08,029] {dag.py:2927} INFO - Setting next_dagrun for example_trigger_controller_dag to 2021-01-01T00:00:00+00:00, run_after=2021-01-01T00:00:00+00:00
[2024-04-02 19:58:08,034] {processor.py:161} INFO - Processing /Users/miltonvolpato/Git/Alura_Airflow_Oficial/venv/lib/python3.9/site-packages/airflow/example_dags/example_trigger_controller_dag.py took 0.046 seconds
[2024-04-02 19:59:03,183] {processor.py:153} INFO - Started process (PID=12915) to work on /Users/miltonvolpato/Git/Alura_Airflow_Oficial/venv/lib/python3.9/site-packages/airflow/example_dags/example_trigger_controller_dag.py
[2024-04-02 19:59:03,183] {processor.py:641} INFO - Processing file /Users/miltonvolpato/Git/Alura_Airflow_Oficial/venv/lib/python3.9/site-packages/airflow/example_dags/example_trigger_controller_dag.py for tasks to queue
[2024-04-02 19:59:03,184] {logging_mixin.py:115} INFO - [2024-04-02 19:59:03,183] {dagbag.py:507} INFO - Filling up the DagBag from /Users/miltonvolpato/Git/Alura_Airflow_Oficial/venv/lib/python3.9/site-packages/airflow/example_dags/example_trigger_controller_dag.py
[2024-04-02 19:59:03,189] {processor.py:651} INFO - DAG(s) dict_keys(['example_trigger_controller_dag']) retrieved from /Users/miltonvolpato/Git/Alura_Airflow_Oficial/venv/lib/python3.9/site-packages/airflow/example_dags/example_trigger_controller_dag.py
[2024-04-02 19:59:03,217] {logging_mixin.py:115} INFO - [2024-04-02 19:59:03,217] {dag.py:2379} INFO - Sync 1 DAGs
[2024-04-02 19:59:03,224] {logging_mixin.py:115} INFO - [2024-04-02 19:59:03,224] {dag.py:2927} INFO - Setting next_dagrun for example_trigger_controller_dag to 2021-01-01T00:00:00+00:00, run_after=2021-01-01T00:00:00+00:00
[2024-04-02 19:59:03,229] {processor.py:161} INFO - Processing /Users/miltonvolpato/Git/Alura_Airflow_Oficial/venv/lib/python3.9/site-packages/airflow/example_dags/example_trigger_controller_dag.py took 0.046 seconds
[2024-04-02 19:59:42,311] {processor.py:153} INFO - Started process (PID=12946) to work on /Users/miltonvolpato/Git/Alura_Airflow_Oficial/venv/lib/python3.9/site-packages/airflow/example_dags/example_trigger_controller_dag.py
[2024-04-02 19:59:42,311] {processor.py:641} INFO - Processing file /Users/miltonvolpato/Git/Alura_Airflow_Oficial/venv/lib/python3.9/site-packages/airflow/example_dags/example_trigger_controller_dag.py for tasks to queue
[2024-04-02 19:59:42,311] {logging_mixin.py:115} INFO - [2024-04-02 19:59:42,311] {dagbag.py:507} INFO - Filling up the DagBag from /Users/miltonvolpato/Git/Alura_Airflow_Oficial/venv/lib/python3.9/site-packages/airflow/example_dags/example_trigger_controller_dag.py
[2024-04-02 19:59:42,316] {processor.py:651} INFO - DAG(s) dict_keys(['example_trigger_controller_dag']) retrieved from /Users/miltonvolpato/Git/Alura_Airflow_Oficial/venv/lib/python3.9/site-packages/airflow/example_dags/example_trigger_controller_dag.py
[2024-04-02 19:59:42,345] {logging_mixin.py:115} INFO - [2024-04-02 19:59:42,344] {dag.py:2379} INFO - Sync 1 DAGs
[2024-04-02 19:59:42,352] {logging_mixin.py:115} INFO - [2024-04-02 19:59:42,351] {dag.py:2927} INFO - Setting next_dagrun for example_trigger_controller_dag to 2021-01-01T00:00:00+00:00, run_after=2021-01-01T00:00:00+00:00
[2024-04-02 19:59:42,356] {processor.py:161} INFO - Processing /Users/miltonvolpato/Git/Alura_Airflow_Oficial/venv/lib/python3.9/site-packages/airflow/example_dags/example_trigger_controller_dag.py took 0.046 seconds
[2024-04-02 20:00:17,996] {processor.py:153} INFO - Started process (PID=12983) to work on /Users/miltonvolpato/Git/Alura_Airflow_Oficial/venv/lib/python3.9/site-packages/airflow/example_dags/example_trigger_controller_dag.py
[2024-04-02 20:00:17,996] {processor.py:641} INFO - Processing file /Users/miltonvolpato/Git/Alura_Airflow_Oficial/venv/lib/python3.9/site-packages/airflow/example_dags/example_trigger_controller_dag.py for tasks to queue
[2024-04-02 20:00:17,996] {logging_mixin.py:115} INFO - [2024-04-02 20:00:17,996] {dagbag.py:507} INFO - Filling up the DagBag from /Users/miltonvolpato/Git/Alura_Airflow_Oficial/venv/lib/python3.9/site-packages/airflow/example_dags/example_trigger_controller_dag.py
[2024-04-02 20:00:18,001] {processor.py:651} INFO - DAG(s) dict_keys(['example_trigger_controller_dag']) retrieved from /Users/miltonvolpato/Git/Alura_Airflow_Oficial/venv/lib/python3.9/site-packages/airflow/example_dags/example_trigger_controller_dag.py
[2024-04-02 20:00:18,029] {logging_mixin.py:115} INFO - [2024-04-02 20:00:18,029] {dag.py:2379} INFO - Sync 1 DAGs
[2024-04-02 20:00:18,036] {logging_mixin.py:115} INFO - [2024-04-02 20:00:18,036] {dag.py:2927} INFO - Setting next_dagrun for example_trigger_controller_dag to 2021-01-01T00:00:00+00:00, run_after=2021-01-01T00:00:00+00:00
[2024-04-02 20:00:18,042] {processor.py:161} INFO - Processing /Users/miltonvolpato/Git/Alura_Airflow_Oficial/venv/lib/python3.9/site-packages/airflow/example_dags/example_trigger_controller_dag.py took 0.047 seconds
[2024-04-02 20:01:12,824] {processor.py:153} INFO - Started process (PID=13037) to work on /Users/miltonvolpato/Git/Alura_Airflow_Oficial/venv/lib/python3.9/site-packages/airflow/example_dags/example_trigger_controller_dag.py
[2024-04-02 20:01:12,824] {processor.py:641} INFO - Processing file /Users/miltonvolpato/Git/Alura_Airflow_Oficial/venv/lib/python3.9/site-packages/airflow/example_dags/example_trigger_controller_dag.py for tasks to queue
[2024-04-02 20:01:12,824] {logging_mixin.py:115} INFO - [2024-04-02 20:01:12,824] {dagbag.py:507} INFO - Filling up the DagBag from /Users/miltonvolpato/Git/Alura_Airflow_Oficial/venv/lib/python3.9/site-packages/airflow/example_dags/example_trigger_controller_dag.py
[2024-04-02 20:01:12,830] {processor.py:651} INFO - DAG(s) dict_keys(['example_trigger_controller_dag']) retrieved from /Users/miltonvolpato/Git/Alura_Airflow_Oficial/venv/lib/python3.9/site-packages/airflow/example_dags/example_trigger_controller_dag.py
[2024-04-02 20:01:12,858] {logging_mixin.py:115} INFO - [2024-04-02 20:01:12,858] {dag.py:2379} INFO - Sync 1 DAGs
[2024-04-02 20:01:12,865] {logging_mixin.py:115} INFO - [2024-04-02 20:01:12,865] {dag.py:2927} INFO - Setting next_dagrun for example_trigger_controller_dag to 2021-01-01T00:00:00+00:00, run_after=2021-01-01T00:00:00+00:00
[2024-04-02 20:01:12,870] {processor.py:161} INFO - Processing /Users/miltonvolpato/Git/Alura_Airflow_Oficial/venv/lib/python3.9/site-packages/airflow/example_dags/example_trigger_controller_dag.py took 0.046 seconds
