[2024-04-02 19:36:34,717] {processor.py:153} INFO - Started process (PID=11317) to work on /Users/miltonvolpato/Git/Alura_Airflow_Oficial/venv/lib/python3.9/site-packages/airflow/example_dags/example_subdag_operator.py
[2024-04-02 19:36:34,717] {processor.py:641} INFO - Processing file /Users/miltonvolpato/Git/Alura_Airflow_Oficial/venv/lib/python3.9/site-packages/airflow/example_dags/example_subdag_operator.py for tasks to queue
[2024-04-02 19:36:34,717] {logging_mixin.py:115} INFO - [2024-04-02 19:36:34,717] {dagbag.py:507} INFO - Filling up the DagBag from /Users/miltonvolpato/Git/Alura_Airflow_Oficial/venv/lib/python3.9/site-packages/airflow/example_dags/example_subdag_operator.py
[2024-04-02 19:36:34,745] {processor.py:651} INFO - DAG(s) dict_keys(['example_subdag_operator.section-1', 'example_subdag_operator.section-2', 'example_subdag_operator']) retrieved from /Users/miltonvolpato/Git/Alura_Airflow_Oficial/venv/lib/python3.9/site-packages/airflow/example_dags/example_subdag_operator.py
[2024-04-02 19:36:35,061] {logging_mixin.py:115} INFO - [2024-04-02 19:36:35,061] {manager.py:508} INFO - Created Permission View: can read on DAG:example_subdag_operator
[2024-04-02 19:36:35,064] {logging_mixin.py:115} INFO - [2024-04-02 19:36:35,064] {manager.py:508} INFO - Created Permission View: can delete on DAG:example_subdag_operator
[2024-04-02 19:36:35,066] {logging_mixin.py:115} INFO - [2024-04-02 19:36:35,066] {manager.py:508} INFO - Created Permission View: can edit on DAG:example_subdag_operator
[2024-04-02 19:36:35,066] {logging_mixin.py:115} INFO - [2024-04-02 19:36:35,066] {dag.py:2379} INFO - Sync 3 DAGs
[2024-04-02 19:36:35,069] {logging_mixin.py:115} INFO - [2024-04-02 19:36:35,069] {dag.py:2398} INFO - Creating ORM DAG for example_subdag_operator.section-2
[2024-04-02 19:36:35,070] {logging_mixin.py:115} INFO - [2024-04-02 19:36:35,069] {dag.py:2398} INFO - Creating ORM DAG for example_subdag_operator
[2024-04-02 19:36:35,070] {logging_mixin.py:115} INFO - [2024-04-02 19:36:35,070] {dag.py:2398} INFO - Creating ORM DAG for example_subdag_operator.section-1
[2024-04-02 19:36:35,074] {logging_mixin.py:115} INFO - [2024-04-02 19:36:35,074] {dag.py:2927} INFO - Setting next_dagrun for example_subdag_operator to 2022-01-01T00:00:00+00:00, run_after=2022-01-01T00:00:00+00:00
[2024-04-02 19:36:35,074] {logging_mixin.py:115} INFO - [2024-04-02 19:36:35,074] {dag.py:2927} INFO - Setting next_dagrun for example_subdag_operator.section-1 to None, run_after=None
[2024-04-02 19:36:35,074] {logging_mixin.py:115} INFO - [2024-04-02 19:36:35,074] {dag.py:2927} INFO - Setting next_dagrun for example_subdag_operator.section-2 to None, run_after=None
[2024-04-02 19:36:35,077] {logging_mixin.py:115} INFO - [2024-04-02 19:36:35,077] {dag.py:2379} INFO - Sync 2 DAGs
[2024-04-02 19:36:35,078] {logging_mixin.py:115} INFO - [2024-04-02 19:36:35,078] {dag.py:2927} INFO - Setting next_dagrun for example_subdag_operator.section-1 to None, run_after=None
[2024-04-02 19:36:35,078] {logging_mixin.py:115} INFO - [2024-04-02 19:36:35,078] {dag.py:2927} INFO - Setting next_dagrun for example_subdag_operator.section-2 to None, run_after=None
[2024-04-02 19:36:35,082] {processor.py:161} INFO - Processing /Users/miltonvolpato/Git/Alura_Airflow_Oficial/venv/lib/python3.9/site-packages/airflow/example_dags/example_subdag_operator.py took 0.365 seconds
[2024-04-02 19:37:28,027] {processor.py:153} INFO - Started process (PID=11402) to work on /Users/miltonvolpato/Git/Alura_Airflow_Oficial/venv/lib/python3.9/site-packages/airflow/example_dags/example_subdag_operator.py
[2024-04-02 19:37:28,028] {processor.py:641} INFO - Processing file /Users/miltonvolpato/Git/Alura_Airflow_Oficial/venv/lib/python3.9/site-packages/airflow/example_dags/example_subdag_operator.py for tasks to queue
[2024-04-02 19:37:28,028] {logging_mixin.py:115} INFO - [2024-04-02 19:37:28,028] {dagbag.py:507} INFO - Filling up the DagBag from /Users/miltonvolpato/Git/Alura_Airflow_Oficial/venv/lib/python3.9/site-packages/airflow/example_dags/example_subdag_operator.py
[2024-04-02 19:37:28,058] {processor.py:651} INFO - DAG(s) dict_keys(['example_subdag_operator.section-1', 'example_subdag_operator.section-2', 'example_subdag_operator']) retrieved from /Users/miltonvolpato/Git/Alura_Airflow_Oficial/venv/lib/python3.9/site-packages/airflow/example_dags/example_subdag_operator.py
[2024-04-02 19:37:28,075] {logging_mixin.py:115} INFO - [2024-04-02 19:37:28,075] {dag.py:2379} INFO - Sync 3 DAGs
[2024-04-02 19:37:28,083] {logging_mixin.py:115} INFO - [2024-04-02 19:37:28,083] {dag.py:2927} INFO - Setting next_dagrun for example_subdag_operator to 2022-01-01T00:00:00+00:00, run_after=2022-01-01T00:00:00+00:00
[2024-04-02 19:37:28,084] {logging_mixin.py:115} INFO - [2024-04-02 19:37:28,084] {dag.py:2927} INFO - Setting next_dagrun for example_subdag_operator.section-1 to None, run_after=None
[2024-04-02 19:37:28,084] {logging_mixin.py:115} INFO - [2024-04-02 19:37:28,084] {dag.py:2927} INFO - Setting next_dagrun for example_subdag_operator.section-2 to None, run_after=None
[2024-04-02 19:37:28,087] {logging_mixin.py:115} INFO - [2024-04-02 19:37:28,087] {dag.py:2379} INFO - Sync 2 DAGs
[2024-04-02 19:37:28,088] {logging_mixin.py:115} INFO - [2024-04-02 19:37:28,088] {dag.py:2927} INFO - Setting next_dagrun for example_subdag_operator.section-1 to None, run_after=None
[2024-04-02 19:37:28,088] {logging_mixin.py:115} INFO - [2024-04-02 19:37:28,088] {dag.py:2927} INFO - Setting next_dagrun for example_subdag_operator.section-2 to None, run_after=None
[2024-04-02 19:37:28,092] {processor.py:161} INFO - Processing /Users/miltonvolpato/Git/Alura_Airflow_Oficial/venv/lib/python3.9/site-packages/airflow/example_dags/example_subdag_operator.py took 0.065 seconds
[2024-04-02 19:38:16,033] {processor.py:153} INFO - Started process (PID=11488) to work on /Users/miltonvolpato/Git/Alura_Airflow_Oficial/venv/lib/python3.9/site-packages/airflow/example_dags/example_subdag_operator.py
[2024-04-02 19:38:16,033] {processor.py:641} INFO - Processing file /Users/miltonvolpato/Git/Alura_Airflow_Oficial/venv/lib/python3.9/site-packages/airflow/example_dags/example_subdag_operator.py for tasks to queue
[2024-04-02 19:38:16,033] {logging_mixin.py:115} INFO - [2024-04-02 19:38:16,033] {dagbag.py:507} INFO - Filling up the DagBag from /Users/miltonvolpato/Git/Alura_Airflow_Oficial/venv/lib/python3.9/site-packages/airflow/example_dags/example_subdag_operator.py
[2024-04-02 19:38:16,061] {processor.py:651} INFO - DAG(s) dict_keys(['example_subdag_operator.section-1', 'example_subdag_operator.section-2', 'example_subdag_operator']) retrieved from /Users/miltonvolpato/Git/Alura_Airflow_Oficial/venv/lib/python3.9/site-packages/airflow/example_dags/example_subdag_operator.py
[2024-04-02 19:38:16,076] {logging_mixin.py:115} INFO - [2024-04-02 19:38:16,076] {dag.py:2379} INFO - Sync 3 DAGs
[2024-04-02 19:38:16,083] {logging_mixin.py:115} INFO - [2024-04-02 19:38:16,083] {dag.py:2927} INFO - Setting next_dagrun for example_subdag_operator to 2022-01-01T00:00:00+00:00, run_after=2022-01-01T00:00:00+00:00
[2024-04-02 19:38:16,083] {logging_mixin.py:115} INFO - [2024-04-02 19:38:16,083] {dag.py:2927} INFO - Setting next_dagrun for example_subdag_operator.section-1 to None, run_after=None
[2024-04-02 19:38:16,084] {logging_mixin.py:115} INFO - [2024-04-02 19:38:16,084] {dag.py:2927} INFO - Setting next_dagrun for example_subdag_operator.section-2 to None, run_after=None
[2024-04-02 19:38:16,086] {logging_mixin.py:115} INFO - [2024-04-02 19:38:16,086] {dag.py:2379} INFO - Sync 2 DAGs
[2024-04-02 19:38:16,087] {logging_mixin.py:115} INFO - [2024-04-02 19:38:16,087] {dag.py:2927} INFO - Setting next_dagrun for example_subdag_operator.section-1 to None, run_after=None
[2024-04-02 19:38:16,087] {logging_mixin.py:115} INFO - [2024-04-02 19:38:16,087] {dag.py:2927} INFO - Setting next_dagrun for example_subdag_operator.section-2 to None, run_after=None
[2024-04-02 19:38:16,090] {processor.py:161} INFO - Processing /Users/miltonvolpato/Git/Alura_Airflow_Oficial/venv/lib/python3.9/site-packages/airflow/example_dags/example_subdag_operator.py took 0.058 seconds
[2024-04-02 19:39:04,468] {processor.py:153} INFO - Started process (PID=11541) to work on /Users/miltonvolpato/Git/Alura_Airflow_Oficial/venv/lib/python3.9/site-packages/airflow/example_dags/example_subdag_operator.py
[2024-04-02 19:39:04,468] {processor.py:641} INFO - Processing file /Users/miltonvolpato/Git/Alura_Airflow_Oficial/venv/lib/python3.9/site-packages/airflow/example_dags/example_subdag_operator.py for tasks to queue
[2024-04-02 19:39:04,468] {logging_mixin.py:115} INFO - [2024-04-02 19:39:04,468] {dagbag.py:507} INFO - Filling up the DagBag from /Users/miltonvolpato/Git/Alura_Airflow_Oficial/venv/lib/python3.9/site-packages/airflow/example_dags/example_subdag_operator.py
[2024-04-02 19:39:04,494] {processor.py:651} INFO - DAG(s) dict_keys(['example_subdag_operator.section-1', 'example_subdag_operator.section-2', 'example_subdag_operator']) retrieved from /Users/miltonvolpato/Git/Alura_Airflow_Oficial/venv/lib/python3.9/site-packages/airflow/example_dags/example_subdag_operator.py
[2024-04-02 19:39:04,509] {logging_mixin.py:115} INFO - [2024-04-02 19:39:04,509] {dag.py:2379} INFO - Sync 3 DAGs
[2024-04-02 19:39:04,516] {logging_mixin.py:115} INFO - [2024-04-02 19:39:04,516] {dag.py:2927} INFO - Setting next_dagrun for example_subdag_operator to 2022-01-01T00:00:00+00:00, run_after=2022-01-01T00:00:00+00:00
[2024-04-02 19:39:04,516] {logging_mixin.py:115} INFO - [2024-04-02 19:39:04,516] {dag.py:2927} INFO - Setting next_dagrun for example_subdag_operator.section-1 to None, run_after=None
[2024-04-02 19:39:04,516] {logging_mixin.py:115} INFO - [2024-04-02 19:39:04,516] {dag.py:2927} INFO - Setting next_dagrun for example_subdag_operator.section-2 to None, run_after=None
[2024-04-02 19:39:04,518] {logging_mixin.py:115} INFO - [2024-04-02 19:39:04,518] {dag.py:2379} INFO - Sync 2 DAGs
[2024-04-02 19:39:04,519] {logging_mixin.py:115} INFO - [2024-04-02 19:39:04,519] {dag.py:2927} INFO - Setting next_dagrun for example_subdag_operator.section-1 to None, run_after=None
[2024-04-02 19:39:04,519] {logging_mixin.py:115} INFO - [2024-04-02 19:39:04,519] {dag.py:2927} INFO - Setting next_dagrun for example_subdag_operator.section-2 to None, run_after=None
[2024-04-02 19:39:04,523] {processor.py:161} INFO - Processing /Users/miltonvolpato/Git/Alura_Airflow_Oficial/venv/lib/python3.9/site-packages/airflow/example_dags/example_subdag_operator.py took 0.055 seconds
[2024-04-02 19:39:52,229] {processor.py:153} INFO - Started process (PID=11580) to work on /Users/miltonvolpato/Git/Alura_Airflow_Oficial/venv/lib/python3.9/site-packages/airflow/example_dags/example_subdag_operator.py
[2024-04-02 19:39:52,229] {processor.py:641} INFO - Processing file /Users/miltonvolpato/Git/Alura_Airflow_Oficial/venv/lib/python3.9/site-packages/airflow/example_dags/example_subdag_operator.py for tasks to queue
[2024-04-02 19:39:52,229] {logging_mixin.py:115} INFO - [2024-04-02 19:39:52,229] {dagbag.py:507} INFO - Filling up the DagBag from /Users/miltonvolpato/Git/Alura_Airflow_Oficial/venv/lib/python3.9/site-packages/airflow/example_dags/example_subdag_operator.py
[2024-04-02 19:39:52,255] {processor.py:651} INFO - DAG(s) dict_keys(['example_subdag_operator.section-1', 'example_subdag_operator.section-2', 'example_subdag_operator']) retrieved from /Users/miltonvolpato/Git/Alura_Airflow_Oficial/venv/lib/python3.9/site-packages/airflow/example_dags/example_subdag_operator.py
[2024-04-02 19:39:52,270] {logging_mixin.py:115} INFO - [2024-04-02 19:39:52,270] {dag.py:2379} INFO - Sync 3 DAGs
[2024-04-02 19:39:52,277] {logging_mixin.py:115} INFO - [2024-04-02 19:39:52,277] {dag.py:2927} INFO - Setting next_dagrun for example_subdag_operator to 2022-01-01T00:00:00+00:00, run_after=2022-01-01T00:00:00+00:00
[2024-04-02 19:39:52,277] {logging_mixin.py:115} INFO - [2024-04-02 19:39:52,277] {dag.py:2927} INFO - Setting next_dagrun for example_subdag_operator.section-1 to None, run_after=None
[2024-04-02 19:39:52,277] {logging_mixin.py:115} INFO - [2024-04-02 19:39:52,277] {dag.py:2927} INFO - Setting next_dagrun for example_subdag_operator.section-2 to None, run_after=None
[2024-04-02 19:39:52,279] {logging_mixin.py:115} INFO - [2024-04-02 19:39:52,279] {dag.py:2379} INFO - Sync 2 DAGs
[2024-04-02 19:39:52,280] {logging_mixin.py:115} INFO - [2024-04-02 19:39:52,280] {dag.py:2927} INFO - Setting next_dagrun for example_subdag_operator.section-1 to None, run_after=None
[2024-04-02 19:39:52,280] {logging_mixin.py:115} INFO - [2024-04-02 19:39:52,280] {dag.py:2927} INFO - Setting next_dagrun for example_subdag_operator.section-2 to None, run_after=None
[2024-04-02 19:39:52,283] {processor.py:161} INFO - Processing /Users/miltonvolpato/Git/Alura_Airflow_Oficial/venv/lib/python3.9/site-packages/airflow/example_dags/example_subdag_operator.py took 0.055 seconds
[2024-04-02 19:40:46,321] {processor.py:153} INFO - Started process (PID=11631) to work on /Users/miltonvolpato/Git/Alura_Airflow_Oficial/venv/lib/python3.9/site-packages/airflow/example_dags/example_subdag_operator.py
[2024-04-02 19:40:46,321] {processor.py:641} INFO - Processing file /Users/miltonvolpato/Git/Alura_Airflow_Oficial/venv/lib/python3.9/site-packages/airflow/example_dags/example_subdag_operator.py for tasks to queue
[2024-04-02 19:40:46,321] {logging_mixin.py:115} INFO - [2024-04-02 19:40:46,321] {dagbag.py:507} INFO - Filling up the DagBag from /Users/miltonvolpato/Git/Alura_Airflow_Oficial/venv/lib/python3.9/site-packages/airflow/example_dags/example_subdag_operator.py
[2024-04-02 19:40:46,347] {processor.py:651} INFO - DAG(s) dict_keys(['example_subdag_operator.section-1', 'example_subdag_operator.section-2', 'example_subdag_operator']) retrieved from /Users/miltonvolpato/Git/Alura_Airflow_Oficial/venv/lib/python3.9/site-packages/airflow/example_dags/example_subdag_operator.py
[2024-04-02 19:40:46,361] {logging_mixin.py:115} INFO - [2024-04-02 19:40:46,361] {dag.py:2379} INFO - Sync 3 DAGs
[2024-04-02 19:40:46,368] {logging_mixin.py:115} INFO - [2024-04-02 19:40:46,368] {dag.py:2927} INFO - Setting next_dagrun for example_subdag_operator to 2022-01-01T00:00:00+00:00, run_after=2022-01-01T00:00:00+00:00
[2024-04-02 19:40:46,368] {logging_mixin.py:115} INFO - [2024-04-02 19:40:46,368] {dag.py:2927} INFO - Setting next_dagrun for example_subdag_operator.section-1 to None, run_after=None
[2024-04-02 19:40:46,368] {logging_mixin.py:115} INFO - [2024-04-02 19:40:46,368] {dag.py:2927} INFO - Setting next_dagrun for example_subdag_operator.section-2 to None, run_after=None
[2024-04-02 19:40:46,370] {logging_mixin.py:115} INFO - [2024-04-02 19:40:46,370] {dag.py:2379} INFO - Sync 2 DAGs
[2024-04-02 19:40:46,372] {logging_mixin.py:115} INFO - [2024-04-02 19:40:46,372] {dag.py:2927} INFO - Setting next_dagrun for example_subdag_operator.section-1 to None, run_after=None
[2024-04-02 19:40:46,372] {logging_mixin.py:115} INFO - [2024-04-02 19:40:46,372] {dag.py:2927} INFO - Setting next_dagrun for example_subdag_operator.section-2 to None, run_after=None
[2024-04-02 19:40:46,375] {processor.py:161} INFO - Processing /Users/miltonvolpato/Git/Alura_Airflow_Oficial/venv/lib/python3.9/site-packages/airflow/example_dags/example_subdag_operator.py took 0.055 seconds
[2024-04-02 19:41:38,925] {processor.py:153} INFO - Started process (PID=11680) to work on /Users/miltonvolpato/Git/Alura_Airflow_Oficial/venv/lib/python3.9/site-packages/airflow/example_dags/example_subdag_operator.py
[2024-04-02 19:41:38,925] {processor.py:641} INFO - Processing file /Users/miltonvolpato/Git/Alura_Airflow_Oficial/venv/lib/python3.9/site-packages/airflow/example_dags/example_subdag_operator.py for tasks to queue
[2024-04-02 19:41:38,925] {logging_mixin.py:115} INFO - [2024-04-02 19:41:38,925] {dagbag.py:507} INFO - Filling up the DagBag from /Users/miltonvolpato/Git/Alura_Airflow_Oficial/venv/lib/python3.9/site-packages/airflow/example_dags/example_subdag_operator.py
[2024-04-02 19:41:38,951] {processor.py:651} INFO - DAG(s) dict_keys(['example_subdag_operator.section-1', 'example_subdag_operator.section-2', 'example_subdag_operator']) retrieved from /Users/miltonvolpato/Git/Alura_Airflow_Oficial/venv/lib/python3.9/site-packages/airflow/example_dags/example_subdag_operator.py
[2024-04-02 19:41:38,966] {logging_mixin.py:115} INFO - [2024-04-02 19:41:38,966] {dag.py:2379} INFO - Sync 3 DAGs
[2024-04-02 19:41:38,973] {logging_mixin.py:115} INFO - [2024-04-02 19:41:38,973] {dag.py:2927} INFO - Setting next_dagrun for example_subdag_operator to 2022-01-01T00:00:00+00:00, run_after=2022-01-01T00:00:00+00:00
[2024-04-02 19:41:38,973] {logging_mixin.py:115} INFO - [2024-04-02 19:41:38,973] {dag.py:2927} INFO - Setting next_dagrun for example_subdag_operator.section-1 to None, run_after=None
[2024-04-02 19:41:38,974] {logging_mixin.py:115} INFO - [2024-04-02 19:41:38,974] {dag.py:2927} INFO - Setting next_dagrun for example_subdag_operator.section-2 to None, run_after=None
[2024-04-02 19:41:38,976] {logging_mixin.py:115} INFO - [2024-04-02 19:41:38,976] {dag.py:2379} INFO - Sync 2 DAGs
[2024-04-02 19:41:38,977] {logging_mixin.py:115} INFO - [2024-04-02 19:41:38,977] {dag.py:2927} INFO - Setting next_dagrun for example_subdag_operator.section-1 to None, run_after=None
[2024-04-02 19:41:38,977] {logging_mixin.py:115} INFO - [2024-04-02 19:41:38,977] {dag.py:2927} INFO - Setting next_dagrun for example_subdag_operator.section-2 to None, run_after=None
[2024-04-02 19:41:38,980] {processor.py:161} INFO - Processing /Users/miltonvolpato/Git/Alura_Airflow_Oficial/venv/lib/python3.9/site-packages/airflow/example_dags/example_subdag_operator.py took 0.056 seconds
[2024-04-02 19:42:32,024] {processor.py:153} INFO - Started process (PID=11730) to work on /Users/miltonvolpato/Git/Alura_Airflow_Oficial/venv/lib/python3.9/site-packages/airflow/example_dags/example_subdag_operator.py
[2024-04-02 19:42:32,024] {processor.py:641} INFO - Processing file /Users/miltonvolpato/Git/Alura_Airflow_Oficial/venv/lib/python3.9/site-packages/airflow/example_dags/example_subdag_operator.py for tasks to queue
[2024-04-02 19:42:32,024] {logging_mixin.py:115} INFO - [2024-04-02 19:42:32,024] {dagbag.py:507} INFO - Filling up the DagBag from /Users/miltonvolpato/Git/Alura_Airflow_Oficial/venv/lib/python3.9/site-packages/airflow/example_dags/example_subdag_operator.py
[2024-04-02 19:42:32,052] {processor.py:651} INFO - DAG(s) dict_keys(['example_subdag_operator.section-1', 'example_subdag_operator.section-2', 'example_subdag_operator']) retrieved from /Users/miltonvolpato/Git/Alura_Airflow_Oficial/venv/lib/python3.9/site-packages/airflow/example_dags/example_subdag_operator.py
[2024-04-02 19:42:32,068] {logging_mixin.py:115} INFO - [2024-04-02 19:42:32,068] {dag.py:2379} INFO - Sync 3 DAGs
[2024-04-02 19:42:32,077] {logging_mixin.py:115} INFO - [2024-04-02 19:42:32,077] {dag.py:2927} INFO - Setting next_dagrun for example_subdag_operator to 2022-01-01T00:00:00+00:00, run_after=2022-01-01T00:00:00+00:00
[2024-04-02 19:42:32,077] {logging_mixin.py:115} INFO - [2024-04-02 19:42:32,077] {dag.py:2927} INFO - Setting next_dagrun for example_subdag_operator.section-1 to None, run_after=None
[2024-04-02 19:42:32,077] {logging_mixin.py:115} INFO - [2024-04-02 19:42:32,077] {dag.py:2927} INFO - Setting next_dagrun for example_subdag_operator.section-2 to None, run_after=None
[2024-04-02 19:42:32,080] {logging_mixin.py:115} INFO - [2024-04-02 19:42:32,080] {dag.py:2379} INFO - Sync 2 DAGs
[2024-04-02 19:42:32,081] {logging_mixin.py:115} INFO - [2024-04-02 19:42:32,081] {dag.py:2927} INFO - Setting next_dagrun for example_subdag_operator.section-1 to None, run_after=None
[2024-04-02 19:42:32,081] {logging_mixin.py:115} INFO - [2024-04-02 19:42:32,081] {dag.py:2927} INFO - Setting next_dagrun for example_subdag_operator.section-2 to None, run_after=None
[2024-04-02 19:42:32,085] {processor.py:161} INFO - Processing /Users/miltonvolpato/Git/Alura_Airflow_Oficial/venv/lib/python3.9/site-packages/airflow/example_dags/example_subdag_operator.py took 0.062 seconds
[2024-04-02 19:43:21,283] {processor.py:153} INFO - Started process (PID=11777) to work on /Users/miltonvolpato/Git/Alura_Airflow_Oficial/venv/lib/python3.9/site-packages/airflow/example_dags/example_subdag_operator.py
[2024-04-02 19:43:21,284] {processor.py:641} INFO - Processing file /Users/miltonvolpato/Git/Alura_Airflow_Oficial/venv/lib/python3.9/site-packages/airflow/example_dags/example_subdag_operator.py for tasks to queue
[2024-04-02 19:43:21,284] {logging_mixin.py:115} INFO - [2024-04-02 19:43:21,284] {dagbag.py:507} INFO - Filling up the DagBag from /Users/miltonvolpato/Git/Alura_Airflow_Oficial/venv/lib/python3.9/site-packages/airflow/example_dags/example_subdag_operator.py
[2024-04-02 19:43:21,312] {processor.py:651} INFO - DAG(s) dict_keys(['example_subdag_operator.section-1', 'example_subdag_operator.section-2', 'example_subdag_operator']) retrieved from /Users/miltonvolpato/Git/Alura_Airflow_Oficial/venv/lib/python3.9/site-packages/airflow/example_dags/example_subdag_operator.py
[2024-04-02 19:43:21,327] {logging_mixin.py:115} INFO - [2024-04-02 19:43:21,327] {dag.py:2379} INFO - Sync 3 DAGs
[2024-04-02 19:43:21,335] {logging_mixin.py:115} INFO - [2024-04-02 19:43:21,335] {dag.py:2927} INFO - Setting next_dagrun for example_subdag_operator to 2022-01-01T00:00:00+00:00, run_after=2022-01-01T00:00:00+00:00
[2024-04-02 19:43:21,335] {logging_mixin.py:115} INFO - [2024-04-02 19:43:21,335] {dag.py:2927} INFO - Setting next_dagrun for example_subdag_operator.section-1 to None, run_after=None
[2024-04-02 19:43:21,335] {logging_mixin.py:115} INFO - [2024-04-02 19:43:21,335] {dag.py:2927} INFO - Setting next_dagrun for example_subdag_operator.section-2 to None, run_after=None
[2024-04-02 19:43:21,338] {logging_mixin.py:115} INFO - [2024-04-02 19:43:21,337] {dag.py:2379} INFO - Sync 2 DAGs
[2024-04-02 19:43:21,339] {logging_mixin.py:115} INFO - [2024-04-02 19:43:21,339] {dag.py:2927} INFO - Setting next_dagrun for example_subdag_operator.section-1 to None, run_after=None
[2024-04-02 19:43:21,339] {logging_mixin.py:115} INFO - [2024-04-02 19:43:21,339] {dag.py:2927} INFO - Setting next_dagrun for example_subdag_operator.section-2 to None, run_after=None
[2024-04-02 19:43:21,346] {processor.py:161} INFO - Processing /Users/miltonvolpato/Git/Alura_Airflow_Oficial/venv/lib/python3.9/site-packages/airflow/example_dags/example_subdag_operator.py took 0.063 seconds
[2024-04-02 19:44:05,174] {processor.py:153} INFO - Started process (PID=11828) to work on /Users/miltonvolpato/Git/Alura_Airflow_Oficial/venv/lib/python3.9/site-packages/airflow/example_dags/example_subdag_operator.py
[2024-04-02 19:44:05,175] {processor.py:641} INFO - Processing file /Users/miltonvolpato/Git/Alura_Airflow_Oficial/venv/lib/python3.9/site-packages/airflow/example_dags/example_subdag_operator.py for tasks to queue
[2024-04-02 19:44:05,175] {logging_mixin.py:115} INFO - [2024-04-02 19:44:05,175] {dagbag.py:507} INFO - Filling up the DagBag from /Users/miltonvolpato/Git/Alura_Airflow_Oficial/venv/lib/python3.9/site-packages/airflow/example_dags/example_subdag_operator.py
[2024-04-02 19:44:05,201] {processor.py:651} INFO - DAG(s) dict_keys(['example_subdag_operator.section-1', 'example_subdag_operator.section-2', 'example_subdag_operator']) retrieved from /Users/miltonvolpato/Git/Alura_Airflow_Oficial/venv/lib/python3.9/site-packages/airflow/example_dags/example_subdag_operator.py
[2024-04-02 19:44:05,216] {logging_mixin.py:115} INFO - [2024-04-02 19:44:05,216] {dag.py:2379} INFO - Sync 3 DAGs
[2024-04-02 19:44:05,223] {logging_mixin.py:115} INFO - [2024-04-02 19:44:05,223] {dag.py:2927} INFO - Setting next_dagrun for example_subdag_operator to 2022-01-01T00:00:00+00:00, run_after=2022-01-01T00:00:00+00:00
[2024-04-02 19:44:05,223] {logging_mixin.py:115} INFO - [2024-04-02 19:44:05,223] {dag.py:2927} INFO - Setting next_dagrun for example_subdag_operator.section-1 to None, run_after=None
[2024-04-02 19:44:05,223] {logging_mixin.py:115} INFO - [2024-04-02 19:44:05,223] {dag.py:2927} INFO - Setting next_dagrun for example_subdag_operator.section-2 to None, run_after=None
[2024-04-02 19:44:05,225] {logging_mixin.py:115} INFO - [2024-04-02 19:44:05,225] {dag.py:2379} INFO - Sync 2 DAGs
[2024-04-02 19:44:05,226] {logging_mixin.py:115} INFO - [2024-04-02 19:44:05,226] {dag.py:2927} INFO - Setting next_dagrun for example_subdag_operator.section-1 to None, run_after=None
[2024-04-02 19:44:05,226] {logging_mixin.py:115} INFO - [2024-04-02 19:44:05,226] {dag.py:2927} INFO - Setting next_dagrun for example_subdag_operator.section-2 to None, run_after=None
[2024-04-02 19:44:05,229] {processor.py:161} INFO - Processing /Users/miltonvolpato/Git/Alura_Airflow_Oficial/venv/lib/python3.9/site-packages/airflow/example_dags/example_subdag_operator.py took 0.056 seconds
[2024-04-02 19:44:56,904] {processor.py:153} INFO - Started process (PID=11894) to work on /Users/miltonvolpato/Git/Alura_Airflow_Oficial/venv/lib/python3.9/site-packages/airflow/example_dags/example_subdag_operator.py
[2024-04-02 19:44:56,905] {processor.py:641} INFO - Processing file /Users/miltonvolpato/Git/Alura_Airflow_Oficial/venv/lib/python3.9/site-packages/airflow/example_dags/example_subdag_operator.py for tasks to queue
[2024-04-02 19:44:56,905] {logging_mixin.py:115} INFO - [2024-04-02 19:44:56,905] {dagbag.py:507} INFO - Filling up the DagBag from /Users/miltonvolpato/Git/Alura_Airflow_Oficial/venv/lib/python3.9/site-packages/airflow/example_dags/example_subdag_operator.py
[2024-04-02 19:44:56,932] {processor.py:651} INFO - DAG(s) dict_keys(['example_subdag_operator.section-1', 'example_subdag_operator.section-2', 'example_subdag_operator']) retrieved from /Users/miltonvolpato/Git/Alura_Airflow_Oficial/venv/lib/python3.9/site-packages/airflow/example_dags/example_subdag_operator.py
[2024-04-02 19:44:56,947] {logging_mixin.py:115} INFO - [2024-04-02 19:44:56,947] {dag.py:2379} INFO - Sync 3 DAGs
[2024-04-02 19:44:56,954] {logging_mixin.py:115} INFO - [2024-04-02 19:44:56,954] {dag.py:2927} INFO - Setting next_dagrun for example_subdag_operator to 2022-01-01T00:00:00+00:00, run_after=2022-01-01T00:00:00+00:00
[2024-04-02 19:44:56,954] {logging_mixin.py:115} INFO - [2024-04-02 19:44:56,954] {dag.py:2927} INFO - Setting next_dagrun for example_subdag_operator.section-1 to None, run_after=None
[2024-04-02 19:44:56,954] {logging_mixin.py:115} INFO - [2024-04-02 19:44:56,954] {dag.py:2927} INFO - Setting next_dagrun for example_subdag_operator.section-2 to None, run_after=None
[2024-04-02 19:44:56,956] {logging_mixin.py:115} INFO - [2024-04-02 19:44:56,956] {dag.py:2379} INFO - Sync 2 DAGs
[2024-04-02 19:44:56,958] {logging_mixin.py:115} INFO - [2024-04-02 19:44:56,958] {dag.py:2927} INFO - Setting next_dagrun for example_subdag_operator.section-1 to None, run_after=None
[2024-04-02 19:44:56,958] {logging_mixin.py:115} INFO - [2024-04-02 19:44:56,958] {dag.py:2927} INFO - Setting next_dagrun for example_subdag_operator.section-2 to None, run_after=None
[2024-04-02 19:44:56,961] {processor.py:161} INFO - Processing /Users/miltonvolpato/Git/Alura_Airflow_Oficial/venv/lib/python3.9/site-packages/airflow/example_dags/example_subdag_operator.py took 0.058 seconds
[2024-04-02 19:45:47,642] {processor.py:153} INFO - Started process (PID=11935) to work on /Users/miltonvolpato/Git/Alura_Airflow_Oficial/venv/lib/python3.9/site-packages/airflow/example_dags/example_subdag_operator.py
[2024-04-02 19:45:47,642] {processor.py:641} INFO - Processing file /Users/miltonvolpato/Git/Alura_Airflow_Oficial/venv/lib/python3.9/site-packages/airflow/example_dags/example_subdag_operator.py for tasks to queue
[2024-04-02 19:45:47,642] {logging_mixin.py:115} INFO - [2024-04-02 19:45:47,642] {dagbag.py:507} INFO - Filling up the DagBag from /Users/miltonvolpato/Git/Alura_Airflow_Oficial/venv/lib/python3.9/site-packages/airflow/example_dags/example_subdag_operator.py
[2024-04-02 19:45:47,668] {processor.py:651} INFO - DAG(s) dict_keys(['example_subdag_operator.section-1', 'example_subdag_operator.section-2', 'example_subdag_operator']) retrieved from /Users/miltonvolpato/Git/Alura_Airflow_Oficial/venv/lib/python3.9/site-packages/airflow/example_dags/example_subdag_operator.py
[2024-04-02 19:45:47,683] {logging_mixin.py:115} INFO - [2024-04-02 19:45:47,683] {dag.py:2379} INFO - Sync 3 DAGs
[2024-04-02 19:45:47,690] {logging_mixin.py:115} INFO - [2024-04-02 19:45:47,690] {dag.py:2927} INFO - Setting next_dagrun for example_subdag_operator to 2022-01-01T00:00:00+00:00, run_after=2022-01-01T00:00:00+00:00
[2024-04-02 19:45:47,690] {logging_mixin.py:115} INFO - [2024-04-02 19:45:47,690] {dag.py:2927} INFO - Setting next_dagrun for example_subdag_operator.section-1 to None, run_after=None
[2024-04-02 19:45:47,691] {logging_mixin.py:115} INFO - [2024-04-02 19:45:47,691] {dag.py:2927} INFO - Setting next_dagrun for example_subdag_operator.section-2 to None, run_after=None
[2024-04-02 19:45:47,693] {logging_mixin.py:115} INFO - [2024-04-02 19:45:47,693] {dag.py:2379} INFO - Sync 2 DAGs
[2024-04-02 19:45:47,694] {logging_mixin.py:115} INFO - [2024-04-02 19:45:47,694] {dag.py:2927} INFO - Setting next_dagrun for example_subdag_operator.section-1 to None, run_after=None
[2024-04-02 19:45:47,694] {logging_mixin.py:115} INFO - [2024-04-02 19:45:47,694] {dag.py:2927} INFO - Setting next_dagrun for example_subdag_operator.section-2 to None, run_after=None
[2024-04-02 19:45:47,698] {processor.py:161} INFO - Processing /Users/miltonvolpato/Git/Alura_Airflow_Oficial/venv/lib/python3.9/site-packages/airflow/example_dags/example_subdag_operator.py took 0.056 seconds
[2024-04-02 19:46:39,091] {processor.py:153} INFO - Started process (PID=12009) to work on /Users/miltonvolpato/Git/Alura_Airflow_Oficial/venv/lib/python3.9/site-packages/airflow/example_dags/example_subdag_operator.py
[2024-04-02 19:46:39,092] {processor.py:641} INFO - Processing file /Users/miltonvolpato/Git/Alura_Airflow_Oficial/venv/lib/python3.9/site-packages/airflow/example_dags/example_subdag_operator.py for tasks to queue
[2024-04-02 19:46:39,093] {logging_mixin.py:115} INFO - [2024-04-02 19:46:39,093] {dagbag.py:507} INFO - Filling up the DagBag from /Users/miltonvolpato/Git/Alura_Airflow_Oficial/venv/lib/python3.9/site-packages/airflow/example_dags/example_subdag_operator.py
[2024-04-02 19:46:39,122] {processor.py:651} INFO - DAG(s) dict_keys(['example_subdag_operator.section-1', 'example_subdag_operator.section-2', 'example_subdag_operator']) retrieved from /Users/miltonvolpato/Git/Alura_Airflow_Oficial/venv/lib/python3.9/site-packages/airflow/example_dags/example_subdag_operator.py
[2024-04-02 19:46:39,137] {logging_mixin.py:115} INFO - [2024-04-02 19:46:39,137] {dag.py:2379} INFO - Sync 3 DAGs
[2024-04-02 19:46:39,144] {logging_mixin.py:115} INFO - [2024-04-02 19:46:39,144] {dag.py:2927} INFO - Setting next_dagrun for example_subdag_operator to 2022-01-01T00:00:00+00:00, run_after=2022-01-01T00:00:00+00:00
[2024-04-02 19:46:39,144] {logging_mixin.py:115} INFO - [2024-04-02 19:46:39,144] {dag.py:2927} INFO - Setting next_dagrun for example_subdag_operator.section-1 to None, run_after=None
[2024-04-02 19:46:39,145] {logging_mixin.py:115} INFO - [2024-04-02 19:46:39,145] {dag.py:2927} INFO - Setting next_dagrun for example_subdag_operator.section-2 to None, run_after=None
[2024-04-02 19:46:39,147] {logging_mixin.py:115} INFO - [2024-04-02 19:46:39,147] {dag.py:2379} INFO - Sync 2 DAGs
[2024-04-02 19:46:39,148] {logging_mixin.py:115} INFO - [2024-04-02 19:46:39,148] {dag.py:2927} INFO - Setting next_dagrun for example_subdag_operator.section-1 to None, run_after=None
[2024-04-02 19:46:39,148] {logging_mixin.py:115} INFO - [2024-04-02 19:46:39,148] {dag.py:2927} INFO - Setting next_dagrun for example_subdag_operator.section-2 to None, run_after=None
[2024-04-02 19:46:39,151] {processor.py:161} INFO - Processing /Users/miltonvolpato/Git/Alura_Airflow_Oficial/venv/lib/python3.9/site-packages/airflow/example_dags/example_subdag_operator.py took 0.060 seconds
[2024-04-02 19:47:32,454] {processor.py:153} INFO - Started process (PID=12098) to work on /Users/miltonvolpato/Git/Alura_Airflow_Oficial/venv/lib/python3.9/site-packages/airflow/example_dags/example_subdag_operator.py
[2024-04-02 19:47:32,456] {processor.py:641} INFO - Processing file /Users/miltonvolpato/Git/Alura_Airflow_Oficial/venv/lib/python3.9/site-packages/airflow/example_dags/example_subdag_operator.py for tasks to queue
[2024-04-02 19:47:32,456] {logging_mixin.py:115} INFO - [2024-04-02 19:47:32,456] {dagbag.py:507} INFO - Filling up the DagBag from /Users/miltonvolpato/Git/Alura_Airflow_Oficial/venv/lib/python3.9/site-packages/airflow/example_dags/example_subdag_operator.py
[2024-04-02 19:47:32,484] {processor.py:651} INFO - DAG(s) dict_keys(['example_subdag_operator.section-1', 'example_subdag_operator.section-2', 'example_subdag_operator']) retrieved from /Users/miltonvolpato/Git/Alura_Airflow_Oficial/venv/lib/python3.9/site-packages/airflow/example_dags/example_subdag_operator.py
[2024-04-02 19:47:32,499] {logging_mixin.py:115} INFO - [2024-04-02 19:47:32,499] {dag.py:2379} INFO - Sync 3 DAGs
[2024-04-02 19:47:32,507] {logging_mixin.py:115} INFO - [2024-04-02 19:47:32,507] {dag.py:2927} INFO - Setting next_dagrun for example_subdag_operator to 2022-01-01T00:00:00+00:00, run_after=2022-01-01T00:00:00+00:00
[2024-04-02 19:47:32,507] {logging_mixin.py:115} INFO - [2024-04-02 19:47:32,507] {dag.py:2927} INFO - Setting next_dagrun for example_subdag_operator.section-1 to None, run_after=None
[2024-04-02 19:47:32,507] {logging_mixin.py:115} INFO - [2024-04-02 19:47:32,507] {dag.py:2927} INFO - Setting next_dagrun for example_subdag_operator.section-2 to None, run_after=None
[2024-04-02 19:47:32,509] {logging_mixin.py:115} INFO - [2024-04-02 19:47:32,509] {dag.py:2379} INFO - Sync 2 DAGs
[2024-04-02 19:47:32,510] {logging_mixin.py:115} INFO - [2024-04-02 19:47:32,510] {dag.py:2927} INFO - Setting next_dagrun for example_subdag_operator.section-1 to None, run_after=None
[2024-04-02 19:47:32,511] {logging_mixin.py:115} INFO - [2024-04-02 19:47:32,510] {dag.py:2927} INFO - Setting next_dagrun for example_subdag_operator.section-2 to None, run_after=None
[2024-04-02 19:47:32,514] {processor.py:161} INFO - Processing /Users/miltonvolpato/Git/Alura_Airflow_Oficial/venv/lib/python3.9/site-packages/airflow/example_dags/example_subdag_operator.py took 0.060 seconds
[2024-04-02 19:48:17,534] {processor.py:153} INFO - Started process (PID=12140) to work on /Users/miltonvolpato/Git/Alura_Airflow_Oficial/venv/lib/python3.9/site-packages/airflow/example_dags/example_subdag_operator.py
[2024-04-02 19:48:17,534] {processor.py:641} INFO - Processing file /Users/miltonvolpato/Git/Alura_Airflow_Oficial/venv/lib/python3.9/site-packages/airflow/example_dags/example_subdag_operator.py for tasks to queue
[2024-04-02 19:48:17,534] {logging_mixin.py:115} INFO - [2024-04-02 19:48:17,534] {dagbag.py:507} INFO - Filling up the DagBag from /Users/miltonvolpato/Git/Alura_Airflow_Oficial/venv/lib/python3.9/site-packages/airflow/example_dags/example_subdag_operator.py
[2024-04-02 19:48:17,561] {processor.py:651} INFO - DAG(s) dict_keys(['example_subdag_operator.section-1', 'example_subdag_operator.section-2', 'example_subdag_operator']) retrieved from /Users/miltonvolpato/Git/Alura_Airflow_Oficial/venv/lib/python3.9/site-packages/airflow/example_dags/example_subdag_operator.py
[2024-04-02 19:48:17,576] {logging_mixin.py:115} INFO - [2024-04-02 19:48:17,576] {dag.py:2379} INFO - Sync 3 DAGs
[2024-04-02 19:48:17,584] {logging_mixin.py:115} INFO - [2024-04-02 19:48:17,584] {dag.py:2927} INFO - Setting next_dagrun for example_subdag_operator to 2022-01-01T00:00:00+00:00, run_after=2022-01-01T00:00:00+00:00
[2024-04-02 19:48:17,584] {logging_mixin.py:115} INFO - [2024-04-02 19:48:17,584] {dag.py:2927} INFO - Setting next_dagrun for example_subdag_operator.section-1 to None, run_after=None
[2024-04-02 19:48:17,584] {logging_mixin.py:115} INFO - [2024-04-02 19:48:17,584] {dag.py:2927} INFO - Setting next_dagrun for example_subdag_operator.section-2 to None, run_after=None
[2024-04-02 19:48:17,586] {logging_mixin.py:115} INFO - [2024-04-02 19:48:17,586] {dag.py:2379} INFO - Sync 2 DAGs
[2024-04-02 19:48:17,587] {logging_mixin.py:115} INFO - [2024-04-02 19:48:17,587] {dag.py:2927} INFO - Setting next_dagrun for example_subdag_operator.section-1 to None, run_after=None
[2024-04-02 19:48:17,587] {logging_mixin.py:115} INFO - [2024-04-02 19:48:17,587] {dag.py:2927} INFO - Setting next_dagrun for example_subdag_operator.section-2 to None, run_after=None
[2024-04-02 19:48:17,591] {processor.py:161} INFO - Processing /Users/miltonvolpato/Git/Alura_Airflow_Oficial/venv/lib/python3.9/site-packages/airflow/example_dags/example_subdag_operator.py took 0.058 seconds
[2024-04-02 19:49:06,473] {processor.py:153} INFO - Started process (PID=12195) to work on /Users/miltonvolpato/Git/Alura_Airflow_Oficial/venv/lib/python3.9/site-packages/airflow/example_dags/example_subdag_operator.py
[2024-04-02 19:49:06,473] {processor.py:641} INFO - Processing file /Users/miltonvolpato/Git/Alura_Airflow_Oficial/venv/lib/python3.9/site-packages/airflow/example_dags/example_subdag_operator.py for tasks to queue
[2024-04-02 19:49:06,473] {logging_mixin.py:115} INFO - [2024-04-02 19:49:06,473] {dagbag.py:507} INFO - Filling up the DagBag from /Users/miltonvolpato/Git/Alura_Airflow_Oficial/venv/lib/python3.9/site-packages/airflow/example_dags/example_subdag_operator.py
[2024-04-02 19:49:06,500] {processor.py:651} INFO - DAG(s) dict_keys(['example_subdag_operator.section-1', 'example_subdag_operator.section-2', 'example_subdag_operator']) retrieved from /Users/miltonvolpato/Git/Alura_Airflow_Oficial/venv/lib/python3.9/site-packages/airflow/example_dags/example_subdag_operator.py
[2024-04-02 19:49:06,515] {logging_mixin.py:115} INFO - [2024-04-02 19:49:06,515] {dag.py:2379} INFO - Sync 3 DAGs
[2024-04-02 19:49:06,523] {logging_mixin.py:115} INFO - [2024-04-02 19:49:06,523] {dag.py:2927} INFO - Setting next_dagrun for example_subdag_operator to 2022-01-01T00:00:00+00:00, run_after=2022-01-01T00:00:00+00:00
[2024-04-02 19:49:06,523] {logging_mixin.py:115} INFO - [2024-04-02 19:49:06,523] {dag.py:2927} INFO - Setting next_dagrun for example_subdag_operator.section-1 to None, run_after=None
[2024-04-02 19:49:06,523] {logging_mixin.py:115} INFO - [2024-04-02 19:49:06,523] {dag.py:2927} INFO - Setting next_dagrun for example_subdag_operator.section-2 to None, run_after=None
[2024-04-02 19:49:06,525] {logging_mixin.py:115} INFO - [2024-04-02 19:49:06,525] {dag.py:2379} INFO - Sync 2 DAGs
[2024-04-02 19:49:06,526] {logging_mixin.py:115} INFO - [2024-04-02 19:49:06,526] {dag.py:2927} INFO - Setting next_dagrun for example_subdag_operator.section-1 to None, run_after=None
[2024-04-02 19:49:06,526] {logging_mixin.py:115} INFO - [2024-04-02 19:49:06,526] {dag.py:2927} INFO - Setting next_dagrun for example_subdag_operator.section-2 to None, run_after=None
[2024-04-02 19:49:06,530] {processor.py:161} INFO - Processing /Users/miltonvolpato/Git/Alura_Airflow_Oficial/venv/lib/python3.9/site-packages/airflow/example_dags/example_subdag_operator.py took 0.058 seconds
[2024-04-02 19:49:59,939] {processor.py:153} INFO - Started process (PID=12251) to work on /Users/miltonvolpato/Git/Alura_Airflow_Oficial/venv/lib/python3.9/site-packages/airflow/example_dags/example_subdag_operator.py
[2024-04-02 19:49:59,940] {processor.py:641} INFO - Processing file /Users/miltonvolpato/Git/Alura_Airflow_Oficial/venv/lib/python3.9/site-packages/airflow/example_dags/example_subdag_operator.py for tasks to queue
[2024-04-02 19:49:59,940] {logging_mixin.py:115} INFO - [2024-04-02 19:49:59,940] {dagbag.py:507} INFO - Filling up the DagBag from /Users/miltonvolpato/Git/Alura_Airflow_Oficial/venv/lib/python3.9/site-packages/airflow/example_dags/example_subdag_operator.py
[2024-04-02 19:49:59,969] {processor.py:651} INFO - DAG(s) dict_keys(['example_subdag_operator.section-1', 'example_subdag_operator.section-2', 'example_subdag_operator']) retrieved from /Users/miltonvolpato/Git/Alura_Airflow_Oficial/venv/lib/python3.9/site-packages/airflow/example_dags/example_subdag_operator.py
[2024-04-02 19:49:59,984] {logging_mixin.py:115} INFO - [2024-04-02 19:49:59,984] {dag.py:2379} INFO - Sync 3 DAGs
[2024-04-02 19:49:59,992] {logging_mixin.py:115} INFO - [2024-04-02 19:49:59,992] {dag.py:2927} INFO - Setting next_dagrun for example_subdag_operator to 2022-01-01T00:00:00+00:00, run_after=2022-01-01T00:00:00+00:00
[2024-04-02 19:49:59,992] {logging_mixin.py:115} INFO - [2024-04-02 19:49:59,992] {dag.py:2927} INFO - Setting next_dagrun for example_subdag_operator.section-1 to None, run_after=None
[2024-04-02 19:49:59,992] {logging_mixin.py:115} INFO - [2024-04-02 19:49:59,992] {dag.py:2927} INFO - Setting next_dagrun for example_subdag_operator.section-2 to None, run_after=None
[2024-04-02 19:49:59,994] {logging_mixin.py:115} INFO - [2024-04-02 19:49:59,994] {dag.py:2379} INFO - Sync 2 DAGs
[2024-04-02 19:49:59,995] {logging_mixin.py:115} INFO - [2024-04-02 19:49:59,995] {dag.py:2927} INFO - Setting next_dagrun for example_subdag_operator.section-1 to None, run_after=None
[2024-04-02 19:49:59,996] {logging_mixin.py:115} INFO - [2024-04-02 19:49:59,995] {dag.py:2927} INFO - Setting next_dagrun for example_subdag_operator.section-2 to None, run_after=None
[2024-04-02 19:49:59,999] {processor.py:161} INFO - Processing /Users/miltonvolpato/Git/Alura_Airflow_Oficial/venv/lib/python3.9/site-packages/airflow/example_dags/example_subdag_operator.py took 0.060 seconds
[2024-04-02 19:50:52,445] {processor.py:153} INFO - Started process (PID=12299) to work on /Users/miltonvolpato/Git/Alura_Airflow_Oficial/venv/lib/python3.9/site-packages/airflow/example_dags/example_subdag_operator.py
[2024-04-02 19:50:52,445] {processor.py:641} INFO - Processing file /Users/miltonvolpato/Git/Alura_Airflow_Oficial/venv/lib/python3.9/site-packages/airflow/example_dags/example_subdag_operator.py for tasks to queue
[2024-04-02 19:50:52,446] {logging_mixin.py:115} INFO - [2024-04-02 19:50:52,446] {dagbag.py:507} INFO - Filling up the DagBag from /Users/miltonvolpato/Git/Alura_Airflow_Oficial/venv/lib/python3.9/site-packages/airflow/example_dags/example_subdag_operator.py
[2024-04-02 19:50:52,473] {processor.py:651} INFO - DAG(s) dict_keys(['example_subdag_operator.section-1', 'example_subdag_operator.section-2', 'example_subdag_operator']) retrieved from /Users/miltonvolpato/Git/Alura_Airflow_Oficial/venv/lib/python3.9/site-packages/airflow/example_dags/example_subdag_operator.py
[2024-04-02 19:50:52,494] {logging_mixin.py:115} INFO - [2024-04-02 19:50:52,494] {dag.py:2379} INFO - Sync 3 DAGs
[2024-04-02 19:50:52,502] {logging_mixin.py:115} INFO - [2024-04-02 19:50:52,502] {dag.py:2927} INFO - Setting next_dagrun for example_subdag_operator to 2022-01-01T00:00:00+00:00, run_after=2022-01-01T00:00:00+00:00
[2024-04-02 19:50:52,502] {logging_mixin.py:115} INFO - [2024-04-02 19:50:52,502] {dag.py:2927} INFO - Setting next_dagrun for example_subdag_operator.section-1 to None, run_after=None
[2024-04-02 19:50:52,502] {logging_mixin.py:115} INFO - [2024-04-02 19:50:52,502] {dag.py:2927} INFO - Setting next_dagrun for example_subdag_operator.section-2 to None, run_after=None
[2024-04-02 19:50:52,504] {logging_mixin.py:115} INFO - [2024-04-02 19:50:52,504] {dag.py:2379} INFO - Sync 2 DAGs
[2024-04-02 19:50:52,505] {logging_mixin.py:115} INFO - [2024-04-02 19:50:52,505] {dag.py:2927} INFO - Setting next_dagrun for example_subdag_operator.section-1 to None, run_after=None
[2024-04-02 19:50:52,505] {logging_mixin.py:115} INFO - [2024-04-02 19:50:52,505] {dag.py:2927} INFO - Setting next_dagrun for example_subdag_operator.section-2 to None, run_after=None
[2024-04-02 19:50:52,509] {processor.py:161} INFO - Processing /Users/miltonvolpato/Git/Alura_Airflow_Oficial/venv/lib/python3.9/site-packages/airflow/example_dags/example_subdag_operator.py took 0.064 seconds
[2024-04-02 19:51:47,155] {processor.py:153} INFO - Started process (PID=12344) to work on /Users/miltonvolpato/Git/Alura_Airflow_Oficial/venv/lib/python3.9/site-packages/airflow/example_dags/example_subdag_operator.py
[2024-04-02 19:51:47,156] {processor.py:641} INFO - Processing file /Users/miltonvolpato/Git/Alura_Airflow_Oficial/venv/lib/python3.9/site-packages/airflow/example_dags/example_subdag_operator.py for tasks to queue
[2024-04-02 19:51:47,156] {logging_mixin.py:115} INFO - [2024-04-02 19:51:47,156] {dagbag.py:507} INFO - Filling up the DagBag from /Users/miltonvolpato/Git/Alura_Airflow_Oficial/venv/lib/python3.9/site-packages/airflow/example_dags/example_subdag_operator.py
[2024-04-02 19:51:47,184] {processor.py:651} INFO - DAG(s) dict_keys(['example_subdag_operator.section-1', 'example_subdag_operator.section-2', 'example_subdag_operator']) retrieved from /Users/miltonvolpato/Git/Alura_Airflow_Oficial/venv/lib/python3.9/site-packages/airflow/example_dags/example_subdag_operator.py
[2024-04-02 19:51:47,204] {logging_mixin.py:115} INFO - [2024-04-02 19:51:47,204] {dag.py:2379} INFO - Sync 3 DAGs
[2024-04-02 19:51:47,211] {logging_mixin.py:115} INFO - [2024-04-02 19:51:47,211] {dag.py:2927} INFO - Setting next_dagrun for example_subdag_operator to 2022-01-01T00:00:00+00:00, run_after=2022-01-01T00:00:00+00:00
[2024-04-02 19:51:47,212] {logging_mixin.py:115} INFO - [2024-04-02 19:51:47,212] {dag.py:2927} INFO - Setting next_dagrun for example_subdag_operator.section-1 to None, run_after=None
[2024-04-02 19:51:47,212] {logging_mixin.py:115} INFO - [2024-04-02 19:51:47,212] {dag.py:2927} INFO - Setting next_dagrun for example_subdag_operator.section-2 to None, run_after=None
[2024-04-02 19:51:47,214] {logging_mixin.py:115} INFO - [2024-04-02 19:51:47,214] {dag.py:2379} INFO - Sync 2 DAGs
[2024-04-02 19:51:47,215] {logging_mixin.py:115} INFO - [2024-04-02 19:51:47,215] {dag.py:2927} INFO - Setting next_dagrun for example_subdag_operator.section-1 to None, run_after=None
[2024-04-02 19:51:47,215] {logging_mixin.py:115} INFO - [2024-04-02 19:51:47,215] {dag.py:2927} INFO - Setting next_dagrun for example_subdag_operator.section-2 to None, run_after=None
[2024-04-02 19:51:47,218] {processor.py:161} INFO - Processing /Users/miltonvolpato/Git/Alura_Airflow_Oficial/venv/lib/python3.9/site-packages/airflow/example_dags/example_subdag_operator.py took 0.063 seconds
[2024-04-02 19:52:38,749] {processor.py:153} INFO - Started process (PID=12402) to work on /Users/miltonvolpato/Git/Alura_Airflow_Oficial/venv/lib/python3.9/site-packages/airflow/example_dags/example_subdag_operator.py
[2024-04-02 19:52:38,750] {processor.py:641} INFO - Processing file /Users/miltonvolpato/Git/Alura_Airflow_Oficial/venv/lib/python3.9/site-packages/airflow/example_dags/example_subdag_operator.py for tasks to queue
[2024-04-02 19:52:38,751] {logging_mixin.py:115} INFO - [2024-04-02 19:52:38,751] {dagbag.py:507} INFO - Filling up the DagBag from /Users/miltonvolpato/Git/Alura_Airflow_Oficial/venv/lib/python3.9/site-packages/airflow/example_dags/example_subdag_operator.py
[2024-04-02 19:52:38,780] {processor.py:651} INFO - DAG(s) dict_keys(['example_subdag_operator.section-1', 'example_subdag_operator.section-2', 'example_subdag_operator']) retrieved from /Users/miltonvolpato/Git/Alura_Airflow_Oficial/venv/lib/python3.9/site-packages/airflow/example_dags/example_subdag_operator.py
[2024-04-02 19:52:38,797] {logging_mixin.py:115} INFO - [2024-04-02 19:52:38,797] {dag.py:2379} INFO - Sync 3 DAGs
[2024-04-02 19:52:38,806] {logging_mixin.py:115} INFO - [2024-04-02 19:52:38,806] {dag.py:2927} INFO - Setting next_dagrun for example_subdag_operator to 2022-01-01T00:00:00+00:00, run_after=2022-01-01T00:00:00+00:00
[2024-04-02 19:52:38,806] {logging_mixin.py:115} INFO - [2024-04-02 19:52:38,806] {dag.py:2927} INFO - Setting next_dagrun for example_subdag_operator.section-1 to None, run_after=None
[2024-04-02 19:52:38,806] {logging_mixin.py:115} INFO - [2024-04-02 19:52:38,806] {dag.py:2927} INFO - Setting next_dagrun for example_subdag_operator.section-2 to None, run_after=None
[2024-04-02 19:52:38,809] {logging_mixin.py:115} INFO - [2024-04-02 19:52:38,809] {dag.py:2379} INFO - Sync 2 DAGs
[2024-04-02 19:52:38,810] {logging_mixin.py:115} INFO - [2024-04-02 19:52:38,810] {dag.py:2927} INFO - Setting next_dagrun for example_subdag_operator.section-1 to None, run_after=None
[2024-04-02 19:52:38,810] {logging_mixin.py:115} INFO - [2024-04-02 19:52:38,810] {dag.py:2927} INFO - Setting next_dagrun for example_subdag_operator.section-2 to None, run_after=None
[2024-04-02 19:52:38,814] {processor.py:161} INFO - Processing /Users/miltonvolpato/Git/Alura_Airflow_Oficial/venv/lib/python3.9/site-packages/airflow/example_dags/example_subdag_operator.py took 0.064 seconds
[2024-04-02 19:53:20,689] {processor.py:153} INFO - Started process (PID=12443) to work on /Users/miltonvolpato/Git/Alura_Airflow_Oficial/venv/lib/python3.9/site-packages/airflow/example_dags/example_subdag_operator.py
[2024-04-02 19:53:20,690] {processor.py:641} INFO - Processing file /Users/miltonvolpato/Git/Alura_Airflow_Oficial/venv/lib/python3.9/site-packages/airflow/example_dags/example_subdag_operator.py for tasks to queue
[2024-04-02 19:53:20,690] {logging_mixin.py:115} INFO - [2024-04-02 19:53:20,690] {dagbag.py:507} INFO - Filling up the DagBag from /Users/miltonvolpato/Git/Alura_Airflow_Oficial/venv/lib/python3.9/site-packages/airflow/example_dags/example_subdag_operator.py
[2024-04-02 19:53:20,718] {processor.py:651} INFO - DAG(s) dict_keys(['example_subdag_operator.section-1', 'example_subdag_operator.section-2', 'example_subdag_operator']) retrieved from /Users/miltonvolpato/Git/Alura_Airflow_Oficial/venv/lib/python3.9/site-packages/airflow/example_dags/example_subdag_operator.py
[2024-04-02 19:53:20,734] {logging_mixin.py:115} INFO - [2024-04-02 19:53:20,733] {dag.py:2379} INFO - Sync 3 DAGs
[2024-04-02 19:53:20,741] {logging_mixin.py:115} INFO - [2024-04-02 19:53:20,741] {dag.py:2927} INFO - Setting next_dagrun for example_subdag_operator to 2022-01-01T00:00:00+00:00, run_after=2022-01-01T00:00:00+00:00
[2024-04-02 19:53:20,741] {logging_mixin.py:115} INFO - [2024-04-02 19:53:20,741] {dag.py:2927} INFO - Setting next_dagrun for example_subdag_operator.section-1 to None, run_after=None
[2024-04-02 19:53:20,741] {logging_mixin.py:115} INFO - [2024-04-02 19:53:20,741] {dag.py:2927} INFO - Setting next_dagrun for example_subdag_operator.section-2 to None, run_after=None
[2024-04-02 19:53:20,743] {logging_mixin.py:115} INFO - [2024-04-02 19:53:20,743] {dag.py:2379} INFO - Sync 2 DAGs
[2024-04-02 19:53:20,745] {logging_mixin.py:115} INFO - [2024-04-02 19:53:20,745] {dag.py:2927} INFO - Setting next_dagrun for example_subdag_operator.section-1 to None, run_after=None
[2024-04-02 19:53:20,745] {logging_mixin.py:115} INFO - [2024-04-02 19:53:20,745] {dag.py:2927} INFO - Setting next_dagrun for example_subdag_operator.section-2 to None, run_after=None
[2024-04-02 19:53:20,748] {processor.py:161} INFO - Processing /Users/miltonvolpato/Git/Alura_Airflow_Oficial/venv/lib/python3.9/site-packages/airflow/example_dags/example_subdag_operator.py took 0.059 seconds
[2024-04-02 19:54:16,288] {processor.py:153} INFO - Started process (PID=12549) to work on /Users/miltonvolpato/Git/Alura_Airflow_Oficial/venv/lib/python3.9/site-packages/airflow/example_dags/example_subdag_operator.py
[2024-04-02 19:54:16,289] {processor.py:641} INFO - Processing file /Users/miltonvolpato/Git/Alura_Airflow_Oficial/venv/lib/python3.9/site-packages/airflow/example_dags/example_subdag_operator.py for tasks to queue
[2024-04-02 19:54:16,289] {logging_mixin.py:115} INFO - [2024-04-02 19:54:16,289] {dagbag.py:507} INFO - Filling up the DagBag from /Users/miltonvolpato/Git/Alura_Airflow_Oficial/venv/lib/python3.9/site-packages/airflow/example_dags/example_subdag_operator.py
[2024-04-02 19:54:16,318] {processor.py:651} INFO - DAG(s) dict_keys(['example_subdag_operator.section-1', 'example_subdag_operator.section-2', 'example_subdag_operator']) retrieved from /Users/miltonvolpato/Git/Alura_Airflow_Oficial/venv/lib/python3.9/site-packages/airflow/example_dags/example_subdag_operator.py
[2024-04-02 19:54:16,333] {logging_mixin.py:115} INFO - [2024-04-02 19:54:16,333] {dag.py:2379} INFO - Sync 3 DAGs
[2024-04-02 19:54:16,341] {logging_mixin.py:115} INFO - [2024-04-02 19:54:16,341] {dag.py:2927} INFO - Setting next_dagrun for example_subdag_operator to 2022-01-01T00:00:00+00:00, run_after=2022-01-01T00:00:00+00:00
[2024-04-02 19:54:16,341] {logging_mixin.py:115} INFO - [2024-04-02 19:54:16,341] {dag.py:2927} INFO - Setting next_dagrun for example_subdag_operator.section-1 to None, run_after=None
[2024-04-02 19:54:16,341] {logging_mixin.py:115} INFO - [2024-04-02 19:54:16,341] {dag.py:2927} INFO - Setting next_dagrun for example_subdag_operator.section-2 to None, run_after=None
[2024-04-02 19:54:16,343] {logging_mixin.py:115} INFO - [2024-04-02 19:54:16,343] {dag.py:2379} INFO - Sync 2 DAGs
[2024-04-02 19:54:16,345] {logging_mixin.py:115} INFO - [2024-04-02 19:54:16,345] {dag.py:2927} INFO - Setting next_dagrun for example_subdag_operator.section-1 to None, run_after=None
[2024-04-02 19:54:16,345] {logging_mixin.py:115} INFO - [2024-04-02 19:54:16,345] {dag.py:2927} INFO - Setting next_dagrun for example_subdag_operator.section-2 to None, run_after=None
[2024-04-02 19:54:16,348] {processor.py:161} INFO - Processing /Users/miltonvolpato/Git/Alura_Airflow_Oficial/venv/lib/python3.9/site-packages/airflow/example_dags/example_subdag_operator.py took 0.060 seconds
[2024-04-02 19:55:14,394] {processor.py:153} INFO - Started process (PID=12643) to work on /Users/miltonvolpato/Git/Alura_Airflow_Oficial/venv/lib/python3.9/site-packages/airflow/example_dags/example_subdag_operator.py
[2024-04-02 19:55:14,395] {processor.py:641} INFO - Processing file /Users/miltonvolpato/Git/Alura_Airflow_Oficial/venv/lib/python3.9/site-packages/airflow/example_dags/example_subdag_operator.py for tasks to queue
[2024-04-02 19:55:14,395] {logging_mixin.py:115} INFO - [2024-04-02 19:55:14,395] {dagbag.py:507} INFO - Filling up the DagBag from /Users/miltonvolpato/Git/Alura_Airflow_Oficial/venv/lib/python3.9/site-packages/airflow/example_dags/example_subdag_operator.py
[2024-04-02 19:55:14,424] {processor.py:651} INFO - DAG(s) dict_keys(['example_subdag_operator.section-1', 'example_subdag_operator.section-2', 'example_subdag_operator']) retrieved from /Users/miltonvolpato/Git/Alura_Airflow_Oficial/venv/lib/python3.9/site-packages/airflow/example_dags/example_subdag_operator.py
[2024-04-02 19:55:14,439] {logging_mixin.py:115} INFO - [2024-04-02 19:55:14,439] {dag.py:2379} INFO - Sync 3 DAGs
[2024-04-02 19:55:14,446] {logging_mixin.py:115} INFO - [2024-04-02 19:55:14,446] {dag.py:2927} INFO - Setting next_dagrun for example_subdag_operator to 2022-01-01T00:00:00+00:00, run_after=2022-01-01T00:00:00+00:00
[2024-04-02 19:55:14,447] {logging_mixin.py:115} INFO - [2024-04-02 19:55:14,446] {dag.py:2927} INFO - Setting next_dagrun for example_subdag_operator.section-1 to None, run_after=None
[2024-04-02 19:55:14,447] {logging_mixin.py:115} INFO - [2024-04-02 19:55:14,447] {dag.py:2927} INFO - Setting next_dagrun for example_subdag_operator.section-2 to None, run_after=None
[2024-04-02 19:55:14,449] {logging_mixin.py:115} INFO - [2024-04-02 19:55:14,449] {dag.py:2379} INFO - Sync 2 DAGs
[2024-04-02 19:55:14,450] {logging_mixin.py:115} INFO - [2024-04-02 19:55:14,450] {dag.py:2927} INFO - Setting next_dagrun for example_subdag_operator.section-1 to None, run_after=None
[2024-04-02 19:55:14,450] {logging_mixin.py:115} INFO - [2024-04-02 19:55:14,450] {dag.py:2927} INFO - Setting next_dagrun for example_subdag_operator.section-2 to None, run_after=None
[2024-04-02 19:55:14,454] {processor.py:161} INFO - Processing /Users/miltonvolpato/Git/Alura_Airflow_Oficial/venv/lib/python3.9/site-packages/airflow/example_dags/example_subdag_operator.py took 0.060 seconds
