[2024-04-02 19:37:05,444] {processor.py:153} INFO - Started process (PID=11354) to work on /Users/miltonvolpato/Git/Alura_Airflow_Oficial/venv/lib/python3.9/site-packages/airflow/example_dags/example_branch_datetime_operator.py
[2024-04-02 19:37:05,444] {processor.py:641} INFO - Processing file /Users/miltonvolpato/Git/Alura_Airflow_Oficial/venv/lib/python3.9/site-packages/airflow/example_dags/example_branch_datetime_operator.py for tasks to queue
[2024-04-02 19:37:05,445] {logging_mixin.py:115} INFO - [2024-04-02 19:37:05,444] {dagbag.py:507} INFO - Filling up the DagBag from /Users/miltonvolpato/Git/Alura_Airflow_Oficial/venv/lib/python3.9/site-packages/airflow/example_dags/example_branch_datetime_operator.py
[2024-04-02 19:37:05,452] {processor.py:651} INFO - DAG(s) dict_keys(['example_branch_datetime_operator_2']) retrieved from /Users/miltonvolpato/Git/Alura_Airflow_Oficial/venv/lib/python3.9/site-packages/airflow/example_dags/example_branch_datetime_operator.py
[2024-04-02 19:37:05,783] {logging_mixin.py:115} INFO - [2024-04-02 19:37:05,783] {manager.py:508} INFO - Created Permission View: can delete on DAG:example_branch_datetime_operator_2
[2024-04-02 19:37:05,785] {logging_mixin.py:115} INFO - [2024-04-02 19:37:05,785] {manager.py:508} INFO - Created Permission View: can read on DAG:example_branch_datetime_operator_2
[2024-04-02 19:37:05,787] {logging_mixin.py:115} INFO - [2024-04-02 19:37:05,787] {manager.py:508} INFO - Created Permission View: can edit on DAG:example_branch_datetime_operator_2
[2024-04-02 19:37:05,788] {logging_mixin.py:115} INFO - [2024-04-02 19:37:05,787] {dag.py:2379} INFO - Sync 1 DAGs
[2024-04-02 19:37:05,791] {logging_mixin.py:115} INFO - [2024-04-02 19:37:05,791] {dag.py:2398} INFO - Creating ORM DAG for example_branch_datetime_operator_2
[2024-04-02 19:37:05,796] {logging_mixin.py:115} INFO - [2024-04-02 19:37:05,796] {dag.py:2927} INFO - Setting next_dagrun for example_branch_datetime_operator_2 to 2024-04-01T00:00:00+00:00, run_after=2024-04-02T00:00:00+00:00
[2024-04-02 19:37:05,801] {processor.py:161} INFO - Processing /Users/miltonvolpato/Git/Alura_Airflow_Oficial/venv/lib/python3.9/site-packages/airflow/example_dags/example_branch_datetime_operator.py took 0.357 seconds
[2024-04-02 19:38:06,537] {processor.py:153} INFO - Started process (PID=11473) to work on /Users/miltonvolpato/Git/Alura_Airflow_Oficial/venv/lib/python3.9/site-packages/airflow/example_dags/example_branch_datetime_operator.py
[2024-04-02 19:38:06,538] {processor.py:641} INFO - Processing file /Users/miltonvolpato/Git/Alura_Airflow_Oficial/venv/lib/python3.9/site-packages/airflow/example_dags/example_branch_datetime_operator.py for tasks to queue
[2024-04-02 19:38:06,538] {logging_mixin.py:115} INFO - [2024-04-02 19:38:06,538] {dagbag.py:507} INFO - Filling up the DagBag from /Users/miltonvolpato/Git/Alura_Airflow_Oficial/venv/lib/python3.9/site-packages/airflow/example_dags/example_branch_datetime_operator.py
[2024-04-02 19:38:06,546] {processor.py:651} INFO - DAG(s) dict_keys(['example_branch_datetime_operator_2']) retrieved from /Users/miltonvolpato/Git/Alura_Airflow_Oficial/venv/lib/python3.9/site-packages/airflow/example_dags/example_branch_datetime_operator.py
[2024-04-02 19:38:06,574] {logging_mixin.py:115} INFO - [2024-04-02 19:38:06,574] {dag.py:2379} INFO - Sync 1 DAGs
[2024-04-02 19:38:06,582] {logging_mixin.py:115} INFO - [2024-04-02 19:38:06,582] {dag.py:2927} INFO - Setting next_dagrun for example_branch_datetime_operator_2 to 2024-04-01T00:00:00+00:00, run_after=2024-04-02T00:00:00+00:00
[2024-04-02 19:38:06,587] {processor.py:161} INFO - Processing /Users/miltonvolpato/Git/Alura_Airflow_Oficial/venv/lib/python3.9/site-packages/airflow/example_dags/example_branch_datetime_operator.py took 0.050 seconds
[2024-04-02 19:38:55,866] {processor.py:153} INFO - Started process (PID=11532) to work on /Users/miltonvolpato/Git/Alura_Airflow_Oficial/venv/lib/python3.9/site-packages/airflow/example_dags/example_branch_datetime_operator.py
[2024-04-02 19:38:55,867] {processor.py:641} INFO - Processing file /Users/miltonvolpato/Git/Alura_Airflow_Oficial/venv/lib/python3.9/site-packages/airflow/example_dags/example_branch_datetime_operator.py for tasks to queue
[2024-04-02 19:38:55,867] {logging_mixin.py:115} INFO - [2024-04-02 19:38:55,867] {dagbag.py:507} INFO - Filling up the DagBag from /Users/miltonvolpato/Git/Alura_Airflow_Oficial/venv/lib/python3.9/site-packages/airflow/example_dags/example_branch_datetime_operator.py
[2024-04-02 19:38:55,873] {processor.py:651} INFO - DAG(s) dict_keys(['example_branch_datetime_operator_2']) retrieved from /Users/miltonvolpato/Git/Alura_Airflow_Oficial/venv/lib/python3.9/site-packages/airflow/example_dags/example_branch_datetime_operator.py
[2024-04-02 19:38:55,901] {logging_mixin.py:115} INFO - [2024-04-02 19:38:55,901] {dag.py:2379} INFO - Sync 1 DAGs
[2024-04-02 19:38:55,909] {logging_mixin.py:115} INFO - [2024-04-02 19:38:55,909] {dag.py:2927} INFO - Setting next_dagrun for example_branch_datetime_operator_2 to 2024-04-01T00:00:00+00:00, run_after=2024-04-02T00:00:00+00:00
[2024-04-02 19:38:55,914] {processor.py:161} INFO - Processing /Users/miltonvolpato/Git/Alura_Airflow_Oficial/venv/lib/python3.9/site-packages/airflow/example_dags/example_branch_datetime_operator.py took 0.048 seconds
[2024-04-02 19:39:43,976] {processor.py:153} INFO - Started process (PID=11573) to work on /Users/miltonvolpato/Git/Alura_Airflow_Oficial/venv/lib/python3.9/site-packages/airflow/example_dags/example_branch_datetime_operator.py
[2024-04-02 19:39:43,977] {processor.py:641} INFO - Processing file /Users/miltonvolpato/Git/Alura_Airflow_Oficial/venv/lib/python3.9/site-packages/airflow/example_dags/example_branch_datetime_operator.py for tasks to queue
[2024-04-02 19:39:43,977] {logging_mixin.py:115} INFO - [2024-04-02 19:39:43,977] {dagbag.py:507} INFO - Filling up the DagBag from /Users/miltonvolpato/Git/Alura_Airflow_Oficial/venv/lib/python3.9/site-packages/airflow/example_dags/example_branch_datetime_operator.py
[2024-04-02 19:39:43,983] {processor.py:651} INFO - DAG(s) dict_keys(['example_branch_datetime_operator_2']) retrieved from /Users/miltonvolpato/Git/Alura_Airflow_Oficial/venv/lib/python3.9/site-packages/airflow/example_dags/example_branch_datetime_operator.py
[2024-04-02 19:39:44,011] {logging_mixin.py:115} INFO - [2024-04-02 19:39:44,011] {dag.py:2379} INFO - Sync 1 DAGs
[2024-04-02 19:39:44,018] {logging_mixin.py:115} INFO - [2024-04-02 19:39:44,018] {dag.py:2927} INFO - Setting next_dagrun for example_branch_datetime_operator_2 to 2024-04-01T00:00:00+00:00, run_after=2024-04-02T00:00:00+00:00
[2024-04-02 19:39:44,023] {processor.py:161} INFO - Processing /Users/miltonvolpato/Git/Alura_Airflow_Oficial/venv/lib/python3.9/site-packages/airflow/example_dags/example_branch_datetime_operator.py took 0.047 seconds
[2024-04-02 19:40:35,360] {processor.py:153} INFO - Started process (PID=11623) to work on /Users/miltonvolpato/Git/Alura_Airflow_Oficial/venv/lib/python3.9/site-packages/airflow/example_dags/example_branch_datetime_operator.py
[2024-04-02 19:40:35,360] {processor.py:641} INFO - Processing file /Users/miltonvolpato/Git/Alura_Airflow_Oficial/venv/lib/python3.9/site-packages/airflow/example_dags/example_branch_datetime_operator.py for tasks to queue
[2024-04-02 19:40:35,361] {logging_mixin.py:115} INFO - [2024-04-02 19:40:35,361] {dagbag.py:507} INFO - Filling up the DagBag from /Users/miltonvolpato/Git/Alura_Airflow_Oficial/venv/lib/python3.9/site-packages/airflow/example_dags/example_branch_datetime_operator.py
[2024-04-02 19:40:35,367] {processor.py:651} INFO - DAG(s) dict_keys(['example_branch_datetime_operator_2']) retrieved from /Users/miltonvolpato/Git/Alura_Airflow_Oficial/venv/lib/python3.9/site-packages/airflow/example_dags/example_branch_datetime_operator.py
[2024-04-02 19:40:35,395] {logging_mixin.py:115} INFO - [2024-04-02 19:40:35,395] {dag.py:2379} INFO - Sync 1 DAGs
[2024-04-02 19:40:35,402] {logging_mixin.py:115} INFO - [2024-04-02 19:40:35,402] {dag.py:2927} INFO - Setting next_dagrun for example_branch_datetime_operator_2 to 2024-04-01T00:00:00+00:00, run_after=2024-04-02T00:00:00+00:00
[2024-04-02 19:40:35,407] {processor.py:161} INFO - Processing /Users/miltonvolpato/Git/Alura_Airflow_Oficial/venv/lib/python3.9/site-packages/airflow/example_dags/example_branch_datetime_operator.py took 0.047 seconds
[2024-04-02 19:41:28,445] {processor.py:153} INFO - Started process (PID=11670) to work on /Users/miltonvolpato/Git/Alura_Airflow_Oficial/venv/lib/python3.9/site-packages/airflow/example_dags/example_branch_datetime_operator.py
[2024-04-02 19:41:28,445] {processor.py:641} INFO - Processing file /Users/miltonvolpato/Git/Alura_Airflow_Oficial/venv/lib/python3.9/site-packages/airflow/example_dags/example_branch_datetime_operator.py for tasks to queue
[2024-04-02 19:41:28,446] {logging_mixin.py:115} INFO - [2024-04-02 19:41:28,446] {dagbag.py:507} INFO - Filling up the DagBag from /Users/miltonvolpato/Git/Alura_Airflow_Oficial/venv/lib/python3.9/site-packages/airflow/example_dags/example_branch_datetime_operator.py
[2024-04-02 19:41:28,452] {processor.py:651} INFO - DAG(s) dict_keys(['example_branch_datetime_operator_2']) retrieved from /Users/miltonvolpato/Git/Alura_Airflow_Oficial/venv/lib/python3.9/site-packages/airflow/example_dags/example_branch_datetime_operator.py
[2024-04-02 19:41:28,481] {logging_mixin.py:115} INFO - [2024-04-02 19:41:28,481] {dag.py:2379} INFO - Sync 1 DAGs
[2024-04-02 19:41:28,489] {logging_mixin.py:115} INFO - [2024-04-02 19:41:28,489] {dag.py:2927} INFO - Setting next_dagrun for example_branch_datetime_operator_2 to 2024-04-01T00:00:00+00:00, run_after=2024-04-02T00:00:00+00:00
[2024-04-02 19:41:28,494] {processor.py:161} INFO - Processing /Users/miltonvolpato/Git/Alura_Airflow_Oficial/venv/lib/python3.9/site-packages/airflow/example_dags/example_branch_datetime_operator.py took 0.049 seconds
[2024-04-02 19:42:21,978] {processor.py:153} INFO - Started process (PID=11721) to work on /Users/miltonvolpato/Git/Alura_Airflow_Oficial/venv/lib/python3.9/site-packages/airflow/example_dags/example_branch_datetime_operator.py
[2024-04-02 19:42:21,978] {processor.py:641} INFO - Processing file /Users/miltonvolpato/Git/Alura_Airflow_Oficial/venv/lib/python3.9/site-packages/airflow/example_dags/example_branch_datetime_operator.py for tasks to queue
[2024-04-02 19:42:21,978] {logging_mixin.py:115} INFO - [2024-04-02 19:42:21,978] {dagbag.py:507} INFO - Filling up the DagBag from /Users/miltonvolpato/Git/Alura_Airflow_Oficial/venv/lib/python3.9/site-packages/airflow/example_dags/example_branch_datetime_operator.py
[2024-04-02 19:42:21,984] {processor.py:651} INFO - DAG(s) dict_keys(['example_branch_datetime_operator_2']) retrieved from /Users/miltonvolpato/Git/Alura_Airflow_Oficial/venv/lib/python3.9/site-packages/airflow/example_dags/example_branch_datetime_operator.py
[2024-04-02 19:42:22,013] {logging_mixin.py:115} INFO - [2024-04-02 19:42:22,013] {dag.py:2379} INFO - Sync 1 DAGs
[2024-04-02 19:42:22,020] {logging_mixin.py:115} INFO - [2024-04-02 19:42:22,020] {dag.py:2927} INFO - Setting next_dagrun for example_branch_datetime_operator_2 to 2024-04-01T00:00:00+00:00, run_after=2024-04-02T00:00:00+00:00
[2024-04-02 19:42:22,025] {processor.py:161} INFO - Processing /Users/miltonvolpato/Git/Alura_Airflow_Oficial/venv/lib/python3.9/site-packages/airflow/example_dags/example_branch_datetime_operator.py took 0.047 seconds
[2024-04-02 19:43:12,026] {processor.py:153} INFO - Started process (PID=11770) to work on /Users/miltonvolpato/Git/Alura_Airflow_Oficial/venv/lib/python3.9/site-packages/airflow/example_dags/example_branch_datetime_operator.py
[2024-04-02 19:43:12,027] {processor.py:641} INFO - Processing file /Users/miltonvolpato/Git/Alura_Airflow_Oficial/venv/lib/python3.9/site-packages/airflow/example_dags/example_branch_datetime_operator.py for tasks to queue
[2024-04-02 19:43:12,027] {logging_mixin.py:115} INFO - [2024-04-02 19:43:12,027] {dagbag.py:507} INFO - Filling up the DagBag from /Users/miltonvolpato/Git/Alura_Airflow_Oficial/venv/lib/python3.9/site-packages/airflow/example_dags/example_branch_datetime_operator.py
[2024-04-02 19:43:12,034] {processor.py:651} INFO - DAG(s) dict_keys(['example_branch_datetime_operator_2']) retrieved from /Users/miltonvolpato/Git/Alura_Airflow_Oficial/venv/lib/python3.9/site-packages/airflow/example_dags/example_branch_datetime_operator.py
[2024-04-02 19:43:12,062] {logging_mixin.py:115} INFO - [2024-04-02 19:43:12,062] {dag.py:2379} INFO - Sync 1 DAGs
[2024-04-02 19:43:12,069] {logging_mixin.py:115} INFO - [2024-04-02 19:43:12,069] {dag.py:2927} INFO - Setting next_dagrun for example_branch_datetime_operator_2 to 2024-04-01T00:00:00+00:00, run_after=2024-04-02T00:00:00+00:00
[2024-04-02 19:43:12,074] {processor.py:161} INFO - Processing /Users/miltonvolpato/Git/Alura_Airflow_Oficial/venv/lib/python3.9/site-packages/airflow/example_dags/example_branch_datetime_operator.py took 0.048 seconds
[2024-04-02 19:44:10,662] {processor.py:153} INFO - Started process (PID=11834) to work on /Users/miltonvolpato/Git/Alura_Airflow_Oficial/venv/lib/python3.9/site-packages/airflow/example_dags/example_branch_datetime_operator.py
[2024-04-02 19:44:10,663] {processor.py:641} INFO - Processing file /Users/miltonvolpato/Git/Alura_Airflow_Oficial/venv/lib/python3.9/site-packages/airflow/example_dags/example_branch_datetime_operator.py for tasks to queue
[2024-04-02 19:44:10,663] {logging_mixin.py:115} INFO - [2024-04-02 19:44:10,663] {dagbag.py:507} INFO - Filling up the DagBag from /Users/miltonvolpato/Git/Alura_Airflow_Oficial/venv/lib/python3.9/site-packages/airflow/example_dags/example_branch_datetime_operator.py
[2024-04-02 19:44:10,669] {processor.py:651} INFO - DAG(s) dict_keys(['example_branch_datetime_operator_2']) retrieved from /Users/miltonvolpato/Git/Alura_Airflow_Oficial/venv/lib/python3.9/site-packages/airflow/example_dags/example_branch_datetime_operator.py
[2024-04-02 19:44:10,697] {logging_mixin.py:115} INFO - [2024-04-02 19:44:10,697] {dag.py:2379} INFO - Sync 1 DAGs
[2024-04-02 19:44:10,705] {logging_mixin.py:115} INFO - [2024-04-02 19:44:10,705] {dag.py:2927} INFO - Setting next_dagrun for example_branch_datetime_operator_2 to 2024-04-01T00:00:00+00:00, run_after=2024-04-02T00:00:00+00:00
[2024-04-02 19:44:10,709] {processor.py:161} INFO - Processing /Users/miltonvolpato/Git/Alura_Airflow_Oficial/venv/lib/python3.9/site-packages/airflow/example_dags/example_branch_datetime_operator.py took 0.048 seconds
[2024-04-02 19:45:02,930] {processor.py:153} INFO - Started process (PID=11900) to work on /Users/miltonvolpato/Git/Alura_Airflow_Oficial/venv/lib/python3.9/site-packages/airflow/example_dags/example_branch_datetime_operator.py
[2024-04-02 19:45:02,931] {processor.py:641} INFO - Processing file /Users/miltonvolpato/Git/Alura_Airflow_Oficial/venv/lib/python3.9/site-packages/airflow/example_dags/example_branch_datetime_operator.py for tasks to queue
[2024-04-02 19:45:02,932] {logging_mixin.py:115} INFO - [2024-04-02 19:45:02,932] {dagbag.py:507} INFO - Filling up the DagBag from /Users/miltonvolpato/Git/Alura_Airflow_Oficial/venv/lib/python3.9/site-packages/airflow/example_dags/example_branch_datetime_operator.py
[2024-04-02 19:45:02,939] {processor.py:651} INFO - DAG(s) dict_keys(['example_branch_datetime_operator_2']) retrieved from /Users/miltonvolpato/Git/Alura_Airflow_Oficial/venv/lib/python3.9/site-packages/airflow/example_dags/example_branch_datetime_operator.py
[2024-04-02 19:45:02,967] {logging_mixin.py:115} INFO - [2024-04-02 19:45:02,967] {dag.py:2379} INFO - Sync 1 DAGs
[2024-04-02 19:45:02,974] {logging_mixin.py:115} INFO - [2024-04-02 19:45:02,974] {dag.py:2927} INFO - Setting next_dagrun for example_branch_datetime_operator_2 to 2024-04-01T00:00:00+00:00, run_after=2024-04-02T00:00:00+00:00
[2024-04-02 19:45:02,979] {processor.py:161} INFO - Processing /Users/miltonvolpato/Git/Alura_Airflow_Oficial/venv/lib/python3.9/site-packages/airflow/example_dags/example_branch_datetime_operator.py took 0.049 seconds
[2024-04-02 19:45:53,131] {processor.py:153} INFO - Started process (PID=11939) to work on /Users/miltonvolpato/Git/Alura_Airflow_Oficial/venv/lib/python3.9/site-packages/airflow/example_dags/example_branch_datetime_operator.py
[2024-04-02 19:45:53,131] {processor.py:641} INFO - Processing file /Users/miltonvolpato/Git/Alura_Airflow_Oficial/venv/lib/python3.9/site-packages/airflow/example_dags/example_branch_datetime_operator.py for tasks to queue
[2024-04-02 19:45:53,131] {logging_mixin.py:115} INFO - [2024-04-02 19:45:53,131] {dagbag.py:507} INFO - Filling up the DagBag from /Users/miltonvolpato/Git/Alura_Airflow_Oficial/venv/lib/python3.9/site-packages/airflow/example_dags/example_branch_datetime_operator.py
[2024-04-02 19:45:53,138] {processor.py:651} INFO - DAG(s) dict_keys(['example_branch_datetime_operator_2']) retrieved from /Users/miltonvolpato/Git/Alura_Airflow_Oficial/venv/lib/python3.9/site-packages/airflow/example_dags/example_branch_datetime_operator.py
[2024-04-02 19:45:53,165] {logging_mixin.py:115} INFO - [2024-04-02 19:45:53,165] {dag.py:2379} INFO - Sync 1 DAGs
[2024-04-02 19:45:53,173] {logging_mixin.py:115} INFO - [2024-04-02 19:45:53,173] {dag.py:2927} INFO - Setting next_dagrun for example_branch_datetime_operator_2 to 2024-04-01T00:00:00+00:00, run_after=2024-04-02T00:00:00+00:00
[2024-04-02 19:45:53,177] {processor.py:161} INFO - Processing /Users/miltonvolpato/Git/Alura_Airflow_Oficial/venv/lib/python3.9/site-packages/airflow/example_dags/example_branch_datetime_operator.py took 0.047 seconds
[2024-04-02 19:46:44,041] {processor.py:153} INFO - Started process (PID=12019) to work on /Users/miltonvolpato/Git/Alura_Airflow_Oficial/venv/lib/python3.9/site-packages/airflow/example_dags/example_branch_datetime_operator.py
[2024-04-02 19:46:44,042] {processor.py:641} INFO - Processing file /Users/miltonvolpato/Git/Alura_Airflow_Oficial/venv/lib/python3.9/site-packages/airflow/example_dags/example_branch_datetime_operator.py for tasks to queue
[2024-04-02 19:46:44,042] {logging_mixin.py:115} INFO - [2024-04-02 19:46:44,042] {dagbag.py:507} INFO - Filling up the DagBag from /Users/miltonvolpato/Git/Alura_Airflow_Oficial/venv/lib/python3.9/site-packages/airflow/example_dags/example_branch_datetime_operator.py
[2024-04-02 19:46:44,049] {processor.py:651} INFO - DAG(s) dict_keys(['example_branch_datetime_operator_2']) retrieved from /Users/miltonvolpato/Git/Alura_Airflow_Oficial/venv/lib/python3.9/site-packages/airflow/example_dags/example_branch_datetime_operator.py
[2024-04-02 19:46:44,079] {logging_mixin.py:115} INFO - [2024-04-02 19:46:44,079] {dag.py:2379} INFO - Sync 1 DAGs
[2024-04-02 19:46:44,087] {logging_mixin.py:115} INFO - [2024-04-02 19:46:44,087] {dag.py:2927} INFO - Setting next_dagrun for example_branch_datetime_operator_2 to 2024-04-01T00:00:00+00:00, run_after=2024-04-02T00:00:00+00:00
[2024-04-02 19:46:44,092] {processor.py:161} INFO - Processing /Users/miltonvolpato/Git/Alura_Airflow_Oficial/venv/lib/python3.9/site-packages/airflow/example_dags/example_branch_datetime_operator.py took 0.051 seconds
[2024-04-02 19:47:38,843] {processor.py:153} INFO - Started process (PID=12104) to work on /Users/miltonvolpato/Git/Alura_Airflow_Oficial/venv/lib/python3.9/site-packages/airflow/example_dags/example_branch_datetime_operator.py
[2024-04-02 19:47:38,844] {processor.py:641} INFO - Processing file /Users/miltonvolpato/Git/Alura_Airflow_Oficial/venv/lib/python3.9/site-packages/airflow/example_dags/example_branch_datetime_operator.py for tasks to queue
[2024-04-02 19:47:38,844] {logging_mixin.py:115} INFO - [2024-04-02 19:47:38,844] {dagbag.py:507} INFO - Filling up the DagBag from /Users/miltonvolpato/Git/Alura_Airflow_Oficial/venv/lib/python3.9/site-packages/airflow/example_dags/example_branch_datetime_operator.py
[2024-04-02 19:47:38,852] {processor.py:651} INFO - DAG(s) dict_keys(['example_branch_datetime_operator_2']) retrieved from /Users/miltonvolpato/Git/Alura_Airflow_Oficial/venv/lib/python3.9/site-packages/airflow/example_dags/example_branch_datetime_operator.py
[2024-04-02 19:47:38,883] {logging_mixin.py:115} INFO - [2024-04-02 19:47:38,883] {dag.py:2379} INFO - Sync 1 DAGs
[2024-04-02 19:47:38,892] {logging_mixin.py:115} INFO - [2024-04-02 19:47:38,892] {dag.py:2927} INFO - Setting next_dagrun for example_branch_datetime_operator_2 to 2024-04-01T00:00:00+00:00, run_after=2024-04-02T00:00:00+00:00
[2024-04-02 19:47:38,897] {processor.py:161} INFO - Processing /Users/miltonvolpato/Git/Alura_Airflow_Oficial/venv/lib/python3.9/site-packages/airflow/example_dags/example_branch_datetime_operator.py took 0.054 seconds
[2024-04-02 19:48:24,563] {processor.py:153} INFO - Started process (PID=12145) to work on /Users/miltonvolpato/Git/Alura_Airflow_Oficial/venv/lib/python3.9/site-packages/airflow/example_dags/example_branch_datetime_operator.py
[2024-04-02 19:48:24,563] {processor.py:641} INFO - Processing file /Users/miltonvolpato/Git/Alura_Airflow_Oficial/venv/lib/python3.9/site-packages/airflow/example_dags/example_branch_datetime_operator.py for tasks to queue
[2024-04-02 19:48:24,564] {logging_mixin.py:115} INFO - [2024-04-02 19:48:24,563] {dagbag.py:507} INFO - Filling up the DagBag from /Users/miltonvolpato/Git/Alura_Airflow_Oficial/venv/lib/python3.9/site-packages/airflow/example_dags/example_branch_datetime_operator.py
[2024-04-02 19:48:24,570] {processor.py:651} INFO - DAG(s) dict_keys(['example_branch_datetime_operator_2']) retrieved from /Users/miltonvolpato/Git/Alura_Airflow_Oficial/venv/lib/python3.9/site-packages/airflow/example_dags/example_branch_datetime_operator.py
[2024-04-02 19:48:24,599] {logging_mixin.py:115} INFO - [2024-04-02 19:48:24,599] {dag.py:2379} INFO - Sync 1 DAGs
[2024-04-02 19:48:24,606] {logging_mixin.py:115} INFO - [2024-04-02 19:48:24,606] {dag.py:2927} INFO - Setting next_dagrun for example_branch_datetime_operator_2 to 2024-04-01T00:00:00+00:00, run_after=2024-04-02T00:00:00+00:00
[2024-04-02 19:48:24,611] {processor.py:161} INFO - Processing /Users/miltonvolpato/Git/Alura_Airflow_Oficial/venv/lib/python3.9/site-packages/airflow/example_dags/example_branch_datetime_operator.py took 0.048 seconds
[2024-04-02 19:49:13,929] {processor.py:153} INFO - Started process (PID=12200) to work on /Users/miltonvolpato/Git/Alura_Airflow_Oficial/venv/lib/python3.9/site-packages/airflow/example_dags/example_branch_datetime_operator.py
[2024-04-02 19:49:13,929] {processor.py:641} INFO - Processing file /Users/miltonvolpato/Git/Alura_Airflow_Oficial/venv/lib/python3.9/site-packages/airflow/example_dags/example_branch_datetime_operator.py for tasks to queue
[2024-04-02 19:49:13,929] {logging_mixin.py:115} INFO - [2024-04-02 19:49:13,929] {dagbag.py:507} INFO - Filling up the DagBag from /Users/miltonvolpato/Git/Alura_Airflow_Oficial/venv/lib/python3.9/site-packages/airflow/example_dags/example_branch_datetime_operator.py
[2024-04-02 19:49:13,935] {processor.py:651} INFO - DAG(s) dict_keys(['example_branch_datetime_operator_2']) retrieved from /Users/miltonvolpato/Git/Alura_Airflow_Oficial/venv/lib/python3.9/site-packages/airflow/example_dags/example_branch_datetime_operator.py
[2024-04-02 19:49:13,964] {logging_mixin.py:115} INFO - [2024-04-02 19:49:13,964] {dag.py:2379} INFO - Sync 1 DAGs
[2024-04-02 19:49:13,971] {logging_mixin.py:115} INFO - [2024-04-02 19:49:13,971] {dag.py:2927} INFO - Setting next_dagrun for example_branch_datetime_operator_2 to 2024-04-01T00:00:00+00:00, run_after=2024-04-02T00:00:00+00:00
[2024-04-02 19:49:13,976] {processor.py:161} INFO - Processing /Users/miltonvolpato/Git/Alura_Airflow_Oficial/venv/lib/python3.9/site-packages/airflow/example_dags/example_branch_datetime_operator.py took 0.048 seconds
[2024-04-02 19:50:06,903] {processor.py:153} INFO - Started process (PID=12256) to work on /Users/miltonvolpato/Git/Alura_Airflow_Oficial/venv/lib/python3.9/site-packages/airflow/example_dags/example_branch_datetime_operator.py
[2024-04-02 19:50:06,904] {processor.py:641} INFO - Processing file /Users/miltonvolpato/Git/Alura_Airflow_Oficial/venv/lib/python3.9/site-packages/airflow/example_dags/example_branch_datetime_operator.py for tasks to queue
[2024-04-02 19:50:06,905] {logging_mixin.py:115} INFO - [2024-04-02 19:50:06,905] {dagbag.py:507} INFO - Filling up the DagBag from /Users/miltonvolpato/Git/Alura_Airflow_Oficial/venv/lib/python3.9/site-packages/airflow/example_dags/example_branch_datetime_operator.py
[2024-04-02 19:50:06,912] {processor.py:651} INFO - DAG(s) dict_keys(['example_branch_datetime_operator_2']) retrieved from /Users/miltonvolpato/Git/Alura_Airflow_Oficial/venv/lib/python3.9/site-packages/airflow/example_dags/example_branch_datetime_operator.py
[2024-04-02 19:50:06,940] {logging_mixin.py:115} INFO - [2024-04-02 19:50:06,940] {dag.py:2379} INFO - Sync 1 DAGs
[2024-04-02 19:50:06,948] {logging_mixin.py:115} INFO - [2024-04-02 19:50:06,948] {dag.py:2927} INFO - Setting next_dagrun for example_branch_datetime_operator_2 to 2024-04-01T00:00:00+00:00, run_after=2024-04-02T00:00:00+00:00
[2024-04-02 19:50:06,952] {processor.py:161} INFO - Processing /Users/miltonvolpato/Git/Alura_Airflow_Oficial/venv/lib/python3.9/site-packages/airflow/example_dags/example_branch_datetime_operator.py took 0.049 seconds
[2024-04-02 19:50:59,508] {processor.py:153} INFO - Started process (PID=12305) to work on /Users/miltonvolpato/Git/Alura_Airflow_Oficial/venv/lib/python3.9/site-packages/airflow/example_dags/example_branch_datetime_operator.py
[2024-04-02 19:50:59,509] {processor.py:641} INFO - Processing file /Users/miltonvolpato/Git/Alura_Airflow_Oficial/venv/lib/python3.9/site-packages/airflow/example_dags/example_branch_datetime_operator.py for tasks to queue
[2024-04-02 19:50:59,510] {logging_mixin.py:115} INFO - [2024-04-02 19:50:59,509] {dagbag.py:507} INFO - Filling up the DagBag from /Users/miltonvolpato/Git/Alura_Airflow_Oficial/venv/lib/python3.9/site-packages/airflow/example_dags/example_branch_datetime_operator.py
[2024-04-02 19:50:59,516] {processor.py:651} INFO - DAG(s) dict_keys(['example_branch_datetime_operator_2']) retrieved from /Users/miltonvolpato/Git/Alura_Airflow_Oficial/venv/lib/python3.9/site-packages/airflow/example_dags/example_branch_datetime_operator.py
[2024-04-02 19:50:59,546] {logging_mixin.py:115} INFO - [2024-04-02 19:50:59,545] {dag.py:2379} INFO - Sync 1 DAGs
[2024-04-02 19:50:59,554] {logging_mixin.py:115} INFO - [2024-04-02 19:50:59,554] {dag.py:2927} INFO - Setting next_dagrun for example_branch_datetime_operator_2 to 2024-04-01T00:00:00+00:00, run_after=2024-04-02T00:00:00+00:00
[2024-04-02 19:50:59,560] {processor.py:161} INFO - Processing /Users/miltonvolpato/Git/Alura_Airflow_Oficial/venv/lib/python3.9/site-packages/airflow/example_dags/example_branch_datetime_operator.py took 0.051 seconds
[2024-04-02 19:51:55,802] {processor.py:153} INFO - Started process (PID=12364) to work on /Users/miltonvolpato/Git/Alura_Airflow_Oficial/venv/lib/python3.9/site-packages/airflow/example_dags/example_branch_datetime_operator.py
[2024-04-02 19:51:55,803] {processor.py:641} INFO - Processing file /Users/miltonvolpato/Git/Alura_Airflow_Oficial/venv/lib/python3.9/site-packages/airflow/example_dags/example_branch_datetime_operator.py for tasks to queue
[2024-04-02 19:51:55,803] {logging_mixin.py:115} INFO - [2024-04-02 19:51:55,803] {dagbag.py:507} INFO - Filling up the DagBag from /Users/miltonvolpato/Git/Alura_Airflow_Oficial/venv/lib/python3.9/site-packages/airflow/example_dags/example_branch_datetime_operator.py
[2024-04-02 19:51:55,810] {processor.py:651} INFO - DAG(s) dict_keys(['example_branch_datetime_operator_2']) retrieved from /Users/miltonvolpato/Git/Alura_Airflow_Oficial/venv/lib/python3.9/site-packages/airflow/example_dags/example_branch_datetime_operator.py
[2024-04-02 19:51:55,840] {logging_mixin.py:115} INFO - [2024-04-02 19:51:55,840] {dag.py:2379} INFO - Sync 1 DAGs
[2024-04-02 19:51:55,848] {logging_mixin.py:115} INFO - [2024-04-02 19:51:55,848] {dag.py:2927} INFO - Setting next_dagrun for example_branch_datetime_operator_2 to 2024-04-01T00:00:00+00:00, run_after=2024-04-02T00:00:00+00:00
[2024-04-02 19:51:55,852] {processor.py:161} INFO - Processing /Users/miltonvolpato/Git/Alura_Airflow_Oficial/venv/lib/python3.9/site-packages/airflow/example_dags/example_branch_datetime_operator.py took 0.050 seconds
[2024-04-02 19:52:49,043] {processor.py:153} INFO - Started process (PID=12409) to work on /Users/miltonvolpato/Git/Alura_Airflow_Oficial/venv/lib/python3.9/site-packages/airflow/example_dags/example_branch_datetime_operator.py
[2024-04-02 19:52:49,044] {processor.py:641} INFO - Processing file /Users/miltonvolpato/Git/Alura_Airflow_Oficial/venv/lib/python3.9/site-packages/airflow/example_dags/example_branch_datetime_operator.py for tasks to queue
[2024-04-02 19:52:49,044] {logging_mixin.py:115} INFO - [2024-04-02 19:52:49,044] {dagbag.py:507} INFO - Filling up the DagBag from /Users/miltonvolpato/Git/Alura_Airflow_Oficial/venv/lib/python3.9/site-packages/airflow/example_dags/example_branch_datetime_operator.py
[2024-04-02 19:52:49,051] {processor.py:651} INFO - DAG(s) dict_keys(['example_branch_datetime_operator_2']) retrieved from /Users/miltonvolpato/Git/Alura_Airflow_Oficial/venv/lib/python3.9/site-packages/airflow/example_dags/example_branch_datetime_operator.py
[2024-04-02 19:52:49,082] {logging_mixin.py:115} INFO - [2024-04-02 19:52:49,082] {dag.py:2379} INFO - Sync 1 DAGs
[2024-04-02 19:52:49,090] {logging_mixin.py:115} INFO - [2024-04-02 19:52:49,090] {dag.py:2927} INFO - Setting next_dagrun for example_branch_datetime_operator_2 to 2024-04-01T00:00:00+00:00, run_after=2024-04-02T00:00:00+00:00
[2024-04-02 19:52:49,096] {processor.py:161} INFO - Processing /Users/miltonvolpato/Git/Alura_Airflow_Oficial/venv/lib/python3.9/site-packages/airflow/example_dags/example_branch_datetime_operator.py took 0.053 seconds
[2024-04-02 19:53:46,832] {processor.py:153} INFO - Started process (PID=12505) to work on /Users/miltonvolpato/Git/Alura_Airflow_Oficial/venv/lib/python3.9/site-packages/airflow/example_dags/example_branch_datetime_operator.py
[2024-04-02 19:53:46,833] {processor.py:641} INFO - Processing file /Users/miltonvolpato/Git/Alura_Airflow_Oficial/venv/lib/python3.9/site-packages/airflow/example_dags/example_branch_datetime_operator.py for tasks to queue
[2024-04-02 19:53:46,833] {logging_mixin.py:115} INFO - [2024-04-02 19:53:46,833] {dagbag.py:507} INFO - Filling up the DagBag from /Users/miltonvolpato/Git/Alura_Airflow_Oficial/venv/lib/python3.9/site-packages/airflow/example_dags/example_branch_datetime_operator.py
[2024-04-02 19:53:46,840] {processor.py:651} INFO - DAG(s) dict_keys(['example_branch_datetime_operator_2']) retrieved from /Users/miltonvolpato/Git/Alura_Airflow_Oficial/venv/lib/python3.9/site-packages/airflow/example_dags/example_branch_datetime_operator.py
[2024-04-02 19:53:46,869] {logging_mixin.py:115} INFO - [2024-04-02 19:53:46,869] {dag.py:2379} INFO - Sync 1 DAGs
[2024-04-02 19:53:46,878] {logging_mixin.py:115} INFO - [2024-04-02 19:53:46,878] {dag.py:2927} INFO - Setting next_dagrun for example_branch_datetime_operator_2 to 2024-04-01T00:00:00+00:00, run_after=2024-04-02T00:00:00+00:00
[2024-04-02 19:53:46,886] {processor.py:161} INFO - Processing /Users/miltonvolpato/Git/Alura_Airflow_Oficial/venv/lib/python3.9/site-packages/airflow/example_dags/example_branch_datetime_operator.py took 0.054 seconds
[2024-04-02 19:54:41,737] {processor.py:153} INFO - Started process (PID=12607) to work on /Users/miltonvolpato/Git/Alura_Airflow_Oficial/venv/lib/python3.9/site-packages/airflow/example_dags/example_branch_datetime_operator.py
[2024-04-02 19:54:41,738] {processor.py:641} INFO - Processing file /Users/miltonvolpato/Git/Alura_Airflow_Oficial/venv/lib/python3.9/site-packages/airflow/example_dags/example_branch_datetime_operator.py for tasks to queue
[2024-04-02 19:54:41,738] {logging_mixin.py:115} INFO - [2024-04-02 19:54:41,738] {dagbag.py:507} INFO - Filling up the DagBag from /Users/miltonvolpato/Git/Alura_Airflow_Oficial/venv/lib/python3.9/site-packages/airflow/example_dags/example_branch_datetime_operator.py
[2024-04-02 19:54:41,745] {processor.py:651} INFO - DAG(s) dict_keys(['example_branch_datetime_operator_2']) retrieved from /Users/miltonvolpato/Git/Alura_Airflow_Oficial/venv/lib/python3.9/site-packages/airflow/example_dags/example_branch_datetime_operator.py
[2024-04-02 19:54:41,774] {logging_mixin.py:115} INFO - [2024-04-02 19:54:41,774] {dag.py:2379} INFO - Sync 1 DAGs
[2024-04-02 19:54:41,782] {logging_mixin.py:115} INFO - [2024-04-02 19:54:41,782] {dag.py:2927} INFO - Setting next_dagrun for example_branch_datetime_operator_2 to 2024-04-01T00:00:00+00:00, run_after=2024-04-02T00:00:00+00:00
[2024-04-02 19:54:41,787] {processor.py:161} INFO - Processing /Users/miltonvolpato/Git/Alura_Airflow_Oficial/venv/lib/python3.9/site-packages/airflow/example_dags/example_branch_datetime_operator.py took 0.050 seconds
