[2024-04-02 19:36:57,565] {processor.py:153} INFO - Started process (PID=11337) to work on /Users/miltonvolpato/Git/Alura_Airflow_Oficial/venv/lib/python3.9/site-packages/airflow/example_dags/example_branch_python_dop_operator_3.py
[2024-04-02 19:36:57,565] {processor.py:641} INFO - Processing file /Users/miltonvolpato/Git/Alura_Airflow_Oficial/venv/lib/python3.9/site-packages/airflow/example_dags/example_branch_python_dop_operator_3.py for tasks to queue
[2024-04-02 19:36:57,565] {logging_mixin.py:115} INFO - [2024-04-02 19:36:57,565] {dagbag.py:507} INFO - Filling up the DagBag from /Users/miltonvolpato/Git/Alura_Airflow_Oficial/venv/lib/python3.9/site-packages/airflow/example_dags/example_branch_python_dop_operator_3.py
[2024-04-02 19:36:57,578] {processor.py:651} INFO - DAG(s) dict_keys(['example_branch_dop_operator_v3']) retrieved from /Users/miltonvolpato/Git/Alura_Airflow_Oficial/venv/lib/python3.9/site-packages/airflow/example_dags/example_branch_python_dop_operator_3.py
[2024-04-02 19:36:57,904] {logging_mixin.py:115} INFO - [2024-04-02 19:36:57,904] {manager.py:508} INFO - Created Permission View: can read on DAG:example_branch_dop_operator_v3
[2024-04-02 19:36:57,907] {logging_mixin.py:115} INFO - [2024-04-02 19:36:57,907] {manager.py:508} INFO - Created Permission View: can delete on DAG:example_branch_dop_operator_v3
[2024-04-02 19:36:57,909] {logging_mixin.py:115} INFO - [2024-04-02 19:36:57,909] {manager.py:508} INFO - Created Permission View: can edit on DAG:example_branch_dop_operator_v3
[2024-04-02 19:36:57,909] {logging_mixin.py:115} INFO - [2024-04-02 19:36:57,909] {dag.py:2379} INFO - Sync 1 DAGs
[2024-04-02 19:36:57,912] {logging_mixin.py:115} INFO - [2024-04-02 19:36:57,912] {dag.py:2398} INFO - Creating ORM DAG for example_branch_dop_operator_v3
[2024-04-02 19:36:57,919] {logging_mixin.py:115} INFO - [2024-04-02 19:36:57,919] {dag.py:2927} INFO - Setting next_dagrun for example_branch_dop_operator_v3 to 2024-04-02T22:35:00+00:00, run_after=2024-04-02T22:36:00+00:00
[2024-04-02 19:36:57,924] {processor.py:161} INFO - Processing /Users/miltonvolpato/Git/Alura_Airflow_Oficial/venv/lib/python3.9/site-packages/airflow/example_dags/example_branch_python_dop_operator_3.py took 0.360 seconds
[2024-04-02 19:37:47,018] {processor.py:153} INFO - Started process (PID=11443) to work on /Users/miltonvolpato/Git/Alura_Airflow_Oficial/venv/lib/python3.9/site-packages/airflow/example_dags/example_branch_python_dop_operator_3.py
[2024-04-02 19:37:47,019] {processor.py:641} INFO - Processing file /Users/miltonvolpato/Git/Alura_Airflow_Oficial/venv/lib/python3.9/site-packages/airflow/example_dags/example_branch_python_dop_operator_3.py for tasks to queue
[2024-04-02 19:37:47,019] {logging_mixin.py:115} INFO - [2024-04-02 19:37:47,019] {dagbag.py:507} INFO - Filling up the DagBag from /Users/miltonvolpato/Git/Alura_Airflow_Oficial/venv/lib/python3.9/site-packages/airflow/example_dags/example_branch_python_dop_operator_3.py
[2024-04-02 19:37:47,031] {processor.py:651} INFO - DAG(s) dict_keys(['example_branch_dop_operator_v3']) retrieved from /Users/miltonvolpato/Git/Alura_Airflow_Oficial/venv/lib/python3.9/site-packages/airflow/example_dags/example_branch_python_dop_operator_3.py
[2024-04-02 19:37:47,060] {logging_mixin.py:115} INFO - [2024-04-02 19:37:47,060] {dag.py:2379} INFO - Sync 1 DAGs
[2024-04-02 19:37:47,068] {logging_mixin.py:115} INFO - [2024-04-02 19:37:47,068] {dag.py:2927} INFO - Setting next_dagrun for example_branch_dop_operator_v3 to 2024-04-02T22:36:00+00:00, run_after=2024-04-02T22:37:00+00:00
[2024-04-02 19:37:47,073] {processor.py:161} INFO - Processing /Users/miltonvolpato/Git/Alura_Airflow_Oficial/venv/lib/python3.9/site-packages/airflow/example_dags/example_branch_python_dop_operator_3.py took 0.056 seconds
[2024-04-02 19:38:39,467] {processor.py:153} INFO - Started process (PID=11517) to work on /Users/miltonvolpato/Git/Alura_Airflow_Oficial/venv/lib/python3.9/site-packages/airflow/example_dags/example_branch_python_dop_operator_3.py
[2024-04-02 19:38:39,467] {processor.py:641} INFO - Processing file /Users/miltonvolpato/Git/Alura_Airflow_Oficial/venv/lib/python3.9/site-packages/airflow/example_dags/example_branch_python_dop_operator_3.py for tasks to queue
[2024-04-02 19:38:39,468] {logging_mixin.py:115} INFO - [2024-04-02 19:38:39,468] {dagbag.py:507} INFO - Filling up the DagBag from /Users/miltonvolpato/Git/Alura_Airflow_Oficial/venv/lib/python3.9/site-packages/airflow/example_dags/example_branch_python_dop_operator_3.py
[2024-04-02 19:38:39,480] {processor.py:651} INFO - DAG(s) dict_keys(['example_branch_dop_operator_v3']) retrieved from /Users/miltonvolpato/Git/Alura_Airflow_Oficial/venv/lib/python3.9/site-packages/airflow/example_dags/example_branch_python_dop_operator_3.py
[2024-04-02 19:38:39,508] {logging_mixin.py:115} INFO - [2024-04-02 19:38:39,508] {dag.py:2379} INFO - Sync 1 DAGs
[2024-04-02 19:38:39,517] {logging_mixin.py:115} INFO - [2024-04-02 19:38:39,517] {dag.py:2927} INFO - Setting next_dagrun for example_branch_dop_operator_v3 to 2024-04-02T22:37:00+00:00, run_after=2024-04-02T22:38:00+00:00
[2024-04-02 19:38:39,522] {processor.py:161} INFO - Processing /Users/miltonvolpato/Git/Alura_Airflow_Oficial/venv/lib/python3.9/site-packages/airflow/example_dags/example_branch_python_dop_operator_3.py took 0.055 seconds
[2024-04-02 19:39:28,248] {processor.py:153} INFO - Started process (PID=11561) to work on /Users/miltonvolpato/Git/Alura_Airflow_Oficial/venv/lib/python3.9/site-packages/airflow/example_dags/example_branch_python_dop_operator_3.py
[2024-04-02 19:39:28,248] {processor.py:641} INFO - Processing file /Users/miltonvolpato/Git/Alura_Airflow_Oficial/venv/lib/python3.9/site-packages/airflow/example_dags/example_branch_python_dop_operator_3.py for tasks to queue
[2024-04-02 19:39:28,248] {logging_mixin.py:115} INFO - [2024-04-02 19:39:28,248] {dagbag.py:507} INFO - Filling up the DagBag from /Users/miltonvolpato/Git/Alura_Airflow_Oficial/venv/lib/python3.9/site-packages/airflow/example_dags/example_branch_python_dop_operator_3.py
[2024-04-02 19:39:28,261] {processor.py:651} INFO - DAG(s) dict_keys(['example_branch_dop_operator_v3']) retrieved from /Users/miltonvolpato/Git/Alura_Airflow_Oficial/venv/lib/python3.9/site-packages/airflow/example_dags/example_branch_python_dop_operator_3.py
[2024-04-02 19:39:28,289] {logging_mixin.py:115} INFO - [2024-04-02 19:39:28,289] {dag.py:2379} INFO - Sync 1 DAGs
[2024-04-02 19:39:28,298] {logging_mixin.py:115} INFO - [2024-04-02 19:39:28,298] {dag.py:2927} INFO - Setting next_dagrun for example_branch_dop_operator_v3 to 2024-04-02T22:38:00+00:00, run_after=2024-04-02T22:39:00+00:00
[2024-04-02 19:39:28,303] {processor.py:161} INFO - Processing /Users/miltonvolpato/Git/Alura_Airflow_Oficial/venv/lib/python3.9/site-packages/airflow/example_dags/example_branch_python_dop_operator_3.py took 0.055 seconds
[2024-04-02 19:40:15,727] {processor.py:153} INFO - Started process (PID=11602) to work on /Users/miltonvolpato/Git/Alura_Airflow_Oficial/venv/lib/python3.9/site-packages/airflow/example_dags/example_branch_python_dop_operator_3.py
[2024-04-02 19:40:15,728] {processor.py:641} INFO - Processing file /Users/miltonvolpato/Git/Alura_Airflow_Oficial/venv/lib/python3.9/site-packages/airflow/example_dags/example_branch_python_dop_operator_3.py for tasks to queue
[2024-04-02 19:40:15,728] {logging_mixin.py:115} INFO - [2024-04-02 19:40:15,728] {dagbag.py:507} INFO - Filling up the DagBag from /Users/miltonvolpato/Git/Alura_Airflow_Oficial/venv/lib/python3.9/site-packages/airflow/example_dags/example_branch_python_dop_operator_3.py
[2024-04-02 19:40:15,741] {processor.py:651} INFO - DAG(s) dict_keys(['example_branch_dop_operator_v3']) retrieved from /Users/miltonvolpato/Git/Alura_Airflow_Oficial/venv/lib/python3.9/site-packages/airflow/example_dags/example_branch_python_dop_operator_3.py
[2024-04-02 19:40:15,770] {logging_mixin.py:115} INFO - [2024-04-02 19:40:15,770] {dag.py:2379} INFO - Sync 1 DAGs
[2024-04-02 19:40:15,779] {logging_mixin.py:115} INFO - [2024-04-02 19:40:15,779] {dag.py:2927} INFO - Setting next_dagrun for example_branch_dop_operator_v3 to 2024-04-02T22:39:00+00:00, run_after=2024-04-02T22:40:00+00:00
[2024-04-02 19:40:15,784] {processor.py:161} INFO - Processing /Users/miltonvolpato/Git/Alura_Airflow_Oficial/venv/lib/python3.9/site-packages/airflow/example_dags/example_branch_python_dop_operator_3.py took 0.057 seconds
[2024-04-02 19:41:11,316] {processor.py:153} INFO - Started process (PID=11651) to work on /Users/miltonvolpato/Git/Alura_Airflow_Oficial/venv/lib/python3.9/site-packages/airflow/example_dags/example_branch_python_dop_operator_3.py
[2024-04-02 19:41:11,316] {processor.py:641} INFO - Processing file /Users/miltonvolpato/Git/Alura_Airflow_Oficial/venv/lib/python3.9/site-packages/airflow/example_dags/example_branch_python_dop_operator_3.py for tasks to queue
[2024-04-02 19:41:11,316] {logging_mixin.py:115} INFO - [2024-04-02 19:41:11,316] {dagbag.py:507} INFO - Filling up the DagBag from /Users/miltonvolpato/Git/Alura_Airflow_Oficial/venv/lib/python3.9/site-packages/airflow/example_dags/example_branch_python_dop_operator_3.py
[2024-04-02 19:41:11,328] {processor.py:651} INFO - DAG(s) dict_keys(['example_branch_dop_operator_v3']) retrieved from /Users/miltonvolpato/Git/Alura_Airflow_Oficial/venv/lib/python3.9/site-packages/airflow/example_dags/example_branch_python_dop_operator_3.py
[2024-04-02 19:41:11,356] {logging_mixin.py:115} INFO - [2024-04-02 19:41:11,356] {dag.py:2379} INFO - Sync 1 DAGs
[2024-04-02 19:41:11,365] {logging_mixin.py:115} INFO - [2024-04-02 19:41:11,365] {dag.py:2927} INFO - Setting next_dagrun for example_branch_dop_operator_v3 to 2024-04-02T22:40:00+00:00, run_after=2024-04-02T22:41:00+00:00
[2024-04-02 19:41:11,370] {processor.py:161} INFO - Processing /Users/miltonvolpato/Git/Alura_Airflow_Oficial/venv/lib/python3.9/site-packages/airflow/example_dags/example_branch_python_dop_operator_3.py took 0.055 seconds
[2024-04-02 19:42:04,574] {processor.py:153} INFO - Started process (PID=11704) to work on /Users/miltonvolpato/Git/Alura_Airflow_Oficial/venv/lib/python3.9/site-packages/airflow/example_dags/example_branch_python_dop_operator_3.py
[2024-04-02 19:42:04,574] {processor.py:641} INFO - Processing file /Users/miltonvolpato/Git/Alura_Airflow_Oficial/venv/lib/python3.9/site-packages/airflow/example_dags/example_branch_python_dop_operator_3.py for tasks to queue
[2024-04-02 19:42:04,574] {logging_mixin.py:115} INFO - [2024-04-02 19:42:04,574] {dagbag.py:507} INFO - Filling up the DagBag from /Users/miltonvolpato/Git/Alura_Airflow_Oficial/venv/lib/python3.9/site-packages/airflow/example_dags/example_branch_python_dop_operator_3.py
[2024-04-02 19:42:04,587] {processor.py:651} INFO - DAG(s) dict_keys(['example_branch_dop_operator_v3']) retrieved from /Users/miltonvolpato/Git/Alura_Airflow_Oficial/venv/lib/python3.9/site-packages/airflow/example_dags/example_branch_python_dop_operator_3.py
[2024-04-02 19:42:04,617] {logging_mixin.py:115} INFO - [2024-04-02 19:42:04,617] {dag.py:2379} INFO - Sync 1 DAGs
[2024-04-02 19:42:04,626] {logging_mixin.py:115} INFO - [2024-04-02 19:42:04,626] {dag.py:2927} INFO - Setting next_dagrun for example_branch_dop_operator_v3 to 2024-04-02T22:41:00+00:00, run_after=2024-04-02T22:42:00+00:00
[2024-04-02 19:42:04,632] {processor.py:161} INFO - Processing /Users/miltonvolpato/Git/Alura_Airflow_Oficial/venv/lib/python3.9/site-packages/airflow/example_dags/example_branch_python_dop_operator_3.py took 0.059 seconds
[2024-04-02 19:42:55,717] {processor.py:153} INFO - Started process (PID=11752) to work on /Users/miltonvolpato/Git/Alura_Airflow_Oficial/venv/lib/python3.9/site-packages/airflow/example_dags/example_branch_python_dop_operator_3.py
[2024-04-02 19:42:55,717] {processor.py:641} INFO - Processing file /Users/miltonvolpato/Git/Alura_Airflow_Oficial/venv/lib/python3.9/site-packages/airflow/example_dags/example_branch_python_dop_operator_3.py for tasks to queue
[2024-04-02 19:42:55,717] {logging_mixin.py:115} INFO - [2024-04-02 19:42:55,717] {dagbag.py:507} INFO - Filling up the DagBag from /Users/miltonvolpato/Git/Alura_Airflow_Oficial/venv/lib/python3.9/site-packages/airflow/example_dags/example_branch_python_dop_operator_3.py
[2024-04-02 19:42:55,730] {processor.py:651} INFO - DAG(s) dict_keys(['example_branch_dop_operator_v3']) retrieved from /Users/miltonvolpato/Git/Alura_Airflow_Oficial/venv/lib/python3.9/site-packages/airflow/example_dags/example_branch_python_dop_operator_3.py
[2024-04-02 19:42:55,758] {logging_mixin.py:115} INFO - [2024-04-02 19:42:55,758] {dag.py:2379} INFO - Sync 1 DAGs
[2024-04-02 19:42:55,767] {logging_mixin.py:115} INFO - [2024-04-02 19:42:55,767] {dag.py:2927} INFO - Setting next_dagrun for example_branch_dop_operator_v3 to 2024-04-02T22:41:00+00:00, run_after=2024-04-02T22:42:00+00:00
[2024-04-02 19:42:55,772] {processor.py:161} INFO - Processing /Users/miltonvolpato/Git/Alura_Airflow_Oficial/venv/lib/python3.9/site-packages/airflow/example_dags/example_branch_python_dop_operator_3.py took 0.055 seconds
[2024-04-02 19:43:46,743] {processor.py:153} INFO - Started process (PID=11803) to work on /Users/miltonvolpato/Git/Alura_Airflow_Oficial/venv/lib/python3.9/site-packages/airflow/example_dags/example_branch_python_dop_operator_3.py
[2024-04-02 19:43:46,743] {processor.py:641} INFO - Processing file /Users/miltonvolpato/Git/Alura_Airflow_Oficial/venv/lib/python3.9/site-packages/airflow/example_dags/example_branch_python_dop_operator_3.py for tasks to queue
[2024-04-02 19:43:46,743] {logging_mixin.py:115} INFO - [2024-04-02 19:43:46,743] {dagbag.py:507} INFO - Filling up the DagBag from /Users/miltonvolpato/Git/Alura_Airflow_Oficial/venv/lib/python3.9/site-packages/airflow/example_dags/example_branch_python_dop_operator_3.py
[2024-04-02 19:43:46,756] {processor.py:651} INFO - DAG(s) dict_keys(['example_branch_dop_operator_v3']) retrieved from /Users/miltonvolpato/Git/Alura_Airflow_Oficial/venv/lib/python3.9/site-packages/airflow/example_dags/example_branch_python_dop_operator_3.py
[2024-04-02 19:43:46,785] {logging_mixin.py:115} INFO - [2024-04-02 19:43:46,785] {dag.py:2379} INFO - Sync 1 DAGs
[2024-04-02 19:43:46,794] {logging_mixin.py:115} INFO - [2024-04-02 19:43:46,794] {dag.py:2927} INFO - Setting next_dagrun for example_branch_dop_operator_v3 to 2024-04-02T22:42:00+00:00, run_after=2024-04-02T22:43:00+00:00
[2024-04-02 19:43:46,799] {processor.py:161} INFO - Processing /Users/miltonvolpato/Git/Alura_Airflow_Oficial/venv/lib/python3.9/site-packages/airflow/example_dags/example_branch_python_dop_operator_3.py took 0.057 seconds
[2024-04-02 19:44:44,858] {processor.py:153} INFO - Started process (PID=11883) to work on /Users/miltonvolpato/Git/Alura_Airflow_Oficial/venv/lib/python3.9/site-packages/airflow/example_dags/example_branch_python_dop_operator_3.py
[2024-04-02 19:44:44,859] {processor.py:641} INFO - Processing file /Users/miltonvolpato/Git/Alura_Airflow_Oficial/venv/lib/python3.9/site-packages/airflow/example_dags/example_branch_python_dop_operator_3.py for tasks to queue
[2024-04-02 19:44:44,859] {logging_mixin.py:115} INFO - [2024-04-02 19:44:44,859] {dagbag.py:507} INFO - Filling up the DagBag from /Users/miltonvolpato/Git/Alura_Airflow_Oficial/venv/lib/python3.9/site-packages/airflow/example_dags/example_branch_python_dop_operator_3.py
[2024-04-02 19:44:44,873] {processor.py:651} INFO - DAG(s) dict_keys(['example_branch_dop_operator_v3']) retrieved from /Users/miltonvolpato/Git/Alura_Airflow_Oficial/venv/lib/python3.9/site-packages/airflow/example_dags/example_branch_python_dop_operator_3.py
[2024-04-02 19:44:44,902] {logging_mixin.py:115} INFO - [2024-04-02 19:44:44,902] {dag.py:2379} INFO - Sync 1 DAGs
[2024-04-02 19:44:44,911] {logging_mixin.py:115} INFO - [2024-04-02 19:44:44,911] {dag.py:2927} INFO - Setting next_dagrun for example_branch_dop_operator_v3 to 2024-04-02T22:43:00+00:00, run_after=2024-04-02T22:44:00+00:00
[2024-04-02 19:44:44,916] {processor.py:161} INFO - Processing /Users/miltonvolpato/Git/Alura_Airflow_Oficial/venv/lib/python3.9/site-packages/airflow/example_dags/example_branch_python_dop_operator_3.py took 0.058 seconds
[2024-04-02 19:45:36,370] {processor.py:153} INFO - Started process (PID=11927) to work on /Users/miltonvolpato/Git/Alura_Airflow_Oficial/venv/lib/python3.9/site-packages/airflow/example_dags/example_branch_python_dop_operator_3.py
[2024-04-02 19:45:36,370] {processor.py:641} INFO - Processing file /Users/miltonvolpato/Git/Alura_Airflow_Oficial/venv/lib/python3.9/site-packages/airflow/example_dags/example_branch_python_dop_operator_3.py for tasks to queue
[2024-04-02 19:45:36,370] {logging_mixin.py:115} INFO - [2024-04-02 19:45:36,370] {dagbag.py:507} INFO - Filling up the DagBag from /Users/miltonvolpato/Git/Alura_Airflow_Oficial/venv/lib/python3.9/site-packages/airflow/example_dags/example_branch_python_dop_operator_3.py
[2024-04-02 19:45:36,383] {processor.py:651} INFO - DAG(s) dict_keys(['example_branch_dop_operator_v3']) retrieved from /Users/miltonvolpato/Git/Alura_Airflow_Oficial/venv/lib/python3.9/site-packages/airflow/example_dags/example_branch_python_dop_operator_3.py
[2024-04-02 19:45:36,412] {logging_mixin.py:115} INFO - [2024-04-02 19:45:36,412] {dag.py:2379} INFO - Sync 1 DAGs
[2024-04-02 19:45:36,421] {logging_mixin.py:115} INFO - [2024-04-02 19:45:36,421] {dag.py:2927} INFO - Setting next_dagrun for example_branch_dop_operator_v3 to 2024-04-02T22:44:00+00:00, run_after=2024-04-02T22:45:00+00:00
[2024-04-02 19:45:36,426] {processor.py:161} INFO - Processing /Users/miltonvolpato/Git/Alura_Airflow_Oficial/venv/lib/python3.9/site-packages/airflow/example_dags/example_branch_python_dop_operator_3.py took 0.056 seconds
[2024-04-02 19:46:26,365] {processor.py:153} INFO - Started process (PID=11989) to work on /Users/miltonvolpato/Git/Alura_Airflow_Oficial/venv/lib/python3.9/site-packages/airflow/example_dags/example_branch_python_dop_operator_3.py
[2024-04-02 19:46:26,366] {processor.py:641} INFO - Processing file /Users/miltonvolpato/Git/Alura_Airflow_Oficial/venv/lib/python3.9/site-packages/airflow/example_dags/example_branch_python_dop_operator_3.py for tasks to queue
[2024-04-02 19:46:26,366] {logging_mixin.py:115} INFO - [2024-04-02 19:46:26,366] {dagbag.py:507} INFO - Filling up the DagBag from /Users/miltonvolpato/Git/Alura_Airflow_Oficial/venv/lib/python3.9/site-packages/airflow/example_dags/example_branch_python_dop_operator_3.py
[2024-04-02 19:46:26,378] {processor.py:651} INFO - DAG(s) dict_keys(['example_branch_dop_operator_v3']) retrieved from /Users/miltonvolpato/Git/Alura_Airflow_Oficial/venv/lib/python3.9/site-packages/airflow/example_dags/example_branch_python_dop_operator_3.py
[2024-04-02 19:46:26,408] {logging_mixin.py:115} INFO - [2024-04-02 19:46:26,408] {dag.py:2379} INFO - Sync 1 DAGs
[2024-04-02 19:46:26,417] {logging_mixin.py:115} INFO - [2024-04-02 19:46:26,417] {dag.py:2927} INFO - Setting next_dagrun for example_branch_dop_operator_v3 to 2024-04-02T22:45:00+00:00, run_after=2024-04-02T22:46:00+00:00
[2024-04-02 19:46:26,422] {processor.py:161} INFO - Processing /Users/miltonvolpato/Git/Alura_Airflow_Oficial/venv/lib/python3.9/site-packages/airflow/example_dags/example_branch_python_dop_operator_3.py took 0.057 seconds
[2024-04-02 19:47:21,979] {processor.py:153} INFO - Started process (PID=12071) to work on /Users/miltonvolpato/Git/Alura_Airflow_Oficial/venv/lib/python3.9/site-packages/airflow/example_dags/example_branch_python_dop_operator_3.py
[2024-04-02 19:47:21,979] {processor.py:641} INFO - Processing file /Users/miltonvolpato/Git/Alura_Airflow_Oficial/venv/lib/python3.9/site-packages/airflow/example_dags/example_branch_python_dop_operator_3.py for tasks to queue
[2024-04-02 19:47:21,979] {logging_mixin.py:115} INFO - [2024-04-02 19:47:21,979] {dagbag.py:507} INFO - Filling up the DagBag from /Users/miltonvolpato/Git/Alura_Airflow_Oficial/venv/lib/python3.9/site-packages/airflow/example_dags/example_branch_python_dop_operator_3.py
[2024-04-02 19:47:21,992] {processor.py:651} INFO - DAG(s) dict_keys(['example_branch_dop_operator_v3']) retrieved from /Users/miltonvolpato/Git/Alura_Airflow_Oficial/venv/lib/python3.9/site-packages/airflow/example_dags/example_branch_python_dop_operator_3.py
[2024-04-02 19:47:22,021] {logging_mixin.py:115} INFO - [2024-04-02 19:47:22,021] {dag.py:2379} INFO - Sync 1 DAGs
[2024-04-02 19:47:22,030] {logging_mixin.py:115} INFO - [2024-04-02 19:47:22,030] {dag.py:2927} INFO - Setting next_dagrun for example_branch_dop_operator_v3 to 2024-04-02T22:46:00+00:00, run_after=2024-04-02T22:47:00+00:00
[2024-04-02 19:47:22,035] {processor.py:161} INFO - Processing /Users/miltonvolpato/Git/Alura_Airflow_Oficial/venv/lib/python3.9/site-packages/airflow/example_dags/example_branch_python_dop_operator_3.py took 0.057 seconds
[2024-04-02 19:48:08,768] {processor.py:153} INFO - Started process (PID=12131) to work on /Users/miltonvolpato/Git/Alura_Airflow_Oficial/venv/lib/python3.9/site-packages/airflow/example_dags/example_branch_python_dop_operator_3.py
[2024-04-02 19:48:08,768] {processor.py:641} INFO - Processing file /Users/miltonvolpato/Git/Alura_Airflow_Oficial/venv/lib/python3.9/site-packages/airflow/example_dags/example_branch_python_dop_operator_3.py for tasks to queue
[2024-04-02 19:48:08,768] {logging_mixin.py:115} INFO - [2024-04-02 19:48:08,768] {dagbag.py:507} INFO - Filling up the DagBag from /Users/miltonvolpato/Git/Alura_Airflow_Oficial/venv/lib/python3.9/site-packages/airflow/example_dags/example_branch_python_dop_operator_3.py
[2024-04-02 19:48:08,781] {processor.py:651} INFO - DAG(s) dict_keys(['example_branch_dop_operator_v3']) retrieved from /Users/miltonvolpato/Git/Alura_Airflow_Oficial/venv/lib/python3.9/site-packages/airflow/example_dags/example_branch_python_dop_operator_3.py
[2024-04-02 19:48:08,809] {logging_mixin.py:115} INFO - [2024-04-02 19:48:08,809] {dag.py:2379} INFO - Sync 1 DAGs
[2024-04-02 19:48:08,818] {logging_mixin.py:115} INFO - [2024-04-02 19:48:08,818] {dag.py:2927} INFO - Setting next_dagrun for example_branch_dop_operator_v3 to 2024-04-02T22:47:00+00:00, run_after=2024-04-02T22:48:00+00:00
[2024-04-02 19:48:08,824] {processor.py:161} INFO - Processing /Users/miltonvolpato/Git/Alura_Airflow_Oficial/venv/lib/python3.9/site-packages/airflow/example_dags/example_branch_python_dop_operator_3.py took 0.056 seconds
[2024-04-02 19:48:57,480] {processor.py:153} INFO - Started process (PID=12184) to work on /Users/miltonvolpato/Git/Alura_Airflow_Oficial/venv/lib/python3.9/site-packages/airflow/example_dags/example_branch_python_dop_operator_3.py
[2024-04-02 19:48:57,480] {processor.py:641} INFO - Processing file /Users/miltonvolpato/Git/Alura_Airflow_Oficial/venv/lib/python3.9/site-packages/airflow/example_dags/example_branch_python_dop_operator_3.py for tasks to queue
[2024-04-02 19:48:57,480] {logging_mixin.py:115} INFO - [2024-04-02 19:48:57,480] {dagbag.py:507} INFO - Filling up the DagBag from /Users/miltonvolpato/Git/Alura_Airflow_Oficial/venv/lib/python3.9/site-packages/airflow/example_dags/example_branch_python_dop_operator_3.py
[2024-04-02 19:48:57,492] {processor.py:651} INFO - DAG(s) dict_keys(['example_branch_dop_operator_v3']) retrieved from /Users/miltonvolpato/Git/Alura_Airflow_Oficial/venv/lib/python3.9/site-packages/airflow/example_dags/example_branch_python_dop_operator_3.py
[2024-04-02 19:48:57,521] {logging_mixin.py:115} INFO - [2024-04-02 19:48:57,521] {dag.py:2379} INFO - Sync 1 DAGs
[2024-04-02 19:48:57,530] {logging_mixin.py:115} INFO - [2024-04-02 19:48:57,530] {dag.py:2927} INFO - Setting next_dagrun for example_branch_dop_operator_v3 to 2024-04-02T22:47:00+00:00, run_after=2024-04-02T22:48:00+00:00
[2024-04-02 19:48:57,535] {processor.py:161} INFO - Processing /Users/miltonvolpato/Git/Alura_Airflow_Oficial/venv/lib/python3.9/site-packages/airflow/example_dags/example_branch_python_dop_operator_3.py took 0.056 seconds
[2024-04-02 19:49:49,822] {processor.py:153} INFO - Started process (PID=12243) to work on /Users/miltonvolpato/Git/Alura_Airflow_Oficial/venv/lib/python3.9/site-packages/airflow/example_dags/example_branch_python_dop_operator_3.py
[2024-04-02 19:49:49,823] {processor.py:641} INFO - Processing file /Users/miltonvolpato/Git/Alura_Airflow_Oficial/venv/lib/python3.9/site-packages/airflow/example_dags/example_branch_python_dop_operator_3.py for tasks to queue
[2024-04-02 19:49:49,823] {logging_mixin.py:115} INFO - [2024-04-02 19:49:49,823] {dagbag.py:507} INFO - Filling up the DagBag from /Users/miltonvolpato/Git/Alura_Airflow_Oficial/venv/lib/python3.9/site-packages/airflow/example_dags/example_branch_python_dop_operator_3.py
[2024-04-02 19:49:49,836] {processor.py:651} INFO - DAG(s) dict_keys(['example_branch_dop_operator_v3']) retrieved from /Users/miltonvolpato/Git/Alura_Airflow_Oficial/venv/lib/python3.9/site-packages/airflow/example_dags/example_branch_python_dop_operator_3.py
[2024-04-02 19:49:49,872] {logging_mixin.py:115} INFO - [2024-04-02 19:49:49,872] {dag.py:2379} INFO - Sync 1 DAGs
[2024-04-02 19:49:49,882] {logging_mixin.py:115} INFO - [2024-04-02 19:49:49,882] {dag.py:2927} INFO - Setting next_dagrun for example_branch_dop_operator_v3 to 2024-04-02T22:48:00+00:00, run_after=2024-04-02T22:49:00+00:00
[2024-04-02 19:49:49,888] {processor.py:161} INFO - Processing /Users/miltonvolpato/Git/Alura_Airflow_Oficial/venv/lib/python3.9/site-packages/airflow/example_dags/example_branch_python_dop_operator_3.py took 0.066 seconds
[2024-04-02 19:50:42,957] {processor.py:153} INFO - Started process (PID=12289) to work on /Users/miltonvolpato/Git/Alura_Airflow_Oficial/venv/lib/python3.9/site-packages/airflow/example_dags/example_branch_python_dop_operator_3.py
[2024-04-02 19:50:42,958] {processor.py:641} INFO - Processing file /Users/miltonvolpato/Git/Alura_Airflow_Oficial/venv/lib/python3.9/site-packages/airflow/example_dags/example_branch_python_dop_operator_3.py for tasks to queue
[2024-04-02 19:50:42,958] {logging_mixin.py:115} INFO - [2024-04-02 19:50:42,958] {dagbag.py:507} INFO - Filling up the DagBag from /Users/miltonvolpato/Git/Alura_Airflow_Oficial/venv/lib/python3.9/site-packages/airflow/example_dags/example_branch_python_dop_operator_3.py
[2024-04-02 19:50:42,971] {processor.py:651} INFO - DAG(s) dict_keys(['example_branch_dop_operator_v3']) retrieved from /Users/miltonvolpato/Git/Alura_Airflow_Oficial/venv/lib/python3.9/site-packages/airflow/example_dags/example_branch_python_dop_operator_3.py
[2024-04-02 19:50:43,000] {logging_mixin.py:115} INFO - [2024-04-02 19:50:43,000] {dag.py:2379} INFO - Sync 1 DAGs
[2024-04-02 19:50:43,009] {logging_mixin.py:115} INFO - [2024-04-02 19:50:43,009] {dag.py:2927} INFO - Setting next_dagrun for example_branch_dop_operator_v3 to 2024-04-02T22:49:00+00:00, run_after=2024-04-02T22:50:00+00:00
[2024-04-02 19:50:43,014] {processor.py:161} INFO - Processing /Users/miltonvolpato/Git/Alura_Airflow_Oficial/venv/lib/python3.9/site-packages/airflow/example_dags/example_branch_python_dop_operator_3.py took 0.057 seconds
[2024-04-02 19:51:36,140] {processor.py:153} INFO - Started process (PID=12335) to work on /Users/miltonvolpato/Git/Alura_Airflow_Oficial/venv/lib/python3.9/site-packages/airflow/example_dags/example_branch_python_dop_operator_3.py
[2024-04-02 19:51:36,140] {processor.py:641} INFO - Processing file /Users/miltonvolpato/Git/Alura_Airflow_Oficial/venv/lib/python3.9/site-packages/airflow/example_dags/example_branch_python_dop_operator_3.py for tasks to queue
[2024-04-02 19:51:36,140] {logging_mixin.py:115} INFO - [2024-04-02 19:51:36,140] {dagbag.py:507} INFO - Filling up the DagBag from /Users/miltonvolpato/Git/Alura_Airflow_Oficial/venv/lib/python3.9/site-packages/airflow/example_dags/example_branch_python_dop_operator_3.py
[2024-04-02 19:51:36,154] {processor.py:651} INFO - DAG(s) dict_keys(['example_branch_dop_operator_v3']) retrieved from /Users/miltonvolpato/Git/Alura_Airflow_Oficial/venv/lib/python3.9/site-packages/airflow/example_dags/example_branch_python_dop_operator_3.py
[2024-04-02 19:51:36,186] {logging_mixin.py:115} INFO - [2024-04-02 19:51:36,186] {dag.py:2379} INFO - Sync 1 DAGs
[2024-04-02 19:51:36,195] {logging_mixin.py:115} INFO - [2024-04-02 19:51:36,195] {dag.py:2927} INFO - Setting next_dagrun for example_branch_dop_operator_v3 to 2024-04-02T22:50:00+00:00, run_after=2024-04-02T22:51:00+00:00
[2024-04-02 19:51:36,201] {processor.py:161} INFO - Processing /Users/miltonvolpato/Git/Alura_Airflow_Oficial/venv/lib/python3.9/site-packages/airflow/example_dags/example_branch_python_dop_operator_3.py took 0.062 seconds
[2024-04-02 19:52:29,624] {processor.py:153} INFO - Started process (PID=12396) to work on /Users/miltonvolpato/Git/Alura_Airflow_Oficial/venv/lib/python3.9/site-packages/airflow/example_dags/example_branch_python_dop_operator_3.py
[2024-04-02 19:52:29,624] {processor.py:641} INFO - Processing file /Users/miltonvolpato/Git/Alura_Airflow_Oficial/venv/lib/python3.9/site-packages/airflow/example_dags/example_branch_python_dop_operator_3.py for tasks to queue
[2024-04-02 19:52:29,624] {logging_mixin.py:115} INFO - [2024-04-02 19:52:29,624] {dagbag.py:507} INFO - Filling up the DagBag from /Users/miltonvolpato/Git/Alura_Airflow_Oficial/venv/lib/python3.9/site-packages/airflow/example_dags/example_branch_python_dop_operator_3.py
[2024-04-02 19:52:29,638] {processor.py:651} INFO - DAG(s) dict_keys(['example_branch_dop_operator_v3']) retrieved from /Users/miltonvolpato/Git/Alura_Airflow_Oficial/venv/lib/python3.9/site-packages/airflow/example_dags/example_branch_python_dop_operator_3.py
[2024-04-02 19:52:29,670] {logging_mixin.py:115} INFO - [2024-04-02 19:52:29,670] {dag.py:2379} INFO - Sync 1 DAGs
[2024-04-02 19:52:29,680] {logging_mixin.py:115} INFO - [2024-04-02 19:52:29,680] {dag.py:2927} INFO - Setting next_dagrun for example_branch_dop_operator_v3 to 2024-04-02T22:51:00+00:00, run_after=2024-04-02T22:52:00+00:00
[2024-04-02 19:52:29,686] {processor.py:161} INFO - Processing /Users/miltonvolpato/Git/Alura_Airflow_Oficial/venv/lib/python3.9/site-packages/airflow/example_dags/example_branch_python_dop_operator_3.py took 0.062 seconds
[2024-04-02 19:53:28,121] {processor.py:153} INFO - Started process (PID=12456) to work on /Users/miltonvolpato/Git/Alura_Airflow_Oficial/venv/lib/python3.9/site-packages/airflow/example_dags/example_branch_python_dop_operator_3.py
[2024-04-02 19:53:28,121] {processor.py:641} INFO - Processing file /Users/miltonvolpato/Git/Alura_Airflow_Oficial/venv/lib/python3.9/site-packages/airflow/example_dags/example_branch_python_dop_operator_3.py for tasks to queue
[2024-04-02 19:53:28,121] {logging_mixin.py:115} INFO - [2024-04-02 19:53:28,121] {dagbag.py:507} INFO - Filling up the DagBag from /Users/miltonvolpato/Git/Alura_Airflow_Oficial/venv/lib/python3.9/site-packages/airflow/example_dags/example_branch_python_dop_operator_3.py
[2024-04-02 19:53:28,134] {processor.py:651} INFO - DAG(s) dict_keys(['example_branch_dop_operator_v3']) retrieved from /Users/miltonvolpato/Git/Alura_Airflow_Oficial/venv/lib/python3.9/site-packages/airflow/example_dags/example_branch_python_dop_operator_3.py
[2024-04-02 19:53:28,165] {logging_mixin.py:115} INFO - [2024-04-02 19:53:28,165] {dag.py:2379} INFO - Sync 1 DAGs
[2024-04-02 19:53:28,175] {logging_mixin.py:115} INFO - [2024-04-02 19:53:28,175] {dag.py:2927} INFO - Setting next_dagrun for example_branch_dop_operator_v3 to 2024-04-02T22:52:00+00:00, run_after=2024-04-02T22:53:00+00:00
[2024-04-02 19:53:28,180] {processor.py:161} INFO - Processing /Users/miltonvolpato/Git/Alura_Airflow_Oficial/venv/lib/python3.9/site-packages/airflow/example_dags/example_branch_python_dop_operator_3.py took 0.060 seconds
[2024-04-02 19:54:23,657] {processor.py:153} INFO - Started process (PID=12554) to work on /Users/miltonvolpato/Git/Alura_Airflow_Oficial/venv/lib/python3.9/site-packages/airflow/example_dags/example_branch_python_dop_operator_3.py
[2024-04-02 19:54:23,658] {processor.py:641} INFO - Processing file /Users/miltonvolpato/Git/Alura_Airflow_Oficial/venv/lib/python3.9/site-packages/airflow/example_dags/example_branch_python_dop_operator_3.py for tasks to queue
[2024-04-02 19:54:23,658] {logging_mixin.py:115} INFO - [2024-04-02 19:54:23,658] {dagbag.py:507} INFO - Filling up the DagBag from /Users/miltonvolpato/Git/Alura_Airflow_Oficial/venv/lib/python3.9/site-packages/airflow/example_dags/example_branch_python_dop_operator_3.py
[2024-04-02 19:54:23,671] {processor.py:651} INFO - DAG(s) dict_keys(['example_branch_dop_operator_v3']) retrieved from /Users/miltonvolpato/Git/Alura_Airflow_Oficial/venv/lib/python3.9/site-packages/airflow/example_dags/example_branch_python_dop_operator_3.py
[2024-04-02 19:54:23,701] {logging_mixin.py:115} INFO - [2024-04-02 19:54:23,701] {dag.py:2379} INFO - Sync 1 DAGs
[2024-04-02 19:54:23,710] {logging_mixin.py:115} INFO - [2024-04-02 19:54:23,710] {dag.py:2927} INFO - Setting next_dagrun for example_branch_dop_operator_v3 to 2024-04-02T22:53:00+00:00, run_after=2024-04-02T22:54:00+00:00
[2024-04-02 19:54:23,715] {processor.py:161} INFO - Processing /Users/miltonvolpato/Git/Alura_Airflow_Oficial/venv/lib/python3.9/site-packages/airflow/example_dags/example_branch_python_dop_operator_3.py took 0.058 seconds
[2024-04-02 19:55:21,379] {processor.py:153} INFO - Started process (PID=12648) to work on /Users/miltonvolpato/Git/Alura_Airflow_Oficial/venv/lib/python3.9/site-packages/airflow/example_dags/example_branch_python_dop_operator_3.py
[2024-04-02 19:55:21,380] {processor.py:641} INFO - Processing file /Users/miltonvolpato/Git/Alura_Airflow_Oficial/venv/lib/python3.9/site-packages/airflow/example_dags/example_branch_python_dop_operator_3.py for tasks to queue
[2024-04-02 19:55:21,380] {logging_mixin.py:115} INFO - [2024-04-02 19:55:21,380] {dagbag.py:507} INFO - Filling up the DagBag from /Users/miltonvolpato/Git/Alura_Airflow_Oficial/venv/lib/python3.9/site-packages/airflow/example_dags/example_branch_python_dop_operator_3.py
[2024-04-02 19:55:21,393] {processor.py:651} INFO - DAG(s) dict_keys(['example_branch_dop_operator_v3']) retrieved from /Users/miltonvolpato/Git/Alura_Airflow_Oficial/venv/lib/python3.9/site-packages/airflow/example_dags/example_branch_python_dop_operator_3.py
[2024-04-02 19:55:21,422] {logging_mixin.py:115} INFO - [2024-04-02 19:55:21,422] {dag.py:2379} INFO - Sync 1 DAGs
[2024-04-02 19:55:21,431] {logging_mixin.py:115} INFO - [2024-04-02 19:55:21,431] {dag.py:2927} INFO - Setting next_dagrun for example_branch_dop_operator_v3 to 2024-04-02T22:54:00+00:00, run_after=2024-04-02T22:55:00+00:00
[2024-04-02 19:55:21,436] {processor.py:161} INFO - Processing /Users/miltonvolpato/Git/Alura_Airflow_Oficial/venv/lib/python3.9/site-packages/airflow/example_dags/example_branch_python_dop_operator_3.py took 0.058 seconds
