[2024-04-02 19:36:52,101] {processor.py:153} INFO - Started process (PID=11332) to work on /Users/miltonvolpato/Git/Alura_Airflow_Oficial/venv/lib/python3.9/site-packages/airflow/example_dags/example_external_task_marker_dag.py
[2024-04-02 19:36:52,101] {processor.py:641} INFO - Processing file /Users/miltonvolpato/Git/Alura_Airflow_Oficial/venv/lib/python3.9/site-packages/airflow/example_dags/example_external_task_marker_dag.py for tasks to queue
[2024-04-02 19:36:52,101] {logging_mixin.py:115} INFO - [2024-04-02 19:36:52,101] {dagbag.py:507} INFO - Filling up the DagBag from /Users/miltonvolpato/Git/Alura_Airflow_Oficial/venv/lib/python3.9/site-packages/airflow/example_dags/example_external_task_marker_dag.py
[2024-04-02 19:36:52,107] {processor.py:651} INFO - DAG(s) dict_keys(['example_external_task_marker_parent', 'example_external_task_marker_child']) retrieved from /Users/miltonvolpato/Git/Alura_Airflow_Oficial/venv/lib/python3.9/site-packages/airflow/example_dags/example_external_task_marker_dag.py
[2024-04-02 19:36:52,431] {logging_mixin.py:115} INFO - [2024-04-02 19:36:52,431] {manager.py:508} INFO - Created Permission View: can edit on DAG:example_external_task_marker_parent
[2024-04-02 19:36:52,434] {logging_mixin.py:115} INFO - [2024-04-02 19:36:52,434] {manager.py:508} INFO - Created Permission View: can read on DAG:example_external_task_marker_parent
[2024-04-02 19:36:52,436] {logging_mixin.py:115} INFO - [2024-04-02 19:36:52,436] {manager.py:508} INFO - Created Permission View: can delete on DAG:example_external_task_marker_parent
[2024-04-02 19:36:52,443] {logging_mixin.py:115} INFO - [2024-04-02 19:36:52,443] {manager.py:508} INFO - Created Permission View: can edit on DAG:example_external_task_marker_child
[2024-04-02 19:36:52,445] {logging_mixin.py:115} INFO - [2024-04-02 19:36:52,445] {manager.py:508} INFO - Created Permission View: can read on DAG:example_external_task_marker_child
[2024-04-02 19:36:52,447] {logging_mixin.py:115} INFO - [2024-04-02 19:36:52,447] {manager.py:508} INFO - Created Permission View: can delete on DAG:example_external_task_marker_child
[2024-04-02 19:36:52,447] {logging_mixin.py:115} INFO - [2024-04-02 19:36:52,447] {dag.py:2379} INFO - Sync 2 DAGs
[2024-04-02 19:36:52,451] {logging_mixin.py:115} INFO - [2024-04-02 19:36:52,451] {dag.py:2398} INFO - Creating ORM DAG for example_external_task_marker_child
[2024-04-02 19:36:52,451] {logging_mixin.py:115} INFO - [2024-04-02 19:36:52,451] {dag.py:2398} INFO - Creating ORM DAG for example_external_task_marker_parent
[2024-04-02 19:36:52,455] {logging_mixin.py:115} INFO - [2024-04-02 19:36:52,455] {dag.py:2927} INFO - Setting next_dagrun for example_external_task_marker_child to None, run_after=None
[2024-04-02 19:36:52,455] {logging_mixin.py:115} INFO - [2024-04-02 19:36:52,455] {dag.py:2927} INFO - Setting next_dagrun for example_external_task_marker_parent to None, run_after=None
[2024-04-02 19:36:52,461] {processor.py:161} INFO - Processing /Users/miltonvolpato/Git/Alura_Airflow_Oficial/venv/lib/python3.9/site-packages/airflow/example_dags/example_external_task_marker_dag.py took 0.360 seconds
[2024-04-02 19:37:42,989] {processor.py:153} INFO - Started process (PID=11437) to work on /Users/miltonvolpato/Git/Alura_Airflow_Oficial/venv/lib/python3.9/site-packages/airflow/example_dags/example_external_task_marker_dag.py
[2024-04-02 19:37:42,990] {processor.py:641} INFO - Processing file /Users/miltonvolpato/Git/Alura_Airflow_Oficial/venv/lib/python3.9/site-packages/airflow/example_dags/example_external_task_marker_dag.py for tasks to queue
[2024-04-02 19:37:42,990] {logging_mixin.py:115} INFO - [2024-04-02 19:37:42,990] {dagbag.py:507} INFO - Filling up the DagBag from /Users/miltonvolpato/Git/Alura_Airflow_Oficial/venv/lib/python3.9/site-packages/airflow/example_dags/example_external_task_marker_dag.py
[2024-04-02 19:37:42,996] {processor.py:651} INFO - DAG(s) dict_keys(['example_external_task_marker_parent', 'example_external_task_marker_child']) retrieved from /Users/miltonvolpato/Git/Alura_Airflow_Oficial/venv/lib/python3.9/site-packages/airflow/example_dags/example_external_task_marker_dag.py
[2024-04-02 19:37:43,027] {logging_mixin.py:115} INFO - [2024-04-02 19:37:43,027] {dag.py:2379} INFO - Sync 2 DAGs
[2024-04-02 19:37:43,034] {logging_mixin.py:115} INFO - [2024-04-02 19:37:43,034] {dag.py:2927} INFO - Setting next_dagrun for example_external_task_marker_child to None, run_after=None
[2024-04-02 19:37:43,034] {logging_mixin.py:115} INFO - [2024-04-02 19:37:43,034] {dag.py:2927} INFO - Setting next_dagrun for example_external_task_marker_parent to None, run_after=None
[2024-04-02 19:37:43,039] {processor.py:161} INFO - Processing /Users/miltonvolpato/Git/Alura_Airflow_Oficial/venv/lib/python3.9/site-packages/airflow/example_dags/example_external_task_marker_dag.py took 0.051 seconds
[2024-04-02 19:38:34,974] {processor.py:153} INFO - Started process (PID=11511) to work on /Users/miltonvolpato/Git/Alura_Airflow_Oficial/venv/lib/python3.9/site-packages/airflow/example_dags/example_external_task_marker_dag.py
[2024-04-02 19:38:34,974] {processor.py:641} INFO - Processing file /Users/miltonvolpato/Git/Alura_Airflow_Oficial/venv/lib/python3.9/site-packages/airflow/example_dags/example_external_task_marker_dag.py for tasks to queue
[2024-04-02 19:38:34,974] {logging_mixin.py:115} INFO - [2024-04-02 19:38:34,974] {dagbag.py:507} INFO - Filling up the DagBag from /Users/miltonvolpato/Git/Alura_Airflow_Oficial/venv/lib/python3.9/site-packages/airflow/example_dags/example_external_task_marker_dag.py
[2024-04-02 19:38:34,980] {processor.py:651} INFO - DAG(s) dict_keys(['example_external_task_marker_parent', 'example_external_task_marker_child']) retrieved from /Users/miltonvolpato/Git/Alura_Airflow_Oficial/venv/lib/python3.9/site-packages/airflow/example_dags/example_external_task_marker_dag.py
[2024-04-02 19:38:35,011] {logging_mixin.py:115} INFO - [2024-04-02 19:38:35,011] {dag.py:2379} INFO - Sync 2 DAGs
[2024-04-02 19:38:35,018] {logging_mixin.py:115} INFO - [2024-04-02 19:38:35,017] {dag.py:2927} INFO - Setting next_dagrun for example_external_task_marker_child to None, run_after=None
[2024-04-02 19:38:35,018] {logging_mixin.py:115} INFO - [2024-04-02 19:38:35,018] {dag.py:2927} INFO - Setting next_dagrun for example_external_task_marker_parent to None, run_after=None
[2024-04-02 19:38:35,022] {processor.py:161} INFO - Processing /Users/miltonvolpato/Git/Alura_Airflow_Oficial/venv/lib/python3.9/site-packages/airflow/example_dags/example_external_task_marker_dag.py took 0.048 seconds
[2024-04-02 19:39:24,556] {processor.py:153} INFO - Started process (PID=11558) to work on /Users/miltonvolpato/Git/Alura_Airflow_Oficial/venv/lib/python3.9/site-packages/airflow/example_dags/example_external_task_marker_dag.py
[2024-04-02 19:39:24,556] {processor.py:641} INFO - Processing file /Users/miltonvolpato/Git/Alura_Airflow_Oficial/venv/lib/python3.9/site-packages/airflow/example_dags/example_external_task_marker_dag.py for tasks to queue
[2024-04-02 19:39:24,556] {logging_mixin.py:115} INFO - [2024-04-02 19:39:24,556] {dagbag.py:507} INFO - Filling up the DagBag from /Users/miltonvolpato/Git/Alura_Airflow_Oficial/venv/lib/python3.9/site-packages/airflow/example_dags/example_external_task_marker_dag.py
[2024-04-02 19:39:24,562] {processor.py:651} INFO - DAG(s) dict_keys(['example_external_task_marker_parent', 'example_external_task_marker_child']) retrieved from /Users/miltonvolpato/Git/Alura_Airflow_Oficial/venv/lib/python3.9/site-packages/airflow/example_dags/example_external_task_marker_dag.py
[2024-04-02 19:39:24,594] {logging_mixin.py:115} INFO - [2024-04-02 19:39:24,594] {dag.py:2379} INFO - Sync 2 DAGs
[2024-04-02 19:39:24,601] {logging_mixin.py:115} INFO - [2024-04-02 19:39:24,601] {dag.py:2927} INFO - Setting next_dagrun for example_external_task_marker_child to None, run_after=None
[2024-04-02 19:39:24,601] {logging_mixin.py:115} INFO - [2024-04-02 19:39:24,601] {dag.py:2927} INFO - Setting next_dagrun for example_external_task_marker_parent to None, run_after=None
[2024-04-02 19:39:24,607] {processor.py:161} INFO - Processing /Users/miltonvolpato/Git/Alura_Airflow_Oficial/venv/lib/python3.9/site-packages/airflow/example_dags/example_external_task_marker_dag.py took 0.052 seconds
[2024-04-02 19:40:12,190] {processor.py:153} INFO - Started process (PID=11596) to work on /Users/miltonvolpato/Git/Alura_Airflow_Oficial/venv/lib/python3.9/site-packages/airflow/example_dags/example_external_task_marker_dag.py
[2024-04-02 19:40:12,190] {processor.py:641} INFO - Processing file /Users/miltonvolpato/Git/Alura_Airflow_Oficial/venv/lib/python3.9/site-packages/airflow/example_dags/example_external_task_marker_dag.py for tasks to queue
[2024-04-02 19:40:12,191] {logging_mixin.py:115} INFO - [2024-04-02 19:40:12,190] {dagbag.py:507} INFO - Filling up the DagBag from /Users/miltonvolpato/Git/Alura_Airflow_Oficial/venv/lib/python3.9/site-packages/airflow/example_dags/example_external_task_marker_dag.py
[2024-04-02 19:40:12,196] {processor.py:651} INFO - DAG(s) dict_keys(['example_external_task_marker_parent', 'example_external_task_marker_child']) retrieved from /Users/miltonvolpato/Git/Alura_Airflow_Oficial/venv/lib/python3.9/site-packages/airflow/example_dags/example_external_task_marker_dag.py
[2024-04-02 19:40:12,229] {logging_mixin.py:115} INFO - [2024-04-02 19:40:12,229] {dag.py:2379} INFO - Sync 2 DAGs
[2024-04-02 19:40:12,237] {logging_mixin.py:115} INFO - [2024-04-02 19:40:12,237] {dag.py:2927} INFO - Setting next_dagrun for example_external_task_marker_child to None, run_after=None
[2024-04-02 19:40:12,237] {logging_mixin.py:115} INFO - [2024-04-02 19:40:12,237] {dag.py:2927} INFO - Setting next_dagrun for example_external_task_marker_parent to None, run_after=None
[2024-04-02 19:40:12,243] {processor.py:161} INFO - Processing /Users/miltonvolpato/Git/Alura_Airflow_Oficial/venv/lib/python3.9/site-packages/airflow/example_dags/example_external_task_marker_dag.py took 0.053 seconds
[2024-04-02 19:41:07,481] {processor.py:153} INFO - Started process (PID=11648) to work on /Users/miltonvolpato/Git/Alura_Airflow_Oficial/venv/lib/python3.9/site-packages/airflow/example_dags/example_external_task_marker_dag.py
[2024-04-02 19:41:07,482] {processor.py:641} INFO - Processing file /Users/miltonvolpato/Git/Alura_Airflow_Oficial/venv/lib/python3.9/site-packages/airflow/example_dags/example_external_task_marker_dag.py for tasks to queue
[2024-04-02 19:41:07,482] {logging_mixin.py:115} INFO - [2024-04-02 19:41:07,482] {dagbag.py:507} INFO - Filling up the DagBag from /Users/miltonvolpato/Git/Alura_Airflow_Oficial/venv/lib/python3.9/site-packages/airflow/example_dags/example_external_task_marker_dag.py
[2024-04-02 19:41:07,487] {processor.py:651} INFO - DAG(s) dict_keys(['example_external_task_marker_parent', 'example_external_task_marker_child']) retrieved from /Users/miltonvolpato/Git/Alura_Airflow_Oficial/venv/lib/python3.9/site-packages/airflow/example_dags/example_external_task_marker_dag.py
[2024-04-02 19:41:07,519] {logging_mixin.py:115} INFO - [2024-04-02 19:41:07,519] {dag.py:2379} INFO - Sync 2 DAGs
[2024-04-02 19:41:07,526] {logging_mixin.py:115} INFO - [2024-04-02 19:41:07,526] {dag.py:2927} INFO - Setting next_dagrun for example_external_task_marker_child to None, run_after=None
[2024-04-02 19:41:07,526] {logging_mixin.py:115} INFO - [2024-04-02 19:41:07,526] {dag.py:2927} INFO - Setting next_dagrun for example_external_task_marker_parent to None, run_after=None
[2024-04-02 19:41:07,531] {processor.py:161} INFO - Processing /Users/miltonvolpato/Git/Alura_Airflow_Oficial/venv/lib/python3.9/site-packages/airflow/example_dags/example_external_task_marker_dag.py took 0.050 seconds
[2024-04-02 19:41:59,887] {processor.py:153} INFO - Started process (PID=11699) to work on /Users/miltonvolpato/Git/Alura_Airflow_Oficial/venv/lib/python3.9/site-packages/airflow/example_dags/example_external_task_marker_dag.py
[2024-04-02 19:41:59,887] {processor.py:641} INFO - Processing file /Users/miltonvolpato/Git/Alura_Airflow_Oficial/venv/lib/python3.9/site-packages/airflow/example_dags/example_external_task_marker_dag.py for tasks to queue
[2024-04-02 19:41:59,887] {logging_mixin.py:115} INFO - [2024-04-02 19:41:59,887] {dagbag.py:507} INFO - Filling up the DagBag from /Users/miltonvolpato/Git/Alura_Airflow_Oficial/venv/lib/python3.9/site-packages/airflow/example_dags/example_external_task_marker_dag.py
[2024-04-02 19:41:59,893] {processor.py:651} INFO - DAG(s) dict_keys(['example_external_task_marker_parent', 'example_external_task_marker_child']) retrieved from /Users/miltonvolpato/Git/Alura_Airflow_Oficial/venv/lib/python3.9/site-packages/airflow/example_dags/example_external_task_marker_dag.py
[2024-04-02 19:41:59,924] {logging_mixin.py:115} INFO - [2024-04-02 19:41:59,924] {dag.py:2379} INFO - Sync 2 DAGs
[2024-04-02 19:41:59,931] {logging_mixin.py:115} INFO - [2024-04-02 19:41:59,931] {dag.py:2927} INFO - Setting next_dagrun for example_external_task_marker_child to None, run_after=None
[2024-04-02 19:41:59,931] {logging_mixin.py:115} INFO - [2024-04-02 19:41:59,931] {dag.py:2927} INFO - Setting next_dagrun for example_external_task_marker_parent to None, run_after=None
[2024-04-02 19:41:59,936] {processor.py:161} INFO - Processing /Users/miltonvolpato/Git/Alura_Airflow_Oficial/venv/lib/python3.9/site-packages/airflow/example_dags/example_external_task_marker_dag.py took 0.049 seconds
[2024-04-02 19:42:51,423] {processor.py:153} INFO - Started process (PID=11747) to work on /Users/miltonvolpato/Git/Alura_Airflow_Oficial/venv/lib/python3.9/site-packages/airflow/example_dags/example_external_task_marker_dag.py
[2024-04-02 19:42:51,423] {processor.py:641} INFO - Processing file /Users/miltonvolpato/Git/Alura_Airflow_Oficial/venv/lib/python3.9/site-packages/airflow/example_dags/example_external_task_marker_dag.py for tasks to queue
[2024-04-02 19:42:51,424] {logging_mixin.py:115} INFO - [2024-04-02 19:42:51,424] {dagbag.py:507} INFO - Filling up the DagBag from /Users/miltonvolpato/Git/Alura_Airflow_Oficial/venv/lib/python3.9/site-packages/airflow/example_dags/example_external_task_marker_dag.py
[2024-04-02 19:42:51,429] {processor.py:651} INFO - DAG(s) dict_keys(['example_external_task_marker_parent', 'example_external_task_marker_child']) retrieved from /Users/miltonvolpato/Git/Alura_Airflow_Oficial/venv/lib/python3.9/site-packages/airflow/example_dags/example_external_task_marker_dag.py
[2024-04-02 19:42:51,461] {logging_mixin.py:115} INFO - [2024-04-02 19:42:51,461] {dag.py:2379} INFO - Sync 2 DAGs
[2024-04-02 19:42:51,468] {logging_mixin.py:115} INFO - [2024-04-02 19:42:51,468] {dag.py:2927} INFO - Setting next_dagrun for example_external_task_marker_child to None, run_after=None
[2024-04-02 19:42:51,468] {logging_mixin.py:115} INFO - [2024-04-02 19:42:51,468] {dag.py:2927} INFO - Setting next_dagrun for example_external_task_marker_parent to None, run_after=None
[2024-04-02 19:42:51,473] {processor.py:161} INFO - Processing /Users/miltonvolpato/Git/Alura_Airflow_Oficial/venv/lib/python3.9/site-packages/airflow/example_dags/example_external_task_marker_dag.py took 0.050 seconds
[2024-04-02 19:43:42,018] {processor.py:153} INFO - Started process (PID=11800) to work on /Users/miltonvolpato/Git/Alura_Airflow_Oficial/venv/lib/python3.9/site-packages/airflow/example_dags/example_external_task_marker_dag.py
[2024-04-02 19:43:42,018] {processor.py:641} INFO - Processing file /Users/miltonvolpato/Git/Alura_Airflow_Oficial/venv/lib/python3.9/site-packages/airflow/example_dags/example_external_task_marker_dag.py for tasks to queue
[2024-04-02 19:43:42,018] {logging_mixin.py:115} INFO - [2024-04-02 19:43:42,018] {dagbag.py:507} INFO - Filling up the DagBag from /Users/miltonvolpato/Git/Alura_Airflow_Oficial/venv/lib/python3.9/site-packages/airflow/example_dags/example_external_task_marker_dag.py
[2024-04-02 19:43:42,024] {processor.py:651} INFO - DAG(s) dict_keys(['example_external_task_marker_parent', 'example_external_task_marker_child']) retrieved from /Users/miltonvolpato/Git/Alura_Airflow_Oficial/venv/lib/python3.9/site-packages/airflow/example_dags/example_external_task_marker_dag.py
[2024-04-02 19:43:42,055] {logging_mixin.py:115} INFO - [2024-04-02 19:43:42,055] {dag.py:2379} INFO - Sync 2 DAGs
[2024-04-02 19:43:42,062] {logging_mixin.py:115} INFO - [2024-04-02 19:43:42,062] {dag.py:2927} INFO - Setting next_dagrun for example_external_task_marker_child to None, run_after=None
[2024-04-02 19:43:42,062] {logging_mixin.py:115} INFO - [2024-04-02 19:43:42,062] {dag.py:2927} INFO - Setting next_dagrun for example_external_task_marker_parent to None, run_after=None
[2024-04-02 19:43:42,067] {processor.py:161} INFO - Processing /Users/miltonvolpato/Git/Alura_Airflow_Oficial/venv/lib/python3.9/site-packages/airflow/example_dags/example_external_task_marker_dag.py took 0.049 seconds
[2024-04-02 19:44:31,135] {processor.py:153} INFO - Started process (PID=11866) to work on /Users/miltonvolpato/Git/Alura_Airflow_Oficial/venv/lib/python3.9/site-packages/airflow/example_dags/example_external_task_marker_dag.py
[2024-04-02 19:44:31,135] {processor.py:641} INFO - Processing file /Users/miltonvolpato/Git/Alura_Airflow_Oficial/venv/lib/python3.9/site-packages/airflow/example_dags/example_external_task_marker_dag.py for tasks to queue
[2024-04-02 19:44:31,136] {logging_mixin.py:115} INFO - [2024-04-02 19:44:31,136] {dagbag.py:507} INFO - Filling up the DagBag from /Users/miltonvolpato/Git/Alura_Airflow_Oficial/venv/lib/python3.9/site-packages/airflow/example_dags/example_external_task_marker_dag.py
[2024-04-02 19:44:31,142] {processor.py:651} INFO - DAG(s) dict_keys(['example_external_task_marker_parent', 'example_external_task_marker_child']) retrieved from /Users/miltonvolpato/Git/Alura_Airflow_Oficial/venv/lib/python3.9/site-packages/airflow/example_dags/example_external_task_marker_dag.py
[2024-04-02 19:44:31,179] {logging_mixin.py:115} INFO - [2024-04-02 19:44:31,179] {dag.py:2379} INFO - Sync 2 DAGs
[2024-04-02 19:44:31,187] {logging_mixin.py:115} INFO - [2024-04-02 19:44:31,187] {dag.py:2927} INFO - Setting next_dagrun for example_external_task_marker_child to None, run_after=None
[2024-04-02 19:44:31,187] {logging_mixin.py:115} INFO - [2024-04-02 19:44:31,187] {dag.py:2927} INFO - Setting next_dagrun for example_external_task_marker_parent to None, run_after=None
[2024-04-02 19:44:31,192] {processor.py:161} INFO - Processing /Users/miltonvolpato/Git/Alura_Airflow_Oficial/venv/lib/python3.9/site-packages/airflow/example_dags/example_external_task_marker_dag.py took 0.057 seconds
[2024-04-02 19:45:23,376] {processor.py:153} INFO - Started process (PID=11916) to work on /Users/miltonvolpato/Git/Alura_Airflow_Oficial/venv/lib/python3.9/site-packages/airflow/example_dags/example_external_task_marker_dag.py
[2024-04-02 19:45:23,376] {processor.py:641} INFO - Processing file /Users/miltonvolpato/Git/Alura_Airflow_Oficial/venv/lib/python3.9/site-packages/airflow/example_dags/example_external_task_marker_dag.py for tasks to queue
[2024-04-02 19:45:23,376] {logging_mixin.py:115} INFO - [2024-04-02 19:45:23,376] {dagbag.py:507} INFO - Filling up the DagBag from /Users/miltonvolpato/Git/Alura_Airflow_Oficial/venv/lib/python3.9/site-packages/airflow/example_dags/example_external_task_marker_dag.py
[2024-04-02 19:45:23,382] {processor.py:651} INFO - DAG(s) dict_keys(['example_external_task_marker_parent', 'example_external_task_marker_child']) retrieved from /Users/miltonvolpato/Git/Alura_Airflow_Oficial/venv/lib/python3.9/site-packages/airflow/example_dags/example_external_task_marker_dag.py
[2024-04-02 19:45:23,414] {logging_mixin.py:115} INFO - [2024-04-02 19:45:23,414] {dag.py:2379} INFO - Sync 2 DAGs
[2024-04-02 19:45:23,421] {logging_mixin.py:115} INFO - [2024-04-02 19:45:23,421] {dag.py:2927} INFO - Setting next_dagrun for example_external_task_marker_child to None, run_after=None
[2024-04-02 19:45:23,421] {logging_mixin.py:115} INFO - [2024-04-02 19:45:23,421] {dag.py:2927} INFO - Setting next_dagrun for example_external_task_marker_parent to None, run_after=None
[2024-04-02 19:45:23,426] {processor.py:161} INFO - Processing /Users/miltonvolpato/Git/Alura_Airflow_Oficial/venv/lib/python3.9/site-packages/airflow/example_dags/example_external_task_marker_dag.py took 0.051 seconds
[2024-04-02 19:46:12,129] {processor.py:153} INFO - Started process (PID=11974) to work on /Users/miltonvolpato/Git/Alura_Airflow_Oficial/venv/lib/python3.9/site-packages/airflow/example_dags/example_external_task_marker_dag.py
[2024-04-02 19:46:12,130] {processor.py:641} INFO - Processing file /Users/miltonvolpato/Git/Alura_Airflow_Oficial/venv/lib/python3.9/site-packages/airflow/example_dags/example_external_task_marker_dag.py for tasks to queue
[2024-04-02 19:46:12,130] {logging_mixin.py:115} INFO - [2024-04-02 19:46:12,130] {dagbag.py:507} INFO - Filling up the DagBag from /Users/miltonvolpato/Git/Alura_Airflow_Oficial/venv/lib/python3.9/site-packages/airflow/example_dags/example_external_task_marker_dag.py
[2024-04-02 19:46:12,135] {processor.py:651} INFO - DAG(s) dict_keys(['example_external_task_marker_parent', 'example_external_task_marker_child']) retrieved from /Users/miltonvolpato/Git/Alura_Airflow_Oficial/venv/lib/python3.9/site-packages/airflow/example_dags/example_external_task_marker_dag.py
[2024-04-02 19:46:12,167] {logging_mixin.py:115} INFO - [2024-04-02 19:46:12,167] {dag.py:2379} INFO - Sync 2 DAGs
[2024-04-02 19:46:12,175] {logging_mixin.py:115} INFO - [2024-04-02 19:46:12,175] {dag.py:2927} INFO - Setting next_dagrun for example_external_task_marker_child to None, run_after=None
[2024-04-02 19:46:12,175] {logging_mixin.py:115} INFO - [2024-04-02 19:46:12,175] {dag.py:2927} INFO - Setting next_dagrun for example_external_task_marker_parent to None, run_after=None
[2024-04-02 19:46:12,180] {processor.py:161} INFO - Processing /Users/miltonvolpato/Git/Alura_Airflow_Oficial/venv/lib/python3.9/site-packages/airflow/example_dags/example_external_task_marker_dag.py took 0.051 seconds
[2024-04-02 19:47:06,672] {processor.py:153} INFO - Started process (PID=12050) to work on /Users/miltonvolpato/Git/Alura_Airflow_Oficial/venv/lib/python3.9/site-packages/airflow/example_dags/example_external_task_marker_dag.py
[2024-04-02 19:47:06,673] {processor.py:641} INFO - Processing file /Users/miltonvolpato/Git/Alura_Airflow_Oficial/venv/lib/python3.9/site-packages/airflow/example_dags/example_external_task_marker_dag.py for tasks to queue
[2024-04-02 19:47:06,673] {logging_mixin.py:115} INFO - [2024-04-02 19:47:06,673] {dagbag.py:507} INFO - Filling up the DagBag from /Users/miltonvolpato/Git/Alura_Airflow_Oficial/venv/lib/python3.9/site-packages/airflow/example_dags/example_external_task_marker_dag.py
[2024-04-02 19:47:06,679] {processor.py:651} INFO - DAG(s) dict_keys(['example_external_task_marker_parent', 'example_external_task_marker_child']) retrieved from /Users/miltonvolpato/Git/Alura_Airflow_Oficial/venv/lib/python3.9/site-packages/airflow/example_dags/example_external_task_marker_dag.py
[2024-04-02 19:47:06,716] {logging_mixin.py:115} INFO - [2024-04-02 19:47:06,716] {dag.py:2379} INFO - Sync 2 DAGs
[2024-04-02 19:47:06,723] {logging_mixin.py:115} INFO - [2024-04-02 19:47:06,723] {dag.py:2927} INFO - Setting next_dagrun for example_external_task_marker_child to None, run_after=None
[2024-04-02 19:47:06,723] {logging_mixin.py:115} INFO - [2024-04-02 19:47:06,723] {dag.py:2927} INFO - Setting next_dagrun for example_external_task_marker_parent to None, run_after=None
[2024-04-02 19:47:06,727] {processor.py:161} INFO - Processing /Users/miltonvolpato/Git/Alura_Airflow_Oficial/venv/lib/python3.9/site-packages/airflow/example_dags/example_external_task_marker_dag.py took 0.056 seconds
[2024-04-02 19:47:57,796] {processor.py:153} INFO - Started process (PID=12121) to work on /Users/miltonvolpato/Git/Alura_Airflow_Oficial/venv/lib/python3.9/site-packages/airflow/example_dags/example_external_task_marker_dag.py
[2024-04-02 19:47:57,796] {processor.py:641} INFO - Processing file /Users/miltonvolpato/Git/Alura_Airflow_Oficial/venv/lib/python3.9/site-packages/airflow/example_dags/example_external_task_marker_dag.py for tasks to queue
[2024-04-02 19:47:57,796] {logging_mixin.py:115} INFO - [2024-04-02 19:47:57,796] {dagbag.py:507} INFO - Filling up the DagBag from /Users/miltonvolpato/Git/Alura_Airflow_Oficial/venv/lib/python3.9/site-packages/airflow/example_dags/example_external_task_marker_dag.py
[2024-04-02 19:47:57,802] {processor.py:651} INFO - DAG(s) dict_keys(['example_external_task_marker_parent', 'example_external_task_marker_child']) retrieved from /Users/miltonvolpato/Git/Alura_Airflow_Oficial/venv/lib/python3.9/site-packages/airflow/example_dags/example_external_task_marker_dag.py
[2024-04-02 19:47:57,834] {logging_mixin.py:115} INFO - [2024-04-02 19:47:57,833] {dag.py:2379} INFO - Sync 2 DAGs
[2024-04-02 19:47:57,840] {logging_mixin.py:115} INFO - [2024-04-02 19:47:57,840] {dag.py:2927} INFO - Setting next_dagrun for example_external_task_marker_child to None, run_after=None
[2024-04-02 19:47:57,841] {logging_mixin.py:115} INFO - [2024-04-02 19:47:57,841] {dag.py:2927} INFO - Setting next_dagrun for example_external_task_marker_parent to None, run_after=None
[2024-04-02 19:47:57,846] {processor.py:161} INFO - Processing /Users/miltonvolpato/Git/Alura_Airflow_Oficial/venv/lib/python3.9/site-packages/airflow/example_dags/example_external_task_marker_dag.py took 0.050 seconds
[2024-04-02 19:48:43,494] {processor.py:153} INFO - Started process (PID=12170) to work on /Users/miltonvolpato/Git/Alura_Airflow_Oficial/venv/lib/python3.9/site-packages/airflow/example_dags/example_external_task_marker_dag.py
[2024-04-02 19:48:43,494] {processor.py:641} INFO - Processing file /Users/miltonvolpato/Git/Alura_Airflow_Oficial/venv/lib/python3.9/site-packages/airflow/example_dags/example_external_task_marker_dag.py for tasks to queue
[2024-04-02 19:48:43,494] {logging_mixin.py:115} INFO - [2024-04-02 19:48:43,494] {dagbag.py:507} INFO - Filling up the DagBag from /Users/miltonvolpato/Git/Alura_Airflow_Oficial/venv/lib/python3.9/site-packages/airflow/example_dags/example_external_task_marker_dag.py
[2024-04-02 19:48:43,499] {processor.py:651} INFO - DAG(s) dict_keys(['example_external_task_marker_parent', 'example_external_task_marker_child']) retrieved from /Users/miltonvolpato/Git/Alura_Airflow_Oficial/venv/lib/python3.9/site-packages/airflow/example_dags/example_external_task_marker_dag.py
[2024-04-02 19:48:43,532] {logging_mixin.py:115} INFO - [2024-04-02 19:48:43,532] {dag.py:2379} INFO - Sync 2 DAGs
[2024-04-02 19:48:43,540] {logging_mixin.py:115} INFO - [2024-04-02 19:48:43,540] {dag.py:2927} INFO - Setting next_dagrun for example_external_task_marker_child to None, run_after=None
[2024-04-02 19:48:43,540] {logging_mixin.py:115} INFO - [2024-04-02 19:48:43,540] {dag.py:2927} INFO - Setting next_dagrun for example_external_task_marker_parent to None, run_after=None
[2024-04-02 19:48:43,545] {processor.py:161} INFO - Processing /Users/miltonvolpato/Git/Alura_Airflow_Oficial/venv/lib/python3.9/site-packages/airflow/example_dags/example_external_task_marker_dag.py took 0.052 seconds
[2024-04-02 19:49:34,116] {processor.py:153} INFO - Started process (PID=12232) to work on /Users/miltonvolpato/Git/Alura_Airflow_Oficial/venv/lib/python3.9/site-packages/airflow/example_dags/example_external_task_marker_dag.py
[2024-04-02 19:49:34,117] {processor.py:641} INFO - Processing file /Users/miltonvolpato/Git/Alura_Airflow_Oficial/venv/lib/python3.9/site-packages/airflow/example_dags/example_external_task_marker_dag.py for tasks to queue
[2024-04-02 19:49:34,117] {logging_mixin.py:115} INFO - [2024-04-02 19:49:34,117] {dagbag.py:507} INFO - Filling up the DagBag from /Users/miltonvolpato/Git/Alura_Airflow_Oficial/venv/lib/python3.9/site-packages/airflow/example_dags/example_external_task_marker_dag.py
[2024-04-02 19:49:34,124] {processor.py:651} INFO - DAG(s) dict_keys(['example_external_task_marker_parent', 'example_external_task_marker_child']) retrieved from /Users/miltonvolpato/Git/Alura_Airflow_Oficial/venv/lib/python3.9/site-packages/airflow/example_dags/example_external_task_marker_dag.py
[2024-04-02 19:49:34,160] {logging_mixin.py:115} INFO - [2024-04-02 19:49:34,160] {dag.py:2379} INFO - Sync 2 DAGs
[2024-04-02 19:49:34,167] {logging_mixin.py:115} INFO - [2024-04-02 19:49:34,167] {dag.py:2927} INFO - Setting next_dagrun for example_external_task_marker_child to None, run_after=None
[2024-04-02 19:49:34,167] {logging_mixin.py:115} INFO - [2024-04-02 19:49:34,167] {dag.py:2927} INFO - Setting next_dagrun for example_external_task_marker_parent to None, run_after=None
[2024-04-02 19:49:34,172] {processor.py:161} INFO - Processing /Users/miltonvolpato/Git/Alura_Airflow_Oficial/venv/lib/python3.9/site-packages/airflow/example_dags/example_external_task_marker_dag.py took 0.056 seconds
[2024-04-02 19:50:27,989] {processor.py:153} INFO - Started process (PID=12276) to work on /Users/miltonvolpato/Git/Alura_Airflow_Oficial/venv/lib/python3.9/site-packages/airflow/example_dags/example_external_task_marker_dag.py
[2024-04-02 19:50:27,990] {processor.py:641} INFO - Processing file /Users/miltonvolpato/Git/Alura_Airflow_Oficial/venv/lib/python3.9/site-packages/airflow/example_dags/example_external_task_marker_dag.py for tasks to queue
[2024-04-02 19:50:27,991] {logging_mixin.py:115} INFO - [2024-04-02 19:50:27,991] {dagbag.py:507} INFO - Filling up the DagBag from /Users/miltonvolpato/Git/Alura_Airflow_Oficial/venv/lib/python3.9/site-packages/airflow/example_dags/example_external_task_marker_dag.py
[2024-04-02 19:50:27,997] {processor.py:651} INFO - DAG(s) dict_keys(['example_external_task_marker_parent', 'example_external_task_marker_child']) retrieved from /Users/miltonvolpato/Git/Alura_Airflow_Oficial/venv/lib/python3.9/site-packages/airflow/example_dags/example_external_task_marker_dag.py
[2024-04-02 19:50:28,034] {logging_mixin.py:115} INFO - [2024-04-02 19:50:28,034] {dag.py:2379} INFO - Sync 2 DAGs
[2024-04-02 19:50:28,041] {logging_mixin.py:115} INFO - [2024-04-02 19:50:28,041] {dag.py:2927} INFO - Setting next_dagrun for example_external_task_marker_child to None, run_after=None
[2024-04-02 19:50:28,041] {logging_mixin.py:115} INFO - [2024-04-02 19:50:28,041] {dag.py:2927} INFO - Setting next_dagrun for example_external_task_marker_parent to None, run_after=None
[2024-04-02 19:50:28,046] {processor.py:161} INFO - Processing /Users/miltonvolpato/Git/Alura_Airflow_Oficial/venv/lib/python3.9/site-packages/airflow/example_dags/example_external_task_marker_dag.py took 0.057 seconds
[2024-04-02 19:51:19,523] {processor.py:153} INFO - Started process (PID=12323) to work on /Users/miltonvolpato/Git/Alura_Airflow_Oficial/venv/lib/python3.9/site-packages/airflow/example_dags/example_external_task_marker_dag.py
[2024-04-02 19:51:19,524] {processor.py:641} INFO - Processing file /Users/miltonvolpato/Git/Alura_Airflow_Oficial/venv/lib/python3.9/site-packages/airflow/example_dags/example_external_task_marker_dag.py for tasks to queue
[2024-04-02 19:51:19,524] {logging_mixin.py:115} INFO - [2024-04-02 19:51:19,524] {dagbag.py:507} INFO - Filling up the DagBag from /Users/miltonvolpato/Git/Alura_Airflow_Oficial/venv/lib/python3.9/site-packages/airflow/example_dags/example_external_task_marker_dag.py
[2024-04-02 19:51:19,530] {processor.py:651} INFO - DAG(s) dict_keys(['example_external_task_marker_parent', 'example_external_task_marker_child']) retrieved from /Users/miltonvolpato/Git/Alura_Airflow_Oficial/venv/lib/python3.9/site-packages/airflow/example_dags/example_external_task_marker_dag.py
[2024-04-02 19:51:19,565] {logging_mixin.py:115} INFO - [2024-04-02 19:51:19,565] {dag.py:2379} INFO - Sync 2 DAGs
[2024-04-02 19:51:19,573] {logging_mixin.py:115} INFO - [2024-04-02 19:51:19,573] {dag.py:2927} INFO - Setting next_dagrun for example_external_task_marker_child to None, run_after=None
[2024-04-02 19:51:19,573] {logging_mixin.py:115} INFO - [2024-04-02 19:51:19,573] {dag.py:2927} INFO - Setting next_dagrun for example_external_task_marker_parent to None, run_after=None
[2024-04-02 19:51:19,579] {processor.py:161} INFO - Processing /Users/miltonvolpato/Git/Alura_Airflow_Oficial/venv/lib/python3.9/site-packages/airflow/example_dags/example_external_task_marker_dag.py took 0.056 seconds
[2024-04-02 19:52:14,167] {processor.py:153} INFO - Started process (PID=12383) to work on /Users/miltonvolpato/Git/Alura_Airflow_Oficial/venv/lib/python3.9/site-packages/airflow/example_dags/example_external_task_marker_dag.py
[2024-04-02 19:52:14,170] {processor.py:641} INFO - Processing file /Users/miltonvolpato/Git/Alura_Airflow_Oficial/venv/lib/python3.9/site-packages/airflow/example_dags/example_external_task_marker_dag.py for tasks to queue
[2024-04-02 19:52:14,170] {logging_mixin.py:115} INFO - [2024-04-02 19:52:14,170] {dagbag.py:507} INFO - Filling up the DagBag from /Users/miltonvolpato/Git/Alura_Airflow_Oficial/venv/lib/python3.9/site-packages/airflow/example_dags/example_external_task_marker_dag.py
[2024-04-02 19:52:14,176] {processor.py:651} INFO - DAG(s) dict_keys(['example_external_task_marker_parent', 'example_external_task_marker_child']) retrieved from /Users/miltonvolpato/Git/Alura_Airflow_Oficial/venv/lib/python3.9/site-packages/airflow/example_dags/example_external_task_marker_dag.py
[2024-04-02 19:52:14,212] {logging_mixin.py:115} INFO - [2024-04-02 19:52:14,212] {dag.py:2379} INFO - Sync 2 DAGs
[2024-04-02 19:52:14,219] {logging_mixin.py:115} INFO - [2024-04-02 19:52:14,219] {dag.py:2927} INFO - Setting next_dagrun for example_external_task_marker_child to None, run_after=None
[2024-04-02 19:52:14,219] {logging_mixin.py:115} INFO - [2024-04-02 19:52:14,219] {dag.py:2927} INFO - Setting next_dagrun for example_external_task_marker_parent to None, run_after=None
[2024-04-02 19:52:14,224] {processor.py:161} INFO - Processing /Users/miltonvolpato/Git/Alura_Airflow_Oficial/venv/lib/python3.9/site-packages/airflow/example_dags/example_external_task_marker_dag.py took 0.057 seconds
[2024-04-02 19:53:11,770] {processor.py:153} INFO - Started process (PID=12429) to work on /Users/miltonvolpato/Git/Alura_Airflow_Oficial/venv/lib/python3.9/site-packages/airflow/example_dags/example_external_task_marker_dag.py
[2024-04-02 19:53:11,770] {processor.py:641} INFO - Processing file /Users/miltonvolpato/Git/Alura_Airflow_Oficial/venv/lib/python3.9/site-packages/airflow/example_dags/example_external_task_marker_dag.py for tasks to queue
[2024-04-02 19:53:11,770] {logging_mixin.py:115} INFO - [2024-04-02 19:53:11,770] {dagbag.py:507} INFO - Filling up the DagBag from /Users/miltonvolpato/Git/Alura_Airflow_Oficial/venv/lib/python3.9/site-packages/airflow/example_dags/example_external_task_marker_dag.py
[2024-04-02 19:53:11,777] {processor.py:651} INFO - DAG(s) dict_keys(['example_external_task_marker_parent', 'example_external_task_marker_child']) retrieved from /Users/miltonvolpato/Git/Alura_Airflow_Oficial/venv/lib/python3.9/site-packages/airflow/example_dags/example_external_task_marker_dag.py
[2024-04-02 19:53:11,809] {logging_mixin.py:115} INFO - [2024-04-02 19:53:11,809] {dag.py:2379} INFO - Sync 2 DAGs
[2024-04-02 19:53:11,816] {logging_mixin.py:115} INFO - [2024-04-02 19:53:11,816] {dag.py:2927} INFO - Setting next_dagrun for example_external_task_marker_child to None, run_after=None
[2024-04-02 19:53:11,816] {logging_mixin.py:115} INFO - [2024-04-02 19:53:11,816] {dag.py:2927} INFO - Setting next_dagrun for example_external_task_marker_parent to None, run_after=None
[2024-04-02 19:53:11,821] {processor.py:161} INFO - Processing /Users/miltonvolpato/Git/Alura_Airflow_Oficial/venv/lib/python3.9/site-packages/airflow/example_dags/example_external_task_marker_dag.py took 0.051 seconds
[2024-04-02 19:54:07,979] {processor.py:153} INFO - Started process (PID=12538) to work on /Users/miltonvolpato/Git/Alura_Airflow_Oficial/venv/lib/python3.9/site-packages/airflow/example_dags/example_external_task_marker_dag.py
[2024-04-02 19:54:07,980] {processor.py:641} INFO - Processing file /Users/miltonvolpato/Git/Alura_Airflow_Oficial/venv/lib/python3.9/site-packages/airflow/example_dags/example_external_task_marker_dag.py for tasks to queue
[2024-04-02 19:54:07,980] {logging_mixin.py:115} INFO - [2024-04-02 19:54:07,980] {dagbag.py:507} INFO - Filling up the DagBag from /Users/miltonvolpato/Git/Alura_Airflow_Oficial/venv/lib/python3.9/site-packages/airflow/example_dags/example_external_task_marker_dag.py
[2024-04-02 19:54:07,986] {processor.py:651} INFO - DAG(s) dict_keys(['example_external_task_marker_parent', 'example_external_task_marker_child']) retrieved from /Users/miltonvolpato/Git/Alura_Airflow_Oficial/venv/lib/python3.9/site-packages/airflow/example_dags/example_external_task_marker_dag.py
[2024-04-02 19:54:08,019] {logging_mixin.py:115} INFO - [2024-04-02 19:54:08,019] {dag.py:2379} INFO - Sync 2 DAGs
[2024-04-02 19:54:08,026] {logging_mixin.py:115} INFO - [2024-04-02 19:54:08,026] {dag.py:2927} INFO - Setting next_dagrun for example_external_task_marker_child to None, run_after=None
[2024-04-02 19:54:08,026] {logging_mixin.py:115} INFO - [2024-04-02 19:54:08,026] {dag.py:2927} INFO - Setting next_dagrun for example_external_task_marker_parent to None, run_after=None
[2024-04-02 19:54:08,031] {processor.py:161} INFO - Processing /Users/miltonvolpato/Git/Alura_Airflow_Oficial/venv/lib/python3.9/site-packages/airflow/example_dags/example_external_task_marker_dag.py took 0.052 seconds
[2024-04-02 19:55:03,920] {processor.py:153} INFO - Started process (PID=12627) to work on /Users/miltonvolpato/Git/Alura_Airflow_Oficial/venv/lib/python3.9/site-packages/airflow/example_dags/example_external_task_marker_dag.py
[2024-04-02 19:55:03,921] {processor.py:641} INFO - Processing file /Users/miltonvolpato/Git/Alura_Airflow_Oficial/venv/lib/python3.9/site-packages/airflow/example_dags/example_external_task_marker_dag.py for tasks to queue
[2024-04-02 19:55:03,921] {logging_mixin.py:115} INFO - [2024-04-02 19:55:03,921] {dagbag.py:507} INFO - Filling up the DagBag from /Users/miltonvolpato/Git/Alura_Airflow_Oficial/venv/lib/python3.9/site-packages/airflow/example_dags/example_external_task_marker_dag.py
[2024-04-02 19:55:03,928] {processor.py:651} INFO - DAG(s) dict_keys(['example_external_task_marker_parent', 'example_external_task_marker_child']) retrieved from /Users/miltonvolpato/Git/Alura_Airflow_Oficial/venv/lib/python3.9/site-packages/airflow/example_dags/example_external_task_marker_dag.py
[2024-04-02 19:55:03,965] {logging_mixin.py:115} INFO - [2024-04-02 19:55:03,965] {dag.py:2379} INFO - Sync 2 DAGs
[2024-04-02 19:55:03,972] {logging_mixin.py:115} INFO - [2024-04-02 19:55:03,972] {dag.py:2927} INFO - Setting next_dagrun for example_external_task_marker_child to None, run_after=None
[2024-04-02 19:55:03,972] {logging_mixin.py:115} INFO - [2024-04-02 19:55:03,972] {dag.py:2927} INFO - Setting next_dagrun for example_external_task_marker_parent to None, run_after=None
[2024-04-02 19:55:03,977] {processor.py:161} INFO - Processing /Users/miltonvolpato/Git/Alura_Airflow_Oficial/venv/lib/python3.9/site-packages/airflow/example_dags/example_external_task_marker_dag.py took 0.057 seconds
