[2024-04-02 19:36:59,385] {processor.py:153} INFO - Started process (PID=11338) to work on /Users/miltonvolpato/Git/Alura_Airflow_Oficial/venv/lib/python3.9/site-packages/airflow/example_dags/example_branch_operator_decorator.py
[2024-04-02 19:36:59,385] {processor.py:641} INFO - Processing file /Users/miltonvolpato/Git/Alura_Airflow_Oficial/venv/lib/python3.9/site-packages/airflow/example_dags/example_branch_operator_decorator.py for tasks to queue
[2024-04-02 19:36:59,385] {logging_mixin.py:115} INFO - [2024-04-02 19:36:59,385] {dagbag.py:507} INFO - Filling up the DagBag from /Users/miltonvolpato/Git/Alura_Airflow_Oficial/venv/lib/python3.9/site-packages/airflow/example_dags/example_branch_operator_decorator.py
[2024-04-02 19:36:59,402] {processor.py:651} INFO - DAG(s) dict_keys(['example_branch_python_operator_decorator']) retrieved from /Users/miltonvolpato/Git/Alura_Airflow_Oficial/venv/lib/python3.9/site-packages/airflow/example_dags/example_branch_operator_decorator.py
[2024-04-02 19:36:59,732] {logging_mixin.py:115} INFO - [2024-04-02 19:36:59,732] {manager.py:508} INFO - Created Permission View: can edit on DAG:example_branch_python_operator_decorator
[2024-04-02 19:36:59,735] {logging_mixin.py:115} INFO - [2024-04-02 19:36:59,735] {manager.py:508} INFO - Created Permission View: can delete on DAG:example_branch_python_operator_decorator
[2024-04-02 19:36:59,737] {logging_mixin.py:115} INFO - [2024-04-02 19:36:59,737] {manager.py:508} INFO - Created Permission View: can read on DAG:example_branch_python_operator_decorator
[2024-04-02 19:36:59,737] {logging_mixin.py:115} INFO - [2024-04-02 19:36:59,737] {dag.py:2379} INFO - Sync 1 DAGs
[2024-04-02 19:36:59,741] {logging_mixin.py:115} INFO - [2024-04-02 19:36:59,741] {dag.py:2398} INFO - Creating ORM DAG for example_branch_python_operator_decorator
[2024-04-02 19:36:59,745] {logging_mixin.py:115} INFO - [2024-04-02 19:36:59,745] {dag.py:2927} INFO - Setting next_dagrun for example_branch_python_operator_decorator to 2024-04-01T00:00:00+00:00, run_after=2024-04-02T00:00:00+00:00
[2024-04-02 19:36:59,750] {processor.py:161} INFO - Processing /Users/miltonvolpato/Git/Alura_Airflow_Oficial/venv/lib/python3.9/site-packages/airflow/example_dags/example_branch_operator_decorator.py took 0.366 seconds
[2024-04-02 19:37:48,562] {processor.py:153} INFO - Started process (PID=11444) to work on /Users/miltonvolpato/Git/Alura_Airflow_Oficial/venv/lib/python3.9/site-packages/airflow/example_dags/example_branch_operator_decorator.py
[2024-04-02 19:37:48,562] {processor.py:641} INFO - Processing file /Users/miltonvolpato/Git/Alura_Airflow_Oficial/venv/lib/python3.9/site-packages/airflow/example_dags/example_branch_operator_decorator.py for tasks to queue
[2024-04-02 19:37:48,562] {logging_mixin.py:115} INFO - [2024-04-02 19:37:48,562] {dagbag.py:507} INFO - Filling up the DagBag from /Users/miltonvolpato/Git/Alura_Airflow_Oficial/venv/lib/python3.9/site-packages/airflow/example_dags/example_branch_operator_decorator.py
[2024-04-02 19:37:48,579] {processor.py:651} INFO - DAG(s) dict_keys(['example_branch_python_operator_decorator']) retrieved from /Users/miltonvolpato/Git/Alura_Airflow_Oficial/venv/lib/python3.9/site-packages/airflow/example_dags/example_branch_operator_decorator.py
[2024-04-02 19:37:48,611] {logging_mixin.py:115} INFO - [2024-04-02 19:37:48,611] {dag.py:2379} INFO - Sync 1 DAGs
[2024-04-02 19:37:48,619] {logging_mixin.py:115} INFO - [2024-04-02 19:37:48,619] {dag.py:2927} INFO - Setting next_dagrun for example_branch_python_operator_decorator to 2024-04-01T00:00:00+00:00, run_after=2024-04-02T00:00:00+00:00
[2024-04-02 19:37:48,625] {processor.py:161} INFO - Processing /Users/miltonvolpato/Git/Alura_Airflow_Oficial/venv/lib/python3.9/site-packages/airflow/example_dags/example_branch_operator_decorator.py took 0.063 seconds
[2024-04-02 19:38:40,940] {processor.py:153} INFO - Started process (PID=11518) to work on /Users/miltonvolpato/Git/Alura_Airflow_Oficial/venv/lib/python3.9/site-packages/airflow/example_dags/example_branch_operator_decorator.py
[2024-04-02 19:38:40,940] {processor.py:641} INFO - Processing file /Users/miltonvolpato/Git/Alura_Airflow_Oficial/venv/lib/python3.9/site-packages/airflow/example_dags/example_branch_operator_decorator.py for tasks to queue
[2024-04-02 19:38:40,940] {logging_mixin.py:115} INFO - [2024-04-02 19:38:40,940] {dagbag.py:507} INFO - Filling up the DagBag from /Users/miltonvolpato/Git/Alura_Airflow_Oficial/venv/lib/python3.9/site-packages/airflow/example_dags/example_branch_operator_decorator.py
[2024-04-02 19:38:40,955] {processor.py:651} INFO - DAG(s) dict_keys(['example_branch_python_operator_decorator']) retrieved from /Users/miltonvolpato/Git/Alura_Airflow_Oficial/venv/lib/python3.9/site-packages/airflow/example_dags/example_branch_operator_decorator.py
[2024-04-02 19:38:40,983] {logging_mixin.py:115} INFO - [2024-04-02 19:38:40,983] {dag.py:2379} INFO - Sync 1 DAGs
[2024-04-02 19:38:40,990] {logging_mixin.py:115} INFO - [2024-04-02 19:38:40,990] {dag.py:2927} INFO - Setting next_dagrun for example_branch_python_operator_decorator to 2024-04-01T00:00:00+00:00, run_after=2024-04-02T00:00:00+00:00
[2024-04-02 19:38:40,995] {processor.py:161} INFO - Processing /Users/miltonvolpato/Git/Alura_Airflow_Oficial/venv/lib/python3.9/site-packages/airflow/example_dags/example_branch_operator_decorator.py took 0.056 seconds
[2024-04-02 19:39:29,736] {processor.py:153} INFO - Started process (PID=11562) to work on /Users/miltonvolpato/Git/Alura_Airflow_Oficial/venv/lib/python3.9/site-packages/airflow/example_dags/example_branch_operator_decorator.py
[2024-04-02 19:39:29,736] {processor.py:641} INFO - Processing file /Users/miltonvolpato/Git/Alura_Airflow_Oficial/venv/lib/python3.9/site-packages/airflow/example_dags/example_branch_operator_decorator.py for tasks to queue
[2024-04-02 19:39:29,737] {logging_mixin.py:115} INFO - [2024-04-02 19:39:29,737] {dagbag.py:507} INFO - Filling up the DagBag from /Users/miltonvolpato/Git/Alura_Airflow_Oficial/venv/lib/python3.9/site-packages/airflow/example_dags/example_branch_operator_decorator.py
[2024-04-02 19:39:29,753] {processor.py:651} INFO - DAG(s) dict_keys(['example_branch_python_operator_decorator']) retrieved from /Users/miltonvolpato/Git/Alura_Airflow_Oficial/venv/lib/python3.9/site-packages/airflow/example_dags/example_branch_operator_decorator.py
[2024-04-02 19:39:29,783] {logging_mixin.py:115} INFO - [2024-04-02 19:39:29,783] {dag.py:2379} INFO - Sync 1 DAGs
[2024-04-02 19:39:29,790] {logging_mixin.py:115} INFO - [2024-04-02 19:39:29,790] {dag.py:2927} INFO - Setting next_dagrun for example_branch_python_operator_decorator to 2024-04-01T00:00:00+00:00, run_after=2024-04-02T00:00:00+00:00
[2024-04-02 19:39:29,795] {processor.py:161} INFO - Processing /Users/miltonvolpato/Git/Alura_Airflow_Oficial/venv/lib/python3.9/site-packages/airflow/example_dags/example_branch_operator_decorator.py took 0.059 seconds
[2024-04-02 19:40:17,275] {processor.py:153} INFO - Started process (PID=11609) to work on /Users/miltonvolpato/Git/Alura_Airflow_Oficial/venv/lib/python3.9/site-packages/airflow/example_dags/example_branch_operator_decorator.py
[2024-04-02 19:40:17,276] {processor.py:641} INFO - Processing file /Users/miltonvolpato/Git/Alura_Airflow_Oficial/venv/lib/python3.9/site-packages/airflow/example_dags/example_branch_operator_decorator.py for tasks to queue
[2024-04-02 19:40:17,276] {logging_mixin.py:115} INFO - [2024-04-02 19:40:17,276] {dagbag.py:507} INFO - Filling up the DagBag from /Users/miltonvolpato/Git/Alura_Airflow_Oficial/venv/lib/python3.9/site-packages/airflow/example_dags/example_branch_operator_decorator.py
[2024-04-02 19:40:17,292] {processor.py:651} INFO - DAG(s) dict_keys(['example_branch_python_operator_decorator']) retrieved from /Users/miltonvolpato/Git/Alura_Airflow_Oficial/venv/lib/python3.9/site-packages/airflow/example_dags/example_branch_operator_decorator.py
[2024-04-02 19:40:17,322] {logging_mixin.py:115} INFO - [2024-04-02 19:40:17,322] {dag.py:2379} INFO - Sync 1 DAGs
[2024-04-02 19:40:17,329] {logging_mixin.py:115} INFO - [2024-04-02 19:40:17,329] {dag.py:2927} INFO - Setting next_dagrun for example_branch_python_operator_decorator to 2024-04-01T00:00:00+00:00, run_after=2024-04-02T00:00:00+00:00
[2024-04-02 19:40:17,334] {processor.py:161} INFO - Processing /Users/miltonvolpato/Git/Alura_Airflow_Oficial/venv/lib/python3.9/site-packages/airflow/example_dags/example_branch_operator_decorator.py took 0.059 seconds
[2024-04-02 19:41:12,812] {processor.py:153} INFO - Started process (PID=11654) to work on /Users/miltonvolpato/Git/Alura_Airflow_Oficial/venv/lib/python3.9/site-packages/airflow/example_dags/example_branch_operator_decorator.py
[2024-04-02 19:41:12,812] {processor.py:641} INFO - Processing file /Users/miltonvolpato/Git/Alura_Airflow_Oficial/venv/lib/python3.9/site-packages/airflow/example_dags/example_branch_operator_decorator.py for tasks to queue
[2024-04-02 19:41:12,812] {logging_mixin.py:115} INFO - [2024-04-02 19:41:12,812] {dagbag.py:507} INFO - Filling up the DagBag from /Users/miltonvolpato/Git/Alura_Airflow_Oficial/venv/lib/python3.9/site-packages/airflow/example_dags/example_branch_operator_decorator.py
[2024-04-02 19:41:12,828] {processor.py:651} INFO - DAG(s) dict_keys(['example_branch_python_operator_decorator']) retrieved from /Users/miltonvolpato/Git/Alura_Airflow_Oficial/venv/lib/python3.9/site-packages/airflow/example_dags/example_branch_operator_decorator.py
[2024-04-02 19:41:12,857] {logging_mixin.py:115} INFO - [2024-04-02 19:41:12,857] {dag.py:2379} INFO - Sync 1 DAGs
[2024-04-02 19:41:12,864] {logging_mixin.py:115} INFO - [2024-04-02 19:41:12,864] {dag.py:2927} INFO - Setting next_dagrun for example_branch_python_operator_decorator to 2024-04-01T00:00:00+00:00, run_after=2024-04-02T00:00:00+00:00
[2024-04-02 19:41:12,869] {processor.py:161} INFO - Processing /Users/miltonvolpato/Git/Alura_Airflow_Oficial/venv/lib/python3.9/site-packages/airflow/example_dags/example_branch_operator_decorator.py took 0.057 seconds
[2024-04-02 19:42:06,062] {processor.py:153} INFO - Started process (PID=11705) to work on /Users/miltonvolpato/Git/Alura_Airflow_Oficial/venv/lib/python3.9/site-packages/airflow/example_dags/example_branch_operator_decorator.py
[2024-04-02 19:42:06,062] {processor.py:641} INFO - Processing file /Users/miltonvolpato/Git/Alura_Airflow_Oficial/venv/lib/python3.9/site-packages/airflow/example_dags/example_branch_operator_decorator.py for tasks to queue
[2024-04-02 19:42:06,062] {logging_mixin.py:115} INFO - [2024-04-02 19:42:06,062] {dagbag.py:507} INFO - Filling up the DagBag from /Users/miltonvolpato/Git/Alura_Airflow_Oficial/venv/lib/python3.9/site-packages/airflow/example_dags/example_branch_operator_decorator.py
[2024-04-02 19:42:06,078] {processor.py:651} INFO - DAG(s) dict_keys(['example_branch_python_operator_decorator']) retrieved from /Users/miltonvolpato/Git/Alura_Airflow_Oficial/venv/lib/python3.9/site-packages/airflow/example_dags/example_branch_operator_decorator.py
[2024-04-02 19:42:06,106] {logging_mixin.py:115} INFO - [2024-04-02 19:42:06,106] {dag.py:2379} INFO - Sync 1 DAGs
[2024-04-02 19:42:06,113] {logging_mixin.py:115} INFO - [2024-04-02 19:42:06,113] {dag.py:2927} INFO - Setting next_dagrun for example_branch_python_operator_decorator to 2024-04-01T00:00:00+00:00, run_after=2024-04-02T00:00:00+00:00
[2024-04-02 19:42:06,118] {processor.py:161} INFO - Processing /Users/miltonvolpato/Git/Alura_Airflow_Oficial/venv/lib/python3.9/site-packages/airflow/example_dags/example_branch_operator_decorator.py took 0.056 seconds
[2024-04-02 19:42:57,229] {processor.py:153} INFO - Started process (PID=11753) to work on /Users/miltonvolpato/Git/Alura_Airflow_Oficial/venv/lib/python3.9/site-packages/airflow/example_dags/example_branch_operator_decorator.py
[2024-04-02 19:42:57,230] {processor.py:641} INFO - Processing file /Users/miltonvolpato/Git/Alura_Airflow_Oficial/venv/lib/python3.9/site-packages/airflow/example_dags/example_branch_operator_decorator.py for tasks to queue
[2024-04-02 19:42:57,230] {logging_mixin.py:115} INFO - [2024-04-02 19:42:57,230] {dagbag.py:507} INFO - Filling up the DagBag from /Users/miltonvolpato/Git/Alura_Airflow_Oficial/venv/lib/python3.9/site-packages/airflow/example_dags/example_branch_operator_decorator.py
[2024-04-02 19:42:57,248] {processor.py:651} INFO - DAG(s) dict_keys(['example_branch_python_operator_decorator']) retrieved from /Users/miltonvolpato/Git/Alura_Airflow_Oficial/venv/lib/python3.9/site-packages/airflow/example_dags/example_branch_operator_decorator.py
[2024-04-02 19:42:57,288] {logging_mixin.py:115} INFO - [2024-04-02 19:42:57,288] {dag.py:2379} INFO - Sync 1 DAGs
[2024-04-02 19:42:57,297] {logging_mixin.py:115} INFO - [2024-04-02 19:42:57,296] {dag.py:2927} INFO - Setting next_dagrun for example_branch_python_operator_decorator to 2024-04-01T00:00:00+00:00, run_after=2024-04-02T00:00:00+00:00
[2024-04-02 19:42:57,303] {processor.py:161} INFO - Processing /Users/miltonvolpato/Git/Alura_Airflow_Oficial/venv/lib/python3.9/site-packages/airflow/example_dags/example_branch_operator_decorator.py took 0.074 seconds
[2024-04-02 19:43:49,178] {processor.py:153} INFO - Started process (PID=11809) to work on /Users/miltonvolpato/Git/Alura_Airflow_Oficial/venv/lib/python3.9/site-packages/airflow/example_dags/example_branch_operator_decorator.py
[2024-04-02 19:43:49,179] {processor.py:641} INFO - Processing file /Users/miltonvolpato/Git/Alura_Airflow_Oficial/venv/lib/python3.9/site-packages/airflow/example_dags/example_branch_operator_decorator.py for tasks to queue
[2024-04-02 19:43:49,179] {logging_mixin.py:115} INFO - [2024-04-02 19:43:49,179] {dagbag.py:507} INFO - Filling up the DagBag from /Users/miltonvolpato/Git/Alura_Airflow_Oficial/venv/lib/python3.9/site-packages/airflow/example_dags/example_branch_operator_decorator.py
[2024-04-02 19:43:49,194] {processor.py:651} INFO - DAG(s) dict_keys(['example_branch_python_operator_decorator']) retrieved from /Users/miltonvolpato/Git/Alura_Airflow_Oficial/venv/lib/python3.9/site-packages/airflow/example_dags/example_branch_operator_decorator.py
[2024-04-02 19:43:49,224] {logging_mixin.py:115} INFO - [2024-04-02 19:43:49,224] {dag.py:2379} INFO - Sync 1 DAGs
[2024-04-02 19:43:49,231] {logging_mixin.py:115} INFO - [2024-04-02 19:43:49,231] {dag.py:2927} INFO - Setting next_dagrun for example_branch_python_operator_decorator to 2024-04-01T00:00:00+00:00, run_after=2024-04-02T00:00:00+00:00
[2024-04-02 19:43:49,236] {processor.py:161} INFO - Processing /Users/miltonvolpato/Git/Alura_Airflow_Oficial/venv/lib/python3.9/site-packages/airflow/example_dags/example_branch_operator_decorator.py took 0.058 seconds
[2024-04-02 19:44:46,349] {processor.py:153} INFO - Started process (PID=11886) to work on /Users/miltonvolpato/Git/Alura_Airflow_Oficial/venv/lib/python3.9/site-packages/airflow/example_dags/example_branch_operator_decorator.py
[2024-04-02 19:44:46,350] {processor.py:641} INFO - Processing file /Users/miltonvolpato/Git/Alura_Airflow_Oficial/venv/lib/python3.9/site-packages/airflow/example_dags/example_branch_operator_decorator.py for tasks to queue
[2024-04-02 19:44:46,351] {logging_mixin.py:115} INFO - [2024-04-02 19:44:46,351] {dagbag.py:507} INFO - Filling up the DagBag from /Users/miltonvolpato/Git/Alura_Airflow_Oficial/venv/lib/python3.9/site-packages/airflow/example_dags/example_branch_operator_decorator.py
[2024-04-02 19:44:46,368] {processor.py:651} INFO - DAG(s) dict_keys(['example_branch_python_operator_decorator']) retrieved from /Users/miltonvolpato/Git/Alura_Airflow_Oficial/venv/lib/python3.9/site-packages/airflow/example_dags/example_branch_operator_decorator.py
[2024-04-02 19:44:46,399] {logging_mixin.py:115} INFO - [2024-04-02 19:44:46,399] {dag.py:2379} INFO - Sync 1 DAGs
[2024-04-02 19:44:46,406] {logging_mixin.py:115} INFO - [2024-04-02 19:44:46,406] {dag.py:2927} INFO - Setting next_dagrun for example_branch_python_operator_decorator to 2024-04-01T00:00:00+00:00, run_after=2024-04-02T00:00:00+00:00
[2024-04-02 19:44:46,411] {processor.py:161} INFO - Processing /Users/miltonvolpato/Git/Alura_Airflow_Oficial/venv/lib/python3.9/site-packages/airflow/example_dags/example_branch_operator_decorator.py took 0.062 seconds
[2024-04-02 19:45:37,875] {processor.py:153} INFO - Started process (PID=11928) to work on /Users/miltonvolpato/Git/Alura_Airflow_Oficial/venv/lib/python3.9/site-packages/airflow/example_dags/example_branch_operator_decorator.py
[2024-04-02 19:45:37,875] {processor.py:641} INFO - Processing file /Users/miltonvolpato/Git/Alura_Airflow_Oficial/venv/lib/python3.9/site-packages/airflow/example_dags/example_branch_operator_decorator.py for tasks to queue
[2024-04-02 19:45:37,875] {logging_mixin.py:115} INFO - [2024-04-02 19:45:37,875] {dagbag.py:507} INFO - Filling up the DagBag from /Users/miltonvolpato/Git/Alura_Airflow_Oficial/venv/lib/python3.9/site-packages/airflow/example_dags/example_branch_operator_decorator.py
[2024-04-02 19:45:37,893] {processor.py:651} INFO - DAG(s) dict_keys(['example_branch_python_operator_decorator']) retrieved from /Users/miltonvolpato/Git/Alura_Airflow_Oficial/venv/lib/python3.9/site-packages/airflow/example_dags/example_branch_operator_decorator.py
[2024-04-02 19:45:37,922] {logging_mixin.py:115} INFO - [2024-04-02 19:45:37,922] {dag.py:2379} INFO - Sync 1 DAGs
[2024-04-02 19:45:37,929] {logging_mixin.py:115} INFO - [2024-04-02 19:45:37,929] {dag.py:2927} INFO - Setting next_dagrun for example_branch_python_operator_decorator to 2024-04-01T00:00:00+00:00, run_after=2024-04-02T00:00:00+00:00
[2024-04-02 19:45:37,934] {processor.py:161} INFO - Processing /Users/miltonvolpato/Git/Alura_Airflow_Oficial/venv/lib/python3.9/site-packages/airflow/example_dags/example_branch_operator_decorator.py took 0.059 seconds
[2024-04-02 19:46:27,860] {processor.py:153} INFO - Started process (PID=11990) to work on /Users/miltonvolpato/Git/Alura_Airflow_Oficial/venv/lib/python3.9/site-packages/airflow/example_dags/example_branch_operator_decorator.py
[2024-04-02 19:46:27,861] {processor.py:641} INFO - Processing file /Users/miltonvolpato/Git/Alura_Airflow_Oficial/venv/lib/python3.9/site-packages/airflow/example_dags/example_branch_operator_decorator.py for tasks to queue
[2024-04-02 19:46:27,861] {logging_mixin.py:115} INFO - [2024-04-02 19:46:27,861] {dagbag.py:507} INFO - Filling up the DagBag from /Users/miltonvolpato/Git/Alura_Airflow_Oficial/venv/lib/python3.9/site-packages/airflow/example_dags/example_branch_operator_decorator.py
[2024-04-02 19:46:27,877] {processor.py:651} INFO - DAG(s) dict_keys(['example_branch_python_operator_decorator']) retrieved from /Users/miltonvolpato/Git/Alura_Airflow_Oficial/venv/lib/python3.9/site-packages/airflow/example_dags/example_branch_operator_decorator.py
[2024-04-02 19:46:27,906] {logging_mixin.py:115} INFO - [2024-04-02 19:46:27,906] {dag.py:2379} INFO - Sync 1 DAGs
[2024-04-02 19:46:27,913] {logging_mixin.py:115} INFO - [2024-04-02 19:46:27,913] {dag.py:2927} INFO - Setting next_dagrun for example_branch_python_operator_decorator to 2024-04-01T00:00:00+00:00, run_after=2024-04-02T00:00:00+00:00
[2024-04-02 19:46:27,918] {processor.py:161} INFO - Processing /Users/miltonvolpato/Git/Alura_Airflow_Oficial/venv/lib/python3.9/site-packages/airflow/example_dags/example_branch_operator_decorator.py took 0.058 seconds
[2024-04-02 19:47:23,466] {processor.py:153} INFO - Started process (PID=12072) to work on /Users/miltonvolpato/Git/Alura_Airflow_Oficial/venv/lib/python3.9/site-packages/airflow/example_dags/example_branch_operator_decorator.py
[2024-04-02 19:47:23,466] {processor.py:641} INFO - Processing file /Users/miltonvolpato/Git/Alura_Airflow_Oficial/venv/lib/python3.9/site-packages/airflow/example_dags/example_branch_operator_decorator.py for tasks to queue
[2024-04-02 19:47:23,466] {logging_mixin.py:115} INFO - [2024-04-02 19:47:23,466] {dagbag.py:507} INFO - Filling up the DagBag from /Users/miltonvolpato/Git/Alura_Airflow_Oficial/venv/lib/python3.9/site-packages/airflow/example_dags/example_branch_operator_decorator.py
[2024-04-02 19:47:23,482] {processor.py:651} INFO - DAG(s) dict_keys(['example_branch_python_operator_decorator']) retrieved from /Users/miltonvolpato/Git/Alura_Airflow_Oficial/venv/lib/python3.9/site-packages/airflow/example_dags/example_branch_operator_decorator.py
[2024-04-02 19:47:23,512] {logging_mixin.py:115} INFO - [2024-04-02 19:47:23,512] {dag.py:2379} INFO - Sync 1 DAGs
[2024-04-02 19:47:23,520] {logging_mixin.py:115} INFO - [2024-04-02 19:47:23,520] {dag.py:2927} INFO - Setting next_dagrun for example_branch_python_operator_decorator to 2024-04-01T00:00:00+00:00, run_after=2024-04-02T00:00:00+00:00
[2024-04-02 19:47:23,525] {processor.py:161} INFO - Processing /Users/miltonvolpato/Git/Alura_Airflow_Oficial/venv/lib/python3.9/site-packages/airflow/example_dags/example_branch_operator_decorator.py took 0.060 seconds
[2024-04-02 19:48:10,271] {processor.py:153} INFO - Started process (PID=12132) to work on /Users/miltonvolpato/Git/Alura_Airflow_Oficial/venv/lib/python3.9/site-packages/airflow/example_dags/example_branch_operator_decorator.py
[2024-04-02 19:48:10,271] {processor.py:641} INFO - Processing file /Users/miltonvolpato/Git/Alura_Airflow_Oficial/venv/lib/python3.9/site-packages/airflow/example_dags/example_branch_operator_decorator.py for tasks to queue
[2024-04-02 19:48:10,272] {logging_mixin.py:115} INFO - [2024-04-02 19:48:10,272] {dagbag.py:507} INFO - Filling up the DagBag from /Users/miltonvolpato/Git/Alura_Airflow_Oficial/venv/lib/python3.9/site-packages/airflow/example_dags/example_branch_operator_decorator.py
[2024-04-02 19:48:10,287] {processor.py:651} INFO - DAG(s) dict_keys(['example_branch_python_operator_decorator']) retrieved from /Users/miltonvolpato/Git/Alura_Airflow_Oficial/venv/lib/python3.9/site-packages/airflow/example_dags/example_branch_operator_decorator.py
[2024-04-02 19:48:10,316] {logging_mixin.py:115} INFO - [2024-04-02 19:48:10,316] {dag.py:2379} INFO - Sync 1 DAGs
[2024-04-02 19:48:10,323] {logging_mixin.py:115} INFO - [2024-04-02 19:48:10,323] {dag.py:2927} INFO - Setting next_dagrun for example_branch_python_operator_decorator to 2024-04-01T00:00:00+00:00, run_after=2024-04-02T00:00:00+00:00
[2024-04-02 19:48:10,328] {processor.py:161} INFO - Processing /Users/miltonvolpato/Git/Alura_Airflow_Oficial/venv/lib/python3.9/site-packages/airflow/example_dags/example_branch_operator_decorator.py took 0.057 seconds
[2024-04-02 19:48:58,246] {processor.py:153} INFO - Started process (PID=12185) to work on /Users/miltonvolpato/Git/Alura_Airflow_Oficial/venv/lib/python3.9/site-packages/airflow/example_dags/example_branch_operator_decorator.py
[2024-04-02 19:48:58,246] {processor.py:641} INFO - Processing file /Users/miltonvolpato/Git/Alura_Airflow_Oficial/venv/lib/python3.9/site-packages/airflow/example_dags/example_branch_operator_decorator.py for tasks to queue
[2024-04-02 19:48:58,246] {logging_mixin.py:115} INFO - [2024-04-02 19:48:58,246] {dagbag.py:507} INFO - Filling up the DagBag from /Users/miltonvolpato/Git/Alura_Airflow_Oficial/venv/lib/python3.9/site-packages/airflow/example_dags/example_branch_operator_decorator.py
[2024-04-02 19:48:58,262] {processor.py:651} INFO - DAG(s) dict_keys(['example_branch_python_operator_decorator']) retrieved from /Users/miltonvolpato/Git/Alura_Airflow_Oficial/venv/lib/python3.9/site-packages/airflow/example_dags/example_branch_operator_decorator.py
[2024-04-02 19:48:58,291] {logging_mixin.py:115} INFO - [2024-04-02 19:48:58,291] {dag.py:2379} INFO - Sync 1 DAGs
[2024-04-02 19:48:58,298] {logging_mixin.py:115} INFO - [2024-04-02 19:48:58,298] {dag.py:2927} INFO - Setting next_dagrun for example_branch_python_operator_decorator to 2024-04-01T00:00:00+00:00, run_after=2024-04-02T00:00:00+00:00
[2024-04-02 19:48:58,303] {processor.py:161} INFO - Processing /Users/miltonvolpato/Git/Alura_Airflow_Oficial/venv/lib/python3.9/site-packages/airflow/example_dags/example_branch_operator_decorator.py took 0.058 seconds
[2024-04-02 19:49:51,327] {processor.py:153} INFO - Started process (PID=12244) to work on /Users/miltonvolpato/Git/Alura_Airflow_Oficial/venv/lib/python3.9/site-packages/airflow/example_dags/example_branch_operator_decorator.py
[2024-04-02 19:49:51,328] {processor.py:641} INFO - Processing file /Users/miltonvolpato/Git/Alura_Airflow_Oficial/venv/lib/python3.9/site-packages/airflow/example_dags/example_branch_operator_decorator.py for tasks to queue
[2024-04-02 19:49:51,328] {logging_mixin.py:115} INFO - [2024-04-02 19:49:51,328] {dagbag.py:507} INFO - Filling up the DagBag from /Users/miltonvolpato/Git/Alura_Airflow_Oficial/venv/lib/python3.9/site-packages/airflow/example_dags/example_branch_operator_decorator.py
[2024-04-02 19:49:51,344] {processor.py:651} INFO - DAG(s) dict_keys(['example_branch_python_operator_decorator']) retrieved from /Users/miltonvolpato/Git/Alura_Airflow_Oficial/venv/lib/python3.9/site-packages/airflow/example_dags/example_branch_operator_decorator.py
[2024-04-02 19:49:51,373] {logging_mixin.py:115} INFO - [2024-04-02 19:49:51,373] {dag.py:2379} INFO - Sync 1 DAGs
[2024-04-02 19:49:51,380] {logging_mixin.py:115} INFO - [2024-04-02 19:49:51,380] {dag.py:2927} INFO - Setting next_dagrun for example_branch_python_operator_decorator to 2024-04-01T00:00:00+00:00, run_after=2024-04-02T00:00:00+00:00
[2024-04-02 19:49:51,385] {processor.py:161} INFO - Processing /Users/miltonvolpato/Git/Alura_Airflow_Oficial/venv/lib/python3.9/site-packages/airflow/example_dags/example_branch_operator_decorator.py took 0.058 seconds
[2024-04-02 19:50:44,468] {processor.py:153} INFO - Started process (PID=12290) to work on /Users/miltonvolpato/Git/Alura_Airflow_Oficial/venv/lib/python3.9/site-packages/airflow/example_dags/example_branch_operator_decorator.py
[2024-04-02 19:50:44,469] {processor.py:641} INFO - Processing file /Users/miltonvolpato/Git/Alura_Airflow_Oficial/venv/lib/python3.9/site-packages/airflow/example_dags/example_branch_operator_decorator.py for tasks to queue
[2024-04-02 19:50:44,469] {logging_mixin.py:115} INFO - [2024-04-02 19:50:44,469] {dagbag.py:507} INFO - Filling up the DagBag from /Users/miltonvolpato/Git/Alura_Airflow_Oficial/venv/lib/python3.9/site-packages/airflow/example_dags/example_branch_operator_decorator.py
[2024-04-02 19:50:44,485] {processor.py:651} INFO - DAG(s) dict_keys(['example_branch_python_operator_decorator']) retrieved from /Users/miltonvolpato/Git/Alura_Airflow_Oficial/venv/lib/python3.9/site-packages/airflow/example_dags/example_branch_operator_decorator.py
[2024-04-02 19:50:44,515] {logging_mixin.py:115} INFO - [2024-04-02 19:50:44,515] {dag.py:2379} INFO - Sync 1 DAGs
[2024-04-02 19:50:44,522] {logging_mixin.py:115} INFO - [2024-04-02 19:50:44,522] {dag.py:2927} INFO - Setting next_dagrun for example_branch_python_operator_decorator to 2024-04-01T00:00:00+00:00, run_after=2024-04-02T00:00:00+00:00
[2024-04-02 19:50:44,527] {processor.py:161} INFO - Processing /Users/miltonvolpato/Git/Alura_Airflow_Oficial/venv/lib/python3.9/site-packages/airflow/example_dags/example_branch_operator_decorator.py took 0.059 seconds
[2024-04-02 19:51:37,664] {processor.py:153} INFO - Started process (PID=12336) to work on /Users/miltonvolpato/Git/Alura_Airflow_Oficial/venv/lib/python3.9/site-packages/airflow/example_dags/example_branch_operator_decorator.py
[2024-04-02 19:51:37,665] {processor.py:641} INFO - Processing file /Users/miltonvolpato/Git/Alura_Airflow_Oficial/venv/lib/python3.9/site-packages/airflow/example_dags/example_branch_operator_decorator.py for tasks to queue
[2024-04-02 19:51:37,665] {logging_mixin.py:115} INFO - [2024-04-02 19:51:37,665] {dagbag.py:507} INFO - Filling up the DagBag from /Users/miltonvolpato/Git/Alura_Airflow_Oficial/venv/lib/python3.9/site-packages/airflow/example_dags/example_branch_operator_decorator.py
[2024-04-02 19:51:37,682] {processor.py:651} INFO - DAG(s) dict_keys(['example_branch_python_operator_decorator']) retrieved from /Users/miltonvolpato/Git/Alura_Airflow_Oficial/venv/lib/python3.9/site-packages/airflow/example_dags/example_branch_operator_decorator.py
[2024-04-02 19:51:37,712] {logging_mixin.py:115} INFO - [2024-04-02 19:51:37,712] {dag.py:2379} INFO - Sync 1 DAGs
[2024-04-02 19:51:37,719] {logging_mixin.py:115} INFO - [2024-04-02 19:51:37,719] {dag.py:2927} INFO - Setting next_dagrun for example_branch_python_operator_decorator to 2024-04-01T00:00:00+00:00, run_after=2024-04-02T00:00:00+00:00
[2024-04-02 19:51:37,724] {processor.py:161} INFO - Processing /Users/miltonvolpato/Git/Alura_Airflow_Oficial/venv/lib/python3.9/site-packages/airflow/example_dags/example_branch_operator_decorator.py took 0.060 seconds
[2024-04-02 19:52:30,256] {processor.py:153} INFO - Started process (PID=12397) to work on /Users/miltonvolpato/Git/Alura_Airflow_Oficial/venv/lib/python3.9/site-packages/airflow/example_dags/example_branch_operator_decorator.py
[2024-04-02 19:52:30,257] {processor.py:641} INFO - Processing file /Users/miltonvolpato/Git/Alura_Airflow_Oficial/venv/lib/python3.9/site-packages/airflow/example_dags/example_branch_operator_decorator.py for tasks to queue
[2024-04-02 19:52:30,257] {logging_mixin.py:115} INFO - [2024-04-02 19:52:30,257] {dagbag.py:507} INFO - Filling up the DagBag from /Users/miltonvolpato/Git/Alura_Airflow_Oficial/venv/lib/python3.9/site-packages/airflow/example_dags/example_branch_operator_decorator.py
[2024-04-02 19:52:30,274] {processor.py:651} INFO - DAG(s) dict_keys(['example_branch_python_operator_decorator']) retrieved from /Users/miltonvolpato/Git/Alura_Airflow_Oficial/venv/lib/python3.9/site-packages/airflow/example_dags/example_branch_operator_decorator.py
[2024-04-02 19:52:30,307] {logging_mixin.py:115} INFO - [2024-04-02 19:52:30,307] {dag.py:2379} INFO - Sync 1 DAGs
[2024-04-02 19:52:30,315] {logging_mixin.py:115} INFO - [2024-04-02 19:52:30,315] {dag.py:2927} INFO - Setting next_dagrun for example_branch_python_operator_decorator to 2024-04-01T00:00:00+00:00, run_after=2024-04-02T00:00:00+00:00
[2024-04-02 19:52:30,321] {processor.py:161} INFO - Processing /Users/miltonvolpato/Git/Alura_Airflow_Oficial/venv/lib/python3.9/site-packages/airflow/example_dags/example_branch_operator_decorator.py took 0.065 seconds
[2024-04-02 19:53:29,634] {processor.py:153} INFO - Started process (PID=12466) to work on /Users/miltonvolpato/Git/Alura_Airflow_Oficial/venv/lib/python3.9/site-packages/airflow/example_dags/example_branch_operator_decorator.py
[2024-04-02 19:53:29,634] {processor.py:641} INFO - Processing file /Users/miltonvolpato/Git/Alura_Airflow_Oficial/venv/lib/python3.9/site-packages/airflow/example_dags/example_branch_operator_decorator.py for tasks to queue
[2024-04-02 19:53:29,634] {logging_mixin.py:115} INFO - [2024-04-02 19:53:29,634] {dagbag.py:507} INFO - Filling up the DagBag from /Users/miltonvolpato/Git/Alura_Airflow_Oficial/venv/lib/python3.9/site-packages/airflow/example_dags/example_branch_operator_decorator.py
[2024-04-02 19:53:29,651] {processor.py:651} INFO - DAG(s) dict_keys(['example_branch_python_operator_decorator']) retrieved from /Users/miltonvolpato/Git/Alura_Airflow_Oficial/venv/lib/python3.9/site-packages/airflow/example_dags/example_branch_operator_decorator.py
[2024-04-02 19:53:29,683] {logging_mixin.py:115} INFO - [2024-04-02 19:53:29,683] {dag.py:2379} INFO - Sync 1 DAGs
[2024-04-02 19:53:29,690] {logging_mixin.py:115} INFO - [2024-04-02 19:53:29,690] {dag.py:2927} INFO - Setting next_dagrun for example_branch_python_operator_decorator to 2024-04-01T00:00:00+00:00, run_after=2024-04-02T00:00:00+00:00
[2024-04-02 19:53:29,695] {processor.py:161} INFO - Processing /Users/miltonvolpato/Git/Alura_Airflow_Oficial/venv/lib/python3.9/site-packages/airflow/example_dags/example_branch_operator_decorator.py took 0.062 seconds
[2024-04-02 19:54:25,217] {processor.py:153} INFO - Started process (PID=12555) to work on /Users/miltonvolpato/Git/Alura_Airflow_Oficial/venv/lib/python3.9/site-packages/airflow/example_dags/example_branch_operator_decorator.py
[2024-04-02 19:54:25,217] {processor.py:641} INFO - Processing file /Users/miltonvolpato/Git/Alura_Airflow_Oficial/venv/lib/python3.9/site-packages/airflow/example_dags/example_branch_operator_decorator.py for tasks to queue
[2024-04-02 19:54:25,218] {logging_mixin.py:115} INFO - [2024-04-02 19:54:25,218] {dagbag.py:507} INFO - Filling up the DagBag from /Users/miltonvolpato/Git/Alura_Airflow_Oficial/venv/lib/python3.9/site-packages/airflow/example_dags/example_branch_operator_decorator.py
[2024-04-02 19:54:25,234] {processor.py:651} INFO - DAG(s) dict_keys(['example_branch_python_operator_decorator']) retrieved from /Users/miltonvolpato/Git/Alura_Airflow_Oficial/venv/lib/python3.9/site-packages/airflow/example_dags/example_branch_operator_decorator.py
[2024-04-02 19:54:25,264] {logging_mixin.py:115} INFO - [2024-04-02 19:54:25,264] {dag.py:2379} INFO - Sync 1 DAGs
[2024-04-02 19:54:25,271] {logging_mixin.py:115} INFO - [2024-04-02 19:54:25,271] {dag.py:2927} INFO - Setting next_dagrun for example_branch_python_operator_decorator to 2024-04-01T00:00:00+00:00, run_after=2024-04-02T00:00:00+00:00
[2024-04-02 19:54:25,276] {processor.py:161} INFO - Processing /Users/miltonvolpato/Git/Alura_Airflow_Oficial/venv/lib/python3.9/site-packages/airflow/example_dags/example_branch_operator_decorator.py took 0.060 seconds
[2024-04-02 19:55:22,866] {processor.py:153} INFO - Started process (PID=12649) to work on /Users/miltonvolpato/Git/Alura_Airflow_Oficial/venv/lib/python3.9/site-packages/airflow/example_dags/example_branch_operator_decorator.py
[2024-04-02 19:55:22,867] {processor.py:641} INFO - Processing file /Users/miltonvolpato/Git/Alura_Airflow_Oficial/venv/lib/python3.9/site-packages/airflow/example_dags/example_branch_operator_decorator.py for tasks to queue
[2024-04-02 19:55:22,867] {logging_mixin.py:115} INFO - [2024-04-02 19:55:22,867] {dagbag.py:507} INFO - Filling up the DagBag from /Users/miltonvolpato/Git/Alura_Airflow_Oficial/venv/lib/python3.9/site-packages/airflow/example_dags/example_branch_operator_decorator.py
[2024-04-02 19:55:22,883] {processor.py:651} INFO - DAG(s) dict_keys(['example_branch_python_operator_decorator']) retrieved from /Users/miltonvolpato/Git/Alura_Airflow_Oficial/venv/lib/python3.9/site-packages/airflow/example_dags/example_branch_operator_decorator.py
[2024-04-02 19:55:22,913] {logging_mixin.py:115} INFO - [2024-04-02 19:55:22,912] {dag.py:2379} INFO - Sync 1 DAGs
[2024-04-02 19:55:22,920] {logging_mixin.py:115} INFO - [2024-04-02 19:55:22,920] {dag.py:2927} INFO - Setting next_dagrun for example_branch_python_operator_decorator to 2024-04-01T00:00:00+00:00, run_after=2024-04-02T00:00:00+00:00
[2024-04-02 19:55:22,925] {processor.py:161} INFO - Processing /Users/miltonvolpato/Git/Alura_Airflow_Oficial/venv/lib/python3.9/site-packages/airflow/example_dags/example_branch_operator_decorator.py took 0.059 seconds
