[2024-04-02 19:36:29,694] {processor.py:153} INFO - Started process (PID=11309) to work on /Users/miltonvolpato/Git/Alura_Airflow_Oficial/venv/lib/python3.9/site-packages/airflow/example_dags/example_time_delta_sensor_async.py
[2024-04-02 19:36:29,695] {processor.py:641} INFO - Processing file /Users/miltonvolpato/Git/Alura_Airflow_Oficial/venv/lib/python3.9/site-packages/airflow/example_dags/example_time_delta_sensor_async.py for tasks to queue
[2024-04-02 19:36:29,695] {logging_mixin.py:115} INFO - [2024-04-02 19:36:29,695] {dagbag.py:507} INFO - Filling up the DagBag from /Users/miltonvolpato/Git/Alura_Airflow_Oficial/venv/lib/python3.9/site-packages/airflow/example_dags/example_time_delta_sensor_async.py
[2024-04-02 19:36:29,702] {processor.py:651} INFO - DAG(s) dict_keys(['example_time_delta_sensor_async']) retrieved from /Users/miltonvolpato/Git/Alura_Airflow_Oficial/venv/lib/python3.9/site-packages/airflow/example_dags/example_time_delta_sensor_async.py
[2024-04-02 19:36:30,038] {logging_mixin.py:115} INFO - [2024-04-02 19:36:30,038] {manager.py:508} INFO - Created Permission View: can read on DAG:example_time_delta_sensor_async
[2024-04-02 19:36:30,040] {logging_mixin.py:115} INFO - [2024-04-02 19:36:30,040] {manager.py:508} INFO - Created Permission View: can delete on DAG:example_time_delta_sensor_async
[2024-04-02 19:36:30,043] {logging_mixin.py:115} INFO - [2024-04-02 19:36:30,042] {manager.py:508} INFO - Created Permission View: can edit on DAG:example_time_delta_sensor_async
[2024-04-02 19:36:30,043] {logging_mixin.py:115} INFO - [2024-04-02 19:36:30,043] {dag.py:2379} INFO - Sync 1 DAGs
[2024-04-02 19:36:30,046] {logging_mixin.py:115} INFO - [2024-04-02 19:36:30,046] {dag.py:2398} INFO - Creating ORM DAG for example_time_delta_sensor_async
[2024-04-02 19:36:30,050] {logging_mixin.py:115} INFO - [2024-04-02 19:36:30,050] {dag.py:2927} INFO - Setting next_dagrun for example_time_delta_sensor_async to None, run_after=None
[2024-04-02 19:36:30,055] {processor.py:161} INFO - Processing /Users/miltonvolpato/Git/Alura_Airflow_Oficial/venv/lib/python3.9/site-packages/airflow/example_dags/example_time_delta_sensor_async.py took 0.361 seconds
[2024-04-02 19:37:23,924] {processor.py:153} INFO - Started process (PID=11394) to work on /Users/miltonvolpato/Git/Alura_Airflow_Oficial/venv/lib/python3.9/site-packages/airflow/example_dags/example_time_delta_sensor_async.py
[2024-04-02 19:37:23,925] {processor.py:641} INFO - Processing file /Users/miltonvolpato/Git/Alura_Airflow_Oficial/venv/lib/python3.9/site-packages/airflow/example_dags/example_time_delta_sensor_async.py for tasks to queue
[2024-04-02 19:37:23,925] {logging_mixin.py:115} INFO - [2024-04-02 19:37:23,925] {dagbag.py:507} INFO - Filling up the DagBag from /Users/miltonvolpato/Git/Alura_Airflow_Oficial/venv/lib/python3.9/site-packages/airflow/example_dags/example_time_delta_sensor_async.py
[2024-04-02 19:37:23,932] {processor.py:651} INFO - DAG(s) dict_keys(['example_time_delta_sensor_async']) retrieved from /Users/miltonvolpato/Git/Alura_Airflow_Oficial/venv/lib/python3.9/site-packages/airflow/example_dags/example_time_delta_sensor_async.py
[2024-04-02 19:37:23,969] {logging_mixin.py:115} INFO - [2024-04-02 19:37:23,969] {dag.py:2379} INFO - Sync 1 DAGs
[2024-04-02 19:37:23,976] {logging_mixin.py:115} INFO - [2024-04-02 19:37:23,976] {dag.py:2927} INFO - Setting next_dagrun for example_time_delta_sensor_async to None, run_after=None
[2024-04-02 19:37:23,980] {processor.py:161} INFO - Processing /Users/miltonvolpato/Git/Alura_Airflow_Oficial/venv/lib/python3.9/site-packages/airflow/example_dags/example_time_delta_sensor_async.py took 0.056 seconds
[2024-04-02 19:38:11,324] {processor.py:153} INFO - Started process (PID=11477) to work on /Users/miltonvolpato/Git/Alura_Airflow_Oficial/venv/lib/python3.9/site-packages/airflow/example_dags/example_time_delta_sensor_async.py
[2024-04-02 19:38:11,324] {processor.py:641} INFO - Processing file /Users/miltonvolpato/Git/Alura_Airflow_Oficial/venv/lib/python3.9/site-packages/airflow/example_dags/example_time_delta_sensor_async.py for tasks to queue
[2024-04-02 19:38:11,324] {logging_mixin.py:115} INFO - [2024-04-02 19:38:11,324] {dagbag.py:507} INFO - Filling up the DagBag from /Users/miltonvolpato/Git/Alura_Airflow_Oficial/venv/lib/python3.9/site-packages/airflow/example_dags/example_time_delta_sensor_async.py
[2024-04-02 19:38:11,331] {processor.py:651} INFO - DAG(s) dict_keys(['example_time_delta_sensor_async']) retrieved from /Users/miltonvolpato/Git/Alura_Airflow_Oficial/venv/lib/python3.9/site-packages/airflow/example_dags/example_time_delta_sensor_async.py
[2024-04-02 19:38:11,361] {logging_mixin.py:115} INFO - [2024-04-02 19:38:11,361] {dag.py:2379} INFO - Sync 1 DAGs
[2024-04-02 19:38:11,368] {logging_mixin.py:115} INFO - [2024-04-02 19:38:11,368] {dag.py:2927} INFO - Setting next_dagrun for example_time_delta_sensor_async to None, run_after=None
[2024-04-02 19:38:11,372] {processor.py:161} INFO - Processing /Users/miltonvolpato/Git/Alura_Airflow_Oficial/venv/lib/python3.9/site-packages/airflow/example_dags/example_time_delta_sensor_async.py took 0.049 seconds
[2024-04-02 19:38:51,432] {processor.py:153} INFO - Started process (PID=11529) to work on /Users/miltonvolpato/Git/Alura_Airflow_Oficial/venv/lib/python3.9/site-packages/airflow/example_dags/example_time_delta_sensor_async.py
[2024-04-02 19:38:51,432] {processor.py:641} INFO - Processing file /Users/miltonvolpato/Git/Alura_Airflow_Oficial/venv/lib/python3.9/site-packages/airflow/example_dags/example_time_delta_sensor_async.py for tasks to queue
[2024-04-02 19:38:51,432] {logging_mixin.py:115} INFO - [2024-04-02 19:38:51,432] {dagbag.py:507} INFO - Filling up the DagBag from /Users/miltonvolpato/Git/Alura_Airflow_Oficial/venv/lib/python3.9/site-packages/airflow/example_dags/example_time_delta_sensor_async.py
[2024-04-02 19:38:51,438] {processor.py:651} INFO - DAG(s) dict_keys(['example_time_delta_sensor_async']) retrieved from /Users/miltonvolpato/Git/Alura_Airflow_Oficial/venv/lib/python3.9/site-packages/airflow/example_dags/example_time_delta_sensor_async.py
[2024-04-02 19:38:51,468] {logging_mixin.py:115} INFO - [2024-04-02 19:38:51,468] {dag.py:2379} INFO - Sync 1 DAGs
[2024-04-02 19:38:51,475] {logging_mixin.py:115} INFO - [2024-04-02 19:38:51,475] {dag.py:2927} INFO - Setting next_dagrun for example_time_delta_sensor_async to None, run_after=None
[2024-04-02 19:38:51,480] {processor.py:161} INFO - Processing /Users/miltonvolpato/Git/Alura_Airflow_Oficial/venv/lib/python3.9/site-packages/airflow/example_dags/example_time_delta_sensor_async.py took 0.048 seconds
[2024-04-02 19:39:40,986] {processor.py:153} INFO - Started process (PID=11570) to work on /Users/miltonvolpato/Git/Alura_Airflow_Oficial/venv/lib/python3.9/site-packages/airflow/example_dags/example_time_delta_sensor_async.py
[2024-04-02 19:39:40,986] {processor.py:641} INFO - Processing file /Users/miltonvolpato/Git/Alura_Airflow_Oficial/venv/lib/python3.9/site-packages/airflow/example_dags/example_time_delta_sensor_async.py for tasks to queue
[2024-04-02 19:39:40,986] {logging_mixin.py:115} INFO - [2024-04-02 19:39:40,986] {dagbag.py:507} INFO - Filling up the DagBag from /Users/miltonvolpato/Git/Alura_Airflow_Oficial/venv/lib/python3.9/site-packages/airflow/example_dags/example_time_delta_sensor_async.py
[2024-04-02 19:39:40,992] {processor.py:651} INFO - DAG(s) dict_keys(['example_time_delta_sensor_async']) retrieved from /Users/miltonvolpato/Git/Alura_Airflow_Oficial/venv/lib/python3.9/site-packages/airflow/example_dags/example_time_delta_sensor_async.py
[2024-04-02 19:39:41,022] {logging_mixin.py:115} INFO - [2024-04-02 19:39:41,022] {dag.py:2379} INFO - Sync 1 DAGs
[2024-04-02 19:39:41,029] {logging_mixin.py:115} INFO - [2024-04-02 19:39:41,029] {dag.py:2927} INFO - Setting next_dagrun for example_time_delta_sensor_async to None, run_after=None
[2024-04-02 19:39:41,033] {processor.py:161} INFO - Processing /Users/miltonvolpato/Git/Alura_Airflow_Oficial/venv/lib/python3.9/site-packages/airflow/example_dags/example_time_delta_sensor_async.py took 0.048 seconds
[2024-04-02 19:40:29,221] {processor.py:153} INFO - Started process (PID=11619) to work on /Users/miltonvolpato/Git/Alura_Airflow_Oficial/venv/lib/python3.9/site-packages/airflow/example_dags/example_time_delta_sensor_async.py
[2024-04-02 19:40:29,221] {processor.py:641} INFO - Processing file /Users/miltonvolpato/Git/Alura_Airflow_Oficial/venv/lib/python3.9/site-packages/airflow/example_dags/example_time_delta_sensor_async.py for tasks to queue
[2024-04-02 19:40:29,221] {logging_mixin.py:115} INFO - [2024-04-02 19:40:29,221] {dagbag.py:507} INFO - Filling up the DagBag from /Users/miltonvolpato/Git/Alura_Airflow_Oficial/venv/lib/python3.9/site-packages/airflow/example_dags/example_time_delta_sensor_async.py
[2024-04-02 19:40:29,227] {processor.py:651} INFO - DAG(s) dict_keys(['example_time_delta_sensor_async']) retrieved from /Users/miltonvolpato/Git/Alura_Airflow_Oficial/venv/lib/python3.9/site-packages/airflow/example_dags/example_time_delta_sensor_async.py
[2024-04-02 19:40:29,257] {logging_mixin.py:115} INFO - [2024-04-02 19:40:29,257] {dag.py:2379} INFO - Sync 1 DAGs
[2024-04-02 19:40:29,264] {logging_mixin.py:115} INFO - [2024-04-02 19:40:29,264] {dag.py:2927} INFO - Setting next_dagrun for example_time_delta_sensor_async to None, run_after=None
[2024-04-02 19:40:29,268] {processor.py:161} INFO - Processing /Users/miltonvolpato/Git/Alura_Airflow_Oficial/venv/lib/python3.9/site-packages/airflow/example_dags/example_time_delta_sensor_async.py took 0.048 seconds
[2024-04-02 19:41:22,292] {processor.py:153} INFO - Started process (PID=11665) to work on /Users/miltonvolpato/Git/Alura_Airflow_Oficial/venv/lib/python3.9/site-packages/airflow/example_dags/example_time_delta_sensor_async.py
[2024-04-02 19:41:22,292] {processor.py:641} INFO - Processing file /Users/miltonvolpato/Git/Alura_Airflow_Oficial/venv/lib/python3.9/site-packages/airflow/example_dags/example_time_delta_sensor_async.py for tasks to queue
[2024-04-02 19:41:22,292] {logging_mixin.py:115} INFO - [2024-04-02 19:41:22,292] {dagbag.py:507} INFO - Filling up the DagBag from /Users/miltonvolpato/Git/Alura_Airflow_Oficial/venv/lib/python3.9/site-packages/airflow/example_dags/example_time_delta_sensor_async.py
[2024-04-02 19:41:22,298] {processor.py:651} INFO - DAG(s) dict_keys(['example_time_delta_sensor_async']) retrieved from /Users/miltonvolpato/Git/Alura_Airflow_Oficial/venv/lib/python3.9/site-packages/airflow/example_dags/example_time_delta_sensor_async.py
[2024-04-02 19:41:22,328] {logging_mixin.py:115} INFO - [2024-04-02 19:41:22,328] {dag.py:2379} INFO - Sync 1 DAGs
[2024-04-02 19:41:22,335] {logging_mixin.py:115} INFO - [2024-04-02 19:41:22,335] {dag.py:2927} INFO - Setting next_dagrun for example_time_delta_sensor_async to None, run_after=None
[2024-04-02 19:41:22,340] {processor.py:161} INFO - Processing /Users/miltonvolpato/Git/Alura_Airflow_Oficial/venv/lib/python3.9/site-packages/airflow/example_dags/example_time_delta_sensor_async.py took 0.048 seconds
[2024-04-02 19:42:15,483] {processor.py:153} INFO - Started process (PID=11714) to work on /Users/miltonvolpato/Git/Alura_Airflow_Oficial/venv/lib/python3.9/site-packages/airflow/example_dags/example_time_delta_sensor_async.py
[2024-04-02 19:42:15,483] {processor.py:641} INFO - Processing file /Users/miltonvolpato/Git/Alura_Airflow_Oficial/venv/lib/python3.9/site-packages/airflow/example_dags/example_time_delta_sensor_async.py for tasks to queue
[2024-04-02 19:42:15,483] {logging_mixin.py:115} INFO - [2024-04-02 19:42:15,483] {dagbag.py:507} INFO - Filling up the DagBag from /Users/miltonvolpato/Git/Alura_Airflow_Oficial/venv/lib/python3.9/site-packages/airflow/example_dags/example_time_delta_sensor_async.py
[2024-04-02 19:42:15,489] {processor.py:651} INFO - DAG(s) dict_keys(['example_time_delta_sensor_async']) retrieved from /Users/miltonvolpato/Git/Alura_Airflow_Oficial/venv/lib/python3.9/site-packages/airflow/example_dags/example_time_delta_sensor_async.py
[2024-04-02 19:42:15,520] {logging_mixin.py:115} INFO - [2024-04-02 19:42:15,520] {dag.py:2379} INFO - Sync 1 DAGs
[2024-04-02 19:42:15,527] {logging_mixin.py:115} INFO - [2024-04-02 19:42:15,527] {dag.py:2927} INFO - Setting next_dagrun for example_time_delta_sensor_async to None, run_after=None
[2024-04-02 19:42:15,532] {processor.py:161} INFO - Processing /Users/miltonvolpato/Git/Alura_Airflow_Oficial/venv/lib/python3.9/site-packages/airflow/example_dags/example_time_delta_sensor_async.py took 0.049 seconds
[2024-04-02 19:43:06,282] {processor.py:153} INFO - Started process (PID=11763) to work on /Users/miltonvolpato/Git/Alura_Airflow_Oficial/venv/lib/python3.9/site-packages/airflow/example_dags/example_time_delta_sensor_async.py
[2024-04-02 19:43:06,282] {processor.py:641} INFO - Processing file /Users/miltonvolpato/Git/Alura_Airflow_Oficial/venv/lib/python3.9/site-packages/airflow/example_dags/example_time_delta_sensor_async.py for tasks to queue
[2024-04-02 19:43:06,282] {logging_mixin.py:115} INFO - [2024-04-02 19:43:06,282] {dagbag.py:507} INFO - Filling up the DagBag from /Users/miltonvolpato/Git/Alura_Airflow_Oficial/venv/lib/python3.9/site-packages/airflow/example_dags/example_time_delta_sensor_async.py
[2024-04-02 19:43:06,289] {processor.py:651} INFO - DAG(s) dict_keys(['example_time_delta_sensor_async']) retrieved from /Users/miltonvolpato/Git/Alura_Airflow_Oficial/venv/lib/python3.9/site-packages/airflow/example_dags/example_time_delta_sensor_async.py
[2024-04-02 19:43:06,320] {logging_mixin.py:115} INFO - [2024-04-02 19:43:06,320] {dag.py:2379} INFO - Sync 1 DAGs
[2024-04-02 19:43:06,327] {logging_mixin.py:115} INFO - [2024-04-02 19:43:06,327] {dag.py:2927} INFO - Setting next_dagrun for example_time_delta_sensor_async to None, run_after=None
[2024-04-02 19:43:06,333] {processor.py:161} INFO - Processing /Users/miltonvolpato/Git/Alura_Airflow_Oficial/venv/lib/python3.9/site-packages/airflow/example_dags/example_time_delta_sensor_async.py took 0.051 seconds
[2024-04-02 19:44:01,165] {processor.py:153} INFO - Started process (PID=11825) to work on /Users/miltonvolpato/Git/Alura_Airflow_Oficial/venv/lib/python3.9/site-packages/airflow/example_dags/example_time_delta_sensor_async.py
[2024-04-02 19:44:01,166] {processor.py:641} INFO - Processing file /Users/miltonvolpato/Git/Alura_Airflow_Oficial/venv/lib/python3.9/site-packages/airflow/example_dags/example_time_delta_sensor_async.py for tasks to queue
[2024-04-02 19:44:01,166] {logging_mixin.py:115} INFO - [2024-04-02 19:44:01,166] {dagbag.py:507} INFO - Filling up the DagBag from /Users/miltonvolpato/Git/Alura_Airflow_Oficial/venv/lib/python3.9/site-packages/airflow/example_dags/example_time_delta_sensor_async.py
[2024-04-02 19:44:01,172] {processor.py:651} INFO - DAG(s) dict_keys(['example_time_delta_sensor_async']) retrieved from /Users/miltonvolpato/Git/Alura_Airflow_Oficial/venv/lib/python3.9/site-packages/airflow/example_dags/example_time_delta_sensor_async.py
[2024-04-02 19:44:01,203] {logging_mixin.py:115} INFO - [2024-04-02 19:44:01,203] {dag.py:2379} INFO - Sync 1 DAGs
[2024-04-02 19:44:01,210] {logging_mixin.py:115} INFO - [2024-04-02 19:44:01,210] {dag.py:2927} INFO - Setting next_dagrun for example_time_delta_sensor_async to None, run_after=None
[2024-04-02 19:44:01,214] {processor.py:161} INFO - Processing /Users/miltonvolpato/Git/Alura_Airflow_Oficial/venv/lib/python3.9/site-packages/airflow/example_dags/example_time_delta_sensor_async.py took 0.049 seconds
[2024-04-02 19:44:40,875] {processor.py:153} INFO - Started process (PID=11878) to work on /Users/miltonvolpato/Git/Alura_Airflow_Oficial/venv/lib/python3.9/site-packages/airflow/example_dags/example_time_delta_sensor_async.py
[2024-04-02 19:44:40,876] {processor.py:641} INFO - Processing file /Users/miltonvolpato/Git/Alura_Airflow_Oficial/venv/lib/python3.9/site-packages/airflow/example_dags/example_time_delta_sensor_async.py for tasks to queue
[2024-04-02 19:44:40,876] {logging_mixin.py:115} INFO - [2024-04-02 19:44:40,876] {dagbag.py:507} INFO - Filling up the DagBag from /Users/miltonvolpato/Git/Alura_Airflow_Oficial/venv/lib/python3.9/site-packages/airflow/example_dags/example_time_delta_sensor_async.py
[2024-04-02 19:44:40,883] {processor.py:651} INFO - DAG(s) dict_keys(['example_time_delta_sensor_async']) retrieved from /Users/miltonvolpato/Git/Alura_Airflow_Oficial/venv/lib/python3.9/site-packages/airflow/example_dags/example_time_delta_sensor_async.py
[2024-04-02 19:44:40,916] {logging_mixin.py:115} INFO - [2024-04-02 19:44:40,916] {dag.py:2379} INFO - Sync 1 DAGs
[2024-04-02 19:44:40,923] {logging_mixin.py:115} INFO - [2024-04-02 19:44:40,923] {dag.py:2927} INFO - Setting next_dagrun for example_time_delta_sensor_async to None, run_after=None
[2024-04-02 19:44:40,928] {processor.py:161} INFO - Processing /Users/miltonvolpato/Git/Alura_Airflow_Oficial/venv/lib/python3.9/site-packages/airflow/example_dags/example_time_delta_sensor_async.py took 0.053 seconds
[2024-04-02 19:45:32,431] {processor.py:153} INFO - Started process (PID=11924) to work on /Users/miltonvolpato/Git/Alura_Airflow_Oficial/venv/lib/python3.9/site-packages/airflow/example_dags/example_time_delta_sensor_async.py
[2024-04-02 19:45:32,431] {processor.py:641} INFO - Processing file /Users/miltonvolpato/Git/Alura_Airflow_Oficial/venv/lib/python3.9/site-packages/airflow/example_dags/example_time_delta_sensor_async.py for tasks to queue
[2024-04-02 19:45:32,431] {logging_mixin.py:115} INFO - [2024-04-02 19:45:32,431] {dagbag.py:507} INFO - Filling up the DagBag from /Users/miltonvolpato/Git/Alura_Airflow_Oficial/venv/lib/python3.9/site-packages/airflow/example_dags/example_time_delta_sensor_async.py
[2024-04-02 19:45:32,438] {processor.py:651} INFO - DAG(s) dict_keys(['example_time_delta_sensor_async']) retrieved from /Users/miltonvolpato/Git/Alura_Airflow_Oficial/venv/lib/python3.9/site-packages/airflow/example_dags/example_time_delta_sensor_async.py
[2024-04-02 19:45:32,470] {logging_mixin.py:115} INFO - [2024-04-02 19:45:32,470] {dag.py:2379} INFO - Sync 1 DAGs
[2024-04-02 19:45:32,477] {logging_mixin.py:115} INFO - [2024-04-02 19:45:32,477] {dag.py:2927} INFO - Setting next_dagrun for example_time_delta_sensor_async to None, run_after=None
[2024-04-02 19:45:32,481] {processor.py:161} INFO - Processing /Users/miltonvolpato/Git/Alura_Airflow_Oficial/venv/lib/python3.9/site-packages/airflow/example_dags/example_time_delta_sensor_async.py took 0.050 seconds
[2024-04-02 19:46:21,649] {processor.py:153} INFO - Started process (PID=11986) to work on /Users/miltonvolpato/Git/Alura_Airflow_Oficial/venv/lib/python3.9/site-packages/airflow/example_dags/example_time_delta_sensor_async.py
[2024-04-02 19:46:21,649] {processor.py:641} INFO - Processing file /Users/miltonvolpato/Git/Alura_Airflow_Oficial/venv/lib/python3.9/site-packages/airflow/example_dags/example_time_delta_sensor_async.py for tasks to queue
[2024-04-02 19:46:21,649] {logging_mixin.py:115} INFO - [2024-04-02 19:46:21,649] {dagbag.py:507} INFO - Filling up the DagBag from /Users/miltonvolpato/Git/Alura_Airflow_Oficial/venv/lib/python3.9/site-packages/airflow/example_dags/example_time_delta_sensor_async.py
[2024-04-02 19:46:21,655] {processor.py:651} INFO - DAG(s) dict_keys(['example_time_delta_sensor_async']) retrieved from /Users/miltonvolpato/Git/Alura_Airflow_Oficial/venv/lib/python3.9/site-packages/airflow/example_dags/example_time_delta_sensor_async.py
[2024-04-02 19:46:21,686] {logging_mixin.py:115} INFO - [2024-04-02 19:46:21,686] {dag.py:2379} INFO - Sync 1 DAGs
[2024-04-02 19:46:21,693] {logging_mixin.py:115} INFO - [2024-04-02 19:46:21,693] {dag.py:2927} INFO - Setting next_dagrun for example_time_delta_sensor_async to None, run_after=None
[2024-04-02 19:46:21,697] {processor.py:161} INFO - Processing /Users/miltonvolpato/Git/Alura_Airflow_Oficial/venv/lib/python3.9/site-packages/airflow/example_dags/example_time_delta_sensor_async.py took 0.049 seconds
[2024-04-02 19:47:16,166] {processor.py:153} INFO - Started process (PID=12058) to work on /Users/miltonvolpato/Git/Alura_Airflow_Oficial/venv/lib/python3.9/site-packages/airflow/example_dags/example_time_delta_sensor_async.py
[2024-04-02 19:47:16,167] {processor.py:641} INFO - Processing file /Users/miltonvolpato/Git/Alura_Airflow_Oficial/venv/lib/python3.9/site-packages/airflow/example_dags/example_time_delta_sensor_async.py for tasks to queue
[2024-04-02 19:47:16,167] {logging_mixin.py:115} INFO - [2024-04-02 19:47:16,167] {dagbag.py:507} INFO - Filling up the DagBag from /Users/miltonvolpato/Git/Alura_Airflow_Oficial/venv/lib/python3.9/site-packages/airflow/example_dags/example_time_delta_sensor_async.py
[2024-04-02 19:47:16,173] {processor.py:651} INFO - DAG(s) dict_keys(['example_time_delta_sensor_async']) retrieved from /Users/miltonvolpato/Git/Alura_Airflow_Oficial/venv/lib/python3.9/site-packages/airflow/example_dags/example_time_delta_sensor_async.py
[2024-04-02 19:47:16,204] {logging_mixin.py:115} INFO - [2024-04-02 19:47:16,204] {dag.py:2379} INFO - Sync 1 DAGs
[2024-04-02 19:47:16,211] {logging_mixin.py:115} INFO - [2024-04-02 19:47:16,211] {dag.py:2927} INFO - Setting next_dagrun for example_time_delta_sensor_async to None, run_after=None
[2024-04-02 19:47:16,215] {processor.py:161} INFO - Processing /Users/miltonvolpato/Git/Alura_Airflow_Oficial/venv/lib/python3.9/site-packages/airflow/example_dags/example_time_delta_sensor_async.py took 0.050 seconds
[2024-04-02 19:48:03,820] {processor.py:153} INFO - Started process (PID=12127) to work on /Users/miltonvolpato/Git/Alura_Airflow_Oficial/venv/lib/python3.9/site-packages/airflow/example_dags/example_time_delta_sensor_async.py
[2024-04-02 19:48:03,820] {processor.py:641} INFO - Processing file /Users/miltonvolpato/Git/Alura_Airflow_Oficial/venv/lib/python3.9/site-packages/airflow/example_dags/example_time_delta_sensor_async.py for tasks to queue
[2024-04-02 19:48:03,820] {logging_mixin.py:115} INFO - [2024-04-02 19:48:03,820] {dagbag.py:507} INFO - Filling up the DagBag from /Users/miltonvolpato/Git/Alura_Airflow_Oficial/venv/lib/python3.9/site-packages/airflow/example_dags/example_time_delta_sensor_async.py
[2024-04-02 19:48:03,826] {processor.py:651} INFO - DAG(s) dict_keys(['example_time_delta_sensor_async']) retrieved from /Users/miltonvolpato/Git/Alura_Airflow_Oficial/venv/lib/python3.9/site-packages/airflow/example_dags/example_time_delta_sensor_async.py
[2024-04-02 19:48:03,856] {logging_mixin.py:115} INFO - [2024-04-02 19:48:03,856] {dag.py:2379} INFO - Sync 1 DAGs
[2024-04-02 19:48:03,863] {logging_mixin.py:115} INFO - [2024-04-02 19:48:03,863] {dag.py:2927} INFO - Setting next_dagrun for example_time_delta_sensor_async to None, run_after=None
[2024-04-02 19:48:03,868] {processor.py:161} INFO - Processing /Users/miltonvolpato/Git/Alura_Airflow_Oficial/venv/lib/python3.9/site-packages/airflow/example_dags/example_time_delta_sensor_async.py took 0.049 seconds
[2024-04-02 19:48:51,007] {processor.py:153} INFO - Started process (PID=12178) to work on /Users/miltonvolpato/Git/Alura_Airflow_Oficial/venv/lib/python3.9/site-packages/airflow/example_dags/example_time_delta_sensor_async.py
[2024-04-02 19:48:51,007] {processor.py:641} INFO - Processing file /Users/miltonvolpato/Git/Alura_Airflow_Oficial/venv/lib/python3.9/site-packages/airflow/example_dags/example_time_delta_sensor_async.py for tasks to queue
[2024-04-02 19:48:51,007] {logging_mixin.py:115} INFO - [2024-04-02 19:48:51,007] {dagbag.py:507} INFO - Filling up the DagBag from /Users/miltonvolpato/Git/Alura_Airflow_Oficial/venv/lib/python3.9/site-packages/airflow/example_dags/example_time_delta_sensor_async.py
[2024-04-02 19:48:51,013] {processor.py:651} INFO - DAG(s) dict_keys(['example_time_delta_sensor_async']) retrieved from /Users/miltonvolpato/Git/Alura_Airflow_Oficial/venv/lib/python3.9/site-packages/airflow/example_dags/example_time_delta_sensor_async.py
[2024-04-02 19:48:51,044] {logging_mixin.py:115} INFO - [2024-04-02 19:48:51,044] {dag.py:2379} INFO - Sync 1 DAGs
[2024-04-02 19:48:51,051] {logging_mixin.py:115} INFO - [2024-04-02 19:48:51,051] {dag.py:2927} INFO - Setting next_dagrun for example_time_delta_sensor_async to None, run_after=None
[2024-04-02 19:48:51,055] {processor.py:161} INFO - Processing /Users/miltonvolpato/Git/Alura_Airflow_Oficial/venv/lib/python3.9/site-packages/airflow/example_dags/example_time_delta_sensor_async.py took 0.049 seconds
[2024-04-02 19:49:43,969] {processor.py:153} INFO - Started process (PID=12239) to work on /Users/miltonvolpato/Git/Alura_Airflow_Oficial/venv/lib/python3.9/site-packages/airflow/example_dags/example_time_delta_sensor_async.py
[2024-04-02 19:49:43,970] {processor.py:641} INFO - Processing file /Users/miltonvolpato/Git/Alura_Airflow_Oficial/venv/lib/python3.9/site-packages/airflow/example_dags/example_time_delta_sensor_async.py for tasks to queue
[2024-04-02 19:49:43,970] {logging_mixin.py:115} INFO - [2024-04-02 19:49:43,970] {dagbag.py:507} INFO - Filling up the DagBag from /Users/miltonvolpato/Git/Alura_Airflow_Oficial/venv/lib/python3.9/site-packages/airflow/example_dags/example_time_delta_sensor_async.py
[2024-04-02 19:49:43,976] {processor.py:651} INFO - DAG(s) dict_keys(['example_time_delta_sensor_async']) retrieved from /Users/miltonvolpato/Git/Alura_Airflow_Oficial/venv/lib/python3.9/site-packages/airflow/example_dags/example_time_delta_sensor_async.py
[2024-04-02 19:49:44,007] {logging_mixin.py:115} INFO - [2024-04-02 19:49:44,007] {dag.py:2379} INFO - Sync 1 DAGs
[2024-04-02 19:49:44,014] {logging_mixin.py:115} INFO - [2024-04-02 19:49:44,014] {dag.py:2927} INFO - Setting next_dagrun for example_time_delta_sensor_async to None, run_after=None
[2024-04-02 19:49:44,019] {processor.py:161} INFO - Processing /Users/miltonvolpato/Git/Alura_Airflow_Oficial/venv/lib/python3.9/site-packages/airflow/example_dags/example_time_delta_sensor_async.py took 0.050 seconds
[2024-04-02 19:50:35,971] {processor.py:153} INFO - Started process (PID=12284) to work on /Users/miltonvolpato/Git/Alura_Airflow_Oficial/venv/lib/python3.9/site-packages/airflow/example_dags/example_time_delta_sensor_async.py
[2024-04-02 19:50:35,972] {processor.py:641} INFO - Processing file /Users/miltonvolpato/Git/Alura_Airflow_Oficial/venv/lib/python3.9/site-packages/airflow/example_dags/example_time_delta_sensor_async.py for tasks to queue
[2024-04-02 19:50:35,972] {logging_mixin.py:115} INFO - [2024-04-02 19:50:35,972] {dagbag.py:507} INFO - Filling up the DagBag from /Users/miltonvolpato/Git/Alura_Airflow_Oficial/venv/lib/python3.9/site-packages/airflow/example_dags/example_time_delta_sensor_async.py
[2024-04-02 19:50:35,979] {processor.py:651} INFO - DAG(s) dict_keys(['example_time_delta_sensor_async']) retrieved from /Users/miltonvolpato/Git/Alura_Airflow_Oficial/venv/lib/python3.9/site-packages/airflow/example_dags/example_time_delta_sensor_async.py
[2024-04-02 19:50:36,010] {logging_mixin.py:115} INFO - [2024-04-02 19:50:36,010] {dag.py:2379} INFO - Sync 1 DAGs
[2024-04-02 19:50:36,016] {logging_mixin.py:115} INFO - [2024-04-02 19:50:36,016] {dag.py:2927} INFO - Setting next_dagrun for example_time_delta_sensor_async to None, run_after=None
[2024-04-02 19:50:36,021] {processor.py:161} INFO - Processing /Users/miltonvolpato/Git/Alura_Airflow_Oficial/venv/lib/python3.9/site-packages/airflow/example_dags/example_time_delta_sensor_async.py took 0.050 seconds
[2024-04-02 19:51:29,415] {processor.py:153} INFO - Started process (PID=12329) to work on /Users/miltonvolpato/Git/Alura_Airflow_Oficial/venv/lib/python3.9/site-packages/airflow/example_dags/example_time_delta_sensor_async.py
[2024-04-02 19:51:29,416] {processor.py:641} INFO - Processing file /Users/miltonvolpato/Git/Alura_Airflow_Oficial/venv/lib/python3.9/site-packages/airflow/example_dags/example_time_delta_sensor_async.py for tasks to queue
[2024-04-02 19:51:29,417] {logging_mixin.py:115} INFO - [2024-04-02 19:51:29,417] {dagbag.py:507} INFO - Filling up the DagBag from /Users/miltonvolpato/Git/Alura_Airflow_Oficial/venv/lib/python3.9/site-packages/airflow/example_dags/example_time_delta_sensor_async.py
[2024-04-02 19:51:29,423] {processor.py:651} INFO - DAG(s) dict_keys(['example_time_delta_sensor_async']) retrieved from /Users/miltonvolpato/Git/Alura_Airflow_Oficial/venv/lib/python3.9/site-packages/airflow/example_dags/example_time_delta_sensor_async.py
[2024-04-02 19:51:29,455] {logging_mixin.py:115} INFO - [2024-04-02 19:51:29,455] {dag.py:2379} INFO - Sync 1 DAGs
[2024-04-02 19:51:29,462] {logging_mixin.py:115} INFO - [2024-04-02 19:51:29,462] {dag.py:2927} INFO - Setting next_dagrun for example_time_delta_sensor_async to None, run_after=None
[2024-04-02 19:51:29,467] {processor.py:161} INFO - Processing /Users/miltonvolpato/Git/Alura_Airflow_Oficial/venv/lib/python3.9/site-packages/airflow/example_dags/example_time_delta_sensor_async.py took 0.052 seconds
[2024-04-02 19:52:21,217] {processor.py:153} INFO - Started process (PID=12388) to work on /Users/miltonvolpato/Git/Alura_Airflow_Oficial/venv/lib/python3.9/site-packages/airflow/example_dags/example_time_delta_sensor_async.py
[2024-04-02 19:52:21,218] {processor.py:641} INFO - Processing file /Users/miltonvolpato/Git/Alura_Airflow_Oficial/venv/lib/python3.9/site-packages/airflow/example_dags/example_time_delta_sensor_async.py for tasks to queue
[2024-04-02 19:52:21,218] {logging_mixin.py:115} INFO - [2024-04-02 19:52:21,218] {dagbag.py:507} INFO - Filling up the DagBag from /Users/miltonvolpato/Git/Alura_Airflow_Oficial/venv/lib/python3.9/site-packages/airflow/example_dags/example_time_delta_sensor_async.py
[2024-04-02 19:52:21,224] {processor.py:651} INFO - DAG(s) dict_keys(['example_time_delta_sensor_async']) retrieved from /Users/miltonvolpato/Git/Alura_Airflow_Oficial/venv/lib/python3.9/site-packages/airflow/example_dags/example_time_delta_sensor_async.py
[2024-04-02 19:52:21,256] {logging_mixin.py:115} INFO - [2024-04-02 19:52:21,255] {dag.py:2379} INFO - Sync 1 DAGs
[2024-04-02 19:52:21,263] {logging_mixin.py:115} INFO - [2024-04-02 19:52:21,262] {dag.py:2927} INFO - Setting next_dagrun for example_time_delta_sensor_async to None, run_after=None
[2024-04-02 19:52:21,267] {processor.py:161} INFO - Processing /Users/miltonvolpato/Git/Alura_Airflow_Oficial/venv/lib/python3.9/site-packages/airflow/example_dags/example_time_delta_sensor_async.py took 0.051 seconds
[2024-04-02 19:53:02,645] {processor.py:153} INFO - Started process (PID=12421) to work on /Users/miltonvolpato/Git/Alura_Airflow_Oficial/venv/lib/python3.9/site-packages/airflow/example_dags/example_time_delta_sensor_async.py
[2024-04-02 19:53:02,645] {processor.py:641} INFO - Processing file /Users/miltonvolpato/Git/Alura_Airflow_Oficial/venv/lib/python3.9/site-packages/airflow/example_dags/example_time_delta_sensor_async.py for tasks to queue
[2024-04-02 19:53:02,646] {logging_mixin.py:115} INFO - [2024-04-02 19:53:02,646] {dagbag.py:507} INFO - Filling up the DagBag from /Users/miltonvolpato/Git/Alura_Airflow_Oficial/venv/lib/python3.9/site-packages/airflow/example_dags/example_time_delta_sensor_async.py
[2024-04-02 19:53:02,652] {processor.py:651} INFO - DAG(s) dict_keys(['example_time_delta_sensor_async']) retrieved from /Users/miltonvolpato/Git/Alura_Airflow_Oficial/venv/lib/python3.9/site-packages/airflow/example_dags/example_time_delta_sensor_async.py
[2024-04-02 19:53:02,686] {logging_mixin.py:115} INFO - [2024-04-02 19:53:02,686] {dag.py:2379} INFO - Sync 1 DAGs
[2024-04-02 19:53:02,694] {logging_mixin.py:115} INFO - [2024-04-02 19:53:02,694] {dag.py:2927} INFO - Setting next_dagrun for example_time_delta_sensor_async to None, run_after=None
[2024-04-02 19:53:02,700] {processor.py:161} INFO - Processing /Users/miltonvolpato/Git/Alura_Airflow_Oficial/venv/lib/python3.9/site-packages/airflow/example_dags/example_time_delta_sensor_async.py took 0.055 seconds
[2024-04-02 19:53:56,126] {processor.py:153} INFO - Started process (PID=12519) to work on /Users/miltonvolpato/Git/Alura_Airflow_Oficial/venv/lib/python3.9/site-packages/airflow/example_dags/example_time_delta_sensor_async.py
[2024-04-02 19:53:56,127] {processor.py:641} INFO - Processing file /Users/miltonvolpato/Git/Alura_Airflow_Oficial/venv/lib/python3.9/site-packages/airflow/example_dags/example_time_delta_sensor_async.py for tasks to queue
[2024-04-02 19:53:56,127] {logging_mixin.py:115} INFO - [2024-04-02 19:53:56,127] {dagbag.py:507} INFO - Filling up the DagBag from /Users/miltonvolpato/Git/Alura_Airflow_Oficial/venv/lib/python3.9/site-packages/airflow/example_dags/example_time_delta_sensor_async.py
[2024-04-02 19:53:56,134] {processor.py:651} INFO - DAG(s) dict_keys(['example_time_delta_sensor_async']) retrieved from /Users/miltonvolpato/Git/Alura_Airflow_Oficial/venv/lib/python3.9/site-packages/airflow/example_dags/example_time_delta_sensor_async.py
[2024-04-02 19:53:56,175] {logging_mixin.py:115} INFO - [2024-04-02 19:53:56,175] {dag.py:2379} INFO - Sync 1 DAGs
[2024-04-02 19:53:56,183] {logging_mixin.py:115} INFO - [2024-04-02 19:53:56,183] {dag.py:2927} INFO - Setting next_dagrun for example_time_delta_sensor_async to None, run_after=None
[2024-04-02 19:53:56,188] {processor.py:161} INFO - Processing /Users/miltonvolpato/Git/Alura_Airflow_Oficial/venv/lib/python3.9/site-packages/airflow/example_dags/example_time_delta_sensor_async.py took 0.063 seconds
[2024-04-02 19:54:34,251] {processor.py:153} INFO - Started process (PID=12591) to work on /Users/miltonvolpato/Git/Alura_Airflow_Oficial/venv/lib/python3.9/site-packages/airflow/example_dags/example_time_delta_sensor_async.py
[2024-04-02 19:54:34,252] {processor.py:641} INFO - Processing file /Users/miltonvolpato/Git/Alura_Airflow_Oficial/venv/lib/python3.9/site-packages/airflow/example_dags/example_time_delta_sensor_async.py for tasks to queue
[2024-04-02 19:54:34,252] {logging_mixin.py:115} INFO - [2024-04-02 19:54:34,252] {dagbag.py:507} INFO - Filling up the DagBag from /Users/miltonvolpato/Git/Alura_Airflow_Oficial/venv/lib/python3.9/site-packages/airflow/example_dags/example_time_delta_sensor_async.py
[2024-04-02 19:54:34,259] {processor.py:651} INFO - DAG(s) dict_keys(['example_time_delta_sensor_async']) retrieved from /Users/miltonvolpato/Git/Alura_Airflow_Oficial/venv/lib/python3.9/site-packages/airflow/example_dags/example_time_delta_sensor_async.py
[2024-04-02 19:54:34,298] {logging_mixin.py:115} INFO - [2024-04-02 19:54:34,298] {dag.py:2379} INFO - Sync 1 DAGs
[2024-04-02 19:54:34,306] {logging_mixin.py:115} INFO - [2024-04-02 19:54:34,305] {dag.py:2927} INFO - Setting next_dagrun for example_time_delta_sensor_async to None, run_after=None
[2024-04-02 19:54:34,310] {processor.py:161} INFO - Processing /Users/miltonvolpato/Git/Alura_Airflow_Oficial/venv/lib/python3.9/site-packages/airflow/example_dags/example_time_delta_sensor_async.py took 0.060 seconds
[2024-04-02 19:55:13,399] {processor.py:153} INFO - Started process (PID=12642) to work on /Users/miltonvolpato/Git/Alura_Airflow_Oficial/venv/lib/python3.9/site-packages/airflow/example_dags/example_time_delta_sensor_async.py
[2024-04-02 19:55:13,399] {processor.py:641} INFO - Processing file /Users/miltonvolpato/Git/Alura_Airflow_Oficial/venv/lib/python3.9/site-packages/airflow/example_dags/example_time_delta_sensor_async.py for tasks to queue
[2024-04-02 19:55:13,399] {logging_mixin.py:115} INFO - [2024-04-02 19:55:13,399] {dagbag.py:507} INFO - Filling up the DagBag from /Users/miltonvolpato/Git/Alura_Airflow_Oficial/venv/lib/python3.9/site-packages/airflow/example_dags/example_time_delta_sensor_async.py
[2024-04-02 19:55:13,406] {processor.py:651} INFO - DAG(s) dict_keys(['example_time_delta_sensor_async']) retrieved from /Users/miltonvolpato/Git/Alura_Airflow_Oficial/venv/lib/python3.9/site-packages/airflow/example_dags/example_time_delta_sensor_async.py
[2024-04-02 19:55:13,437] {logging_mixin.py:115} INFO - [2024-04-02 19:55:13,437] {dag.py:2379} INFO - Sync 1 DAGs
[2024-04-02 19:55:13,444] {logging_mixin.py:115} INFO - [2024-04-02 19:55:13,444] {dag.py:2927} INFO - Setting next_dagrun for example_time_delta_sensor_async to None, run_after=None
[2024-04-02 19:55:13,449] {processor.py:161} INFO - Processing /Users/miltonvolpato/Git/Alura_Airflow_Oficial/venv/lib/python3.9/site-packages/airflow/example_dags/example_time_delta_sensor_async.py took 0.050 seconds
