[2024-04-02 19:36:18,765] {processor.py:153} INFO - Started process (PID=11284) to work on /Users/miltonvolpato/Git/Alura_Airflow_Oficial/venv/lib/python3.9/site-packages/airflow/example_dags/tutorial_taskflow_api_etl.py
[2024-04-02 19:36:18,765] {processor.py:641} INFO - Processing file /Users/miltonvolpato/Git/Alura_Airflow_Oficial/venv/lib/python3.9/site-packages/airflow/example_dags/tutorial_taskflow_api_etl.py for tasks to queue
[2024-04-02 19:36:18,765] {logging_mixin.py:115} INFO - [2024-04-02 19:36:18,765] {dagbag.py:507} INFO - Filling up the DagBag from /Users/miltonvolpato/Git/Alura_Airflow_Oficial/venv/lib/python3.9/site-packages/airflow/example_dags/tutorial_taskflow_api_etl.py
[2024-04-02 19:36:18,780] {processor.py:651} INFO - DAG(s) dict_keys(['tutorial_taskflow_api_etl']) retrieved from /Users/miltonvolpato/Git/Alura_Airflow_Oficial/venv/lib/python3.9/site-packages/airflow/example_dags/tutorial_taskflow_api_etl.py
[2024-04-02 19:36:19,102] {logging_mixin.py:115} INFO - [2024-04-02 19:36:19,102] {manager.py:508} INFO - Created Permission View: can read on DAG:tutorial_taskflow_api_etl
[2024-04-02 19:36:19,105] {logging_mixin.py:115} INFO - [2024-04-02 19:36:19,105] {manager.py:508} INFO - Created Permission View: can delete on DAG:tutorial_taskflow_api_etl
[2024-04-02 19:36:19,107] {logging_mixin.py:115} INFO - [2024-04-02 19:36:19,107] {manager.py:508} INFO - Created Permission View: can edit on DAG:tutorial_taskflow_api_etl
[2024-04-02 19:36:19,107] {logging_mixin.py:115} INFO - [2024-04-02 19:36:19,107] {dag.py:2379} INFO - Sync 1 DAGs
[2024-04-02 19:36:19,111] {logging_mixin.py:115} INFO - [2024-04-02 19:36:19,111] {dag.py:2398} INFO - Creating ORM DAG for tutorial_taskflow_api_etl
[2024-04-02 19:36:19,115] {logging_mixin.py:115} INFO - [2024-04-02 19:36:19,115] {dag.py:2927} INFO - Setting next_dagrun for tutorial_taskflow_api_etl to None, run_after=None
[2024-04-02 19:36:19,120] {processor.py:161} INFO - Processing /Users/miltonvolpato/Git/Alura_Airflow_Oficial/venv/lib/python3.9/site-packages/airflow/example_dags/tutorial_taskflow_api_etl.py took 0.355 seconds
[2024-04-02 19:37:13,238] {processor.py:153} INFO - Started process (PID=11378) to work on /Users/miltonvolpato/Git/Alura_Airflow_Oficial/venv/lib/python3.9/site-packages/airflow/example_dags/tutorial_taskflow_api_etl.py
[2024-04-02 19:37:13,241] {processor.py:641} INFO - Processing file /Users/miltonvolpato/Git/Alura_Airflow_Oficial/venv/lib/python3.9/site-packages/airflow/example_dags/tutorial_taskflow_api_etl.py for tasks to queue
[2024-04-02 19:37:13,241] {logging_mixin.py:115} INFO - [2024-04-02 19:37:13,241] {dagbag.py:507} INFO - Filling up the DagBag from /Users/miltonvolpato/Git/Alura_Airflow_Oficial/venv/lib/python3.9/site-packages/airflow/example_dags/tutorial_taskflow_api_etl.py
[2024-04-02 19:37:13,256] {processor.py:651} INFO - DAG(s) dict_keys(['tutorial_taskflow_api_etl']) retrieved from /Users/miltonvolpato/Git/Alura_Airflow_Oficial/venv/lib/python3.9/site-packages/airflow/example_dags/tutorial_taskflow_api_etl.py
[2024-04-02 19:37:13,515] {logging_mixin.py:115} INFO - [2024-04-02 19:37:13,515] {dag.py:2379} INFO - Sync 1 DAGs
[2024-04-02 19:37:13,522] {logging_mixin.py:115} INFO - [2024-04-02 19:37:13,522] {dag.py:2927} INFO - Setting next_dagrun for tutorial_taskflow_api_etl to None, run_after=None
[2024-04-02 19:37:13,528] {processor.py:161} INFO - Processing /Users/miltonvolpato/Git/Alura_Airflow_Oficial/venv/lib/python3.9/site-packages/airflow/example_dags/tutorial_taskflow_api_etl.py took 0.291 seconds
[2024-04-02 19:37:55,485] {processor.py:153} INFO - Started process (PID=11449) to work on /Users/miltonvolpato/Git/Alura_Airflow_Oficial/venv/lib/python3.9/site-packages/airflow/example_dags/tutorial_taskflow_api_etl.py
[2024-04-02 19:37:55,485] {processor.py:641} INFO - Processing file /Users/miltonvolpato/Git/Alura_Airflow_Oficial/venv/lib/python3.9/site-packages/airflow/example_dags/tutorial_taskflow_api_etl.py for tasks to queue
[2024-04-02 19:37:55,485] {logging_mixin.py:115} INFO - [2024-04-02 19:37:55,485] {dagbag.py:507} INFO - Filling up the DagBag from /Users/miltonvolpato/Git/Alura_Airflow_Oficial/venv/lib/python3.9/site-packages/airflow/example_dags/tutorial_taskflow_api_etl.py
[2024-04-02 19:37:55,501] {processor.py:651} INFO - DAG(s) dict_keys(['tutorial_taskflow_api_etl']) retrieved from /Users/miltonvolpato/Git/Alura_Airflow_Oficial/venv/lib/python3.9/site-packages/airflow/example_dags/tutorial_taskflow_api_etl.py
[2024-04-02 19:37:55,754] {logging_mixin.py:115} INFO - [2024-04-02 19:37:55,754] {dag.py:2379} INFO - Sync 1 DAGs
[2024-04-02 19:37:55,761] {logging_mixin.py:115} INFO - [2024-04-02 19:37:55,761] {dag.py:2927} INFO - Setting next_dagrun for tutorial_taskflow_api_etl to None, run_after=None
[2024-04-02 19:37:55,767] {processor.py:161} INFO - Processing /Users/miltonvolpato/Git/Alura_Airflow_Oficial/venv/lib/python3.9/site-packages/airflow/example_dags/tutorial_taskflow_api_etl.py took 0.282 seconds
[2024-04-02 19:38:30,490] {processor.py:153} INFO - Started process (PID=11501) to work on /Users/miltonvolpato/Git/Alura_Airflow_Oficial/venv/lib/python3.9/site-packages/airflow/example_dags/tutorial_taskflow_api_etl.py
[2024-04-02 19:38:30,490] {processor.py:641} INFO - Processing file /Users/miltonvolpato/Git/Alura_Airflow_Oficial/venv/lib/python3.9/site-packages/airflow/example_dags/tutorial_taskflow_api_etl.py for tasks to queue
[2024-04-02 19:38:30,490] {logging_mixin.py:115} INFO - [2024-04-02 19:38:30,490] {dagbag.py:507} INFO - Filling up the DagBag from /Users/miltonvolpato/Git/Alura_Airflow_Oficial/venv/lib/python3.9/site-packages/airflow/example_dags/tutorial_taskflow_api_etl.py
[2024-04-02 19:38:30,505] {processor.py:651} INFO - DAG(s) dict_keys(['tutorial_taskflow_api_etl']) retrieved from /Users/miltonvolpato/Git/Alura_Airflow_Oficial/venv/lib/python3.9/site-packages/airflow/example_dags/tutorial_taskflow_api_etl.py
[2024-04-02 19:38:30,761] {logging_mixin.py:115} INFO - [2024-04-02 19:38:30,761] {dag.py:2379} INFO - Sync 1 DAGs
[2024-04-02 19:38:30,768] {logging_mixin.py:115} INFO - [2024-04-02 19:38:30,768] {dag.py:2927} INFO - Setting next_dagrun for tutorial_taskflow_api_etl to None, run_after=None
[2024-04-02 19:38:30,773] {processor.py:161} INFO - Processing /Users/miltonvolpato/Git/Alura_Airflow_Oficial/venv/lib/python3.9/site-packages/airflow/example_dags/tutorial_taskflow_api_etl.py took 0.283 seconds
[2024-04-02 19:39:18,520] {processor.py:153} INFO - Started process (PID=11553) to work on /Users/miltonvolpato/Git/Alura_Airflow_Oficial/venv/lib/python3.9/site-packages/airflow/example_dags/tutorial_taskflow_api_etl.py
[2024-04-02 19:39:18,520] {processor.py:641} INFO - Processing file /Users/miltonvolpato/Git/Alura_Airflow_Oficial/venv/lib/python3.9/site-packages/airflow/example_dags/tutorial_taskflow_api_etl.py for tasks to queue
[2024-04-02 19:39:18,520] {logging_mixin.py:115} INFO - [2024-04-02 19:39:18,520] {dagbag.py:507} INFO - Filling up the DagBag from /Users/miltonvolpato/Git/Alura_Airflow_Oficial/venv/lib/python3.9/site-packages/airflow/example_dags/tutorial_taskflow_api_etl.py
[2024-04-02 19:39:18,535] {processor.py:651} INFO - DAG(s) dict_keys(['tutorial_taskflow_api_etl']) retrieved from /Users/miltonvolpato/Git/Alura_Airflow_Oficial/venv/lib/python3.9/site-packages/airflow/example_dags/tutorial_taskflow_api_etl.py
[2024-04-02 19:39:18,793] {logging_mixin.py:115} INFO - [2024-04-02 19:39:18,793] {dag.py:2379} INFO - Sync 1 DAGs
[2024-04-02 19:39:18,800] {logging_mixin.py:115} INFO - [2024-04-02 19:39:18,800] {dag.py:2927} INFO - Setting next_dagrun for tutorial_taskflow_api_etl to None, run_after=None
[2024-04-02 19:39:18,805] {processor.py:161} INFO - Processing /Users/miltonvolpato/Git/Alura_Airflow_Oficial/venv/lib/python3.9/site-packages/airflow/example_dags/tutorial_taskflow_api_etl.py took 0.286 seconds
[2024-04-02 19:40:04,942] {processor.py:153} INFO - Started process (PID=11591) to work on /Users/miltonvolpato/Git/Alura_Airflow_Oficial/venv/lib/python3.9/site-packages/airflow/example_dags/tutorial_taskflow_api_etl.py
[2024-04-02 19:40:04,942] {processor.py:641} INFO - Processing file /Users/miltonvolpato/Git/Alura_Airflow_Oficial/venv/lib/python3.9/site-packages/airflow/example_dags/tutorial_taskflow_api_etl.py for tasks to queue
[2024-04-02 19:40:04,942] {logging_mixin.py:115} INFO - [2024-04-02 19:40:04,942] {dagbag.py:507} INFO - Filling up the DagBag from /Users/miltonvolpato/Git/Alura_Airflow_Oficial/venv/lib/python3.9/site-packages/airflow/example_dags/tutorial_taskflow_api_etl.py
[2024-04-02 19:40:04,957] {processor.py:651} INFO - DAG(s) dict_keys(['tutorial_taskflow_api_etl']) retrieved from /Users/miltonvolpato/Git/Alura_Airflow_Oficial/venv/lib/python3.9/site-packages/airflow/example_dags/tutorial_taskflow_api_etl.py
[2024-04-02 19:40:05,215] {logging_mixin.py:115} INFO - [2024-04-02 19:40:05,215] {dag.py:2379} INFO - Sync 1 DAGs
[2024-04-02 19:40:05,222] {logging_mixin.py:115} INFO - [2024-04-02 19:40:05,222] {dag.py:2927} INFO - Setting next_dagrun for tutorial_taskflow_api_etl to None, run_after=None
[2024-04-02 19:40:05,228] {processor.py:161} INFO - Processing /Users/miltonvolpato/Git/Alura_Airflow_Oficial/venv/lib/python3.9/site-packages/airflow/example_dags/tutorial_taskflow_api_etl.py took 0.287 seconds
[2024-04-02 19:40:40,059] {processor.py:153} INFO - Started process (PID=11627) to work on /Users/miltonvolpato/Git/Alura_Airflow_Oficial/venv/lib/python3.9/site-packages/airflow/example_dags/tutorial_taskflow_api_etl.py
[2024-04-02 19:40:40,059] {processor.py:641} INFO - Processing file /Users/miltonvolpato/Git/Alura_Airflow_Oficial/venv/lib/python3.9/site-packages/airflow/example_dags/tutorial_taskflow_api_etl.py for tasks to queue
[2024-04-02 19:40:40,059] {logging_mixin.py:115} INFO - [2024-04-02 19:40:40,059] {dagbag.py:507} INFO - Filling up the DagBag from /Users/miltonvolpato/Git/Alura_Airflow_Oficial/venv/lib/python3.9/site-packages/airflow/example_dags/tutorial_taskflow_api_etl.py
[2024-04-02 19:40:40,074] {processor.py:651} INFO - DAG(s) dict_keys(['tutorial_taskflow_api_etl']) retrieved from /Users/miltonvolpato/Git/Alura_Airflow_Oficial/venv/lib/python3.9/site-packages/airflow/example_dags/tutorial_taskflow_api_etl.py
[2024-04-02 19:40:40,327] {logging_mixin.py:115} INFO - [2024-04-02 19:40:40,327] {dag.py:2379} INFO - Sync 1 DAGs
[2024-04-02 19:40:40,333] {logging_mixin.py:115} INFO - [2024-04-02 19:40:40,333] {dag.py:2927} INFO - Setting next_dagrun for tutorial_taskflow_api_etl to None, run_after=None
[2024-04-02 19:40:40,339] {processor.py:161} INFO - Processing /Users/miltonvolpato/Git/Alura_Airflow_Oficial/venv/lib/python3.9/site-packages/airflow/example_dags/tutorial_taskflow_api_etl.py took 0.280 seconds
[2024-04-02 19:41:16,778] {processor.py:153} INFO - Started process (PID=11659) to work on /Users/miltonvolpato/Git/Alura_Airflow_Oficial/venv/lib/python3.9/site-packages/airflow/example_dags/tutorial_taskflow_api_etl.py
[2024-04-02 19:41:16,778] {processor.py:641} INFO - Processing file /Users/miltonvolpato/Git/Alura_Airflow_Oficial/venv/lib/python3.9/site-packages/airflow/example_dags/tutorial_taskflow_api_etl.py for tasks to queue
[2024-04-02 19:41:16,778] {logging_mixin.py:115} INFO - [2024-04-02 19:41:16,778] {dagbag.py:507} INFO - Filling up the DagBag from /Users/miltonvolpato/Git/Alura_Airflow_Oficial/venv/lib/python3.9/site-packages/airflow/example_dags/tutorial_taskflow_api_etl.py
[2024-04-02 19:41:16,793] {processor.py:651} INFO - DAG(s) dict_keys(['tutorial_taskflow_api_etl']) retrieved from /Users/miltonvolpato/Git/Alura_Airflow_Oficial/venv/lib/python3.9/site-packages/airflow/example_dags/tutorial_taskflow_api_etl.py
[2024-04-02 19:41:17,054] {logging_mixin.py:115} INFO - [2024-04-02 19:41:17,053] {dag.py:2379} INFO - Sync 1 DAGs
[2024-04-02 19:41:17,062] {logging_mixin.py:115} INFO - [2024-04-02 19:41:17,062] {dag.py:2927} INFO - Setting next_dagrun for tutorial_taskflow_api_etl to None, run_after=None
[2024-04-02 19:41:17,073] {processor.py:161} INFO - Processing /Users/miltonvolpato/Git/Alura_Airflow_Oficial/venv/lib/python3.9/site-packages/airflow/example_dags/tutorial_taskflow_api_etl.py took 0.296 seconds
[2024-04-02 19:41:52,049] {processor.py:153} INFO - Started process (PID=11693) to work on /Users/miltonvolpato/Git/Alura_Airflow_Oficial/venv/lib/python3.9/site-packages/airflow/example_dags/tutorial_taskflow_api_etl.py
[2024-04-02 19:41:52,049] {processor.py:641} INFO - Processing file /Users/miltonvolpato/Git/Alura_Airflow_Oficial/venv/lib/python3.9/site-packages/airflow/example_dags/tutorial_taskflow_api_etl.py for tasks to queue
[2024-04-02 19:41:52,049] {logging_mixin.py:115} INFO - [2024-04-02 19:41:52,049] {dagbag.py:507} INFO - Filling up the DagBag from /Users/miltonvolpato/Git/Alura_Airflow_Oficial/venv/lib/python3.9/site-packages/airflow/example_dags/tutorial_taskflow_api_etl.py
[2024-04-02 19:41:52,064] {processor.py:651} INFO - DAG(s) dict_keys(['tutorial_taskflow_api_etl']) retrieved from /Users/miltonvolpato/Git/Alura_Airflow_Oficial/venv/lib/python3.9/site-packages/airflow/example_dags/tutorial_taskflow_api_etl.py
[2024-04-02 19:41:52,314] {logging_mixin.py:115} INFO - [2024-04-02 19:41:52,314] {dag.py:2379} INFO - Sync 1 DAGs
[2024-04-02 19:41:52,320] {logging_mixin.py:115} INFO - [2024-04-02 19:41:52,320] {dag.py:2927} INFO - Setting next_dagrun for tutorial_taskflow_api_etl to None, run_after=None
[2024-04-02 19:41:52,326] {processor.py:161} INFO - Processing /Users/miltonvolpato/Git/Alura_Airflow_Oficial/venv/lib/python3.9/site-packages/airflow/example_dags/tutorial_taskflow_api_etl.py took 0.277 seconds
[2024-04-02 19:42:27,959] {processor.py:153} INFO - Started process (PID=11725) to work on /Users/miltonvolpato/Git/Alura_Airflow_Oficial/venv/lib/python3.9/site-packages/airflow/example_dags/tutorial_taskflow_api_etl.py
[2024-04-02 19:42:27,959] {processor.py:641} INFO - Processing file /Users/miltonvolpato/Git/Alura_Airflow_Oficial/venv/lib/python3.9/site-packages/airflow/example_dags/tutorial_taskflow_api_etl.py for tasks to queue
[2024-04-02 19:42:27,959] {logging_mixin.py:115} INFO - [2024-04-02 19:42:27,959] {dagbag.py:507} INFO - Filling up the DagBag from /Users/miltonvolpato/Git/Alura_Airflow_Oficial/venv/lib/python3.9/site-packages/airflow/example_dags/tutorial_taskflow_api_etl.py
[2024-04-02 19:42:27,974] {processor.py:651} INFO - DAG(s) dict_keys(['tutorial_taskflow_api_etl']) retrieved from /Users/miltonvolpato/Git/Alura_Airflow_Oficial/venv/lib/python3.9/site-packages/airflow/example_dags/tutorial_taskflow_api_etl.py
[2024-04-02 19:42:28,231] {logging_mixin.py:115} INFO - [2024-04-02 19:42:28,231] {dag.py:2379} INFO - Sync 1 DAGs
[2024-04-02 19:42:28,238] {logging_mixin.py:115} INFO - [2024-04-02 19:42:28,238] {dag.py:2927} INFO - Setting next_dagrun for tutorial_taskflow_api_etl to None, run_after=None
[2024-04-02 19:42:28,243] {processor.py:161} INFO - Processing /Users/miltonvolpato/Git/Alura_Airflow_Oficial/venv/lib/python3.9/site-packages/airflow/example_dags/tutorial_taskflow_api_etl.py took 0.285 seconds
[2024-04-02 19:43:01,245] {processor.py:153} INFO - Started process (PID=11758) to work on /Users/miltonvolpato/Git/Alura_Airflow_Oficial/venv/lib/python3.9/site-packages/airflow/example_dags/tutorial_taskflow_api_etl.py
[2024-04-02 19:43:01,246] {processor.py:641} INFO - Processing file /Users/miltonvolpato/Git/Alura_Airflow_Oficial/venv/lib/python3.9/site-packages/airflow/example_dags/tutorial_taskflow_api_etl.py for tasks to queue
[2024-04-02 19:43:01,246] {logging_mixin.py:115} INFO - [2024-04-02 19:43:01,246] {dagbag.py:507} INFO - Filling up the DagBag from /Users/miltonvolpato/Git/Alura_Airflow_Oficial/venv/lib/python3.9/site-packages/airflow/example_dags/tutorial_taskflow_api_etl.py
[2024-04-02 19:43:01,261] {processor.py:651} INFO - DAG(s) dict_keys(['tutorial_taskflow_api_etl']) retrieved from /Users/miltonvolpato/Git/Alura_Airflow_Oficial/venv/lib/python3.9/site-packages/airflow/example_dags/tutorial_taskflow_api_etl.py
[2024-04-02 19:43:01,521] {logging_mixin.py:115} INFO - [2024-04-02 19:43:01,521] {dag.py:2379} INFO - Sync 1 DAGs
[2024-04-02 19:43:01,528] {logging_mixin.py:115} INFO - [2024-04-02 19:43:01,528] {dag.py:2927} INFO - Setting next_dagrun for tutorial_taskflow_api_etl to None, run_after=None
[2024-04-02 19:43:01,534] {processor.py:161} INFO - Processing /Users/miltonvolpato/Git/Alura_Airflow_Oficial/venv/lib/python3.9/site-packages/airflow/example_dags/tutorial_taskflow_api_etl.py took 0.289 seconds
[2024-04-02 19:43:34,468] {processor.py:153} INFO - Started process (PID=11789) to work on /Users/miltonvolpato/Git/Alura_Airflow_Oficial/venv/lib/python3.9/site-packages/airflow/example_dags/tutorial_taskflow_api_etl.py
[2024-04-02 19:43:34,468] {processor.py:641} INFO - Processing file /Users/miltonvolpato/Git/Alura_Airflow_Oficial/venv/lib/python3.9/site-packages/airflow/example_dags/tutorial_taskflow_api_etl.py for tasks to queue
[2024-04-02 19:43:34,468] {logging_mixin.py:115} INFO - [2024-04-02 19:43:34,468] {dagbag.py:507} INFO - Filling up the DagBag from /Users/miltonvolpato/Git/Alura_Airflow_Oficial/venv/lib/python3.9/site-packages/airflow/example_dags/tutorial_taskflow_api_etl.py
[2024-04-02 19:43:34,483] {processor.py:651} INFO - DAG(s) dict_keys(['tutorial_taskflow_api_etl']) retrieved from /Users/miltonvolpato/Git/Alura_Airflow_Oficial/venv/lib/python3.9/site-packages/airflow/example_dags/tutorial_taskflow_api_etl.py
[2024-04-02 19:43:34,742] {logging_mixin.py:115} INFO - [2024-04-02 19:43:34,742] {dag.py:2379} INFO - Sync 1 DAGs
[2024-04-02 19:43:34,749] {logging_mixin.py:115} INFO - [2024-04-02 19:43:34,749] {dag.py:2927} INFO - Setting next_dagrun for tutorial_taskflow_api_etl to None, run_after=None
[2024-04-02 19:43:34,754] {processor.py:161} INFO - Processing /Users/miltonvolpato/Git/Alura_Airflow_Oficial/venv/lib/python3.9/site-packages/airflow/example_dags/tutorial_taskflow_api_etl.py took 0.287 seconds
[2024-04-02 19:44:14,868] {processor.py:153} INFO - Started process (PID=11838) to work on /Users/miltonvolpato/Git/Alura_Airflow_Oficial/venv/lib/python3.9/site-packages/airflow/example_dags/tutorial_taskflow_api_etl.py
[2024-04-02 19:44:14,869] {processor.py:641} INFO - Processing file /Users/miltonvolpato/Git/Alura_Airflow_Oficial/venv/lib/python3.9/site-packages/airflow/example_dags/tutorial_taskflow_api_etl.py for tasks to queue
[2024-04-02 19:44:14,869] {logging_mixin.py:115} INFO - [2024-04-02 19:44:14,869] {dagbag.py:507} INFO - Filling up the DagBag from /Users/miltonvolpato/Git/Alura_Airflow_Oficial/venv/lib/python3.9/site-packages/airflow/example_dags/tutorial_taskflow_api_etl.py
[2024-04-02 19:44:14,884] {processor.py:651} INFO - DAG(s) dict_keys(['tutorial_taskflow_api_etl']) retrieved from /Users/miltonvolpato/Git/Alura_Airflow_Oficial/venv/lib/python3.9/site-packages/airflow/example_dags/tutorial_taskflow_api_etl.py
[2024-04-02 19:44:15,137] {logging_mixin.py:115} INFO - [2024-04-02 19:44:15,137] {dag.py:2379} INFO - Sync 1 DAGs
[2024-04-02 19:44:15,144] {logging_mixin.py:115} INFO - [2024-04-02 19:44:15,144] {dag.py:2927} INFO - Setting next_dagrun for tutorial_taskflow_api_etl to None, run_after=None
[2024-04-02 19:44:15,150] {processor.py:161} INFO - Processing /Users/miltonvolpato/Git/Alura_Airflow_Oficial/venv/lib/python3.9/site-packages/airflow/example_dags/tutorial_taskflow_api_etl.py took 0.282 seconds
[2024-04-02 19:44:50,314] {processor.py:153} INFO - Started process (PID=11889) to work on /Users/miltonvolpato/Git/Alura_Airflow_Oficial/venv/lib/python3.9/site-packages/airflow/example_dags/tutorial_taskflow_api_etl.py
[2024-04-02 19:44:50,315] {processor.py:641} INFO - Processing file /Users/miltonvolpato/Git/Alura_Airflow_Oficial/venv/lib/python3.9/site-packages/airflow/example_dags/tutorial_taskflow_api_etl.py for tasks to queue
[2024-04-02 19:44:50,315] {logging_mixin.py:115} INFO - [2024-04-02 19:44:50,315] {dagbag.py:507} INFO - Filling up the DagBag from /Users/miltonvolpato/Git/Alura_Airflow_Oficial/venv/lib/python3.9/site-packages/airflow/example_dags/tutorial_taskflow_api_etl.py
[2024-04-02 19:44:50,330] {processor.py:651} INFO - DAG(s) dict_keys(['tutorial_taskflow_api_etl']) retrieved from /Users/miltonvolpato/Git/Alura_Airflow_Oficial/venv/lib/python3.9/site-packages/airflow/example_dags/tutorial_taskflow_api_etl.py
[2024-04-02 19:44:50,587] {logging_mixin.py:115} INFO - [2024-04-02 19:44:50,587] {dag.py:2379} INFO - Sync 1 DAGs
[2024-04-02 19:44:50,594] {logging_mixin.py:115} INFO - [2024-04-02 19:44:50,594] {dag.py:2927} INFO - Setting next_dagrun for tutorial_taskflow_api_etl to None, run_after=None
[2024-04-02 19:44:50,600] {processor.py:161} INFO - Processing /Users/miltonvolpato/Git/Alura_Airflow_Oficial/venv/lib/python3.9/site-packages/airflow/example_dags/tutorial_taskflow_api_etl.py took 0.286 seconds
[2024-04-02 19:45:26,334] {processor.py:153} INFO - Started process (PID=11918) to work on /Users/miltonvolpato/Git/Alura_Airflow_Oficial/venv/lib/python3.9/site-packages/airflow/example_dags/tutorial_taskflow_api_etl.py
[2024-04-02 19:45:26,334] {processor.py:641} INFO - Processing file /Users/miltonvolpato/Git/Alura_Airflow_Oficial/venv/lib/python3.9/site-packages/airflow/example_dags/tutorial_taskflow_api_etl.py for tasks to queue
[2024-04-02 19:45:26,334] {logging_mixin.py:115} INFO - [2024-04-02 19:45:26,334] {dagbag.py:507} INFO - Filling up the DagBag from /Users/miltonvolpato/Git/Alura_Airflow_Oficial/venv/lib/python3.9/site-packages/airflow/example_dags/tutorial_taskflow_api_etl.py
[2024-04-02 19:45:26,349] {processor.py:651} INFO - DAG(s) dict_keys(['tutorial_taskflow_api_etl']) retrieved from /Users/miltonvolpato/Git/Alura_Airflow_Oficial/venv/lib/python3.9/site-packages/airflow/example_dags/tutorial_taskflow_api_etl.py
[2024-04-02 19:45:26,605] {logging_mixin.py:115} INFO - [2024-04-02 19:45:26,605] {dag.py:2379} INFO - Sync 1 DAGs
[2024-04-02 19:45:26,615] {logging_mixin.py:115} INFO - [2024-04-02 19:45:26,615] {dag.py:2927} INFO - Setting next_dagrun for tutorial_taskflow_api_etl to None, run_after=None
[2024-04-02 19:45:26,631] {processor.py:161} INFO - Processing /Users/miltonvolpato/Git/Alura_Airflow_Oficial/venv/lib/python3.9/site-packages/airflow/example_dags/tutorial_taskflow_api_etl.py took 0.298 seconds
[2024-04-02 19:45:58,628] {processor.py:153} INFO - Started process (PID=11944) to work on /Users/miltonvolpato/Git/Alura_Airflow_Oficial/venv/lib/python3.9/site-packages/airflow/example_dags/tutorial_taskflow_api_etl.py
[2024-04-02 19:45:58,628] {processor.py:641} INFO - Processing file /Users/miltonvolpato/Git/Alura_Airflow_Oficial/venv/lib/python3.9/site-packages/airflow/example_dags/tutorial_taskflow_api_etl.py for tasks to queue
[2024-04-02 19:45:58,628] {logging_mixin.py:115} INFO - [2024-04-02 19:45:58,628] {dagbag.py:507} INFO - Filling up the DagBag from /Users/miltonvolpato/Git/Alura_Airflow_Oficial/venv/lib/python3.9/site-packages/airflow/example_dags/tutorial_taskflow_api_etl.py
[2024-04-02 19:45:58,644] {processor.py:651} INFO - DAG(s) dict_keys(['tutorial_taskflow_api_etl']) retrieved from /Users/miltonvolpato/Git/Alura_Airflow_Oficial/venv/lib/python3.9/site-packages/airflow/example_dags/tutorial_taskflow_api_etl.py
[2024-04-02 19:45:58,905] {logging_mixin.py:115} INFO - [2024-04-02 19:45:58,905] {dag.py:2379} INFO - Sync 1 DAGs
[2024-04-02 19:45:58,912] {logging_mixin.py:115} INFO - [2024-04-02 19:45:58,912] {dag.py:2927} INFO - Setting next_dagrun for tutorial_taskflow_api_etl to None, run_after=None
[2024-04-02 19:45:58,918] {processor.py:161} INFO - Processing /Users/miltonvolpato/Git/Alura_Airflow_Oficial/venv/lib/python3.9/site-packages/airflow/example_dags/tutorial_taskflow_api_etl.py took 0.290 seconds
[2024-04-02 19:46:31,391] {processor.py:153} INFO - Started process (PID=11993) to work on /Users/miltonvolpato/Git/Alura_Airflow_Oficial/venv/lib/python3.9/site-packages/airflow/example_dags/tutorial_taskflow_api_etl.py
[2024-04-02 19:46:31,391] {processor.py:641} INFO - Processing file /Users/miltonvolpato/Git/Alura_Airflow_Oficial/venv/lib/python3.9/site-packages/airflow/example_dags/tutorial_taskflow_api_etl.py for tasks to queue
[2024-04-02 19:46:31,391] {logging_mixin.py:115} INFO - [2024-04-02 19:46:31,391] {dagbag.py:507} INFO - Filling up the DagBag from /Users/miltonvolpato/Git/Alura_Airflow_Oficial/venv/lib/python3.9/site-packages/airflow/example_dags/tutorial_taskflow_api_etl.py
[2024-04-02 19:46:31,409] {processor.py:651} INFO - DAG(s) dict_keys(['tutorial_taskflow_api_etl']) retrieved from /Users/miltonvolpato/Git/Alura_Airflow_Oficial/venv/lib/python3.9/site-packages/airflow/example_dags/tutorial_taskflow_api_etl.py
[2024-04-02 19:46:31,674] {logging_mixin.py:115} INFO - [2024-04-02 19:46:31,674] {dag.py:2379} INFO - Sync 1 DAGs
[2024-04-02 19:46:31,681] {logging_mixin.py:115} INFO - [2024-04-02 19:46:31,681] {dag.py:2927} INFO - Setting next_dagrun for tutorial_taskflow_api_etl to None, run_after=None
[2024-04-02 19:46:31,689] {processor.py:161} INFO - Processing /Users/miltonvolpato/Git/Alura_Airflow_Oficial/venv/lib/python3.9/site-packages/airflow/example_dags/tutorial_taskflow_api_etl.py took 0.299 seconds
[2024-04-02 19:47:09,195] {processor.py:153} INFO - Started process (PID=12052) to work on /Users/miltonvolpato/Git/Alura_Airflow_Oficial/venv/lib/python3.9/site-packages/airflow/example_dags/tutorial_taskflow_api_etl.py
[2024-04-02 19:47:09,196] {processor.py:641} INFO - Processing file /Users/miltonvolpato/Git/Alura_Airflow_Oficial/venv/lib/python3.9/site-packages/airflow/example_dags/tutorial_taskflow_api_etl.py for tasks to queue
[2024-04-02 19:47:09,196] {logging_mixin.py:115} INFO - [2024-04-02 19:47:09,196] {dagbag.py:507} INFO - Filling up the DagBag from /Users/miltonvolpato/Git/Alura_Airflow_Oficial/venv/lib/python3.9/site-packages/airflow/example_dags/tutorial_taskflow_api_etl.py
[2024-04-02 19:47:09,210] {processor.py:651} INFO - DAG(s) dict_keys(['tutorial_taskflow_api_etl']) retrieved from /Users/miltonvolpato/Git/Alura_Airflow_Oficial/venv/lib/python3.9/site-packages/airflow/example_dags/tutorial_taskflow_api_etl.py
[2024-04-02 19:47:09,528] {logging_mixin.py:115} INFO - [2024-04-02 19:47:09,528] {dag.py:2379} INFO - Sync 1 DAGs
[2024-04-02 19:47:09,534] {logging_mixin.py:115} INFO - [2024-04-02 19:47:09,534] {dag.py:2927} INFO - Setting next_dagrun for tutorial_taskflow_api_etl to None, run_after=None
[2024-04-02 19:47:09,540] {processor.py:161} INFO - Processing /Users/miltonvolpato/Git/Alura_Airflow_Oficial/venv/lib/python3.9/site-packages/airflow/example_dags/tutorial_taskflow_api_etl.py took 0.345 seconds
[2024-04-02 19:47:44,394] {processor.py:153} INFO - Started process (PID=12109) to work on /Users/miltonvolpato/Git/Alura_Airflow_Oficial/venv/lib/python3.9/site-packages/airflow/example_dags/tutorial_taskflow_api_etl.py
[2024-04-02 19:47:44,395] {processor.py:641} INFO - Processing file /Users/miltonvolpato/Git/Alura_Airflow_Oficial/venv/lib/python3.9/site-packages/airflow/example_dags/tutorial_taskflow_api_etl.py for tasks to queue
[2024-04-02 19:47:44,395] {logging_mixin.py:115} INFO - [2024-04-02 19:47:44,395] {dagbag.py:507} INFO - Filling up the DagBag from /Users/miltonvolpato/Git/Alura_Airflow_Oficial/venv/lib/python3.9/site-packages/airflow/example_dags/tutorial_taskflow_api_etl.py
[2024-04-02 19:47:44,410] {processor.py:651} INFO - DAG(s) dict_keys(['tutorial_taskflow_api_etl']) retrieved from /Users/miltonvolpato/Git/Alura_Airflow_Oficial/venv/lib/python3.9/site-packages/airflow/example_dags/tutorial_taskflow_api_etl.py
[2024-04-02 19:47:44,670] {logging_mixin.py:115} INFO - [2024-04-02 19:47:44,670] {dag.py:2379} INFO - Sync 1 DAGs
[2024-04-02 19:47:44,677] {logging_mixin.py:115} INFO - [2024-04-02 19:47:44,677] {dag.py:2927} INFO - Setting next_dagrun for tutorial_taskflow_api_etl to None, run_after=None
[2024-04-02 19:47:44,683] {processor.py:161} INFO - Processing /Users/miltonvolpato/Git/Alura_Airflow_Oficial/venv/lib/python3.9/site-packages/airflow/example_dags/tutorial_taskflow_api_etl.py took 0.289 seconds
[2024-04-02 19:48:30,083] {processor.py:153} INFO - Started process (PID=12151) to work on /Users/miltonvolpato/Git/Alura_Airflow_Oficial/venv/lib/python3.9/site-packages/airflow/example_dags/tutorial_taskflow_api_etl.py
[2024-04-02 19:48:30,083] {processor.py:641} INFO - Processing file /Users/miltonvolpato/Git/Alura_Airflow_Oficial/venv/lib/python3.9/site-packages/airflow/example_dags/tutorial_taskflow_api_etl.py for tasks to queue
[2024-04-02 19:48:30,084] {logging_mixin.py:115} INFO - [2024-04-02 19:48:30,084] {dagbag.py:507} INFO - Filling up the DagBag from /Users/miltonvolpato/Git/Alura_Airflow_Oficial/venv/lib/python3.9/site-packages/airflow/example_dags/tutorial_taskflow_api_etl.py
[2024-04-02 19:48:30,098] {processor.py:651} INFO - DAG(s) dict_keys(['tutorial_taskflow_api_etl']) retrieved from /Users/miltonvolpato/Git/Alura_Airflow_Oficial/venv/lib/python3.9/site-packages/airflow/example_dags/tutorial_taskflow_api_etl.py
[2024-04-02 19:48:30,355] {logging_mixin.py:115} INFO - [2024-04-02 19:48:30,355] {dag.py:2379} INFO - Sync 1 DAGs
[2024-04-02 19:48:30,362] {logging_mixin.py:115} INFO - [2024-04-02 19:48:30,362] {dag.py:2927} INFO - Setting next_dagrun for tutorial_taskflow_api_etl to None, run_after=None
[2024-04-02 19:48:30,368] {processor.py:161} INFO - Processing /Users/miltonvolpato/Git/Alura_Airflow_Oficial/venv/lib/python3.9/site-packages/airflow/example_dags/tutorial_taskflow_api_etl.py took 0.285 seconds
[2024-04-02 19:49:02,712] {processor.py:153} INFO - Started process (PID=12191) to work on /Users/miltonvolpato/Git/Alura_Airflow_Oficial/venv/lib/python3.9/site-packages/airflow/example_dags/tutorial_taskflow_api_etl.py
[2024-04-02 19:49:02,713] {processor.py:641} INFO - Processing file /Users/miltonvolpato/Git/Alura_Airflow_Oficial/venv/lib/python3.9/site-packages/airflow/example_dags/tutorial_taskflow_api_etl.py for tasks to queue
[2024-04-02 19:49:02,713] {logging_mixin.py:115} INFO - [2024-04-02 19:49:02,713] {dagbag.py:507} INFO - Filling up the DagBag from /Users/miltonvolpato/Git/Alura_Airflow_Oficial/venv/lib/python3.9/site-packages/airflow/example_dags/tutorial_taskflow_api_etl.py
[2024-04-02 19:49:02,727] {processor.py:651} INFO - DAG(s) dict_keys(['tutorial_taskflow_api_etl']) retrieved from /Users/miltonvolpato/Git/Alura_Airflow_Oficial/venv/lib/python3.9/site-packages/airflow/example_dags/tutorial_taskflow_api_etl.py
[2024-04-02 19:49:02,989] {logging_mixin.py:115} INFO - [2024-04-02 19:49:02,989] {dag.py:2379} INFO - Sync 1 DAGs
[2024-04-02 19:49:02,996] {logging_mixin.py:115} INFO - [2024-04-02 19:49:02,996] {dag.py:2927} INFO - Setting next_dagrun for tutorial_taskflow_api_etl to None, run_after=None
[2024-04-02 19:49:03,002] {processor.py:161} INFO - Processing /Users/miltonvolpato/Git/Alura_Airflow_Oficial/venv/lib/python3.9/site-packages/airflow/example_dags/tutorial_taskflow_api_etl.py took 0.290 seconds
[2024-04-02 19:49:36,659] {processor.py:153} INFO - Started process (PID=12234) to work on /Users/miltonvolpato/Git/Alura_Airflow_Oficial/venv/lib/python3.9/site-packages/airflow/example_dags/tutorial_taskflow_api_etl.py
[2024-04-02 19:49:36,660] {processor.py:641} INFO - Processing file /Users/miltonvolpato/Git/Alura_Airflow_Oficial/venv/lib/python3.9/site-packages/airflow/example_dags/tutorial_taskflow_api_etl.py for tasks to queue
[2024-04-02 19:49:36,660] {logging_mixin.py:115} INFO - [2024-04-02 19:49:36,660] {dagbag.py:507} INFO - Filling up the DagBag from /Users/miltonvolpato/Git/Alura_Airflow_Oficial/venv/lib/python3.9/site-packages/airflow/example_dags/tutorial_taskflow_api_etl.py
[2024-04-02 19:49:36,675] {processor.py:651} INFO - DAG(s) dict_keys(['tutorial_taskflow_api_etl']) retrieved from /Users/miltonvolpato/Git/Alura_Airflow_Oficial/venv/lib/python3.9/site-packages/airflow/example_dags/tutorial_taskflow_api_etl.py
[2024-04-02 19:49:36,996] {logging_mixin.py:115} INFO - [2024-04-02 19:49:36,996] {dag.py:2379} INFO - Sync 1 DAGs
[2024-04-02 19:49:37,003] {logging_mixin.py:115} INFO - [2024-04-02 19:49:37,003] {dag.py:2927} INFO - Setting next_dagrun for tutorial_taskflow_api_etl to None, run_after=None
[2024-04-02 19:49:37,008] {processor.py:161} INFO - Processing /Users/miltonvolpato/Git/Alura_Airflow_Oficial/venv/lib/python3.9/site-packages/airflow/example_dags/tutorial_taskflow_api_etl.py took 0.349 seconds
[2024-04-02 19:50:11,987] {processor.py:153} INFO - Started process (PID=12264) to work on /Users/miltonvolpato/Git/Alura_Airflow_Oficial/venv/lib/python3.9/site-packages/airflow/example_dags/tutorial_taskflow_api_etl.py
[2024-04-02 19:50:11,987] {processor.py:641} INFO - Processing file /Users/miltonvolpato/Git/Alura_Airflow_Oficial/venv/lib/python3.9/site-packages/airflow/example_dags/tutorial_taskflow_api_etl.py for tasks to queue
[2024-04-02 19:50:11,987] {logging_mixin.py:115} INFO - [2024-04-02 19:50:11,987] {dagbag.py:507} INFO - Filling up the DagBag from /Users/miltonvolpato/Git/Alura_Airflow_Oficial/venv/lib/python3.9/site-packages/airflow/example_dags/tutorial_taskflow_api_etl.py
[2024-04-02 19:50:12,003] {processor.py:651} INFO - DAG(s) dict_keys(['tutorial_taskflow_api_etl']) retrieved from /Users/miltonvolpato/Git/Alura_Airflow_Oficial/venv/lib/python3.9/site-packages/airflow/example_dags/tutorial_taskflow_api_etl.py
[2024-04-02 19:50:12,305] {logging_mixin.py:115} INFO - [2024-04-02 19:50:12,305] {dag.py:2379} INFO - Sync 1 DAGs
[2024-04-02 19:50:12,312] {logging_mixin.py:115} INFO - [2024-04-02 19:50:12,312] {dag.py:2927} INFO - Setting next_dagrun for tutorial_taskflow_api_etl to None, run_after=None
[2024-04-02 19:50:12,318] {processor.py:161} INFO - Processing /Users/miltonvolpato/Git/Alura_Airflow_Oficial/venv/lib/python3.9/site-packages/airflow/example_dags/tutorial_taskflow_api_etl.py took 0.332 seconds
[2024-04-02 19:50:48,449] {processor.py:153} INFO - Started process (PID=12293) to work on /Users/miltonvolpato/Git/Alura_Airflow_Oficial/venv/lib/python3.9/site-packages/airflow/example_dags/tutorial_taskflow_api_etl.py
[2024-04-02 19:50:48,450] {processor.py:641} INFO - Processing file /Users/miltonvolpato/Git/Alura_Airflow_Oficial/venv/lib/python3.9/site-packages/airflow/example_dags/tutorial_taskflow_api_etl.py for tasks to queue
[2024-04-02 19:50:48,450] {logging_mixin.py:115} INFO - [2024-04-02 19:50:48,450] {dagbag.py:507} INFO - Filling up the DagBag from /Users/miltonvolpato/Git/Alura_Airflow_Oficial/venv/lib/python3.9/site-packages/airflow/example_dags/tutorial_taskflow_api_etl.py
[2024-04-02 19:50:48,465] {processor.py:651} INFO - DAG(s) dict_keys(['tutorial_taskflow_api_etl']) retrieved from /Users/miltonvolpato/Git/Alura_Airflow_Oficial/venv/lib/python3.9/site-packages/airflow/example_dags/tutorial_taskflow_api_etl.py
[2024-04-02 19:50:48,729] {logging_mixin.py:115} INFO - [2024-04-02 19:50:48,729] {dag.py:2379} INFO - Sync 1 DAGs
[2024-04-02 19:50:48,736] {logging_mixin.py:115} INFO - [2024-04-02 19:50:48,736] {dag.py:2927} INFO - Setting next_dagrun for tutorial_taskflow_api_etl to None, run_after=None
[2024-04-02 19:50:48,741] {processor.py:161} INFO - Processing /Users/miltonvolpato/Git/Alura_Airflow_Oficial/venv/lib/python3.9/site-packages/airflow/example_dags/tutorial_taskflow_api_etl.py took 0.292 seconds
[2024-04-02 19:51:22,660] {processor.py:153} INFO - Started process (PID=12325) to work on /Users/miltonvolpato/Git/Alura_Airflow_Oficial/venv/lib/python3.9/site-packages/airflow/example_dags/tutorial_taskflow_api_etl.py
[2024-04-02 19:51:22,660] {processor.py:641} INFO - Processing file /Users/miltonvolpato/Git/Alura_Airflow_Oficial/venv/lib/python3.9/site-packages/airflow/example_dags/tutorial_taskflow_api_etl.py for tasks to queue
[2024-04-02 19:51:22,660] {logging_mixin.py:115} INFO - [2024-04-02 19:51:22,660] {dagbag.py:507} INFO - Filling up the DagBag from /Users/miltonvolpato/Git/Alura_Airflow_Oficial/venv/lib/python3.9/site-packages/airflow/example_dags/tutorial_taskflow_api_etl.py
[2024-04-02 19:51:22,677] {processor.py:651} INFO - DAG(s) dict_keys(['tutorial_taskflow_api_etl']) retrieved from /Users/miltonvolpato/Git/Alura_Airflow_Oficial/venv/lib/python3.9/site-packages/airflow/example_dags/tutorial_taskflow_api_etl.py
[2024-04-02 19:51:22,961] {logging_mixin.py:115} INFO - [2024-04-02 19:51:22,961] {dag.py:2379} INFO - Sync 1 DAGs
[2024-04-02 19:51:22,969] {logging_mixin.py:115} INFO - [2024-04-02 19:51:22,969] {dag.py:2927} INFO - Setting next_dagrun for tutorial_taskflow_api_etl to None, run_after=None
[2024-04-02 19:51:22,975] {processor.py:161} INFO - Processing /Users/miltonvolpato/Git/Alura_Airflow_Oficial/venv/lib/python3.9/site-packages/airflow/example_dags/tutorial_taskflow_api_etl.py took 0.315 seconds
[2024-04-02 19:52:01,180] {processor.py:153} INFO - Started process (PID=12370) to work on /Users/miltonvolpato/Git/Alura_Airflow_Oficial/venv/lib/python3.9/site-packages/airflow/example_dags/tutorial_taskflow_api_etl.py
[2024-04-02 19:52:01,180] {processor.py:641} INFO - Processing file /Users/miltonvolpato/Git/Alura_Airflow_Oficial/venv/lib/python3.9/site-packages/airflow/example_dags/tutorial_taskflow_api_etl.py for tasks to queue
[2024-04-02 19:52:01,180] {logging_mixin.py:115} INFO - [2024-04-02 19:52:01,180] {dagbag.py:507} INFO - Filling up the DagBag from /Users/miltonvolpato/Git/Alura_Airflow_Oficial/venv/lib/python3.9/site-packages/airflow/example_dags/tutorial_taskflow_api_etl.py
[2024-04-02 19:52:01,195] {processor.py:651} INFO - DAG(s) dict_keys(['tutorial_taskflow_api_etl']) retrieved from /Users/miltonvolpato/Git/Alura_Airflow_Oficial/venv/lib/python3.9/site-packages/airflow/example_dags/tutorial_taskflow_api_etl.py
[2024-04-02 19:52:01,476] {logging_mixin.py:115} INFO - [2024-04-02 19:52:01,476] {dag.py:2379} INFO - Sync 1 DAGs
[2024-04-02 19:52:01,483] {logging_mixin.py:115} INFO - [2024-04-02 19:52:01,483] {dag.py:2927} INFO - Setting next_dagrun for tutorial_taskflow_api_etl to None, run_after=None
[2024-04-02 19:52:01,488] {processor.py:161} INFO - Processing /Users/miltonvolpato/Git/Alura_Airflow_Oficial/venv/lib/python3.9/site-packages/airflow/example_dags/tutorial_taskflow_api_etl.py took 0.309 seconds
[2024-04-02 19:52:35,010] {processor.py:153} INFO - Started process (PID=12400) to work on /Users/miltonvolpato/Git/Alura_Airflow_Oficial/venv/lib/python3.9/site-packages/airflow/example_dags/tutorial_taskflow_api_etl.py
[2024-04-02 19:52:35,011] {processor.py:641} INFO - Processing file /Users/miltonvolpato/Git/Alura_Airflow_Oficial/venv/lib/python3.9/site-packages/airflow/example_dags/tutorial_taskflow_api_etl.py for tasks to queue
[2024-04-02 19:52:35,011] {logging_mixin.py:115} INFO - [2024-04-02 19:52:35,011] {dagbag.py:507} INFO - Filling up the DagBag from /Users/miltonvolpato/Git/Alura_Airflow_Oficial/venv/lib/python3.9/site-packages/airflow/example_dags/tutorial_taskflow_api_etl.py
[2024-04-02 19:52:35,028] {processor.py:651} INFO - DAG(s) dict_keys(['tutorial_taskflow_api_etl']) retrieved from /Users/miltonvolpato/Git/Alura_Airflow_Oficial/venv/lib/python3.9/site-packages/airflow/example_dags/tutorial_taskflow_api_etl.py
[2024-04-02 19:52:35,312] {logging_mixin.py:115} INFO - [2024-04-02 19:52:35,312] {dag.py:2379} INFO - Sync 1 DAGs
[2024-04-02 19:52:35,320] {logging_mixin.py:115} INFO - [2024-04-02 19:52:35,320] {dag.py:2927} INFO - Setting next_dagrun for tutorial_taskflow_api_etl to None, run_after=None
[2024-04-02 19:52:35,326] {processor.py:161} INFO - Processing /Users/miltonvolpato/Git/Alura_Airflow_Oficial/venv/lib/python3.9/site-packages/airflow/example_dags/tutorial_taskflow_api_etl.py took 0.316 seconds
[2024-04-02 19:53:13,730] {processor.py:153} INFO - Started process (PID=12431) to work on /Users/miltonvolpato/Git/Alura_Airflow_Oficial/venv/lib/python3.9/site-packages/airflow/example_dags/tutorial_taskflow_api_etl.py
[2024-04-02 19:53:13,730] {processor.py:641} INFO - Processing file /Users/miltonvolpato/Git/Alura_Airflow_Oficial/venv/lib/python3.9/site-packages/airflow/example_dags/tutorial_taskflow_api_etl.py for tasks to queue
[2024-04-02 19:53:13,730] {logging_mixin.py:115} INFO - [2024-04-02 19:53:13,730] {dagbag.py:507} INFO - Filling up the DagBag from /Users/miltonvolpato/Git/Alura_Airflow_Oficial/venv/lib/python3.9/site-packages/airflow/example_dags/tutorial_taskflow_api_etl.py
[2024-04-02 19:53:13,747] {processor.py:651} INFO - DAG(s) dict_keys(['tutorial_taskflow_api_etl']) retrieved from /Users/miltonvolpato/Git/Alura_Airflow_Oficial/venv/lib/python3.9/site-packages/airflow/example_dags/tutorial_taskflow_api_etl.py
[2024-04-02 19:53:14,024] {logging_mixin.py:115} INFO - [2024-04-02 19:53:14,023] {dag.py:2379} INFO - Sync 1 DAGs
[2024-04-02 19:53:14,031] {logging_mixin.py:115} INFO - [2024-04-02 19:53:14,031] {dag.py:2927} INFO - Setting next_dagrun for tutorial_taskflow_api_etl to None, run_after=None
[2024-04-02 19:53:14,037] {processor.py:161} INFO - Processing /Users/miltonvolpato/Git/Alura_Airflow_Oficial/venv/lib/python3.9/site-packages/airflow/example_dags/tutorial_taskflow_api_etl.py took 0.308 seconds
[2024-04-02 19:53:52,402] {processor.py:153} INFO - Started process (PID=12516) to work on /Users/miltonvolpato/Git/Alura_Airflow_Oficial/venv/lib/python3.9/site-packages/airflow/example_dags/tutorial_taskflow_api_etl.py
[2024-04-02 19:53:52,403] {processor.py:641} INFO - Processing file /Users/miltonvolpato/Git/Alura_Airflow_Oficial/venv/lib/python3.9/site-packages/airflow/example_dags/tutorial_taskflow_api_etl.py for tasks to queue
[2024-04-02 19:53:52,403] {logging_mixin.py:115} INFO - [2024-04-02 19:53:52,403] {dagbag.py:507} INFO - Filling up the DagBag from /Users/miltonvolpato/Git/Alura_Airflow_Oficial/venv/lib/python3.9/site-packages/airflow/example_dags/tutorial_taskflow_api_etl.py
[2024-04-02 19:53:52,419] {processor.py:651} INFO - DAG(s) dict_keys(['tutorial_taskflow_api_etl']) retrieved from /Users/miltonvolpato/Git/Alura_Airflow_Oficial/venv/lib/python3.9/site-packages/airflow/example_dags/tutorial_taskflow_api_etl.py
[2024-04-02 19:53:52,757] {logging_mixin.py:115} INFO - [2024-04-02 19:53:52,757] {dag.py:2379} INFO - Sync 1 DAGs
[2024-04-02 19:53:52,765] {logging_mixin.py:115} INFO - [2024-04-02 19:53:52,765] {dag.py:2927} INFO - Setting next_dagrun for tutorial_taskflow_api_etl to None, run_after=None
[2024-04-02 19:53:52,771] {processor.py:161} INFO - Processing /Users/miltonvolpato/Git/Alura_Airflow_Oficial/venv/lib/python3.9/site-packages/airflow/example_dags/tutorial_taskflow_api_etl.py took 0.369 seconds
[2024-04-02 19:54:29,122] {processor.py:153} INFO - Started process (PID=12561) to work on /Users/miltonvolpato/Git/Alura_Airflow_Oficial/venv/lib/python3.9/site-packages/airflow/example_dags/tutorial_taskflow_api_etl.py
[2024-04-02 19:54:29,123] {processor.py:641} INFO - Processing file /Users/miltonvolpato/Git/Alura_Airflow_Oficial/venv/lib/python3.9/site-packages/airflow/example_dags/tutorial_taskflow_api_etl.py for tasks to queue
[2024-04-02 19:54:29,123] {logging_mixin.py:115} INFO - [2024-04-02 19:54:29,123] {dagbag.py:507} INFO - Filling up the DagBag from /Users/miltonvolpato/Git/Alura_Airflow_Oficial/venv/lib/python3.9/site-packages/airflow/example_dags/tutorial_taskflow_api_etl.py
[2024-04-02 19:54:29,138] {processor.py:651} INFO - DAG(s) dict_keys(['tutorial_taskflow_api_etl']) retrieved from /Users/miltonvolpato/Git/Alura_Airflow_Oficial/venv/lib/python3.9/site-packages/airflow/example_dags/tutorial_taskflow_api_etl.py
[2024-04-02 19:54:29,421] {logging_mixin.py:115} INFO - [2024-04-02 19:54:29,421] {dag.py:2379} INFO - Sync 1 DAGs
[2024-04-02 19:54:29,428] {logging_mixin.py:115} INFO - [2024-04-02 19:54:29,428] {dag.py:2927} INFO - Setting next_dagrun for tutorial_taskflow_api_etl to None, run_after=None
[2024-04-02 19:54:29,435] {processor.py:161} INFO - Processing /Users/miltonvolpato/Git/Alura_Airflow_Oficial/venv/lib/python3.9/site-packages/airflow/example_dags/tutorial_taskflow_api_etl.py took 0.313 seconds
[2024-04-02 19:55:06,910] {processor.py:153} INFO - Started process (PID=12630) to work on /Users/miltonvolpato/Git/Alura_Airflow_Oficial/venv/lib/python3.9/site-packages/airflow/example_dags/tutorial_taskflow_api_etl.py
[2024-04-02 19:55:06,911] {processor.py:641} INFO - Processing file /Users/miltonvolpato/Git/Alura_Airflow_Oficial/venv/lib/python3.9/site-packages/airflow/example_dags/tutorial_taskflow_api_etl.py for tasks to queue
[2024-04-02 19:55:06,911] {logging_mixin.py:115} INFO - [2024-04-02 19:55:06,911] {dagbag.py:507} INFO - Filling up the DagBag from /Users/miltonvolpato/Git/Alura_Airflow_Oficial/venv/lib/python3.9/site-packages/airflow/example_dags/tutorial_taskflow_api_etl.py
[2024-04-02 19:55:06,928] {processor.py:651} INFO - DAG(s) dict_keys(['tutorial_taskflow_api_etl']) retrieved from /Users/miltonvolpato/Git/Alura_Airflow_Oficial/venv/lib/python3.9/site-packages/airflow/example_dags/tutorial_taskflow_api_etl.py
[2024-04-02 19:55:07,194] {logging_mixin.py:115} INFO - [2024-04-02 19:55:07,194] {dag.py:2379} INFO - Sync 1 DAGs
[2024-04-02 19:55:07,201] {logging_mixin.py:115} INFO - [2024-04-02 19:55:07,201] {dag.py:2927} INFO - Setting next_dagrun for tutorial_taskflow_api_etl to None, run_after=None
[2024-04-02 19:55:07,207] {processor.py:161} INFO - Processing /Users/miltonvolpato/Git/Alura_Airflow_Oficial/venv/lib/python3.9/site-packages/airflow/example_dags/tutorial_taskflow_api_etl.py took 0.298 seconds
