[2024-04-02 19:36:20,591] {processor.py:153} INFO - Started process (PID=11290) to work on /Users/miltonvolpato/Git/Alura_Airflow_Oficial/venv/lib/python3.9/site-packages/airflow/example_dags/tutorial_etl_dag.py
[2024-04-02 19:36:20,591] {processor.py:641} INFO - Processing file /Users/miltonvolpato/Git/Alura_Airflow_Oficial/venv/lib/python3.9/site-packages/airflow/example_dags/tutorial_etl_dag.py for tasks to queue
[2024-04-02 19:36:20,592] {logging_mixin.py:115} INFO - [2024-04-02 19:36:20,592] {dagbag.py:507} INFO - Filling up the DagBag from /Users/miltonvolpato/Git/Alura_Airflow_Oficial/venv/lib/python3.9/site-packages/airflow/example_dags/tutorial_etl_dag.py
[2024-04-02 19:36:20,603] {processor.py:651} INFO - DAG(s) dict_keys(['tutorial_etl_dag']) retrieved from /Users/miltonvolpato/Git/Alura_Airflow_Oficial/venv/lib/python3.9/site-packages/airflow/example_dags/tutorial_etl_dag.py
[2024-04-02 19:36:20,928] {logging_mixin.py:115} INFO - [2024-04-02 19:36:20,928] {manager.py:508} INFO - Created Permission View: can edit on DAG:tutorial_etl_dag
[2024-04-02 19:36:20,931] {logging_mixin.py:115} INFO - [2024-04-02 19:36:20,931] {manager.py:508} INFO - Created Permission View: can delete on DAG:tutorial_etl_dag
[2024-04-02 19:36:20,933] {logging_mixin.py:115} INFO - [2024-04-02 19:36:20,933] {manager.py:508} INFO - Created Permission View: can read on DAG:tutorial_etl_dag
[2024-04-02 19:36:20,933] {logging_mixin.py:115} INFO - [2024-04-02 19:36:20,933] {dag.py:2379} INFO - Sync 1 DAGs
[2024-04-02 19:36:20,936] {logging_mixin.py:115} INFO - [2024-04-02 19:36:20,936] {dag.py:2398} INFO - Creating ORM DAG for tutorial_etl_dag
[2024-04-02 19:36:20,940] {logging_mixin.py:115} INFO - [2024-04-02 19:36:20,940] {dag.py:2927} INFO - Setting next_dagrun for tutorial_etl_dag to None, run_after=None
[2024-04-02 19:36:20,945] {processor.py:161} INFO - Processing /Users/miltonvolpato/Git/Alura_Airflow_Oficial/venv/lib/python3.9/site-packages/airflow/example_dags/tutorial_etl_dag.py took 0.354 seconds
[2024-04-02 19:37:15,033] {processor.py:153} INFO - Started process (PID=11383) to work on /Users/miltonvolpato/Git/Alura_Airflow_Oficial/venv/lib/python3.9/site-packages/airflow/example_dags/tutorial_etl_dag.py
[2024-04-02 19:37:15,034] {processor.py:641} INFO - Processing file /Users/miltonvolpato/Git/Alura_Airflow_Oficial/venv/lib/python3.9/site-packages/airflow/example_dags/tutorial_etl_dag.py for tasks to queue
[2024-04-02 19:37:15,034] {logging_mixin.py:115} INFO - [2024-04-02 19:37:15,034] {dagbag.py:507} INFO - Filling up the DagBag from /Users/miltonvolpato/Git/Alura_Airflow_Oficial/venv/lib/python3.9/site-packages/airflow/example_dags/tutorial_etl_dag.py
[2024-04-02 19:37:15,046] {processor.py:651} INFO - DAG(s) dict_keys(['tutorial_etl_dag']) retrieved from /Users/miltonvolpato/Git/Alura_Airflow_Oficial/venv/lib/python3.9/site-packages/airflow/example_dags/tutorial_etl_dag.py
[2024-04-02 19:37:15,076] {logging_mixin.py:115} INFO - [2024-04-02 19:37:15,076] {dag.py:2379} INFO - Sync 1 DAGs
[2024-04-02 19:37:15,082] {logging_mixin.py:115} INFO - [2024-04-02 19:37:15,082] {dag.py:2927} INFO - Setting next_dagrun for tutorial_etl_dag to None, run_after=None
[2024-04-02 19:37:15,087] {processor.py:161} INFO - Processing /Users/miltonvolpato/Git/Alura_Airflow_Oficial/venv/lib/python3.9/site-packages/airflow/example_dags/tutorial_etl_dag.py took 0.054 seconds
[2024-04-02 19:37:57,244] {processor.py:153} INFO - Started process (PID=11459) to work on /Users/miltonvolpato/Git/Alura_Airflow_Oficial/venv/lib/python3.9/site-packages/airflow/example_dags/tutorial_etl_dag.py
[2024-04-02 19:37:57,244] {processor.py:641} INFO - Processing file /Users/miltonvolpato/Git/Alura_Airflow_Oficial/venv/lib/python3.9/site-packages/airflow/example_dags/tutorial_etl_dag.py for tasks to queue
[2024-04-02 19:37:57,244] {logging_mixin.py:115} INFO - [2024-04-02 19:37:57,244] {dagbag.py:507} INFO - Filling up the DagBag from /Users/miltonvolpato/Git/Alura_Airflow_Oficial/venv/lib/python3.9/site-packages/airflow/example_dags/tutorial_etl_dag.py
[2024-04-02 19:37:57,257] {processor.py:651} INFO - DAG(s) dict_keys(['tutorial_etl_dag']) retrieved from /Users/miltonvolpato/Git/Alura_Airflow_Oficial/venv/lib/python3.9/site-packages/airflow/example_dags/tutorial_etl_dag.py
[2024-04-02 19:37:57,287] {logging_mixin.py:115} INFO - [2024-04-02 19:37:57,287] {dag.py:2379} INFO - Sync 1 DAGs
[2024-04-02 19:37:57,294] {logging_mixin.py:115} INFO - [2024-04-02 19:37:57,293] {dag.py:2927} INFO - Setting next_dagrun for tutorial_etl_dag to None, run_after=None
[2024-04-02 19:37:57,299] {processor.py:161} INFO - Processing /Users/miltonvolpato/Git/Alura_Airflow_Oficial/venv/lib/python3.9/site-packages/airflow/example_dags/tutorial_etl_dag.py took 0.055 seconds
[2024-04-02 19:38:43,470] {processor.py:153} INFO - Started process (PID=11520) to work on /Users/miltonvolpato/Git/Alura_Airflow_Oficial/venv/lib/python3.9/site-packages/airflow/example_dags/tutorial_etl_dag.py
[2024-04-02 19:38:43,470] {processor.py:641} INFO - Processing file /Users/miltonvolpato/Git/Alura_Airflow_Oficial/venv/lib/python3.9/site-packages/airflow/example_dags/tutorial_etl_dag.py for tasks to queue
[2024-04-02 19:38:43,470] {logging_mixin.py:115} INFO - [2024-04-02 19:38:43,470] {dagbag.py:507} INFO - Filling up the DagBag from /Users/miltonvolpato/Git/Alura_Airflow_Oficial/venv/lib/python3.9/site-packages/airflow/example_dags/tutorial_etl_dag.py
[2024-04-02 19:38:43,481] {processor.py:651} INFO - DAG(s) dict_keys(['tutorial_etl_dag']) retrieved from /Users/miltonvolpato/Git/Alura_Airflow_Oficial/venv/lib/python3.9/site-packages/airflow/example_dags/tutorial_etl_dag.py
[2024-04-02 19:38:43,510] {logging_mixin.py:115} INFO - [2024-04-02 19:38:43,510] {dag.py:2379} INFO - Sync 1 DAGs
[2024-04-02 19:38:43,516] {logging_mixin.py:115} INFO - [2024-04-02 19:38:43,516] {dag.py:2927} INFO - Setting next_dagrun for tutorial_etl_dag to None, run_after=None
[2024-04-02 19:38:43,520] {processor.py:161} INFO - Processing /Users/miltonvolpato/Git/Alura_Airflow_Oficial/venv/lib/python3.9/site-packages/airflow/example_dags/tutorial_etl_dag.py took 0.051 seconds
[2024-04-02 19:39:19,575] {processor.py:153} INFO - Started process (PID=11554) to work on /Users/miltonvolpato/Git/Alura_Airflow_Oficial/venv/lib/python3.9/site-packages/airflow/example_dags/tutorial_etl_dag.py
[2024-04-02 19:39:19,575] {processor.py:641} INFO - Processing file /Users/miltonvolpato/Git/Alura_Airflow_Oficial/venv/lib/python3.9/site-packages/airflow/example_dags/tutorial_etl_dag.py for tasks to queue
[2024-04-02 19:39:19,575] {logging_mixin.py:115} INFO - [2024-04-02 19:39:19,575] {dagbag.py:507} INFO - Filling up the DagBag from /Users/miltonvolpato/Git/Alura_Airflow_Oficial/venv/lib/python3.9/site-packages/airflow/example_dags/tutorial_etl_dag.py
[2024-04-02 19:39:19,587] {processor.py:651} INFO - DAG(s) dict_keys(['tutorial_etl_dag']) retrieved from /Users/miltonvolpato/Git/Alura_Airflow_Oficial/venv/lib/python3.9/site-packages/airflow/example_dags/tutorial_etl_dag.py
[2024-04-02 19:39:19,617] {logging_mixin.py:115} INFO - [2024-04-02 19:39:19,617] {dag.py:2379} INFO - Sync 1 DAGs
[2024-04-02 19:39:19,623] {logging_mixin.py:115} INFO - [2024-04-02 19:39:19,623] {dag.py:2927} INFO - Setting next_dagrun for tutorial_etl_dag to None, run_after=None
[2024-04-02 19:39:19,628] {processor.py:161} INFO - Processing /Users/miltonvolpato/Git/Alura_Airflow_Oficial/venv/lib/python3.9/site-packages/airflow/example_dags/tutorial_etl_dag.py took 0.054 seconds
[2024-04-02 19:40:06,228] {processor.py:153} INFO - Started process (PID=11592) to work on /Users/miltonvolpato/Git/Alura_Airflow_Oficial/venv/lib/python3.9/site-packages/airflow/example_dags/tutorial_etl_dag.py
[2024-04-02 19:40:06,228] {processor.py:641} INFO - Processing file /Users/miltonvolpato/Git/Alura_Airflow_Oficial/venv/lib/python3.9/site-packages/airflow/example_dags/tutorial_etl_dag.py for tasks to queue
[2024-04-02 19:40:06,228] {logging_mixin.py:115} INFO - [2024-04-02 19:40:06,228] {dagbag.py:507} INFO - Filling up the DagBag from /Users/miltonvolpato/Git/Alura_Airflow_Oficial/venv/lib/python3.9/site-packages/airflow/example_dags/tutorial_etl_dag.py
[2024-04-02 19:40:06,240] {processor.py:651} INFO - DAG(s) dict_keys(['tutorial_etl_dag']) retrieved from /Users/miltonvolpato/Git/Alura_Airflow_Oficial/venv/lib/python3.9/site-packages/airflow/example_dags/tutorial_etl_dag.py
[2024-04-02 19:40:06,269] {logging_mixin.py:115} INFO - [2024-04-02 19:40:06,269] {dag.py:2379} INFO - Sync 1 DAGs
[2024-04-02 19:40:06,276] {logging_mixin.py:115} INFO - [2024-04-02 19:40:06,276] {dag.py:2927} INFO - Setting next_dagrun for tutorial_etl_dag to None, run_after=None
[2024-04-02 19:40:06,282] {processor.py:161} INFO - Processing /Users/miltonvolpato/Git/Alura_Airflow_Oficial/venv/lib/python3.9/site-packages/airflow/example_dags/tutorial_etl_dag.py took 0.054 seconds
[2024-04-02 19:40:41,821] {processor.py:153} INFO - Started process (PID=11628) to work on /Users/miltonvolpato/Git/Alura_Airflow_Oficial/venv/lib/python3.9/site-packages/airflow/example_dags/tutorial_etl_dag.py
[2024-04-02 19:40:41,821] {processor.py:641} INFO - Processing file /Users/miltonvolpato/Git/Alura_Airflow_Oficial/venv/lib/python3.9/site-packages/airflow/example_dags/tutorial_etl_dag.py for tasks to queue
[2024-04-02 19:40:41,821] {logging_mixin.py:115} INFO - [2024-04-02 19:40:41,821] {dagbag.py:507} INFO - Filling up the DagBag from /Users/miltonvolpato/Git/Alura_Airflow_Oficial/venv/lib/python3.9/site-packages/airflow/example_dags/tutorial_etl_dag.py
[2024-04-02 19:40:41,833] {processor.py:651} INFO - DAG(s) dict_keys(['tutorial_etl_dag']) retrieved from /Users/miltonvolpato/Git/Alura_Airflow_Oficial/venv/lib/python3.9/site-packages/airflow/example_dags/tutorial_etl_dag.py
[2024-04-02 19:40:41,863] {logging_mixin.py:115} INFO - [2024-04-02 19:40:41,863] {dag.py:2379} INFO - Sync 1 DAGs
[2024-04-02 19:40:41,870] {logging_mixin.py:115} INFO - [2024-04-02 19:40:41,870] {dag.py:2927} INFO - Setting next_dagrun for tutorial_etl_dag to None, run_after=None
[2024-04-02 19:40:41,874] {processor.py:161} INFO - Processing /Users/miltonvolpato/Git/Alura_Airflow_Oficial/venv/lib/python3.9/site-packages/airflow/example_dags/tutorial_etl_dag.py took 0.054 seconds
[2024-04-02 19:41:17,971] {processor.py:153} INFO - Started process (PID=11660) to work on /Users/miltonvolpato/Git/Alura_Airflow_Oficial/venv/lib/python3.9/site-packages/airflow/example_dags/tutorial_etl_dag.py
[2024-04-02 19:41:17,971] {processor.py:641} INFO - Processing file /Users/miltonvolpato/Git/Alura_Airflow_Oficial/venv/lib/python3.9/site-packages/airflow/example_dags/tutorial_etl_dag.py for tasks to queue
[2024-04-02 19:41:17,971] {logging_mixin.py:115} INFO - [2024-04-02 19:41:17,971] {dagbag.py:507} INFO - Filling up the DagBag from /Users/miltonvolpato/Git/Alura_Airflow_Oficial/venv/lib/python3.9/site-packages/airflow/example_dags/tutorial_etl_dag.py
[2024-04-02 19:41:17,983] {processor.py:651} INFO - DAG(s) dict_keys(['tutorial_etl_dag']) retrieved from /Users/miltonvolpato/Git/Alura_Airflow_Oficial/venv/lib/python3.9/site-packages/airflow/example_dags/tutorial_etl_dag.py
[2024-04-02 19:41:18,011] {logging_mixin.py:115} INFO - [2024-04-02 19:41:18,011] {dag.py:2379} INFO - Sync 1 DAGs
[2024-04-02 19:41:18,017] {logging_mixin.py:115} INFO - [2024-04-02 19:41:18,017] {dag.py:2927} INFO - Setting next_dagrun for tutorial_etl_dag to None, run_after=None
[2024-04-02 19:41:18,022] {processor.py:161} INFO - Processing /Users/miltonvolpato/Git/Alura_Airflow_Oficial/venv/lib/python3.9/site-packages/airflow/example_dags/tutorial_etl_dag.py took 0.051 seconds
[2024-04-02 19:41:53,790] {processor.py:153} INFO - Started process (PID=11694) to work on /Users/miltonvolpato/Git/Alura_Airflow_Oficial/venv/lib/python3.9/site-packages/airflow/example_dags/tutorial_etl_dag.py
[2024-04-02 19:41:53,790] {processor.py:641} INFO - Processing file /Users/miltonvolpato/Git/Alura_Airflow_Oficial/venv/lib/python3.9/site-packages/airflow/example_dags/tutorial_etl_dag.py for tasks to queue
[2024-04-02 19:41:53,790] {logging_mixin.py:115} INFO - [2024-04-02 19:41:53,790] {dagbag.py:507} INFO - Filling up the DagBag from /Users/miltonvolpato/Git/Alura_Airflow_Oficial/venv/lib/python3.9/site-packages/airflow/example_dags/tutorial_etl_dag.py
[2024-04-02 19:41:53,801] {processor.py:651} INFO - DAG(s) dict_keys(['tutorial_etl_dag']) retrieved from /Users/miltonvolpato/Git/Alura_Airflow_Oficial/venv/lib/python3.9/site-packages/airflow/example_dags/tutorial_etl_dag.py
[2024-04-02 19:41:53,830] {logging_mixin.py:115} INFO - [2024-04-02 19:41:53,830] {dag.py:2379} INFO - Sync 1 DAGs
[2024-04-02 19:41:53,836] {logging_mixin.py:115} INFO - [2024-04-02 19:41:53,836] {dag.py:2927} INFO - Setting next_dagrun for tutorial_etl_dag to None, run_after=None
[2024-04-02 19:41:53,841] {processor.py:161} INFO - Processing /Users/miltonvolpato/Git/Alura_Airflow_Oficial/venv/lib/python3.9/site-packages/airflow/example_dags/tutorial_etl_dag.py took 0.051 seconds
[2024-04-02 19:42:29,701] {processor.py:153} INFO - Started process (PID=11728) to work on /Users/miltonvolpato/Git/Alura_Airflow_Oficial/venv/lib/python3.9/site-packages/airflow/example_dags/tutorial_etl_dag.py
[2024-04-02 19:42:29,702] {processor.py:641} INFO - Processing file /Users/miltonvolpato/Git/Alura_Airflow_Oficial/venv/lib/python3.9/site-packages/airflow/example_dags/tutorial_etl_dag.py for tasks to queue
[2024-04-02 19:42:29,702] {logging_mixin.py:115} INFO - [2024-04-02 19:42:29,702] {dagbag.py:507} INFO - Filling up the DagBag from /Users/miltonvolpato/Git/Alura_Airflow_Oficial/venv/lib/python3.9/site-packages/airflow/example_dags/tutorial_etl_dag.py
[2024-04-02 19:42:29,713] {processor.py:651} INFO - DAG(s) dict_keys(['tutorial_etl_dag']) retrieved from /Users/miltonvolpato/Git/Alura_Airflow_Oficial/venv/lib/python3.9/site-packages/airflow/example_dags/tutorial_etl_dag.py
[2024-04-02 19:42:29,742] {logging_mixin.py:115} INFO - [2024-04-02 19:42:29,742] {dag.py:2379} INFO - Sync 1 DAGs
[2024-04-02 19:42:29,748] {logging_mixin.py:115} INFO - [2024-04-02 19:42:29,748] {dag.py:2927} INFO - Setting next_dagrun for tutorial_etl_dag to None, run_after=None
[2024-04-02 19:42:29,753] {processor.py:161} INFO - Processing /Users/miltonvolpato/Git/Alura_Airflow_Oficial/venv/lib/python3.9/site-packages/airflow/example_dags/tutorial_etl_dag.py took 0.052 seconds
[2024-04-02 19:43:18,734] {processor.py:153} INFO - Started process (PID=11775) to work on /Users/miltonvolpato/Git/Alura_Airflow_Oficial/venv/lib/python3.9/site-packages/airflow/example_dags/tutorial_etl_dag.py
[2024-04-02 19:43:18,735] {processor.py:641} INFO - Processing file /Users/miltonvolpato/Git/Alura_Airflow_Oficial/venv/lib/python3.9/site-packages/airflow/example_dags/tutorial_etl_dag.py for tasks to queue
[2024-04-02 19:43:18,735] {logging_mixin.py:115} INFO - [2024-04-02 19:43:18,735] {dagbag.py:507} INFO - Filling up the DagBag from /Users/miltonvolpato/Git/Alura_Airflow_Oficial/venv/lib/python3.9/site-packages/airflow/example_dags/tutorial_etl_dag.py
[2024-04-02 19:43:18,747] {processor.py:651} INFO - DAG(s) dict_keys(['tutorial_etl_dag']) retrieved from /Users/miltonvolpato/Git/Alura_Airflow_Oficial/venv/lib/python3.9/site-packages/airflow/example_dags/tutorial_etl_dag.py
[2024-04-02 19:43:18,776] {logging_mixin.py:115} INFO - [2024-04-02 19:43:18,776] {dag.py:2379} INFO - Sync 1 DAGs
[2024-04-02 19:43:18,783] {logging_mixin.py:115} INFO - [2024-04-02 19:43:18,782] {dag.py:2927} INFO - Setting next_dagrun for tutorial_etl_dag to None, run_after=None
[2024-04-02 19:43:18,787] {processor.py:161} INFO - Processing /Users/miltonvolpato/Git/Alura_Airflow_Oficial/venv/lib/python3.9/site-packages/airflow/example_dags/tutorial_etl_dag.py took 0.054 seconds
[2024-04-02 19:43:55,692] {processor.py:153} INFO - Started process (PID=11818) to work on /Users/miltonvolpato/Git/Alura_Airflow_Oficial/venv/lib/python3.9/site-packages/airflow/example_dags/tutorial_etl_dag.py
[2024-04-02 19:43:55,693] {processor.py:641} INFO - Processing file /Users/miltonvolpato/Git/Alura_Airflow_Oficial/venv/lib/python3.9/site-packages/airflow/example_dags/tutorial_etl_dag.py for tasks to queue
[2024-04-02 19:43:55,693] {logging_mixin.py:115} INFO - [2024-04-02 19:43:55,693] {dagbag.py:507} INFO - Filling up the DagBag from /Users/miltonvolpato/Git/Alura_Airflow_Oficial/venv/lib/python3.9/site-packages/airflow/example_dags/tutorial_etl_dag.py
[2024-04-02 19:43:55,704] {processor.py:651} INFO - DAG(s) dict_keys(['tutorial_etl_dag']) retrieved from /Users/miltonvolpato/Git/Alura_Airflow_Oficial/venv/lib/python3.9/site-packages/airflow/example_dags/tutorial_etl_dag.py
[2024-04-02 19:43:55,733] {logging_mixin.py:115} INFO - [2024-04-02 19:43:55,733] {dag.py:2379} INFO - Sync 1 DAGs
[2024-04-02 19:43:55,739] {logging_mixin.py:115} INFO - [2024-04-02 19:43:55,739] {dag.py:2927} INFO - Setting next_dagrun for tutorial_etl_dag to None, run_after=None
[2024-04-02 19:43:55,744] {processor.py:161} INFO - Processing /Users/miltonvolpato/Git/Alura_Airflow_Oficial/venv/lib/python3.9/site-packages/airflow/example_dags/tutorial_etl_dag.py took 0.052 seconds
[2024-04-02 19:44:35,526] {processor.py:153} INFO - Started process (PID=11872) to work on /Users/miltonvolpato/Git/Alura_Airflow_Oficial/venv/lib/python3.9/site-packages/airflow/example_dags/tutorial_etl_dag.py
[2024-04-02 19:44:35,526] {processor.py:641} INFO - Processing file /Users/miltonvolpato/Git/Alura_Airflow_Oficial/venv/lib/python3.9/site-packages/airflow/example_dags/tutorial_etl_dag.py for tasks to queue
[2024-04-02 19:44:35,527] {logging_mixin.py:115} INFO - [2024-04-02 19:44:35,527] {dagbag.py:507} INFO - Filling up the DagBag from /Users/miltonvolpato/Git/Alura_Airflow_Oficial/venv/lib/python3.9/site-packages/airflow/example_dags/tutorial_etl_dag.py
[2024-04-02 19:44:35,539] {processor.py:651} INFO - DAG(s) dict_keys(['tutorial_etl_dag']) retrieved from /Users/miltonvolpato/Git/Alura_Airflow_Oficial/venv/lib/python3.9/site-packages/airflow/example_dags/tutorial_etl_dag.py
[2024-04-02 19:44:35,570] {logging_mixin.py:115} INFO - [2024-04-02 19:44:35,570] {dag.py:2379} INFO - Sync 1 DAGs
[2024-04-02 19:44:35,577] {logging_mixin.py:115} INFO - [2024-04-02 19:44:35,577] {dag.py:2927} INFO - Setting next_dagrun for tutorial_etl_dag to None, run_after=None
[2024-04-02 19:44:35,582] {processor.py:161} INFO - Processing /Users/miltonvolpato/Git/Alura_Airflow_Oficial/venv/lib/python3.9/site-packages/airflow/example_dags/tutorial_etl_dag.py took 0.057 seconds
[2024-04-02 19:45:08,852] {processor.py:153} INFO - Started process (PID=11905) to work on /Users/miltonvolpato/Git/Alura_Airflow_Oficial/venv/lib/python3.9/site-packages/airflow/example_dags/tutorial_etl_dag.py
[2024-04-02 19:45:08,852] {processor.py:641} INFO - Processing file /Users/miltonvolpato/Git/Alura_Airflow_Oficial/venv/lib/python3.9/site-packages/airflow/example_dags/tutorial_etl_dag.py for tasks to queue
[2024-04-02 19:45:08,852] {logging_mixin.py:115} INFO - [2024-04-02 19:45:08,852] {dagbag.py:507} INFO - Filling up the DagBag from /Users/miltonvolpato/Git/Alura_Airflow_Oficial/venv/lib/python3.9/site-packages/airflow/example_dags/tutorial_etl_dag.py
[2024-04-02 19:45:08,865] {processor.py:651} INFO - DAG(s) dict_keys(['tutorial_etl_dag']) retrieved from /Users/miltonvolpato/Git/Alura_Airflow_Oficial/venv/lib/python3.9/site-packages/airflow/example_dags/tutorial_etl_dag.py
[2024-04-02 19:45:08,895] {logging_mixin.py:115} INFO - [2024-04-02 19:45:08,895] {dag.py:2379} INFO - Sync 1 DAGs
[2024-04-02 19:45:08,902] {logging_mixin.py:115} INFO - [2024-04-02 19:45:08,902] {dag.py:2927} INFO - Setting next_dagrun for tutorial_etl_dag to None, run_after=None
[2024-04-02 19:45:08,907] {processor.py:161} INFO - Processing /Users/miltonvolpato/Git/Alura_Airflow_Oficial/venv/lib/python3.9/site-packages/airflow/example_dags/tutorial_etl_dag.py took 0.055 seconds
[2024-04-02 19:45:43,310] {processor.py:153} INFO - Started process (PID=11932) to work on /Users/miltonvolpato/Git/Alura_Airflow_Oficial/venv/lib/python3.9/site-packages/airflow/example_dags/tutorial_etl_dag.py
[2024-04-02 19:45:43,310] {processor.py:641} INFO - Processing file /Users/miltonvolpato/Git/Alura_Airflow_Oficial/venv/lib/python3.9/site-packages/airflow/example_dags/tutorial_etl_dag.py for tasks to queue
[2024-04-02 19:45:43,310] {logging_mixin.py:115} INFO - [2024-04-02 19:45:43,310] {dagbag.py:507} INFO - Filling up the DagBag from /Users/miltonvolpato/Git/Alura_Airflow_Oficial/venv/lib/python3.9/site-packages/airflow/example_dags/tutorial_etl_dag.py
[2024-04-02 19:45:43,321] {processor.py:651} INFO - DAG(s) dict_keys(['tutorial_etl_dag']) retrieved from /Users/miltonvolpato/Git/Alura_Airflow_Oficial/venv/lib/python3.9/site-packages/airflow/example_dags/tutorial_etl_dag.py
[2024-04-02 19:45:43,351] {logging_mixin.py:115} INFO - [2024-04-02 19:45:43,350] {dag.py:2379} INFO - Sync 1 DAGs
[2024-04-02 19:45:43,357] {logging_mixin.py:115} INFO - [2024-04-02 19:45:43,357] {dag.py:2927} INFO - Setting next_dagrun for tutorial_etl_dag to None, run_after=None
[2024-04-02 19:45:43,362] {processor.py:161} INFO - Processing /Users/miltonvolpato/Git/Alura_Airflow_Oficial/venv/lib/python3.9/site-packages/airflow/example_dags/tutorial_etl_dag.py took 0.053 seconds
[2024-04-02 19:46:33,157] {processor.py:153} INFO - Started process (PID=11996) to work on /Users/miltonvolpato/Git/Alura_Airflow_Oficial/venv/lib/python3.9/site-packages/airflow/example_dags/tutorial_etl_dag.py
[2024-04-02 19:46:33,158] {processor.py:641} INFO - Processing file /Users/miltonvolpato/Git/Alura_Airflow_Oficial/venv/lib/python3.9/site-packages/airflow/example_dags/tutorial_etl_dag.py for tasks to queue
[2024-04-02 19:46:33,158] {logging_mixin.py:115} INFO - [2024-04-02 19:46:33,158] {dagbag.py:507} INFO - Filling up the DagBag from /Users/miltonvolpato/Git/Alura_Airflow_Oficial/venv/lib/python3.9/site-packages/airflow/example_dags/tutorial_etl_dag.py
[2024-04-02 19:46:33,170] {processor.py:651} INFO - DAG(s) dict_keys(['tutorial_etl_dag']) retrieved from /Users/miltonvolpato/Git/Alura_Airflow_Oficial/venv/lib/python3.9/site-packages/airflow/example_dags/tutorial_etl_dag.py
[2024-04-02 19:46:33,199] {logging_mixin.py:115} INFO - [2024-04-02 19:46:33,199] {dag.py:2379} INFO - Sync 1 DAGs
[2024-04-02 19:46:33,206] {logging_mixin.py:115} INFO - [2024-04-02 19:46:33,206] {dag.py:2927} INFO - Setting next_dagrun for tutorial_etl_dag to None, run_after=None
[2024-04-02 19:46:33,211] {processor.py:161} INFO - Processing /Users/miltonvolpato/Git/Alura_Airflow_Oficial/venv/lib/python3.9/site-packages/airflow/example_dags/tutorial_etl_dag.py took 0.054 seconds
[2024-04-02 19:47:11,004] {processor.py:153} INFO - Started process (PID=12054) to work on /Users/miltonvolpato/Git/Alura_Airflow_Oficial/venv/lib/python3.9/site-packages/airflow/example_dags/tutorial_etl_dag.py
[2024-04-02 19:47:11,004] {processor.py:641} INFO - Processing file /Users/miltonvolpato/Git/Alura_Airflow_Oficial/venv/lib/python3.9/site-packages/airflow/example_dags/tutorial_etl_dag.py for tasks to queue
[2024-04-02 19:47:11,004] {logging_mixin.py:115} INFO - [2024-04-02 19:47:11,004] {dagbag.py:507} INFO - Filling up the DagBag from /Users/miltonvolpato/Git/Alura_Airflow_Oficial/venv/lib/python3.9/site-packages/airflow/example_dags/tutorial_etl_dag.py
[2024-04-02 19:47:11,015] {processor.py:651} INFO - DAG(s) dict_keys(['tutorial_etl_dag']) retrieved from /Users/miltonvolpato/Git/Alura_Airflow_Oficial/venv/lib/python3.9/site-packages/airflow/example_dags/tutorial_etl_dag.py
[2024-04-02 19:47:11,044] {logging_mixin.py:115} INFO - [2024-04-02 19:47:11,044] {dag.py:2379} INFO - Sync 1 DAGs
[2024-04-02 19:47:11,050] {logging_mixin.py:115} INFO - [2024-04-02 19:47:11,050] {dag.py:2927} INFO - Setting next_dagrun for tutorial_etl_dag to None, run_after=None
[2024-04-02 19:47:11,055] {processor.py:161} INFO - Processing /Users/miltonvolpato/Git/Alura_Airflow_Oficial/venv/lib/python3.9/site-packages/airflow/example_dags/tutorial_etl_dag.py took 0.052 seconds
[2024-04-02 19:47:46,162] {processor.py:153} INFO - Started process (PID=12110) to work on /Users/miltonvolpato/Git/Alura_Airflow_Oficial/venv/lib/python3.9/site-packages/airflow/example_dags/tutorial_etl_dag.py
[2024-04-02 19:47:46,162] {processor.py:641} INFO - Processing file /Users/miltonvolpato/Git/Alura_Airflow_Oficial/venv/lib/python3.9/site-packages/airflow/example_dags/tutorial_etl_dag.py for tasks to queue
[2024-04-02 19:47:46,163] {logging_mixin.py:115} INFO - [2024-04-02 19:47:46,163] {dagbag.py:507} INFO - Filling up the DagBag from /Users/miltonvolpato/Git/Alura_Airflow_Oficial/venv/lib/python3.9/site-packages/airflow/example_dags/tutorial_etl_dag.py
[2024-04-02 19:47:46,174] {processor.py:651} INFO - DAG(s) dict_keys(['tutorial_etl_dag']) retrieved from /Users/miltonvolpato/Git/Alura_Airflow_Oficial/venv/lib/python3.9/site-packages/airflow/example_dags/tutorial_etl_dag.py
[2024-04-02 19:47:46,203] {logging_mixin.py:115} INFO - [2024-04-02 19:47:46,203] {dag.py:2379} INFO - Sync 1 DAGs
[2024-04-02 19:47:46,210] {logging_mixin.py:115} INFO - [2024-04-02 19:47:46,210] {dag.py:2927} INFO - Setting next_dagrun for tutorial_etl_dag to None, run_after=None
[2024-04-02 19:47:46,215] {processor.py:161} INFO - Processing /Users/miltonvolpato/Git/Alura_Airflow_Oficial/venv/lib/python3.9/site-packages/airflow/example_dags/tutorial_etl_dag.py took 0.053 seconds
[2024-04-02 19:48:31,043] {processor.py:153} INFO - Started process (PID=12152) to work on /Users/miltonvolpato/Git/Alura_Airflow_Oficial/venv/lib/python3.9/site-packages/airflow/example_dags/tutorial_etl_dag.py
[2024-04-02 19:48:31,043] {processor.py:641} INFO - Processing file /Users/miltonvolpato/Git/Alura_Airflow_Oficial/venv/lib/python3.9/site-packages/airflow/example_dags/tutorial_etl_dag.py for tasks to queue
[2024-04-02 19:48:31,043] {logging_mixin.py:115} INFO - [2024-04-02 19:48:31,043] {dagbag.py:507} INFO - Filling up the DagBag from /Users/miltonvolpato/Git/Alura_Airflow_Oficial/venv/lib/python3.9/site-packages/airflow/example_dags/tutorial_etl_dag.py
[2024-04-02 19:48:31,054] {processor.py:651} INFO - DAG(s) dict_keys(['tutorial_etl_dag']) retrieved from /Users/miltonvolpato/Git/Alura_Airflow_Oficial/venv/lib/python3.9/site-packages/airflow/example_dags/tutorial_etl_dag.py
[2024-04-02 19:48:31,084] {logging_mixin.py:115} INFO - [2024-04-02 19:48:31,084] {dag.py:2379} INFO - Sync 1 DAGs
[2024-04-02 19:48:31,091] {logging_mixin.py:115} INFO - [2024-04-02 19:48:31,090] {dag.py:2927} INFO - Setting next_dagrun for tutorial_etl_dag to None, run_after=None
[2024-04-02 19:48:31,095] {processor.py:161} INFO - Processing /Users/miltonvolpato/Git/Alura_Airflow_Oficial/venv/lib/python3.9/site-packages/airflow/example_dags/tutorial_etl_dag.py took 0.053 seconds
[2024-04-02 19:49:20,042] {processor.py:153} INFO - Started process (PID=12218) to work on /Users/miltonvolpato/Git/Alura_Airflow_Oficial/venv/lib/python3.9/site-packages/airflow/example_dags/tutorial_etl_dag.py
[2024-04-02 19:49:20,043] {processor.py:641} INFO - Processing file /Users/miltonvolpato/Git/Alura_Airflow_Oficial/venv/lib/python3.9/site-packages/airflow/example_dags/tutorial_etl_dag.py for tasks to queue
[2024-04-02 19:49:20,043] {logging_mixin.py:115} INFO - [2024-04-02 19:49:20,043] {dagbag.py:507} INFO - Filling up the DagBag from /Users/miltonvolpato/Git/Alura_Airflow_Oficial/venv/lib/python3.9/site-packages/airflow/example_dags/tutorial_etl_dag.py
[2024-04-02 19:49:20,055] {processor.py:651} INFO - DAG(s) dict_keys(['tutorial_etl_dag']) retrieved from /Users/miltonvolpato/Git/Alura_Airflow_Oficial/venv/lib/python3.9/site-packages/airflow/example_dags/tutorial_etl_dag.py
[2024-04-02 19:49:20,085] {logging_mixin.py:115} INFO - [2024-04-02 19:49:20,085] {dag.py:2379} INFO - Sync 1 DAGs
[2024-04-02 19:49:20,091] {logging_mixin.py:115} INFO - [2024-04-02 19:49:20,091] {dag.py:2927} INFO - Setting next_dagrun for tutorial_etl_dag to None, run_after=None
[2024-04-02 19:49:20,096] {processor.py:161} INFO - Processing /Users/miltonvolpato/Git/Alura_Airflow_Oficial/venv/lib/python3.9/site-packages/airflow/example_dags/tutorial_etl_dag.py took 0.054 seconds
[2024-04-02 19:49:55,913] {processor.py:153} INFO - Started process (PID=12248) to work on /Users/miltonvolpato/Git/Alura_Airflow_Oficial/venv/lib/python3.9/site-packages/airflow/example_dags/tutorial_etl_dag.py
[2024-04-02 19:49:55,914] {processor.py:641} INFO - Processing file /Users/miltonvolpato/Git/Alura_Airflow_Oficial/venv/lib/python3.9/site-packages/airflow/example_dags/tutorial_etl_dag.py for tasks to queue
[2024-04-02 19:49:55,914] {logging_mixin.py:115} INFO - [2024-04-02 19:49:55,914] {dagbag.py:507} INFO - Filling up the DagBag from /Users/miltonvolpato/Git/Alura_Airflow_Oficial/venv/lib/python3.9/site-packages/airflow/example_dags/tutorial_etl_dag.py
[2024-04-02 19:49:55,925] {processor.py:651} INFO - DAG(s) dict_keys(['tutorial_etl_dag']) retrieved from /Users/miltonvolpato/Git/Alura_Airflow_Oficial/venv/lib/python3.9/site-packages/airflow/example_dags/tutorial_etl_dag.py
[2024-04-02 19:49:55,954] {logging_mixin.py:115} INFO - [2024-04-02 19:49:55,954] {dag.py:2379} INFO - Sync 1 DAGs
[2024-04-02 19:49:55,961] {logging_mixin.py:115} INFO - [2024-04-02 19:49:55,961] {dag.py:2927} INFO - Setting next_dagrun for tutorial_etl_dag to None, run_after=None
[2024-04-02 19:49:55,965] {processor.py:161} INFO - Processing /Users/miltonvolpato/Git/Alura_Airflow_Oficial/venv/lib/python3.9/site-packages/airflow/example_dags/tutorial_etl_dag.py took 0.053 seconds
[2024-04-02 19:50:30,471] {processor.py:153} INFO - Started process (PID=12279) to work on /Users/miltonvolpato/Git/Alura_Airflow_Oficial/venv/lib/python3.9/site-packages/airflow/example_dags/tutorial_etl_dag.py
[2024-04-02 19:50:30,472] {processor.py:641} INFO - Processing file /Users/miltonvolpato/Git/Alura_Airflow_Oficial/venv/lib/python3.9/site-packages/airflow/example_dags/tutorial_etl_dag.py for tasks to queue
[2024-04-02 19:50:30,472] {logging_mixin.py:115} INFO - [2024-04-02 19:50:30,472] {dagbag.py:507} INFO - Filling up the DagBag from /Users/miltonvolpato/Git/Alura_Airflow_Oficial/venv/lib/python3.9/site-packages/airflow/example_dags/tutorial_etl_dag.py
[2024-04-02 19:50:30,484] {processor.py:651} INFO - DAG(s) dict_keys(['tutorial_etl_dag']) retrieved from /Users/miltonvolpato/Git/Alura_Airflow_Oficial/venv/lib/python3.9/site-packages/airflow/example_dags/tutorial_etl_dag.py
[2024-04-02 19:50:30,513] {logging_mixin.py:115} INFO - [2024-04-02 19:50:30,513] {dag.py:2379} INFO - Sync 1 DAGs
[2024-04-02 19:50:30,519] {logging_mixin.py:115} INFO - [2024-04-02 19:50:30,519] {dag.py:2927} INFO - Setting next_dagrun for tutorial_etl_dag to None, run_after=None
[2024-04-02 19:50:30,524] {processor.py:161} INFO - Processing /Users/miltonvolpato/Git/Alura_Airflow_Oficial/venv/lib/python3.9/site-packages/airflow/example_dags/tutorial_etl_dag.py took 0.053 seconds
[2024-04-02 19:51:06,449] {processor.py:153} INFO - Started process (PID=12310) to work on /Users/miltonvolpato/Git/Alura_Airflow_Oficial/venv/lib/python3.9/site-packages/airflow/example_dags/tutorial_etl_dag.py
[2024-04-02 19:51:06,450] {processor.py:641} INFO - Processing file /Users/miltonvolpato/Git/Alura_Airflow_Oficial/venv/lib/python3.9/site-packages/airflow/example_dags/tutorial_etl_dag.py for tasks to queue
[2024-04-02 19:51:06,450] {logging_mixin.py:115} INFO - [2024-04-02 19:51:06,450] {dagbag.py:507} INFO - Filling up the DagBag from /Users/miltonvolpato/Git/Alura_Airflow_Oficial/venv/lib/python3.9/site-packages/airflow/example_dags/tutorial_etl_dag.py
[2024-04-02 19:51:06,461] {processor.py:651} INFO - DAG(s) dict_keys(['tutorial_etl_dag']) retrieved from /Users/miltonvolpato/Git/Alura_Airflow_Oficial/venv/lib/python3.9/site-packages/airflow/example_dags/tutorial_etl_dag.py
[2024-04-02 19:51:06,490] {logging_mixin.py:115} INFO - [2024-04-02 19:51:06,490] {dag.py:2379} INFO - Sync 1 DAGs
[2024-04-02 19:51:06,496] {logging_mixin.py:115} INFO - [2024-04-02 19:51:06,496] {dag.py:2927} INFO - Setting next_dagrun for tutorial_etl_dag to None, run_after=None
[2024-04-02 19:51:06,501] {processor.py:161} INFO - Processing /Users/miltonvolpato/Git/Alura_Airflow_Oficial/venv/lib/python3.9/site-packages/airflow/example_dags/tutorial_etl_dag.py took 0.053 seconds
[2024-04-02 19:51:43,159] {processor.py:153} INFO - Started process (PID=12341) to work on /Users/miltonvolpato/Git/Alura_Airflow_Oficial/venv/lib/python3.9/site-packages/airflow/example_dags/tutorial_etl_dag.py
[2024-04-02 19:51:43,160] {processor.py:641} INFO - Processing file /Users/miltonvolpato/Git/Alura_Airflow_Oficial/venv/lib/python3.9/site-packages/airflow/example_dags/tutorial_etl_dag.py for tasks to queue
[2024-04-02 19:51:43,160] {logging_mixin.py:115} INFO - [2024-04-02 19:51:43,160] {dagbag.py:507} INFO - Filling up the DagBag from /Users/miltonvolpato/Git/Alura_Airflow_Oficial/venv/lib/python3.9/site-packages/airflow/example_dags/tutorial_etl_dag.py
[2024-04-02 19:51:43,172] {processor.py:651} INFO - DAG(s) dict_keys(['tutorial_etl_dag']) retrieved from /Users/miltonvolpato/Git/Alura_Airflow_Oficial/venv/lib/python3.9/site-packages/airflow/example_dags/tutorial_etl_dag.py
[2024-04-02 19:51:43,202] {logging_mixin.py:115} INFO - [2024-04-02 19:51:43,202] {dag.py:2379} INFO - Sync 1 DAGs
[2024-04-02 19:51:43,209] {logging_mixin.py:115} INFO - [2024-04-02 19:51:43,209] {dag.py:2927} INFO - Setting next_dagrun for tutorial_etl_dag to None, run_after=None
[2024-04-02 19:51:43,214] {processor.py:161} INFO - Processing /Users/miltonvolpato/Git/Alura_Airflow_Oficial/venv/lib/python3.9/site-packages/airflow/example_dags/tutorial_etl_dag.py took 0.055 seconds
[2024-04-02 19:52:18,691] {processor.py:153} INFO - Started process (PID=12386) to work on /Users/miltonvolpato/Git/Alura_Airflow_Oficial/venv/lib/python3.9/site-packages/airflow/example_dags/tutorial_etl_dag.py
[2024-04-02 19:52:18,692] {processor.py:641} INFO - Processing file /Users/miltonvolpato/Git/Alura_Airflow_Oficial/venv/lib/python3.9/site-packages/airflow/example_dags/tutorial_etl_dag.py for tasks to queue
[2024-04-02 19:52:18,693] {logging_mixin.py:115} INFO - [2024-04-02 19:52:18,693] {dagbag.py:507} INFO - Filling up the DagBag from /Users/miltonvolpato/Git/Alura_Airflow_Oficial/venv/lib/python3.9/site-packages/airflow/example_dags/tutorial_etl_dag.py
[2024-04-02 19:52:18,704] {processor.py:651} INFO - DAG(s) dict_keys(['tutorial_etl_dag']) retrieved from /Users/miltonvolpato/Git/Alura_Airflow_Oficial/venv/lib/python3.9/site-packages/airflow/example_dags/tutorial_etl_dag.py
[2024-04-02 19:52:18,733] {logging_mixin.py:115} INFO - [2024-04-02 19:52:18,733] {dag.py:2379} INFO - Sync 1 DAGs
[2024-04-02 19:52:18,740] {logging_mixin.py:115} INFO - [2024-04-02 19:52:18,740] {dag.py:2927} INFO - Setting next_dagrun for tutorial_etl_dag to None, run_after=None
[2024-04-02 19:52:18,744] {processor.py:161} INFO - Processing /Users/miltonvolpato/Git/Alura_Airflow_Oficial/venv/lib/python3.9/site-packages/airflow/example_dags/tutorial_etl_dag.py took 0.053 seconds
[2024-04-02 19:52:56,189] {processor.py:153} INFO - Started process (PID=12416) to work on /Users/miltonvolpato/Git/Alura_Airflow_Oficial/venv/lib/python3.9/site-packages/airflow/example_dags/tutorial_etl_dag.py
[2024-04-02 19:52:56,189] {processor.py:641} INFO - Processing file /Users/miltonvolpato/Git/Alura_Airflow_Oficial/venv/lib/python3.9/site-packages/airflow/example_dags/tutorial_etl_dag.py for tasks to queue
[2024-04-02 19:52:56,189] {logging_mixin.py:115} INFO - [2024-04-02 19:52:56,189] {dagbag.py:507} INFO - Filling up the DagBag from /Users/miltonvolpato/Git/Alura_Airflow_Oficial/venv/lib/python3.9/site-packages/airflow/example_dags/tutorial_etl_dag.py
[2024-04-02 19:52:56,201] {processor.py:651} INFO - DAG(s) dict_keys(['tutorial_etl_dag']) retrieved from /Users/miltonvolpato/Git/Alura_Airflow_Oficial/venv/lib/python3.9/site-packages/airflow/example_dags/tutorial_etl_dag.py
[2024-04-02 19:52:56,233] {logging_mixin.py:115} INFO - [2024-04-02 19:52:56,233] {dag.py:2379} INFO - Sync 1 DAGs
[2024-04-02 19:52:56,239] {logging_mixin.py:115} INFO - [2024-04-02 19:52:56,239] {dag.py:2927} INFO - Setting next_dagrun for tutorial_etl_dag to None, run_after=None
[2024-04-02 19:52:56,244] {processor.py:161} INFO - Processing /Users/miltonvolpato/Git/Alura_Airflow_Oficial/venv/lib/python3.9/site-packages/airflow/example_dags/tutorial_etl_dag.py took 0.056 seconds
[2024-04-02 19:53:34,941] {processor.py:153} INFO - Started process (PID=12474) to work on /Users/miltonvolpato/Git/Alura_Airflow_Oficial/venv/lib/python3.9/site-packages/airflow/example_dags/tutorial_etl_dag.py
[2024-04-02 19:53:34,942] {processor.py:641} INFO - Processing file /Users/miltonvolpato/Git/Alura_Airflow_Oficial/venv/lib/python3.9/site-packages/airflow/example_dags/tutorial_etl_dag.py for tasks to queue
[2024-04-02 19:53:34,942] {logging_mixin.py:115} INFO - [2024-04-02 19:53:34,942] {dagbag.py:507} INFO - Filling up the DagBag from /Users/miltonvolpato/Git/Alura_Airflow_Oficial/venv/lib/python3.9/site-packages/airflow/example_dags/tutorial_etl_dag.py
[2024-04-02 19:53:34,955] {processor.py:651} INFO - DAG(s) dict_keys(['tutorial_etl_dag']) retrieved from /Users/miltonvolpato/Git/Alura_Airflow_Oficial/venv/lib/python3.9/site-packages/airflow/example_dags/tutorial_etl_dag.py
[2024-04-02 19:53:34,984] {logging_mixin.py:115} INFO - [2024-04-02 19:53:34,984] {dag.py:2379} INFO - Sync 1 DAGs
[2024-04-02 19:53:34,991] {logging_mixin.py:115} INFO - [2024-04-02 19:53:34,991] {dag.py:2927} INFO - Setting next_dagrun for tutorial_etl_dag to None, run_after=None
[2024-04-02 19:53:34,996] {processor.py:161} INFO - Processing /Users/miltonvolpato/Git/Alura_Airflow_Oficial/venv/lib/python3.9/site-packages/airflow/example_dags/tutorial_etl_dag.py took 0.055 seconds
[2024-04-02 19:54:11,820] {processor.py:153} INFO - Started process (PID=12543) to work on /Users/miltonvolpato/Git/Alura_Airflow_Oficial/venv/lib/python3.9/site-packages/airflow/example_dags/tutorial_etl_dag.py
[2024-04-02 19:54:11,821] {processor.py:641} INFO - Processing file /Users/miltonvolpato/Git/Alura_Airflow_Oficial/venv/lib/python3.9/site-packages/airflow/example_dags/tutorial_etl_dag.py for tasks to queue
[2024-04-02 19:54:11,821] {logging_mixin.py:115} INFO - [2024-04-02 19:54:11,821] {dagbag.py:507} INFO - Filling up the DagBag from /Users/miltonvolpato/Git/Alura_Airflow_Oficial/venv/lib/python3.9/site-packages/airflow/example_dags/tutorial_etl_dag.py
[2024-04-02 19:54:11,833] {processor.py:651} INFO - DAG(s) dict_keys(['tutorial_etl_dag']) retrieved from /Users/miltonvolpato/Git/Alura_Airflow_Oficial/venv/lib/python3.9/site-packages/airflow/example_dags/tutorial_etl_dag.py
[2024-04-02 19:54:11,863] {logging_mixin.py:115} INFO - [2024-04-02 19:54:11,863] {dag.py:2379} INFO - Sync 1 DAGs
[2024-04-02 19:54:11,869] {logging_mixin.py:115} INFO - [2024-04-02 19:54:11,869] {dag.py:2927} INFO - Setting next_dagrun for tutorial_etl_dag to None, run_after=None
[2024-04-02 19:54:11,874] {processor.py:161} INFO - Processing /Users/miltonvolpato/Git/Alura_Airflow_Oficial/venv/lib/python3.9/site-packages/airflow/example_dags/tutorial_etl_dag.py took 0.054 seconds
[2024-04-02 19:54:48,321] {processor.py:153} INFO - Started process (PID=12614) to work on /Users/miltonvolpato/Git/Alura_Airflow_Oficial/venv/lib/python3.9/site-packages/airflow/example_dags/tutorial_etl_dag.py
[2024-04-02 19:54:48,322] {processor.py:641} INFO - Processing file /Users/miltonvolpato/Git/Alura_Airflow_Oficial/venv/lib/python3.9/site-packages/airflow/example_dags/tutorial_etl_dag.py for tasks to queue
[2024-04-02 19:54:48,322] {logging_mixin.py:115} INFO - [2024-04-02 19:54:48,322] {dagbag.py:507} INFO - Filling up the DagBag from /Users/miltonvolpato/Git/Alura_Airflow_Oficial/venv/lib/python3.9/site-packages/airflow/example_dags/tutorial_etl_dag.py
[2024-04-02 19:54:48,334] {processor.py:651} INFO - DAG(s) dict_keys(['tutorial_etl_dag']) retrieved from /Users/miltonvolpato/Git/Alura_Airflow_Oficial/venv/lib/python3.9/site-packages/airflow/example_dags/tutorial_etl_dag.py
[2024-04-02 19:54:48,363] {logging_mixin.py:115} INFO - [2024-04-02 19:54:48,363] {dag.py:2379} INFO - Sync 1 DAGs
[2024-04-02 19:54:48,369] {logging_mixin.py:115} INFO - [2024-04-02 19:54:48,369] {dag.py:2927} INFO - Setting next_dagrun for tutorial_etl_dag to None, run_after=None
[2024-04-02 19:54:48,374] {processor.py:161} INFO - Processing /Users/miltonvolpato/Git/Alura_Airflow_Oficial/venv/lib/python3.9/site-packages/airflow/example_dags/tutorial_etl_dag.py took 0.053 seconds
[2024-04-02 19:55:26,840] {processor.py:153} INFO - Started process (PID=12653) to work on /Users/miltonvolpato/Git/Alura_Airflow_Oficial/venv/lib/python3.9/site-packages/airflow/example_dags/tutorial_etl_dag.py
[2024-04-02 19:55:26,840] {processor.py:641} INFO - Processing file /Users/miltonvolpato/Git/Alura_Airflow_Oficial/venv/lib/python3.9/site-packages/airflow/example_dags/tutorial_etl_dag.py for tasks to queue
[2024-04-02 19:55:26,840] {logging_mixin.py:115} INFO - [2024-04-02 19:55:26,840] {dagbag.py:507} INFO - Filling up the DagBag from /Users/miltonvolpato/Git/Alura_Airflow_Oficial/venv/lib/python3.9/site-packages/airflow/example_dags/tutorial_etl_dag.py
[2024-04-02 19:55:26,851] {processor.py:651} INFO - DAG(s) dict_keys(['tutorial_etl_dag']) retrieved from /Users/miltonvolpato/Git/Alura_Airflow_Oficial/venv/lib/python3.9/site-packages/airflow/example_dags/tutorial_etl_dag.py
[2024-04-02 19:55:26,881] {logging_mixin.py:115} INFO - [2024-04-02 19:55:26,881] {dag.py:2379} INFO - Sync 1 DAGs
[2024-04-02 19:55:26,887] {logging_mixin.py:115} INFO - [2024-04-02 19:55:26,887] {dag.py:2927} INFO - Setting next_dagrun for tutorial_etl_dag to None, run_after=None
[2024-04-02 19:55:26,892] {processor.py:161} INFO - Processing /Users/miltonvolpato/Git/Alura_Airflow_Oficial/venv/lib/python3.9/site-packages/airflow/example_dags/tutorial_etl_dag.py took 0.053 seconds
