[2024-04-02 19:43:47,445] {taskinstance.py:1159} INFO - Dependencies all met for <TaskInstance: TwitterDAG.twitter_datascience scheduled__2024-03-31T00:00:00+00:00 [queued]>
[2024-04-02 19:43:47,448] {taskinstance.py:1159} INFO - Dependencies all met for <TaskInstance: TwitterDAG.twitter_datascience scheduled__2024-03-31T00:00:00+00:00 [queued]>
[2024-04-02 19:43:47,448] {taskinstance.py:1356} INFO - 
--------------------------------------------------------------------------------
[2024-04-02 19:43:47,448] {taskinstance.py:1357} INFO - Starting attempt 1 of 1
[2024-04-02 19:43:47,448] {taskinstance.py:1358} INFO - 
--------------------------------------------------------------------------------
[2024-04-02 19:43:47,452] {taskinstance.py:1377} INFO - Executing <Task(TwitterOperator): twitter_datascience> on 2024-03-31 00:00:00+00:00
[2024-04-02 19:43:47,460] {standard_task_runner.py:52} INFO - Started process 11805 to run task
[2024-04-02 19:43:47,464] {standard_task_runner.py:79} INFO - Running: ['airflow', 'tasks', 'run', 'TwitterDAG', 'twitter_datascience', 'scheduled__2024-03-31T00:00:00+00:00', '--job-id', '3', '--raw', '--subdir', 'DAGS_FOLDER/twitter_dag.py', '--cfg-path', '/var/folders/y3/32d8rgld21v4fxcmcbhbj4xm0000gn/T/tmpu9o0j9um', '--error-file', '/var/folders/y3/32d8rgld21v4fxcmcbhbj4xm0000gn/T/tmp69lnpf4g']
[2024-04-02 19:43:47,465] {standard_task_runner.py:80} INFO - Job 3: Subtask twitter_datascience
[2024-04-02 19:43:47,484] {task_command.py:370} INFO - Running <TaskInstance: TwitterDAG.twitter_datascience scheduled__2024-03-31T00:00:00+00:00 [running]> on host 1.0.0.0.0.0.0.0.0.0.0.0.0.0.0.0.0.0.0.0.0.0.0.0.0.0.0.0.0.0.0.0.ip6.arpa
[2024-04-02 19:43:47,507] {taskinstance.py:1569} INFO - Exporting the following env vars:
AIRFLOW_CTX_DAG_OWNER=airflow
AIRFLOW_CTX_DAG_ID=TwitterDAG
AIRFLOW_CTX_TASK_ID=twitter_datascience
AIRFLOW_CTX_EXECUTION_DATE=2024-03-31T00:00:00+00:00
AIRFLOW_CTX_TRY_NUMBER=1
AIRFLOW_CTX_DAG_RUN_ID=scheduled__2024-03-31T00:00:00+00:00
[2024-04-02 19:43:47,509] {base.py:68} INFO - Using connection ID 'twitter_default' for task execution.
[2024-04-02 19:43:47,510] {twitter_hook.py:34} INFO - URL: https://labdados.com//2/tweets/search/recent?query=datascience&tweet.fields=author_id,conversation_id,created_at,id,in_reply_to_user_id,public_metrics,lang,text&expansions=author_id&user.fields=id,name,username,created_at&start_time=2024-03-31T00:00:00.00Z&end_time=2024-04-01T00:00:00.00Z
[2024-04-02 19:43:47,995] {twitter_hook.py:34} INFO - URL: https://labdados.com//2/tweets/search/recent?query=datascience&tweet.fields=author_id,conversation_id,created_at,id,in_reply_to_user_id,public_metrics,lang,text&expansions=author_id&user.fields=id,name,username,created_at&start_time=2024-03-31T00:00:00.00Z&end_time=2024-04-01T00:00:00.00Z&next_token=1234567890abcdef
[2024-04-02 19:43:48,148] {twitter_hook.py:34} INFO - URL: https://labdados.com//2/tweets/search/recent?query=datascience&tweet.fields=author_id,conversation_id,created_at,id,in_reply_to_user_id,public_metrics,lang,text&expansions=author_id&user.fields=id,name,username,created_at&start_time=2024-03-31T00:00:00.00Z&end_time=2024-04-01T00:00:00.00Z&next_token=1234567890abcdef
[2024-04-02 19:43:48,298] {twitter_hook.py:34} INFO - URL: https://labdados.com//2/tweets/search/recent?query=datascience&tweet.fields=author_id,conversation_id,created_at,id,in_reply_to_user_id,public_metrics,lang,text&expansions=author_id&user.fields=id,name,username,created_at&start_time=2024-03-31T00:00:00.00Z&end_time=2024-04-01T00:00:00.00Z&next_token=1234567890abcdef
[2024-04-02 19:43:48,456] {twitter_hook.py:34} INFO - URL: https://labdados.com//2/tweets/search/recent?query=datascience&tweet.fields=author_id,conversation_id,created_at,id,in_reply_to_user_id,public_metrics,lang,text&expansions=author_id&user.fields=id,name,username,created_at&start_time=2024-03-31T00:00:00.00Z&end_time=2024-04-01T00:00:00.00Z&next_token=1234567890abcdef
[2024-04-02 19:43:48,631] {taskinstance.py:1395} INFO - Marking task as SUCCESS. dag_id=TwitterDAG, task_id=twitter_datascience, execution_date=20240331T000000, start_date=20240402T224347, end_date=20240402T224348
[2024-04-02 19:43:48,685] {local_task_job.py:156} INFO - Task exited with return code 0
[2024-04-02 19:43:48,712] {local_task_job.py:273} INFO - 0 downstream tasks scheduled from follow-on schedule check
